ok 1 - SelfTest - Verify 89 Hashes
ok 2 - Found Hash # BadHash
###################################################################
### Testing BadHash - no seed_state
### - very simple XOR shift -
### seedbits: 32 statebits: 32 hashbits: 32
###################################################################
### Sanity Tests ###
ok 3 - Verification code # BadHash
# Sanity check simple key bit flips and consistency..........
ok 4 - SanityTest # BadHash
# Sanity check null suffixes change the hash (simple)..........
ok 5 - Appended Zeroes Test # BadHash
ok 6 - Sanity Test # BadHash
### Speed Tests ###
## Bulk speed test - 262144-byte keys
# Alignment  7 -  0.276 bytes/cycle -  789.69 MiB/sec @ 3 ghz
# Alignment  6 -  0.276 bytes/cycle -  789.48 MiB/sec @ 3 ghz
# Alignment  5 -  0.278 bytes/cycle -  795.79 MiB/sec @ 3 ghz
# Alignment  4 -  0.275 bytes/cycle -  788.02 MiB/sec @ 3 ghz
# Alignment  3 -  0.276 bytes/cycle -  790.32 MiB/sec @ 3 ghz
# Alignment  2 -  0.276 bytes/cycle -  789.66 MiB/sec @ 3 ghz
# Alignment  1 -  0.276 bytes/cycle -  789.56 MiB/sec @ 3 ghz
# Alignment  0 -  0.278 bytes/cycle -  795.79 MiB/sec @ 3 ghz
# Average      -  0.276 bytes/cycle -  791.04 MiB/sec @ 3 ghz
## KeySpeed tests
# BadHash                   0 byte keys        5.698 c/h
# BadHash                   1 byte keys        6.000 c/h        6.000 c/b        0.167 b/c
# BadHash                   2 byte keys        8.000 c/h        4.000 c/b        0.250 b/c
# BadHash                   3 byte keys       11.997 c/h        3.999 c/b        0.250 b/c
# BadHash                   4 byte keys       15.000 c/h        3.750 c/b        0.267 b/c
# BadHash                   5 byte keys       19.251 c/h        3.850 c/b        0.260 b/c
# BadHash                   6 byte keys       22.132 c/h        3.689 c/b        0.271 b/c
# BadHash                   7 byte keys       26.980 c/h        3.854 c/b        0.259 b/c
# BadHash                   8 byte keys       29.000 c/h        3.625 c/b        0.276 b/c
# BadHash                   9 byte keys       34.000 c/h        3.778 c/b        0.265 b/c
# BadHash                  10 byte keys       36.000 c/h        3.600 c/b        0.278 b/c
# BadHash                  11 byte keys       42.217 c/h        3.838 c/b        0.261 b/c
# BadHash                  12 byte keys       43.000 c/h        3.583 c/b        0.279 b/c
# BadHash                  13 byte keys       49.000 c/h        3.769 c/b        0.265 b/c
# BadHash                  14 byte keys       50.949 c/h        3.639 c/b        0.275 b/c
# BadHash                  15 byte keys       56.913 c/h        3.794 c/b        0.264 b/c
# BadHash                  16 byte keys       57.000 c/h        3.562 c/b        0.281 b/c
# BadHash                  17 byte keys       64.000 c/h        3.765 c/b        0.266 b/c
# BadHash                  18 byte keys       64.971 c/h        3.609 c/b        0.277 b/c
# BadHash                  19 byte keys       71.968 c/h        3.788 c/b        0.264 b/c
# BadHash                  20 byte keys       72.630 c/h        3.632 c/b        0.275 b/c
# BadHash                  21 byte keys       79.000 c/h        3.762 c/b        0.266 b/c
# BadHash                  22 byte keys       79.000 c/h        3.591 c/b        0.278 b/c
# BadHash                  23 byte keys       86.936 c/h        3.780 c/b        0.265 b/c
# BadHash                  24 byte keys       86.000 c/h        3.583 c/b        0.279 b/c
# BadHash                  25 byte keys       94.000 c/h        3.760 c/b        0.266 b/c
# BadHash                  26 byte keys       93.000 c/h        3.577 c/b        0.280 b/c
# BadHash                  27 byte keys      101.936 c/h        3.775 c/b        0.265 b/c
# BadHash                  28 byte keys      100.370 c/h        3.585 c/b        0.279 b/c
# BadHash                  29 byte keys      110.468 c/h        3.809 c/b        0.263 b/c
# BadHash                  30 byte keys      113.280 c/h        3.776 c/b        0.265 b/c
# BadHash                  31 byte keys      116.981 c/h        3.774 c/b        0.265 b/c
#                          Average < 32       57.740 c/h        3.725 c/b        0.268 b/c
# BadHash                  32 byte keys      120.996 c/h        3.781 c/b        0.264 b/c
# BadHash                  36 byte keys      137.542 c/h        3.821 c/b        0.262 b/c
# BadHash                  40 byte keys      150.977 c/h        3.774 c/b        0.265 b/c
# BadHash                  44 byte keys      166.718 c/h        3.789 c/b        0.264 b/c
# BadHash                  48 byte keys      181.650 c/h        3.784 c/b        0.264 b/c
# BadHash                  52 byte keys      195.964 c/h        3.769 c/b        0.265 b/c
# BadHash                  56 byte keys      214.344 c/h        3.828 c/b        0.261 b/c
# BadHash                  60 byte keys      227.016 c/h        3.784 c/b        0.264 b/c
# BadHash                  64 byte keys      241.823 c/h        3.778 c/b        0.265 b/c
# BadHash                  68 byte keys      259.883 c/h        3.822 c/b        0.262 b/c
# BadHash                  72 byte keys      272.427 c/h        3.784 c/b        0.264 b/c
# BadHash                  76 byte keys      287.201 c/h        3.779 c/b        0.265 b/c
# BadHash                  80 byte keys      303.068 c/h        3.788 c/b        0.264 b/c
# BadHash                  84 byte keys      317.918 c/h        3.785 c/b        0.264 b/c
# BadHash                  88 byte keys      332.641 c/h        3.780 c/b        0.265 b/c
# BadHash                  92 byte keys      348.419 c/h        3.787 c/b        0.264 b/c
# BadHash                  96 byte keys      363.260 c/h        3.784 c/b        0.264 b/c
# BadHash                 100 byte keys      377.945 c/h        3.779 c/b        0.265 b/c
# BadHash                 104 byte keys      393.893 c/h        3.787 c/b        0.264 b/c
# BadHash                 108 byte keys      408.842 c/h        3.786 c/b        0.264 b/c
# BadHash                 112 byte keys      423.414 c/h        3.780 c/b        0.265 b/c
# BadHash                 116 byte keys      439.433 c/h        3.788 c/b        0.264 b/c
# BadHash                 120 byte keys      454.386 c/h        3.787 c/b        0.264 b/c
# BadHash                 124 byte keys      469.028 c/h        3.782 c/b        0.264 b/c
#                         Average < 128      159.580 c/h        3.774 c/b        0.265 b/c
# BadHash                 128 byte keys      485.505 c/h        3.793 c/b        0.264 b/c
# BadHash                 256 byte keys     1185.172 c/h        4.630 c/b        0.216 b/c
# BadHash                 512 byte keys     2350.552 c/h        4.591 c/b        0.218 b/c
# BadHash                1024 byte keys     4662.447 c/h        4.553 c/b        0.220 b/c
# BadHash                2048 byte keys     9336.035 c/h        4.559 c/b        0.219 b/c
# BadHash                4096 byte keys    18731.458 c/h        4.573 c/b        0.219 b/c
# BadHash                8192 byte keys    37256.626 c/h        4.548 c/b        0.220 b/c
# BadHash               16384 byte keys    74589.924 c/h        4.553 c/b        0.220 b/c
# BadHash               32768 byte keys   144418.695 c/h        4.407 c/b        0.227 b/c
# BadHash               65536 byte keys   290764.307 c/h        4.437 c/b        0.225 b/c
#                       Overall Average     8980.563 c/h        4.446 c/b        0.225 b/c
ok 7 - Speed (always passes) # BadHash
### Differential Tests ###
# Testing 8303632 up-to-5-bit differentials in 64-bit keys -> 32 bit hashes.
# 1000 reps, 8303632000 total tests, expecting 1.93 random collisions..........
ok 8 - Differential collisions # BadHash
ok 9 - Nothing skipped during differential collision check # BadHash
# 54000 total collisions, of which 0 single collisions were ignored
not ok 10 - ProcessDifferentials
# Testing 11017632 up-to-4-bit differentials in 128-bit keys -> 32 bit hashes.
# 1000 reps, 11017632000 total tests, expecting 2.57 random collisions..........
ok 11 - Differential collisions # BadHash
ok 12 - Nothing skipped during differential collision check # BadHash
# 87000 total collisions, of which 0 single collisions were ignored
not ok 13 - ProcessDifferentials
# Testing 2796416 up-to-3-bit differentials in 256-bit keys -> 32 bit hashes.
# 1000 reps, 2796416000 total tests, expecting 0.65 random collisions..........
ok 14 - Differential collisions # BadHash
ok 15 - Nothing skipped during differential collision check # BadHash
# 93000 total collisions, of which 0 single collisions were ignored
not ok 16 - ProcessDifferentials
not ok 17 - Differential # BadHash
### Avalanche Tests ### - seed-bits: 32 hash-bits: 32
# Samples 1000000, expected error 0.00025600, confidence level 99.99994267%
# Testing   0-bit keys.......... not ok! # worst-bit:   0.268% error-ratio: 1.043114e+00
#              +---------------------------------------------------+
#              |012345678901234567890123456789012345678901234567890|
#              +---------------------------------------------------+
# Scale:       |.1234567890abcdefghijklmnopqrstuvwxyzãäåêëîïðñôõöûü|
#              |üÿABCDEFGHIJKLMNOPQRSTUVWXYZÂÃÄÅÊËÑÔÕÖÛÜÝø¤*©®¶&%@#|
#              +---------------------------------------------------+
#              |pct diff from 50%: abs((0.5-(changed/reps))*2) *100|
#              +--------------------------------+
#              |0         1         2         3 |
#              |01234567890123456789012345678901|
#              +--------------------------------+
# seed     0.0 |................................| x 32
#              +--------------------------------+
#              +---------------------------------------------------+
#              |012345678901234567890123456789012345678901234567890|
#              +---------------------------------------------------+
# Scale:       |.1234567890abcdefghijklmnopqrstuvwxyzãäåêëîïðñôõöûü|
#              |üÿABCDEFGHIJKLMNOPQRSTUVWXYZÂÃÄÅÊËÑÔÕÖÛÜÝø¤*©®¶&%@#|
#              +---------------------------------------------------+
#              |scaled p-value above confidence level (zero is ok) |
#              +--------------------------------+
#              |0         1         2         3 |
#              |01234567890123456789012345678901|
#              +--------------------------------+
# seed     0.0 |................................| x 32
#              +--------------------------------+
# 0 of 1024 bits failed (0.00%) failed at 99.999943 confidence
#     g-test: 0.000000%
#     sum-error-square: 0.00026704
#     hash bit-level errors: 12/32
#     - hash bit 1 gtest-prob not-random: 100.0000 (15976390/16023610)
#     - hash bit 3 gtest-prob not-random: 100.0000 (16015030/15984970)
#     - hash bit 4 gtest-prob not-random: 100.0000 (16018900/15981100)
#     - with 9 more hash bit errors not described above.
not ok 18 - Strict Avalanche Criteria - 0 bit keys
# Testing   8-bit keys.......... not ok! # worst-bit:   0.215% error-ratio: 1.549485e+00
#              +---------------------------------------------------+
#              |012345678901234567890123456789012345678901234567890|
#              +---------------------------------------------------+
# Scale:       |.1234567890abcdefghijklmnopqrstuvwxyzãäåêëîïðñôõöûü|
#              |üÿABCDEFGHIJKLMNOPQRSTUVWXYZÂÃÄÅÊËÑÔÕÖÛÜÝø¤*©®¶&%@#|
#              +---------------------------------------------------+
#              |pct diff from 50%: abs((0.5-(changed/reps))*2) *100|
#              +--------------------------------+
#              |0         1         2         3 |
#              |01234567890123456789012345678901|
#              +--------------------------------+
# seed     0.0 |................................| x 32
# key      0.0 |................................| x 8
#              +--------------------------------+
#              +---------------------------------------------------+
#              |012345678901234567890123456789012345678901234567890|
#              +---------------------------------------------------+
# Scale:       |.1234567890abcdefghijklmnopqrstuvwxyzãäåêëîïðñôõöûü|
#              |üÿABCDEFGHIJKLMNOPQRSTUVWXYZÂÃÄÅÊËÑÔÕÖÛÜÝø¤*©®¶&%@#|
#              +---------------------------------------------------+
#              |scaled p-value above confidence level (zero is ok) |
#              +--------------------------------+
#              |0         1         2         3 |
#              |01234567890123456789012345678901|
#              +--------------------------------+
# seed     0.0 |................................| x 32
# key      0.0 |................................| x 8
#              +--------------------------------+
# 0 of 1280 bits failed (0.00%) failed at 99.999943 confidence
#     g-test: 0.000000%
#     sum-error-square: 0.00039667
#     hash bit-level errors: 19/32
#     - hash bit 0 gtest-prob not-random: 100.0000 (19983714/20016286)
#     - hash bit 1 gtest-prob not-random: 100.0000 (20018768/19981232)
#     - hash bit 2 gtest-prob not-random: 100.0000 (20030838/19969162)
#     - with 16 more hash bit errors not described above.
not ok 19 - Strict Avalanche Criteria - 8 bit keys
# Testing  16-bit keys.......... not ok! # worst-bit:   0.250% error-ratio: 9.064455e-01
#              +---------------------------------------------------+
#              |012345678901234567890123456789012345678901234567890|
#              +---------------------------------------------------+
# Scale:       |.1234567890abcdefghijklmnopqrstuvwxyzãäåêëîïðñôõöûü|
#              |üÿABCDEFGHIJKLMNOPQRSTUVWXYZÂÃÄÅÊËÑÔÕÖÛÜÝø¤*©®¶&%@#|
#              +---------------------------------------------------+
#              |pct diff from 50%: abs((0.5-(changed/reps))*2) *100|
#              +--------------------------------+
#              |0         1         2         3 |
#              |01234567890123456789012345678901|
#              +--------------------------------+
# seed     0.0 |................................| x 32
# key      0.0 |................................| x 16
#              +--------------------------------+
#              +---------------------------------------------------+
#              |012345678901234567890123456789012345678901234567890|
#              +---------------------------------------------------+
# Scale:       |.1234567890abcdefghijklmnopqrstuvwxyzãäåêëîïðñôõöûü|
#              |üÿABCDEFGHIJKLMNOPQRSTUVWXYZÂÃÄÅÊËÑÔÕÖÛÜÝø¤*©®¶&%@#|
#              +---------------------------------------------------+
#              |scaled p-value above confidence level (zero is ok) |
#              +--------------------------------+
#              |0         1         2         3 |
#              |01234567890123456789012345678901|
#              +--------------------------------+
# seed     0.0 |................................| x 32
# key      0.0 |................................| x 16
#              +--------------------------------+
# 0 of 1536 bits failed (0.00%) failed at 99.999943 confidence
#     g-test: 0.000000%
#     sum-error-square: 0.00023205
#     hash bit-level errors: 11/32
#     - hash bit 1 gtest-prob not-random: 100.0000 (24027892/23972108)
#     - hash bit 3 gtest-prob not-random: 100.0000 (23957432/24042568)
#     - hash bit 7 gtest-prob not-random: 100.0000 (24020352/23979648)
#     - with 8 more hash bit errors not described above.
not ok 20 - Strict Avalanche Criteria - 16 bit keys
# Testing  24-bit keys.......... not ok! # worst-bit:   0.208% error-ratio: 1.011518e+00
#              +---------------------------------------------------+
#              |012345678901234567890123456789012345678901234567890|
#              +---------------------------------------------------+
# Scale:       |.1234567890abcdefghijklmnopqrstuvwxyzãäåêëîïðñôõöûü|
#              |üÿABCDEFGHIJKLMNOPQRSTUVWXYZÂÃÄÅÊËÑÔÕÖÛÜÝø¤*©®¶&%@#|
#              +---------------------------------------------------+
#              |pct diff from 50%: abs((0.5-(changed/reps))*2) *100|
#              +--------------------------------+
#              |0         1         2         3 |
#              |01234567890123456789012345678901|
#              +--------------------------------+
# seed     0.0 |................................| x 32
# key      0.0 |................................| x 24
#              +--------------------------------+
#              +---------------------------------------------------+
#              |012345678901234567890123456789012345678901234567890|
#              +---------------------------------------------------+
# Scale:       |.1234567890abcdefghijklmnopqrstuvwxyzãäåêëîïðñôõöûü|
#              |üÿABCDEFGHIJKLMNOPQRSTUVWXYZÂÃÄÅÊËÑÔÕÖÛÜÝø¤*©®¶&%@#|
#              +---------------------------------------------------+
#              |scaled p-value above confidence level (zero is ok) |
#              +--------------------------------+
#              |0         1         2         3 |
#              |01234567890123456789012345678901|
#              +--------------------------------+
# seed     0.0 |................................| x 32
# key      0.0 |................................| x 24
#              +--------------------------------+
# 0 of 1792 bits failed (0.00%) failed at 99.999943 confidence
#     g-test: 0.000000%
#     sum-error-square: 0.00025895
#     hash bit-level errors: 6/32
#     - hash bit 0 gtest-prob not-random: 100.0000 (28022848/27977152)
#     - hash bit 11 gtest-prob not-random: 100.0000 (27979760/28020240)
#     - hash bit 12 gtest-prob not-random: 100.0000 (28024912/27975088)
#     - with 3 more hash bit errors not described above.
not ok 21 - Strict Avalanche Criteria - 24 bit keys
# Testing  32-bit keys.......... not ok! # worst-bit:   0.139% error-ratio: 6.402441e-01
#              +---------------------------------------------------+
#              |012345678901234567890123456789012345678901234567890|
#              +---------------------------------------------------+
# Scale:       |.1234567890abcdefghijklmnopqrstuvwxyzãäåêëîïðñôõöûü|
#              |üÿABCDEFGHIJKLMNOPQRSTUVWXYZÂÃÄÅÊËÑÔÕÖÛÜÝø¤*©®¶&%@#|
#              +---------------------------------------------------+
#              |pct diff from 50%: abs((0.5-(changed/reps))*2) *100|
#              +--------------------------------+
#              |0         1         2         3 |
#              |01234567890123456789012345678901|
#              +--------------------------------+
# seed     0.0 |................................| x 32
# key      0.0 |................................| x 32
#              +--------------------------------+
#              +---------------------------------------------------+
#              |012345678901234567890123456789012345678901234567890|
#              +---------------------------------------------------+
# Scale:       |.1234567890abcdefghijklmnopqrstuvwxyzãäåêëîïðñôõöûü|
#              |üÿABCDEFGHIJKLMNOPQRSTUVWXYZÂÃÄÅÊËÑÔÕÖÛÜÝø¤*©®¶&%@#|
#              +---------------------------------------------------+
#              |scaled p-value above confidence level (zero is ok) |
#              +--------------------------------+
#              |0         1         2         3 |
#              |01234567890123456789012345678901|
#              +--------------------------------+
# seed     0.0 |................................| x 32
# key      0.0 |................................| x 32
#              +--------------------------------+
# 0 of 2048 bits failed (0.00%) failed at 99.999943 confidence
#     g-test: 0.000000%
#     sum-error-square: 0.00016390
#     hash bit-level errors: 9/32
#     - hash bit 10 gtest-prob not-random: 100.0000 (31970810/32029190)
#     - hash bit 14 gtest-prob not-random: 100.0000 (31976284/32023716)
#     - hash bit 16 gtest-prob not-random: 100.0000 (31972952/32027048)
#     - with 6 more hash bit errors not described above.
not ok 22 - Strict Avalanche Criteria - 32 bit keys
# Testing  40-bit keys.......... not ok! # worst-bit:   0.287% error-ratio: 1.073387e+00
#              +---------------------------------------------------+
#              |012345678901234567890123456789012345678901234567890|
#              +---------------------------------------------------+
# Scale:       |.1234567890abcdefghijklmnopqrstuvwxyzãäåêëîïðñôõöûü|
#              |üÿABCDEFGHIJKLMNOPQRSTUVWXYZÂÃÄÅÊËÑÔÕÖÛÜÝø¤*©®¶&%@#|
#              +---------------------------------------------------+
#              |pct diff from 50%: abs((0.5-(changed/reps))*2) *100|
#              +--------------------------------+
#              |0         1         2         3 |
#              |01234567890123456789012345678901|
#              +--------------------------------+
# seed     0.0 |................................| x 32
# key      0.0 |................................| x 40
#              +--------------------------------+
#              +---------------------------------------------------+
#              |012345678901234567890123456789012345678901234567890|
#              +---------------------------------------------------+
# Scale:       |.1234567890abcdefghijklmnopqrstuvwxyzãäåêëîïðñôõöûü|
#              |üÿABCDEFGHIJKLMNOPQRSTUVWXYZÂÃÄÅÊËÑÔÕÖÛÜÝø¤*©®¶&%@#|
#              +---------------------------------------------------+
#              |scaled p-value above confidence level (zero is ok) |
#              +--------------------------------+
#              |0         1         2         3 |
#              |01234567890123456789012345678901|
#              +--------------------------------+
# seed     0.0 |................................| x 32
# key      0.0 |................................| x 40
#              +--------------------------------+
# 0 of 2304 bits failed (0.00%) failed at 99.999943 confidence
#     g-test: 0.000000%
#     sum-error-square: 0.00027479
#     hash bit-level errors: 7/32
#     - hash bit 0 gtest-prob not-random: 100.0000 (36039330/35960670)
#     - hash bit 10 gtest-prob not-random: 100.0000 (36042066/35957934)
#     - hash bit 16 gtest-prob not-random: 100.0000 (36051696/35948304)
#     - with 4 more hash bit errors not described above.
not ok 23 - Strict Avalanche Criteria - 40 bit keys
# Testing  48-bit keys.......... not ok! # worst-bit:   0.244% error-ratio: 1.482842e+00
#              +---------------------------------------------------+
#              |012345678901234567890123456789012345678901234567890|
#              +---------------------------------------------------+
# Scale:       |.1234567890abcdefghijklmnopqrstuvwxyzãäåêëîïðñôõöûü|
#              |üÿABCDEFGHIJKLMNOPQRSTUVWXYZÂÃÄÅÊËÑÔÕÖÛÜÝø¤*©®¶&%@#|
#              +---------------------------------------------------+
#              |pct diff from 50%: abs((0.5-(changed/reps))*2) *100|
#              +--------------------------------+
#              |0         1         2         3 |
#              |01234567890123456789012345678901|
#              +--------------------------------+
# seed     0.0 |................................| x 32
# key      0.0 |................................| x 48
#              +--------------------------------+
#              +---------------------------------------------------+
#              |012345678901234567890123456789012345678901234567890|
#              +---------------------------------------------------+
# Scale:       |.1234567890abcdefghijklmnopqrstuvwxyzãäåêëîïðñôõöûü|
#              |üÿABCDEFGHIJKLMNOPQRSTUVWXYZÂÃÄÅÊËÑÔÕÖÛÜÝø¤*©®¶&%@#|
#              +---------------------------------------------------+
#              |scaled p-value above confidence level (zero is ok) |
#              +--------------------------------+
#              |0         1         2         3 |
#              |01234567890123456789012345678901|
#              +--------------------------------+
# seed     0.0 |................................| x 32
# key      0.0 |................................| x 48
#              +--------------------------------+
# 0 of 2560 bits failed (0.00%) failed at 99.999943 confidence
#     g-test: 0.000000%
#     sum-error-square: 0.00037961
#     hash bit-level errors: 11/32
#     - hash bit 3 gtest-prob not-random: 100.0000 (40027168/39972832)
#     - hash bit 6 gtest-prob not-random: 100.0000 (39965784/40034216)
#     - hash bit 10 gtest-prob not-random: 100.0000 (39974084/40025916)
#     - with 8 more hash bit errors not described above.
not ok 24 - Strict Avalanche Criteria - 48 bit keys
# Testing  56-bit keys.......... not ok! # worst-bit:   0.277% error-ratio: 9.247621e-01
#              +---------------------------------------------------+
#              |012345678901234567890123456789012345678901234567890|
#              +---------------------------------------------------+
# Scale:       |.1234567890abcdefghijklmnopqrstuvwxyzãäåêëîïðñôõöûü|
#              |üÿABCDEFGHIJKLMNOPQRSTUVWXYZÂÃÄÅÊËÑÔÕÖÛÜÝø¤*©®¶&%@#|
#              +---------------------------------------------------+
#              |pct diff from 50%: abs((0.5-(changed/reps))*2) *100|
#              +--------------------------------+
#              |0         1         2         3 |
#              |01234567890123456789012345678901|
#              +--------------------------------+
# seed     0.0 |................................| x 32
# key      0.0 |................................| x 56
#              +--------------------------------+
#              +---------------------------------------------------+
#              |012345678901234567890123456789012345678901234567890|
#              +---------------------------------------------------+
# Scale:       |.1234567890abcdefghijklmnopqrstuvwxyzãäåêëîïðñôõöûü|
#              |üÿABCDEFGHIJKLMNOPQRSTUVWXYZÂÃÄÅÊËÑÔÕÖÛÜÝø¤*©®¶&%@#|
#              +---------------------------------------------------+
#              |scaled p-value above confidence level (zero is ok) |
#              +--------------------------------+
#              |0         1         2         3 |
#              |01234567890123456789012345678901|
#              +--------------------------------+
# seed     0.0 |................................| x 32
# key      0.0 |................................| x 56
#              +--------------------------------+
# 0 of 2816 bits failed (0.00%) failed at 99.999943 confidence
#     g-test: 0.000000%
#     sum-error-square: 0.00023674
#     hash bit-level errors: 3/32
#     - hash bit 24 gtest-prob not-random: 100.0000 (43968304/44031696)
#     - hash bit 26 gtest-prob not-random: 100.0000 (44034020/43965980)
#     - hash bit 27 gtest-prob not-random: 100.0000 (44029172/43970828)
not ok 25 - Strict Avalanche Criteria - 56 bit keys
# Testing  64-bit keys.......... not ok! # worst-bit:   0.187% error-ratio: 9.769334e-01
#              +---------------------------------------------------+
#              |012345678901234567890123456789012345678901234567890|
#              +---------------------------------------------------+
# Scale:       |.1234567890abcdefghijklmnopqrstuvwxyzãäåêëîïðñôõöûü|
#              |üÿABCDEFGHIJKLMNOPQRSTUVWXYZÂÃÄÅÊËÑÔÕÖÛÜÝø¤*©®¶&%@#|
#              +---------------------------------------------------+
#              |pct diff from 50%: abs((0.5-(changed/reps))*2) *100|
#              +--------------------------------+
#              |0         1         2         3 |
#              |01234567890123456789012345678901|
#              +--------------------------------+
# seed     0.0 |................................| x 32
# key      0.0 |................................| x 64
#              +--------------------------------+
#              +---------------------------------------------------+
#              |012345678901234567890123456789012345678901234567890|
#              +---------------------------------------------------+
# Scale:       |.1234567890abcdefghijklmnopqrstuvwxyzãäåêëîïðñôõöûü|
#              |üÿABCDEFGHIJKLMNOPQRSTUVWXYZÂÃÄÅÊËÑÔÕÖÛÜÝø¤*©®¶&%@#|
#              +---------------------------------------------------+
#              |scaled p-value above confidence level (zero is ok) |
#              +--------------------------------+
#              |0         1         2         3 |
#              |01234567890123456789012345678901|
#              +--------------------------------+
# seed     0.0 |................................| x 32
# key      0.0 |................................| x 64
#              +--------------------------------+
# 0 of 3072 bits failed (0.00%) failed at 99.999943 confidence
#     g-test: 0.000000%
#     sum-error-square: 0.00025009
#     hash bit-level errors: 8/32
#     - hash bit 0 gtest-prob not-random: 100.0000 (47974002/48025998)
#     - hash bit 3 gtest-prob not-random: 100.0000 (47970112/48029888)
#     - hash bit 10 gtest-prob not-random: 100.0000 (48045396/47954604)
#     - with 5 more hash bit errors not described above.
not ok 26 - Strict Avalanche Criteria - 64 bit keys
# Testing  72-bit keys.......... not ok! # worst-bit:   0.381% error-ratio: 2.207258e+00
#              +---------------------------------------------------+
#              |012345678901234567890123456789012345678901234567890|
#              +---------------------------------------------------+
# Scale:       |.1234567890abcdefghijklmnopqrstuvwxyzãäåêëîïðñôõöûü|
#              |üÿABCDEFGHIJKLMNOPQRSTUVWXYZÂÃÄÅÊËÑÔÕÖÛÜÝø¤*©®¶&%@#|
#              +---------------------------------------------------+
#              |pct diff from 50%: abs((0.5-(changed/reps))*2) *100|
#              +--------------------------------+
#              |0         1         2         3 |
#              |01234567890123456789012345678901|
#              +--------------------------------+
# seed     0.0 |................................| x 32
# key      0.0 |................................| x 72
#              +--------------------------------+
#              +---------------------------------------------------+
#              |012345678901234567890123456789012345678901234567890|
#              +---------------------------------------------------+
# Scale:       |.1234567890abcdefghijklmnopqrstuvwxyzãäåêëîïðñôõöûü|
#              |üÿABCDEFGHIJKLMNOPQRSTUVWXYZÂÃÄÅÊËÑÔÕÖÛÜÝø¤*©®¶&%@#|
#              +---------------------------------------------------+
#              |scaled p-value above confidence level (zero is ok) |
#              +--------------------------------+
#              |0         1         2         3 |
#              |01234567890123456789012345678901|
#              +--------------------------------+
# seed     0.0 |................................| x 32
# key      0.0 |................................| x 72
#              +--------------------------------+
# 0 of 3328 bits failed (0.00%) failed at 99.999943 confidence
#     g-test: 100.000000%
#     sum-error-square: 0.00056506
#     hash bit-level errors: 10/32
#     - hash bit 10 gtest-prob not-random: 100.0000 (51908464/52091536)
#     - hash bit 11 gtest-prob not-random: 100.0000 (52029198/51970802)
#     - hash bit 17 gtest-prob not-random: 100.0000 (51938664/52061336)
#     - with 7 more hash bit errors not described above.
not ok 27 - Strict Avalanche Criteria - 72 bit keys
# Testing  80-bit keys.......... not ok! # worst-bit:   0.228% error-ratio: 1.089681e+00
#              +---------------------------------------------------+
#              |012345678901234567890123456789012345678901234567890|
#              +---------------------------------------------------+
# Scale:       |.1234567890abcdefghijklmnopqrstuvwxyzãäåêëîïðñôõöûü|
#              |üÿABCDEFGHIJKLMNOPQRSTUVWXYZÂÃÄÅÊËÑÔÕÖÛÜÝø¤*©®¶&%@#|
#              +---------------------------------------------------+
#              |pct diff from 50%: abs((0.5-(changed/reps))*2) *100|
#              +--------------------------------+
#              |0         1         2         3 |
#              |01234567890123456789012345678901|
#              +--------------------------------+
# seed     0.0 |................................| x 32
# key      0.0 |................................| x 80
#              +--------------------------------+
#              +---------------------------------------------------+
#              |012345678901234567890123456789012345678901234567890|
#              +---------------------------------------------------+
# Scale:       |.1234567890abcdefghijklmnopqrstuvwxyzãäåêëîïðñôõöûü|
#              |üÿABCDEFGHIJKLMNOPQRSTUVWXYZÂÃÄÅÊËÑÔÕÖÛÜÝø¤*©®¶&%@#|
#              +---------------------------------------------------+
#              |scaled p-value above confidence level (zero is ok) |
#              +--------------------------------+
#              |0         1         2         3 |
#              |01234567890123456789012345678901|
#              +--------------------------------+
# seed     0.0 |................................| x 32
# key      0.0 |................................| x 80
#              +--------------------------------+
# 0 of 3584 bits failed (0.00%) failed at 99.999943 confidence
#     g-test: 0.000000%
#     sum-error-square: 0.00027896
#     hash bit-level errors: 4/32
#     - hash bit 18 gtest-prob not-random: 100.0000 (56038824/55961176)
#     - hash bit 21 gtest-prob not-random: 100.0000 (56027720/55972280)
#     - hash bit 25 gtest-prob not-random: 100.0000 (56031480/55968520)
#     - with 1 more hash bit errors not described above.
not ok 28 - Strict Avalanche Criteria - 80 bit keys
# Testing  88-bit keys.......... not ok! # worst-bit:   0.203% error-ratio: 9.505715e-01
#              +---------------------------------------------------+
#              |012345678901234567890123456789012345678901234567890|
#              +---------------------------------------------------+
# Scale:       |.1234567890abcdefghijklmnopqrstuvwxyzãäåêëîïðñôõöûü|
#              |üÿABCDEFGHIJKLMNOPQRSTUVWXYZÂÃÄÅÊËÑÔÕÖÛÜÝø¤*©®¶&%@#|
#              +---------------------------------------------------+
#              |pct diff from 50%: abs((0.5-(changed/reps))*2) *100|
#              +--------------------------------+
#              |0         1         2         3 |
#              |01234567890123456789012345678901|
#              +--------------------------------+
# seed     0.0 |................................| x 32
# key      0.0 |................................| x 88
#              +--------------------------------+
#              +---------------------------------------------------+
#              |012345678901234567890123456789012345678901234567890|
#              +---------------------------------------------------+
# Scale:       |.1234567890abcdefghijklmnopqrstuvwxyzãäåêëîïðñôõöûü|
#              |üÿABCDEFGHIJKLMNOPQRSTUVWXYZÂÃÄÅÊËÑÔÕÖÛÜÝø¤*©®¶&%@#|
#              +---------------------------------------------------+
#              |scaled p-value above confidence level (zero is ok) |
#              +--------------------------------+
#              |0         1         2         3 |
#              |01234567890123456789012345678901|
#              +--------------------------------+
# seed     0.0 |................................| x 32
# key      0.0 |................................| x 88
#              +--------------------------------+
# 0 of 3840 bits failed (0.00%) failed at 99.999943 confidence
#     g-test: 0.000000%
#     sum-error-square: 0.00024335
#     hash bit-level errors: 4/32
#     - hash bit 18 gtest-prob not-random: 100.0000 (59967050/60032950)
#     - hash bit 22 gtest-prob not-random: 100.0000 (59967870/60032130)
#     - hash bit 26 gtest-prob not-random: 100.0000 (60041984/59958016)
#     - with 1 more hash bit errors not described above.
not ok 29 - Strict Avalanche Criteria - 88 bit keys
# Testing  96-bit keys.......... not ok! # worst-bit:   0.177% error-ratio: 7.313569e-01
#              +---------------------------------------------------+
#              |012345678901234567890123456789012345678901234567890|
#              +---------------------------------------------------+
# Scale:       |.1234567890abcdefghijklmnopqrstuvwxyzãäåêëîïðñôõöûü|
#              |üÿABCDEFGHIJKLMNOPQRSTUVWXYZÂÃÄÅÊËÑÔÕÖÛÜÝø¤*©®¶&%@#|
#              +---------------------------------------------------+
#              |pct diff from 50%: abs((0.5-(changed/reps))*2) *100|
#              +--------------------------------+
#              |0         1         2         3 |
#              |01234567890123456789012345678901|
#              +--------------------------------+
# seed     0.0 |................................| x 32
# key      0.0 |................................| x 96
#              +--------------------------------+
#              +---------------------------------------------------+
#              |012345678901234567890123456789012345678901234567890|
#              +---------------------------------------------------+
# Scale:       |.1234567890abcdefghijklmnopqrstuvwxyzãäåêëîïðñôõöûü|
#              |üÿABCDEFGHIJKLMNOPQRSTUVWXYZÂÃÄÅÊËÑÔÕÖÛÜÝø¤*©®¶&%@#|
#              +---------------------------------------------------+
#              |scaled p-value above confidence level (zero is ok) |
#              +--------------------------------+
#              |0         1         2         3 |
#              |01234567890123456789012345678901|
#              +--------------------------------+
# seed     0.0 |................................| x 32
# key      0.0 |................................| x 96
#              +--------------------------------+
# 0 of 4096 bits failed (0.00%) failed at 99.999943 confidence
#     g-test: 0.000000%
#     sum-error-square: 0.00018723
#     hash bit-level errors: 3/32
#     - hash bit 10 gtest-prob not-random: 100.0000 (64033824/63966176)
#     - hash bit 26 gtest-prob not-random: 100.0000 (63957034/64042966)
#     - hash bit 27 gtest-prob not-random: 100.0000 (63967800/64032200)
not ok 30 - Strict Avalanche Criteria - 96 bit keys
# Testing 104-bit keys.......... not ok! # worst-bit:   0.198% error-ratio: 6.649937e-01
#              +---------------------------------------------------+
#              |012345678901234567890123456789012345678901234567890|
#              +---------------------------------------------------+
# Scale:       |.1234567890abcdefghijklmnopqrstuvwxyzãäåêëîïðñôõöûü|
#              |üÿABCDEFGHIJKLMNOPQRSTUVWXYZÂÃÄÅÊËÑÔÕÖÛÜÝø¤*©®¶&%@#|
#              +---------------------------------------------------+
#              |pct diff from 50%: abs((0.5-(changed/reps))*2) *100|
#              +--------------------------------+
#              |0         1         2         3 |
#              |01234567890123456789012345678901|
#              +--------------------------------+
# seed     0.0 |................................| x 32
# key      0.0 |................................| x 104
#              +--------------------------------+
#              +---------------------------------------------------+
#              |012345678901234567890123456789012345678901234567890|
#              +---------------------------------------------------+
# Scale:       |.1234567890abcdefghijklmnopqrstuvwxyzãäåêëîïðñôõöûü|
#              |üÿABCDEFGHIJKLMNOPQRSTUVWXYZÂÃÄÅÊËÑÔÕÖÛÜÝø¤*©®¶&%@#|
#              +---------------------------------------------------+
#              |scaled p-value above confidence level (zero is ok) |
#              +--------------------------------+
#              |0         1         2         3 |
#              |01234567890123456789012345678901|
#              +--------------------------------+
# seed     0.0 |................................| x 32
# key      0.0 |................................| x 104
#              +--------------------------------+
# 0 of 4352 bits failed (0.00%) failed at 99.999943 confidence
#     g-test: 0.000000%
#     sum-error-square: 0.00017024
#     hash bit-level errors: 1/32
#     - hash bit 18 gtest-prob not-random: 100.0000 (67952480/68047520)
not ok 31 - Strict Avalanche Criteria - 104 bit keys
# Testing 112-bit keys.......... not ok! # worst-bit:   0.178% error-ratio: 5.387061e-01
#              +---------------------------------------------------+
#              |012345678901234567890123456789012345678901234567890|
#              +---------------------------------------------------+
# Scale:       |.1234567890abcdefghijklmnopqrstuvwxyzãäåêëîïðñôõöûü|
#              |üÿABCDEFGHIJKLMNOPQRSTUVWXYZÂÃÄÅÊËÑÔÕÖÛÜÝø¤*©®¶&%@#|
#              +---------------------------------------------------+
#              |pct diff from 50%: abs((0.5-(changed/reps))*2) *100|
#              +--------------------------------+
#              |0         1         2         3 |
#              |01234567890123456789012345678901|
#              +--------------------------------+
# seed     0.0 |................................| x 32
# key      0.0 |................................| x 112
#              +--------------------------------+
#              +---------------------------------------------------+
#              |012345678901234567890123456789012345678901234567890|
#              +---------------------------------------------------+
# Scale:       |.1234567890abcdefghijklmnopqrstuvwxyzãäåêëîïðñôõöûü|
#              |üÿABCDEFGHIJKLMNOPQRSTUVWXYZÂÃÄÅÊËÑÔÕÖÛÜÝø¤*©®¶&%@#|
#              +---------------------------------------------------+
#              |scaled p-value above confidence level (zero is ok) |
#              +--------------------------------+
#              |0         1         2         3 |
#              |01234567890123456789012345678901|
#              +--------------------------------+
# seed     0.0 |................................| x 32
# key      0.0 |................................| x 112
#              +--------------------------------+
# 0 of 4608 bits failed (0.00%) failed at 99.999943 confidence
#     g-test: 0.000000%
#     sum-error-square: 0.00013791
#     hash bit-level errors: 2/32
#     - hash bit 10 gtest-prob not-random: 100.0000 (72051736/71948264)
#     - hash bit 23 gtest-prob not-random: 100.0000 (71968032/72031968)
not ok 32 - Strict Avalanche Criteria - 112 bit keys
# Testing 120-bit keys.......... not ok! # worst-bit:   0.182% error-ratio: 1.211536e+00
#              +---------------------------------------------------+
#              |012345678901234567890123456789012345678901234567890|
#              +---------------------------------------------------+
# Scale:       |.1234567890abcdefghijklmnopqrstuvwxyzãäåêëîïðñôõöûü|
#              |üÿABCDEFGHIJKLMNOPQRSTUVWXYZÂÃÄÅÊËÑÔÕÖÛÜÝø¤*©®¶&%@#|
#              +---------------------------------------------------+
#              |pct diff from 50%: abs((0.5-(changed/reps))*2) *100|
#              +--------------------------------+
#              |0         1         2         3 |
#              |01234567890123456789012345678901|
#              +--------------------------------+
# seed     0.0 |................................| x 32
# key      0.0 |................................| x 120
#              +--------------------------------+
#              +---------------------------------------------------+
#              |012345678901234567890123456789012345678901234567890|
#              +---------------------------------------------------+
# Scale:       |.1234567890abcdefghijklmnopqrstuvwxyzãäåêëîïðñôõöûü|
#              |üÿABCDEFGHIJKLMNOPQRSTUVWXYZÂÃÄÅÊËÑÔÕÖÛÜÝø¤*©®¶&%@#|
#              +---------------------------------------------------+
#              |scaled p-value above confidence level (zero is ok) |
#              +--------------------------------+
#              |0         1         2         3 |
#              |01234567890123456789012345678901|
#              +--------------------------------+
# seed     0.0 |................................| x 32
# key      0.0 |................................| x 120
#              +--------------------------------+
# 0 of 4864 bits failed (0.00%) failed at 99.999943 confidence
#     g-test: 0.000000%
#     sum-error-square: 0.00031015
#     hash bit-level errors: 4/32
#     - hash bit 19 gtest-prob not-random: 100.0000 (76034504/75965496)
#     - hash bit 20 gtest-prob not-random: 100.0000 (76036662/75963338)
#     - hash bit 26 gtest-prob not-random: 100.0000 (75961264/76038736)
#     - with 1 more hash bit errors not described above.
not ok 33 - Strict Avalanche Criteria - 120 bit keys
# Testing 128-bit keys.......... not ok! # worst-bit:   0.182% error-ratio: 9.155304e-01
#              +---------------------------------------------------+
#              |012345678901234567890123456789012345678901234567890|
#              +---------------------------------------------------+
# Scale:       |.1234567890abcdefghijklmnopqrstuvwxyzãäåêëîïðñôõöûü|
#              |üÿABCDEFGHIJKLMNOPQRSTUVWXYZÂÃÄÅÊËÑÔÕÖÛÜÝø¤*©®¶&%@#|
#              +---------------------------------------------------+
#              |pct diff from 50%: abs((0.5-(changed/reps))*2) *100|
#              +--------------------------------+
#              |0         1         2         3 |
#              |01234567890123456789012345678901|
#              +--------------------------------+
# seed     0.0 |................................| x 32
# key      0.0 |................................| x 128
#              +--------------------------------+
#              +---------------------------------------------------+
#              |012345678901234567890123456789012345678901234567890|
#              +---------------------------------------------------+
# Scale:       |.1234567890abcdefghijklmnopqrstuvwxyzãäåêëîïðñôõöûü|
#              |üÿABCDEFGHIJKLMNOPQRSTUVWXYZÂÃÄÅÊËÑÔÕÖÛÜÝø¤*©®¶&%@#|
#              +---------------------------------------------------+
#              |scaled p-value above confidence level (zero is ok) |
#              +--------------------------------+
#              |0         1         2         3 |
#              |01234567890123456789012345678901|
#              +--------------------------------+
# seed     0.0 |................................| x 32
# key      0.0 |................................| x 128
#              +--------------------------------+
# 0 of 5120 bits failed (0.00%) failed at 99.999943 confidence
#     g-test: 0.000000%
#     sum-error-square: 0.00023438
#     hash bit-level errors: 5/32
#     - hash bit 18 gtest-prob not-random: 100.0000 (79958182/80041818)
#     - hash bit 19 gtest-prob not-random: 100.0000 (80040158/79959842)
#     - hash bit 20 gtest-prob not-random: 100.0000 (79967696/80032304)
#     - with 2 more hash bit errors not described above.
not ok 34 - Strict Avalanche Criteria - 128 bit keys
# Testing 136-bit keys.......... not ok! # worst-bit:   0.249% error-ratio: 1.138294e+00
#              +---------------------------------------------------+
#              |012345678901234567890123456789012345678901234567890|
#              +---------------------------------------------------+
# Scale:       |.1234567890abcdefghijklmnopqrstuvwxyzãäåêëîïðñôõöûü|
#              |üÿABCDEFGHIJKLMNOPQRSTUVWXYZÂÃÄÅÊËÑÔÕÖÛÜÝø¤*©®¶&%@#|
#              +---------------------------------------------------+
#              |pct diff from 50%: abs((0.5-(changed/reps))*2) *100|
#              +--------------------------------+
#              |0         1         2         3 |
#              |01234567890123456789012345678901|
#              +--------------------------------+
# seed     0.0 |................................| x 32
# key      0.0 |................................| x 136
#              +--------------------------------+
#              +---------------------------------------------------+
#              |012345678901234567890123456789012345678901234567890|
#              +---------------------------------------------------+
# Scale:       |.1234567890abcdefghijklmnopqrstuvwxyzãäåêëîïðñôõöûü|
#              |üÿABCDEFGHIJKLMNOPQRSTUVWXYZÂÃÄÅÊËÑÔÕÖÛÜÝø¤*©®¶&%@#|
#              +---------------------------------------------------+
#              |scaled p-value above confidence level (zero is ok) |
#              +--------------------------------+
#              |0         1         2         3 |
#              |01234567890123456789012345678901|
#              +--------------------------------+
# seed     0.0 |................................| x 32
# key      0.0 |................................| x 136
#              +--------------------------------+
# 0 of 5376 bits failed (0.00%) failed at 99.999943 confidence
#     g-test: 0.000000%
#     sum-error-square: 0.00029140
#     hash bit-level errors: 3/32
#     - hash bit 21 gtest-prob not-random: 100.0000 (83964432/84035568)
#     - hash bit 23 gtest-prob not-random: 100.0000 (83957932/84042068)
#     - hash bit 30 gtest-prob not-random: 100.0000 (83955216/84044784)
not ok 35 - Strict Avalanche Criteria - 136 bit keys
# Testing 144-bit keys.......... not ok! # worst-bit:   0.274% error-ratio: 1.088005e+00
#              +---------------------------------------------------+
#              |012345678901234567890123456789012345678901234567890|
#              +---------------------------------------------------+
# Scale:       |.1234567890abcdefghijklmnopqrstuvwxyzãäåêëîïðñôõöûü|
#              |üÿABCDEFGHIJKLMNOPQRSTUVWXYZÂÃÄÅÊËÑÔÕÖÛÜÝø¤*©®¶&%@#|
#              +---------------------------------------------------+
#              |pct diff from 50%: abs((0.5-(changed/reps))*2) *100|
#              +--------------------------------+
#              |0         1         2         3 |
#              |01234567890123456789012345678901|
#              +--------------------------------+
# seed     0.0 |................................| x 32
# key      0.0 |................................| x 144
#              +--------------------------------+
#              +---------------------------------------------------+
#              |012345678901234567890123456789012345678901234567890|
#              +---------------------------------------------------+
# Scale:       |.1234567890abcdefghijklmnopqrstuvwxyzãäåêëîïðñôõöûü|
#              |üÿABCDEFGHIJKLMNOPQRSTUVWXYZÂÃÄÅÊËÑÔÕÖÛÜÝø¤*©®¶&%@#|
#              +---------------------------------------------------+
#              |scaled p-value above confidence level (zero is ok) |
#              +--------------------------------+
#              |0         1         2         3 |
#              |01234567890123456789012345678901|
#              +--------------------------------+
# seed     0.0 |................................| x 32
# key      0.0 |................................| x 144
#              +--------------------------------+
# 0 of 5632 bits failed (0.00%) failed at 99.999943 confidence
#     g-test: 0.000000%
#     sum-error-square: 0.00027853
#     hash bit-level errors: 4/32
#     - hash bit 19 gtest-prob not-random: 99.9999 (87966820/88033180)
#     - hash bit 24 gtest-prob not-random: 100.0000 (87939808/88060192)
#     - hash bit 25 gtest-prob not-random: 100.0000 (87962344/88037656)
#     - with 1 more hash bit errors not described above.
not ok 36 - Strict Avalanche Criteria - 144 bit keys
# Testing 152-bit keys.......... not ok! # worst-bit:   0.269% error-ratio: 1.637397e+00
#              +---------------------------------------------------+
#              |012345678901234567890123456789012345678901234567890|
#              +---------------------------------------------------+
# Scale:       |.1234567890abcdefghijklmnopqrstuvwxyzãäåêëîïðñôõöûü|
#              |üÿABCDEFGHIJKLMNOPQRSTUVWXYZÂÃÄÅÊËÑÔÕÖÛÜÝø¤*©®¶&%@#|
#              +---------------------------------------------------+
#              |pct diff from 50%: abs((0.5-(changed/reps))*2) *100|
#              +--------------------------------+
#              |0         1         2         3 |
#              |01234567890123456789012345678901|
#              +--------------------------------+
# seed     0.0 |................................| x 32
# key      0.0 |................................| x 152
#              +--------------------------------+
#              +---------------------------------------------------+
#              |012345678901234567890123456789012345678901234567890|
#              +---------------------------------------------------+
# Scale:       |.1234567890abcdefghijklmnopqrstuvwxyzãäåêëîïðñôõöûü|
#              |üÿABCDEFGHIJKLMNOPQRSTUVWXYZÂÃÄÅÊËÑÔÕÖÛÜÝø¤*©®¶&%@#|
#              +---------------------------------------------------+
#              |scaled p-value above confidence level (zero is ok) |
#              +--------------------------------+
#              |0         1         2         3 |
#              |01234567890123456789012345678901|
#              +--------------------------------+
# seed     0.0 |................................| x 32
# key      0.0 |................................| x 152
#              +--------------------------------+
# 0 of 5888 bits failed (0.00%) failed at 99.999943 confidence
#     g-test: 0.000000%
#     sum-error-square: 0.00041917
#     hash bit-level errors: 6/32
#     - hash bit 11 gtest-prob not-random: 100.0000 (92040120/91959880)
#     - hash bit 14 gtest-prob not-random: 100.0000 (91948928/92051072)
#     - hash bit 19 gtest-prob not-random: 100.0000 (91955250/92044750)
#     - with 3 more hash bit errors not described above.
not ok 37 - Strict Avalanche Criteria - 152 bit keys
# Testing 152-bit keys.......... not ok! # worst-bit:   0.270% error-ratio: 9.497912e-01
#              +---------------------------------------------------+
#              |012345678901234567890123456789012345678901234567890|
#              +---------------------------------------------------+
# Scale:       |.1234567890abcdefghijklmnopqrstuvwxyzãäåêëîïðñôõöûü|
#              |üÿABCDEFGHIJKLMNOPQRSTUVWXYZÂÃÄÅÊËÑÔÕÖÛÜÝø¤*©®¶&%@#|
#              +---------------------------------------------------+
#              |pct diff from 50%: abs((0.5-(changed/reps))*2) *100|
#              +--------------------------------+
#              |0         1         2         3 |
#              |01234567890123456789012345678901|
#              +--------------------------------+
# seed     0.0 |................................| x 32
# key      0.0 |................................| x 152
#              +--------------------------------+
#              +---------------------------------------------------+
#              |012345678901234567890123456789012345678901234567890|
#              +---------------------------------------------------+
# Scale:       |.1234567890abcdefghijklmnopqrstuvwxyzãäåêëîïðñôõöûü|
#              |üÿABCDEFGHIJKLMNOPQRSTUVWXYZÂÃÄÅÊËÑÔÕÖÛÜÝø¤*©®¶&%@#|
#              +---------------------------------------------------+
#              |scaled p-value above confidence level (zero is ok) |
#              +--------------------------------+
#              |0         1         2         3 |
#              |01234567890123456789012345678901|
#              +--------------------------------+
# seed     0.0 |................................| x 32
# key      0.0 |................................| x 152
#              +--------------------------------+
# 0 of 5888 bits failed (0.00%) failed at 99.999943 confidence
#     g-test: 0.000000%
#     sum-error-square: 0.00024315
#     hash bit-level errors: 2/32
#     - hash bit 11 gtest-prob not-random: 100.0000 (91964520/92035480)
#     - hash bit 29 gtest-prob not-random: 100.0000 (91937808/92062192)
not ok 38 - Strict Avalanche Criteria - 160 bit keys
# Testing 256-bit keys.......... not ok! # worst-bit:   0.275% error-ratio: 1.217378e+00
#              +---------------------------------------------------+
#              |012345678901234567890123456789012345678901234567890|
#              +---------------------------------------------------+
# Scale:       |.1234567890abcdefghijklmnopqrstuvwxyzãäåêëîïðñôõöûü|
#              |üÿABCDEFGHIJKLMNOPQRSTUVWXYZÂÃÄÅÊËÑÔÕÖÛÜÝø¤*©®¶&%@#|
#              +---------------------------------------------------+
#              |pct diff from 50%: abs((0.5-(changed/reps))*2) *100|
#              +--------------------------------+
#              |0         1         2         3 |
#              |01234567890123456789012345678901|
#              +--------------------------------+
# seed     0.0 |................................| x 32
# key      0.0 |................................| x 256
#              +--------------------------------+
#              +---------------------------------------------------+
#              |012345678901234567890123456789012345678901234567890|
#              +---------------------------------------------------+
# Scale:       |.1234567890abcdefghijklmnopqrstuvwxyzãäåêëîïðñôõöûü|
#              |üÿABCDEFGHIJKLMNOPQRSTUVWXYZÂÃÄÅÊËÑÔÕÖÛÜÝø¤*©®¶&%@#|
#              +---------------------------------------------------+
#              |scaled p-value above confidence level (zero is ok) |
#              +--------------------------------+
#              |0         1         2         3 |
#              |01234567890123456789012345678901|
#              +--------------------------------+
# seed     0.0 |................................| x 32
# key      0.0 |................................| x 256
#              +--------------------------------+
# 0 of 9216 bits failed (0.00%) failed at 99.999943 confidence
#     g-test: 0.000000%
#     sum-error-square: 0.00031165
#     hash bit-level errors: 3/32
#     - hash bit 24 gtest-prob not-random: 100.0000 (144068750/143931250)
#     - hash bit 26 gtest-prob not-random: 100.0000 (144052088/143947912)
#     - hash bit 30 gtest-prob not-random: 99.9999 (144042546/143957454)
not ok 39 - Strict Avalanche Criteria - 256 bit keys
not ok 40 - Strict Avalanche Criteria # BadHash
### Keyset 'Cyclic' Tests ###
# Keyset 'Cyclic' - 8 cycles of 4 bytes - 10000000 keys
# Testing collisions   - Expected 11641.53, actual  4153959 (356.82x) - failed
not ok 41 - Collision Rate for Keyset 'Cyclic' - 8 cycles of 4 bytes - 10000000 keys
# worst bias is the  19-bit window at bit   6 - 90.501% (416)
not ok 42 - Distribution Bias Check for Keyset 'Cyclic' - 8 cycles of 4 bytes - 10000000 keys
# Keyset 'Cyclic' - 8 cycles of 5 bytes - 10000000 keys
# Testing collisions   - Expected 11641.53, actual   183280 (15.74x) - failed
not ok 43 - Collision Rate for Keyset 'Cyclic' - 8 cycles of 5 bytes - 10000000 keys
ok 44 - Distribution Bias Check for Keyset 'Cyclic' - 8 cycles of 5 bytes - 10000000 keys
# Keyset 'Cyclic' - 8 cycles of 6 bytes - 10000000 keys
# Testing collisions   - Expected 11641.53, actual    11503 ( 0.99x) - passed
ok 45 - Collision Rate for Keyset 'Cyclic' - 8 cycles of 6 bytes - 10000000 keys
ok 46 - Distribution Bias Check for Keyset 'Cyclic' - 8 cycles of 6 bytes - 10000000 keys
# Keyset 'Cyclic' - 8 cycles of 7 bytes - 10000000 keys
# Testing collisions   - Expected 11641.53, actual    92007 ( 7.90x) - failed
not ok 47 - Collision Rate for Keyset 'Cyclic' - 8 cycles of 7 bytes - 10000000 keys
ok 48 - Distribution Bias Check for Keyset 'Cyclic' - 8 cycles of 7 bytes - 10000000 keys
# Keyset 'Cyclic' - 8 cycles of 8 bytes - 10000000 keys
# Testing collisions   - Expected 11641.53, actual    11679 ( 1.00x) - passed
ok 49 - Collision Rate for Keyset 'Cyclic' - 8 cycles of 8 bytes - 10000000 keys
ok 50 - Distribution Bias Check for Keyset 'Cyclic' - 8 cycles of 8 bytes - 10000000 keys
not ok 51 - Keyset 'Cyclic' # BadHash
### Keyset 'TwoBytes' Tests ###
# Testing collisions   - Expected    49.57, actual   443969 - Excessive keys in collision - failed
not ok 52 - Collision Rate for Keyset 'TwoBytes' - up-to-4-byte keys, 652545 total keys
# worst bias is the  16-bit window at bit  16 - 1055025.282% (288)
not ok 53 - Distribution Bias Check for Keyset 'TwoBytes' - up-to-4-byte keys, 652545 total keys
# Testing collisions   - Expected  3484.56, actual  4123713 - Excessive keys in collision - failed
not ok 54 - Collision Rate for Keyset 'TwoBytes' - up-to-8-byte keys, 5471025 total keys
# worst bias is the  19-bit window at bit  13 - 375470.508% (416)
not ok 55 - Distribution Bias Check for Keyset 'TwoBytes' - up-to-8-byte keys, 5471025 total keys
# Testing collisions   - Expected 40347.77, actual 15147191 (375.42x) - failed
not ok 56 - Collision Rate for Keyset 'TwoBytes' - up-to-12-byte keys, 18616785 total keys
# worst bias is the  19-bit window at bit  13 - 93425.136% (416)
not ok 57 - Distribution Bias Check for Keyset 'TwoBytes' - up-to-12-byte keys, 18616785 total keys
# Testing collisions   - Expected 227963.15, actual 37678666 (165.28x) - failed
not ok 58 - Collision Rate for Keyset 'TwoBytes' - up-to-16-byte keys, 44251425 total keys
# worst bias is the  19-bit window at bit  13 - 32550.518% (416)
not ok 59 - Distribution Bias Check for Keyset 'TwoBytes' - up-to-16-byte keys, 44251425 total keys
# Testing collisions   - Expected 871784.70, actual 75882075 (87.04x) - failed
not ok 60 - Collision Rate for Keyset 'TwoBytes' - up-to-20-byte keys, 86536545 total keys
# worst bias is the  20-bit window at bit  12 - 14195.920% (416)
not ok 61 - Distribution Bias Check for Keyset 'TwoBytes' - up-to-20-byte keys, 86536545 total keys
not ok 62 - Keyset 'TwoBytes' # BadHash
### Keyset 'Sparse' Tests ###
# Keyset 'Sparse' - 32-bit keys with up to 6 bits set - 1149017 keys
# Testing collisions   - Expected   153.70, actual      167 ( 1.09x) - passed
ok 63 - Collision Rate for Keyset 'Sparse' - 32-bit keys with up to 6 bits set
# worst bias is the  17-bit window at bit  15 - 69.978% (320)
not ok 64 - Distribution Bias Check for Keyset 'Sparse' - 32-bit keys with up to 6 bits set
# Keyset 'Sparse' - 40-bit keys with up to 6 bits set - 4598479 keys
# Testing collisions   - Expected  2461.72, actual     2403 ( 0.98x) - passed
ok 65 - Collision Rate for Keyset 'Sparse' - 40-bit keys with up to 6 bits set
# worst bias is the  19-bit window at bit  13 - 81.829% (384)
not ok 66 - Distribution Bias Check for Keyset 'Sparse' - 40-bit keys with up to 6 bits set
# Keyset 'Sparse' - 48-bit keys with up to 5 bits set - 1925357 keys
# Testing collisions   - Expected   431.55, actual      408 ( 0.95x) - passed
ok 67 - Collision Rate for Keyset 'Sparse' - 48-bit keys with up to 5 bits set
# worst bias is the  18-bit window at bit  14 - 115.105% (352)
not ok 68 - Distribution Bias Check for Keyset 'Sparse' - 48-bit keys with up to 5 bits set
# Keyset 'Sparse' - 56-bit keys with up to 5 bits set - 4216423 keys
# Testing collisions   - Expected  2069.66, actual     2099 ( 1.01x) - passed
ok 69 - Collision Rate for Keyset 'Sparse' - 56-bit keys with up to 5 bits set
# worst bias is the  19-bit window at bit  13 - 105.747% (384)
not ok 70 - Distribution Bias Check for Keyset 'Sparse' - 56-bit keys with up to 5 bits set
# Keyset 'Sparse' - 64-bit keys with up to 5 bits set - 8303633 keys
# Testing collisions   - Expected  8026.87, actual     8075 ( 1.01x) - passed
ok 71 - Collision Rate for Keyset 'Sparse' - 64-bit keys with up to 5 bits set
# worst bias is the  20-bit window at bit  12 - 89.804% (416)
not ok 72 - Distribution Bias Check for Keyset 'Sparse' - 64-bit keys with up to 5 bits set
# Keyset 'Sparse' - 96-bit keys with up to 4 bits set - 3469497 keys
# Testing collisions   - Expected  1401.34, actual     1467 ( 1.05x) - passed
ok 73 - Collision Rate for Keyset 'Sparse' - 96-bit keys with up to 4 bits set
# worst bias is the  19-bit window at bit  13 - 104.966% (384)
not ok 74 - Distribution Bias Check for Keyset 'Sparse' - 96-bit keys with up to 4 bits set
# Keyset 'Sparse' - 256-bit keys with up to 3 bits set - 2796417 keys
# Testing collisions   - Expected   910.36, actual      928 ( 1.02x) - passed
ok 75 - Collision Rate for Keyset 'Sparse' - 256-bit keys with up to 3 bits set
# worst bias is the  19-bit window at bit  13 - 49.481% (384)
not ok 76 - Distribution Bias Check for Keyset 'Sparse' - 256-bit keys with up to 3 bits set
# Keyset 'Sparse' - 2048-bit keys with up to 2 bits set - 2098177 keys
# Testing collisions   - Expected   512.50, actual      509 ( 0.99x) - passed
ok 77 - Collision Rate for Keyset 'Sparse' - 2048-bit keys with up to 2 bits set
# worst bias is the  18-bit window at bit  14 - 3.737% (352)
not ok 78 - Distribution Bias Check for Keyset 'Sparse' - 2048-bit keys with up to 2 bits set
not ok 79 - Keyset 'Sparse' # BadHash
# Keyset 'CRC-MultiCollision' - 1048575 x 16 block keys - 128-bytes long - 10 seeds
# Testing collisions   - Expected   128.00, actual      143 ( 1.12x) - passed
ok 80 - Collision Rate for Keyset 'CRC-MultiCollision' - seed 1 # BadHash
# Testing collisions   - Expected   128.00, actual      137 ( 1.07x) - passed
ok 81 - Collision Rate for Keyset 'CRC-MultiCollision' - seed 2 # BadHash
# Testing collisions   - Expected   128.00, actual      139 ( 1.09x) - passed
ok 82 - Collision Rate for Keyset 'CRC-MultiCollision' - seed 3 # BadHash
# Testing collisions   - Expected   128.00, actual      131 ( 1.02x) - passed
ok 83 - Collision Rate for Keyset 'CRC-MultiCollision' - seed 4 # BadHash
# Testing collisions   - Expected   128.00, actual      125 ( 0.98x) - passed
ok 84 - Collision Rate for Keyset 'CRC-MultiCollision' - seed 5 # BadHash
# Testing collisions   - Expected   128.00, actual      123 ( 0.96x) - passed
ok 85 - Collision Rate for Keyset 'CRC-MultiCollision' - seed 6 # BadHash
# Testing collisions   - Expected   128.00, actual      147 ( 1.15x) - passed
ok 86 - Collision Rate for Keyset 'CRC-MultiCollision' - seed 7 # BadHash
# Testing collisions   - Expected   128.00, actual      117 ( 0.91x) - passed
ok 87 - Collision Rate for Keyset 'CRC-MultiCollision' - seed 8 # BadHash
# Testing collisions   - Expected   128.00, actual      145 ( 1.13x) - passed
ok 88 - Collision Rate for Keyset 'CRC-MultiCollision' - seed 9 # BadHash
# Testing collisions   - Expected   128.00, actual      131 ( 1.02x) - passed
ok 89 - Collision Rate for Keyset 'CRC-MultiCollision' - seed 10 # BadHash
### Keyset 'Combination Lowbits' Tests ###
# Keyset 'Combination' - up to 8 blocks from a set of 8 - 19173960 keys
# Testing collisions   - Expected 42799.01, actual        0 ( 0.00x) - passed
ok 90 - Collision Rate for Keyset 'Combination Lowbits'
# worst bias is the  20-bit window at bit   7 - 85.260% (416)
not ok 91 - Distribution Bias Check for Keyset 'Combination Lowbits'
not ok 92 - Keyset 'Combination Lowbits' # BadHash
### Keyset 'Combination Highbits' Tests ###
# Keyset 'Combination' - up to 8 blocks from a set of 8 - 19173960 keys
# Testing collisions   - Expected 42799.01, actual        0 ( 0.00x) - passed
ok 93 - Collision Rate for Keyset 'Combination Highbits'
# worst bias is the  20-bit window at bit  14 - 3.478% (416)
not ok 94 - Distribution Bias Check for Keyset 'Combination Highbits'
not ok 95 - Keyset 'Combination Highbits' # BadHash
### Keyset 'Combination Highbits2' Tests ###
# Keyset 'Combination' - up to 8 blocks from a set of 8 - 19173960 keys
# Testing collisions   - Expected 42799.01, actual        0 ( 0.00x) - passed
ok 96 - Collision Rate for Keyset 'Combination Highbits2'
# worst bias is the  18-bit window at bit  16 - 96.034% (416)
not ok 97 - Distribution Bias Check for Keyset 'Combination Highbits2'
not ok 98 - Keyset 'Combination Highbits2' # BadHash
### Keyset 'Combination 0x80000000' Tests ###
# Keyset 'Combination' - up to 20 blocks from a set of 2 - 2097150 keys
# Testing collisions   - Expected   512.00, actual        0 ( 0.00x) - passed
ok 99 - Collision Rate for Keyset 'Combination 0x80000000'
# worst bias is the  18-bit window at bit   6 - 86.868% (352)
not ok 100 - Distribution Bias Check for Keyset 'Combination 0x80000000'
not ok 101 - Keyset 'Combination 0x80000000' # BadHash
### Keyset 'Combination 0x00000001' Tests ###
# Keyset 'Combination' - up to 20 blocks from a set of 2 - 2097150 keys
# Testing collisions   - Expected   512.00, actual        0 ( 0.00x) - passed
ok 102 - Collision Rate for Keyset 'Combination 0x00000001'
# worst bias is the  18-bit window at bit  25 - 108.705% (352)
not ok 103 - Distribution Bias Check for Keyset 'Combination 0x00000001'
not ok 104 - Keyset 'Combination 0x00000001' # BadHash
### Keyset 'Combination Hi-Lo' Tests ###
# Keyset 'Combination' - up to 6 blocks from a set of 15 - 12204240 keys
# Testing collisions   - Expected 17339.30, actual     4568 ( 0.26x) - passed
ok 105 - Collision Rate for Keyset 'Combination Hi-Lo'
# worst bias is the  20-bit window at bit  14 - 30.249% (416)
not ok 106 - Distribution Bias Check for Keyset 'Combination Hi-Lo'
not ok 107 - Keyset 'Combination Hi-Lo' # BadHash
### Keyset 'Text' Tests ###
# Keyset 'Text' - keys of form "Foo[XXXX]Bar" - 14776336 keys
# Testing collisions   - Expected 25418.13, actual 13310656 (523.67x) - failed
not ok 108 - Collision Rate for Keyset 'Text' - keys of form "Foo[XXXX]Bar" - 14776336 keys
# worst bias is the  20-bit window at bit   7 - 281.311% (416)
not ok 109 - Distribution Bias Check for Keyset 'Text' - keys of form "Foo[XXXX]Bar" - 14776336 keys
# Keyset 'Text' - keys of form "FooBar[XXXX]" - 14776336 keys
# Testing collisions   - Expected 25418.13, actual 13310656 (523.67x) - failed
not ok 110 - Collision Rate for Keyset 'Text' - keys of form "FooBar[XXXX]" - 14776336 keys
# worst bias is the  19-bit window at bit  13 - 213714.628% (416)
not ok 111 - Distribution Bias Check for Keyset 'Text' - keys of form "FooBar[XXXX]" - 14776336 keys
# Keyset 'Text' - keys of form "[XXXX]FooBar" - 14776336 keys
# Testing collisions   - Expected 25418.13, actual 13310656 (523.67x) - failed
not ok 112 - Collision Rate for Keyset 'Text' - keys of form "[XXXX]FooBar" - 14776336 keys
# worst bias is the  20-bit window at bit   5 - 142.256% (416)
not ok 113 - Distribution Bias Check for Keyset 'Text' - keys of form "[XXXX]FooBar" - 14776336 keys
not ok 114 - Keyset 'Text' # BadHash
### Keyset 'Zeroes' Tests ###
# Keyset 'Zeroes' - 262144 keys
# Testing collisions   - Expected     8.00, actual        0 ( 0.00x) - passed
ok 115 - Collision Rate for Keyset 'Zeroes' - 262144 keys
ok 116 - Distribution Bias Check for Keyset 'Zeroes' - 262144 keys
ok 117 - Keyset 'Zeroes' # BadHash
### Keyset 'Seed' Tests ###
# Keyset 'Seed' - 2000000 seeds, Key "The quick brown fox "...
# Testing collisions   - Expected   465.46, actual        0 ( 0.00x) - passed
ok 118 - Collision Rate for Keyset 'Seed' - 2000000 seeds, Key "The quick brown fox "...
ok 119 - Distribution Bias Check for Keyset 'Seed' - 2000000 seeds, Key "The quick brown fox "...
# Keyset 'Seed' - 2000000 seeds, Key ""
# Testing collisions   - Expected   465.44, actual        0 ( 0.00x) - passed
ok 120 - Collision Rate for Keyset 'Seed' - 2000000 seeds, Key ""
ok 121 - Distribution Bias Check for Keyset 'Seed' - 2000000 seeds, Key ""
# Keyset 'Seed' - 2000000 seeds, Key "00101100110101101"
# Testing collisions   - Expected   465.46, actual        0 ( 0.00x) - passed
ok 122 - Collision Rate for Keyset 'Seed' - 2000000 seeds, Key "00101100110101101"
ok 123 - Distribution Bias Check for Keyset 'Seed' - 2000000 seeds, Key "00101100110101101"
# Keyset 'Seed' - 2000000 seeds, Key "abcbcddbdebdcaaabaaa"...
# Testing collisions   - Expected   465.45, actual        0 ( 0.00x) - passed
ok 124 - Collision Rate for Keyset 'Seed' - 2000000 seeds, Key "abcbcddbdebdcaaabaaa"...
ok 125 - Distribution Bias Check for Keyset 'Seed' - 2000000 seeds, Key "abcbcddbdebdcaaabaaa"...
ok 126 - Keyset 'Seed' # BadHash
### Keyset 'Effs' Tests ###
# Keyset 'Effs' - 262144 keys
# Testing collisions   - Expected     8.00, actual        0 ( 0.00x) - passed
ok 127 - Collision Rate for Keyset 'Effs' - 262144 keys
ok 128 - Distribution Bias Check for Keyset 'Effs' - 262144 keys
ok 129 - Keyset 'Effs' # BadHash
not ok 130 - all tests passed # BadHash
1..130
# Tests Failed. BadHash failed 72 of 130 tests.
# Testing took 1480.616233 seconds
# This is SMHasher version v1.0-demerphq-5-g86440f3 - built on Mar 10 2017.
