ok 1 - Found Hash # BeagleHash_64_96
###################################################################
### Testing BeagleHash_64_96 - with seed_state
### - Evolved hash with 128-bit state (2x64) - Yves Orton -
### seedbits: 96 statebits: 128 hashbits: 64
###################################################################
ok 2 - Verification code # BeagleHash_64_96
# BeagleHash_64_96     - Verification value 0x7F55950F : Passed.
### Sanity Tests ###
# Sanity check simple key bit flips and consistency..........
ok 3 - SanityTest # BeagleHash_64_96
# Sanity check null suffixes change the hash (simple)..........
ok 4 - Appended Zeroes Test # BeagleHash_64_96
ok 5 - Sanity Test # BeagleHash_64_96
### Speed Tests ###
## Bulk speed test - 262144-byte keys
# Alignment  7 -  1.899 bytes/cycle - 5431.97 MiB/sec @ 3 ghz
# Alignment  6 -  1.899 bytes/cycle - 5432.22 MiB/sec @ 3 ghz
# Alignment  5 -  1.899 bytes/cycle - 5432.12 MiB/sec @ 3 ghz
# Alignment  4 -  1.898 bytes/cycle - 5430.49 MiB/sec @ 3 ghz
# Alignment  3 -  1.899 bytes/cycle - 5432.13 MiB/sec @ 3 ghz
# Alignment  2 -  1.899 bytes/cycle - 5432.28 MiB/sec @ 3 ghz
# Alignment  1 -  1.899 bytes/cycle - 5431.89 MiB/sec @ 3 ghz
# Alignment  0 -  1.915 bytes/cycle - 5479.23 MiB/sec @ 3 ghz
# Average      -  1.901 bytes/cycle - 5437.79 MiB/sec @ 3 ghz
## KeySpeed tests
# BeagleHash_64_96          0 byte keys       16.488 c/h
# BeagleHash_64_96          1 byte keys       29.971 c/h       29.971 c/b        0.033 b/c
# BeagleHash_64_96          2 byte keys       33.000 c/h       16.500 c/b        0.061 b/c
# BeagleHash_64_96          3 byte keys       33.000 c/h       11.000 c/b        0.091 b/c
# BeagleHash_64_96          4 byte keys       34.000 c/h        8.500 c/b        0.118 b/c
# BeagleHash_64_96          5 byte keys       35.000 c/h        7.000 c/b        0.143 b/c
# BeagleHash_64_96          6 byte keys       36.247 c/h        6.041 c/b        0.166 b/c
# BeagleHash_64_96          7 byte keys       37.000 c/h        5.286 c/b        0.189 b/c
# BeagleHash_64_96          8 byte keys       35.000 c/h        4.375 c/b        0.229 b/c
# BeagleHash_64_96          9 byte keys       35.000 c/h        3.889 c/b        0.257 b/c
# BeagleHash_64_96         10 byte keys       35.000 c/h        3.500 c/b        0.286 b/c
# BeagleHash_64_96         11 byte keys       34.998 c/h        3.182 c/b        0.314 b/c
# BeagleHash_64_96         12 byte keys       35.000 c/h        2.917 c/b        0.343 b/c
# BeagleHash_64_96         13 byte keys       35.000 c/h        2.692 c/b        0.371 b/c
# BeagleHash_64_96         14 byte keys       35.000 c/h        2.500 c/b        0.400 b/c
# BeagleHash_64_96         15 byte keys       35.000 c/h        2.333 c/b        0.429 b/c
# BeagleHash_64_96         16 byte keys       37.985 c/h        2.374 c/b        0.421 b/c
# BeagleHash_64_96         17 byte keys       38.000 c/h        2.235 c/b        0.447 b/c
# BeagleHash_64_96         18 byte keys       38.000 c/h        2.111 c/b        0.474 b/c
# BeagleHash_64_96         19 byte keys       38.000 c/h        2.000 c/b        0.500 b/c
# BeagleHash_64_96         20 byte keys       38.000 c/h        1.900 c/b        0.526 b/c
# BeagleHash_64_96         21 byte keys       38.000 c/h        1.810 c/b        0.553 b/c
# BeagleHash_64_96         22 byte keys       38.000 c/h        1.727 c/b        0.579 b/c
# BeagleHash_64_96         23 byte keys       38.000 c/h        1.652 c/b        0.605 b/c
# BeagleHash_64_96         24 byte keys       44.000 c/h        1.833 c/b        0.545 b/c
# BeagleHash_64_96         25 byte keys       44.436 c/h        1.777 c/b        0.563 b/c
# BeagleHash_64_96         26 byte keys       44.000 c/h        1.692 c/b        0.591 b/c
# BeagleHash_64_96         27 byte keys       44.872 c/h        1.662 c/b        0.602 b/c
# BeagleHash_64_96         28 byte keys       44.000 c/h        1.571 c/b        0.636 b/c
# BeagleHash_64_96         29 byte keys       44.769 c/h        1.544 c/b        0.648 b/c
# BeagleHash_64_96         30 byte keys       44.235 c/h        1.474 c/b        0.678 b/c
# BeagleHash_64_96         31 byte keys       44.770 c/h        1.444 c/b        0.692 b/c
#                          Average < 32       37.305 c/h        2.407 c/b        0.415 b/c
# BeagleHash_64_96         32 byte keys       46.819 c/h        1.463 c/b        0.683 b/c
# BeagleHash_64_96         36 byte keys       46.000 c/h        1.278 c/b        0.783 b/c
# BeagleHash_64_96         40 byte keys       52.956 c/h        1.324 c/b        0.755 b/c
# BeagleHash_64_96         44 byte keys       52.991 c/h        1.204 c/b        0.830 b/c
# BeagleHash_64_96         48 byte keys       54.715 c/h        1.140 c/b        0.877 b/c
# BeagleHash_64_96         52 byte keys       53.999 c/h        1.038 c/b        0.963 b/c
# BeagleHash_64_96         56 byte keys       60.877 c/h        1.087 c/b        0.920 b/c
# BeagleHash_64_96         60 byte keys       60.000 c/h        1.000 c/b        1.000 b/c
# BeagleHash_64_96         64 byte keys       61.975 c/h        0.968 c/b        1.033 b/c
# BeagleHash_64_96         68 byte keys       61.984 c/h        0.912 c/b        1.097 b/c
# BeagleHash_64_96         72 byte keys       68.228 c/h        0.948 c/b        1.055 b/c
# BeagleHash_64_96         76 byte keys       67.995 c/h        0.895 c/b        1.118 b/c
# BeagleHash_64_96         80 byte keys       70.271 c/h        0.878 c/b        1.138 b/c
# BeagleHash_64_96         84 byte keys       69.999 c/h        0.833 c/b        1.200 b/c
# BeagleHash_64_96         88 byte keys       76.873 c/h        0.874 c/b        1.145 b/c
# BeagleHash_64_96         92 byte keys       76.591 c/h        0.833 c/b        1.201 b/c
# BeagleHash_64_96         96 byte keys       79.641 c/h        0.830 c/b        1.205 b/c
# BeagleHash_64_96        100 byte keys       78.967 c/h        0.790 c/b        1.266 b/c
# BeagleHash_64_96        104 byte keys       85.965 c/h        0.827 c/b        1.210 b/c
# BeagleHash_64_96        108 byte keys       85.697 c/h        0.793 c/b        1.260 b/c
# BeagleHash_64_96        112 byte keys       89.055 c/h        0.795 c/b        1.258 b/c
# BeagleHash_64_96        116 byte keys       88.098 c/h        0.759 c/b        1.317 b/c
# BeagleHash_64_96        120 byte keys       94.752 c/h        0.790 c/b        1.266 b/c
# BeagleHash_64_96        124 byte keys       93.901 c/h        0.757 c/b        1.321 b/c
#                         Average < 128       51.288 c/h        1.213 c/b        0.824 b/c
# BeagleHash_64_96        128 byte keys       96.620 c/h        0.755 c/b        1.325 b/c
# BeagleHash_64_96        256 byte keys      150.248 c/h        0.587 c/b        1.704 b/c
# BeagleHash_64_96        512 byte keys      301.013 c/h        0.588 c/b        1.701 b/c
# BeagleHash_64_96       1024 byte keys      573.265 c/h        0.560 c/b        1.786 b/c
# BeagleHash_64_96       2048 byte keys     1103.153 c/h        0.539 c/b        1.856 b/c
# BeagleHash_64_96       4096 byte keys     2171.445 c/h        0.530 c/b        1.886 b/c
# BeagleHash_64_96       8192 byte keys     4308.991 c/h        0.526 c/b        1.901 b/c
# BeagleHash_64_96      16384 byte keys     8584.827 c/h        0.524 c/b        1.908 b/c
# BeagleHash_64_96      32768 byte keys    17141.838 c/h        0.523 c/b        1.912 b/c
# BeagleHash_64_96      65536 byte keys    34244.869 c/h        0.523 c/b        1.914 b/c
#                       Overall Average     1084.066 c/h        0.537 c/b        1.863 b/c
ok 6 - Speed (always passes) # BeagleHash_64_96
### Differential Tests ###
# Testing 8303632 up-to-5-bit differentials in 64-bit keys -> 64 bit hashes.
# 1000 reps, 8303632000 total tests, expecting 0.00 random collisions..........
ok 7 - Differential collisions # BeagleHash_64_96
ok 8 - Nothing skipped during differential collision check # BeagleHash_64_96
# 0 total collisions, of which 0 single collisions were ignored
ok 9 - ProcessDifferentials
# Testing 11017632 up-to-4-bit differentials in 128-bit keys -> 64 bit hashes.
# 1000 reps, 11017632000 total tests, expecting 0.00 random collisions..........
ok 10 - Differential collisions # BeagleHash_64_96
ok 11 - Nothing skipped during differential collision check # BeagleHash_64_96
# 0 total collisions, of which 0 single collisions were ignored
ok 12 - ProcessDifferentials
# Testing 2796416 up-to-3-bit differentials in 256-bit keys -> 64 bit hashes.
# 1000 reps, 2796416000 total tests, expecting 0.00 random collisions..........
ok 13 - Differential collisions # BeagleHash_64_96
ok 14 - Nothing skipped during differential collision check # BeagleHash_64_96
# 0 total collisions, of which 0 single collisions were ignored
ok 15 - ProcessDifferentials
ok 16 - Differential # BeagleHash_64_96
### Avalanche Tests ### - seed-bits: 96 hash-bits: 64
# Samples 500000, expected error 0.00051200, confidence level 99.99994267%
# Testing   0-bit keys.......... ok.     # worst-bit:   0.522% error-ratio: 9.879930e-01
ok 17 - Strict Avalanche Criteria - 0 bit keys
# Testing   8-bit keys.......... ok.     # worst-bit:   0.608% error-ratio: 9.903748e-01
ok 18 - Strict Avalanche Criteria - 8 bit keys
# Testing  16-bit keys.......... ok.     # worst-bit:   0.577% error-ratio: 1.012733e+00
ok 19 - Strict Avalanche Criteria - 16 bit keys
# Testing  24-bit keys.......... ok.     # worst-bit:   0.551% error-ratio: 1.016763e+00
ok 20 - Strict Avalanche Criteria - 24 bit keys
# Testing  32-bit keys.......... ok.     # worst-bit:   0.573% error-ratio: 1.018295e+00
ok 21 - Strict Avalanche Criteria - 32 bit keys
# Testing  40-bit keys.......... ok.     # worst-bit:   0.549% error-ratio: 1.003150e+00
ok 22 - Strict Avalanche Criteria - 40 bit keys
# Testing  48-bit keys.......... ok.     # worst-bit:   0.641% error-ratio: 9.917163e-01
ok 23 - Strict Avalanche Criteria - 48 bit keys
# Testing  56-bit keys.......... ok.     # worst-bit:   0.572% error-ratio: 1.007797e+00
ok 24 - Strict Avalanche Criteria - 56 bit keys
# Testing  64-bit keys.......... ok.     # worst-bit:   0.607% error-ratio: 9.924148e-01
ok 25 - Strict Avalanche Criteria - 64 bit keys
# Testing  72-bit keys.......... ok.     # worst-bit:   0.582% error-ratio: 1.005305e+00
ok 26 - Strict Avalanche Criteria - 72 bit keys
# Testing  80-bit keys.......... ok.     # worst-bit:   0.549% error-ratio: 9.992865e-01
ok 27 - Strict Avalanche Criteria - 80 bit keys
# Testing  88-bit keys.......... ok.     # worst-bit:   0.563% error-ratio: 9.882323e-01
ok 28 - Strict Avalanche Criteria - 88 bit keys
# Testing  96-bit keys.......... ok.     # worst-bit:   0.577% error-ratio: 1.036026e+00
ok 29 - Strict Avalanche Criteria - 96 bit keys
# Testing 104-bit keys.......... ok.     # worst-bit:   0.542% error-ratio: 1.022159e+00
ok 30 - Strict Avalanche Criteria - 104 bit keys
# Testing 112-bit keys.......... ok.     # worst-bit:   0.579% error-ratio: 9.978282e-01
ok 31 - Strict Avalanche Criteria - 112 bit keys
# Testing 120-bit keys.......... ok.     # worst-bit:   0.638% error-ratio: 1.002167e+00
ok 32 - Strict Avalanche Criteria - 120 bit keys
# Testing 128-bit keys.......... ok.     # worst-bit:   0.683% error-ratio: 9.976971e-01
ok 33 - Strict Avalanche Criteria - 128 bit keys
# Testing 136-bit keys.......... ok.     # worst-bit:   0.558% error-ratio: 9.996931e-01
ok 34 - Strict Avalanche Criteria - 136 bit keys
# Testing 144-bit keys.......... ok.     # worst-bit:   0.604% error-ratio: 9.868786e-01
ok 35 - Strict Avalanche Criteria - 144 bit keys
# Testing 152-bit keys.......... ok.     # worst-bit:   0.614% error-ratio: 1.019602e+00
ok 36 - Strict Avalanche Criteria - 152 bit keys
# Testing 152-bit keys.......... ok.     # worst-bit:   0.558% error-ratio: 1.004886e+00
ok 37 - Strict Avalanche Criteria - 160 bit keys
# Testing 200-bit keys.......... ok.     # worst-bit:   0.594% error-ratio: 9.903151e-01
ok 38 - Strict Avalanche Criteria - 200 bit keys
# Testing 256-bit keys.......... ok.     # worst-bit:   0.632% error-ratio: 9.890012e-01
ok 39 - Strict Avalanche Criteria - 256 bit keys
# Testing 512-bit keys.......... ok.     # worst-bit:   0.610% error-ratio: 1.008673e+00
ok 40 - Strict Avalanche Criteria - 512 bit keys
ok 41 - Strict Avalanche Criteria # BeagleHash_64_96
### Keyset 'Cyclic' Tests ###
# Keyset 'Cyclic' - 8 cycles of 8 bytes - 10000000 keys
# Testing collisions   - Expected     0.00, actual        0 ( 0.00x) - passed
ok 42 - Collision Rate for Keyset 'Cyclic' - 8 cycles of 8 bytes - 10000000 keys
ok 43 - Distribution Bias Check for Keyset 'Cyclic' - 8 cycles of 8 bytes - 10000000 keys
# Keyset 'Cyclic' - 8 cycles of 9 bytes - 10000000 keys
# Testing collisions   - Expected     0.00, actual        0 ( 0.00x) - passed
ok 44 - Collision Rate for Keyset 'Cyclic' - 8 cycles of 9 bytes - 10000000 keys
ok 45 - Distribution Bias Check for Keyset 'Cyclic' - 8 cycles of 9 bytes - 10000000 keys
# Keyset 'Cyclic' - 8 cycles of 10 bytes - 10000000 keys
# Testing collisions   - Expected     0.00, actual        0 ( 0.00x) - passed
ok 46 - Collision Rate for Keyset 'Cyclic' - 8 cycles of 10 bytes - 10000000 keys
ok 47 - Distribution Bias Check for Keyset 'Cyclic' - 8 cycles of 10 bytes - 10000000 keys
# Keyset 'Cyclic' - 8 cycles of 11 bytes - 10000000 keys
# Testing collisions   - Expected     0.00, actual        0 ( 0.00x) - passed
ok 48 - Collision Rate for Keyset 'Cyclic' - 8 cycles of 11 bytes - 10000000 keys
ok 49 - Distribution Bias Check for Keyset 'Cyclic' - 8 cycles of 11 bytes - 10000000 keys
# Keyset 'Cyclic' - 8 cycles of 12 bytes - 10000000 keys
# Testing collisions   - Expected     0.00, actual        0 ( 0.00x) - passed
ok 50 - Collision Rate for Keyset 'Cyclic' - 8 cycles of 12 bytes - 10000000 keys
ok 51 - Distribution Bias Check for Keyset 'Cyclic' - 8 cycles of 12 bytes - 10000000 keys
ok 52 - Keyset 'Cyclic' # BeagleHash_64_96
### Keyset 'TwoBytes' Tests ###
# Testing collisions   - Expected     0.00, actual        0 ( 0.00x) - passed
ok 53 - Collision Rate for Keyset 'TwoBytes' - up-to-4-byte keys, 652545 total keys
ok 54 - Distribution Bias Check for Keyset 'TwoBytes' - up-to-4-byte keys, 652545 total keys
# Testing collisions   - Expected     0.00, actual        0 ( 0.00x) - passed
ok 55 - Collision Rate for Keyset 'TwoBytes' - up-to-8-byte keys, 5471025 total keys
ok 56 - Distribution Bias Check for Keyset 'TwoBytes' - up-to-8-byte keys, 5471025 total keys
# Testing collisions   - Expected     0.00, actual        0 ( 0.00x) - passed
ok 57 - Collision Rate for Keyset 'TwoBytes' - up-to-12-byte keys, 18616785 total keys
ok 58 - Distribution Bias Check for Keyset 'TwoBytes' - up-to-12-byte keys, 18616785 total keys
# Testing collisions   - Expected     0.00, actual        0 ( 0.00x) - passed
ok 59 - Collision Rate for Keyset 'TwoBytes' - up-to-16-byte keys, 44251425 total keys
ok 60 - Distribution Bias Check for Keyset 'TwoBytes' - up-to-16-byte keys, 44251425 total keys
# Testing collisions   - Expected     0.00, actual        0 ( 0.00x) - passed
ok 61 - Collision Rate for Keyset 'TwoBytes' - up-to-20-byte keys, 86536545 total keys
ok 62 - Distribution Bias Check for Keyset 'TwoBytes' - up-to-20-byte keys, 86536545 total keys
ok 63 - Keyset 'TwoBytes' # BeagleHash_64_96
### Keyset 'Sparse' Tests ###
# Keyset 'Sparse' - 32-bit keys with up to 6 bits set - 1149017 keys
# Testing collisions   - Expected     0.00, actual        0 ( 0.00x) - passed
ok 64 - Collision Rate for Keyset 'Sparse' - 32-bit keys with up to 6 bits set
ok 65 - Distribution Bias Check for Keyset 'Sparse' - 32-bit keys with up to 6 bits set
# Keyset 'Sparse' - 40-bit keys with up to 6 bits set - 4598479 keys
# Testing collisions   - Expected     0.00, actual        0 ( 0.00x) - passed
ok 66 - Collision Rate for Keyset 'Sparse' - 40-bit keys with up to 6 bits set
ok 67 - Distribution Bias Check for Keyset 'Sparse' - 40-bit keys with up to 6 bits set
# Keyset 'Sparse' - 48-bit keys with up to 5 bits set - 1925357 keys
# Testing collisions   - Expected     0.00, actual        0 ( 0.00x) - passed
ok 68 - Collision Rate for Keyset 'Sparse' - 48-bit keys with up to 5 bits set
ok 69 - Distribution Bias Check for Keyset 'Sparse' - 48-bit keys with up to 5 bits set
# Keyset 'Sparse' - 56-bit keys with up to 5 bits set - 4216423 keys
# Testing collisions   - Expected     0.00, actual        0 ( 0.00x) - passed
ok 70 - Collision Rate for Keyset 'Sparse' - 56-bit keys with up to 5 bits set
ok 71 - Distribution Bias Check for Keyset 'Sparse' - 56-bit keys with up to 5 bits set
# Keyset 'Sparse' - 64-bit keys with up to 5 bits set - 8303633 keys
# Testing collisions   - Expected     0.00, actual        0 ( 0.00x) - passed
ok 72 - Collision Rate for Keyset 'Sparse' - 64-bit keys with up to 5 bits set
ok 73 - Distribution Bias Check for Keyset 'Sparse' - 64-bit keys with up to 5 bits set
# Keyset 'Sparse' - 96-bit keys with up to 4 bits set - 3469497 keys
# Testing collisions   - Expected     0.00, actual        0 ( 0.00x) - passed
ok 74 - Collision Rate for Keyset 'Sparse' - 96-bit keys with up to 4 bits set
ok 75 - Distribution Bias Check for Keyset 'Sparse' - 96-bit keys with up to 4 bits set
# Keyset 'Sparse' - 256-bit keys with up to 3 bits set - 2796417 keys
# Testing collisions   - Expected     0.00, actual        0 ( 0.00x) - passed
ok 76 - Collision Rate for Keyset 'Sparse' - 256-bit keys with up to 3 bits set
ok 77 - Distribution Bias Check for Keyset 'Sparse' - 256-bit keys with up to 3 bits set
# Keyset 'Sparse' - 2048-bit keys with up to 2 bits set - 2098177 keys
# Testing collisions   - Expected     0.00, actual        0 ( 0.00x) - passed
ok 78 - Collision Rate for Keyset 'Sparse' - 2048-bit keys with up to 2 bits set
ok 79 - Distribution Bias Check for Keyset 'Sparse' - 2048-bit keys with up to 2 bits set
ok 80 - Keyset 'Sparse' # BeagleHash_64_96
# Keyset 'CRC-MultiCollision' - 1048575 x 16 block keys - 128-bytes long - 10 seeds
# Testing collisions   - Expected     0.00, actual        0 ( 0.00x) - passed
ok 81 - Collision Rate for Keyset 'CRC-MultiCollision' - seed 1 # BeagleHash_64_96
# Testing collisions   - Expected     0.00, actual        0 ( 0.00x) - passed
ok 82 - Collision Rate for Keyset 'CRC-MultiCollision' - seed 2 # BeagleHash_64_96
# Testing collisions   - Expected     0.00, actual        0 ( 0.00x) - passed
ok 83 - Collision Rate for Keyset 'CRC-MultiCollision' - seed 3 # BeagleHash_64_96
# Testing collisions   - Expected     0.00, actual        0 ( 0.00x) - passed
ok 84 - Collision Rate for Keyset 'CRC-MultiCollision' - seed 4 # BeagleHash_64_96
# Testing collisions   - Expected     0.00, actual        0 ( 0.00x) - passed
ok 85 - Collision Rate for Keyset 'CRC-MultiCollision' - seed 5 # BeagleHash_64_96
# Testing collisions   - Expected     0.00, actual        0 ( 0.00x) - passed
ok 86 - Collision Rate for Keyset 'CRC-MultiCollision' - seed 6 # BeagleHash_64_96
# Testing collisions   - Expected     0.00, actual        0 ( 0.00x) - passed
ok 87 - Collision Rate for Keyset 'CRC-MultiCollision' - seed 7 # BeagleHash_64_96
# Testing collisions   - Expected     0.00, actual        0 ( 0.00x) - passed
ok 88 - Collision Rate for Keyset 'CRC-MultiCollision' - seed 8 # BeagleHash_64_96
# Testing collisions   - Expected     0.00, actual        0 ( 0.00x) - passed
ok 89 - Collision Rate for Keyset 'CRC-MultiCollision' - seed 9 # BeagleHash_64_96
# Testing collisions   - Expected     0.00, actual        0 ( 0.00x) - passed
ok 90 - Collision Rate for Keyset 'CRC-MultiCollision' - seed 10 # BeagleHash_64_96
### Keyset 'Combination Lowbits' Tests ###
# Keyset 'Combination' - up to 8 blocks from a set of 8 - 19173960 keys
# Testing collisions   - Expected     0.00, actual        0 ( 0.00x) - passed
ok 91 - Collision Rate for Keyset 'Combination Lowbits'
ok 92 - Distribution Bias Check for Keyset 'Combination Lowbits'
ok 93 - Keyset 'Combination Lowbits' # BeagleHash_64_96
### Keyset 'Combination Highbits' Tests ###
# Keyset 'Combination' - up to 8 blocks from a set of 8 - 19173960 keys
# Testing collisions   - Expected     0.00, actual        0 ( 0.00x) - passed
ok 94 - Collision Rate for Keyset 'Combination Highbits'
ok 95 - Distribution Bias Check for Keyset 'Combination Highbits'
ok 96 - Keyset 'Combination Highbits' # BeagleHash_64_96
### Keyset 'Combination Highbits2' Tests ###
# Keyset 'Combination' - up to 8 blocks from a set of 8 - 19173960 keys
# Testing collisions   - Expected     0.00, actual        0 ( 0.00x) - passed
ok 97 - Collision Rate for Keyset 'Combination Highbits2'
ok 98 - Distribution Bias Check for Keyset 'Combination Highbits2'
ok 99 - Keyset 'Combination Highbits2' # BeagleHash_64_96
### Keyset 'Combination 0x80000000' Tests ###
# Keyset 'Combination' - up to 20 blocks from a set of 2 - 2097150 keys
# Testing collisions   - Expected     0.00, actual        0 ( 0.00x) - passed
ok 100 - Collision Rate for Keyset 'Combination 0x80000000'
ok 101 - Distribution Bias Check for Keyset 'Combination 0x80000000'
ok 102 - Keyset 'Combination 0x80000000' # BeagleHash_64_96
### Keyset 'Combination 0x00000001' Tests ###
# Keyset 'Combination' - up to 20 blocks from a set of 2 - 2097150 keys
# Testing collisions   - Expected     0.00, actual        0 ( 0.00x) - passed
ok 103 - Collision Rate for Keyset 'Combination 0x00000001'
ok 104 - Distribution Bias Check for Keyset 'Combination 0x00000001'
ok 105 - Keyset 'Combination 0x00000001' # BeagleHash_64_96
### Keyset 'Combination Hi-Lo' Tests ###
# Keyset 'Combination' - up to 6 blocks from a set of 15 - 12204240 keys
# Testing collisions   - Expected     0.00, actual        0 ( 0.00x) - passed
ok 106 - Collision Rate for Keyset 'Combination Hi-Lo'
ok 107 - Distribution Bias Check for Keyset 'Combination Hi-Lo'
ok 108 - Keyset 'Combination Hi-Lo' # BeagleHash_64_96
### Keyset 'Text' Tests ###
# Keyset 'Text' - keys of form "Foo[XXXX]Bar" - 14776336 keys
# Testing collisions   - Expected     0.00, actual        0 ( 0.00x) - passed
ok 109 - Collision Rate for Keyset 'Text' - keys of form "Foo[XXXX]Bar" - 14776336 keys
ok 110 - Distribution Bias Check for Keyset 'Text' - keys of form "Foo[XXXX]Bar" - 14776336 keys
# Keyset 'Text' - keys of form "FooBar[XXXX]" - 14776336 keys
# Testing collisions   - Expected     0.00, actual        0 ( 0.00x) - passed
ok 111 - Collision Rate for Keyset 'Text' - keys of form "FooBar[XXXX]" - 14776336 keys
ok 112 - Distribution Bias Check for Keyset 'Text' - keys of form "FooBar[XXXX]" - 14776336 keys
# Keyset 'Text' - keys of form "[XXXX]FooBar" - 14776336 keys
# Testing collisions   - Expected     0.00, actual        0 ( 0.00x) - passed
ok 113 - Collision Rate for Keyset 'Text' - keys of form "[XXXX]FooBar" - 14776336 keys
ok 114 - Distribution Bias Check for Keyset 'Text' - keys of form "[XXXX]FooBar" - 14776336 keys
ok 115 - Keyset 'Text' # BeagleHash_64_96
### Keyset 'Zeroes' Tests ###
# Keyset 'Zeroes' - 262144 keys
# Testing collisions   - Expected     0.00, actual        0 ( 0.00x) - passed
ok 116 - Collision Rate for Keyset 'Zeroes' - 262144 keys
ok 117 - Distribution Bias Check for Keyset 'Zeroes' - 262144 keys
ok 118 - Keyset 'Zeroes' # BeagleHash_64_96
### Keyset 'Seed' Tests ###
# Keyset 'Seed' - 2000000 seeds, Key "The quick brown fox "...
# Testing collisions   - Expected     0.00, actual        0 ( 0.00x) - passed
ok 119 - Collision Rate for Keyset 'Seed' - 2000000 seeds, Key "The quick brown fox "...
ok 120 - Distribution Bias Check for Keyset 'Seed' - 2000000 seeds, Key "The quick brown fox "...
# Keyset 'Seed' - 2000000 seeds, Key ""
# Testing collisions   - Expected     0.00, actual        0 ( 0.00x) - passed
ok 121 - Collision Rate for Keyset 'Seed' - 2000000 seeds, Key ""
ok 122 - Distribution Bias Check for Keyset 'Seed' - 2000000 seeds, Key ""
# Keyset 'Seed' - 2000000 seeds, Key "00101100110101101"
# Testing collisions   - Expected     0.00, actual        0 ( 0.00x) - passed
ok 123 - Collision Rate for Keyset 'Seed' - 2000000 seeds, Key "00101100110101101"
ok 124 - Distribution Bias Check for Keyset 'Seed' - 2000000 seeds, Key "00101100110101101"
# Keyset 'Seed' - 2000000 seeds, Key "abcbcddbdebdcaaabaaa"...
# Testing collisions   - Expected     0.00, actual        0 ( 0.00x) - passed
ok 125 - Collision Rate for Keyset 'Seed' - 2000000 seeds, Key "abcbcddbdebdcaaabaaa"...
ok 126 - Distribution Bias Check for Keyset 'Seed' - 2000000 seeds, Key "abcbcddbdebdcaaabaaa"...
ok 127 - Keyset 'Seed' # BeagleHash_64_96
### Keyset 'Effs' Tests ###
# Keyset 'Effs' - 262144 keys
# Testing collisions   - Expected     0.00, actual        0 ( 0.00x) - passed
ok 128 - Collision Rate for Keyset 'Effs' - 262144 keys
ok 129 - Distribution Bias Check for Keyset 'Effs' - 262144 keys
ok 130 - Keyset 'Effs' # BeagleHash_64_96
ok 131 - all tests passed # BeagleHash_64_96
1..131
# All Tests Passed. BeagleHash_64_96 passed all 131 tests run.
# Testing took 2063.018535 seconds
# This is SMHasher version v1.0-demerphq-36-g3845ddf-dirty - built on Mar 14 2017.
