ok 1 - Found Hash # BeagleHash_32_112
###################################################################
### Testing BeagleHash_32_112 - with seed_state
### - Evolved hash with 128-bit state (2x64) - Yves Orton -
### seedbits: 112 statebits: 128 hashbits: 32
###################################################################
ok 2 - Verification code # BeagleHash_32_112
# BeagleHash_32_112    - Verification value 0x4B0545EC : Passed.
### Sanity Tests ###
# Sanity check simple key bit flips and consistency..........
ok 3 - SanityTest # BeagleHash_32_112
# Sanity check null suffixes change the hash (simple)..........
ok 4 - Appended Zeroes Test # BeagleHash_32_112
ok 5 - Sanity Test # BeagleHash_32_112
### Speed Tests ###
## Bulk speed test - 262144-byte keys
# Alignment  7 -  1.876 bytes/cycle - 5367.43 MiB/sec @ 3 ghz
# Alignment  6 -  1.871 bytes/cycle - 5352.04 MiB/sec @ 3 ghz
# Alignment  5 -  1.864 bytes/cycle - 5331.95 MiB/sec @ 3 ghz
# Alignment  4 -  1.861 bytes/cycle - 5325.15 MiB/sec @ 3 ghz
# Alignment  3 -  1.871 bytes/cycle - 5353.81 MiB/sec @ 3 ghz
# Alignment  2 -  1.869 bytes/cycle - 5347.11 MiB/sec @ 3 ghz
# Alignment  1 -  1.861 bytes/cycle - 5324.75 MiB/sec @ 3 ghz
# Alignment  0 -  1.881 bytes/cycle - 5382.25 MiB/sec @ 3 ghz
# Average      -  1.869 bytes/cycle - 5348.06 MiB/sec @ 3 ghz
## KeySpeed tests
# BeagleHash_32_112         0 byte keys       17.556 c/h
# BeagleHash_32_112         1 byte keys       31.286 c/h       31.286 c/b        0.032 b/c
# BeagleHash_32_112         2 byte keys       35.181 c/h       17.591 c/b        0.057 b/c
# BeagleHash_32_112         3 byte keys       35.000 c/h       11.667 c/b        0.086 b/c
# BeagleHash_32_112         4 byte keys       36.529 c/h        9.132 c/b        0.110 b/c
# BeagleHash_32_112         5 byte keys       36.646 c/h        7.329 c/b        0.136 b/c
# BeagleHash_32_112         6 byte keys       36.731 c/h        6.122 c/b        0.163 b/c
# BeagleHash_32_112         7 byte keys       36.805 c/h        5.258 c/b        0.190 b/c
# BeagleHash_32_112         8 byte keys       47.227 c/h        5.903 c/b        0.169 b/c
# BeagleHash_32_112         9 byte keys       47.431 c/h        5.270 c/b        0.190 b/c
# BeagleHash_32_112        10 byte keys       47.558 c/h        4.756 c/b        0.210 b/c
# BeagleHash_32_112        11 byte keys       47.112 c/h        4.283 c/b        0.233 b/c
# BeagleHash_32_112        12 byte keys       46.900 c/h        3.908 c/b        0.256 b/c
# BeagleHash_32_112        13 byte keys       47.367 c/h        3.644 c/b        0.274 b/c
# BeagleHash_32_112        14 byte keys       47.342 c/h        3.382 c/b        0.296 b/c
# BeagleHash_32_112        15 byte keys       47.209 c/h        3.147 c/b        0.318 b/c
# BeagleHash_32_112        16 byte keys       50.277 c/h        3.142 c/b        0.318 b/c
# BeagleHash_32_112        17 byte keys       49.917 c/h        2.936 c/b        0.341 b/c
# BeagleHash_32_112        18 byte keys       50.809 c/h        2.823 c/b        0.354 b/c
# BeagleHash_32_112        19 byte keys       50.139 c/h        2.639 c/b        0.379 b/c
# BeagleHash_32_112        20 byte keys       50.573 c/h        2.529 c/b        0.395 b/c
# BeagleHash_32_112        21 byte keys       50.431 c/h        2.401 c/b        0.416 b/c
# BeagleHash_32_112        22 byte keys       51.544 c/h        2.343 c/b        0.427 b/c
# BeagleHash_32_112        23 byte keys       50.672 c/h        2.203 c/b        0.454 b/c
# BeagleHash_32_112        24 byte keys       56.967 c/h        2.374 c/b        0.421 b/c
# BeagleHash_32_112        25 byte keys       56.476 c/h        2.259 c/b        0.443 b/c
# BeagleHash_32_112        26 byte keys       57.078 c/h        2.195 c/b        0.456 b/c
# BeagleHash_32_112        27 byte keys       57.121 c/h        2.116 c/b        0.473 b/c
# BeagleHash_32_112        28 byte keys       56.651 c/h        2.023 c/b        0.494 b/c
# BeagleHash_32_112        29 byte keys       56.939 c/h        1.963 c/b        0.509 b/c
# BeagleHash_32_112        30 byte keys       57.188 c/h        1.906 c/b        0.525 b/c
# BeagleHash_32_112        31 byte keys       57.455 c/h        1.853 c/b        0.540 b/c
#                          Average < 32       47.004 c/h        3.032 c/b        0.330 b/c
# BeagleHash_32_112        32 byte keys       57.997 c/h        1.812 c/b        0.552 b/c
# BeagleHash_32_112        36 byte keys       59.741 c/h        1.659 c/b        0.603 b/c
# BeagleHash_32_112        40 byte keys       65.379 c/h        1.634 c/b        0.612 b/c
# BeagleHash_32_112        44 byte keys       66.349 c/h        1.508 c/b        0.663 b/c
# BeagleHash_32_112        48 byte keys       67.394 c/h        1.404 c/b        0.712 b/c
# BeagleHash_32_112        52 byte keys       67.025 c/h        1.289 c/b        0.776 b/c
# BeagleHash_32_112        56 byte keys       71.000 c/h        1.268 c/b        0.789 b/c
# BeagleHash_32_112        60 byte keys       73.262 c/h        1.221 c/b        0.819 b/c
# BeagleHash_32_112        64 byte keys       75.452 c/h        1.179 c/b        0.848 b/c
# BeagleHash_32_112        68 byte keys       75.124 c/h        1.105 c/b        0.905 b/c
# BeagleHash_32_112        72 byte keys       81.250 c/h        1.128 c/b        0.886 b/c
# BeagleHash_32_112        76 byte keys       79.234 c/h        1.043 c/b        0.959 b/c
# BeagleHash_32_112        80 byte keys       82.416 c/h        1.030 c/b        0.971 b/c
# BeagleHash_32_112        84 byte keys       83.223 c/h        0.991 c/b        1.009 b/c
# BeagleHash_32_112        88 byte keys       89.144 c/h        1.013 c/b        0.987 b/c
# BeagleHash_32_112        92 byte keys       89.192 c/h        0.969 c/b        1.031 b/c
# BeagleHash_32_112        96 byte keys       89.995 c/h        0.937 c/b        1.067 b/c
# BeagleHash_32_112       100 byte keys       92.058 c/h        0.921 c/b        1.086 b/c
# BeagleHash_32_112       104 byte keys       98.035 c/h        0.943 c/b        1.061 b/c
# BeagleHash_32_112       108 byte keys       98.753 c/h        0.914 c/b        1.094 b/c
# BeagleHash_32_112       112 byte keys       99.926 c/h        0.892 c/b        1.121 b/c
# BeagleHash_32_112       116 byte keys      101.146 c/h        0.872 c/b        1.147 b/c
# BeagleHash_32_112       120 byte keys      106.625 c/h        0.889 c/b        1.125 b/c
# BeagleHash_32_112       124 byte keys      107.811 c/h        0.869 c/b        1.150 b/c
#                         Average < 128       62.172 c/h        1.470 c/b        0.680 b/c
# BeagleHash_32_112       128 byte keys      107.053 c/h        0.836 c/b        1.196 b/c
# BeagleHash_32_112       256 byte keys      149.589 c/h        0.584 c/b        1.711 b/c
# BeagleHash_32_112       512 byte keys      306.051 c/h        0.598 c/b        1.673 b/c
# BeagleHash_32_112      1024 byte keys      583.215 c/h        0.570 c/b        1.756 b/c
# BeagleHash_32_112      2048 byte keys     1096.810 c/h        0.536 c/b        1.867 b/c
# BeagleHash_32_112      4096 byte keys     2222.001 c/h        0.542 c/b        1.843 b/c
# BeagleHash_32_112      8192 byte keys     4419.311 c/h        0.539 c/b        1.854 b/c
# BeagleHash_32_112     16384 byte keys     8761.045 c/h        0.535 c/b        1.870 b/c
# BeagleHash_32_112     32768 byte keys    17501.163 c/h        0.534 c/b        1.872 b/c
# BeagleHash_32_112     65536 byte keys    35035.883 c/h        0.535 c/b        1.871 b/c
#                       Overall Average     1116.118 c/h        0.553 c/b        1.810 b/c
ok 6 - Speed (always passes) # BeagleHash_32_112
### Differential Tests ###
# Testing 8303632 up-to-5-bit differentials in 64-bit keys -> 32 bit hashes.
# 1000 reps, 8303632000 total tests, expecting 1.93 random collisions..........
ok 7 - Differential collisions # BeagleHash_32_112
ok 8 - Nothing skipped during differential collision check # BeagleHash_32_112
# 0 total collisions, of which 0 single collisions were ignored
ok 9 - ProcessDifferentials
# Testing 11017632 up-to-4-bit differentials in 128-bit keys -> 32 bit hashes.
# 1000 reps, 11017632000 total tests, expecting 2.57 random collisions..........
ok 10 - Differential collisions # BeagleHash_32_112
ok 11 - Nothing skipped during differential collision check # BeagleHash_32_112
# 1 total collisions, of which 1 single collisions were ignored
ok 12 - ProcessDifferentials
# Testing 2796416 up-to-3-bit differentials in 256-bit keys -> 32 bit hashes.
# 1000 reps, 2796416000 total tests, expecting 0.65 random collisions..........
ok 13 - Differential collisions # BeagleHash_32_112
ok 14 - Nothing skipped during differential collision check # BeagleHash_32_112
# 1 total collisions, of which 1 single collisions were ignored
ok 15 - ProcessDifferentials
ok 16 - Differential # BeagleHash_32_112
### Avalanche Tests ### - seed-bits: 112 hash-bits: 32
# Samples 1000000, expected error 0.00025600, confidence level 99.99994267%
# Testing   0-bit keys.......... ok.     # worst-bit:   0.341% error-ratio: 9.832053e-01
ok 17 - Strict Avalanche Criteria - 0 bit keys
# Testing   8-bit keys.......... ok.     # worst-bit:   0.388% error-ratio: 9.854508e-01
ok 18 - Strict Avalanche Criteria - 8 bit keys
# Testing  16-bit keys.......... ok.     # worst-bit:   0.385% error-ratio: 1.013612e+00
ok 19 - Strict Avalanche Criteria - 16 bit keys
# Testing  24-bit keys.......... ok.     # worst-bit:   0.376% error-ratio: 9.946426e-01
ok 20 - Strict Avalanche Criteria - 24 bit keys
# Testing  32-bit keys.......... ok.     # worst-bit:   0.430% error-ratio: 9.864132e-01
ok 21 - Strict Avalanche Criteria - 32 bit keys
# Testing  40-bit keys.......... ok.     # worst-bit:   0.367% error-ratio: 1.001650e+00
ok 22 - Strict Avalanche Criteria - 40 bit keys
# Testing  48-bit keys.......... ok.     # worst-bit:   0.427% error-ratio: 9.885116e-01
ok 23 - Strict Avalanche Criteria - 48 bit keys
# Testing  56-bit keys.......... ok.     # worst-bit:   0.354% error-ratio: 9.750177e-01
ok 24 - Strict Avalanche Criteria - 56 bit keys
# Testing  64-bit keys.......... ok.     # worst-bit:   0.438% error-ratio: 1.028848e+00
ok 25 - Strict Avalanche Criteria - 64 bit keys
# Testing  72-bit keys.......... ok.     # worst-bit:   0.407% error-ratio: 9.935282e-01
ok 26 - Strict Avalanche Criteria - 72 bit keys
# Testing  80-bit keys.......... ok.     # worst-bit:   0.383% error-ratio: 9.804939e-01
ok 27 - Strict Avalanche Criteria - 80 bit keys
# Testing  88-bit keys.......... ok.     # worst-bit:   0.391% error-ratio: 1.030674e+00
ok 28 - Strict Avalanche Criteria - 88 bit keys
# Testing  96-bit keys.......... ok.     # worst-bit:   0.352% error-ratio: 1.017040e+00
ok 29 - Strict Avalanche Criteria - 96 bit keys
# Testing 104-bit keys.......... ok.     # worst-bit:   0.430% error-ratio: 1.013650e+00
ok 30 - Strict Avalanche Criteria - 104 bit keys
# Testing 112-bit keys.......... ok.     # worst-bit:   0.421% error-ratio: 1.008816e+00
ok 31 - Strict Avalanche Criteria - 112 bit keys
# Testing 120-bit keys.......... ok.     # worst-bit:   0.393% error-ratio: 9.741992e-01
ok 32 - Strict Avalanche Criteria - 120 bit keys
# Testing 128-bit keys.......... ok.     # worst-bit:   0.465% error-ratio: 9.968013e-01
ok 33 - Strict Avalanche Criteria - 128 bit keys
# Testing 136-bit keys.......... ok.     # worst-bit:   0.384% error-ratio: 1.016130e+00
ok 34 - Strict Avalanche Criteria - 136 bit keys
# Testing 144-bit keys.......... ok.     # worst-bit:   0.439% error-ratio: 9.913055e-01
ok 35 - Strict Avalanche Criteria - 144 bit keys
# Testing 152-bit keys.......... ok.     # worst-bit:   0.411% error-ratio: 9.817490e-01
ok 36 - Strict Avalanche Criteria - 152 bit keys
# Testing 152-bit keys.......... ok.     # worst-bit:   0.364% error-ratio: 9.845404e-01
ok 37 - Strict Avalanche Criteria - 160 bit keys
# Testing 200-bit keys.......... ok.     # worst-bit:   0.378% error-ratio: 9.894124e-01
ok 38 - Strict Avalanche Criteria - 200 bit keys
# Testing 256-bit keys.......... ok.     # worst-bit:   0.418% error-ratio: 9.900939e-01
ok 39 - Strict Avalanche Criteria - 256 bit keys
# Testing 512-bit keys.......... ok.     # worst-bit:   0.398% error-ratio: 1.002520e+00
ok 40 - Strict Avalanche Criteria - 512 bit keys
ok 41 - Strict Avalanche Criteria # BeagleHash_32_112
### Keyset 'Cyclic' Tests ###
# Keyset 'Cyclic' - 8 cycles of 4 bytes - 10000000 keys
# Testing collisions   - Expected 11641.53, actual    11603 ( 1.00x) - passed
ok 42 - Collision Rate for Keyset 'Cyclic' - 8 cycles of 4 bytes - 10000000 keys
ok 43 - Distribution Bias Check for Keyset 'Cyclic' - 8 cycles of 4 bytes - 10000000 keys
# Keyset 'Cyclic' - 8 cycles of 5 bytes - 10000000 keys
# Testing collisions   - Expected 11641.53, actual    11495 ( 0.99x) - passed
ok 44 - Collision Rate for Keyset 'Cyclic' - 8 cycles of 5 bytes - 10000000 keys
ok 45 - Distribution Bias Check for Keyset 'Cyclic' - 8 cycles of 5 bytes - 10000000 keys
# Keyset 'Cyclic' - 8 cycles of 6 bytes - 10000000 keys
# Testing collisions   - Expected 11641.53, actual    11883 ( 1.02x) - passed
ok 46 - Collision Rate for Keyset 'Cyclic' - 8 cycles of 6 bytes - 10000000 keys
ok 47 - Distribution Bias Check for Keyset 'Cyclic' - 8 cycles of 6 bytes - 10000000 keys
# Keyset 'Cyclic' - 8 cycles of 7 bytes - 10000000 keys
# Testing collisions   - Expected 11641.53, actual    11832 ( 1.02x) - passed
ok 48 - Collision Rate for Keyset 'Cyclic' - 8 cycles of 7 bytes - 10000000 keys
ok 49 - Distribution Bias Check for Keyset 'Cyclic' - 8 cycles of 7 bytes - 10000000 keys
# Keyset 'Cyclic' - 8 cycles of 8 bytes - 10000000 keys
# Testing collisions   - Expected 11641.53, actual    11585 ( 1.00x) - passed
ok 50 - Collision Rate for Keyset 'Cyclic' - 8 cycles of 8 bytes - 10000000 keys
ok 51 - Distribution Bias Check for Keyset 'Cyclic' - 8 cycles of 8 bytes - 10000000 keys
ok 52 - Keyset 'Cyclic' # BeagleHash_32_112
### Keyset 'TwoBytes' Tests ###
# Testing collisions   - Expected    49.57, actual       60 ( 1.21x) - passed
ok 53 - Collision Rate for Keyset 'TwoBytes' - up-to-4-byte keys, 652545 total keys
ok 54 - Distribution Bias Check for Keyset 'TwoBytes' - up-to-4-byte keys, 652545 total keys
# Testing collisions   - Expected  3484.56, actual     3484 ( 1.00x) - passed
ok 55 - Collision Rate for Keyset 'TwoBytes' - up-to-8-byte keys, 5471025 total keys
ok 56 - Distribution Bias Check for Keyset 'TwoBytes' - up-to-8-byte keys, 5471025 total keys
# Testing collisions   - Expected 40347.77, actual    40119 ( 0.99x) - passed
ok 57 - Collision Rate for Keyset 'TwoBytes' - up-to-12-byte keys, 18616785 total keys
ok 58 - Distribution Bias Check for Keyset 'TwoBytes' - up-to-12-byte keys, 18616785 total keys
# Testing collisions   - Expected 227963.15, actual   226964 ( 1.00x) - passed
ok 59 - Collision Rate for Keyset 'TwoBytes' - up-to-16-byte keys, 44251425 total keys
ok 60 - Distribution Bias Check for Keyset 'TwoBytes' - up-to-16-byte keys, 44251425 total keys
# Testing collisions   - Expected 871784.70, actual   865677 ( 0.99x) - passed
ok 61 - Collision Rate for Keyset 'TwoBytes' - up-to-20-byte keys, 86536545 total keys
ok 62 - Distribution Bias Check for Keyset 'TwoBytes' - up-to-20-byte keys, 86536545 total keys
ok 63 - Keyset 'TwoBytes' # BeagleHash_32_112
### Keyset 'Sparse' Tests ###
# Keyset 'Sparse' - 32-bit keys with up to 6 bits set - 1149017 keys
# Testing collisions   - Expected   153.70, actual      160 ( 1.04x) - passed
ok 64 - Collision Rate for Keyset 'Sparse' - 32-bit keys with up to 6 bits set
ok 65 - Distribution Bias Check for Keyset 'Sparse' - 32-bit keys with up to 6 bits set
# Keyset 'Sparse' - 40-bit keys with up to 6 bits set - 4598479 keys
# Testing collisions   - Expected  2461.72, actual     2487 ( 1.01x) - passed
ok 66 - Collision Rate for Keyset 'Sparse' - 40-bit keys with up to 6 bits set
ok 67 - Distribution Bias Check for Keyset 'Sparse' - 40-bit keys with up to 6 bits set
# Keyset 'Sparse' - 48-bit keys with up to 5 bits set - 1925357 keys
# Testing collisions   - Expected   431.55, actual      437 ( 1.01x) - passed
ok 68 - Collision Rate for Keyset 'Sparse' - 48-bit keys with up to 5 bits set
ok 69 - Distribution Bias Check for Keyset 'Sparse' - 48-bit keys with up to 5 bits set
# Keyset 'Sparse' - 56-bit keys with up to 5 bits set - 4216423 keys
# Testing collisions   - Expected  2069.66, actual     2191 ( 1.06x) - passed
ok 70 - Collision Rate for Keyset 'Sparse' - 56-bit keys with up to 5 bits set
ok 71 - Distribution Bias Check for Keyset 'Sparse' - 56-bit keys with up to 5 bits set
# Keyset 'Sparse' - 64-bit keys with up to 5 bits set - 8303633 keys
# Testing collisions   - Expected  8026.87, actual     8049 ( 1.00x) - passed
ok 72 - Collision Rate for Keyset 'Sparse' - 64-bit keys with up to 5 bits set
ok 73 - Distribution Bias Check for Keyset 'Sparse' - 64-bit keys with up to 5 bits set
# Keyset 'Sparse' - 96-bit keys with up to 4 bits set - 3469497 keys
# Testing collisions   - Expected  1401.34, actual     1406 ( 1.00x) - passed
ok 74 - Collision Rate for Keyset 'Sparse' - 96-bit keys with up to 4 bits set
ok 75 - Distribution Bias Check for Keyset 'Sparse' - 96-bit keys with up to 4 bits set
# Keyset 'Sparse' - 256-bit keys with up to 3 bits set - 2796417 keys
# Testing collisions   - Expected   910.36, actual      890 ( 0.98x) - passed
ok 76 - Collision Rate for Keyset 'Sparse' - 256-bit keys with up to 3 bits set
ok 77 - Distribution Bias Check for Keyset 'Sparse' - 256-bit keys with up to 3 bits set
# Keyset 'Sparse' - 2048-bit keys with up to 2 bits set - 2098177 keys
# Testing collisions   - Expected   512.50, actual      513 ( 1.00x) - passed
ok 78 - Collision Rate for Keyset 'Sparse' - 2048-bit keys with up to 2 bits set
ok 79 - Distribution Bias Check for Keyset 'Sparse' - 2048-bit keys with up to 2 bits set
ok 80 - Keyset 'Sparse' # BeagleHash_32_112
### Keyset 'CRC-MultiCollision' Tests ###
# Keyset 'CRC-MultiCollision' - 1048575 x 16 block keys - 128-bytes long - 10 seeds
# Testing collisions   - Expected   128.00, actual      107 ( 0.84x) - passed
ok 81 - Collision Rate for Keyset 'CRC-MultiCollision' - seed 1 # BeagleHash_32_112
# Testing collisions   - Expected   128.00, actual      128 ( 1.00x) - passed
ok 82 - Collision Rate for Keyset 'CRC-MultiCollision' - seed 2 # BeagleHash_32_112
# Testing collisions   - Expected   128.00, actual      148 ( 1.16x) - passed
ok 83 - Collision Rate for Keyset 'CRC-MultiCollision' - seed 3 # BeagleHash_32_112
# Testing collisions   - Expected   128.00, actual      139 ( 1.09x) - passed
ok 84 - Collision Rate for Keyset 'CRC-MultiCollision' - seed 4 # BeagleHash_32_112
# Testing collisions   - Expected   128.00, actual      123 ( 0.96x) - passed
ok 85 - Collision Rate for Keyset 'CRC-MultiCollision' - seed 5 # BeagleHash_32_112
# Testing collisions   - Expected   128.00, actual      123 ( 0.96x) - passed
ok 86 - Collision Rate for Keyset 'CRC-MultiCollision' - seed 6 # BeagleHash_32_112
# Testing collisions   - Expected   128.00, actual      128 ( 1.00x) - passed
ok 87 - Collision Rate for Keyset 'CRC-MultiCollision' - seed 7 # BeagleHash_32_112
# Testing collisions   - Expected   128.00, actual      125 ( 0.98x) - passed
ok 88 - Collision Rate for Keyset 'CRC-MultiCollision' - seed 8 # BeagleHash_32_112
# Testing collisions   - Expected   128.00, actual      108 ( 0.84x) - passed
ok 89 - Collision Rate for Keyset 'CRC-MultiCollision' - seed 9 # BeagleHash_32_112
# Testing collisions   - Expected   128.00, actual      137 ( 1.07x) - passed
ok 90 - Collision Rate for Keyset 'CRC-MultiCollision' - seed 10 # BeagleHash_32_112
### Keyset 'Combination Lowbits' Tests ###
# Keyset 'Combination' - up to 8 blocks from a set of 8 - 19173960 keys
# Testing collisions   - Expected 42799.01, actual    42395 ( 0.99x) - passed
ok 91 - Collision Rate for Keyset 'Combination Lowbits'
ok 92 - Distribution Bias Check for Keyset 'Combination Lowbits'
ok 93 - Keyset 'Combination Lowbits' # BeagleHash_32_112
### Keyset 'Combination Highbits' Tests ###
# Keyset 'Combination' - up to 8 blocks from a set of 8 - 19173960 keys
# Testing collisions   - Expected 42799.01, actual    42510 ( 0.99x) - passed
ok 94 - Collision Rate for Keyset 'Combination Highbits'
ok 95 - Distribution Bias Check for Keyset 'Combination Highbits'
ok 96 - Keyset 'Combination Highbits' # BeagleHash_32_112
### Keyset 'Combination Highbits2' Tests ###
# Keyset 'Combination' - up to 8 blocks from a set of 8 - 19173960 keys
# Testing collisions   - Expected 42799.01, actual    42792 ( 1.00x) - passed
ok 97 - Collision Rate for Keyset 'Combination Highbits2'
ok 98 - Distribution Bias Check for Keyset 'Combination Highbits2'
ok 99 - Keyset 'Combination Highbits2' # BeagleHash_32_112
### Keyset 'Combination HiBit-Null' Tests ###
# Keyset 'Combination' - up to 20 blocks from a set of 2 - 2097150 keys
# Testing collisions   - Expected   512.00, actual      501 ( 0.98x) - passed
ok 100 - Collision Rate for Keyset 'Combination HiBit-Null'
ok 101 - Distribution Bias Check for Keyset 'Combination HiBit-Null'
ok 102 - Keyset 'Combination HiBit-Null' # BeagleHash_32_112
### Keyset 'Combination LowBit-Null' Tests ###
# Keyset 'Combination' - up to 20 blocks from a set of 2 - 2097150 keys
# Testing collisions   - Expected   512.00, actual      468 ( 0.91x) - passed
ok 103 - Collision Rate for Keyset 'Combination LowBit-Null'
ok 104 - Distribution Bias Check for Keyset 'Combination LowBit-Null'
ok 105 - Keyset 'Combination LowBit-Null' # BeagleHash_32_112
### Keyset 'Combination Hi-Lo' Tests ###
# Keyset 'Combination' - up to 6 blocks from a set of 15 - 12204240 keys
# Testing collisions   - Expected 17339.30, actual    17131 ( 0.99x) - passed
ok 106 - Collision Rate for Keyset 'Combination Hi-Lo'
ok 107 - Distribution Bias Check for Keyset 'Combination Hi-Lo'
ok 108 - Keyset 'Combination Hi-Lo' # BeagleHash_32_112
### Keyset 'Text' Tests ###
# Keyset 'Text' - keys of form "Foo[XXXX]Bar" - 14776336 keys
# Testing collisions   - Expected 25418.13, actual    25604 ( 1.01x) - passed
ok 109 - Collision Rate for Keyset 'Text' - keys of form "Foo[XXXX]Bar" - 14776336 keys
ok 110 - Distribution Bias Check for Keyset 'Text' - keys of form "Foo[XXXX]Bar" - 14776336 keys
# Keyset 'Text' - keys of form "FooBar[XXXX]" - 14776336 keys
# Testing collisions   - Expected 25418.13, actual    25417 ( 1.00x) - passed
ok 111 - Collision Rate for Keyset 'Text' - keys of form "FooBar[XXXX]" - 14776336 keys
ok 112 - Distribution Bias Check for Keyset 'Text' - keys of form "FooBar[XXXX]" - 14776336 keys
# Keyset 'Text' - keys of form "[XXXX]FooBar" - 14776336 keys
# Testing collisions   - Expected 25418.13, actual    25413 ( 1.00x) - passed
ok 113 - Collision Rate for Keyset 'Text' - keys of form "[XXXX]FooBar" - 14776336 keys
ok 114 - Distribution Bias Check for Keyset 'Text' - keys of form "[XXXX]FooBar" - 14776336 keys
ok 115 - Keyset 'Text' # BeagleHash_32_112
### Keyset 'Zeroes' Tests ###
# Keyset 'Zeroes' - 262144 keys
# Testing collisions   - Expected     8.00, actual        9 ( 1.13x) - passed
ok 116 - Collision Rate for Keyset 'Zeroes' - 262144 keys
ok 117 - Distribution Bias Check for Keyset 'Zeroes' - 262144 keys
ok 118 - Keyset 'Zeroes' # BeagleHash_32_112
### Keyset 'Seed' Tests ###
# Keyset 'Seed' - 2000000 seeds, Key "The quick brown fox "...
# Testing collisions   - Expected   465.66, actual      472 ( 1.01x) - passed
ok 119 - Collision Rate for Keyset 'Seed' - 2000000 seeds, Key "The quick brown fox "...
ok 120 - Distribution Bias Check for Keyset 'Seed' - 2000000 seeds, Key "The quick brown fox "...
# Keyset 'Seed' - 2000000 seeds, Key ""
# Testing collisions   - Expected   465.66, actual      422 ( 0.91x) - passed
ok 121 - Collision Rate for Keyset 'Seed' - 2000000 seeds, Key ""
ok 122 - Distribution Bias Check for Keyset 'Seed' - 2000000 seeds, Key ""
# Keyset 'Seed' - 2000000 seeds, Key "00101100110101101"
# Testing collisions   - Expected   465.66, actual      494 ( 1.06x) - passed
ok 123 - Collision Rate for Keyset 'Seed' - 2000000 seeds, Key "00101100110101101"
ok 124 - Distribution Bias Check for Keyset 'Seed' - 2000000 seeds, Key "00101100110101101"
# Keyset 'Seed' - 2000000 seeds, Key "abcbcddbdebdcaaabaaa"...
# Testing collisions   - Expected   465.66, actual      455 ( 0.98x) - passed
ok 125 - Collision Rate for Keyset 'Seed' - 2000000 seeds, Key "abcbcddbdebdcaaabaaa"...
ok 126 - Distribution Bias Check for Keyset 'Seed' - 2000000 seeds, Key "abcbcddbdebdcaaabaaa"...
ok 127 - Keyset 'Seed' # BeagleHash_32_112
### Keyset 'Effs' Tests ###
# Keyset 'Effs' - 262144 keys
# Testing collisions   - Expected     8.00, actual        9 ( 1.13x) - passed
ok 128 - Collision Rate for Keyset 'Effs' - 262144 keys
ok 129 - Distribution Bias Check for Keyset 'Effs' - 262144 keys
ok 130 - Keyset 'Effs' # BeagleHash_32_112
### Keyset 'Words' Tests ###
# Read 99171 lines from /usr/share/dict/words
# Testing collisions   - Expected     1.14, actual        3 ( 2.62x) - failed
not ok 131 - Collision Rate for Keyset 'Words'
ok 132 - Distribution Bias Check for Keyset 'Words'
not ok 133 - all tests passed # BeagleHash_32_112
1..133
# Tests Failed. BeagleHash_32_112 failed 2 of 133 tests.
# Testing took 1836.526594 seconds
# This is SMHasher version v1.1-demerphq-5-ged9ad7f - built on Mar 14 2017.
