ok 1 - Found Hash # City128
###################################################################
### Testing City128 - no seed_state
### - Google CityHash128WithSeed (old) -
### seedbits: 128 statebits: 128 hashbits: 128
###################################################################
ok 2 - Verification code # City128
# City128              - Verification value 0x9D806278 : Passed.
### Sanity Tests ###
# Sanity check simple key bit flips and consistency..........
ok 3 - SanityTest # City128
# Sanity check null suffixes change the hash (simple)..........
ok 4 - Appended Zeroes Test # City128
ok 5 - Sanity Test # City128
### Speed Tests ###
## Bulk speed test - 262144-byte keys
# Alignment  7 -  5.207 bytes/cycle - 14897.05 MiB/sec @ 3 ghz
# Alignment  6 -  5.169 bytes/cycle - 14788.79 MiB/sec @ 3 ghz
# Alignment  5 -  5.207 bytes/cycle - 14898.29 MiB/sec @ 3 ghz
# Alignment  4 -  5.207 bytes/cycle - 14898.39 MiB/sec @ 3 ghz
# Alignment  3 -  5.208 bytes/cycle - 14900.47 MiB/sec @ 3 ghz
# Alignment  2 -  5.207 bytes/cycle - 14898.30 MiB/sec @ 3 ghz
# Alignment  1 -  5.174 bytes/cycle - 14802.00 MiB/sec @ 3 ghz
# Alignment  0 -  5.267 bytes/cycle - 15067.94 MiB/sec @ 3 ghz
# Average      -  5.206 bytes/cycle - 14893.91 MiB/sec @ 3 ghz
## KeySpeed tests
# City128                   0 byte keys       25.924 c/h
# City128                   1 byte keys       31.238 c/h       31.238 c/b        0.032 b/c
# City128                   2 byte keys       31.756 c/h       15.878 c/b        0.063 b/c
# City128                   3 byte keys       32.049 c/h       10.683 c/b        0.094 b/c
# City128                   4 byte keys       32.000 c/h        8.000 c/b        0.125 b/c
# City128                   5 byte keys       32.252 c/h        6.450 c/b        0.155 b/c
# City128                   6 byte keys       32.997 c/h        5.499 c/b        0.182 b/c
# City128                   7 byte keys       32.732 c/h        4.676 c/b        0.214 b/c
# City128                   8 byte keys       30.000 c/h        3.750 c/b        0.267 b/c
# City128                   9 byte keys       51.000 c/h        5.667 c/b        0.176 b/c
# City128                  10 byte keys       51.000 c/h        5.100 c/b        0.196 b/c
# City128                  11 byte keys       51.000 c/h        4.636 c/b        0.216 b/c
# City128                  12 byte keys       51.000 c/h        4.250 c/b        0.235 b/c
# City128                  13 byte keys       51.000 c/h        3.923 c/b        0.255 b/c
# City128                  14 byte keys       52.099 c/h        3.721 c/b        0.269 b/c
# City128                  15 byte keys       51.000 c/h        3.400 c/b        0.294 b/c
# City128                  16 byte keys       41.000 c/h        2.562 c/b        0.390 b/c
# City128                  17 byte keys       68.000 c/h        4.000 c/b        0.250 b/c
# City128                  18 byte keys       68.000 c/h        3.778 c/b        0.265 b/c
# City128                  19 byte keys       68.000 c/h        3.579 c/b        0.279 b/c
# City128                  20 byte keys       68.000 c/h        3.400 c/b        0.294 b/c
# City128                  21 byte keys       68.626 c/h        3.268 c/b        0.306 b/c
# City128                  22 byte keys       68.000 c/h        3.091 c/b        0.324 b/c
# City128                  23 byte keys       68.000 c/h        2.957 c/b        0.338 b/c
# City128                  24 byte keys       46.251 c/h        1.927 c/b        0.519 b/c
# City128                  25 byte keys       55.890 c/h        2.236 c/b        0.447 b/c
# City128                  26 byte keys       55.000 c/h        2.115 c/b        0.473 b/c
# City128                  27 byte keys       56.171 c/h        2.080 c/b        0.481 b/c
# City128                  28 byte keys       55.000 c/h        1.964 c/b        0.509 b/c
# City128                  29 byte keys       55.000 c/h        1.897 c/b        0.527 b/c
# City128                  30 byte keys       55.000 c/h        1.833 c/b        0.545 b/c
# City128                  31 byte keys       55.000 c/h        1.774 c/b        0.564 b/c
#                          Average < 32       49.687 c/h        3.206 c/b        0.312 b/c
# City128                  32 byte keys       44.974 c/h        1.405 c/b        0.712 b/c
# City128                  36 byte keys       49.775 c/h        1.383 c/b        0.723 b/c
# City128                  40 byte keys       49.000 c/h        1.225 c/b        0.816 b/c
# City128                  44 byte keys       49.000 c/h        1.114 c/b        0.898 b/c
# City128                  48 byte keys       49.275 c/h        1.027 c/b        0.974 b/c
# City128                  52 byte keys       53.855 c/h        1.036 c/b        0.966 b/c
# City128                  56 byte keys       55.102 c/h        0.984 c/b        1.016 b/c
# City128                  60 byte keys       53.858 c/h        0.898 c/b        1.114 b/c
# City128                  64 byte keys       53.874 c/h        0.842 c/b        1.188 b/c
# City128                  68 byte keys       60.984 c/h        0.897 c/b        1.115 b/c
# City128                  72 byte keys       57.997 c/h        0.806 c/b        1.241 b/c
# City128                  76 byte keys       57.999 c/h        0.763 c/b        1.310 b/c
# City128                  80 byte keys       57.999 c/h        0.725 c/b        1.379 b/c
# City128                  84 byte keys       62.558 c/h        0.745 c/b        1.343 b/c
# City128                  88 byte keys       62.316 c/h        0.708 c/b        1.412 b/c
# City128                  92 byte keys       62.000 c/h        0.674 c/b        1.484 b/c
# City128                  96 byte keys       64.074 c/h        0.667 c/b        1.498 b/c
# City128                 100 byte keys       67.568 c/h        0.676 c/b        1.480 b/c
# City128                 104 byte keys       66.996 c/h        0.644 c/b        1.552 b/c
# City128                 108 byte keys       67.159 c/h        0.622 c/b        1.608 b/c
# City128                 112 byte keys       66.997 c/h        0.598 c/b        1.672 b/c
# City128                 116 byte keys       71.970 c/h        0.620 c/b        1.612 b/c
# City128                 120 byte keys       73.667 c/h        0.614 c/b        1.629 b/c
# City128                 124 byte keys       72.397 c/h        0.584 c/b        1.713 b/c
#                         Average < 128       53.953 c/h        1.276 c/b        0.784 b/c
# City128                 128 byte keys       60.849 c/h        0.475 c/b        2.104 b/c
# City128                 256 byte keys       87.365 c/h        0.341 c/b        2.930 b/c
# City128                 512 byte keys      135.373 c/h        0.264 c/b        3.782 b/c
# City128                1024 byte keys      231.480 c/h        0.226 c/b        4.424 b/c
# City128                2048 byte keys      425.857 c/h        0.208 c/b        4.809 b/c
# City128                4096 byte keys      811.754 c/h        0.198 c/b        5.046 b/c
# City128                8192 byte keys     1590.687 c/h        0.194 c/b        5.150 b/c
# City128               16384 byte keys     3150.685 c/h        0.192 c/b        5.200 b/c
# City128               32768 byte keys     6244.859 c/h        0.191 c/b        5.247 b/c
# City128               65536 byte keys    12431.444 c/h        0.190 c/b        5.272 b/c
#                       Overall Average      427.147 c/h        0.211 c/b        4.729 b/c
ok 6 - Speed (always passes) # City128
### Differential Tests ###
# Testing 8303632 up-to-5-bit differentials in 64-bit keys -> 128 bit hashes.
# 1000 reps, 8303632000 total tests, expecting 0.00 random collisions..........
ok 7 - Differential collisions # City128
ok 8 - Nothing skipped during differential collision check # City128
# 0 total collisions, of which 0 single collisions were ignored
ok 9 - ProcessDifferentials
# Testing 11017632 up-to-4-bit differentials in 128-bit keys -> 128 bit hashes.
# 1000 reps, 11017632000 total tests, expecting 0.00 random collisions..........
ok 10 - Differential collisions # City128
ok 11 - Nothing skipped during differential collision check # City128
# 0 total collisions, of which 0 single collisions were ignored
ok 12 - ProcessDifferentials
# Testing 2796416 up-to-3-bit differentials in 256-bit keys -> 128 bit hashes.
# 1000 reps, 2796416000 total tests, expecting 0.00 random collisions..........
ok 13 - Differential collisions # City128
ok 14 - Nothing skipped during differential collision check # City128
# 0 total collisions, of which 0 single collisions were ignored
ok 15 - ProcessDifferentials
ok 16 - Differential # City128
### Avalanche Tests ### - seed-bits: 128 hash-bits: 128
# Samples 250000, expected error 0.00102400, confidence level 99.99994267%
# Testing   0-bit keys.......... ok.     # worst-bit:   0.790% error-ratio: 1.005229e+00
ok 17 - Strict Avalanche Criteria - 0 bit keys
# Testing   8-bit keys.......... ok.     # worst-bit:   0.805% error-ratio: 1.002523e+00
ok 18 - Strict Avalanche Criteria - 8 bit keys
# Testing  16-bit keys.......... ok.     # worst-bit:   0.799% error-ratio: 9.983112e-01
ok 19 - Strict Avalanche Criteria - 16 bit keys
# Testing  24-bit keys.......... ok.     # worst-bit:   0.772% error-ratio: 1.012331e+00
ok 20 - Strict Avalanche Criteria - 24 bit keys
# Testing  32-bit keys.......... ok.     # worst-bit:   0.934% error-ratio: 9.993188e-01
ok 21 - Strict Avalanche Criteria - 32 bit keys
# Testing  40-bit keys.......... ok.     # worst-bit:   0.883% error-ratio: 9.821113e-01
ok 22 - Strict Avalanche Criteria - 40 bit keys
# Testing  48-bit keys.......... ok.     # worst-bit:   0.787% error-ratio: 1.002436e+00
ok 23 - Strict Avalanche Criteria - 48 bit keys
# Testing  56-bit keys.......... ok.     # worst-bit:   0.803% error-ratio: 1.000293e+00
ok 24 - Strict Avalanche Criteria - 56 bit keys
# Testing  64-bit keys.......... ok.     # worst-bit:   0.902% error-ratio: 9.985947e-01
ok 25 - Strict Avalanche Criteria - 64 bit keys
# Testing  72-bit keys.......... ok.     # worst-bit:   0.845% error-ratio: 1.003469e+00
ok 26 - Strict Avalanche Criteria - 72 bit keys
# Testing  80-bit keys.......... ok.     # worst-bit:   0.851% error-ratio: 9.957204e-01
ok 27 - Strict Avalanche Criteria - 80 bit keys
# Testing  88-bit keys.......... ok.     # worst-bit:   0.794% error-ratio: 9.971795e-01
ok 28 - Strict Avalanche Criteria - 88 bit keys
# Testing  96-bit keys.......... ok.     # worst-bit:   0.800% error-ratio: 9.861655e-01
ok 29 - Strict Avalanche Criteria - 96 bit keys
# Testing 104-bit keys.......... ok.     # worst-bit:   0.886% error-ratio: 9.915011e-01
ok 30 - Strict Avalanche Criteria - 104 bit keys
# Testing 112-bit keys.......... ok.     # worst-bit:   0.846% error-ratio: 1.007279e+00
ok 31 - Strict Avalanche Criteria - 112 bit keys
# Testing 120-bit keys.......... ok.     # worst-bit:   0.908% error-ratio: 9.918227e-01
ok 32 - Strict Avalanche Criteria - 120 bit keys
# Testing 128-bit keys.......... ok.     # worst-bit:   0.851% error-ratio: 9.897895e-01
ok 33 - Strict Avalanche Criteria - 128 bit keys
# Testing 136-bit keys.......... ok.     # worst-bit:   0.834% error-ratio: 1.001003e+00
ok 34 - Strict Avalanche Criteria - 136 bit keys
# Testing 144-bit keys.......... ok.     # worst-bit:   0.818% error-ratio: 9.997580e-01
ok 35 - Strict Avalanche Criteria - 144 bit keys
# Testing 152-bit keys.......... ok.     # worst-bit:   0.893% error-ratio: 1.001773e+00
ok 36 - Strict Avalanche Criteria - 152 bit keys
# Testing 152-bit keys.......... ok.     # worst-bit:   0.825% error-ratio: 1.009429e+00
ok 37 - Strict Avalanche Criteria - 160 bit keys
# Testing 256-bit keys.......... ok.     # worst-bit:   0.874% error-ratio: 9.828045e-01
ok 38 - Strict Avalanche Criteria - 256 bit keys
ok 39 - Strict Avalanche Criteria # City128
### Keyset 'Cyclic' Tests ###
# Keyset 'Cyclic' - 8 cycles of 16 bytes - 10000000 keys
# Testing collisions   - Expected     0.00, actual        0 ( 0.00x) - passed
ok 40 - Collision Rate for Keyset 'Cyclic' - 8 cycles of 16 bytes - 10000000 keys
ok 41 - Distribution Bias Check for Keyset 'Cyclic' - 8 cycles of 16 bytes - 10000000 keys
# Keyset 'Cyclic' - 8 cycles of 17 bytes - 10000000 keys
# Testing collisions   - Expected     0.00, actual        0 ( 0.00x) - passed
ok 42 - Collision Rate for Keyset 'Cyclic' - 8 cycles of 17 bytes - 10000000 keys
ok 43 - Distribution Bias Check for Keyset 'Cyclic' - 8 cycles of 17 bytes - 10000000 keys
# Keyset 'Cyclic' - 8 cycles of 18 bytes - 10000000 keys
# Testing collisions   - Expected     0.00, actual        0 ( 0.00x) - passed
ok 44 - Collision Rate for Keyset 'Cyclic' - 8 cycles of 18 bytes - 10000000 keys
ok 45 - Distribution Bias Check for Keyset 'Cyclic' - 8 cycles of 18 bytes - 10000000 keys
# Keyset 'Cyclic' - 8 cycles of 19 bytes - 10000000 keys
# Testing collisions   - Expected     0.00, actual        0 ( 0.00x) - passed
ok 46 - Collision Rate for Keyset 'Cyclic' - 8 cycles of 19 bytes - 10000000 keys
ok 47 - Distribution Bias Check for Keyset 'Cyclic' - 8 cycles of 19 bytes - 10000000 keys
# Keyset 'Cyclic' - 8 cycles of 20 bytes - 10000000 keys
# Testing collisions   - Expected     0.00, actual        0 ( 0.00x) - passed
ok 48 - Collision Rate for Keyset 'Cyclic' - 8 cycles of 20 bytes - 10000000 keys
ok 49 - Distribution Bias Check for Keyset 'Cyclic' - 8 cycles of 20 bytes - 10000000 keys
ok 50 - Keyset 'Cyclic' # City128
### Keyset 'TwoBytes' Tests ###
# Testing collisions   - Expected     0.00, actual        0 ( 0.00x) - passed
ok 51 - Collision Rate for Keyset 'TwoBytes' - up-to-4-byte keys, 652545 total keys
ok 52 - Distribution Bias Check for Keyset 'TwoBytes' - up-to-4-byte keys, 652545 total keys
# Testing collisions   - Expected     0.00, actual        0 ( 0.00x) - passed
ok 53 - Collision Rate for Keyset 'TwoBytes' - up-to-8-byte keys, 5471025 total keys
ok 54 - Distribution Bias Check for Keyset 'TwoBytes' - up-to-8-byte keys, 5471025 total keys
# Testing collisions   - Expected     0.00, actual        0 ( 0.00x) - passed
ok 55 - Collision Rate for Keyset 'TwoBytes' - up-to-12-byte keys, 18616785 total keys
ok 56 - Distribution Bias Check for Keyset 'TwoBytes' - up-to-12-byte keys, 18616785 total keys
# Testing collisions   - Expected     0.00, actual        0 ( 0.00x) - passed
ok 57 - Collision Rate for Keyset 'TwoBytes' - up-to-16-byte keys, 44251425 total keys
ok 58 - Distribution Bias Check for Keyset 'TwoBytes' - up-to-16-byte keys, 44251425 total keys
# Testing collisions   - Expected     0.00, actual        0 ( 0.00x) - passed
ok 59 - Collision Rate for Keyset 'TwoBytes' - up-to-20-byte keys, 86536545 total keys
ok 60 - Distribution Bias Check for Keyset 'TwoBytes' - up-to-20-byte keys, 86536545 total keys
ok 61 - Keyset 'TwoBytes' # City128
### Keyset 'Sparse' Tests ###
# Keyset 'Sparse' - 32-bit keys with up to 6 bits set - 1149017 keys
# Testing collisions   - Expected     0.00, actual        0 ( 0.00x) - passed
ok 62 - Collision Rate for Keyset 'Sparse' - 32-bit keys with up to 6 bits set
ok 63 - Distribution Bias Check for Keyset 'Sparse' - 32-bit keys with up to 6 bits set
# Keyset 'Sparse' - 40-bit keys with up to 6 bits set - 4598479 keys
# Testing collisions   - Expected     0.00, actual        0 ( 0.00x) - passed
ok 64 - Collision Rate for Keyset 'Sparse' - 40-bit keys with up to 6 bits set
ok 65 - Distribution Bias Check for Keyset 'Sparse' - 40-bit keys with up to 6 bits set
# Keyset 'Sparse' - 48-bit keys with up to 5 bits set - 1925357 keys
# Testing collisions   - Expected     0.00, actual        0 ( 0.00x) - passed
ok 66 - Collision Rate for Keyset 'Sparse' - 48-bit keys with up to 5 bits set
ok 67 - Distribution Bias Check for Keyset 'Sparse' - 48-bit keys with up to 5 bits set
# Keyset 'Sparse' - 56-bit keys with up to 5 bits set - 4216423 keys
# Testing collisions   - Expected     0.00, actual        0 ( 0.00x) - passed
ok 68 - Collision Rate for Keyset 'Sparse' - 56-bit keys with up to 5 bits set
ok 69 - Distribution Bias Check for Keyset 'Sparse' - 56-bit keys with up to 5 bits set
# Keyset 'Sparse' - 64-bit keys with up to 5 bits set - 8303633 keys
# Testing collisions   - Expected     0.00, actual        0 ( 0.00x) - passed
ok 70 - Collision Rate for Keyset 'Sparse' - 64-bit keys with up to 5 bits set
ok 71 - Distribution Bias Check for Keyset 'Sparse' - 64-bit keys with up to 5 bits set
# Keyset 'Sparse' - 96-bit keys with up to 4 bits set - 3469497 keys
# Testing collisions   - Expected     0.00, actual        0 ( 0.00x) - passed
ok 72 - Collision Rate for Keyset 'Sparse' - 96-bit keys with up to 4 bits set
ok 73 - Distribution Bias Check for Keyset 'Sparse' - 96-bit keys with up to 4 bits set
# Keyset 'Sparse' - 256-bit keys with up to 3 bits set - 2796417 keys
# Testing collisions   - Expected     0.00, actual        0 ( 0.00x) - passed
ok 74 - Collision Rate for Keyset 'Sparse' - 256-bit keys with up to 3 bits set
ok 75 - Distribution Bias Check for Keyset 'Sparse' - 256-bit keys with up to 3 bits set
# Keyset 'Sparse' - 2048-bit keys with up to 2 bits set - 2098177 keys
# Testing collisions   - Expected     0.00, actual        0 ( 0.00x) - passed
ok 76 - Collision Rate for Keyset 'Sparse' - 2048-bit keys with up to 2 bits set
ok 77 - Distribution Bias Check for Keyset 'Sparse' - 2048-bit keys with up to 2 bits set
ok 78 - Keyset 'Sparse' # City128
# Keyset 'CRC-MultiCollision' - 1048575 x 16 block keys - 128-bytes long - 10 seeds
# Testing collisions   - Expected     0.00, actual        0 ( 0.00x) - passed
ok 79 - Collision Rate for Keyset 'CRC-MultiCollision' - seed 1 # City128
# Testing collisions   - Expected     0.00, actual        0 ( 0.00x) - passed
ok 80 - Collision Rate for Keyset 'CRC-MultiCollision' - seed 2 # City128
# Testing collisions   - Expected     0.00, actual        0 ( 0.00x) - passed
ok 81 - Collision Rate for Keyset 'CRC-MultiCollision' - seed 3 # City128
# Testing collisions   - Expected     0.00, actual        0 ( 0.00x) - passed
ok 82 - Collision Rate for Keyset 'CRC-MultiCollision' - seed 4 # City128
# Testing collisions   - Expected     0.00, actual        0 ( 0.00x) - passed
ok 83 - Collision Rate for Keyset 'CRC-MultiCollision' - seed 5 # City128
# Testing collisions   - Expected     0.00, actual        0 ( 0.00x) - passed
ok 84 - Collision Rate for Keyset 'CRC-MultiCollision' - seed 6 # City128
# Testing collisions   - Expected     0.00, actual        0 ( 0.00x) - passed
ok 85 - Collision Rate for Keyset 'CRC-MultiCollision' - seed 7 # City128
# Testing collisions   - Expected     0.00, actual        0 ( 0.00x) - passed
ok 86 - Collision Rate for Keyset 'CRC-MultiCollision' - seed 8 # City128
# Testing collisions   - Expected     0.00, actual        0 ( 0.00x) - passed
ok 87 - Collision Rate for Keyset 'CRC-MultiCollision' - seed 9 # City128
# Testing collisions   - Expected     0.00, actual        0 ( 0.00x) - passed
ok 88 - Collision Rate for Keyset 'CRC-MultiCollision' - seed 10 # City128
### Keyset 'Combination Lowbits' Tests ###
# Keyset 'Combination' - up to 8 blocks from a set of 8 - 19173960 keys
# Testing collisions   - Expected     0.00, actual        0 ( 0.00x) - passed
ok 89 - Collision Rate for Keyset 'Combination Lowbits'
ok 90 - Distribution Bias Check for Keyset 'Combination Lowbits'
ok 91 - Keyset 'Combination Lowbits' # City128
### Keyset 'Combination Highbits' Tests ###
# Keyset 'Combination' - up to 8 blocks from a set of 8 - 19173960 keys
# Testing collisions   - Expected     0.00, actual        0 ( 0.00x) - passed
ok 92 - Collision Rate for Keyset 'Combination Highbits'
ok 93 - Distribution Bias Check for Keyset 'Combination Highbits'
ok 94 - Keyset 'Combination Highbits' # City128
### Keyset 'Combination Highbits2' Tests ###
# Keyset 'Combination' - up to 8 blocks from a set of 8 - 19173960 keys
# Testing collisions   - Expected     0.00, actual        0 ( 0.00x) - passed
ok 95 - Collision Rate for Keyset 'Combination Highbits2'
ok 96 - Distribution Bias Check for Keyset 'Combination Highbits2'
ok 97 - Keyset 'Combination Highbits2' # City128
### Keyset 'Combination 0x80000000' Tests ###
# Keyset 'Combination' - up to 20 blocks from a set of 2 - 2097150 keys
# Testing collisions   - Expected     0.00, actual        0 ( 0.00x) - passed
ok 98 - Collision Rate for Keyset 'Combination 0x80000000'
ok 99 - Distribution Bias Check for Keyset 'Combination 0x80000000'
ok 100 - Keyset 'Combination 0x80000000' # City128
### Keyset 'Combination 0x00000001' Tests ###
# Keyset 'Combination' - up to 20 blocks from a set of 2 - 2097150 keys
# Testing collisions   - Expected     0.00, actual        0 ( 0.00x) - passed
ok 101 - Collision Rate for Keyset 'Combination 0x00000001'
ok 102 - Distribution Bias Check for Keyset 'Combination 0x00000001'
ok 103 - Keyset 'Combination 0x00000001' # City128
### Keyset 'Combination Hi-Lo' Tests ###
# Keyset 'Combination' - up to 6 blocks from a set of 15 - 12204240 keys
# Testing collisions   - Expected     0.00, actual        0 ( 0.00x) - passed
ok 104 - Collision Rate for Keyset 'Combination Hi-Lo'
ok 105 - Distribution Bias Check for Keyset 'Combination Hi-Lo'
ok 106 - Keyset 'Combination Hi-Lo' # City128
### Keyset 'Text' Tests ###
# Keyset 'Text' - keys of form "Foo[XXXX]Bar" - 14776336 keys
# Testing collisions   - Expected     0.00, actual        0 ( 0.00x) - passed
ok 107 - Collision Rate for Keyset 'Text' - keys of form "Foo[XXXX]Bar" - 14776336 keys
ok 108 - Distribution Bias Check for Keyset 'Text' - keys of form "Foo[XXXX]Bar" - 14776336 keys
# Keyset 'Text' - keys of form "FooBar[XXXX]" - 14776336 keys
# Testing collisions   - Expected     0.00, actual        0 ( 0.00x) - passed
ok 109 - Collision Rate for Keyset 'Text' - keys of form "FooBar[XXXX]" - 14776336 keys
ok 110 - Distribution Bias Check for Keyset 'Text' - keys of form "FooBar[XXXX]" - 14776336 keys
# Keyset 'Text' - keys of form "[XXXX]FooBar" - 14776336 keys
# Testing collisions   - Expected     0.00, actual        0 ( 0.00x) - passed
ok 111 - Collision Rate for Keyset 'Text' - keys of form "[XXXX]FooBar" - 14776336 keys
ok 112 - Distribution Bias Check for Keyset 'Text' - keys of form "[XXXX]FooBar" - 14776336 keys
ok 113 - Keyset 'Text' # City128
### Keyset 'Zeroes' Tests ###
# Keyset 'Zeroes' - 262144 keys
# Testing collisions   - Expected     0.00, actual        0 ( 0.00x) - passed
ok 114 - Collision Rate for Keyset 'Zeroes' - 262144 keys
ok 115 - Distribution Bias Check for Keyset 'Zeroes' - 262144 keys
ok 116 - Keyset 'Zeroes' # City128
### Keyset 'Seed' Tests ###
# Keyset 'Seed' - 2000000 seeds, Key "The quick brown fox "...
# Testing collisions   - Expected     0.00, actual        0 ( 0.00x) - passed
ok 117 - Collision Rate for Keyset 'Seed' - 2000000 seeds, Key "The quick brown fox "...
ok 118 - Distribution Bias Check for Keyset 'Seed' - 2000000 seeds, Key "The quick brown fox "...
# Keyset 'Seed' - 2000000 seeds, Key ""
# Testing collisions   - Expected     0.00, actual        0 ( 0.00x) - passed
ok 119 - Collision Rate for Keyset 'Seed' - 2000000 seeds, Key ""
ok 120 - Distribution Bias Check for Keyset 'Seed' - 2000000 seeds, Key ""
# Keyset 'Seed' - 2000000 seeds, Key "00101100110101101"
# Testing collisions   - Expected     0.00, actual        0 ( 0.00x) - passed
ok 121 - Collision Rate for Keyset 'Seed' - 2000000 seeds, Key "00101100110101101"
ok 122 - Distribution Bias Check for Keyset 'Seed' - 2000000 seeds, Key "00101100110101101"
# Keyset 'Seed' - 2000000 seeds, Key "abcbcddbdebdcaaabaaa"...
# Testing collisions   - Expected     0.00, actual        0 ( 0.00x) - passed
ok 123 - Collision Rate for Keyset 'Seed' - 2000000 seeds, Key "abcbcddbdebdcaaabaaa"...
ok 124 - Distribution Bias Check for Keyset 'Seed' - 2000000 seeds, Key "abcbcddbdebdcaaabaaa"...
ok 125 - Keyset 'Seed' # City128
### Keyset 'Effs' Tests ###
# Keyset 'Effs' - 262144 keys
# Testing collisions   - Expected     0.00, actual        0 ( 0.00x) - passed
ok 126 - Collision Rate for Keyset 'Effs' - 262144 keys
ok 127 - Distribution Bias Check for Keyset 'Effs' - 262144 keys
ok 128 - Keyset 'Effs' # City128
ok 129 - all tests passed # City128
1..129
# All Tests Passed. City128 passed all 129 tests run.
# Testing took 3057.475256 seconds
# This is SMHasher version v1.0-demerphq-5-g86440f3 - built on Mar 10 2017.
