ok 1 - Found Hash # City32
###################################################################
### Testing City32 - no seed_state
### - Google CityHash32WithSeed (old) -
### seedbits: 32 statebits: 32 hashbits: 32
###################################################################
### Sanity Tests ###
ok 2 - Verification code # City32
# City32               - Verification value 0x1CC93AA2 : Passed.
# Sanity check simple key bit flips and consistency..........
ok 3 - SanityTest # City32
# Sanity check null suffixes change the hash (simple)..........
ok 4 - Appended Zeroes Test # City32
ok 5 - Sanity Test # City32
### Speed Tests ###
## Bulk speed test - 262144-byte keys
# Alignment  7 -  2.133 bytes/cycle - 6103.38 MiB/sec @ 3 ghz
# Alignment  6 -  2.133 bytes/cycle - 6102.59 MiB/sec @ 3 ghz
# Alignment  5 -  2.133 bytes/cycle - 6102.50 MiB/sec @ 3 ghz
# Alignment  4 -  2.159 bytes/cycle - 6176.43 MiB/sec @ 3 ghz
# Alignment  3 -  2.133 bytes/cycle - 6103.68 MiB/sec @ 3 ghz
# Alignment  2 -  2.133 bytes/cycle - 6102.76 MiB/sec @ 3 ghz
# Alignment  1 -  2.133 bytes/cycle - 6102.88 MiB/sec @ 3 ghz
# Alignment  0 -  2.158 bytes/cycle - 6175.51 MiB/sec @ 3 ghz
# Average      -  2.140 bytes/cycle - 6121.22 MiB/sec @ 3 ghz
## KeySpeed tests
# City32                    0 byte keys       14.000 c/h
# City32                    1 byte keys       25.000 c/h       25.000 c/b        0.040 b/c
# City32                    2 byte keys       28.000 c/h       14.000 c/b        0.071 b/c
# City32                    3 byte keys       31.000 c/h       10.333 c/b        0.097 b/c
# City32                    4 byte keys       35.000 c/h        8.750 c/b        0.114 b/c
# City32                    5 byte keys       37.231 c/h        7.446 c/b        0.134 b/c
# City32                    6 byte keys       37.000 c/h        6.167 c/b        0.162 b/c
# City32                    7 byte keys       37.000 c/h        5.286 c/b        0.189 b/c
# City32                    8 byte keys       32.000 c/h        4.000 c/b        0.250 b/c
# City32                    9 byte keys       32.000 c/h        3.556 c/b        0.281 b/c
# City32                   10 byte keys       32.339 c/h        3.234 c/b        0.309 b/c
# City32                   11 byte keys       32.000 c/h        2.909 c/b        0.344 b/c
# City32                   12 byte keys       32.000 c/h        2.667 c/b        0.375 b/c
# City32                   13 byte keys       53.000 c/h        4.077 c/b        0.245 b/c
# City32                   14 byte keys       53.474 c/h        3.820 c/b        0.262 b/c
# City32                   15 byte keys       53.000 c/h        3.533 c/b        0.283 b/c
# City32                   16 byte keys       26.000 c/h        1.625 c/b        0.615 b/c
# City32                   17 byte keys       26.000 c/h        1.529 c/b        0.654 b/c
# City32                   18 byte keys       26.000 c/h        1.444 c/b        0.692 b/c
# City32                   19 byte keys       26.000 c/h        1.368 c/b        0.731 b/c
# City32                   20 byte keys       26.000 c/h        1.300 c/b        0.769 b/c
# City32                   21 byte keys       26.000 c/h        1.238 c/b        0.808 b/c
# City32                   22 byte keys       26.000 c/h        1.182 c/b        0.846 b/c
# City32                   23 byte keys       26.000 c/h        1.130 c/b        0.885 b/c
# City32                   24 byte keys       26.000 c/h        1.083 c/b        0.923 b/c
# City32                   25 byte keys       40.000 c/h        1.600 c/b        0.625 b/c
# City32                   26 byte keys       40.261 c/h        1.549 c/b        0.646 b/c
# City32                   27 byte keys       40.000 c/h        1.481 c/b        0.675 b/c
# City32                   28 byte keys       40.000 c/h        1.429 c/b        0.700 b/c
# City32                   29 byte keys       40.000 c/h        1.379 c/b        0.725 b/c
# City32                   30 byte keys       40.000 c/h        1.333 c/b        0.750 b/c
# City32                   31 byte keys       40.000 c/h        1.290 c/b        0.775 b/c
#                          Average < 32       33.697 c/h        2.174 c/b        0.460 b/c
# City32                   32 byte keys       40.000 c/h        1.250 c/b        0.800 b/c
# City32                   36 byte keys       40.000 c/h        1.111 c/b        0.900 b/c
# City32                   40 byte keys       40.000 c/h        1.000 c/b        1.000 b/c
# City32                   44 byte keys       42.000 c/h        0.955 c/b        1.048 b/c
# City32                   48 byte keys       42.000 c/h        0.875 c/b        1.143 b/c
# City32                   52 byte keys       42.000 c/h        0.808 c/b        1.238 b/c
# City32                   56 byte keys       42.000 c/h        0.750 c/b        1.333 b/c
# City32                   60 byte keys       42.000 c/h        0.700 c/b        1.429 b/c
# City32                   64 byte keys       53.643 c/h        0.838 c/b        1.193 b/c
# City32                   68 byte keys       52.929 c/h        0.778 c/b        1.285 b/c
# City32                   72 byte keys       52.933 c/h        0.735 c/b        1.360 b/c
# City32                   76 byte keys       52.941 c/h        0.697 c/b        1.436 b/c
# City32                   80 byte keys       52.953 c/h        0.662 c/b        1.511 b/c
# City32                   84 byte keys       63.872 c/h        0.760 c/b        1.315 b/c
# City32                   88 byte keys       63.848 c/h        0.726 c/b        1.378 b/c
# City32                   92 byte keys       63.885 c/h        0.694 c/b        1.440 b/c
# City32                   96 byte keys       64.709 c/h        0.674 c/b        1.484 b/c
# City32                  100 byte keys       63.915 c/h        0.639 c/b        1.565 b/c
# City32                  104 byte keys       72.000 c/h        0.692 c/b        1.444 b/c
# City32                  108 byte keys       71.999 c/h        0.667 c/b        1.500 b/c
# City32                  112 byte keys       72.552 c/h        0.648 c/b        1.544 b/c
# City32                  116 byte keys       72.470 c/h        0.625 c/b        1.601 b/c
# City32                  120 byte keys       73.332 c/h        0.611 c/b        1.636 b/c
# City32                  124 byte keys       81.873 c/h        0.660 c/b        1.515 b/c
#                         Average < 128       43.539 c/h        1.030 c/b        0.971 b/c
# City32                  128 byte keys       81.901 c/h        0.640 c/b        1.563 b/c
# City32                  256 byte keys      143.044 c/h        0.559 c/b        1.790 b/c
# City32                  512 byte keys      281.132 c/h        0.549 c/b        1.821 b/c
# City32                 1024 byte keys      522.884 c/h        0.511 c/b        1.958 b/c
# City32                 2048 byte keys      995.932 c/h        0.486 c/b        2.056 b/c
# City32                 4096 byte keys     1956.702 c/h        0.478 c/b        2.093 b/c
# City32                 8192 byte keys     3885.829 c/h        0.474 c/b        2.108 b/c
# City32                16384 byte keys     7635.579 c/h        0.466 c/b        2.146 b/c
# City32                32768 byte keys    15231.239 c/h        0.465 c/b        2.151 b/c
# City32                65536 byte keys    30401.821 c/h        0.464 c/b        2.156 b/c
#                       Overall Average      963.246 c/h        0.477 c/b        2.097 b/c
ok 6 - Speed (always passes) # City32
### Differential Tests ###
# Testing 8303632 up-to-5-bit differentials in 64-bit keys -> 32 bit hashes.
# 1000 reps, 8303632000 total tests, expecting 1.93 random collisions..........
ok 7 - Differential collisions # City32
ok 8 - Nothing skipped during differential collision check # City32
# 5 total collisions, of which 5 single collisions were ignored
ok 9 - ProcessDifferentials
# Testing 11017632 up-to-4-bit differentials in 128-bit keys -> 32 bit hashes.
# 1000 reps, 11017632000 total tests, expecting 2.57 random collisions..........
ok 10 - Differential collisions # City32
ok 11 - Nothing skipped during differential collision check # City32
# 2 total collisions, of which 2 single collisions were ignored
ok 12 - ProcessDifferentials
# Testing 2796416 up-to-3-bit differentials in 256-bit keys -> 32 bit hashes.
# 1000 reps, 2796416000 total tests, expecting 0.65 random collisions..........
ok 13 - Differential collisions # City32
ok 14 - Nothing skipped during differential collision check # City32
# 1 total collisions, of which 1 single collisions were ignored
ok 15 - ProcessDifferentials
ok 16 - Differential # City32
### Avalanche Tests ### - seed-bits: 32 hash-bits: 32
# Samples 1000000, expected error 0.00025600, confidence level 99.99994267%
# Testing   0-bit keys.......... ok.     # worst-bit:   0.362% error-ratio: 1.009709e+00
ok 17 - Strict Avalanche Criteria - 0 bit keys
# Testing   8-bit keys.......... ok.     # worst-bit:   0.326% error-ratio: 8.863025e-01
ok 18 - Strict Avalanche Criteria - 8 bit keys
# Testing  16-bit keys.......... ok.     # worst-bit:   0.338% error-ratio: 1.011755e+00
ok 19 - Strict Avalanche Criteria - 16 bit keys
# Testing  24-bit keys.......... ok.     # worst-bit:   0.377% error-ratio: 1.011947e+00
ok 20 - Strict Avalanche Criteria - 24 bit keys
# Testing  32-bit keys.......... ok.     # worst-bit:   0.345% error-ratio: 1.005522e+00
ok 21 - Strict Avalanche Criteria - 32 bit keys
# Testing  40-bit keys.......... ok.     # worst-bit:   0.388% error-ratio: 1.016590e+00
ok 22 - Strict Avalanche Criteria - 40 bit keys
# Testing  48-bit keys.......... ok.     # worst-bit:   0.479% error-ratio: 9.957145e-01
ok 23 - Strict Avalanche Criteria - 48 bit keys
# Testing  56-bit keys.......... ok.     # worst-bit:   0.366% error-ratio: 1.012426e+00
ok 24 - Strict Avalanche Criteria - 56 bit keys
# Testing  64-bit keys.......... ok.     # worst-bit:   0.377% error-ratio: 1.024155e+00
ok 25 - Strict Avalanche Criteria - 64 bit keys
# Testing  72-bit keys.......... ok.     # worst-bit:   0.381% error-ratio: 9.773055e-01
ok 26 - Strict Avalanche Criteria - 72 bit keys
# Testing  80-bit keys.......... ok.     # worst-bit:   0.360% error-ratio: 9.846745e-01
ok 27 - Strict Avalanche Criteria - 80 bit keys
# Testing  88-bit keys.......... ok.     # worst-bit:   0.373% error-ratio: 9.818256e-01
ok 28 - Strict Avalanche Criteria - 88 bit keys
# Testing  96-bit keys.......... ok.     # worst-bit:   0.375% error-ratio: 9.920586e-01
ok 29 - Strict Avalanche Criteria - 96 bit keys
# Testing 104-bit keys.......... ok.     # worst-bit:   0.344% error-ratio: 1.004821e+00
ok 30 - Strict Avalanche Criteria - 104 bit keys
# Testing 112-bit keys.......... ok.     # worst-bit:   0.374% error-ratio: 1.005977e+00
ok 31 - Strict Avalanche Criteria - 112 bit keys
# Testing 120-bit keys.......... ok.     # worst-bit:   0.449% error-ratio: 9.985306e-01
ok 32 - Strict Avalanche Criteria - 120 bit keys
# Testing 128-bit keys.......... ok.     # worst-bit:   0.397% error-ratio: 1.033061e+00
ok 33 - Strict Avalanche Criteria - 128 bit keys
# Testing 136-bit keys.......... ok.     # worst-bit:   0.426% error-ratio: 9.533413e-01
ok 34 - Strict Avalanche Criteria - 136 bit keys
# Testing 144-bit keys.......... ok.     # worst-bit:   0.385% error-ratio: 9.666720e-01
ok 35 - Strict Avalanche Criteria - 144 bit keys
# Testing 152-bit keys.......... ok.     # worst-bit:   0.385% error-ratio: 9.899599e-01
ok 36 - Strict Avalanche Criteria - 152 bit keys
# Testing 152-bit keys.......... ok.     # worst-bit:   0.351% error-ratio: 1.015536e+00
ok 37 - Strict Avalanche Criteria - 160 bit keys
# Testing 256-bit keys.......... ok.     # worst-bit:   0.406% error-ratio: 9.985979e-01
ok 38 - Strict Avalanche Criteria - 256 bit keys
ok 39 - Strict Avalanche Criteria # City32
### Keyset 'Cyclic' Tests ###
# Keyset 'Cyclic' - 8 cycles of 4 bytes - 10000000 keys
# Testing collisions   - Expected 11641.53, actual    11578 ( 0.99x) - passed
ok 40 - Collision Rate for Keyset 'Cyclic' - 8 cycles of 4 bytes - 10000000 keys
ok 41 - Distribution Bias Check for Keyset 'Cyclic' - 8 cycles of 4 bytes - 10000000 keys
# Keyset 'Cyclic' - 8 cycles of 5 bytes - 10000000 keys
# Testing collisions   - Expected 11641.53, actual    11587 ( 1.00x) - passed
ok 42 - Collision Rate for Keyset 'Cyclic' - 8 cycles of 5 bytes - 10000000 keys
ok 43 - Distribution Bias Check for Keyset 'Cyclic' - 8 cycles of 5 bytes - 10000000 keys
# Keyset 'Cyclic' - 8 cycles of 6 bytes - 10000000 keys
# Testing collisions   - Expected 11641.53, actual    11730 ( 1.01x) - passed
ok 44 - Collision Rate for Keyset 'Cyclic' - 8 cycles of 6 bytes - 10000000 keys
ok 45 - Distribution Bias Check for Keyset 'Cyclic' - 8 cycles of 6 bytes - 10000000 keys
# Keyset 'Cyclic' - 8 cycles of 7 bytes - 10000000 keys
# Testing collisions   - Expected 11641.53, actual    11539 ( 0.99x) - passed
ok 46 - Collision Rate for Keyset 'Cyclic' - 8 cycles of 7 bytes - 10000000 keys
ok 47 - Distribution Bias Check for Keyset 'Cyclic' - 8 cycles of 7 bytes - 10000000 keys
# Keyset 'Cyclic' - 8 cycles of 8 bytes - 10000000 keys
# Testing collisions   - Expected 11641.53, actual    11545 ( 0.99x) - passed
ok 48 - Collision Rate for Keyset 'Cyclic' - 8 cycles of 8 bytes - 10000000 keys
ok 49 - Distribution Bias Check for Keyset 'Cyclic' - 8 cycles of 8 bytes - 10000000 keys
ok 50 - Keyset 'Cyclic' # City32
### Keyset 'TwoBytes' Tests ###
# Testing collisions   - Expected    49.57, actual       55 ( 1.11x) - passed
ok 51 - Collision Rate for Keyset 'TwoBytes' - up-to-4-byte keys, 652545 total keys
ok 52 - Distribution Bias Check for Keyset 'TwoBytes' - up-to-4-byte keys, 652545 total keys
# Testing collisions   - Expected  3484.56, actual     3529 ( 1.01x) - passed
ok 53 - Collision Rate for Keyset 'TwoBytes' - up-to-8-byte keys, 5471025 total keys
ok 54 - Distribution Bias Check for Keyset 'TwoBytes' - up-to-8-byte keys, 5471025 total keys
# Testing collisions   - Expected 40347.77, actual    40120 ( 0.99x) - passed
ok 55 - Collision Rate for Keyset 'TwoBytes' - up-to-12-byte keys, 18616785 total keys
ok 56 - Distribution Bias Check for Keyset 'TwoBytes' - up-to-12-byte keys, 18616785 total keys
# Testing collisions   - Expected 227963.15, actual   226981 ( 1.00x) - passed
ok 57 - Collision Rate for Keyset 'TwoBytes' - up-to-16-byte keys, 44251425 total keys
ok 58 - Distribution Bias Check for Keyset 'TwoBytes' - up-to-16-byte keys, 44251425 total keys
# Testing collisions   - Expected 871784.70, actual   865003 ( 0.99x) - passed
ok 59 - Collision Rate for Keyset 'TwoBytes' - up-to-20-byte keys, 86536545 total keys
ok 60 - Distribution Bias Check for Keyset 'TwoBytes' - up-to-20-byte keys, 86536545 total keys
ok 61 - Keyset 'TwoBytes' # City32
### Keyset 'Sparse' Tests ###
# Keyset 'Sparse' - 32-bit keys with up to 6 bits set - 1149017 keys
# Testing collisions   - Expected   153.70, actual      135 ( 0.88x) - passed
ok 62 - Collision Rate for Keyset 'Sparse' - 32-bit keys with up to 6 bits set
ok 63 - Distribution Bias Check for Keyset 'Sparse' - 32-bit keys with up to 6 bits set
# Keyset 'Sparse' - 40-bit keys with up to 6 bits set - 4598479 keys
# Testing collisions   - Expected  2461.72, actual     2400 ( 0.97x) - passed
ok 64 - Collision Rate for Keyset 'Sparse' - 40-bit keys with up to 6 bits set
ok 65 - Distribution Bias Check for Keyset 'Sparse' - 40-bit keys with up to 6 bits set
# Keyset 'Sparse' - 48-bit keys with up to 5 bits set - 1925357 keys
# Testing collisions   - Expected   431.55, actual      459 ( 1.06x) - passed
ok 66 - Collision Rate for Keyset 'Sparse' - 48-bit keys with up to 5 bits set
ok 67 - Distribution Bias Check for Keyset 'Sparse' - 48-bit keys with up to 5 bits set
# Keyset 'Sparse' - 56-bit keys with up to 5 bits set - 4216423 keys
# Testing collisions   - Expected  2069.66, actual     2081 ( 1.01x) - passed
ok 68 - Collision Rate for Keyset 'Sparse' - 56-bit keys with up to 5 bits set
ok 69 - Distribution Bias Check for Keyset 'Sparse' - 56-bit keys with up to 5 bits set
# Keyset 'Sparse' - 64-bit keys with up to 5 bits set - 8303633 keys
# Testing collisions   - Expected  8026.87, actual     7874 ( 0.98x) - passed
ok 70 - Collision Rate for Keyset 'Sparse' - 64-bit keys with up to 5 bits set
ok 71 - Distribution Bias Check for Keyset 'Sparse' - 64-bit keys with up to 5 bits set
# Keyset 'Sparse' - 96-bit keys with up to 4 bits set - 3469497 keys
# Testing collisions   - Expected  1401.34, actual     1374 ( 0.98x) - passed
ok 72 - Collision Rate for Keyset 'Sparse' - 96-bit keys with up to 4 bits set
ok 73 - Distribution Bias Check for Keyset 'Sparse' - 96-bit keys with up to 4 bits set
# Keyset 'Sparse' - 256-bit keys with up to 3 bits set - 2796417 keys
# Testing collisions   - Expected   910.36, actual      915 ( 1.01x) - passed
ok 74 - Collision Rate for Keyset 'Sparse' - 256-bit keys with up to 3 bits set
ok 75 - Distribution Bias Check for Keyset 'Sparse' - 256-bit keys with up to 3 bits set
# Keyset 'Sparse' - 2048-bit keys with up to 2 bits set - 2098177 keys
# Testing collisions   - Expected   512.50, actual      507 ( 0.99x) - passed
ok 76 - Collision Rate for Keyset 'Sparse' - 2048-bit keys with up to 2 bits set
ok 77 - Distribution Bias Check for Keyset 'Sparse' - 2048-bit keys with up to 2 bits set
ok 78 - Keyset 'Sparse' # City32
# Keyset 'CRC-MultiCollision' - 1048575 x 16 block keys - 128-bytes long - 10 seeds
# Testing collisions   - Expected   128.00, actual      145 ( 1.13x) - passed
ok 79 - Collision Rate for Keyset 'CRC-MultiCollision' - seed 1 # City32
# Testing collisions   - Expected   128.00, actual      124 ( 0.97x) - passed
ok 80 - Collision Rate for Keyset 'CRC-MultiCollision' - seed 2 # City32
# Testing collisions   - Expected   128.00, actual      138 ( 1.08x) - passed
ok 81 - Collision Rate for Keyset 'CRC-MultiCollision' - seed 3 # City32
# Testing collisions   - Expected   128.00, actual      118 ( 0.92x) - passed
ok 82 - Collision Rate for Keyset 'CRC-MultiCollision' - seed 4 # City32
# Testing collisions   - Expected   128.00, actual      116 ( 0.91x) - passed
ok 83 - Collision Rate for Keyset 'CRC-MultiCollision' - seed 5 # City32
# Testing collisions   - Expected   128.00, actual      137 ( 1.07x) - passed
ok 84 - Collision Rate for Keyset 'CRC-MultiCollision' - seed 6 # City32
# Testing collisions   - Expected   128.00, actual      131 ( 1.02x) - passed
ok 85 - Collision Rate for Keyset 'CRC-MultiCollision' - seed 7 # City32
# Testing collisions   - Expected   128.00, actual      126 ( 0.98x) - passed
ok 86 - Collision Rate for Keyset 'CRC-MultiCollision' - seed 8 # City32
# Testing collisions   - Expected   128.00, actual      135 ( 1.05x) - passed
ok 87 - Collision Rate for Keyset 'CRC-MultiCollision' - seed 9 # City32
# Testing collisions   - Expected   128.00, actual      128 ( 1.00x) - passed
ok 88 - Collision Rate for Keyset 'CRC-MultiCollision' - seed 10 # City32
### Keyset 'Combination Lowbits' Tests ###
# Keyset 'Combination' - up to 8 blocks from a set of 8 - 19173960 keys
# Testing collisions   - Expected 42799.01, actual    42411 ( 0.99x) - passed
ok 89 - Collision Rate for Keyset 'Combination Lowbits'
ok 90 - Distribution Bias Check for Keyset 'Combination Lowbits'
ok 91 - Keyset 'Combination Lowbits' # City32
### Keyset 'Combination Highbits' Tests ###
# Keyset 'Combination' - up to 8 blocks from a set of 8 - 19173960 keys
# Testing collisions   - Expected 42799.01, actual    42047 ( 0.98x) - passed
ok 92 - Collision Rate for Keyset 'Combination Highbits'
ok 93 - Distribution Bias Check for Keyset 'Combination Highbits'
ok 94 - Keyset 'Combination Highbits' # City32
### Keyset 'Combination Highbits2' Tests ###
# Keyset 'Combination' - up to 8 blocks from a set of 8 - 19173960 keys
# Testing collisions   - Expected 42799.01, actual    42612 ( 1.00x) - passed
ok 95 - Collision Rate for Keyset 'Combination Highbits2'
ok 96 - Distribution Bias Check for Keyset 'Combination Highbits2'
ok 97 - Keyset 'Combination Highbits2' # City32
### Keyset 'Combination 0x80000000' Tests ###
# Keyset 'Combination' - up to 20 blocks from a set of 2 - 2097150 keys
# Testing collisions   - Expected   512.00, actual      520 ( 1.02x) - passed
ok 98 - Collision Rate for Keyset 'Combination 0x80000000'
ok 99 - Distribution Bias Check for Keyset 'Combination 0x80000000'
ok 100 - Keyset 'Combination 0x80000000' # City32
### Keyset 'Combination 0x00000001' Tests ###
# Keyset 'Combination' - up to 20 blocks from a set of 2 - 2097150 keys
# Testing collisions   - Expected   512.00, actual      536 ( 1.05x) - passed
ok 101 - Collision Rate for Keyset 'Combination 0x00000001'
ok 102 - Distribution Bias Check for Keyset 'Combination 0x00000001'
ok 103 - Keyset 'Combination 0x00000001' # City32
### Keyset 'Combination Hi-Lo' Tests ###
# Keyset 'Combination' - up to 6 blocks from a set of 15 - 12204240 keys
# Testing collisions   - Expected 17339.30, actual    17235 ( 0.99x) - passed
ok 104 - Collision Rate for Keyset 'Combination Hi-Lo'
ok 105 - Distribution Bias Check for Keyset 'Combination Hi-Lo'
ok 106 - Keyset 'Combination Hi-Lo' # City32
### Keyset 'Text' Tests ###
# Keyset 'Text' - keys of form "Foo[XXXX]Bar" - 14776336 keys
# Testing collisions   - Expected 25418.13, actual    25439 ( 1.00x) - passed
ok 107 - Collision Rate for Keyset 'Text' - keys of form "Foo[XXXX]Bar" - 14776336 keys
ok 108 - Distribution Bias Check for Keyset 'Text' - keys of form "Foo[XXXX]Bar" - 14776336 keys
# Keyset 'Text' - keys of form "FooBar[XXXX]" - 14776336 keys
# Testing collisions   - Expected 25418.13, actual    25608 ( 1.01x) - passed
ok 109 - Collision Rate for Keyset 'Text' - keys of form "FooBar[XXXX]" - 14776336 keys
ok 110 - Distribution Bias Check for Keyset 'Text' - keys of form "FooBar[XXXX]" - 14776336 keys
# Keyset 'Text' - keys of form "[XXXX]FooBar" - 14776336 keys
# Testing collisions   - Expected 25418.13, actual        0 ( 0.00x) - passed
ok 111 - Collision Rate for Keyset 'Text' - keys of form "[XXXX]FooBar" - 14776336 keys
ok 112 - Distribution Bias Check for Keyset 'Text' - keys of form "[XXXX]FooBar" - 14776336 keys
ok 113 - Keyset 'Text' # City32
### Keyset 'Zeroes' Tests ###
# Keyset 'Zeroes' - 262144 keys
# Testing collisions   - Expected     8.00, actual        6 ( 0.75x) - passed
ok 114 - Collision Rate for Keyset 'Zeroes' - 262144 keys
ok 115 - Distribution Bias Check for Keyset 'Zeroes' - 262144 keys
ok 116 - Keyset 'Zeroes' # City32
### Keyset 'Seed' Tests ###
# Keyset 'Seed' - 2000000 seeds, Key "The quick brown fox "...
# Testing collisions   - Expected   465.46, actual        0 ( 0.00x) - passed
ok 117 - Collision Rate for Keyset 'Seed' - 2000000 seeds, Key "The quick brown fox "...
ok 118 - Distribution Bias Check for Keyset 'Seed' - 2000000 seeds, Key "The quick brown fox "...
# Keyset 'Seed' - 2000000 seeds, Key ""
# Testing collisions   - Expected   465.44, actual        0 ( 0.00x) - passed
ok 119 - Collision Rate for Keyset 'Seed' - 2000000 seeds, Key ""
ok 120 - Distribution Bias Check for Keyset 'Seed' - 2000000 seeds, Key ""
# Keyset 'Seed' - 2000000 seeds, Key "00101100110101101"
# Testing collisions   - Expected   465.46, actual        0 ( 0.00x) - passed
ok 121 - Collision Rate for Keyset 'Seed' - 2000000 seeds, Key "00101100110101101"
ok 122 - Distribution Bias Check for Keyset 'Seed' - 2000000 seeds, Key "00101100110101101"
# Keyset 'Seed' - 2000000 seeds, Key "abcbcddbdebdcaaabaaa"...
# Testing collisions   - Expected   465.45, actual        0 ( 0.00x) - passed
ok 123 - Collision Rate for Keyset 'Seed' - 2000000 seeds, Key "abcbcddbdebdcaaabaaa"...
ok 124 - Distribution Bias Check for Keyset 'Seed' - 2000000 seeds, Key "abcbcddbdebdcaaabaaa"...
ok 125 - Keyset 'Seed' # City32
### Keyset 'Effs' Tests ###
# Keyset 'Effs' - 262144 keys
# Testing collisions   - Expected     8.00, actual        9 ( 1.13x) - passed
ok 126 - Collision Rate for Keyset 'Effs' - 262144 keys
ok 127 - Distribution Bias Check for Keyset 'Effs' - 262144 keys
ok 128 - Keyset 'Effs' # City32
ok 129 - all tests passed # City32
1..129
# All Tests Passed. City32 passed all 129 tests run.
# Testing took 1301.111301 seconds
# This is SMHasher version v1.0-demerphq-5-g86440f3 - built on Mar 10 2017.
