ok 1 - SelfTest - Verify 89 Hashes
ok 2 - Found Hash # City64
###################################################################
### Testing City64 - no seed_state
### - Google CityHash64WithSeed (old) -
### seedbits: 64 statebits: 64 hashbits: 64
###################################################################
### Sanity Tests ###
ok 3 - Verification code # City64
# Sanity check simple key bit flips and consistency..........
ok 4 - SanityTest # City64
# Sanity check null suffixes change the hash (simple)..........
ok 5 - Appended Zeroes Test # City64
ok 6 - Sanity Test # City64
### Speed Tests ###
## Bulk speed test - 262144-byte keys
# Alignment  7 -  5.105 bytes/cycle - 14605.43 MiB/sec @ 3 ghz
# Alignment  6 -  5.106 bytes/cycle - 14608.24 MiB/sec @ 3 ghz
# Alignment  5 -  5.105 bytes/cycle - 14604.31 MiB/sec @ 3 ghz
# Alignment  4 -  5.105 bytes/cycle - 14606.62 MiB/sec @ 3 ghz
# Alignment  3 -  5.105 bytes/cycle - 14606.23 MiB/sec @ 3 ghz
# Alignment  2 -  5.104 bytes/cycle - 14603.24 MiB/sec @ 3 ghz
# Alignment  1 -  5.104 bytes/cycle - 14603.98 MiB/sec @ 3 ghz
# Alignment  0 -  5.267 bytes/cycle - 15069.00 MiB/sec @ 3 ghz
# Average      -  5.125 bytes/cycle - 14663.38 MiB/sec @ 3 ghz
## KeySpeed tests
# City64                    0 byte keys       15.000 c/h
# City64                    1 byte keys       25.000 c/h       25.000 c/b        0.040 b/c
# City64                    2 byte keys       25.671 c/h       12.835 c/b        0.078 b/c
# City64                    3 byte keys       25.733 c/h        8.578 c/b        0.117 b/c
# City64                    4 byte keys       28.412 c/h        7.103 c/b        0.141 b/c
# City64                    5 byte keys       29.034 c/h        5.807 c/b        0.172 b/c
# City64                    6 byte keys       28.786 c/h        4.798 c/b        0.208 b/c
# City64                    7 byte keys       28.771 c/h        4.110 c/b        0.243 b/c
# City64                    8 byte keys       28.840 c/h        3.605 c/b        0.277 b/c
# City64                    9 byte keys       39.000 c/h        4.333 c/b        0.231 b/c
# City64                   10 byte keys       39.000 c/h        3.900 c/b        0.256 b/c
# City64                   11 byte keys       39.000 c/h        3.545 c/b        0.282 b/c
# City64                   12 byte keys       39.247 c/h        3.271 c/b        0.306 b/c
# City64                   13 byte keys       39.000 c/h        3.000 c/b        0.333 b/c
# City64                   14 byte keys       39.000 c/h        2.786 c/b        0.359 b/c
# City64                   15 byte keys       39.433 c/h        2.629 c/b        0.380 b/c
# City64                   16 byte keys       27.000 c/h        1.688 c/b        0.593 b/c
# City64                   17 byte keys       41.000 c/h        2.412 c/b        0.415 b/c
# City64                   18 byte keys       41.000 c/h        2.278 c/b        0.439 b/c
# City64                   19 byte keys       41.000 c/h        2.158 c/b        0.463 b/c
# City64                   20 byte keys       41.000 c/h        2.050 c/b        0.488 b/c
# City64                   21 byte keys       41.242 c/h        1.964 c/b        0.509 b/c
# City64                   22 byte keys       41.000 c/h        1.864 c/b        0.537 b/c
# City64                   23 byte keys       41.000 c/h        1.783 c/b        0.561 b/c
# City64                   24 byte keys       33.000 c/h        1.375 c/b        0.727 b/c
# City64                   25 byte keys       34.125 c/h        1.365 c/b        0.733 b/c
# City64                   26 byte keys       33.000 c/h        1.269 c/b        0.788 b/c
# City64                   27 byte keys       33.540 c/h        1.242 c/b        0.805 b/c
# City64                   28 byte keys       33.520 c/h        1.197 c/b        0.835 b/c
# City64                   29 byte keys       33.000 c/h        1.138 c/b        0.879 b/c
# City64                   30 byte keys       33.530 c/h        1.118 c/b        0.895 b/c
# City64                   31 byte keys       33.515 c/h        1.081 c/b        0.925 b/c
#                          Average < 32       34.075 c/h        2.198 c/b        0.455 b/c
# City64                   32 byte keys       33.432 c/h        1.045 c/b        0.957 b/c
# City64                   36 byte keys       44.707 c/h        1.242 c/b        0.805 b/c
# City64                   40 byte keys       34.000 c/h        0.850 c/b        1.176 b/c
# City64                   44 byte keys       34.000 c/h        0.773 c/b        1.294 b/c
# City64                   48 byte keys       34.000 c/h        0.708 c/b        1.412 b/c
# City64                   52 byte keys       34.000 c/h        0.654 c/b        1.529 b/c
# City64                   56 byte keys       34.000 c/h        0.607 c/b        1.647 b/c
# City64                   60 byte keys       34.000 c/h        0.567 c/b        1.765 b/c
# City64                   64 byte keys       35.214 c/h        0.550 c/b        1.817 b/c
# City64                   68 byte keys       66.683 c/h        0.981 c/b        1.020 b/c
# City64                   72 byte keys       52.000 c/h        0.722 c/b        1.385 b/c
# City64                   76 byte keys       52.275 c/h        0.688 c/b        1.454 b/c
# City64                   80 byte keys       52.276 c/h        0.653 c/b        1.530 b/c
# City64                   84 byte keys       52.974 c/h        0.631 c/b        1.586 b/c
# City64                   88 byte keys       52.000 c/h        0.591 c/b        1.692 b/c
# City64                   92 byte keys       52.000 c/h        0.565 c/b        1.769 b/c
# City64                   96 byte keys       52.000 c/h        0.542 c/b        1.846 b/c
# City64                  100 byte keys       52.948 c/h        0.529 c/b        1.889 b/c
# City64                  104 byte keys       52.000 c/h        0.500 c/b        2.000 b/c
# City64                  108 byte keys       53.935 c/h        0.499 c/b        2.002 b/c
# City64                  112 byte keys       52.269 c/h        0.467 c/b        2.143 b/c
# City64                  116 byte keys       53.295 c/h        0.459 c/b        2.177 b/c
# City64                  120 byte keys       52.976 c/h        0.441 c/b        2.265 b/c
# City64                  124 byte keys       52.000 c/h        0.419 c/b        2.385 b/c
#                         Average < 128       39.453 c/h        0.933 c/b        1.072 b/c
# City64                  128 byte keys       52.550 c/h        0.411 c/b        2.436 b/c
# City64                  256 byte keys       80.802 c/h        0.316 c/b        3.168 b/c
# City64                  512 byte keys      123.445 c/h        0.241 c/b        4.148 b/c
# City64                 1024 byte keys      218.787 c/h        0.214 c/b        4.680 b/c
# City64                 2048 byte keys      424.110 c/h        0.207 c/b        4.829 b/c
# City64                 4096 byte keys      797.527 c/h        0.195 c/b        5.136 b/c
# City64                 8192 byte keys     1545.351 c/h        0.189 c/b        5.301 b/c
# City64                16384 byte keys     3040.684 c/h        0.186 c/b        5.388 b/c
# City64                32768 byte keys     6121.873 c/h        0.187 c/b        5.353 b/c
# City64                65536 byte keys    12185.846 c/h        0.186 c/b        5.378 b/c
#                       Overall Average      406.066 c/h        0.201 c/b        4.974 b/c
ok 7 - Speed (always passes) # City64
### Differential Tests ###
# Testing 8303632 up-to-5-bit differentials in 64-bit keys -> 64 bit hashes.
# 1000 reps, 8303632000 total tests, expecting 0.00 random collisions..........
ok 8 - Differential collisions # City64
ok 9 - Nothing skipped during differential collision check # City64
# 0 total collisions, of which 0 single collisions were ignored
ok 10 - ProcessDifferentials
# Testing 11017632 up-to-4-bit differentials in 128-bit keys -> 64 bit hashes.
# 1000 reps, 11017632000 total tests, expecting 0.00 random collisions..........
ok 11 - Differential collisions # City64
ok 12 - Nothing skipped during differential collision check # City64
# 0 total collisions, of which 0 single collisions were ignored
ok 13 - ProcessDifferentials
# Testing 2796416 up-to-3-bit differentials in 256-bit keys -> 64 bit hashes.
# 1000 reps, 2796416000 total tests, expecting 0.00 random collisions..........
ok 14 - Differential collisions # City64
ok 15 - Nothing skipped during differential collision check # City64
# 0 total collisions, of which 0 single collisions were ignored
ok 16 - ProcessDifferentials
ok 17 - Differential # City64
### Avalanche Tests ### - seed-bits: 64 hash-bits: 64
# Samples 500000, expected error 0.00051200, confidence level 99.99994267%
# Testing   0-bit keys.......... ok.     # worst-bit:   0.560% error-ratio: 9.847905e-01
ok 18 - Strict Avalanche Criteria - 0 bit keys
# Testing   8-bit keys.......... ok.     # worst-bit:   0.532% error-ratio: 9.944091e-01
ok 19 - Strict Avalanche Criteria - 8 bit keys
# Testing  16-bit keys.......... ok.     # worst-bit:   0.675% error-ratio: 1.012043e+00
ok 20 - Strict Avalanche Criteria - 16 bit keys
# Testing  24-bit keys.......... ok.     # worst-bit:   0.502% error-ratio: 1.022002e+00
ok 21 - Strict Avalanche Criteria - 24 bit keys
# Testing  32-bit keys.......... ok.     # worst-bit:   0.517% error-ratio: 9.872392e-01
ok 22 - Strict Avalanche Criteria - 32 bit keys
# Testing  40-bit keys.......... ok.     # worst-bit:   0.535% error-ratio: 9.813782e-01
ok 23 - Strict Avalanche Criteria - 40 bit keys
# Testing  48-bit keys.......... ok.     # worst-bit:   0.518% error-ratio: 1.018053e+00
ok 24 - Strict Avalanche Criteria - 48 bit keys
# Testing  56-bit keys.......... ok.     # worst-bit:   0.570% error-ratio: 9.954601e-01
ok 25 - Strict Avalanche Criteria - 56 bit keys
# Testing  64-bit keys.......... ok.     # worst-bit:   0.577% error-ratio: 9.947307e-01
ok 26 - Strict Avalanche Criteria - 64 bit keys
# Testing  72-bit keys.......... ok.     # worst-bit:   0.616% error-ratio: 9.670005e-01
ok 27 - Strict Avalanche Criteria - 72 bit keys
# Testing  80-bit keys.......... ok.     # worst-bit:   0.569% error-ratio: 1.001262e+00
ok 28 - Strict Avalanche Criteria - 80 bit keys
# Testing  88-bit keys.......... ok.     # worst-bit:   0.651% error-ratio: 9.821543e-01
ok 29 - Strict Avalanche Criteria - 88 bit keys
# Testing  96-bit keys.......... ok.     # worst-bit:   0.545% error-ratio: 1.010709e+00
ok 30 - Strict Avalanche Criteria - 96 bit keys
# Testing 104-bit keys.......... ok.     # worst-bit:   0.500% error-ratio: 9.677206e-01
ok 31 - Strict Avalanche Criteria - 104 bit keys
# Testing 112-bit keys.......... ok.     # worst-bit:   0.562% error-ratio: 9.917788e-01
ok 32 - Strict Avalanche Criteria - 112 bit keys
# Testing 120-bit keys.......... ok.     # worst-bit:   0.539% error-ratio: 9.922389e-01
ok 33 - Strict Avalanche Criteria - 120 bit keys
# Testing 128-bit keys.......... ok.     # worst-bit:   0.541% error-ratio: 1.004797e+00
ok 34 - Strict Avalanche Criteria - 128 bit keys
# Testing 136-bit keys.......... ok.     # worst-bit:   0.554% error-ratio: 1.010680e+00
ok 35 - Strict Avalanche Criteria - 136 bit keys
# Testing 144-bit keys.......... ok.     # worst-bit:   0.694% error-ratio: 1.001554e+00
ok 36 - Strict Avalanche Criteria - 144 bit keys
# Testing 152-bit keys.......... ok.     # worst-bit:   0.522% error-ratio: 9.802950e-01
ok 37 - Strict Avalanche Criteria - 152 bit keys
# Testing 152-bit keys.......... ok.     # worst-bit:   0.552% error-ratio: 9.776877e-01
ok 38 - Strict Avalanche Criteria - 160 bit keys
# Testing 256-bit keys.......... ok.     # worst-bit:   0.583% error-ratio: 9.980943e-01
ok 39 - Strict Avalanche Criteria - 256 bit keys
ok 40 - Strict Avalanche Criteria # City64
### Keyset 'Cyclic' Tests ###
# Keyset 'Cyclic' - 8 cycles of 8 bytes - 10000000 keys
# Testing collisions   - Expected     0.00, actual        0 ( 0.00x) - passed
ok 41 - Collision Rate for Keyset 'Cyclic' - 8 cycles of 8 bytes - 10000000 keys
ok 42 - Distribution Bias Check for Keyset 'Cyclic' - 8 cycles of 8 bytes - 10000000 keys
# Keyset 'Cyclic' - 8 cycles of 9 bytes - 10000000 keys
# Testing collisions   - Expected     0.00, actual        0 ( 0.00x) - passed
ok 43 - Collision Rate for Keyset 'Cyclic' - 8 cycles of 9 bytes - 10000000 keys
ok 44 - Distribution Bias Check for Keyset 'Cyclic' - 8 cycles of 9 bytes - 10000000 keys
# Keyset 'Cyclic' - 8 cycles of 10 bytes - 10000000 keys
# Testing collisions   - Expected     0.00, actual        0 ( 0.00x) - passed
ok 45 - Collision Rate for Keyset 'Cyclic' - 8 cycles of 10 bytes - 10000000 keys
ok 46 - Distribution Bias Check for Keyset 'Cyclic' - 8 cycles of 10 bytes - 10000000 keys
# Keyset 'Cyclic' - 8 cycles of 11 bytes - 10000000 keys
# Testing collisions   - Expected     0.00, actual        0 ( 0.00x) - passed
ok 47 - Collision Rate for Keyset 'Cyclic' - 8 cycles of 11 bytes - 10000000 keys
ok 48 - Distribution Bias Check for Keyset 'Cyclic' - 8 cycles of 11 bytes - 10000000 keys
# Keyset 'Cyclic' - 8 cycles of 12 bytes - 10000000 keys
# Testing collisions   - Expected     0.00, actual        0 ( 0.00x) - passed
ok 49 - Collision Rate for Keyset 'Cyclic' - 8 cycles of 12 bytes - 10000000 keys
ok 50 - Distribution Bias Check for Keyset 'Cyclic' - 8 cycles of 12 bytes - 10000000 keys
ok 51 - Keyset 'Cyclic' # City64
### Keyset 'TwoBytes' Tests ###
# Testing collisions   - Expected     0.00, actual        0 ( 0.00x) - passed
ok 52 - Collision Rate for Keyset 'TwoBytes' - up-to-4-byte keys, 652545 total keys
ok 53 - Distribution Bias Check for Keyset 'TwoBytes' - up-to-4-byte keys, 652545 total keys
# Testing collisions   - Expected     0.00, actual        0 ( 0.00x) - passed
ok 54 - Collision Rate for Keyset 'TwoBytes' - up-to-8-byte keys, 5471025 total keys
ok 55 - Distribution Bias Check for Keyset 'TwoBytes' - up-to-8-byte keys, 5471025 total keys
# Testing collisions   - Expected     0.00, actual        0 ( 0.00x) - passed
ok 56 - Collision Rate for Keyset 'TwoBytes' - up-to-12-byte keys, 18616785 total keys
ok 57 - Distribution Bias Check for Keyset 'TwoBytes' - up-to-12-byte keys, 18616785 total keys
# Testing collisions   - Expected     0.00, actual        1 - Excessive keys in collision - failed
not ok 58 - Collision Rate for Keyset 'TwoBytes' - up-to-16-byte keys, 44251425 total keys
ok 59 - Distribution Bias Check for Keyset 'TwoBytes' - up-to-16-byte keys, 44251425 total keys
# Testing collisions   - Expected     0.00, actual        1 - Excessive keys in collision - failed
not ok 60 - Collision Rate for Keyset 'TwoBytes' - up-to-20-byte keys, 86536545 total keys
ok 61 - Distribution Bias Check for Keyset 'TwoBytes' - up-to-20-byte keys, 86536545 total keys
not ok 62 - Keyset 'TwoBytes' # City64
### Keyset 'Sparse' Tests ###
# Keyset 'Sparse' - 32-bit keys with up to 6 bits set - 1149017 keys
# Testing collisions   - Expected     0.00, actual        0 ( 0.00x) - passed
ok 63 - Collision Rate for Keyset 'Sparse' - 32-bit keys with up to 6 bits set
ok 64 - Distribution Bias Check for Keyset 'Sparse' - 32-bit keys with up to 6 bits set
# Keyset 'Sparse' - 40-bit keys with up to 6 bits set - 4598479 keys
# Testing collisions   - Expected     0.00, actual        0 ( 0.00x) - passed
ok 65 - Collision Rate for Keyset 'Sparse' - 40-bit keys with up to 6 bits set
ok 66 - Distribution Bias Check for Keyset 'Sparse' - 40-bit keys with up to 6 bits set
# Keyset 'Sparse' - 48-bit keys with up to 5 bits set - 1925357 keys
# Testing collisions   - Expected     0.00, actual        0 ( 0.00x) - passed
ok 67 - Collision Rate for Keyset 'Sparse' - 48-bit keys with up to 5 bits set
ok 68 - Distribution Bias Check for Keyset 'Sparse' - 48-bit keys with up to 5 bits set
# Keyset 'Sparse' - 56-bit keys with up to 5 bits set - 4216423 keys
# Testing collisions   - Expected     0.00, actual        0 ( 0.00x) - passed
ok 69 - Collision Rate for Keyset 'Sparse' - 56-bit keys with up to 5 bits set
ok 70 - Distribution Bias Check for Keyset 'Sparse' - 56-bit keys with up to 5 bits set
# Keyset 'Sparse' - 64-bit keys with up to 5 bits set - 8303633 keys
# Testing collisions   - Expected     0.00, actual        0 ( 0.00x) - passed
ok 71 - Collision Rate for Keyset 'Sparse' - 64-bit keys with up to 5 bits set
ok 72 - Distribution Bias Check for Keyset 'Sparse' - 64-bit keys with up to 5 bits set
# Keyset 'Sparse' - 96-bit keys with up to 4 bits set - 3469497 keys
# Testing collisions   - Expected     0.00, actual        0 ( 0.00x) - passed
ok 73 - Collision Rate for Keyset 'Sparse' - 96-bit keys with up to 4 bits set
ok 74 - Distribution Bias Check for Keyset 'Sparse' - 96-bit keys with up to 4 bits set
# Keyset 'Sparse' - 256-bit keys with up to 3 bits set - 2796417 keys
# Testing collisions   - Expected     0.00, actual        0 ( 0.00x) - passed
ok 75 - Collision Rate for Keyset 'Sparse' - 256-bit keys with up to 3 bits set
ok 76 - Distribution Bias Check for Keyset 'Sparse' - 256-bit keys with up to 3 bits set
# Keyset 'Sparse' - 2048-bit keys with up to 2 bits set - 2098177 keys
# Testing collisions   - Expected     0.00, actual        0 ( 0.00x) - passed
ok 77 - Collision Rate for Keyset 'Sparse' - 2048-bit keys with up to 2 bits set
ok 78 - Distribution Bias Check for Keyset 'Sparse' - 2048-bit keys with up to 2 bits set
ok 79 - Keyset 'Sparse' # City64
# Keyset 'CRC-MultiCollision' - 1048575 x 16 block keys - 128-bytes long - 10 seeds
# Testing collisions   - Expected     0.00, actual        0 ( 0.00x) - passed
ok 80 - Collision Rate for Keyset 'CRC-MultiCollision' - seed 1 # City64
# Testing collisions   - Expected     0.00, actual        0 ( 0.00x) - passed
ok 81 - Collision Rate for Keyset 'CRC-MultiCollision' - seed 2 # City64
# Testing collisions   - Expected     0.00, actual        0 ( 0.00x) - passed
ok 82 - Collision Rate for Keyset 'CRC-MultiCollision' - seed 3 # City64
# Testing collisions   - Expected     0.00, actual        0 ( 0.00x) - passed
ok 83 - Collision Rate for Keyset 'CRC-MultiCollision' - seed 4 # City64
# Testing collisions   - Expected     0.00, actual        0 ( 0.00x) - passed
ok 84 - Collision Rate for Keyset 'CRC-MultiCollision' - seed 5 # City64
# Testing collisions   - Expected     0.00, actual        0 ( 0.00x) - passed
ok 85 - Collision Rate for Keyset 'CRC-MultiCollision' - seed 6 # City64
# Testing collisions   - Expected     0.00, actual        0 ( 0.00x) - passed
ok 86 - Collision Rate for Keyset 'CRC-MultiCollision' - seed 7 # City64
# Testing collisions   - Expected     0.00, actual        0 ( 0.00x) - passed
ok 87 - Collision Rate for Keyset 'CRC-MultiCollision' - seed 8 # City64
# Testing collisions   - Expected     0.00, actual        0 ( 0.00x) - passed
ok 88 - Collision Rate for Keyset 'CRC-MultiCollision' - seed 9 # City64
# Testing collisions   - Expected     0.00, actual        0 ( 0.00x) - passed
ok 89 - Collision Rate for Keyset 'CRC-MultiCollision' - seed 10 # City64
### Keyset 'Combination Lowbits' Tests ###
# Keyset 'Combination' - up to 8 blocks from a set of 8 - 19173960 keys
# Testing collisions   - Expected     0.00, actual        0 ( 0.00x) - passed
ok 90 - Collision Rate for Keyset 'Combination Lowbits'
ok 91 - Distribution Bias Check for Keyset 'Combination Lowbits'
ok 92 - Keyset 'Combination Lowbits' # City64
### Keyset 'Combination Highbits' Tests ###
# Keyset 'Combination' - up to 8 blocks from a set of 8 - 19173960 keys
# Testing collisions   - Expected     0.00, actual        0 ( 0.00x) - passed
ok 93 - Collision Rate for Keyset 'Combination Highbits'
ok 94 - Distribution Bias Check for Keyset 'Combination Highbits'
ok 95 - Keyset 'Combination Highbits' # City64
### Keyset 'Combination Highbits2' Tests ###
# Keyset 'Combination' - up to 8 blocks from a set of 8 - 19173960 keys
# Testing collisions   - Expected     0.00, actual        0 ( 0.00x) - passed
ok 96 - Collision Rate for Keyset 'Combination Highbits2'
ok 97 - Distribution Bias Check for Keyset 'Combination Highbits2'
ok 98 - Keyset 'Combination Highbits2' # City64
### Keyset 'Combination 0x80000000' Tests ###
# Keyset 'Combination' - up to 20 blocks from a set of 2 - 2097150 keys
# Testing collisions   - Expected     0.00, actual        0 ( 0.00x) - passed
ok 99 - Collision Rate for Keyset 'Combination 0x80000000'
ok 100 - Distribution Bias Check for Keyset 'Combination 0x80000000'
ok 101 - Keyset 'Combination 0x80000000' # City64
### Keyset 'Combination 0x00000001' Tests ###
# Keyset 'Combination' - up to 20 blocks from a set of 2 - 2097150 keys
# Testing collisions   - Expected     0.00, actual        0 ( 0.00x) - passed
ok 102 - Collision Rate for Keyset 'Combination 0x00000001'
ok 103 - Distribution Bias Check for Keyset 'Combination 0x00000001'
ok 104 - Keyset 'Combination 0x00000001' # City64
### Keyset 'Combination Hi-Lo' Tests ###
# Keyset 'Combination' - up to 6 blocks from a set of 15 - 12204240 keys
# Testing collisions   - Expected     0.00, actual        0 ( 0.00x) - passed
ok 105 - Collision Rate for Keyset 'Combination Hi-Lo'
ok 106 - Distribution Bias Check for Keyset 'Combination Hi-Lo'
ok 107 - Keyset 'Combination Hi-Lo' # City64
### Keyset 'Text' Tests ###
# Keyset 'Text' - keys of form "Foo[XXXX]Bar" - 14776336 keys
# Testing collisions   - Expected     0.00, actual        0 ( 0.00x) - passed
ok 108 - Collision Rate for Keyset 'Text' - keys of form "Foo[XXXX]Bar" - 14776336 keys
ok 109 - Distribution Bias Check for Keyset 'Text' - keys of form "Foo[XXXX]Bar" - 14776336 keys
# Keyset 'Text' - keys of form "FooBar[XXXX]" - 14776336 keys
# Testing collisions   - Expected     0.00, actual        0 ( 0.00x) - passed
ok 110 - Collision Rate for Keyset 'Text' - keys of form "FooBar[XXXX]" - 14776336 keys
ok 111 - Distribution Bias Check for Keyset 'Text' - keys of form "FooBar[XXXX]" - 14776336 keys
# Keyset 'Text' - keys of form "[XXXX]FooBar" - 14776336 keys
# Testing collisions   - Expected     0.00, actual        0 ( 0.00x) - passed
ok 112 - Collision Rate for Keyset 'Text' - keys of form "[XXXX]FooBar" - 14776336 keys
ok 113 - Distribution Bias Check for Keyset 'Text' - keys of form "[XXXX]FooBar" - 14776336 keys
ok 114 - Keyset 'Text' # City64
### Keyset 'Zeroes' Tests ###
# Keyset 'Zeroes' - 262144 keys
# Testing collisions   - Expected     0.00, actual        0 ( 0.00x) - passed
ok 115 - Collision Rate for Keyset 'Zeroes' - 262144 keys
ok 116 - Distribution Bias Check for Keyset 'Zeroes' - 262144 keys
ok 117 - Keyset 'Zeroes' # City64
### Keyset 'Seed' Tests ###
# Keyset 'Seed' - 2000000 seeds, Key "The quick brown fox "...
# Testing collisions   - Expected     0.00, actual        0 ( 0.00x) - passed
ok 118 - Collision Rate for Keyset 'Seed' - 2000000 seeds, Key "The quick brown fox "...
ok 119 - Distribution Bias Check for Keyset 'Seed' - 2000000 seeds, Key "The quick brown fox "...
# Keyset 'Seed' - 2000000 seeds, Key ""
# Testing collisions   - Expected     0.00, actual        0 ( 0.00x) - passed
ok 120 - Collision Rate for Keyset 'Seed' - 2000000 seeds, Key ""
ok 121 - Distribution Bias Check for Keyset 'Seed' - 2000000 seeds, Key ""
# Keyset 'Seed' - 2000000 seeds, Key "00101100110101101"
# Testing collisions   - Expected     0.00, actual        0 ( 0.00x) - passed
ok 122 - Collision Rate for Keyset 'Seed' - 2000000 seeds, Key "00101100110101101"
ok 123 - Distribution Bias Check for Keyset 'Seed' - 2000000 seeds, Key "00101100110101101"
# Keyset 'Seed' - 2000000 seeds, Key "abcbcddbdebdcaaabaaa"...
# Testing collisions   - Expected     0.00, actual        0 ( 0.00x) - passed
ok 124 - Collision Rate for Keyset 'Seed' - 2000000 seeds, Key "abcbcddbdebdcaaabaaa"...
ok 125 - Distribution Bias Check for Keyset 'Seed' - 2000000 seeds, Key "abcbcddbdebdcaaabaaa"...
ok 126 - Keyset 'Seed' # City64
### Keyset 'Effs' Tests ###
# Keyset 'Effs' - 262144 keys
# Testing collisions   - Expected     0.00, actual        0 ( 0.00x) - passed
ok 127 - Collision Rate for Keyset 'Effs' - 262144 keys
ok 128 - Distribution Bias Check for Keyset 'Effs' - 262144 keys
ok 129 - Keyset 'Effs' # City64
not ok 130 - all tests passed # City64
1..130
# Tests Failed. City64 failed 4 of 130 tests.
# Testing took 1754.387480 seconds
# This is SMHasher version v1.0-demerphq-5-g86440f3 - built on Mar 10 2017.
