ok 1 - Found Hash # cmetrohash64_2
###################################################################
### Testing cmetrohash64_2 - no seed_state
### - cmetrohash64_2, 64-bit for x64 -
### seedbits: 64 statebits: 64 hashbits: 64
###################################################################
ok 2 - Verification code # cmetrohash64_2
# cmetrohash64_2       - Verification value 0x048847C2 : Passed.
### Sanity Tests ###
# Sanity check simple key bit flips and consistency..........
ok 3 - SanityTest # cmetrohash64_2
# Sanity check null suffixes change the hash (simple)..........
ok 4 - Appended Zeroes Test # cmetrohash64_2
ok 5 - Sanity Test # cmetrohash64_2
### Speed Tests ###
## Bulk speed test - 262144-byte keys
# Alignment  7 -  5.177 bytes/cycle - 14811.55 MiB/sec @ 3 ghz
# Alignment  6 -  5.177 bytes/cycle - 14812.33 MiB/sec @ 3 ghz
# Alignment  5 -  5.176 bytes/cycle - 14807.44 MiB/sec @ 3 ghz
# Alignment  4 -  5.177 bytes/cycle - 14812.81 MiB/sec @ 3 ghz
# Alignment  3 -  5.177 bytes/cycle - 14812.00 MiB/sec @ 3 ghz
# Alignment  2 -  5.130 bytes/cycle - 14676.09 MiB/sec @ 3 ghz
# Alignment  1 -  5.177 bytes/cycle - 14812.47 MiB/sec @ 3 ghz
# Alignment  0 -  5.421 bytes/cycle - 15509.23 MiB/sec @ 3 ghz
# Average      -  5.202 bytes/cycle - 14881.74 MiB/sec @ 3 ghz
## KeySpeed tests
# cmetrohash64_2            0 byte keys       13.000 c/h
# cmetrohash64_2            1 byte keys       15.998 c/h       15.998 c/b        0.063 b/c
# cmetrohash64_2            2 byte keys       15.673 c/h        7.836 c/b        0.128 b/c
# cmetrohash64_2            3 byte keys       20.980 c/h        6.993 c/b        0.143 b/c
# cmetrohash64_2            4 byte keys       15.651 c/h        3.913 c/b        0.256 b/c
# cmetrohash64_2            5 byte keys       20.973 c/h        4.195 c/b        0.238 b/c
# cmetrohash64_2            6 byte keys       21.000 c/h        3.500 c/b        0.286 b/c
# cmetrohash64_2            7 byte keys       25.796 c/h        3.685 c/b        0.271 b/c
# cmetrohash64_2            8 byte keys       15.846 c/h        1.981 c/b        0.505 b/c
# cmetrohash64_2            9 byte keys       20.996 c/h        2.333 c/b        0.429 b/c
# cmetrohash64_2           10 byte keys       20.991 c/h        2.099 c/b        0.476 b/c
# cmetrohash64_2           11 byte keys       25.999 c/h        2.364 c/b        0.423 b/c
# cmetrohash64_2           12 byte keys       20.988 c/h        1.749 c/b        0.572 b/c
# cmetrohash64_2           13 byte keys       25.997 c/h        2.000 c/b        0.500 b/c
# cmetrohash64_2           14 byte keys       25.924 c/h        1.852 c/b        0.540 b/c
# cmetrohash64_2           15 byte keys       30.875 c/h        2.058 c/b        0.486 b/c
# cmetrohash64_2           16 byte keys       22.000 c/h        1.375 c/b        0.727 b/c
# cmetrohash64_2           17 byte keys       27.394 c/h        1.611 c/b        0.621 b/c
# cmetrohash64_2           18 byte keys       27.000 c/h        1.500 c/b        0.667 b/c
# cmetrohash64_2           19 byte keys       32.000 c/h        1.684 c/b        0.594 b/c
# cmetrohash64_2           20 byte keys       27.000 c/h        1.350 c/b        0.741 b/c
# cmetrohash64_2           21 byte keys       32.000 c/h        1.524 c/b        0.656 b/c
# cmetrohash64_2           22 byte keys       32.622 c/h        1.483 c/b        0.674 b/c
# cmetrohash64_2           23 byte keys       37.000 c/h        1.609 c/b        0.622 b/c
# cmetrohash64_2           24 byte keys       27.000 c/h        1.125 c/b        0.889 b/c
# cmetrohash64_2           25 byte keys       32.000 c/h        1.280 c/b        0.781 b/c
# cmetrohash64_2           26 byte keys       32.000 c/h        1.231 c/b        0.812 b/c
# cmetrohash64_2           27 byte keys       37.287 c/h        1.381 c/b        0.724 b/c
# cmetrohash64_2           28 byte keys       32.000 c/h        1.143 c/b        0.875 b/c
# cmetrohash64_2           29 byte keys       37.000 c/h        1.276 c/b        0.784 b/c
# cmetrohash64_2           30 byte keys       37.000 c/h        1.233 c/b        0.811 b/c
# cmetrohash64_2           31 byte keys       42.000 c/h        1.355 c/b        0.738 b/c
#                          Average < 32       26.562 c/h        1.714 c/b        0.584 b/c
# cmetrohash64_2           32 byte keys       40.000 c/h        1.250 c/b        0.800 b/c
# cmetrohash64_2           36 byte keys       44.560 c/h        1.238 c/b        0.808 b/c
# cmetrohash64_2           40 byte keys       46.000 c/h        1.150 c/b        0.870 b/c
# cmetrohash64_2           44 byte keys       49.948 c/h        1.135 c/b        0.881 b/c
# cmetrohash64_2           48 byte keys       51.776 c/h        1.079 c/b        0.927 b/c
# cmetrohash64_2           52 byte keys       56.576 c/h        1.088 c/b        0.919 b/c
# cmetrohash64_2           56 byte keys       56.945 c/h        1.017 c/b        0.983 b/c
# cmetrohash64_2           60 byte keys       61.742 c/h        1.029 c/b        0.972 b/c
# cmetrohash64_2           64 byte keys       42.918 c/h        0.671 c/b        1.491 b/c
# cmetrohash64_2           68 byte keys       48.000 c/h        0.706 c/b        1.417 b/c
# cmetrohash64_2           72 byte keys       48.714 c/h        0.677 c/b        1.478 b/c
# cmetrohash64_2           76 byte keys       53.840 c/h        0.708 c/b        1.412 b/c
# cmetrohash64_2           80 byte keys       54.999 c/h        0.687 c/b        1.455 b/c
# cmetrohash64_2           84 byte keys       59.997 c/h        0.714 c/b        1.400 b/c
# cmetrohash64_2           88 byte keys       60.163 c/h        0.684 c/b        1.463 b/c
# cmetrohash64_2           92 byte keys       64.959 c/h        0.706 c/b        1.416 b/c
# cmetrohash64_2           96 byte keys       46.622 c/h        0.486 c/b        2.059 b/c
# cmetrohash64_2          100 byte keys       50.999 c/h        0.510 c/b        1.961 b/c
# cmetrohash64_2          104 byte keys       50.843 c/h        0.489 c/b        2.046 b/c
# cmetrohash64_2          108 byte keys       69.970 c/h        0.648 c/b        1.544 b/c
# cmetrohash64_2          112 byte keys       57.909 c/h        0.517 c/b        1.934 b/c
# cmetrohash64_2          116 byte keys       62.977 c/h        0.543 c/b        1.842 b/c
# cmetrohash64_2          120 byte keys       62.999 c/h        0.525 c/b        1.905 b/c
# cmetrohash64_2          124 byte keys       67.984 c/h        0.548 c/b        1.824 b/c
#                         Average < 128       38.597 c/h        0.913 c/b        1.096 b/c
# cmetrohash64_2          128 byte keys       51.074 c/h        0.399 c/b        2.506 b/c
# cmetrohash64_2          256 byte keys       68.698 c/h        0.268 c/b        3.726 b/c
# cmetrohash64_2          512 byte keys      112.476 c/h        0.220 c/b        4.552 b/c
# cmetrohash64_2         1024 byte keys      221.369 c/h        0.216 c/b        4.626 b/c
# cmetrohash64_2         2048 byte keys      404.697 c/h        0.198 c/b        5.061 b/c
# cmetrohash64_2         4096 byte keys      771.154 c/h        0.188 c/b        5.312 b/c
# cmetrohash64_2         8192 byte keys     1513.942 c/h        0.185 c/b        5.411 b/c
# cmetrohash64_2        16384 byte keys     2966.620 c/h        0.181 c/b        5.523 b/c
# cmetrohash64_2        32768 byte keys     5968.481 c/h        0.182 c/b        5.490 b/c
# cmetrohash64_2        65536 byte keys    12001.460 c/h        0.183 c/b        5.461 b/c
#                       Overall Average      397.597 c/h        0.197 c/b        5.080 b/c
ok 6 - Speed (always passes) # cmetrohash64_2
### Differential Tests ###
# Testing 8303632 up-to-5-bit differentials in 64-bit keys -> 64 bit hashes.
# 1000 reps, 8303632000 total tests, expecting 0.00 random collisions..........
ok 7 - Differential collisions # cmetrohash64_2
ok 8 - Nothing skipped during differential collision check # cmetrohash64_2
# 0 total collisions, of which 0 single collisions were ignored
ok 9 - ProcessDifferentials
# Testing 11017632 up-to-4-bit differentials in 128-bit keys -> 64 bit hashes.
# 1000 reps, 11017632000 total tests, expecting 0.00 random collisions..........
ok 10 - Differential collisions # cmetrohash64_2
ok 11 - Nothing skipped during differential collision check # cmetrohash64_2
# 0 total collisions, of which 0 single collisions were ignored
ok 12 - ProcessDifferentials
# Testing 2796416 up-to-3-bit differentials in 256-bit keys -> 64 bit hashes.
# 1000 reps, 2796416000 total tests, expecting 0.00 random collisions..........
ok 13 - Differential collisions # cmetrohash64_2
ok 14 - Nothing skipped during differential collision check # cmetrohash64_2
# 0 total collisions, of which 0 single collisions were ignored
ok 15 - ProcessDifferentials
ok 16 - Differential # cmetrohash64_2
### Avalanche Tests ### - seed-bits: 64 hash-bits: 64
# Samples 500000, expected error 0.00051200, confidence level 99.99994267%
# Testing   0-bit keys.......... not ok! # worst-bit:   0.438% error-ratio: 1.079572e+00
#              +---------------------------------------------------+
#              |012345678901234567890123456789012345678901234567890|
#              +---------------------------------------------------+
# Scale:       |.1234567890abcdefghijklmnopqrstuvwxyzãäåêëîïðñôõöûü|
#              |üÿABCDEFGHIJKLMNOPQRSTUVWXYZÂÃÄÅÊËÑÔÕÖÛÜÝø¤*©®¶&%@#|
#              +---------------------------------------------------+
#              |pct diff from 50%: abs((0.5-(changed/reps))*2) *100|
#              +----------------------------------------------------------------+
#              |0         1         2         3         4         5         6   |
#              |0123456789012345678901234567890123456789012345678901234567890123|
#              +----------------------------------------------------------------+
# seed     0.0 |................................................................| x 64
#              +----------------------------------------------------------------+
#              +---------------------------------------------------+
#              |012345678901234567890123456789012345678901234567890|
#              +---------------------------------------------------+
# Scale:       |.1234567890abcdefghijklmnopqrstuvwxyzãäåêëîïðñôõöûü|
#              |üÿABCDEFGHIJKLMNOPQRSTUVWXYZÂÃÄÅÊËÑÔÕÖÛÜÝø¤*©®¶&%@#|
#              +---------------------------------------------------+
#              |scaled p-value above confidence level (zero is ok) |
#              +----------------------------------------------------------------+
#              |0         1         2         3         4         5         6   |
#              |0123456789012345678901234567890123456789012345678901234567890123|
#              +----------------------------------------------------------------+
# seed     0.0 |................................................................| x 64
#              +----------------------------------------------------------------+
# 0 of 4096 bits failed (0.00%) failed at 99.999943 confidence
#     g-test: 0.000000%
#     sum-error-square: 0.00055274
#     hash bit-level errors: 18/64
#     - hash bit 9 gtest-prob not-random: 100.0000 (15976761/16023239)
#     - hash bit 10 gtest-prob not-random: 100.0000 (15981659/16018341)
#     - hash bit 12 gtest-prob not-random: 100.0000 (15967860/16032140)
#     - with 15 more hash bit errors not described above.
not ok 17 - Strict Avalanche Criteria - 0 bit keys
# Testing   8-bit keys.......... not ok! # worst-bit:   0.540% error-ratio: 1.018977e+00
#              +---------------------------------------------------+
#              |012345678901234567890123456789012345678901234567890|
#              +---------------------------------------------------+
# Scale:       |.1234567890abcdefghijklmnopqrstuvwxyzãäåêëîïðñôõöûü|
#              |üÿABCDEFGHIJKLMNOPQRSTUVWXYZÂÃÄÅÊËÑÔÕÖÛÜÝø¤*©®¶&%@#|
#              +---------------------------------------------------+
#              |pct diff from 50%: abs((0.5-(changed/reps))*2) *100|
#              +----------------------------------------------------------------+
#              |0         1         2         3         4         5         6   |
#              |0123456789012345678901234567890123456789012345678901234567890123|
#              +----------------------------------------------------------------+
# seed     0.0 |................................................................| x 19
# seed    19.0 |....................................1...........................|
# seed    20.0 |................................................................|
# seed    21.0 |.................................................1..............|
# seed    22.0 |..................................................1.............|
# seed    23.0 |.......................................................1........|
# seed    24.0 |................................................................| x 40
# key      0.0 |................................................................| x 6
# key      6.0 |......................1.........................................|
# key      7.0 |................................................................|
#              +----------------------------------------------------------------+
#              +---------------------------------------------------+
#              |012345678901234567890123456789012345678901234567890|
#              +---------------------------------------------------+
# Scale:       |.1234567890abcdefghijklmnopqrstuvwxyzãäåêëîïðñôõöûü|
#              |üÿABCDEFGHIJKLMNOPQRSTUVWXYZÂÃÄÅÊËÑÔÕÖÛÜÝø¤*©®¶&%@#|
#              +---------------------------------------------------+
#              |scaled p-value above confidence level (zero is ok) |
#              +----------------------------------------------------------------+
#              |0         1         2         3         4         5         6   |
#              |0123456789012345678901234567890123456789012345678901234567890123|
#              +----------------------------------------------------------------+
# seed     0.0 |................................................................| x 64
# key      0.0 |................................................................| x 8
#              +----------------------------------------------------------------+
# 0 of 4608 bits failed (0.00%) failed at 99.999943 confidence
#     g-test: 0.000000%
#     sum-error-square: 0.00052172
#     hash bit-level errors: 9/64
#     - hash bit 2 gtest-prob not-random: 100.0000 (18017282/17982718)
#     - hash bit 30 gtest-prob not-random: 100.0000 (18020175/17979825)
#     - hash bit 32 gtest-prob not-random: 100.0000 (17971446/18028554)
#     - with 6 more hash bit errors not described above.
not ok 18 - Strict Avalanche Criteria - 8 bit keys
# Testing  16-bit keys.......... not ok! # worst-bit:   0.532% error-ratio: 9.957885e-01
#              +---------------------------------------------------+
#              |012345678901234567890123456789012345678901234567890|
#              +---------------------------------------------------+
# Scale:       |.1234567890abcdefghijklmnopqrstuvwxyzãäåêëîïðñôõöûü|
#              |üÿABCDEFGHIJKLMNOPQRSTUVWXYZÂÃÄÅÊËÑÔÕÖÛÜÝø¤*©®¶&%@#|
#              +---------------------------------------------------+
#              |pct diff from 50%: abs((0.5-(changed/reps))*2) *100|
#              +----------------------------------------------------------------+
#              |0         1         2         3         4         5         6   |
#              |0123456789012345678901234567890123456789012345678901234567890123|
#              +----------------------------------------------------------------+
# seed     0.0 |................................................................| x 25
# seed    25.0 |......................................................1.........|
# seed    26.0 |................................................................| x 38
# key      0.0 |................................................................| x 6
# key      6.0 |........................................1.......................|
# key      7.0 |................................................................| x 9
#              +----------------------------------------------------------------+
#              +---------------------------------------------------+
#              |012345678901234567890123456789012345678901234567890|
#              +---------------------------------------------------+
# Scale:       |.1234567890abcdefghijklmnopqrstuvwxyzãäåêëîïðñôõöûü|
#              |üÿABCDEFGHIJKLMNOPQRSTUVWXYZÂÃÄÅÊËÑÔÕÖÛÜÝø¤*©®¶&%@#|
#              +---------------------------------------------------+
#              |scaled p-value above confidence level (zero is ok) |
#              +----------------------------------------------------------------+
#              |0         1         2         3         4         5         6   |
#              |0123456789012345678901234567890123456789012345678901234567890123|
#              +----------------------------------------------------------------+
# seed     0.0 |................................................................| x 64
# key      0.0 |................................................................| x 16
#              +----------------------------------------------------------------+
# 0 of 5120 bits failed (0.00%) failed at 99.999943 confidence
#     g-test: 0.000000%
#     sum-error-square: 0.00050984
#     hash bit-level errors: 15/64
#     - hash bit 2 gtest-prob not-random: 100.0000 (20020972/19979028)
#     - hash bit 4 gtest-prob not-random: 100.0000 (20016420/19983580)
#     - hash bit 13 gtest-prob not-random: 100.0000 (20016082/19983918)
#     - with 12 more hash bit errors not described above.
not ok 19 - Strict Avalanche Criteria - 16 bit keys
# Testing  24-bit keys.......... not ok! # worst-bit:   0.634% error-ratio: 1.052351e+00
#              +---------------------------------------------------+
#              |012345678901234567890123456789012345678901234567890|
#              +---------------------------------------------------+
# Scale:       |.1234567890abcdefghijklmnopqrstuvwxyzãäåêëîïðñôõöûü|
#              |üÿABCDEFGHIJKLMNOPQRSTUVWXYZÂÃÄÅÊËÑÔÕÖÛÜÝø¤*©®¶&%@#|
#              +---------------------------------------------------+
#              |pct diff from 50%: abs((0.5-(changed/reps))*2) *100|
#              +----------------------------------------------------------------+
#              |0         1         2         3         4         5         6   |
#              |0123456789012345678901234567890123456789012345678901234567890123|
#              +----------------------------------------------------------------+
# seed     0.0 |................................................................| x 12
# seed    12.0 |.........................................................1......|
# seed    13.0 |................................................................| x 51
# key      0.0 |................................................................| x 6
# key      6.0 |..............................1.................................|
# key      7.0 |................................................................| x 17
#              +----------------------------------------------------------------+
#              +---------------------------------------------------+
#              |012345678901234567890123456789012345678901234567890|
#              +---------------------------------------------------+
# Scale:       |.1234567890abcdefghijklmnopqrstuvwxyzãäåêëîïðñôõöûü|
#              |üÿABCDEFGHIJKLMNOPQRSTUVWXYZÂÃÄÅÊËÑÔÕÖÛÜÝø¤*©®¶&%@#|
#              +---------------------------------------------------+
#              |scaled p-value above confidence level (zero is ok) |
#              +----------------------------------------------------------------+
#              |0         1         2         3         4         5         6   |
#              |0123456789012345678901234567890123456789012345678901234567890123|
#              +----------------------------------------------------------------+
# seed     0.0 |................................................................| x 64
# key      0.0 |................................................................| x 24
#              +----------------------------------------------------------------+
# 0 of 5632 bits failed (0.00%) failed at 99.999943 confidence
#     g-test: 0.000000%
#     sum-error-square: 0.00053880
#     hash bit-level errors: 17/64
#     - hash bit 3 gtest-prob not-random: 100.0000 (22019265/21980735)
#     - hash bit 4 gtest-prob not-random: 100.0000 (22023650/21976350)
#     - hash bit 9 gtest-prob not-random: 100.0000 (21980307/22019693)
#     - with 14 more hash bit errors not described above.
not ok 20 - Strict Avalanche Criteria - 24 bit keys
# Testing  32-bit keys.......... not ok! # worst-bit:   0.564% error-ratio: 1.024294e+00
#              +---------------------------------------------------+
#              |012345678901234567890123456789012345678901234567890|
#              +---------------------------------------------------+
# Scale:       |.1234567890abcdefghijklmnopqrstuvwxyzãäåêëîïðñôõöûü|
#              |üÿABCDEFGHIJKLMNOPQRSTUVWXYZÂÃÄÅÊËÑÔÕÖÛÜÝø¤*©®¶&%@#|
#              +---------------------------------------------------+
#              |pct diff from 50%: abs((0.5-(changed/reps))*2) *100|
#              +----------------------------------------------------------------+
#              |0         1         2         3         4         5         6   |
#              |0123456789012345678901234567890123456789012345678901234567890123|
#              +----------------------------------------------------------------+
# seed     0.0 |................................................................| x 5
# seed     5.0 |.........1......................................................|
# seed     6.0 |................................................................| x 58
# key      0.0 |................................................................| x 7
# key      7.0 |.....................1..........................................|
# key      8.0 |................................................................| x 10
# key     18.0 |.....................................1..........................|
# key     19.0 |................................................................| x 13
#              +----------------------------------------------------------------+
#              +---------------------------------------------------+
#              |012345678901234567890123456789012345678901234567890|
#              +---------------------------------------------------+
# Scale:       |.1234567890abcdefghijklmnopqrstuvwxyzãäåêëîïðñôõöûü|
#              |üÿABCDEFGHIJKLMNOPQRSTUVWXYZÂÃÄÅÊËÑÔÕÖÛÜÝø¤*©®¶&%@#|
#              +---------------------------------------------------+
#              |scaled p-value above confidence level (zero is ok) |
#              +----------------------------------------------------------------+
#              |0         1         2         3         4         5         6   |
#              |0123456789012345678901234567890123456789012345678901234567890123|
#              +----------------------------------------------------------------+
# seed     0.0 |................................................................| x 64
# key      0.0 |................................................................| x 32
#              +----------------------------------------------------------------+
# 0 of 6144 bits failed (0.00%) failed at 99.999943 confidence
#     g-test: 0.000000%
#     sum-error-square: 0.00052444
#     hash bit-level errors: 7/64
#     - hash bit 3 gtest-prob not-random: 100.0000 (24023044/23976956)
#     - hash bit 9 gtest-prob not-random: 100.0000 (24040694/23959306)
#     - hash bit 43 gtest-prob not-random: 100.0000 (24021388/23978612)
#     - with 4 more hash bit errors not described above.
not ok 21 - Strict Avalanche Criteria - 32 bit keys
# Testing  40-bit keys.......... not ok! # worst-bit:   0.500% error-ratio: 9.084491e-01
#              +---------------------------------------------------+
#              |012345678901234567890123456789012345678901234567890|
#              +---------------------------------------------------+
# Scale:       |.1234567890abcdefghijklmnopqrstuvwxyzãäåêëîïðñôõöûü|
#              |üÿABCDEFGHIJKLMNOPQRSTUVWXYZÂÃÄÅÊËÑÔÕÖÛÜÝø¤*©®¶&%@#|
#              +---------------------------------------------------+
#              |pct diff from 50%: abs((0.5-(changed/reps))*2) *100|
#              +----------------------------------------------------------------+
#              |0         1         2         3         4         5         6   |
#              |0123456789012345678901234567890123456789012345678901234567890123|
#              +----------------------------------------------------------------+
# seed     0.0 |................................................................| x 18
# seed    18.0 |...................................1............................|
# seed    19.0 |................................................................| x 45
# key      0.0 |................................................................| x 40
#              +----------------------------------------------------------------+
#              +---------------------------------------------------+
#              |012345678901234567890123456789012345678901234567890|
#              +---------------------------------------------------+
# Scale:       |.1234567890abcdefghijklmnopqrstuvwxyzãäåêëîïðñôõöûü|
#              |üÿABCDEFGHIJKLMNOPQRSTUVWXYZÂÃÄÅÊËÑÔÕÖÛÜÝø¤*©®¶&%@#|
#              +---------------------------------------------------+
#              |scaled p-value above confidence level (zero is ok) |
#              +----------------------------------------------------------------+
#              |0         1         2         3         4         5         6   |
#              |0123456789012345678901234567890123456789012345678901234567890123|
#              +----------------------------------------------------------------+
# seed     0.0 |................................................................| x 64
# key      0.0 |................................................................| x 40
#              +----------------------------------------------------------------+
# 0 of 6656 bits failed (0.00%) failed at 99.999943 confidence
#     g-test: 0.000000%
#     sum-error-square: 0.00046513
#     hash bit-level errors: 5/64
#     - hash bit 18 gtest-prob not-random: 100.0000 (26019210/25980790)
#     - hash bit 20 gtest-prob not-random: 100.0000 (26032329/25967671)
#     - hash bit 21 gtest-prob not-random: 100.0000 (26027291/25972709)
#     - with 2 more hash bit errors not described above.
not ok 22 - Strict Avalanche Criteria - 40 bit keys
# Testing  48-bit keys.......... not ok! # worst-bit:   0.541% error-ratio: 1.002487e+00
#              +---------------------------------------------------+
#              |012345678901234567890123456789012345678901234567890|
#              +---------------------------------------------------+
# Scale:       |.1234567890abcdefghijklmnopqrstuvwxyzãäåêëîïðñôõöûü|
#              |üÿABCDEFGHIJKLMNOPQRSTUVWXYZÂÃÄÅÊËÑÔÕÖÛÜÝø¤*©®¶&%@#|
#              +---------------------------------------------------+
#              |pct diff from 50%: abs((0.5-(changed/reps))*2) *100|
#              +----------------------------------------------------------------+
#              |0         1         2         3         4         5         6   |
#              |0123456789012345678901234567890123456789012345678901234567890123|
#              +----------------------------------------------------------------+
# seed     0.0 |................................................................| x 64
# key      0.0 |................................................................| x 17
# key     17.0 |...........................1....................................|
# key     18.0 |.............1..................................................|
# key     19.0 |................................................................| x 7
# key     26.0 |....1.........................................................1.|
# key     27.0 |................................................................| x 9
# key     36.0 |...........................................1....................|
# key     37.0 |................................................................| x 2
# key     39.0 |..............................1.................................|
# key     40.0 |................................................................| x 8
#              +----------------------------------------------------------------+
#              +---------------------------------------------------+
#              |012345678901234567890123456789012345678901234567890|
#              +---------------------------------------------------+
# Scale:       |.1234567890abcdefghijklmnopqrstuvwxyzãäåêëîïðñôõöûü|
#              |üÿABCDEFGHIJKLMNOPQRSTUVWXYZÂÃÄÅÊËÑÔÕÖÛÜÝø¤*©®¶&%@#|
#              +---------------------------------------------------+
#              |scaled p-value above confidence level (zero is ok) |
#              +----------------------------------------------------------------+
#              |0         1         2         3         4         5         6   |
#              |0123456789012345678901234567890123456789012345678901234567890123|
#              +----------------------------------------------------------------+
# seed     0.0 |................................................................| x 64
# key      0.0 |................................................................| x 48
#              +----------------------------------------------------------------+
# 0 of 7168 bits failed (0.00%) failed at 99.999943 confidence
#     g-test: 0.000000%
#     sum-error-square: 0.00051327
#     hash bit-level errors: 7/64
#     - hash bit 5 gtest-prob not-random: 100.0000 (27977796/28022204)
#     - hash bit 10 gtest-prob not-random: 99.9999 (28018744/27981256)
#     - hash bit 19 gtest-prob not-random: 100.0000 (28023169/27976831)
#     - with 4 more hash bit errors not described above.
not ok 23 - Strict Avalanche Criteria - 48 bit keys
# Testing  56-bit keys.......... not ok! # worst-bit:   0.549% error-ratio: 1.048671e+00
#              +---------------------------------------------------+
#              |012345678901234567890123456789012345678901234567890|
#              +---------------------------------------------------+
# Scale:       |.1234567890abcdefghijklmnopqrstuvwxyzãäåêëîïðñôõöûü|
#              |üÿABCDEFGHIJKLMNOPQRSTUVWXYZÂÃÄÅÊËÑÔÕÖÛÜÝø¤*©®¶&%@#|
#              +---------------------------------------------------+
#              |pct diff from 50%: abs((0.5-(changed/reps))*2) *100|
#              +----------------------------------------------------------------+
#              |0         1         2         3         4         5         6   |
#              |0123456789012345678901234567890123456789012345678901234567890123|
#              +----------------------------------------------------------------+
# seed     0.0 |......................................................1.........|
# seed     1.0 |................................................................| x 16
# seed    17.0 |......................1.........................................|
# seed    18.0 |................................................................| x 46
# key      0.0 |................................................................| x 3
# key      3.0 |.............................1..................................|
# key      4.0 |................................................................| x 21
# key     25.0 |...................................1............................|
# key     26.0 |................................................................| x 18
# key     44.0 |.....1..........................................................|
# key     45.0 |................................................................| x 11
#              +----------------------------------------------------------------+
#              +---------------------------------------------------+
#              |012345678901234567890123456789012345678901234567890|
#              +---------------------------------------------------+
# Scale:       |.1234567890abcdefghijklmnopqrstuvwxyzãäåêëîïðñôõöûü|
#              |üÿABCDEFGHIJKLMNOPQRSTUVWXYZÂÃÄÅÊËÑÔÕÖÛÜÝø¤*©®¶&%@#|
#              +---------------------------------------------------+
#              |scaled p-value above confidence level (zero is ok) |
#              +----------------------------------------------------------------+
#              |0         1         2         3         4         5         6   |
#              |0123456789012345678901234567890123456789012345678901234567890123|
#              +----------------------------------------------------------------+
# seed     0.0 |................................................................| x 64
# key      0.0 |................................................................| x 56
#              +----------------------------------------------------------------+
# 0 of 7680 bits failed (0.00%) failed at 99.999943 confidence
#     g-test: 0.000000%
#     sum-error-square: 0.00053692
#     hash bit-level errors: 7/64
#     - hash bit 1 gtest-prob not-random: 100.0000 (30020985/29979015)
#     - hash bit 2 gtest-prob not-random: 100.0000 (30024481/29975519)
#     - hash bit 4 gtest-prob not-random: 100.0000 (29969415/30030585)
#     - with 4 more hash bit errors not described above.
not ok 24 - Strict Avalanche Criteria - 56 bit keys
# Testing  64-bit keys.......... not ok! # worst-bit:   0.528% error-ratio: 1.054215e+00
#              +---------------------------------------------------+
#              |012345678901234567890123456789012345678901234567890|
#              +---------------------------------------------------+
# Scale:       |.1234567890abcdefghijklmnopqrstuvwxyzãäåêëîïðñôõöûü|
#              |üÿABCDEFGHIJKLMNOPQRSTUVWXYZÂÃÄÅÊËÑÔÕÖÛÜÝø¤*©®¶&%@#|
#              +---------------------------------------------------+
#              |pct diff from 50%: abs((0.5-(changed/reps))*2) *100|
#              +----------------------------------------------------------------+
#              |0         1         2         3         4         5         6   |
#              |0123456789012345678901234567890123456789012345678901234567890123|
#              +----------------------------------------------------------------+
# seed     0.0 |................................................................| x 64
# key      0.0 |................................................................| x 22
# key     22.0 |........................................1.......................|
# key     23.0 |................................................................| x 15
# key     38.0 |....................................1...........................|
# key     39.0 |................................................................| x 25
#              +----------------------------------------------------------------+
#              +---------------------------------------------------+
#              |012345678901234567890123456789012345678901234567890|
#              +---------------------------------------------------+
# Scale:       |.1234567890abcdefghijklmnopqrstuvwxyzãäåêëîïðñôõöûü|
#              |üÿABCDEFGHIJKLMNOPQRSTUVWXYZÂÃÄÅÊËÑÔÕÖÛÜÝø¤*©®¶&%@#|
#              +---------------------------------------------------+
#              |scaled p-value above confidence level (zero is ok) |
#              +----------------------------------------------------------------+
#              |0         1         2         3         4         5         6   |
#              |0123456789012345678901234567890123456789012345678901234567890123|
#              +----------------------------------------------------------------+
# seed     0.0 |................................................................| x 64
# key      0.0 |................................................................| x 64
#              +----------------------------------------------------------------+
# 0 of 8192 bits failed (0.00%) failed at 99.999943 confidence
#     g-test: 0.000000%
#     sum-error-square: 0.00053976
#     hash bit-level errors: 9/64
#     - hash bit 21 gtest-prob not-random: 100.0000 (31976012/32023988)
#     - hash bit 22 gtest-prob not-random: 100.0000 (31968605/32031395)
#     - hash bit 25 gtest-prob not-random: 100.0000 (32024995/31975005)
#     - with 6 more hash bit errors not described above.
not ok 25 - Strict Avalanche Criteria - 64 bit keys
# Testing  72-bit keys.......... not ok! # worst-bit:   0.560% error-ratio: 9.787468e-01
#              +---------------------------------------------------+
#              |012345678901234567890123456789012345678901234567890|
#              +---------------------------------------------------+
# Scale:       |.1234567890abcdefghijklmnopqrstuvwxyzãäåêëîïðñôõöûü|
#              |üÿABCDEFGHIJKLMNOPQRSTUVWXYZÂÃÄÅÊËÑÔÕÖÛÜÝø¤*©®¶&%@#|
#              +---------------------------------------------------+
#              |pct diff from 50%: abs((0.5-(changed/reps))*2) *100|
#              +----------------------------------------------------------------+
#              |0         1         2         3         4         5         6   |
#              |0123456789012345678901234567890123456789012345678901234567890123|
#              +----------------------------------------------------------------+
# seed     0.0 |................................................................| x 4
# seed     4.0 |............................1...................................|
# seed     5.0 |................................................................| x 9
# seed    14.0 |....................1...........................................|
# seed    15.0 |................................................................| x 12
# seed    27.0 |.......................................1........................|
# seed    28.0 |................................................................| x 36
# key      0.0 |................................................................| x 43
# key     43.0 |.....................1..........................................|
# key     44.0 |................................................................| x 8
# key     52.0 |..............................................1.................|
# key     53.0 |................................................................| x 19
#              +----------------------------------------------------------------+
#              +---------------------------------------------------+
#              |012345678901234567890123456789012345678901234567890|
#              +---------------------------------------------------+
# Scale:       |.1234567890abcdefghijklmnopqrstuvwxyzãäåêëîïðñôõöûü|
#              |üÿABCDEFGHIJKLMNOPQRSTUVWXYZÂÃÄÅÊËÑÔÕÖÛÜÝø¤*©®¶&%@#|
#              +---------------------------------------------------+
#              |scaled p-value above confidence level (zero is ok) |
#              +----------------------------------------------------------------+
#              |0         1         2         3         4         5         6   |
#              |0123456789012345678901234567890123456789012345678901234567890123|
#              +----------------------------------------------------------------+
# seed     0.0 |................................................................| x 64
# key      0.0 |................................................................| x 72
#              +----------------------------------------------------------------+
# 0 of 8704 bits failed (0.00%) failed at 99.999943 confidence
#     g-test: 0.000000%
#     sum-error-square: 0.00050112
#     hash bit-level errors: 5/64
#     - hash bit 11 gtest-prob not-random: 100.0000 (33973960/34026040)
#     - hash bit 16 gtest-prob not-random: 100.0000 (33976345/34023655)
#     - hash bit 45 gtest-prob not-random: 100.0000 (33977695/34022305)
#     - with 2 more hash bit errors not described above.
not ok 26 - Strict Avalanche Criteria - 72 bit keys
# Testing  80-bit keys.......... not ok! # worst-bit:   0.610% error-ratio: 1.019531e+00
#              +---------------------------------------------------+
#              |012345678901234567890123456789012345678901234567890|
#              +---------------------------------------------------+
# Scale:       |.1234567890abcdefghijklmnopqrstuvwxyzãäåêëîïðñôõöûü|
#              |üÿABCDEFGHIJKLMNOPQRSTUVWXYZÂÃÄÅÊËÑÔÕÖÛÜÝø¤*©®¶&%@#|
#              +---------------------------------------------------+
#              |pct diff from 50%: abs((0.5-(changed/reps))*2) *100|
#              +----------------------------------------------------------------+
#              |0         1         2         3         4         5         6   |
#              |0123456789012345678901234567890123456789012345678901234567890123|
#              +----------------------------------------------------------------+
# seed     0.0 |................................................................| x 5
# seed     5.0 |........1.......................................................|
# seed     6.0 |................................................................| x 5
# seed    11.0 |............................................1...................|
# seed    12.0 |................................................................| x 52
# key      0.0 |................................................................| x 12
# key     12.0 |...............1................................................|
# key     13.0 |................................................................| x 38
# key     51.0 |...............................1................................|
# key     52.0 |................................................................| x 28
#              +----------------------------------------------------------------+
#              +---------------------------------------------------+
#              |012345678901234567890123456789012345678901234567890|
#              +---------------------------------------------------+
# Scale:       |.1234567890abcdefghijklmnopqrstuvwxyzãäåêëîïðñôõöûü|
#              |üÿABCDEFGHIJKLMNOPQRSTUVWXYZÂÃÄÅÊËÑÔÕÖÛÜÝø¤*©®¶&%@#|
#              +---------------------------------------------------+
#              |scaled p-value above confidence level (zero is ok) |
#              +----------------------------------------------------------------+
#              |0         1         2         3         4         5         6   |
#              |0123456789012345678901234567890123456789012345678901234567890123|
#              +----------------------------------------------------------------+
# seed     0.0 |................................................................| x 64
# key      0.0 |................................................................| x 80
#              +----------------------------------------------------------------+
# 0 of 9216 bits failed (0.00%) failed at 99.999943 confidence
#     g-test: 0.000000%
#     sum-error-square: 0.00052200
#     hash bit-level errors: 7/64
#     - hash bit 1 gtest-prob not-random: 100.0000 (35971231/36028769)
#     - hash bit 17 gtest-prob not-random: 100.0000 (35975301/36024699)
#     - hash bit 20 gtest-prob not-random: 100.0000 (35977438/36022562)
#     - with 4 more hash bit errors not described above.
not ok 27 - Strict Avalanche Criteria - 80 bit keys
# Testing  88-bit keys.......... not ok! # worst-bit:   0.507% error-ratio: 1.067280e+00
#              +---------------------------------------------------+
#              |012345678901234567890123456789012345678901234567890|
#              +---------------------------------------------------+
# Scale:       |.1234567890abcdefghijklmnopqrstuvwxyzãäåêëîïðñôõöûü|
#              |üÿABCDEFGHIJKLMNOPQRSTUVWXYZÂÃÄÅÊËÑÔÕÖÛÜÝø¤*©®¶&%@#|
#              +---------------------------------------------------+
#              |pct diff from 50%: abs((0.5-(changed/reps))*2) *100|
#              +----------------------------------------------------------------+
#              |0         1         2         3         4         5         6   |
#              |0123456789012345678901234567890123456789012345678901234567890123|
#              +----------------------------------------------------------------+
# seed     0.0 |................................................................| x 64
# key      0.0 |................................................................| x 12
# key     12.0 |.............................1..................................|
# key     13.0 |................................................................| x 75
#              +----------------------------------------------------------------+
#              +---------------------------------------------------+
#              |012345678901234567890123456789012345678901234567890|
#              +---------------------------------------------------+
# Scale:       |.1234567890abcdefghijklmnopqrstuvwxyzãäåêëîïðñôõöûü|
#              |üÿABCDEFGHIJKLMNOPQRSTUVWXYZÂÃÄÅÊËÑÔÕÖÛÜÝø¤*©®¶&%@#|
#              +---------------------------------------------------+
#              |scaled p-value above confidence level (zero is ok) |
#              +----------------------------------------------------------------+
#              |0         1         2         3         4         5         6   |
#              |0123456789012345678901234567890123456789012345678901234567890123|
#              +----------------------------------------------------------------+
# seed     0.0 |................................................................| x 64
# key      0.0 |................................................................| x 88
#              +----------------------------------------------------------------+
# 0 of 9728 bits failed (0.00%) failed at 99.999943 confidence
#     g-test: 0.000000%
#     sum-error-square: 0.00054645
#     hash bit-level errors: 6/64
#     - hash bit 1 gtest-prob not-random: 100.0000 (37969556/38030444)
#     - hash bit 9 gtest-prob not-random: 100.0000 (38028398/37971602)
#     - hash bit 18 gtest-prob not-random: 100.0000 (38026456/37973544)
#     - with 3 more hash bit errors not described above.
not ok 28 - Strict Avalanche Criteria - 88 bit keys
# Testing  96-bit keys.......... not ok! # worst-bit:   0.594% error-ratio: 9.914815e-01
#              +---------------------------------------------------+
#              |012345678901234567890123456789012345678901234567890|
#              +---------------------------------------------------+
# Scale:       |.1234567890abcdefghijklmnopqrstuvwxyzãäåêëîïðñôõöûü|
#              |üÿABCDEFGHIJKLMNOPQRSTUVWXYZÂÃÄÅÊËÑÔÕÖÛÜÝø¤*©®¶&%@#|
#              +---------------------------------------------------+
#              |pct diff from 50%: abs((0.5-(changed/reps))*2) *100|
#              +----------------------------------------------------------------+
#              |0         1         2         3         4         5         6   |
#              |0123456789012345678901234567890123456789012345678901234567890123|
#              +----------------------------------------------------------------+
# seed     0.0 |................................................................| x 3
# seed     3.0 |.............................................................1..|
# seed     4.0 |................................................................| x 2
# seed     6.0 |...1............................................................|
# seed     7.0 |................................................................| x 57
# key      0.0 |................................................................| x 7
# key      7.0 |................................1...............................|
# key      8.0 |................................................................| x 48
# key     56.0 |..................................................1.............|
# key     57.0 |................................................................| x 39
#              +----------------------------------------------------------------+
#              +---------------------------------------------------+
#              |012345678901234567890123456789012345678901234567890|
#              +---------------------------------------------------+
# Scale:       |.1234567890abcdefghijklmnopqrstuvwxyzãäåêëîïðñôõöûü|
#              |üÿABCDEFGHIJKLMNOPQRSTUVWXYZÂÃÄÅÊËÑÔÕÖÛÜÝø¤*©®¶&%@#|
#              +---------------------------------------------------+
#              |scaled p-value above confidence level (zero is ok) |
#              +----------------------------------------------------------------+
#              |0         1         2         3         4         5         6   |
#              |0123456789012345678901234567890123456789012345678901234567890123|
#              +----------------------------------------------------------------+
# seed     0.0 |................................................................| x 64
# key      0.0 |................................................................| x 96
#              +----------------------------------------------------------------+
# 0 of 10240 bits failed (0.00%) failed at 99.999943 confidence
#     g-test: 0.000000%
#     sum-error-square: 0.00050764
#     hash bit-level errors: 5/64
#     - hash bit 2 gtest-prob not-random: 100.0000 (39975598/40024402)
#     - hash bit 11 gtest-prob not-random: 100.0000 (40024967/39975033)
#     - hash bit 30 gtest-prob not-random: 100.0000 (39977391/40022609)
#     - with 2 more hash bit errors not described above.
not ok 29 - Strict Avalanche Criteria - 96 bit keys
# Testing 104-bit keys.......... not ok! # worst-bit:   0.524% error-ratio: 9.482049e-01
#              +---------------------------------------------------+
#              |012345678901234567890123456789012345678901234567890|
#              +---------------------------------------------------+
# Scale:       |.1234567890abcdefghijklmnopqrstuvwxyzãäåêëîïðñôõöûü|
#              |üÿABCDEFGHIJKLMNOPQRSTUVWXYZÂÃÄÅÊËÑÔÕÖÛÜÝø¤*©®¶&%@#|
#              +---------------------------------------------------+
#              |pct diff from 50%: abs((0.5-(changed/reps))*2) *100|
#              +----------------------------------------------------------------+
#              |0         1         2         3         4         5         6   |
#              |0123456789012345678901234567890123456789012345678901234567890123|
#              +----------------------------------------------------------------+
# seed     0.0 |................................................................| x 64
# key      0.0 |................................................................| x 4
# key      4.0 |...............................................................1|
# key      5.0 |................................................................| x 99
#              +----------------------------------------------------------------+
#              +---------------------------------------------------+
#              |012345678901234567890123456789012345678901234567890|
#              +---------------------------------------------------+
# Scale:       |.1234567890abcdefghijklmnopqrstuvwxyzãäåêëîïðñôõöûü|
#              |üÿABCDEFGHIJKLMNOPQRSTUVWXYZÂÃÄÅÊËÑÔÕÖÛÜÝø¤*©®¶&%@#|
#              +---------------------------------------------------+
#              |scaled p-value above confidence level (zero is ok) |
#              +----------------------------------------------------------------+
#              |0         1         2         3         4         5         6   |
#              |0123456789012345678901234567890123456789012345678901234567890123|
#              +----------------------------------------------------------------+
# seed     0.0 |................................................................| x 64
# key      0.0 |................................................................| x 104
#              +----------------------------------------------------------------+
# 0 of 10752 bits failed (0.00%) failed at 99.999943 confidence
#     g-test: 0.000000%
#     sum-error-square: 0.00048548
#     hash bit-level errors: 1/64
#     - hash bit 32 gtest-prob not-random: 100.0000 (41974456/42025544)
not ok 30 - Strict Avalanche Criteria - 104 bit keys
# Testing 112-bit keys.......... not ok! # worst-bit:   0.623% error-ratio: 1.025658e+00
#              +---------------------------------------------------+
#              |012345678901234567890123456789012345678901234567890|
#              +---------------------------------------------------+
# Scale:       |.1234567890abcdefghijklmnopqrstuvwxyzãäåêëîïðñôõöûü|
#              |üÿABCDEFGHIJKLMNOPQRSTUVWXYZÂÃÄÅÊËÑÔÕÖÛÜÝø¤*©®¶&%@#|
#              +---------------------------------------------------+
#              |pct diff from 50%: abs((0.5-(changed/reps))*2) *100|
#              +----------------------------------------------------------------+
#              |0         1         2         3         4         5         6   |
#              |0123456789012345678901234567890123456789012345678901234567890123|
#              +----------------------------------------------------------------+
# seed     0.0 |................................................................| x 27
# seed    27.0 |...................1............................................|
# seed    28.0 |................................................................| x 36
# key      0.0 |.......................................1........................|
# key      1.0 |................................................................| x 9
# key     10.0 |..1.............................................................|
# key     11.0 |................................................................| x 27
# key     38.0 |.........................................................1......|
# key     39.0 |................................................................| x 38
# key     77.0 |.........................................1......................|
# key     78.0 |................................................................| x 34
#              +----------------------------------------------------------------+
#              +---------------------------------------------------+
#              |012345678901234567890123456789012345678901234567890|
#              +---------------------------------------------------+
# Scale:       |.1234567890abcdefghijklmnopqrstuvwxyzãäåêëîïðñôõöûü|
#              |üÿABCDEFGHIJKLMNOPQRSTUVWXYZÂÃÄÅÊËÑÔÕÖÛÜÝø¤*©®¶&%@#|
#              +---------------------------------------------------+
#              |scaled p-value above confidence level (zero is ok) |
#              +----------------------------------------------------------------+
#              |0         1         2         3         4         5         6   |
#              |0123456789012345678901234567890123456789012345678901234567890123|
#              +----------------------------------------------------------------+
# seed     0.0 |................................................................| x 64
# key      0.0 |................................................................| x 112
#              +----------------------------------------------------------------+
# 0 of 11264 bits failed (0.00%) failed at 99.999943 confidence
#     g-test: 0.000000%
#     sum-error-square: 0.00052514
#     hash bit-level errors: 4/64
#     - hash bit 23 gtest-prob not-random: 100.0000 (43974513/44025487)
#     - hash bit 26 gtest-prob not-random: 100.0000 (44032913/43967087)
#     - hash bit 50 gtest-prob not-random: 100.0000 (43969298/44030702)
#     - with 1 more hash bit errors not described above.
not ok 31 - Strict Avalanche Criteria - 112 bit keys
# Testing 120-bit keys.......... not ok! # worst-bit:   0.554% error-ratio: 1.023872e+00
#              +---------------------------------------------------+
#              |012345678901234567890123456789012345678901234567890|
#              +---------------------------------------------------+
# Scale:       |.1234567890abcdefghijklmnopqrstuvwxyzãäåêëîïðñôõöûü|
#              |üÿABCDEFGHIJKLMNOPQRSTUVWXYZÂÃÄÅÊËÑÔÕÖÛÜÝø¤*©®¶&%@#|
#              +---------------------------------------------------+
#              |pct diff from 50%: abs((0.5-(changed/reps))*2) *100|
#              +----------------------------------------------------------------+
#              |0         1         2         3         4         5         6   |
#              |0123456789012345678901234567890123456789012345678901234567890123|
#              +----------------------------------------------------------------+
# seed     0.0 |................................................................| x 19
# seed    19.0 |......................................1.........................|
# seed    20.0 |................................................................| x 44
# key      0.0 |................................................................| x 3
# key      3.0 |....................1...........................................|
# key      4.0 |................................................................| x 38
# key     42.0 |..............................................................1.|
# key     43.0 |...................................................1..1.........|
# key     44.0 |................................................................| x 7
# key     51.0 |................................1...............................|
# key     52.0 |................................................................| x 11
# key     63.0 |...........................1....................................|
# key     64.0 |................................................................| x 29
# key     93.0 |.................1..............................................|
# key     94.0 |................................................................| x 26
#              +----------------------------------------------------------------+
#              +---------------------------------------------------+
#              |012345678901234567890123456789012345678901234567890|
#              +---------------------------------------------------+
# Scale:       |.1234567890abcdefghijklmnopqrstuvwxyzãäåêëîïðñôõöûü|
#              |üÿABCDEFGHIJKLMNOPQRSTUVWXYZÂÃÄÅÊËÑÔÕÖÛÜÝø¤*©®¶&%@#|
#              +---------------------------------------------------+
#              |scaled p-value above confidence level (zero is ok) |
#              +----------------------------------------------------------------+
#              |0         1         2         3         4         5         6   |
#              |0123456789012345678901234567890123456789012345678901234567890123|
#              +----------------------------------------------------------------+
# seed     0.0 |................................................................| x 64
# key      0.0 |................................................................| x 120
#              +----------------------------------------------------------------+
# 0 of 11776 bits failed (0.00%) failed at 99.999943 confidence
#     g-test: 0.000000%
#     sum-error-square: 0.00052422
#     hash bit-level errors: 4/64
#     - hash bit 8 gtest-prob not-random: 100.0000 (45971317/46028683)
#     - hash bit 14 gtest-prob not-random: 100.0000 (46026789/45973211)
#     - hash bit 17 gtest-prob not-random: 100.0000 (46028665/45971335)
#     - with 1 more hash bit errors not described above.
not ok 32 - Strict Avalanche Criteria - 120 bit keys
# Testing 128-bit keys.......... not ok! # worst-bit:   0.648% error-ratio: 1.003370e+00
#              +---------------------------------------------------+
#              |012345678901234567890123456789012345678901234567890|
#              +---------------------------------------------------+
# Scale:       |.1234567890abcdefghijklmnopqrstuvwxyzãäåêëîïðñôõöûü|
#              |üÿABCDEFGHIJKLMNOPQRSTUVWXYZÂÃÄÅÊËÑÔÕÖÛÜÝø¤*©®¶&%@#|
#              +---------------------------------------------------+
#              |pct diff from 50%: abs((0.5-(changed/reps))*2) *100|
#              +----------------------------------------------------------------+
#              |0         1         2         3         4         5         6   |
#              |0123456789012345678901234567890123456789012345678901234567890123|
#              +----------------------------------------------------------------+
# seed     0.0 |................................................................| x 13
# seed    13.0 |......................1.........................................|
# seed    14.0 |................................................................|
# seed    15.0 |.............................................................1..|
# seed    16.0 |................................................................| x 48
# key      0.0 |................................................................| x 88
# key     88.0 |............................................1...................|
# key     89.0 |................................................................| x 23
# key    112.0 |..........................................................1.....|
# key    113.0 |................................................................| x 10
# key    123.0 |.............................................................1..|
# key    124.0 |................................................................| x 4
#              +----------------------------------------------------------------+
#              +---------------------------------------------------+
#              |012345678901234567890123456789012345678901234567890|
#              +---------------------------------------------------+
# Scale:       |.1234567890abcdefghijklmnopqrstuvwxyzãäåêëîïðñôõöûü|
#              |üÿABCDEFGHIJKLMNOPQRSTUVWXYZÂÃÄÅÊËÑÔÕÖÛÜÝø¤*©®¶&%@#|
#              +---------------------------------------------------+
#              |scaled p-value above confidence level (zero is ok) |
#              +----------------------------------------------------------------+
#              |0         1         2         3         4         5         6   |
#              |0123456789012345678901234567890123456789012345678901234567890123|
#              +----------------------------------------------------------------+
# seed     0.0 |................................................................| x 64
# key      0.0 |................................................................| x 128
#              +----------------------------------------------------------------+
# 0 of 12288 bits failed (0.00%) failed at 99.999943 confidence
#     g-test: 0.000000%
#     sum-error-square: 0.00051373
#     hash bit-level errors: 1/64
#     - hash bit 7 gtest-prob not-random: 100.0000 (47972035/48027965)
not ok 33 - Strict Avalanche Criteria - 128 bit keys
# Testing 136-bit keys.......... ok.     # worst-bit:   0.548% error-ratio: 9.654423e-01
ok 34 - Strict Avalanche Criteria - 136 bit keys
# Testing 144-bit keys.......... not ok! # worst-bit:   0.547% error-ratio: 1.032667e+00
#              +---------------------------------------------------+
#              |012345678901234567890123456789012345678901234567890|
#              +---------------------------------------------------+
# Scale:       |.1234567890abcdefghijklmnopqrstuvwxyzãäåêëîïðñôõöûü|
#              |üÿABCDEFGHIJKLMNOPQRSTUVWXYZÂÃÄÅÊËÑÔÕÖÛÜÝø¤*©®¶&%@#|
#              +---------------------------------------------------+
#              |pct diff from 50%: abs((0.5-(changed/reps))*2) *100|
#              +----------------------------------------------------------------+
#              |0         1         2         3         4         5         6   |
#              |0123456789012345678901234567890123456789012345678901234567890123|
#              +----------------------------------------------------------------+
# seed     0.0 |................................................................| x 64
# key      0.0 |................................................................| x 63
# key     63.0 |............................................1...................|
# key     64.0 |................................................................| x 30
# key     94.0 |....................................1...........................|
# key     95.0 |................................................................| x 49
#              +----------------------------------------------------------------+
#              +---------------------------------------------------+
#              |012345678901234567890123456789012345678901234567890|
#              +---------------------------------------------------+
# Scale:       |.1234567890abcdefghijklmnopqrstuvwxyzãäåêëîïðñôõöûü|
#              |üÿABCDEFGHIJKLMNOPQRSTUVWXYZÂÃÄÅÊËÑÔÕÖÛÜÝø¤*©®¶&%@#|
#              +---------------------------------------------------+
#              |scaled p-value above confidence level (zero is ok) |
#              +----------------------------------------------------------------+
#              |0         1         2         3         4         5         6   |
#              |0123456789012345678901234567890123456789012345678901234567890123|
#              +----------------------------------------------------------------+
# seed     0.0 |................................................................| x 64
# key      0.0 |................................................................| x 144
#              +----------------------------------------------------------------+
# 0 of 13312 bits failed (0.00%) failed at 99.999943 confidence
#     g-test: 0.000000%
#     sum-error-square: 0.00052873
#     hash bit-level errors: 4/64
#     - hash bit 38 gtest-prob not-random: 100.0000 (52032526/51967474)
#     - hash bit 41 gtest-prob not-random: 100.0000 (51971060/52028940)
#     - hash bit 57 gtest-prob not-random: 100.0000 (52027135/51972865)
#     - with 1 more hash bit errors not described above.
not ok 35 - Strict Avalanche Criteria - 144 bit keys
# Testing 152-bit keys.......... not ok! # worst-bit:   0.583% error-ratio: 1.022614e+00
#              +---------------------------------------------------+
#              |012345678901234567890123456789012345678901234567890|
#              +---------------------------------------------------+
# Scale:       |.1234567890abcdefghijklmnopqrstuvwxyzãäåêëîïðñôõöûü|
#              |üÿABCDEFGHIJKLMNOPQRSTUVWXYZÂÃÄÅÊËÑÔÕÖÛÜÝø¤*©®¶&%@#|
#              +---------------------------------------------------+
#              |pct diff from 50%: abs((0.5-(changed/reps))*2) *100|
#              +----------------------------------------------------------------+
#              |0         1         2         3         4         5         6   |
#              |0123456789012345678901234567890123456789012345678901234567890123|
#              +----------------------------------------------------------------+
# seed     0.0 |................................................................| x 64
# key      0.0 |................................................................| x 22
# key     22.0 |.........................1......................................|
# key     23.0 |................................................................| x 48
# key     71.0 |...............................................1................|
# key     72.0 |................................................................|
# key     73.0 |......................................1.........................|
# key     74.0 |................................................................| x 74
# key    148.0 |1...............................................................|
# key    149.0 |................................................................| x 3
#              +----------------------------------------------------------------+
#              +---------------------------------------------------+
#              |012345678901234567890123456789012345678901234567890|
#              +---------------------------------------------------+
# Scale:       |.1234567890abcdefghijklmnopqrstuvwxyzãäåêëîïðñôõöûü|
#              |üÿABCDEFGHIJKLMNOPQRSTUVWXYZÂÃÄÅÊËÑÔÕÖÛÜÝø¤*©®¶&%@#|
#              +---------------------------------------------------+
#              |scaled p-value above confidence level (zero is ok) |
#              +----------------------------------------------------------------+
#              |0         1         2         3         4         5         6   |
#              |0123456789012345678901234567890123456789012345678901234567890123|
#              +----------------------------------------------------------------+
# seed     0.0 |................................................................| x 64
# key      0.0 |................................................................| x 152
#              +----------------------------------------------------------------+
# 0 of 13824 bits failed (0.00%) failed at 99.999943 confidence
#     g-test: 0.000000%
#     sum-error-square: 0.00052358
#     hash bit-level errors: 1/64
#     - hash bit 1 gtest-prob not-random: 100.0000 (53967862/54032138)
not ok 36 - Strict Avalanche Criteria - 152 bit keys
# Testing 152-bit keys.......... not ok! # worst-bit:   0.506% error-ratio: 1.016918e+00
#              +---------------------------------------------------+
#              |012345678901234567890123456789012345678901234567890|
#              +---------------------------------------------------+
# Scale:       |.1234567890abcdefghijklmnopqrstuvwxyzãäåêëîïðñôõöûü|
#              |üÿABCDEFGHIJKLMNOPQRSTUVWXYZÂÃÄÅÊËÑÔÕÖÛÜÝø¤*©®¶&%@#|
#              +---------------------------------------------------+
#              |pct diff from 50%: abs((0.5-(changed/reps))*2) *100|
#              +----------------------------------------------------------------+
#              |0         1         2         3         4         5         6   |
#              |0123456789012345678901234567890123456789012345678901234567890123|
#              +----------------------------------------------------------------+
# seed     0.0 |................................................................| x 64
# key      0.0 |................................................................|
# key      1.0 |.........1......................................................|
# key      2.0 |................................................................| x 42
# key     44.0 |.....................................1..........................|
# key     45.0 |................................................................| x 40
# key     85.0 |................................................1...............|
# key     86.0 |................................................................| x 66
#              +----------------------------------------------------------------+
#              +---------------------------------------------------+
#              |012345678901234567890123456789012345678901234567890|
#              +---------------------------------------------------+
# Scale:       |.1234567890abcdefghijklmnopqrstuvwxyzãäåêëîïðñôõöûü|
#              |üÿABCDEFGHIJKLMNOPQRSTUVWXYZÂÃÄÅÊËÑÔÕÖÛÜÝø¤*©®¶&%@#|
#              +---------------------------------------------------+
#              |scaled p-value above confidence level (zero is ok) |
#              +----------------------------------------------------------------+
#              |0         1         2         3         4         5         6   |
#              |0123456789012345678901234567890123456789012345678901234567890123|
#              +----------------------------------------------------------------+
# seed     0.0 |................................................................| x 64
# key      0.0 |................................................................| x 152
#              +----------------------------------------------------------------+
# 0 of 13824 bits failed (0.00%) failed at 99.999943 confidence
#     g-test: 0.000000%
#     sum-error-square: 0.00052066
#     hash bit-level errors: 3/64
#     - hash bit 8 gtest-prob not-random: 100.0000 (53970415/54029585)
#     - hash bit 32 gtest-prob not-random: 100.0000 (53972750/54027250)
#     - hash bit 39 gtest-prob not-random: 100.0000 (54026270/53973730)
not ok 37 - Strict Avalanche Criteria - 160 bit keys
# Testing 256-bit keys.......... not ok! # worst-bit:   0.581% error-ratio: 1.022725e+00
#              +---------------------------------------------------+
#              |012345678901234567890123456789012345678901234567890|
#              +---------------------------------------------------+
# Scale:       |.1234567890abcdefghijklmnopqrstuvwxyzãäåêëîïðñôõöûü|
#              |üÿABCDEFGHIJKLMNOPQRSTUVWXYZÂÃÄÅÊËÑÔÕÖÛÜÝø¤*©®¶&%@#|
#              +---------------------------------------------------+
#              |pct diff from 50%: abs((0.5-(changed/reps))*2) *100|
#              +----------------------------------------------------------------+
#              |0         1         2         3         4         5         6   |
#              |0123456789012345678901234567890123456789012345678901234567890123|
#              +----------------------------------------------------------------+
# seed     0.0 |................................................................| x 13
# seed    13.0 |.........................................1......................|
# seed    14.0 |................................................................| x 50
# key      0.0 |................................................................| x 49
# key     49.0 |...............................................1................|
# key     50.0 |................................................................| x 101
# key    151.0 |...........................................................1....|
# key    152.0 |................................................................| x 7
# key    159.0 |..................1.............................................|
# key    160.0 |................................................................| x 54
# key    214.0 |....1...........................................................|
# key    215.0 |................................................................| x 14
# key    229.0 |............................1...................................|
# key    230.0 |................................................................| x 26
#              +----------------------------------------------------------------+
#              +---------------------------------------------------+
#              |012345678901234567890123456789012345678901234567890|
#              +---------------------------------------------------+
# Scale:       |.1234567890abcdefghijklmnopqrstuvwxyzãäåêëîïðñôõöûü|
#              |üÿABCDEFGHIJKLMNOPQRSTUVWXYZÂÃÄÅÊËÑÔÕÖÛÜÝø¤*©®¶&%@#|
#              +---------------------------------------------------+
#              |scaled p-value above confidence level (zero is ok) |
#              +----------------------------------------------------------------+
#              |0         1         2         3         4         5         6   |
#              |0123456789012345678901234567890123456789012345678901234567890123|
#              +----------------------------------------------------------------+
# seed     0.0 |................................................................| x 64
# key      0.0 |................................................................| x 256
#              +----------------------------------------------------------------+
# 0 of 20480 bits failed (0.00%) failed at 99.999943 confidence
#     g-test: 0.000000%
#     sum-error-square: 0.00052364
#     hash bit-level errors: 3/64
#     - hash bit 26 gtest-prob not-random: 100.0000 (80039592/79960408)
#     - hash bit 39 gtest-prob not-random: 100.0000 (80033637/79966363)
#     - hash bit 49 gtest-prob not-random: 100.0000 (79966746/80033254)
not ok 38 - Strict Avalanche Criteria - 256 bit keys
not ok 39 - Strict Avalanche Criteria # cmetrohash64_2
### Keyset 'Cyclic' Tests ###
# Keyset 'Cyclic' - 8 cycles of 8 bytes - 10000000 keys
# Testing collisions   - Expected     0.00, actual        0 ( 0.00x) - passed
ok 40 - Collision Rate for Keyset 'Cyclic' - 8 cycles of 8 bytes - 10000000 keys
ok 41 - Distribution Bias Check for Keyset 'Cyclic' - 8 cycles of 8 bytes - 10000000 keys
# Keyset 'Cyclic' - 8 cycles of 9 bytes - 10000000 keys
# Testing collisions   - Expected     0.00, actual        0 ( 0.00x) - passed
ok 42 - Collision Rate for Keyset 'Cyclic' - 8 cycles of 9 bytes - 10000000 keys
ok 43 - Distribution Bias Check for Keyset 'Cyclic' - 8 cycles of 9 bytes - 10000000 keys
# Keyset 'Cyclic' - 8 cycles of 10 bytes - 10000000 keys
# Testing collisions   - Expected     0.00, actual        0 ( 0.00x) - passed
ok 44 - Collision Rate for Keyset 'Cyclic' - 8 cycles of 10 bytes - 10000000 keys
ok 45 - Distribution Bias Check for Keyset 'Cyclic' - 8 cycles of 10 bytes - 10000000 keys
# Keyset 'Cyclic' - 8 cycles of 11 bytes - 10000000 keys
# Testing collisions   - Expected     0.00, actual        0 ( 0.00x) - passed
ok 46 - Collision Rate for Keyset 'Cyclic' - 8 cycles of 11 bytes - 10000000 keys
ok 47 - Distribution Bias Check for Keyset 'Cyclic' - 8 cycles of 11 bytes - 10000000 keys
# Keyset 'Cyclic' - 8 cycles of 12 bytes - 10000000 keys
# Testing collisions   - Expected     0.00, actual        0 ( 0.00x) - passed
ok 48 - Collision Rate for Keyset 'Cyclic' - 8 cycles of 12 bytes - 10000000 keys
ok 49 - Distribution Bias Check for Keyset 'Cyclic' - 8 cycles of 12 bytes - 10000000 keys
ok 50 - Keyset 'Cyclic' # cmetrohash64_2
### Keyset 'TwoBytes' Tests ###
# Testing collisions   - Expected     0.00, actual        0 ( 0.00x) - passed
ok 51 - Collision Rate for Keyset 'TwoBytes' - up-to-4-byte keys, 652545 total keys
ok 52 - Distribution Bias Check for Keyset 'TwoBytes' - up-to-4-byte keys, 652545 total keys
# Testing collisions   - Expected     0.00, actual        0 ( 0.00x) - passed
ok 53 - Collision Rate for Keyset 'TwoBytes' - up-to-8-byte keys, 5471025 total keys
ok 54 - Distribution Bias Check for Keyset 'TwoBytes' - up-to-8-byte keys, 5471025 total keys
# Testing collisions   - Expected     0.00, actual        0 ( 0.00x) - passed
ok 55 - Collision Rate for Keyset 'TwoBytes' - up-to-12-byte keys, 18616785 total keys
ok 56 - Distribution Bias Check for Keyset 'TwoBytes' - up-to-12-byte keys, 18616785 total keys
# Testing collisions   - Expected     0.00, actual        0 ( 0.00x) - passed
ok 57 - Collision Rate for Keyset 'TwoBytes' - up-to-16-byte keys, 44251425 total keys
ok 58 - Distribution Bias Check for Keyset 'TwoBytes' - up-to-16-byte keys, 44251425 total keys
# Testing collisions   - Expected     0.00, actual        0 ( 0.00x) - passed
ok 59 - Collision Rate for Keyset 'TwoBytes' - up-to-20-byte keys, 86536545 total keys
ok 60 - Distribution Bias Check for Keyset 'TwoBytes' - up-to-20-byte keys, 86536545 total keys
ok 61 - Keyset 'TwoBytes' # cmetrohash64_2
### Keyset 'Sparse' Tests ###
# Keyset 'Sparse' - 32-bit keys with up to 6 bits set - 1149017 keys
# Testing collisions   - Expected     0.00, actual        0 ( 0.00x) - passed
ok 62 - Collision Rate for Keyset 'Sparse' - 32-bit keys with up to 6 bits set
ok 63 - Distribution Bias Check for Keyset 'Sparse' - 32-bit keys with up to 6 bits set
# Keyset 'Sparse' - 40-bit keys with up to 6 bits set - 4598479 keys
# Testing collisions   - Expected     0.00, actual        0 ( 0.00x) - passed
ok 64 - Collision Rate for Keyset 'Sparse' - 40-bit keys with up to 6 bits set
ok 65 - Distribution Bias Check for Keyset 'Sparse' - 40-bit keys with up to 6 bits set
# Keyset 'Sparse' - 48-bit keys with up to 5 bits set - 1925357 keys
# Testing collisions   - Expected     0.00, actual        0 ( 0.00x) - passed
ok 66 - Collision Rate for Keyset 'Sparse' - 48-bit keys with up to 5 bits set
ok 67 - Distribution Bias Check for Keyset 'Sparse' - 48-bit keys with up to 5 bits set
# Keyset 'Sparse' - 56-bit keys with up to 5 bits set - 4216423 keys
# Testing collisions   - Expected     0.00, actual        0 ( 0.00x) - passed
ok 68 - Collision Rate for Keyset 'Sparse' - 56-bit keys with up to 5 bits set
ok 69 - Distribution Bias Check for Keyset 'Sparse' - 56-bit keys with up to 5 bits set
# Keyset 'Sparse' - 64-bit keys with up to 5 bits set - 8303633 keys
# Testing collisions   - Expected     0.00, actual        0 ( 0.00x) - passed
ok 70 - Collision Rate for Keyset 'Sparse' - 64-bit keys with up to 5 bits set
ok 71 - Distribution Bias Check for Keyset 'Sparse' - 64-bit keys with up to 5 bits set
# Keyset 'Sparse' - 96-bit keys with up to 4 bits set - 3469497 keys
# Testing collisions   - Expected     0.00, actual        0 ( 0.00x) - passed
ok 72 - Collision Rate for Keyset 'Sparse' - 96-bit keys with up to 4 bits set
ok 73 - Distribution Bias Check for Keyset 'Sparse' - 96-bit keys with up to 4 bits set
# Keyset 'Sparse' - 256-bit keys with up to 3 bits set - 2796417 keys
# Testing collisions   - Expected     0.00, actual        0 ( 0.00x) - passed
ok 74 - Collision Rate for Keyset 'Sparse' - 256-bit keys with up to 3 bits set
ok 75 - Distribution Bias Check for Keyset 'Sparse' - 256-bit keys with up to 3 bits set
# Keyset 'Sparse' - 2048-bit keys with up to 2 bits set - 2098177 keys
# Testing collisions   - Expected     0.00, actual        0 ( 0.00x) - passed
ok 76 - Collision Rate for Keyset 'Sparse' - 2048-bit keys with up to 2 bits set
ok 77 - Distribution Bias Check for Keyset 'Sparse' - 2048-bit keys with up to 2 bits set
ok 78 - Keyset 'Sparse' # cmetrohash64_2
# Keyset 'CRC-MultiCollision' - 1048575 x 16 block keys - 128-bytes long - 10 seeds
# Testing collisions   - Expected     0.00, actual        0 ( 0.00x) - passed
ok 79 - Collision Rate for Keyset 'CRC-MultiCollision' - seed 1 # cmetrohash64_2
# Testing collisions   - Expected     0.00, actual        0 ( 0.00x) - passed
ok 80 - Collision Rate for Keyset 'CRC-MultiCollision' - seed 2 # cmetrohash64_2
# Testing collisions   - Expected     0.00, actual        0 ( 0.00x) - passed
ok 81 - Collision Rate for Keyset 'CRC-MultiCollision' - seed 3 # cmetrohash64_2
# Testing collisions   - Expected     0.00, actual        0 ( 0.00x) - passed
ok 82 - Collision Rate for Keyset 'CRC-MultiCollision' - seed 4 # cmetrohash64_2
# Testing collisions   - Expected     0.00, actual        0 ( 0.00x) - passed
ok 83 - Collision Rate for Keyset 'CRC-MultiCollision' - seed 5 # cmetrohash64_2
# Testing collisions   - Expected     0.00, actual        0 ( 0.00x) - passed
ok 84 - Collision Rate for Keyset 'CRC-MultiCollision' - seed 6 # cmetrohash64_2
# Testing collisions   - Expected     0.00, actual        0 ( 0.00x) - passed
ok 85 - Collision Rate for Keyset 'CRC-MultiCollision' - seed 7 # cmetrohash64_2
# Testing collisions   - Expected     0.00, actual        0 ( 0.00x) - passed
ok 86 - Collision Rate for Keyset 'CRC-MultiCollision' - seed 8 # cmetrohash64_2
# Testing collisions   - Expected     0.00, actual        0 ( 0.00x) - passed
ok 87 - Collision Rate for Keyset 'CRC-MultiCollision' - seed 9 # cmetrohash64_2
# Testing collisions   - Expected     0.00, actual        0 ( 0.00x) - passed
ok 88 - Collision Rate for Keyset 'CRC-MultiCollision' - seed 10 # cmetrohash64_2
### Keyset 'Combination Lowbits' Tests ###
# Keyset 'Combination' - up to 8 blocks from a set of 8 - 19173960 keys
# Testing collisions   - Expected     0.00, actual        0 ( 0.00x) - passed
ok 89 - Collision Rate for Keyset 'Combination Lowbits'
ok 90 - Distribution Bias Check for Keyset 'Combination Lowbits'
ok 91 - Keyset 'Combination Lowbits' # cmetrohash64_2
### Keyset 'Combination Highbits' Tests ###
# Keyset 'Combination' - up to 8 blocks from a set of 8 - 19173960 keys
# Testing collisions   - Expected     0.00, actual        0 ( 0.00x) - passed
ok 92 - Collision Rate for Keyset 'Combination Highbits'
ok 93 - Distribution Bias Check for Keyset 'Combination Highbits'
ok 94 - Keyset 'Combination Highbits' # cmetrohash64_2
### Keyset 'Combination Highbits2' Tests ###
# Keyset 'Combination' - up to 8 blocks from a set of 8 - 19173960 keys
# Testing collisions   - Expected     0.00, actual        0 ( 0.00x) - passed
ok 95 - Collision Rate for Keyset 'Combination Highbits2'
ok 96 - Distribution Bias Check for Keyset 'Combination Highbits2'
ok 97 - Keyset 'Combination Highbits2' # cmetrohash64_2
### Keyset 'Combination 0x80000000' Tests ###
# Keyset 'Combination' - up to 20 blocks from a set of 2 - 2097150 keys
# Testing collisions   - Expected     0.00, actual        0 ( 0.00x) - passed
ok 98 - Collision Rate for Keyset 'Combination 0x80000000'
ok 99 - Distribution Bias Check for Keyset 'Combination 0x80000000'
ok 100 - Keyset 'Combination 0x80000000' # cmetrohash64_2
### Keyset 'Combination 0x00000001' Tests ###
# Keyset 'Combination' - up to 20 blocks from a set of 2 - 2097150 keys
# Testing collisions   - Expected     0.00, actual        0 ( 0.00x) - passed
ok 101 - Collision Rate for Keyset 'Combination 0x00000001'
ok 102 - Distribution Bias Check for Keyset 'Combination 0x00000001'
ok 103 - Keyset 'Combination 0x00000001' # cmetrohash64_2
### Keyset 'Combination Hi-Lo' Tests ###
# Keyset 'Combination' - up to 6 blocks from a set of 15 - 12204240 keys
# Testing collisions   - Expected     0.00, actual        0 ( 0.00x) - passed
ok 104 - Collision Rate for Keyset 'Combination Hi-Lo'
ok 105 - Distribution Bias Check for Keyset 'Combination Hi-Lo'
ok 106 - Keyset 'Combination Hi-Lo' # cmetrohash64_2
### Keyset 'Text' Tests ###
# Keyset 'Text' - keys of form "Foo[XXXX]Bar" - 14776336 keys
# Testing collisions   - Expected     0.00, actual        0 ( 0.00x) - passed
ok 107 - Collision Rate for Keyset 'Text' - keys of form "Foo[XXXX]Bar" - 14776336 keys
ok 108 - Distribution Bias Check for Keyset 'Text' - keys of form "Foo[XXXX]Bar" - 14776336 keys
# Keyset 'Text' - keys of form "FooBar[XXXX]" - 14776336 keys
# Testing collisions   - Expected     0.00, actual        0 ( 0.00x) - passed
ok 109 - Collision Rate for Keyset 'Text' - keys of form "FooBar[XXXX]" - 14776336 keys
ok 110 - Distribution Bias Check for Keyset 'Text' - keys of form "FooBar[XXXX]" - 14776336 keys
# Keyset 'Text' - keys of form "[XXXX]FooBar" - 14776336 keys
# Testing collisions   - Expected     0.00, actual        0 ( 0.00x) - passed
ok 111 - Collision Rate for Keyset 'Text' - keys of form "[XXXX]FooBar" - 14776336 keys
ok 112 - Distribution Bias Check for Keyset 'Text' - keys of form "[XXXX]FooBar" - 14776336 keys
ok 113 - Keyset 'Text' # cmetrohash64_2
### Keyset 'Zeroes' Tests ###
# Keyset 'Zeroes' - 262144 keys
# Testing collisions   - Expected     0.00, actual        0 ( 0.00x) - passed
ok 114 - Collision Rate for Keyset 'Zeroes' - 262144 keys
ok 115 - Distribution Bias Check for Keyset 'Zeroes' - 262144 keys
ok 116 - Keyset 'Zeroes' # cmetrohash64_2
### Keyset 'Seed' Tests ###
# Keyset 'Seed' - 2000000 seeds, Key "The quick brown fox "...
# Testing collisions   - Expected     0.00, actual      438 - Excessive keys in collision - failed
not ok 117 - Collision Rate for Keyset 'Seed' - 2000000 seeds, Key "The quick brown fox "...
ok 118 - Distribution Bias Check for Keyset 'Seed' - 2000000 seeds, Key "The quick brown fox "...
# Keyset 'Seed' - 2000000 seeds, Key ""
# Testing collisions   - Expected     0.00, actual      466 - Excessive keys in collision - failed
not ok 119 - Collision Rate for Keyset 'Seed' - 2000000 seeds, Key ""
ok 120 - Distribution Bias Check for Keyset 'Seed' - 2000000 seeds, Key ""
# Keyset 'Seed' - 2000000 seeds, Key "00101100110101101"
# Testing collisions   - Expected     0.00, actual      434 - Excessive keys in collision - failed
not ok 121 - Collision Rate for Keyset 'Seed' - 2000000 seeds, Key "00101100110101101"
ok 122 - Distribution Bias Check for Keyset 'Seed' - 2000000 seeds, Key "00101100110101101"
# Keyset 'Seed' - 2000000 seeds, Key "abcbcddbdebdcaaabaaa"...
# Testing collisions   - Expected     0.00, actual      445 - Excessive keys in collision - failed
not ok 123 - Collision Rate for Keyset 'Seed' - 2000000 seeds, Key "abcbcddbdebdcaaabaaa"...
ok 124 - Distribution Bias Check for Keyset 'Seed' - 2000000 seeds, Key "abcbcddbdebdcaaabaaa"...
not ok 125 - Keyset 'Seed' # cmetrohash64_2
### Keyset 'Effs' Tests ###
# Keyset 'Effs' - 262144 keys
# Testing collisions   - Expected     0.00, actual        0 ( 0.00x) - passed
ok 126 - Collision Rate for Keyset 'Effs' - 262144 keys
ok 127 - Distribution Bias Check for Keyset 'Effs' - 262144 keys
ok 128 - Keyset 'Effs' # cmetrohash64_2
not ok 129 - all tests passed # cmetrohash64_2
1..129
# Tests Failed. cmetrohash64_2 failed 28 of 129 tests.
# Testing took 1641.354198 seconds
# This is SMHasher version v1.0-demerphq-5-g86440f3 - built on Mar 10 2017.
