ok 1 - Found Hash # cmetrohash64_1o
###################################################################
### Testing cmetrohash64_1o - no seed_state
### - cmetrohash64_1 (shorter key optimized) , 64-bit for x64 -
### seedbits: 64 statebits: 64 hashbits: 64
###################################################################
ok 2 - Verification code # cmetrohash64_1o
# cmetrohash64_1o      - Verification value 0x807349A0 : Passed.
### Sanity Tests ###
# Sanity check simple key bit flips and consistency..........
ok 3 - SanityTest # cmetrohash64_1o
# Sanity check null suffixes change the hash (simple)..........
ok 4 - Appended Zeroes Test # cmetrohash64_1o
ok 5 - Sanity Test # cmetrohash64_1o
### Speed Tests ###
## Bulk speed test - 262144-byte keys
# Alignment  7 -  5.152 bytes/cycle - 14741.39 MiB/sec @ 3 ghz
# Alignment  6 -  5.156 bytes/cycle - 14750.84 MiB/sec @ 3 ghz
# Alignment  5 -  5.119 bytes/cycle - 14645.14 MiB/sec @ 3 ghz
# Alignment  4 -  5.157 bytes/cycle - 14755.17 MiB/sec @ 3 ghz
# Alignment  3 -  5.157 bytes/cycle - 14753.98 MiB/sec @ 3 ghz
# Alignment  2 -  5.157 bytes/cycle - 14753.89 MiB/sec @ 3 ghz
# Alignment  1 -  5.157 bytes/cycle - 14754.77 MiB/sec @ 3 ghz
# Alignment  0 -  5.397 bytes/cycle - 15441.00 MiB/sec @ 3 ghz
# Average      -  5.182 bytes/cycle - 14824.52 MiB/sec @ 3 ghz
## KeySpeed tests
# cmetrohash64_1o           0 byte keys        7.000 c/h
# cmetrohash64_1o           1 byte keys       16.000 c/h       16.000 c/b        0.062 b/c
# cmetrohash64_1o           2 byte keys       15.816 c/h        7.908 c/b        0.126 b/c
# cmetrohash64_1o           3 byte keys       20.493 c/h        6.831 c/b        0.146 b/c
# cmetrohash64_1o           4 byte keys       15.605 c/h        3.901 c/b        0.256 b/c
# cmetrohash64_1o           5 byte keys       20.000 c/h        4.000 c/b        0.250 b/c
# cmetrohash64_1o           6 byte keys       20.424 c/h        3.404 c/b        0.294 b/c
# cmetrohash64_1o           7 byte keys       25.779 c/h        3.683 c/b        0.272 b/c
# cmetrohash64_1o           8 byte keys       15.334 c/h        1.917 c/b        0.522 b/c
# cmetrohash64_1o           9 byte keys       20.412 c/h        2.268 c/b        0.441 b/c
# cmetrohash64_1o          10 byte keys       20.511 c/h        2.051 c/b        0.488 b/c
# cmetrohash64_1o          11 byte keys       25.598 c/h        2.327 c/b        0.430 b/c
# cmetrohash64_1o          12 byte keys       20.486 c/h        1.707 c/b        0.586 b/c
# cmetrohash64_1o          13 byte keys       25.979 c/h        1.998 c/b        0.500 b/c
# cmetrohash64_1o          14 byte keys       25.583 c/h        1.827 c/b        0.547 b/c
# cmetrohash64_1o          15 byte keys       30.744 c/h        2.050 c/b        0.488 b/c
# cmetrohash64_1o          16 byte keys       22.000 c/h        1.375 c/b        0.727 b/c
# cmetrohash64_1o          17 byte keys       26.205 c/h        1.541 c/b        0.649 b/c
# cmetrohash64_1o          18 byte keys       26.000 c/h        1.444 c/b        0.692 b/c
# cmetrohash64_1o          19 byte keys       31.000 c/h        1.632 c/b        0.613 b/c
# cmetrohash64_1o          20 byte keys       26.000 c/h        1.300 c/b        0.769 b/c
# cmetrohash64_1o          21 byte keys       31.000 c/h        1.476 c/b        0.677 b/c
# cmetrohash64_1o          22 byte keys       31.000 c/h        1.409 c/b        0.710 b/c
# cmetrohash64_1o          23 byte keys       36.000 c/h        1.565 c/b        0.639 b/c
# cmetrohash64_1o          24 byte keys       26.000 c/h        1.083 c/b        0.923 b/c
# cmetrohash64_1o          25 byte keys       31.000 c/h        1.240 c/b        0.806 b/c
# cmetrohash64_1o          26 byte keys       32.056 c/h        1.233 c/b        0.811 b/c
# cmetrohash64_1o          27 byte keys       36.000 c/h        1.333 c/b        0.750 b/c
# cmetrohash64_1o          28 byte keys       31.000 c/h        1.107 c/b        0.903 b/c
# cmetrohash64_1o          29 byte keys       36.000 c/h        1.241 c/b        0.806 b/c
# cmetrohash64_1o          30 byte keys       36.000 c/h        1.200 c/b        0.833 b/c
# cmetrohash64_1o          31 byte keys       41.000 c/h        1.323 c/b        0.756 b/c
#                          Average < 32       25.751 c/h        1.661 c/b        0.602 b/c
# cmetrohash64_1o          32 byte keys       40.000 c/h        1.250 c/b        0.800 b/c
# cmetrohash64_1o          36 byte keys       44.000 c/h        1.222 c/b        0.818 b/c
# cmetrohash64_1o          40 byte keys       44.000 c/h        1.100 c/b        0.909 b/c
# cmetrohash64_1o          44 byte keys       49.341 c/h        1.121 c/b        0.892 b/c
# cmetrohash64_1o          48 byte keys       51.969 c/h        1.083 c/b        0.924 b/c
# cmetrohash64_1o          52 byte keys       56.000 c/h        1.077 c/b        0.929 b/c
# cmetrohash64_1o          56 byte keys       56.000 c/h        1.000 c/b        1.000 b/c
# cmetrohash64_1o          60 byte keys       62.667 c/h        1.044 c/b        0.957 b/c
# cmetrohash64_1o          64 byte keys       42.918 c/h        0.671 c/b        1.491 b/c
# cmetrohash64_1o          68 byte keys       48.698 c/h        0.716 c/b        1.396 b/c
# cmetrohash64_1o          72 byte keys       48.795 c/h        0.678 c/b        1.476 b/c
# cmetrohash64_1o          76 byte keys       53.958 c/h        0.710 c/b        1.408 b/c
# cmetrohash64_1o          80 byte keys       54.988 c/h        0.687 c/b        1.455 b/c
# cmetrohash64_1o          84 byte keys       59.000 c/h        0.702 c/b        1.424 b/c
# cmetrohash64_1o          88 byte keys       59.809 c/h        0.680 c/b        1.471 b/c
# cmetrohash64_1o          92 byte keys       64.417 c/h        0.700 c/b        1.428 b/c
# cmetrohash64_1o          96 byte keys       46.943 c/h        0.489 c/b        2.045 b/c
# cmetrohash64_1o         100 byte keys       50.999 c/h        0.510 c/b        1.961 b/c
# cmetrohash64_1o         104 byte keys       50.908 c/h        0.489 c/b        2.043 b/c
# cmetrohash64_1o         108 byte keys       57.211 c/h        0.530 c/b        1.888 b/c
# cmetrohash64_1o         112 byte keys       58.000 c/h        0.518 c/b        1.931 b/c
# cmetrohash64_1o         116 byte keys       62.000 c/h        0.534 c/b        1.871 b/c
# cmetrohash64_1o         120 byte keys       62.929 c/h        0.524 c/b        1.907 b/c
# cmetrohash64_1o         124 byte keys       67.862 c/h        0.547 c/b        1.827 b/c
#                         Average < 128       37.811 c/h        0.894 c/b        1.118 b/c
# cmetrohash64_1o         128 byte keys       50.592 c/h        0.395 c/b        2.530 b/c
# cmetrohash64_1o         256 byte keys       67.932 c/h        0.265 c/b        3.768 b/c
# cmetrohash64_1o         512 byte keys      113.283 c/h        0.221 c/b        4.520 b/c
# cmetrohash64_1o        1024 byte keys      220.004 c/h        0.215 c/b        4.654 b/c
# cmetrohash64_1o        2048 byte keys      403.215 c/h        0.197 c/b        5.079 b/c
# cmetrohash64_1o        4096 byte keys      769.460 c/h        0.188 c/b        5.323 b/c
# cmetrohash64_1o        8192 byte keys     1501.930 c/h        0.183 c/b        5.454 b/c
# cmetrohash64_1o       16384 byte keys     3025.750 c/h        0.185 c/b        5.415 b/c
# cmetrohash64_1o       32768 byte keys     5964.234 c/h        0.182 c/b        5.494 b/c
# cmetrohash64_1o       65536 byte keys    12002.463 c/h        0.183 c/b        5.460 b/c
#                       Overall Average      397.520 c/h        0.197 c/b        5.081 b/c
ok 6 - Speed (always passes) # cmetrohash64_1o
### Differential Tests ###
# Testing 8303632 up-to-5-bit differentials in 64-bit keys -> 64 bit hashes.
# 1000 reps, 8303632000 total tests, expecting 0.00 random collisions..........
ok 7 - Differential collisions # cmetrohash64_1o
ok 8 - Nothing skipped during differential collision check # cmetrohash64_1o
# 0 total collisions, of which 0 single collisions were ignored
ok 9 - ProcessDifferentials
# Testing 11017632 up-to-4-bit differentials in 128-bit keys -> 64 bit hashes.
# 1000 reps, 11017632000 total tests, expecting 0.00 random collisions..........
ok 10 - Differential collisions # cmetrohash64_1o
ok 11 - Nothing skipped during differential collision check # cmetrohash64_1o
# 0 total collisions, of which 0 single collisions were ignored
ok 12 - ProcessDifferentials
# Testing 2796416 up-to-3-bit differentials in 256-bit keys -> 64 bit hashes.
# 1000 reps, 2796416000 total tests, expecting 0.00 random collisions..........
ok 13 - Differential collisions # cmetrohash64_1o
ok 14 - Nothing skipped during differential collision check # cmetrohash64_1o
# 0 total collisions, of which 0 single collisions were ignored
ok 15 - ProcessDifferentials
ok 16 - Differential # cmetrohash64_1o
### Avalanche Tests ### - seed-bits: 64 hash-bits: 64
# Samples 500000, expected error 0.00051200, confidence level 99.99994267%
# Testing   0-bit keys.......... not ok! # worst-bit:   0.545% error-ratio: 1.050731e+00
#              +---------------------------------------------------+
#              |012345678901234567890123456789012345678901234567890|
#              +---------------------------------------------------+
# Scale:       |.1234567890abcdefghijklmnopqrstuvwxyzãäåêëîïðñôõöûü|
#              |üÿABCDEFGHIJKLMNOPQRSTUVWXYZÂÃÄÅÊËÑÔÕÖÛÜÝø¤*©®¶&%@#|
#              +---------------------------------------------------+
#              |pct diff from 50%: abs((0.5-(changed/reps))*2) *100|
#              +----------------------------------------------------------------+
#              |0         1         2         3         4         5         6   |
#              |0123456789012345678901234567890123456789012345678901234567890123|
#              +----------------------------------------------------------------+
# seed     0.0 |................................................................| x 14
# seed    14.0 |......................................................1.........|
# seed    15.0 |................................................................| x 49
#              +----------------------------------------------------------------+
#              +---------------------------------------------------+
#              |012345678901234567890123456789012345678901234567890|
#              +---------------------------------------------------+
# Scale:       |.1234567890abcdefghijklmnopqrstuvwxyzãäåêëîïðñôõöûü|
#              |üÿABCDEFGHIJKLMNOPQRSTUVWXYZÂÃÄÅÊËÑÔÕÖÛÜÝø¤*©®¶&%@#|
#              +---------------------------------------------------+
#              |scaled p-value above confidence level (zero is ok) |
#              +----------------------------------------------------------------+
#              |0         1         2         3         4         5         6   |
#              |0123456789012345678901234567890123456789012345678901234567890123|
#              +----------------------------------------------------------------+
# seed     0.0 |................................................................| x 64
#              +----------------------------------------------------------------+
# 0 of 4096 bits failed (0.00%) failed at 99.999943 confidence
#     g-test: 0.000000%
#     sum-error-square: 0.00053797
#     hash bit-level errors: 18/64
#     - hash bit 1 gtest-prob not-random: 100.0000 (16014736/15985264)
#     - hash bit 6 gtest-prob not-random: 100.0000 (16014268/15985732)
#     - hash bit 9 gtest-prob not-random: 100.0000 (15984424/16015576)
#     - with 15 more hash bit errors not described above.
not ok 17 - Strict Avalanche Criteria - 0 bit keys
# Testing   8-bit keys.......... not ok! # worst-bit:   0.516% error-ratio: 1.132869e+00
#              +---------------------------------------------------+
#              |012345678901234567890123456789012345678901234567890|
#              +---------------------------------------------------+
# Scale:       |.1234567890abcdefghijklmnopqrstuvwxyzãäåêëîïðñôõöûü|
#              |üÿABCDEFGHIJKLMNOPQRSTUVWXYZÂÃÄÅÊËÑÔÕÖÛÜÝø¤*©®¶&%@#|
#              +---------------------------------------------------+
#              |pct diff from 50%: abs((0.5-(changed/reps))*2) *100|
#              +----------------------------------------------------------------+
#              |0         1         2         3         4         5         6   |
#              |0123456789012345678901234567890123456789012345678901234567890123|
#              +----------------------------------------------------------------+
# seed     0.0 |................................................................| x 2
# seed     2.0 |.....................1..........................................|
# seed     3.0 |................................................................| x 61
# key      0.0 |................................................................| x 8
#              +----------------------------------------------------------------+
#              +---------------------------------------------------+
#              |012345678901234567890123456789012345678901234567890|
#              +---------------------------------------------------+
# Scale:       |.1234567890abcdefghijklmnopqrstuvwxyzãäåêëîïðñôõöûü|
#              |üÿABCDEFGHIJKLMNOPQRSTUVWXYZÂÃÄÅÊËÑÔÕÖÛÜÝø¤*©®¶&%@#|
#              +---------------------------------------------------+
#              |scaled p-value above confidence level (zero is ok) |
#              +----------------------------------------------------------------+
#              |0         1         2         3         4         5         6   |
#              |0123456789012345678901234567890123456789012345678901234567890123|
#              +----------------------------------------------------------------+
# seed     0.0 |................................................................| x 64
# key      0.0 |................................................................| x 8
#              +----------------------------------------------------------------+
# 0 of 4608 bits failed (0.00%) failed at 99.999943 confidence
#     g-test: 0.000000%
#     sum-error-square: 0.00058003
#     hash bit-level errors: 19/64
#     - hash bit 2 gtest-prob not-random: 100.0000 (18029854/17970146)
#     - hash bit 13 gtest-prob not-random: 100.0000 (17984550/18015450)
#     - hash bit 15 gtest-prob not-random: 100.0000 (17981178/18018822)
#     - with 16 more hash bit errors not described above.
not ok 18 - Strict Avalanche Criteria - 8 bit keys
# Testing  16-bit keys.......... not ok! # worst-bit:   0.617% error-ratio: 1.196366e+00
#              +---------------------------------------------------+
#              |012345678901234567890123456789012345678901234567890|
#              +---------------------------------------------------+
# Scale:       |.1234567890abcdefghijklmnopqrstuvwxyzãäåêëîïðñôõöûü|
#              |üÿABCDEFGHIJKLMNOPQRSTUVWXYZÂÃÄÅÊËÑÔÕÖÛÜÝø¤*©®¶&%@#|
#              +---------------------------------------------------+
#              |pct diff from 50%: abs((0.5-(changed/reps))*2) *100|
#              +----------------------------------------------------------------+
#              |0         1         2         3         4         5         6   |
#              |0123456789012345678901234567890123456789012345678901234567890123|
#              +----------------------------------------------------------------+
# seed     0.0 |................................................................| x 5
# seed     5.0 |............................1...................................|
# seed     6.0 |................................................................| x 10
# seed    16.0 |............................................1...................|
# seed    17.0 |................................................................| x 6
# seed    23.0 |.................................................1..............|
# seed    24.0 |................................................................| x 40
# key      0.0 |................................................................| x 16
#              +----------------------------------------------------------------+
#              +---------------------------------------------------+
#              |012345678901234567890123456789012345678901234567890|
#              +---------------------------------------------------+
# Scale:       |.1234567890abcdefghijklmnopqrstuvwxyzãäåêëîïðñôõöûü|
#              |üÿABCDEFGHIJKLMNOPQRSTUVWXYZÂÃÄÅÊËÑÔÕÖÛÜÝø¤*©®¶&%@#|
#              +---------------------------------------------------+
#              |scaled p-value above confidence level (zero is ok) |
#              +----------------------------------------------------------------+
#              |0         1         2         3         4         5         6   |
#              |0123456789012345678901234567890123456789012345678901234567890123|
#              +----------------------------------------------------------------+
# seed     0.0 |................................................................| x 64
# key      0.0 |................................................................| x 16
#              +----------------------------------------------------------------+
# 0 of 5120 bits failed (0.00%) failed at 99.999943 confidence
#     g-test: 0.000000%
#     sum-error-square: 0.00061254
#     hash bit-level errors: 21/64
#     - hash bit 3 gtest-prob not-random: 100.0000 (20016046/19983954)
#     - hash bit 8 gtest-prob not-random: 99.9999 (19984108/20015892)
#     - hash bit 9 gtest-prob not-random: 100.0000 (20016041/19983959)
#     - with 18 more hash bit errors not described above.
not ok 19 - Strict Avalanche Criteria - 16 bit keys
# Testing  24-bit keys.......... not ok! # worst-bit:   0.647% error-ratio: 1.091866e+00
#              +---------------------------------------------------+
#              |012345678901234567890123456789012345678901234567890|
#              +---------------------------------------------------+
# Scale:       |.1234567890abcdefghijklmnopqrstuvwxyzãäåêëîïðñôõöûü|
#              |üÿABCDEFGHIJKLMNOPQRSTUVWXYZÂÃÄÅÊËÑÔÕÖÛÜÝø¤*©®¶&%@#|
#              +---------------------------------------------------+
#              |pct diff from 50%: abs((0.5-(changed/reps))*2) *100|
#              +----------------------------------------------------------------+
#              |0         1         2         3         4         5         6   |
#              |0123456789012345678901234567890123456789012345678901234567890123|
#              +----------------------------------------------------------------+
# seed     0.0 |................................................................| x 13
# seed    13.0 |....1...........................................................|
# seed    14.0 |................................................................| x 50
# key      0.0 |................................................................| x 17
# key     17.0 |...............................................................1|
# key     18.0 |................................................................| x 5
# key     23.0 |...............................1................................|
#              +----------------------------------------------------------------+
#              +---------------------------------------------------+
#              |012345678901234567890123456789012345678901234567890|
#              +---------------------------------------------------+
# Scale:       |.1234567890abcdefghijklmnopqrstuvwxyzãäåêëîïðñôõöûü|
#              |üÿABCDEFGHIJKLMNOPQRSTUVWXYZÂÃÄÅÊËÑÔÕÖÛÜÝø¤*©®¶&%@#|
#              +---------------------------------------------------+
#              |scaled p-value above confidence level (zero is ok) |
#              +----------------------------------------------------------------+
#              |0         1         2         3         4         5         6   |
#              |0123456789012345678901234567890123456789012345678901234567890123|
#              +----------------------------------------------------------------+
# seed     0.0 |................................................................| x 64
# key      0.0 |................................................................| x 24
#              +----------------------------------------------------------------+
# 0 of 5632 bits failed (0.00%) failed at 99.999943 confidence
#     g-test: 0.000000%
#     sum-error-square: 0.00055904
#     hash bit-level errors: 12/64
#     - hash bit 9 gtest-prob not-random: 100.0000 (21977174/22022826)
#     - hash bit 12 gtest-prob not-random: 100.0000 (21983058/22016942)
#     - hash bit 18 gtest-prob not-random: 100.0000 (21976326/22023674)
#     - with 9 more hash bit errors not described above.
not ok 20 - Strict Avalanche Criteria - 24 bit keys
# Testing  32-bit keys.......... not ok! # worst-bit:   0.591% error-ratio: 9.842061e-01
#              +---------------------------------------------------+
#              |012345678901234567890123456789012345678901234567890|
#              +---------------------------------------------------+
# Scale:       |.1234567890abcdefghijklmnopqrstuvwxyzãäåêëîïðñôõöûü|
#              |üÿABCDEFGHIJKLMNOPQRSTUVWXYZÂÃÄÅÊËÑÔÕÖÛÜÝø¤*©®¶&%@#|
#              +---------------------------------------------------+
#              |pct diff from 50%: abs((0.5-(changed/reps))*2) *100|
#              +----------------------------------------------------------------+
#              |0         1         2         3         4         5         6   |
#              |0123456789012345678901234567890123456789012345678901234567890123|
#              +----------------------------------------------------------------+
# seed     0.0 |................................................................| x 15
# seed    15.0 |...............................................................1|
# seed    16.0 |................................................................| x 48
# key      0.0 |................................................................| x 32
#              +----------------------------------------------------------------+
#              +---------------------------------------------------+
#              |012345678901234567890123456789012345678901234567890|
#              +---------------------------------------------------+
# Scale:       |.1234567890abcdefghijklmnopqrstuvwxyzãäåêëîïðñôõöûü|
#              |üÿABCDEFGHIJKLMNOPQRSTUVWXYZÂÃÄÅÊËÑÔÕÖÛÜÝø¤*©®¶&%@#|
#              +---------------------------------------------------+
#              |scaled p-value above confidence level (zero is ok) |
#              +----------------------------------------------------------------+
#              |0         1         2         3         4         5         6   |
#              |0123456789012345678901234567890123456789012345678901234567890123|
#              +----------------------------------------------------------------+
# seed     0.0 |................................................................| x 64
# key      0.0 |................................................................| x 32
#              +----------------------------------------------------------------+
# 0 of 6144 bits failed (0.00%) failed at 99.999943 confidence
#     g-test: 0.000000%
#     sum-error-square: 0.00050391
#     hash bit-level errors: 11/64
#     - hash bit 3 gtest-prob not-random: 100.0000 (23982007/24017993)
#     - hash bit 13 gtest-prob not-random: 100.0000 (23981889/24018111)
#     - hash bit 20 gtest-prob not-random: 100.0000 (24021746/23978254)
#     - with 8 more hash bit errors not described above.
not ok 21 - Strict Avalanche Criteria - 32 bit keys
# Testing  40-bit keys.......... not ok! # worst-bit:   0.543% error-ratio: 9.828330e-01
#              +---------------------------------------------------+
#              |012345678901234567890123456789012345678901234567890|
#              +---------------------------------------------------+
# Scale:       |.1234567890abcdefghijklmnopqrstuvwxyzãäåêëîïðñôõöûü|
#              |üÿABCDEFGHIJKLMNOPQRSTUVWXYZÂÃÄÅÊËÑÔÕÖÛÜÝø¤*©®¶&%@#|
#              +---------------------------------------------------+
#              |pct diff from 50%: abs((0.5-(changed/reps))*2) *100|
#              +----------------------------------------------------------------+
#              |0         1         2         3         4         5         6   |
#              |0123456789012345678901234567890123456789012345678901234567890123|
#              +----------------------------------------------------------------+
# seed     0.0 |................................................................| x 64
# key      0.0 |................................................................| x 21
# key     21.0 |........1..........1............................................|
# key     22.0 |................................................................| x 18
#              +----------------------------------------------------------------+
#              +---------------------------------------------------+
#              |012345678901234567890123456789012345678901234567890|
#              +---------------------------------------------------+
# Scale:       |.1234567890abcdefghijklmnopqrstuvwxyzãäåêëîïðñôõöûü|
#              |üÿABCDEFGHIJKLMNOPQRSTUVWXYZÂÃÄÅÊËÑÔÕÖÛÜÝø¤*©®¶&%@#|
#              +---------------------------------------------------+
#              |scaled p-value above confidence level (zero is ok) |
#              +----------------------------------------------------------------+
#              |0         1         2         3         4         5         6   |
#              |0123456789012345678901234567890123456789012345678901234567890123|
#              +----------------------------------------------------------------+
# seed     0.0 |................................................................| x 64
# key      0.0 |................................................................| x 40
#              +----------------------------------------------------------------+
# 0 of 6656 bits failed (0.00%) failed at 99.999943 confidence
#     g-test: 0.000000%
#     sum-error-square: 0.00050321
#     hash bit-level errors: 6/64
#     - hash bit 6 gtest-prob not-random: 100.0000 (26020594/25979406)
#     - hash bit 21 gtest-prob not-random: 100.0000 (26023100/25976900)
#     - hash bit 37 gtest-prob not-random: 100.0000 (25972624/26027376)
#     - with 3 more hash bit errors not described above.
not ok 22 - Strict Avalanche Criteria - 40 bit keys
# Testing  48-bit keys.......... not ok! # worst-bit:   0.516% error-ratio: 1.014742e+00
#              +---------------------------------------------------+
#              |012345678901234567890123456789012345678901234567890|
#              +---------------------------------------------------+
# Scale:       |.1234567890abcdefghijklmnopqrstuvwxyzãäåêëîïðñôõöûü|
#              |üÿABCDEFGHIJKLMNOPQRSTUVWXYZÂÃÄÅÊËÑÔÕÖÛÜÝø¤*©®¶&%@#|
#              +---------------------------------------------------+
#              |pct diff from 50%: abs((0.5-(changed/reps))*2) *100|
#              +----------------------------------------------------------------+
#              |0         1         2         3         4         5         6   |
#              |0123456789012345678901234567890123456789012345678901234567890123|
#              +----------------------------------------------------------------+
# seed     0.0 |................................................................| x 7
# seed     7.0 |........................1.......................................|
# seed     8.0 |................................................................| x 8
# seed    16.0 |.......................................1........................|
# seed    17.0 |................................................................|
# seed    18.0 |...................................1............................|
# seed    19.0 |................................................................| x 45
# key      0.0 |................................................................| x 9
# key      9.0 |...............................1................................|
# key     10.0 |................................................................| x 38
#              +----------------------------------------------------------------+
#              +---------------------------------------------------+
#              |012345678901234567890123456789012345678901234567890|
#              +---------------------------------------------------+
# Scale:       |.1234567890abcdefghijklmnopqrstuvwxyzãäåêëîïðñôõöûü|
#              |üÿABCDEFGHIJKLMNOPQRSTUVWXYZÂÃÄÅÊËÑÔÕÖÛÜÝø¤*©®¶&%@#|
#              +---------------------------------------------------+
#              |scaled p-value above confidence level (zero is ok) |
#              +----------------------------------------------------------------+
#              |0         1         2         3         4         5         6   |
#              |0123456789012345678901234567890123456789012345678901234567890123|
#              +----------------------------------------------------------------+
# seed     0.0 |................................................................| x 64
# key      0.0 |................................................................| x 48
#              +----------------------------------------------------------------+
# 0 of 7168 bits failed (0.00%) failed at 99.999943 confidence
#     g-test: 0.000000%
#     sum-error-square: 0.00051955
#     hash bit-level errors: 9/64
#     - hash bit 1 gtest-prob not-random: 100.0000 (28022620/27977380)
#     - hash bit 19 gtest-prob not-random: 100.0000 (28029502/27970498)
#     - hash bit 24 gtest-prob not-random: 100.0000 (28021274/27978726)
#     - with 6 more hash bit errors not described above.
not ok 23 - Strict Avalanche Criteria - 48 bit keys
# Testing  56-bit keys.......... not ok! # worst-bit:   0.586% error-ratio: 9.373667e-01
#              +---------------------------------------------------+
#              |012345678901234567890123456789012345678901234567890|
#              +---------------------------------------------------+
# Scale:       |.1234567890abcdefghijklmnopqrstuvwxyzãäåêëîïðñôõöûü|
#              |üÿABCDEFGHIJKLMNOPQRSTUVWXYZÂÃÄÅÊËÑÔÕÖÛÜÝø¤*©®¶&%@#|
#              +---------------------------------------------------+
#              |pct diff from 50%: abs((0.5-(changed/reps))*2) *100|
#              +----------------------------------------------------------------+
#              |0         1         2         3         4         5         6   |
#              |0123456789012345678901234567890123456789012345678901234567890123|
#              +----------------------------------------------------------------+
# seed     0.0 |................................................................| x 64
# key      0.0 |................................................................| x 37
# key     37.0 |.................................................1.............1|
# key     38.0 |................................................................| x 5
# key     43.0 |..............1.................................................|
# key     44.0 |................................................................| x 12
#              +----------------------------------------------------------------+
#              +---------------------------------------------------+
#              |012345678901234567890123456789012345678901234567890|
#              +---------------------------------------------------+
# Scale:       |.1234567890abcdefghijklmnopqrstuvwxyzãäåêëîïðñôõöûü|
#              |üÿABCDEFGHIJKLMNOPQRSTUVWXYZÂÃÄÅÊËÑÔÕÖÛÜÝø¤*©®¶&%@#|
#              +---------------------------------------------------+
#              |scaled p-value above confidence level (zero is ok) |
#              +----------------------------------------------------------------+
#              |0         1         2         3         4         5         6   |
#              |0123456789012345678901234567890123456789012345678901234567890123|
#              +----------------------------------------------------------------+
# seed     0.0 |................................................................| x 64
# key      0.0 |................................................................| x 56
#              +----------------------------------------------------------------+
# 0 of 7680 bits failed (0.00%) failed at 99.999943 confidence
#     g-test: 0.000000%
#     sum-error-square: 0.00047993
#     hash bit-level errors: 6/64
#     - hash bit 3 gtest-prob not-random: 100.0000 (30024139/29975861)
#     - hash bit 22 gtest-prob not-random: 100.0000 (30022773/29977227)
#     - hash bit 23 gtest-prob not-random: 100.0000 (30019892/29980108)
#     - with 3 more hash bit errors not described above.
not ok 24 - Strict Avalanche Criteria - 56 bit keys
# Testing  64-bit keys.......... not ok! # worst-bit:   0.552% error-ratio: 1.015770e+00
#              +---------------------------------------------------+
#              |012345678901234567890123456789012345678901234567890|
#              +---------------------------------------------------+
# Scale:       |.1234567890abcdefghijklmnopqrstuvwxyzãäåêëîïðñôõöûü|
#              |üÿABCDEFGHIJKLMNOPQRSTUVWXYZÂÃÄÅÊËÑÔÕÖÛÜÝø¤*©®¶&%@#|
#              +---------------------------------------------------+
#              |pct diff from 50%: abs((0.5-(changed/reps))*2) *100|
#              +----------------------------------------------------------------+
#              |0         1         2         3         4         5         6   |
#              |0123456789012345678901234567890123456789012345678901234567890123|
#              +----------------------------------------------------------------+
# seed     0.0 |................................................................| x 13
# seed    13.0 |........................1.......................................|
# seed    14.0 |................................................................| x 50
# key      0.0 |................................................................| x 21
# key     21.0 |.......................................1........................|
# key     22.0 |................................................................| x 8
# key     30.0 |.................................1..............................|
# key     31.0 |................................................................| x 26
# key     57.0 |...................1............................................|
# key     58.0 |................................................................| x 6
#              +----------------------------------------------------------------+
#              +---------------------------------------------------+
#              |012345678901234567890123456789012345678901234567890|
#              +---------------------------------------------------+
# Scale:       |.1234567890abcdefghijklmnopqrstuvwxyzãäåêëîïðñôõöûü|
#              |üÿABCDEFGHIJKLMNOPQRSTUVWXYZÂÃÄÅÊËÑÔÕÖÛÜÝø¤*©®¶&%@#|
#              +---------------------------------------------------+
#              |scaled p-value above confidence level (zero is ok) |
#              +----------------------------------------------------------------+
#              |0         1         2         3         4         5         6   |
#              |0123456789012345678901234567890123456789012345678901234567890123|
#              +----------------------------------------------------------------+
# seed     0.0 |................................................................| x 64
# key      0.0 |................................................................| x 64
#              +----------------------------------------------------------------+
# 0 of 8192 bits failed (0.00%) failed at 99.999943 confidence
#     g-test: 0.000000%
#     sum-error-square: 0.00052007
#     hash bit-level errors: 9/64
#     - hash bit 1 gtest-prob not-random: 100.0000 (31973318/32026682)
#     - hash bit 10 gtest-prob not-random: 100.0000 (31975675/32024325)
#     - hash bit 18 gtest-prob not-random: 100.0000 (32022893/31977107)
#     - with 6 more hash bit errors not described above.
not ok 25 - Strict Avalanche Criteria - 64 bit keys
# Testing  72-bit keys.......... not ok! # worst-bit:   0.653% error-ratio: 1.033787e+00
#              +---------------------------------------------------+
#              |012345678901234567890123456789012345678901234567890|
#              +---------------------------------------------------+
# Scale:       |.1234567890abcdefghijklmnopqrstuvwxyzãäåêëîïðñôõöûü|
#              |üÿABCDEFGHIJKLMNOPQRSTUVWXYZÂÃÄÅÊËÑÔÕÖÛÜÝø¤*©®¶&%@#|
#              +---------------------------------------------------+
#              |pct diff from 50%: abs((0.5-(changed/reps))*2) *100|
#              +----------------------------------------------------------------+
#              |0         1         2         3         4         5         6   |
#              |0123456789012345678901234567890123456789012345678901234567890123|
#              +----------------------------------------------------------------+
# seed     0.0 |................................................................| x 8
# seed     8.0 |.............1..................................................|
# seed     9.0 |................................................................| x 55
# key      0.0 |................................................................| x 45
# key     45.0 |......1.........................................................|
# key     46.0 |................................................................| x 10
# key     56.0 |..............1.................................................|
# key     57.0 |................................................................| x 10
# key     67.0 |..................1.............................................|
# key     68.0 |................................................................| x 4
#              +----------------------------------------------------------------+
#              +---------------------------------------------------+
#              |012345678901234567890123456789012345678901234567890|
#              +---------------------------------------------------+
# Scale:       |.1234567890abcdefghijklmnopqrstuvwxyzãäåêëîïðñôõöûü|
#              |üÿABCDEFGHIJKLMNOPQRSTUVWXYZÂÃÄÅÊËÑÔÕÖÛÜÝø¤*©®¶&%@#|
#              +---------------------------------------------------+
#              |scaled p-value above confidence level (zero is ok) |
#              +----------------------------------------------------------------+
#              |0         1         2         3         4         5         6   |
#              |0123456789012345678901234567890123456789012345678901234567890123|
#              +----------------------------------------------------------------+
# seed     0.0 |................................................................| x 64
# key      0.0 |................................................................| x 72
#              +----------------------------------------------------------------+
# 0 of 8704 bits failed (0.00%) failed at 99.999943 confidence
#     g-test: 0.000000%
#     sum-error-square: 0.00052930
#     hash bit-level errors: 7/64
#     - hash bit 1 gtest-prob not-random: 100.0000 (34031397/33968603)
#     - hash bit 16 gtest-prob not-random: 100.0000 (33976920/34023080)
#     - hash bit 20 gtest-prob not-random: 100.0000 (33978459/34021541)
#     - with 4 more hash bit errors not described above.
not ok 26 - Strict Avalanche Criteria - 72 bit keys
# Testing  80-bit keys.......... not ok! # worst-bit:   0.638% error-ratio: 1.004524e+00
#              +---------------------------------------------------+
#              |012345678901234567890123456789012345678901234567890|
#              +---------------------------------------------------+
# Scale:       |.1234567890abcdefghijklmnopqrstuvwxyzãäåêëîïðñôõöûü|
#              |üÿABCDEFGHIJKLMNOPQRSTUVWXYZÂÃÄÅÊËÑÔÕÖÛÜÝø¤*©®¶&%@#|
#              +---------------------------------------------------+
#              |pct diff from 50%: abs((0.5-(changed/reps))*2) *100|
#              +----------------------------------------------------------------+
#              |0         1         2         3         4         5         6   |
#              |0123456789012345678901234567890123456789012345678901234567890123|
#              +----------------------------------------------------------------+
# seed     0.0 |................................................................| x 14
# seed    14.0 |.........................................1......................|
# seed    15.0 |................................................................| x 49
# key      0.0 |................................................................| x 42
# key     42.0 |..........................................1.....................|
# key     43.0 |................................................................| x 37
#              +----------------------------------------------------------------+
#              +---------------------------------------------------+
#              |012345678901234567890123456789012345678901234567890|
#              +---------------------------------------------------+
# Scale:       |.1234567890abcdefghijklmnopqrstuvwxyzãäåêëîïðñôõöûü|
#              |üÿABCDEFGHIJKLMNOPQRSTUVWXYZÂÃÄÅÊËÑÔÕÖÛÜÝø¤*©®¶&%@#|
#              +---------------------------------------------------+
#              |scaled p-value above confidence level (zero is ok) |
#              +----------------------------------------------------------------+
#              |0         1         2         3         4         5         6   |
#              |0123456789012345678901234567890123456789012345678901234567890123|
#              +----------------------------------------------------------------+
# seed     0.0 |................................................................| x 64
# key      0.0 |................................................................| x 80
#              +----------------------------------------------------------------+
# 0 of 9216 bits failed (0.00%) failed at 99.999943 confidence
#     g-test: 0.000000%
#     sum-error-square: 0.00051432
#     hash bit-level errors: 6/64
#     - hash bit 15 gtest-prob not-random: 100.0000 (35974268/36025732)
#     - hash bit 27 gtest-prob not-random: 100.0000 (36022833/35977167)
#     - hash bit 29 gtest-prob not-random: 100.0000 (35962821/36037179)
#     - with 3 more hash bit errors not described above.
not ok 27 - Strict Avalanche Criteria - 80 bit keys
# Testing  88-bit keys.......... not ok! # worst-bit:   0.623% error-ratio: 1.090255e+00
#              +---------------------------------------------------+
#              |012345678901234567890123456789012345678901234567890|
#              +---------------------------------------------------+
# Scale:       |.1234567890abcdefghijklmnopqrstuvwxyzãäåêëîïðñôõöûü|
#              |üÿABCDEFGHIJKLMNOPQRSTUVWXYZÂÃÄÅÊËÑÔÕÖÛÜÝø¤*©®¶&%@#|
#              +---------------------------------------------------+
#              |pct diff from 50%: abs((0.5-(changed/reps))*2) *100|
#              +----------------------------------------------------------------+
#              |0         1         2         3         4         5         6   |
#              |0123456789012345678901234567890123456789012345678901234567890123|
#              +----------------------------------------------------------------+
# seed     0.0 |...............................................................1|
# seed     1.0 |................................................................| x 22
# seed    23.0 |............................................................1...|
# seed    24.0 |................................................................| x 4
# seed    28.0 |...................1............................................|
# seed    29.0 |................................................................| x 35
# key      0.0 |................................................................| x 73
# key     73.0 |.......1...............................1........................|
# key     74.0 |................................................................| x 14
#              +----------------------------------------------------------------+
#              +---------------------------------------------------+
#              |012345678901234567890123456789012345678901234567890|
#              +---------------------------------------------------+
# Scale:       |.1234567890abcdefghijklmnopqrstuvwxyzãäåêëîïðñôõöûü|
#              |üÿABCDEFGHIJKLMNOPQRSTUVWXYZÂÃÄÅÊËÑÔÕÖÛÜÝø¤*©®¶&%@#|
#              +---------------------------------------------------+
#              |scaled p-value above confidence level (zero is ok) |
#              +----------------------------------------------------------------+
#              |0         1         2         3         4         5         6   |
#              |0123456789012345678901234567890123456789012345678901234567890123|
#              +----------------------------------------------------------------+
# seed     0.0 |................................................................| x 64
# key      0.0 |................................................................| x 88
#              +----------------------------------------------------------------+
# 0 of 9728 bits failed (0.00%) failed at 99.999943 confidence
#     g-test: 0.000000%
#     sum-error-square: 0.00055821
#     hash bit-level errors: 9/64
#     - hash bit 2 gtest-prob not-random: 100.0000 (38022922/37977078)
#     - hash bit 8 gtest-prob not-random: 100.0000 (38032716/37967284)
#     - hash bit 11 gtest-prob not-random: 100.0000 (37968847/38031153)
#     - with 6 more hash bit errors not described above.
not ok 28 - Strict Avalanche Criteria - 88 bit keys
# Testing  96-bit keys.......... not ok! # worst-bit:   0.516% error-ratio: 9.653609e-01
#              +---------------------------------------------------+
#              |012345678901234567890123456789012345678901234567890|
#              +---------------------------------------------------+
# Scale:       |.1234567890abcdefghijklmnopqrstuvwxyzãäåêëîïðñôõöûü|
#              |üÿABCDEFGHIJKLMNOPQRSTUVWXYZÂÃÄÅÊËÑÔÕÖÛÜÝø¤*©®¶&%@#|
#              +---------------------------------------------------+
#              |pct diff from 50%: abs((0.5-(changed/reps))*2) *100|
#              +----------------------------------------------------------------+
#              |0         1         2         3         4         5         6   |
#              |0123456789012345678901234567890123456789012345678901234567890123|
#              +----------------------------------------------------------------+
# seed     0.0 |................................................................| x 19
# seed    19.0 |.....................................................1..........|
# seed    20.0 |................................................................| x 44
# key      0.0 |................................................................| x 52
# key     52.0 |...........1....................................................|
# key     53.0 |................................................................| x 43
#              +----------------------------------------------------------------+
#              +---------------------------------------------------+
#              |012345678901234567890123456789012345678901234567890|
#              +---------------------------------------------------+
# Scale:       |.1234567890abcdefghijklmnopqrstuvwxyzãäåêëîïðñôõöûü|
#              |üÿABCDEFGHIJKLMNOPQRSTUVWXYZÂÃÄÅÊËÑÔÕÖÛÜÝø¤*©®¶&%@#|
#              +---------------------------------------------------+
#              |scaled p-value above confidence level (zero is ok) |
#              +----------------------------------------------------------------+
#              |0         1         2         3         4         5         6   |
#              |0123456789012345678901234567890123456789012345678901234567890123|
#              +----------------------------------------------------------------+
# seed     0.0 |................................................................| x 64
# key      0.0 |................................................................| x 96
#              +----------------------------------------------------------------+
# 0 of 10240 bits failed (0.00%) failed at 99.999943 confidence
#     g-test: 0.000000%
#     sum-error-square: 0.00049426
#     hash bit-level errors: 3/64
#     - hash bit 0 gtest-prob not-random: 100.0000 (40025984/39974016)
#     - hash bit 5 gtest-prob not-random: 100.0000 (40028389/39971611)
#     - hash bit 23 gtest-prob not-random: 100.0000 (40026585/39973415)
not ok 29 - Strict Avalanche Criteria - 96 bit keys
# Testing 104-bit keys.......... not ok! # worst-bit:   0.578% error-ratio: 1.006374e+00
#              +---------------------------------------------------+
#              |012345678901234567890123456789012345678901234567890|
#              +---------------------------------------------------+
# Scale:       |.1234567890abcdefghijklmnopqrstuvwxyzãäåêëîïðñôõöûü|
#              |üÿABCDEFGHIJKLMNOPQRSTUVWXYZÂÃÄÅÊËÑÔÕÖÛÜÝø¤*©®¶&%@#|
#              +---------------------------------------------------+
#              |pct diff from 50%: abs((0.5-(changed/reps))*2) *100|
#              +----------------------------------------------------------------+
#              |0         1         2         3         4         5         6   |
#              |0123456789012345678901234567890123456789012345678901234567890123|
#              +----------------------------------------------------------------+
# seed     0.0 |................................................................| x 11
# seed    11.0 |...................1............................................|
# seed    12.0 |................................................................| x 52
# key      0.0 |................................................................| x 12
# key     12.0 |.......................1........................................|
# key     13.0 |................................................................| x 3
# key     16.0 |..............................................1.................|
# key     17.0 |................................................................| x 46
# key     63.0 |....1...........................................................|
# key     64.0 |................................................................| x 27
# key     91.0 |..........................1.....................................|
# key     92.0 |................................................................| x 12
#              +----------------------------------------------------------------+
#              +---------------------------------------------------+
#              |012345678901234567890123456789012345678901234567890|
#              +---------------------------------------------------+
# Scale:       |.1234567890abcdefghijklmnopqrstuvwxyzãäåêëîïðñôõöûü|
#              |üÿABCDEFGHIJKLMNOPQRSTUVWXYZÂÃÄÅÊËÑÔÕÖÛÜÝø¤*©®¶&%@#|
#              +---------------------------------------------------+
#              |scaled p-value above confidence level (zero is ok) |
#              +----------------------------------------------------------------+
#              |0         1         2         3         4         5         6   |
#              |0123456789012345678901234567890123456789012345678901234567890123|
#              +----------------------------------------------------------------+
# seed     0.0 |................................................................| x 64
# key      0.0 |................................................................| x 104
#              +----------------------------------------------------------------+
# 0 of 10752 bits failed (0.00%) failed at 99.999943 confidence
#     g-test: 0.000000%
#     sum-error-square: 0.00051526
#     hash bit-level errors: 4/64
#     - hash bit 15 gtest-prob not-random: 100.0000 (41971455/42028545)
#     - hash bit 31 gtest-prob not-random: 100.0000 (41968514/42031486)
#     - hash bit 34 gtest-prob not-random: 100.0000 (41972780/42027220)
#     - with 1 more hash bit errors not described above.
not ok 30 - Strict Avalanche Criteria - 104 bit keys
# Testing 112-bit keys.......... not ok! # worst-bit:   0.534% error-ratio: 9.273162e-01
#              +---------------------------------------------------+
#              |012345678901234567890123456789012345678901234567890|
#              +---------------------------------------------------+
# Scale:       |.1234567890abcdefghijklmnopqrstuvwxyzãäåêëîïðñôõöûü|
#              |üÿABCDEFGHIJKLMNOPQRSTUVWXYZÂÃÄÅÊËÑÔÕÖÛÜÝø¤*©®¶&%@#|
#              +---------------------------------------------------+
#              |pct diff from 50%: abs((0.5-(changed/reps))*2) *100|
#              +----------------------------------------------------------------+
#              |0         1         2         3         4         5         6   |
#              |0123456789012345678901234567890123456789012345678901234567890123|
#              +----------------------------------------------------------------+
# seed     0.0 |................................................................| x 64
# key      0.0 |................................................................| x 49
# key     49.0 |..........................................1.....................|
# key     50.0 |................................................................| x 8
# key     58.0 |..................................1.............................|
# key     59.0 |................................................................| x 53
#              +----------------------------------------------------------------+
#              +---------------------------------------------------+
#              |012345678901234567890123456789012345678901234567890|
#              +---------------------------------------------------+
# Scale:       |.1234567890abcdefghijklmnopqrstuvwxyzãäåêëîïðñôõöûü|
#              |üÿABCDEFGHIJKLMNOPQRSTUVWXYZÂÃÄÅÊËÑÔÕÖÛÜÝø¤*©®¶&%@#|
#              +---------------------------------------------------+
#              |scaled p-value above confidence level (zero is ok) |
#              +----------------------------------------------------------------+
#              |0         1         2         3         4         5         6   |
#              |0123456789012345678901234567890123456789012345678901234567890123|
#              +----------------------------------------------------------------+
# seed     0.0 |................................................................| x 64
# key      0.0 |................................................................| x 112
#              +----------------------------------------------------------------+
# 0 of 11264 bits failed (0.00%) failed at 99.999943 confidence
#     g-test: 0.000000%
#     sum-error-square: 0.00047479
#     hash bit-level errors: 1/64
#     - hash bit 14 gtest-prob not-random: 100.0000 (44029965/43970035)
not ok 31 - Strict Avalanche Criteria - 112 bit keys
# Testing 120-bit keys.......... not ok! # worst-bit:   0.536% error-ratio: 9.585311e-01
#              +---------------------------------------------------+
#              |012345678901234567890123456789012345678901234567890|
#              +---------------------------------------------------+
# Scale:       |.1234567890abcdefghijklmnopqrstuvwxyzãäåêëîïðñôõöûü|
#              |üÿABCDEFGHIJKLMNOPQRSTUVWXYZÂÃÄÅÊËÑÔÕÖÛÜÝø¤*©®¶&%@#|
#              +---------------------------------------------------+
#              |pct diff from 50%: abs((0.5-(changed/reps))*2) *100|
#              +----------------------------------------------------------------+
#              |0         1         2         3         4         5         6   |
#              |0123456789012345678901234567890123456789012345678901234567890123|
#              +----------------------------------------------------------------+
# seed     0.0 |................................................................| x 64
# key      0.0 |................................................................| x 45
# key     45.0 |....................1...........................................|
# key     46.0 |................................................................| x 74
#              +----------------------------------------------------------------+
#              +---------------------------------------------------+
#              |012345678901234567890123456789012345678901234567890|
#              +---------------------------------------------------+
# Scale:       |.1234567890abcdefghijklmnopqrstuvwxyzãäåêëîïðñôõöûü|
#              |üÿABCDEFGHIJKLMNOPQRSTUVWXYZÂÃÄÅÊËÑÔÕÖÛÜÝø¤*©®¶&%@#|
#              +---------------------------------------------------+
#              |scaled p-value above confidence level (zero is ok) |
#              +----------------------------------------------------------------+
#              |0         1         2         3         4         5         6   |
#              |0123456789012345678901234567890123456789012345678901234567890123|
#              +----------------------------------------------------------------+
# seed     0.0 |................................................................| x 64
# key      0.0 |................................................................| x 120
#              +----------------------------------------------------------------+
# 0 of 11776 bits failed (0.00%) failed at 99.999943 confidence
#     g-test: 0.000000%
#     sum-error-square: 0.00049077
#     hash bit-level errors: 3/64
#     - hash bit 26 gtest-prob not-random: 100.0000 (46024919/45975081)
#     - hash bit 52 gtest-prob not-random: 100.0000 (45970756/46029244)
#     - hash bit 61 gtest-prob not-random: 100.0000 (46027903/45972097)
not ok 32 - Strict Avalanche Criteria - 120 bit keys
# Testing 128-bit keys.......... not ok! # worst-bit:   0.550% error-ratio: 1.003346e+00
#              +---------------------------------------------------+
#              |012345678901234567890123456789012345678901234567890|
#              +---------------------------------------------------+
# Scale:       |.1234567890abcdefghijklmnopqrstuvwxyzãäåêëîïðñôõöûü|
#              |üÿABCDEFGHIJKLMNOPQRSTUVWXYZÂÃÄÅÊËÑÔÕÖÛÜÝø¤*©®¶&%@#|
#              +---------------------------------------------------+
#              |pct diff from 50%: abs((0.5-(changed/reps))*2) *100|
#              +----------------------------------------------------------------+
#              |0         1         2         3         4         5         6   |
#              |0123456789012345678901234567890123456789012345678901234567890123|
#              +----------------------------------------------------------------+
# seed     0.0 |................................................................| x 22
# seed    22.0 |.............................1..................................|
# seed    23.0 |................................................................| x 41
# key      0.0 |................................................................| x 104
# key    104.0 |...............................1................................|
# key    105.0 |................................................................| x 16
# key    121.0 |..............................1.................................|
# key    122.0 |................................................................| x 5
# key    127.0 |...1............................................................|
#              +----------------------------------------------------------------+
#              +---------------------------------------------------+
#              |012345678901234567890123456789012345678901234567890|
#              +---------------------------------------------------+
# Scale:       |.1234567890abcdefghijklmnopqrstuvwxyzãäåêëîïðñôõöûü|
#              |üÿABCDEFGHIJKLMNOPQRSTUVWXYZÂÃÄÅÊËÑÔÕÖÛÜÝø¤*©®¶&%@#|
#              +---------------------------------------------------+
#              |scaled p-value above confidence level (zero is ok) |
#              +----------------------------------------------------------------+
#              |0         1         2         3         4         5         6   |
#              |0123456789012345678901234567890123456789012345678901234567890123|
#              +----------------------------------------------------------------+
# seed     0.0 |................................................................| x 64
# key      0.0 |................................................................| x 128
#              +----------------------------------------------------------------+
# 0 of 12288 bits failed (0.00%) failed at 99.999943 confidence
#     g-test: 0.000000%
#     sum-error-square: 0.00051371
#     hash bit-level errors: 1/64
#     - hash bit 5 gtest-prob not-random: 100.0000 (48029670/47970330)
not ok 33 - Strict Avalanche Criteria - 128 bit keys
# Testing 136-bit keys.......... not ok! # worst-bit:   0.548% error-ratio: 1.022075e+00
#              +---------------------------------------------------+
#              |012345678901234567890123456789012345678901234567890|
#              +---------------------------------------------------+
# Scale:       |.1234567890abcdefghijklmnopqrstuvwxyzãäåêëîïðñôõöûü|
#              |üÿABCDEFGHIJKLMNOPQRSTUVWXYZÂÃÄÅÊËÑÔÕÖÛÜÝø¤*©®¶&%@#|
#              +---------------------------------------------------+
#              |pct diff from 50%: abs((0.5-(changed/reps))*2) *100|
#              +----------------------------------------------------------------+
#              |0         1         2         3         4         5         6   |
#              |0123456789012345678901234567890123456789012345678901234567890123|
#              +----------------------------------------------------------------+
# seed     0.0 |................................................................| x 31
# seed    31.0 |......................................................1.........|
# seed    32.0 |................................................................| x 32
# key      0.0 |................................................................| x 90
# key     90.0 |.....................................................1..........|
# key     91.0 |................................................................| x 45
#              +----------------------------------------------------------------+
#              +---------------------------------------------------+
#              |012345678901234567890123456789012345678901234567890|
#              +---------------------------------------------------+
# Scale:       |.1234567890abcdefghijklmnopqrstuvwxyzãäåêëîïðñôõöûü|
#              |üÿABCDEFGHIJKLMNOPQRSTUVWXYZÂÃÄÅÊËÑÔÕÖÛÜÝø¤*©®¶&%@#|
#              +---------------------------------------------------+
#              |scaled p-value above confidence level (zero is ok) |
#              +----------------------------------------------------------------+
#              |0         1         2         3         4         5         6   |
#              |0123456789012345678901234567890123456789012345678901234567890123|
#              +----------------------------------------------------------------+
# seed     0.0 |................................................................| x 64
# key      0.0 |................................................................| x 136
#              +----------------------------------------------------------------+
# 0 of 12800 bits failed (0.00%) failed at 99.999943 confidence
#     g-test: 0.000000%
#     sum-error-square: 0.00052330
#     hash bit-level errors: 3/64
#     - hash bit 0 gtest-prob not-random: 100.0000 (49973815/50026185)
#     - hash bit 22 gtest-prob not-random: 100.0000 (49973156/50026844)
#     - hash bit 46 gtest-prob not-random: 100.0000 (50032260/49967740)
not ok 34 - Strict Avalanche Criteria - 136 bit keys
# Testing 144-bit keys.......... not ok! # worst-bit:   0.538% error-ratio: 9.628954e-01
#              +---------------------------------------------------+
#              |012345678901234567890123456789012345678901234567890|
#              +---------------------------------------------------+
# Scale:       |.1234567890abcdefghijklmnopqrstuvwxyzãäåêëîïðñôõöûü|
#              |üÿABCDEFGHIJKLMNOPQRSTUVWXYZÂÃÄÅÊËÑÔÕÖÛÜÝø¤*©®¶&%@#|
#              +---------------------------------------------------+
#              |pct diff from 50%: abs((0.5-(changed/reps))*2) *100|
#              +----------------------------------------------------------------+
#              |0         1         2         3         4         5         6   |
#              |0123456789012345678901234567890123456789012345678901234567890123|
#              +----------------------------------------------------------------+
# seed     0.0 |................................................................| x 11
# seed    11.0 |........................................................1.......|
# seed    12.0 |................................................................| x 52
# key      0.0 |................................................................| x 93
# key     93.0 |......................................1.........................|
# key     94.0 |................................................................| x 11
# key    105.0 |.....................1..........................................|
# key    106.0 |................................................................| x 34
# key    140.0 |....................................1...........................|
# key    141.0 |................................................................| x 3
#              +----------------------------------------------------------------+
#              +---------------------------------------------------+
#              |012345678901234567890123456789012345678901234567890|
#              +---------------------------------------------------+
# Scale:       |.1234567890abcdefghijklmnopqrstuvwxyzãäåêëîïðñôõöûü|
#              |üÿABCDEFGHIJKLMNOPQRSTUVWXYZÂÃÄÅÊËÑÔÕÖÛÜÝø¤*©®¶&%@#|
#              +---------------------------------------------------+
#              |scaled p-value above confidence level (zero is ok) |
#              +----------------------------------------------------------------+
#              |0         1         2         3         4         5         6   |
#              |0123456789012345678901234567890123456789012345678901234567890123|
#              +----------------------------------------------------------------+
# seed     0.0 |................................................................| x 64
# key      0.0 |................................................................| x 144
#              +----------------------------------------------------------------+
# 0 of 13312 bits failed (0.00%) failed at 99.999943 confidence
#     g-test: 0.000000%
#     sum-error-square: 0.00049300
#     hash bit-level errors: 4/64
#     - hash bit 4 gtest-prob not-random: 100.0000 (51971452/52028548)
#     - hash bit 24 gtest-prob not-random: 100.0000 (51972418/52027582)
#     - hash bit 27 gtest-prob not-random: 100.0000 (52029792/51970208)
#     - with 1 more hash bit errors not described above.
not ok 35 - Strict Avalanche Criteria - 144 bit keys
# Testing 152-bit keys.......... not ok! # worst-bit:   0.572% error-ratio: 1.091637e+00
#              +---------------------------------------------------+
#              |012345678901234567890123456789012345678901234567890|
#              +---------------------------------------------------+
# Scale:       |.1234567890abcdefghijklmnopqrstuvwxyzãäåêëîïðñôõöûü|
#              |üÿABCDEFGHIJKLMNOPQRSTUVWXYZÂÃÄÅÊËÑÔÕÖÛÜÝø¤*©®¶&%@#|
#              +---------------------------------------------------+
#              |pct diff from 50%: abs((0.5-(changed/reps))*2) *100|
#              +----------------------------------------------------------------+
#              |0         1         2         3         4         5         6   |
#              |0123456789012345678901234567890123456789012345678901234567890123|
#              +----------------------------------------------------------------+
# seed     0.0 |................................................................| x 12
# seed    12.0 |..............................................................1.|
# seed    13.0 |................................................................| x 51
# key      0.0 |................................................................| x 24
# key     24.0 |..................................................1.............|
# key     25.0 |................................................................| x 26
# key     51.0 |.................1..............................................|
# key     52.0 |................................................................| x 18
# key     70.0 |.......................................11.......................|
# key     71.0 |................................................................| x 43
# key    114.0 |...................................1............................|
# key    115.0 |................................................................| x 37
#              +----------------------------------------------------------------+
#              +---------------------------------------------------+
#              |012345678901234567890123456789012345678901234567890|
#              +---------------------------------------------------+
# Scale:       |.1234567890abcdefghijklmnopqrstuvwxyzãäåêëîïðñôõöûü|
#              |üÿABCDEFGHIJKLMNOPQRSTUVWXYZÂÃÄÅÊËÑÔÕÖÛÜÝø¤*©®¶&%@#|
#              +---------------------------------------------------+
#              |scaled p-value above confidence level (zero is ok) |
#              +----------------------------------------------------------------+
#              |0         1         2         3         4         5         6   |
#              |0123456789012345678901234567890123456789012345678901234567890123|
#              +----------------------------------------------------------------+
# seed     0.0 |................................................................| x 64
# key      0.0 |................................................................| x 152
#              +----------------------------------------------------------------+
# 0 of 13824 bits failed (0.00%) failed at 99.999943 confidence
#     g-test: 0.000000%
#     sum-error-square: 0.00055892
#     hash bit-level errors: 4/64
#     - hash bit 8 gtest-prob not-random: 100.0000 (54028817/53971183)
#     - hash bit 24 gtest-prob not-random: 100.0000 (54036178/53963822)
#     - hash bit 55 gtest-prob not-random: 100.0000 (54034273/53965727)
#     - with 1 more hash bit errors not described above.
not ok 36 - Strict Avalanche Criteria - 152 bit keys
# Testing 152-bit keys.......... not ok! # worst-bit:   0.528% error-ratio: 1.004141e+00
#              +---------------------------------------------------+
#              |012345678901234567890123456789012345678901234567890|
#              +---------------------------------------------------+
# Scale:       |.1234567890abcdefghijklmnopqrstuvwxyzãäåêëîïðñôõöûü|
#              |üÿABCDEFGHIJKLMNOPQRSTUVWXYZÂÃÄÅÊËÑÔÕÖÛÜÝø¤*©®¶&%@#|
#              +---------------------------------------------------+
#              |pct diff from 50%: abs((0.5-(changed/reps))*2) *100|
#              +----------------------------------------------------------------+
#              |0         1         2         3         4         5         6   |
#              |0123456789012345678901234567890123456789012345678901234567890123|
#              +----------------------------------------------------------------+
# seed     0.0 |................................................................| x 24
# seed    24.0 |.............1..................................................|
# seed    25.0 |................................................................| x 39
# key      0.0 |................................................................| x 88
# key     88.0 |...............................................1................|
# key     89.0 |................................................................| x 28
# key    117.0 |..................1.............................................|
# key    118.0 |................................................................| x 34
#              +----------------------------------------------------------------+
#              +---------------------------------------------------+
#              |012345678901234567890123456789012345678901234567890|
#              +---------------------------------------------------+
# Scale:       |.1234567890abcdefghijklmnopqrstuvwxyzãäåêëîïðñôõöûü|
#              |üÿABCDEFGHIJKLMNOPQRSTUVWXYZÂÃÄÅÊËÑÔÕÖÛÜÝø¤*©®¶&%@#|
#              +---------------------------------------------------+
#              |scaled p-value above confidence level (zero is ok) |
#              +----------------------------------------------------------------+
#              |0         1         2         3         4         5         6   |
#              |0123456789012345678901234567890123456789012345678901234567890123|
#              +----------------------------------------------------------------+
# seed     0.0 |................................................................| x 64
# key      0.0 |................................................................| x 152
#              +----------------------------------------------------------------+
# 0 of 13824 bits failed (0.00%) failed at 99.999943 confidence
#     g-test: 0.000000%
#     sum-error-square: 0.00051412
#     hash bit-level errors: 2/64
#     - hash bit 5 gtest-prob not-random: 100.0000 (54037345/53962655)
#     - hash bit 6 gtest-prob not-random: 100.0000 (53965732/54034268)
not ok 37 - Strict Avalanche Criteria - 160 bit keys
# Testing 256-bit keys.......... ok.     # worst-bit:   0.570% error-ratio: 9.768140e-01
ok 38 - Strict Avalanche Criteria - 256 bit keys
not ok 39 - Strict Avalanche Criteria # cmetrohash64_1o
### Keyset 'Cyclic' Tests ###
# Keyset 'Cyclic' - 8 cycles of 8 bytes - 10000000 keys
# Testing collisions   - Expected     0.00, actual        0 ( 0.00x) - passed
ok 40 - Collision Rate for Keyset 'Cyclic' - 8 cycles of 8 bytes - 10000000 keys
ok 41 - Distribution Bias Check for Keyset 'Cyclic' - 8 cycles of 8 bytes - 10000000 keys
# Keyset 'Cyclic' - 8 cycles of 9 bytes - 10000000 keys
# Testing collisions   - Expected     0.00, actual        0 ( 0.00x) - passed
ok 42 - Collision Rate for Keyset 'Cyclic' - 8 cycles of 9 bytes - 10000000 keys
ok 43 - Distribution Bias Check for Keyset 'Cyclic' - 8 cycles of 9 bytes - 10000000 keys
# Keyset 'Cyclic' - 8 cycles of 10 bytes - 10000000 keys
# Testing collisions   - Expected     0.00, actual        0 ( 0.00x) - passed
ok 44 - Collision Rate for Keyset 'Cyclic' - 8 cycles of 10 bytes - 10000000 keys
ok 45 - Distribution Bias Check for Keyset 'Cyclic' - 8 cycles of 10 bytes - 10000000 keys
# Keyset 'Cyclic' - 8 cycles of 11 bytes - 10000000 keys
# Testing collisions   - Expected     0.00, actual        0 ( 0.00x) - passed
ok 46 - Collision Rate for Keyset 'Cyclic' - 8 cycles of 11 bytes - 10000000 keys
ok 47 - Distribution Bias Check for Keyset 'Cyclic' - 8 cycles of 11 bytes - 10000000 keys
# Keyset 'Cyclic' - 8 cycles of 12 bytes - 10000000 keys
# Testing collisions   - Expected     0.00, actual        0 ( 0.00x) - passed
ok 48 - Collision Rate for Keyset 'Cyclic' - 8 cycles of 12 bytes - 10000000 keys
ok 49 - Distribution Bias Check for Keyset 'Cyclic' - 8 cycles of 12 bytes - 10000000 keys
ok 50 - Keyset 'Cyclic' # cmetrohash64_1o
### Keyset 'TwoBytes' Tests ###
# Testing collisions   - Expected     0.00, actual        0 ( 0.00x) - passed
ok 51 - Collision Rate for Keyset 'TwoBytes' - up-to-4-byte keys, 652545 total keys
ok 52 - Distribution Bias Check for Keyset 'TwoBytes' - up-to-4-byte keys, 652545 total keys
# Testing collisions   - Expected     0.00, actual        0 ( 0.00x) - passed
ok 53 - Collision Rate for Keyset 'TwoBytes' - up-to-8-byte keys, 5471025 total keys
ok 54 - Distribution Bias Check for Keyset 'TwoBytes' - up-to-8-byte keys, 5471025 total keys
# Testing collisions   - Expected     0.00, actual        0 ( 0.00x) - passed
ok 55 - Collision Rate for Keyset 'TwoBytes' - up-to-12-byte keys, 18616785 total keys
ok 56 - Distribution Bias Check for Keyset 'TwoBytes' - up-to-12-byte keys, 18616785 total keys
# Testing collisions   - Expected     0.00, actual        0 ( 0.00x) - passed
ok 57 - Collision Rate for Keyset 'TwoBytes' - up-to-16-byte keys, 44251425 total keys
ok 58 - Distribution Bias Check for Keyset 'TwoBytes' - up-to-16-byte keys, 44251425 total keys
# Testing collisions   - Expected     0.00, actual        0 ( 0.00x) - passed
ok 59 - Collision Rate for Keyset 'TwoBytes' - up-to-20-byte keys, 86536545 total keys
ok 60 - Distribution Bias Check for Keyset 'TwoBytes' - up-to-20-byte keys, 86536545 total keys
ok 61 - Keyset 'TwoBytes' # cmetrohash64_1o
### Keyset 'Sparse' Tests ###
# Keyset 'Sparse' - 32-bit keys with up to 6 bits set - 1149017 keys
# Testing collisions   - Expected     0.00, actual        0 ( 0.00x) - passed
ok 62 - Collision Rate for Keyset 'Sparse' - 32-bit keys with up to 6 bits set
ok 63 - Distribution Bias Check for Keyset 'Sparse' - 32-bit keys with up to 6 bits set
# Keyset 'Sparse' - 40-bit keys with up to 6 bits set - 4598479 keys
# Testing collisions   - Expected     0.00, actual        0 ( 0.00x) - passed
ok 64 - Collision Rate for Keyset 'Sparse' - 40-bit keys with up to 6 bits set
ok 65 - Distribution Bias Check for Keyset 'Sparse' - 40-bit keys with up to 6 bits set
# Keyset 'Sparse' - 48-bit keys with up to 5 bits set - 1925357 keys
# Testing collisions   - Expected     0.00, actual        0 ( 0.00x) - passed
ok 66 - Collision Rate for Keyset 'Sparse' - 48-bit keys with up to 5 bits set
ok 67 - Distribution Bias Check for Keyset 'Sparse' - 48-bit keys with up to 5 bits set
# Keyset 'Sparse' - 56-bit keys with up to 5 bits set - 4216423 keys
# Testing collisions   - Expected     0.00, actual        0 ( 0.00x) - passed
ok 68 - Collision Rate for Keyset 'Sparse' - 56-bit keys with up to 5 bits set
ok 69 - Distribution Bias Check for Keyset 'Sparse' - 56-bit keys with up to 5 bits set
# Keyset 'Sparse' - 64-bit keys with up to 5 bits set - 8303633 keys
# Testing collisions   - Expected     0.00, actual        0 ( 0.00x) - passed
ok 70 - Collision Rate for Keyset 'Sparse' - 64-bit keys with up to 5 bits set
ok 71 - Distribution Bias Check for Keyset 'Sparse' - 64-bit keys with up to 5 bits set
# Keyset 'Sparse' - 96-bit keys with up to 4 bits set - 3469497 keys
# Testing collisions   - Expected     0.00, actual        0 ( 0.00x) - passed
ok 72 - Collision Rate for Keyset 'Sparse' - 96-bit keys with up to 4 bits set
ok 73 - Distribution Bias Check for Keyset 'Sparse' - 96-bit keys with up to 4 bits set
# Keyset 'Sparse' - 256-bit keys with up to 3 bits set - 2796417 keys
# Testing collisions   - Expected     0.00, actual        0 ( 0.00x) - passed
ok 74 - Collision Rate for Keyset 'Sparse' - 256-bit keys with up to 3 bits set
ok 75 - Distribution Bias Check for Keyset 'Sparse' - 256-bit keys with up to 3 bits set
# Keyset 'Sparse' - 2048-bit keys with up to 2 bits set - 2098177 keys
# Testing collisions   - Expected     0.00, actual        0 ( 0.00x) - passed
ok 76 - Collision Rate for Keyset 'Sparse' - 2048-bit keys with up to 2 bits set
ok 77 - Distribution Bias Check for Keyset 'Sparse' - 2048-bit keys with up to 2 bits set
ok 78 - Keyset 'Sparse' # cmetrohash64_1o
# Keyset 'CRC-MultiCollision' - 1048575 x 16 block keys - 128-bytes long - 10 seeds
# Testing collisions   - Expected     0.00, actual        0 ( 0.00x) - passed
ok 79 - Collision Rate for Keyset 'CRC-MultiCollision' - seed 1 # cmetrohash64_1o
# Testing collisions   - Expected     0.00, actual        0 ( 0.00x) - passed
ok 80 - Collision Rate for Keyset 'CRC-MultiCollision' - seed 2 # cmetrohash64_1o
# Testing collisions   - Expected     0.00, actual        0 ( 0.00x) - passed
ok 81 - Collision Rate for Keyset 'CRC-MultiCollision' - seed 3 # cmetrohash64_1o
# Testing collisions   - Expected     0.00, actual        0 ( 0.00x) - passed
ok 82 - Collision Rate for Keyset 'CRC-MultiCollision' - seed 4 # cmetrohash64_1o
# Testing collisions   - Expected     0.00, actual        0 ( 0.00x) - passed
ok 83 - Collision Rate for Keyset 'CRC-MultiCollision' - seed 5 # cmetrohash64_1o
# Testing collisions   - Expected     0.00, actual        0 ( 0.00x) - passed
ok 84 - Collision Rate for Keyset 'CRC-MultiCollision' - seed 6 # cmetrohash64_1o
# Testing collisions   - Expected     0.00, actual        0 ( 0.00x) - passed
ok 85 - Collision Rate for Keyset 'CRC-MultiCollision' - seed 7 # cmetrohash64_1o
# Testing collisions   - Expected     0.00, actual        0 ( 0.00x) - passed
ok 86 - Collision Rate for Keyset 'CRC-MultiCollision' - seed 8 # cmetrohash64_1o
# Testing collisions   - Expected     0.00, actual        0 ( 0.00x) - passed
ok 87 - Collision Rate for Keyset 'CRC-MultiCollision' - seed 9 # cmetrohash64_1o
# Testing collisions   - Expected     0.00, actual        0 ( 0.00x) - passed
ok 88 - Collision Rate for Keyset 'CRC-MultiCollision' - seed 10 # cmetrohash64_1o
### Keyset 'Combination Lowbits' Tests ###
# Keyset 'Combination' - up to 8 blocks from a set of 8 - 19173960 keys
# Testing collisions   - Expected     0.00, actual        0 ( 0.00x) - passed
ok 89 - Collision Rate for Keyset 'Combination Lowbits'
ok 90 - Distribution Bias Check for Keyset 'Combination Lowbits'
ok 91 - Keyset 'Combination Lowbits' # cmetrohash64_1o
### Keyset 'Combination Highbits' Tests ###
# Keyset 'Combination' - up to 8 blocks from a set of 8 - 19173960 keys
# Testing collisions   - Expected     0.00, actual        0 ( 0.00x) - passed
ok 92 - Collision Rate for Keyset 'Combination Highbits'
ok 93 - Distribution Bias Check for Keyset 'Combination Highbits'
ok 94 - Keyset 'Combination Highbits' # cmetrohash64_1o
### Keyset 'Combination Highbits2' Tests ###
# Keyset 'Combination' - up to 8 blocks from a set of 8 - 19173960 keys
# Testing collisions   - Expected     0.00, actual        0 ( 0.00x) - passed
ok 95 - Collision Rate for Keyset 'Combination Highbits2'
ok 96 - Distribution Bias Check for Keyset 'Combination Highbits2'
ok 97 - Keyset 'Combination Highbits2' # cmetrohash64_1o
### Keyset 'Combination 0x80000000' Tests ###
# Keyset 'Combination' - up to 20 blocks from a set of 2 - 2097150 keys
# Testing collisions   - Expected     0.00, actual        0 ( 0.00x) - passed
ok 98 - Collision Rate for Keyset 'Combination 0x80000000'
ok 99 - Distribution Bias Check for Keyset 'Combination 0x80000000'
ok 100 - Keyset 'Combination 0x80000000' # cmetrohash64_1o
### Keyset 'Combination 0x00000001' Tests ###
# Keyset 'Combination' - up to 20 blocks from a set of 2 - 2097150 keys
# Testing collisions   - Expected     0.00, actual        0 ( 0.00x) - passed
ok 101 - Collision Rate for Keyset 'Combination 0x00000001'
ok 102 - Distribution Bias Check for Keyset 'Combination 0x00000001'
ok 103 - Keyset 'Combination 0x00000001' # cmetrohash64_1o
### Keyset 'Combination Hi-Lo' Tests ###
# Keyset 'Combination' - up to 6 blocks from a set of 15 - 12204240 keys
# Testing collisions   - Expected     0.00, actual        0 ( 0.00x) - passed
ok 104 - Collision Rate for Keyset 'Combination Hi-Lo'
ok 105 - Distribution Bias Check for Keyset 'Combination Hi-Lo'
ok 106 - Keyset 'Combination Hi-Lo' # cmetrohash64_1o
### Keyset 'Text' Tests ###
# Keyset 'Text' - keys of form "Foo[XXXX]Bar" - 14776336 keys
# Testing collisions   - Expected     0.00, actual        0 ( 0.00x) - passed
ok 107 - Collision Rate for Keyset 'Text' - keys of form "Foo[XXXX]Bar" - 14776336 keys
ok 108 - Distribution Bias Check for Keyset 'Text' - keys of form "Foo[XXXX]Bar" - 14776336 keys
# Keyset 'Text' - keys of form "FooBar[XXXX]" - 14776336 keys
# Testing collisions   - Expected     0.00, actual        0 ( 0.00x) - passed
ok 109 - Collision Rate for Keyset 'Text' - keys of form "FooBar[XXXX]" - 14776336 keys
ok 110 - Distribution Bias Check for Keyset 'Text' - keys of form "FooBar[XXXX]" - 14776336 keys
# Keyset 'Text' - keys of form "[XXXX]FooBar" - 14776336 keys
# Testing collisions   - Expected     0.00, actual        0 ( 0.00x) - passed
ok 111 - Collision Rate for Keyset 'Text' - keys of form "[XXXX]FooBar" - 14776336 keys
ok 112 - Distribution Bias Check for Keyset 'Text' - keys of form "[XXXX]FooBar" - 14776336 keys
ok 113 - Keyset 'Text' # cmetrohash64_1o
### Keyset 'Zeroes' Tests ###
# Keyset 'Zeroes' - 262144 keys
# Testing collisions   - Expected     0.00, actual        0 ( 0.00x) - passed
ok 114 - Collision Rate for Keyset 'Zeroes' - 262144 keys
ok 115 - Distribution Bias Check for Keyset 'Zeroes' - 262144 keys
ok 116 - Keyset 'Zeroes' # cmetrohash64_1o
### Keyset 'Seed' Tests ###
# Keyset 'Seed' - 2000000 seeds, Key "The quick brown fox "...
# Testing collisions   - Expected     0.00, actual      438 - Excessive keys in collision - failed
not ok 117 - Collision Rate for Keyset 'Seed' - 2000000 seeds, Key "The quick brown fox "...
ok 118 - Distribution Bias Check for Keyset 'Seed' - 2000000 seeds, Key "The quick brown fox "...
# Keyset 'Seed' - 2000000 seeds, Key ""
# Testing collisions   - Expected     0.00, actual      466 - Excessive keys in collision - failed
not ok 119 - Collision Rate for Keyset 'Seed' - 2000000 seeds, Key ""
ok 120 - Distribution Bias Check for Keyset 'Seed' - 2000000 seeds, Key ""
# Keyset 'Seed' - 2000000 seeds, Key "00101100110101101"
# Testing collisions   - Expected     0.00, actual      434 - Excessive keys in collision - failed
not ok 121 - Collision Rate for Keyset 'Seed' - 2000000 seeds, Key "00101100110101101"
ok 122 - Distribution Bias Check for Keyset 'Seed' - 2000000 seeds, Key "00101100110101101"
# Keyset 'Seed' - 2000000 seeds, Key "abcbcddbdebdcaaabaaa"...
# Testing collisions   - Expected     0.00, actual      445 - Excessive keys in collision - failed
not ok 123 - Collision Rate for Keyset 'Seed' - 2000000 seeds, Key "abcbcddbdebdcaaabaaa"...
ok 124 - Distribution Bias Check for Keyset 'Seed' - 2000000 seeds, Key "abcbcddbdebdcaaabaaa"...
not ok 125 - Keyset 'Seed' # cmetrohash64_1o
### Keyset 'Effs' Tests ###
# Keyset 'Effs' - 262144 keys
# Testing collisions   - Expected     0.00, actual        0 ( 0.00x) - passed
ok 126 - Collision Rate for Keyset 'Effs' - 262144 keys
ok 127 - Distribution Bias Check for Keyset 'Effs' - 262144 keys
ok 128 - Keyset 'Effs' # cmetrohash64_1o
not ok 129 - all tests passed # cmetrohash64_1o
1..129
# Tests Failed. cmetrohash64_1o failed 28 of 129 tests.
# Testing took 1637.638500 seconds
# This is SMHasher version v1.0-demerphq-5-g86440f3 - built on Mar 10 2017.
