ok 1 - Found Hash # cmetrohash64_1
###################################################################
### Testing cmetrohash64_1 - no seed_state
### - cmetrohash64_1, 64-bit for x64 -
### seedbits: 64 statebits: 64 hashbits: 64
###################################################################
ok 2 - Verification code # cmetrohash64_1
# cmetrohash64_1       - Verification value 0x807349A0 : Passed.
### Sanity Tests ###
# Sanity check simple key bit flips and consistency..........
ok 3 - SanityTest # cmetrohash64_1
# Sanity check null suffixes change the hash (simple)..........
ok 4 - Appended Zeroes Test # cmetrohash64_1
ok 5 - Sanity Test # cmetrohash64_1
### Speed Tests ###
## Bulk speed test - 262144-byte keys
# Alignment  7 -  5.174 bytes/cycle - 14803.19 MiB/sec @ 3 ghz
# Alignment  6 -  5.174 bytes/cycle - 14803.47 MiB/sec @ 3 ghz
# Alignment  5 -  5.129 bytes/cycle - 14673.23 MiB/sec @ 3 ghz
# Alignment  4 -  5.175 bytes/cycle - 14804.61 MiB/sec @ 3 ghz
# Alignment  3 -  5.175 bytes/cycle - 14804.66 MiB/sec @ 3 ghz
# Alignment  2 -  5.174 bytes/cycle - 14803.50 MiB/sec @ 3 ghz
# Alignment  1 -  5.174 bytes/cycle - 14802.83 MiB/sec @ 3 ghz
# Alignment  0 -  5.417 bytes/cycle - 15497.11 MiB/sec @ 3 ghz
# Average      -  5.199 bytes/cycle - 14874.08 MiB/sec @ 3 ghz
## KeySpeed tests
# cmetrohash64_1            0 byte keys       11.000 c/h
# cmetrohash64_1            1 byte keys       15.997 c/h       15.997 c/b        0.063 b/c
# cmetrohash64_1            2 byte keys       15.632 c/h        7.816 c/b        0.128 b/c
# cmetrohash64_1            3 byte keys       20.975 c/h        6.992 c/b        0.143 b/c
# cmetrohash64_1            4 byte keys       15.613 c/h        3.903 c/b        0.256 b/c
# cmetrohash64_1            5 byte keys       20.975 c/h        4.195 c/b        0.238 b/c
# cmetrohash64_1            6 byte keys       21.000 c/h        3.500 c/b        0.286 b/c
# cmetrohash64_1            7 byte keys       25.557 c/h        3.651 c/b        0.274 b/c
# cmetrohash64_1            8 byte keys       19.651 c/h        2.456 c/b        0.407 b/c
# cmetrohash64_1            9 byte keys       20.996 c/h        2.333 c/b        0.429 b/c
# cmetrohash64_1           10 byte keys       20.997 c/h        2.100 c/b        0.476 b/c
# cmetrohash64_1           11 byte keys       25.998 c/h        2.363 c/b        0.423 b/c
# cmetrohash64_1           12 byte keys       20.975 c/h        1.748 c/b        0.572 b/c
# cmetrohash64_1           13 byte keys       27.130 c/h        2.087 c/b        0.479 b/c
# cmetrohash64_1           14 byte keys       27.683 c/h        1.977 c/b        0.506 b/c
# cmetrohash64_1           15 byte keys       30.905 c/h        2.060 c/b        0.485 b/c
# cmetrohash64_1           16 byte keys       22.000 c/h        1.375 c/b        0.727 b/c
# cmetrohash64_1           17 byte keys       27.000 c/h        1.588 c/b        0.630 b/c
# cmetrohash64_1           18 byte keys       27.000 c/h        1.500 c/b        0.667 b/c
# cmetrohash64_1           19 byte keys       32.000 c/h        1.684 c/b        0.594 b/c
# cmetrohash64_1           20 byte keys       27.000 c/h        1.350 c/b        0.741 b/c
# cmetrohash64_1           21 byte keys       32.000 c/h        1.524 c/b        0.656 b/c
# cmetrohash64_1           22 byte keys       32.000 c/h        1.455 c/b        0.688 b/c
# cmetrohash64_1           23 byte keys       37.000 c/h        1.609 c/b        0.622 b/c
# cmetrohash64_1           24 byte keys       27.000 c/h        1.125 c/b        0.889 b/c
# cmetrohash64_1           25 byte keys       32.000 c/h        1.280 c/b        0.781 b/c
# cmetrohash64_1           26 byte keys       32.772 c/h        1.260 c/b        0.793 b/c
# cmetrohash64_1           27 byte keys       37.000 c/h        1.370 c/b        0.730 b/c
# cmetrohash64_1           28 byte keys       32.000 c/h        1.143 c/b        0.875 b/c
# cmetrohash64_1           29 byte keys       37.000 c/h        1.276 c/b        0.784 b/c
# cmetrohash64_1           30 byte keys       37.000 c/h        1.233 c/b        0.811 b/c
# cmetrohash64_1           31 byte keys       42.000 c/h        1.355 c/b        0.738 b/c
#                          Average < 32       26.683 c/h        1.721 c/b        0.581 b/c
# cmetrohash64_1           32 byte keys       40.000 c/h        1.250 c/b        0.800 b/c
# cmetrohash64_1           36 byte keys       44.544 c/h        1.237 c/b        0.808 b/c
# cmetrohash64_1           40 byte keys       45.225 c/h        1.131 c/b        0.884 b/c
# cmetrohash64_1           44 byte keys       49.862 c/h        1.133 c/b        0.882 b/c
# cmetrohash64_1           48 byte keys       51.000 c/h        1.062 c/b        0.941 b/c
# cmetrohash64_1           52 byte keys       56.000 c/h        1.077 c/b        0.929 b/c
# cmetrohash64_1           56 byte keys       56.000 c/h        1.000 c/b        1.000 b/c
# cmetrohash64_1           60 byte keys       63.659 c/h        1.061 c/b        0.943 b/c
# cmetrohash64_1           64 byte keys       42.903 c/h        0.670 c/b        1.492 b/c
# cmetrohash64_1           68 byte keys       48.000 c/h        0.706 c/b        1.417 b/c
# cmetrohash64_1           72 byte keys       48.741 c/h        0.677 c/b        1.477 b/c
# cmetrohash64_1           76 byte keys       53.843 c/h        0.708 c/b        1.412 b/c
# cmetrohash64_1           80 byte keys       54.979 c/h        0.687 c/b        1.455 b/c
# cmetrohash64_1           84 byte keys       59.890 c/h        0.713 c/b        1.403 b/c
# cmetrohash64_1           88 byte keys       59.422 c/h        0.675 c/b        1.481 b/c
# cmetrohash64_1           92 byte keys       64.802 c/h        0.704 c/b        1.420 b/c
# cmetrohash64_1           96 byte keys       46.667 c/h        0.486 c/b        2.057 b/c
# cmetrohash64_1          100 byte keys       50.999 c/h        0.510 c/b        1.961 b/c
# cmetrohash64_1          104 byte keys       50.838 c/h        0.489 c/b        2.046 b/c
# cmetrohash64_1          108 byte keys       55.994 c/h        0.518 c/b        1.929 b/c
# cmetrohash64_1          112 byte keys       57.983 c/h        0.518 c/b        1.932 b/c
# cmetrohash64_1          116 byte keys       62.966 c/h        0.543 c/b        1.842 b/c
# cmetrohash64_1          120 byte keys       62.977 c/h        0.525 c/b        1.905 b/c
# cmetrohash64_1          124 byte keys       68.135 c/h        0.549 c/b        1.820 b/c
#                         Average < 128       38.380 c/h        0.908 c/b        1.102 b/c
# cmetrohash64_1          128 byte keys       51.078 c/h        0.399 c/b        2.506 b/c
# cmetrohash64_1          256 byte keys       68.447 c/h        0.267 c/b        3.740 b/c
# cmetrohash64_1          512 byte keys      112.710 c/h        0.220 c/b        4.543 b/c
# cmetrohash64_1         1024 byte keys      222.987 c/h        0.218 c/b        4.592 b/c
# cmetrohash64_1         2048 byte keys      407.026 c/h        0.199 c/b        5.032 b/c
# cmetrohash64_1         4096 byte keys      770.816 c/h        0.188 c/b        5.314 b/c
# cmetrohash64_1         8192 byte keys     1503.151 c/h        0.183 c/b        5.450 b/c
# cmetrohash64_1        16384 byte keys     3034.771 c/h        0.185 c/b        5.399 b/c
# cmetrohash64_1        32768 byte keys     5976.352 c/h        0.182 c/b        5.483 b/c
# cmetrohash64_1        65536 byte keys    12001.515 c/h        0.183 c/b        5.461 b/c
#                       Overall Average      398.457 c/h        0.197 c/b        5.069 b/c
ok 6 - Speed (always passes) # cmetrohash64_1
### Differential Tests ###
# Testing 8303632 up-to-5-bit differentials in 64-bit keys -> 64 bit hashes.
# 1000 reps, 8303632000 total tests, expecting 0.00 random collisions..........
ok 7 - Differential collisions # cmetrohash64_1
ok 8 - Nothing skipped during differential collision check # cmetrohash64_1
# 0 total collisions, of which 0 single collisions were ignored
ok 9 - ProcessDifferentials
# Testing 11017632 up-to-4-bit differentials in 128-bit keys -> 64 bit hashes.
# 1000 reps, 11017632000 total tests, expecting 0.00 random collisions..........
ok 10 - Differential collisions # cmetrohash64_1
ok 11 - Nothing skipped during differential collision check # cmetrohash64_1
# 0 total collisions, of which 0 single collisions were ignored
ok 12 - ProcessDifferentials
# Testing 2796416 up-to-3-bit differentials in 256-bit keys -> 64 bit hashes.
# 1000 reps, 2796416000 total tests, expecting 0.00 random collisions..........
ok 13 - Differential collisions # cmetrohash64_1
ok 14 - Nothing skipped during differential collision check # cmetrohash64_1
# 0 total collisions, of which 0 single collisions were ignored
ok 15 - ProcessDifferentials
ok 16 - Differential # cmetrohash64_1
### Avalanche Tests ### - seed-bits: 64 hash-bits: 64
# Samples 500000, expected error 0.00051200, confidence level 99.99994267%
# Testing   0-bit keys.......... not ok! # worst-bit:   0.545% error-ratio: 1.050731e+00
#              +---------------------------------------------------+
#              |012345678901234567890123456789012345678901234567890|
#              +---------------------------------------------------+
# Scale:       |.1234567890abcdefghijklmnopqrstuvwxyzãäåêëîïðñôõöûü|
#              |üÿABCDEFGHIJKLMNOPQRSTUVWXYZÂÃÄÅÊËÑÔÕÖÛÜÝø¤*©®¶&%@#|
#              +---------------------------------------------------+
#              |pct diff from 50%: abs((0.5-(changed/reps))*2) *100|
#              +----------------------------------------------------------------+
#              |0         1         2         3         4         5         6   |
#              |0123456789012345678901234567890123456789012345678901234567890123|
#              +----------------------------------------------------------------+
# seed     0.0 |................................................................| x 14
# seed    14.0 |......................................................1.........|
# seed    15.0 |................................................................| x 49
#              +----------------------------------------------------------------+
#              +---------------------------------------------------+
#              |012345678901234567890123456789012345678901234567890|
#              +---------------------------------------------------+
# Scale:       |.1234567890abcdefghijklmnopqrstuvwxyzãäåêëîïðñôõöûü|
#              |üÿABCDEFGHIJKLMNOPQRSTUVWXYZÂÃÄÅÊËÑÔÕÖÛÜÝø¤*©®¶&%@#|
#              +---------------------------------------------------+
#              |scaled p-value above confidence level (zero is ok) |
#              +----------------------------------------------------------------+
#              |0         1         2         3         4         5         6   |
#              |0123456789012345678901234567890123456789012345678901234567890123|
#              +----------------------------------------------------------------+
# seed     0.0 |................................................................| x 64
#              +----------------------------------------------------------------+
# 0 of 4096 bits failed (0.00%) failed at 99.999943 confidence
#     g-test: 0.000000%
#     sum-error-square: 0.00053797
#     hash bit-level errors: 18/64
#     - hash bit 1 gtest-prob not-random: 100.0000 (16014736/15985264)
#     - hash bit 6 gtest-prob not-random: 100.0000 (15985732/16014268)
#     - hash bit 9 gtest-prob not-random: 100.0000 (16015576/15984424)
#     - with 15 more hash bit errors not described above.
not ok 17 - Strict Avalanche Criteria - 0 bit keys
# Testing   8-bit keys.......... not ok! # worst-bit:   0.652% error-ratio: 1.045915e+00
#              +---------------------------------------------------+
#              |012345678901234567890123456789012345678901234567890|
#              +---------------------------------------------------+
# Scale:       |.1234567890abcdefghijklmnopqrstuvwxyzãäåêëîïðñôõöûü|
#              |üÿABCDEFGHIJKLMNOPQRSTUVWXYZÂÃÄÅÊËÑÔÕÖÛÜÝø¤*©®¶&%@#|
#              +---------------------------------------------------+
#              |pct diff from 50%: abs((0.5-(changed/reps))*2) *100|
#              +----------------------------------------------------------------+
#              |0         1         2         3         4         5         6   |
#              |0123456789012345678901234567890123456789012345678901234567890123|
#              +----------------------------------------------------------------+
# seed     0.0 |........1.......................................................|
# seed     1.0 |................................................................| x 8
# seed     9.0 |...................1............................................|
# seed    10.0 |................................................................|
# seed    11.0 |......................................................1.........|
# seed    12.0 |................................................................| x 5
# seed    17.0 |....................1...........................................|
# seed    18.0 |................................................................| x 46
# key      0.0 |................................................................| x 4
# key      4.0 |.......1........................................................|
# key      5.0 |................................................................| x 3
#              +----------------------------------------------------------------+
#              +---------------------------------------------------+
#              |012345678901234567890123456789012345678901234567890|
#              +---------------------------------------------------+
# Scale:       |.1234567890abcdefghijklmnopqrstuvwxyzãäåêëîïðñôõöûü|
#              |üÿABCDEFGHIJKLMNOPQRSTUVWXYZÂÃÄÅÊËÑÔÕÖÛÜÝø¤*©®¶&%@#|
#              +---------------------------------------------------+
#              |scaled p-value above confidence level (zero is ok) |
#              +----------------------------------------------------------------+
#              |0         1         2         3         4         5         6   |
#              |0123456789012345678901234567890123456789012345678901234567890123|
#              +----------------------------------------------------------------+
# seed     0.0 |................................................................| x 64
# key      0.0 |................................................................| x 8
#              +----------------------------------------------------------------+
# 0 of 4608 bits failed (0.00%) failed at 99.999943 confidence
#     g-test: 0.000000%
#     sum-error-square: 0.00053551
#     hash bit-level errors: 14/64
#     - hash bit 1 gtest-prob not-random: 100.0000 (17982918/18017082)
#     - hash bit 3 gtest-prob not-random: 100.0000 (17983429/18016571)
#     - hash bit 8 gtest-prob not-random: 100.0000 (17984429/18015571)
#     - with 11 more hash bit errors not described above.
not ok 18 - Strict Avalanche Criteria - 8 bit keys
# Testing  16-bit keys.......... not ok! # worst-bit:   0.586% error-ratio: 8.949225e-01
#              +---------------------------------------------------+
#              |012345678901234567890123456789012345678901234567890|
#              +---------------------------------------------------+
# Scale:       |.1234567890abcdefghijklmnopqrstuvwxyzãäåêëîïðñôõöûü|
#              |üÿABCDEFGHIJKLMNOPQRSTUVWXYZÂÃÄÅÊËÑÔÕÖÛÜÝø¤*©®¶&%@#|
#              +---------------------------------------------------+
#              |pct diff from 50%: abs((0.5-(changed/reps))*2) *100|
#              +----------------------------------------------------------------+
#              |0         1         2         3         4         5         6   |
#              |0123456789012345678901234567890123456789012345678901234567890123|
#              +----------------------------------------------------------------+
# seed     0.0 |................................................................| x 13
# seed    13.0 |...................................................1............|
# seed    14.0 |................................................................| x 11
# seed    25.0 |...............................................1................|
# seed    26.0 |................................................................| x 38
# key      0.0 |................................................................| x 16
#              +----------------------------------------------------------------+
#              +---------------------------------------------------+
#              |012345678901234567890123456789012345678901234567890|
#              +---------------------------------------------------+
# Scale:       |.1234567890abcdefghijklmnopqrstuvwxyzãäåêëîïðñôõöûü|
#              |üÿABCDEFGHIJKLMNOPQRSTUVWXYZÂÃÄÅÊËÑÔÕÖÛÜÝø¤*©®¶&%@#|
#              +---------------------------------------------------+
#              |scaled p-value above confidence level (zero is ok) |
#              +----------------------------------------------------------------+
#              |0         1         2         3         4         5         6   |
#              |0123456789012345678901234567890123456789012345678901234567890123|
#              +----------------------------------------------------------------+
# seed     0.0 |................................................................| x 64
# key      0.0 |................................................................| x 16
#              +----------------------------------------------------------------+
# 0 of 5120 bits failed (0.00%) failed at 99.999943 confidence
#     g-test: 0.000000%
#     sum-error-square: 0.00045820
#     hash bit-level errors: 7/64
#     - hash bit 3 gtest-prob not-random: 100.0000 (19980982/20019018)
#     - hash bit 16 gtest-prob not-random: 100.0000 (20027124/19972876)
#     - hash bit 18 gtest-prob not-random: 100.0000 (19982534/20017466)
#     - with 4 more hash bit errors not described above.
not ok 19 - Strict Avalanche Criteria - 16 bit keys
# Testing  24-bit keys.......... not ok! # worst-bit:   0.521% error-ratio: 9.441574e-01
#              +---------------------------------------------------+
#              |012345678901234567890123456789012345678901234567890|
#              +---------------------------------------------------+
# Scale:       |.1234567890abcdefghijklmnopqrstuvwxyzãäåêëîïðñôõöûü|
#              |üÿABCDEFGHIJKLMNOPQRSTUVWXYZÂÃÄÅÊËÑÔÕÖÛÜÝø¤*©®¶&%@#|
#              +---------------------------------------------------+
#              |pct diff from 50%: abs((0.5-(changed/reps))*2) *100|
#              +----------------------------------------------------------------+
#              |0         1         2         3         4         5         6   |
#              |0123456789012345678901234567890123456789012345678901234567890123|
#              +----------------------------------------------------------------+
# seed     0.0 |................................................................| x 64
# key      0.0 |................................................................|
# key      1.0 |................................1...............................|
# key      2.0 |................................................................| x 11
# key     13.0 |...........................1....................................|
# key     14.0 |................................................................| x 10
#              +----------------------------------------------------------------+
#              +---------------------------------------------------+
#              |012345678901234567890123456789012345678901234567890|
#              +---------------------------------------------------+
# Scale:       |.1234567890abcdefghijklmnopqrstuvwxyzãäåêëîïðñôõöûü|
#              |üÿABCDEFGHIJKLMNOPQRSTUVWXYZÂÃÄÅÊËÑÔÕÖÛÜÝø¤*©®¶&%@#|
#              +---------------------------------------------------+
#              |scaled p-value above confidence level (zero is ok) |
#              +----------------------------------------------------------------+
#              |0         1         2         3         4         5         6   |
#              |0123456789012345678901234567890123456789012345678901234567890123|
#              +----------------------------------------------------------------+
# seed     0.0 |................................................................| x 64
# key      0.0 |................................................................| x 24
#              +----------------------------------------------------------------+
# 0 of 5632 bits failed (0.00%) failed at 99.999943 confidence
#     g-test: 0.000000%
#     sum-error-square: 0.00048341
#     hash bit-level errors: 5/64
#     - hash bit 7 gtest-prob not-random: 100.0000 (22020861/21979139)
#     - hash bit 16 gtest-prob not-random: 100.0000 (22023576/21976424)
#     - hash bit 26 gtest-prob not-random: 100.0000 (22029458/21970542)
#     - with 2 more hash bit errors not described above.
not ok 20 - Strict Avalanche Criteria - 24 bit keys
# Testing  32-bit keys.......... not ok! # worst-bit:   0.517% error-ratio: 9.557499e-01
#              +---------------------------------------------------+
#              |012345678901234567890123456789012345678901234567890|
#              +---------------------------------------------------+
# Scale:       |.1234567890abcdefghijklmnopqrstuvwxyzãäåêëîïðñôõöûü|
#              |üÿABCDEFGHIJKLMNOPQRSTUVWXYZÂÃÄÅÊËÑÔÕÖÛÜÝø¤*©®¶&%@#|
#              +---------------------------------------------------+
#              |pct diff from 50%: abs((0.5-(changed/reps))*2) *100|
#              +----------------------------------------------------------------+
#              |0         1         2         3         4         5         6   |
#              |0123456789012345678901234567890123456789012345678901234567890123|
#              +----------------------------------------------------------------+
# seed     0.0 |................................................................| x 2
# seed     2.0 |....1...........................................................|
# seed     3.0 |................................................................| x 61
# key      0.0 |..........1.....................................................|
# key      1.0 |................................................................| x 31
#              +----------------------------------------------------------------+
#              +---------------------------------------------------+
#              |012345678901234567890123456789012345678901234567890|
#              +---------------------------------------------------+
# Scale:       |.1234567890abcdefghijklmnopqrstuvwxyzãäåêëîïðñôõöûü|
#              |üÿABCDEFGHIJKLMNOPQRSTUVWXYZÂÃÄÅÊËÑÔÕÖÛÜÝø¤*©®¶&%@#|
#              +---------------------------------------------------+
#              |scaled p-value above confidence level (zero is ok) |
#              +----------------------------------------------------------------+
#              |0         1         2         3         4         5         6   |
#              |0123456789012345678901234567890123456789012345678901234567890123|
#              +----------------------------------------------------------------+
# seed     0.0 |................................................................| x 64
# key      0.0 |................................................................| x 32
#              +----------------------------------------------------------------+
# 0 of 6144 bits failed (0.00%) failed at 99.999943 confidence
#     g-test: 0.000000%
#     sum-error-square: 0.00048934
#     hash bit-level errors: 8/64
#     - hash bit 0 gtest-prob not-random: 100.0000 (23979657/24020343)
#     - hash bit 3 gtest-prob not-random: 100.0000 (23980835/24019165)
#     - hash bit 7 gtest-prob not-random: 100.0000 (23980190/24019810)
#     - with 5 more hash bit errors not described above.
not ok 21 - Strict Avalanche Criteria - 32 bit keys
# Testing  40-bit keys.......... not ok! # worst-bit:   0.556% error-ratio: 1.018120e+00
#              +---------------------------------------------------+
#              |012345678901234567890123456789012345678901234567890|
#              +---------------------------------------------------+
# Scale:       |.1234567890abcdefghijklmnopqrstuvwxyzãäåêëîïðñôõöûü|
#              |üÿABCDEFGHIJKLMNOPQRSTUVWXYZÂÃÄÅÊËÑÔÕÖÛÜÝø¤*©®¶&%@#|
#              +---------------------------------------------------+
#              |pct diff from 50%: abs((0.5-(changed/reps))*2) *100|
#              +----------------------------------------------------------------+
#              |0         1         2         3         4         5         6   |
#              |0123456789012345678901234567890123456789012345678901234567890123|
#              +----------------------------------------------------------------+
# seed     0.0 |................................................................| x 17
# seed    17.0 |..........................................................1.....|
# seed    18.0 |................................................................| x 14
# seed    32.0 |..................................................1.............| x 32
# key      0.0 |................................................................| x 40
#              +----------------------------------------------------------------+
#              +---------------------------------------------------+
#              |012345678901234567890123456789012345678901234567890|
#              +---------------------------------------------------+
# Scale:       |.1234567890abcdefghijklmnopqrstuvwxyzãäåêëîïðñôõöûü|
#              |üÿABCDEFGHIJKLMNOPQRSTUVWXYZÂÃÄÅÊËÑÔÕÖÛÜÝø¤*©®¶&%@#|
#              +---------------------------------------------------+
#              |scaled p-value above confidence level (zero is ok) |
#              +----------------------------------------------------------------+
#              |0         1         2         3         4         5         6   |
#              |0123456789012345678901234567890123456789012345678901234567890123|
#              +----------------------------------------------------------------+
# seed     0.0 |................................................................| x 64
# key      0.0 |................................................................| x 40
#              +----------------------------------------------------------------+
# 0 of 6656 bits failed (0.00%) failed at 99.999943 confidence
#     g-test: 0.000000%
#     sum-error-square: 0.00052128
#     hash bit-level errors: 6/64
#     - hash bit 2 gtest-prob not-random: 100.0000 (25977877/26022123)
#     - hash bit 10 gtest-prob not-random: 100.0000 (25976679/26023321)
#     - hash bit 17 gtest-prob not-random: 100.0000 (25978033/26021967)
#     - with 3 more hash bit errors not described above.
not ok 22 - Strict Avalanche Criteria - 40 bit keys
# Testing  48-bit keys.......... not ok! # worst-bit:   0.584% error-ratio: 1.131211e+00
#              +---------------------------------------------------+
#              |012345678901234567890123456789012345678901234567890|
#              +---------------------------------------------------+
# Scale:       |.1234567890abcdefghijklmnopqrstuvwxyzãäåêëîïðñôõöûü|
#              |üÿABCDEFGHIJKLMNOPQRSTUVWXYZÂÃÄÅÊËÑÔÕÖÛÜÝø¤*©®¶&%@#|
#              +---------------------------------------------------+
#              |pct diff from 50%: abs((0.5-(changed/reps))*2) *100|
#              +----------------------------------------------------------------+
#              |0         1         2         3         4         5         6   |
#              |0123456789012345678901234567890123456789012345678901234567890123|
#              +----------------------------------------------------------------+
# seed     0.0 |................................................................| x 28
# seed    28.0 |...........1....................................................|
# seed    29.0 |................................................................| x 35
# key      0.0 |................................................................| x 19
# key     19.0 |..............................1.................................|
# key     20.0 |................................................................| x 28
#              +----------------------------------------------------------------+
#              +---------------------------------------------------+
#              |012345678901234567890123456789012345678901234567890|
#              +---------------------------------------------------+
# Scale:       |.1234567890abcdefghijklmnopqrstuvwxyzãäåêëîïðñôõöûü|
#              |üÿABCDEFGHIJKLMNOPQRSTUVWXYZÂÃÄÅÊËÑÔÕÖÛÜÝø¤*©®¶&%@#|
#              +---------------------------------------------------+
#              |scaled p-value above confidence level (zero is ok) |
#              +----------------------------------------------------------------+
#              |0         1         2         3         4         5         6   |
#              |0123456789012345678901234567890123456789012345678901234567890123|
#              +----------------------------------------------------------------+
# seed     0.0 |................................................................| x 64
# key      0.0 |................................................................| x 48
#              +----------------------------------------------------------------+
# 0 of 7168 bits failed (0.00%) failed at 99.999943 confidence
#     g-test: 0.000000%
#     sum-error-square: 0.00057918
#     hash bit-level errors: 9/64
#     - hash bit 9 gtest-prob not-random: 100.0000 (27980658/28019342)
#     - hash bit 12 gtest-prob not-random: 100.0000 (28034484/27965516)
#     - hash bit 18 gtest-prob not-random: 100.0000 (28033474/27966526)
#     - with 6 more hash bit errors not described above.
not ok 23 - Strict Avalanche Criteria - 48 bit keys
# Testing  56-bit keys.......... not ok! # worst-bit:   0.539% error-ratio: 9.803070e-01
#              +---------------------------------------------------+
#              |012345678901234567890123456789012345678901234567890|
#              +---------------------------------------------------+
# Scale:       |.1234567890abcdefghijklmnopqrstuvwxyzãäåêëîïðñôõöûü|
#              |üÿABCDEFGHIJKLMNOPQRSTUVWXYZÂÃÄÅÊËÑÔÕÖÛÜÝø¤*©®¶&%@#|
#              +---------------------------------------------------+
#              |pct diff from 50%: abs((0.5-(changed/reps))*2) *100|
#              +----------------------------------------------------------------+
#              |0         1         2         3         4         5         6   |
#              |0123456789012345678901234567890123456789012345678901234567890123|
#              +----------------------------------------------------------------+
# seed     0.0 |................................................................| x 4
# seed     4.0 |............................1...................................|
# seed     5.0 |................................................................| x 59
# key      0.0 |................................................................| x 33
# key     33.0 |.......................................1........................|
# key     34.0 |................................................................| x 22
#              +----------------------------------------------------------------+
#              +---------------------------------------------------+
#              |012345678901234567890123456789012345678901234567890|
#              +---------------------------------------------------+
# Scale:       |.1234567890abcdefghijklmnopqrstuvwxyzãäåêëîïðñôõöûü|
#              |üÿABCDEFGHIJKLMNOPQRSTUVWXYZÂÃÄÅÊËÑÔÕÖÛÜÝø¤*©®¶&%@#|
#              +---------------------------------------------------+
#              |scaled p-value above confidence level (zero is ok) |
#              +----------------------------------------------------------------+
#              |0         1         2         3         4         5         6   |
#              |0123456789012345678901234567890123456789012345678901234567890123|
#              +----------------------------------------------------------------+
# seed     0.0 |................................................................| x 64
# key      0.0 |................................................................| x 56
#              +----------------------------------------------------------------+
# 0 of 7680 bits failed (0.00%) failed at 99.999943 confidence
#     g-test: 0.000000%
#     sum-error-square: 0.00050192
#     hash bit-level errors: 6/64
#     - hash bit 3 gtest-prob not-random: 100.0000 (30020887/29979113)
#     - hash bit 24 gtest-prob not-random: 100.0000 (30019956/29980044)
#     - hash bit 38 gtest-prob not-random: 100.0000 (29964128/30035872)
#     - with 3 more hash bit errors not described above.
not ok 24 - Strict Avalanche Criteria - 56 bit keys
# Testing  64-bit keys.......... not ok! # worst-bit:   0.524% error-ratio: 1.021232e+00
#              +---------------------------------------------------+
#              |012345678901234567890123456789012345678901234567890|
#              +---------------------------------------------------+
# Scale:       |.1234567890abcdefghijklmnopqrstuvwxyzãäåêëîïðñôõöûü|
#              |üÿABCDEFGHIJKLMNOPQRSTUVWXYZÂÃÄÅÊËÑÔÕÖÛÜÝø¤*©®¶&%@#|
#              +---------------------------------------------------+
#              |pct diff from 50%: abs((0.5-(changed/reps))*2) *100|
#              +----------------------------------------------------------------+
#              |0         1         2         3         4         5         6   |
#              |0123456789012345678901234567890123456789012345678901234567890123|
#              +----------------------------------------------------------------+
# seed     0.0 |................................................................| x 5
# seed     5.0 |..................................................1.............|
# seed     6.0 |................................................................| x 12
# seed    18.0 |.................................1..............................|
# seed    19.0 |................................................................| x 11
# seed    30.0 |.......................................1........................|
# seed    31.0 |................................................................| x 33
# key      0.0 |................................................................| x 26
# key     26.0 |......1.........................................................|
# key     27.0 |................................................................| x 37
#              +----------------------------------------------------------------+
#              +---------------------------------------------------+
#              |012345678901234567890123456789012345678901234567890|
#              +---------------------------------------------------+
# Scale:       |.1234567890abcdefghijklmnopqrstuvwxyzãäåêëîïðñôõöûü|
#              |üÿABCDEFGHIJKLMNOPQRSTUVWXYZÂÃÄÅÊËÑÔÕÖÛÜÝø¤*©®¶&%@#|
#              +---------------------------------------------------+
#              |scaled p-value above confidence level (zero is ok) |
#              +----------------------------------------------------------------+
#              |0         1         2         3         4         5         6   |
#              |0123456789012345678901234567890123456789012345678901234567890123|
#              +----------------------------------------------------------------+
# seed     0.0 |................................................................| x 64
# key      0.0 |................................................................| x 64
#              +----------------------------------------------------------------+
# 0 of 8192 bits failed (0.00%) failed at 99.999943 confidence
#     g-test: 0.000000%
#     sum-error-square: 0.00052287
#     hash bit-level errors: 6/64
#     - hash bit 25 gtest-prob not-random: 100.0000 (32020383/31979617)
#     - hash bit 33 gtest-prob not-random: 100.0000 (32020981/31979019)
#     - hash bit 37 gtest-prob not-random: 100.0000 (31975547/32024453)
#     - with 3 more hash bit errors not described above.
not ok 25 - Strict Avalanche Criteria - 64 bit keys
# Testing  72-bit keys.......... not ok! # worst-bit:   0.521% error-ratio: 1.009807e+00
#              +---------------------------------------------------+
#              |012345678901234567890123456789012345678901234567890|
#              +---------------------------------------------------+
# Scale:       |.1234567890abcdefghijklmnopqrstuvwxyzãäåêëîïðñôõöûü|
#              |üÿABCDEFGHIJKLMNOPQRSTUVWXYZÂÃÄÅÊËÑÔÕÖÛÜÝø¤*©®¶&%@#|
#              +---------------------------------------------------+
#              |pct diff from 50%: abs((0.5-(changed/reps))*2) *100|
#              +----------------------------------------------------------------+
#              |0         1         2         3         4         5         6   |
#              |0123456789012345678901234567890123456789012345678901234567890123|
#              +----------------------------------------------------------------+
# seed     0.0 |................................................................| x 2
# seed     2.0 |.......................1........................................|
# seed     3.0 |................................................................| x 61
# key      0.0 |................................................................| x 47
# key     47.0 |........................................1.......................|
# key     48.0 |................................................................| x 24
#              +----------------------------------------------------------------+
#              +---------------------------------------------------+
#              |012345678901234567890123456789012345678901234567890|
#              +---------------------------------------------------+
# Scale:       |.1234567890abcdefghijklmnopqrstuvwxyzãäåêëîïðñôõöûü|
#              |üÿABCDEFGHIJKLMNOPQRSTUVWXYZÂÃÄÅÊËÑÔÕÖÛÜÝø¤*©®¶&%@#|
#              +---------------------------------------------------+
#              |scaled p-value above confidence level (zero is ok) |
#              +----------------------------------------------------------------+
#              |0         1         2         3         4         5         6   |
#              |0123456789012345678901234567890123456789012345678901234567890123|
#              +----------------------------------------------------------------+
# seed     0.0 |................................................................| x 64
# key      0.0 |................................................................| x 72
#              +----------------------------------------------------------------+
# 0 of 8704 bits failed (0.00%) failed at 99.999943 confidence
#     g-test: 0.000000%
#     sum-error-square: 0.00051702
#     hash bit-level errors: 4/64
#     - hash bit 0 gtest-prob not-random: 100.0000 (34036146/33963854)
#     - hash bit 9 gtest-prob not-random: 100.0000 (34021732/33978268)
#     - hash bit 51 gtest-prob not-random: 100.0000 (33974039/34025961)
#     - with 1 more hash bit errors not described above.
not ok 26 - Strict Avalanche Criteria - 72 bit keys
# Testing  80-bit keys.......... not ok! # worst-bit:   0.568% error-ratio: 1.003130e+00
#              +---------------------------------------------------+
#              |012345678901234567890123456789012345678901234567890|
#              +---------------------------------------------------+
# Scale:       |.1234567890abcdefghijklmnopqrstuvwxyzãäåêëîïðñôõöûü|
#              |üÿABCDEFGHIJKLMNOPQRSTUVWXYZÂÃÄÅÊËÑÔÕÖÛÜÝø¤*©®¶&%@#|
#              +---------------------------------------------------+
#              |pct diff from 50%: abs((0.5-(changed/reps))*2) *100|
#              +----------------------------------------------------------------+
#              |0         1         2         3         4         5         6   |
#              |0123456789012345678901234567890123456789012345678901234567890123|
#              +----------------------------------------------------------------+
# seed     0.0 |................................................................| x 64
# key      0.0 |................................................................| x 10
# key     10.0 |................1...............................................|
# key     11.0 |................................................................| x 29
# key     40.0 |...............1................................................|
# key     41.0 |................................................................| x 32
# key     73.0 |....1...........................................................|
# key     74.0 |................................................................| x 6
#              +----------------------------------------------------------------+
#              +---------------------------------------------------+
#              |012345678901234567890123456789012345678901234567890|
#              +---------------------------------------------------+
# Scale:       |.1234567890abcdefghijklmnopqrstuvwxyzãäåêëîïðñôõöûü|
#              |üÿABCDEFGHIJKLMNOPQRSTUVWXYZÂÃÄÅÊËÑÔÕÖÛÜÝø¤*©®¶&%@#|
#              +---------------------------------------------------+
#              |scaled p-value above confidence level (zero is ok) |
#              +----------------------------------------------------------------+
#              |0         1         2         3         4         5         6   |
#              |0123456789012345678901234567890123456789012345678901234567890123|
#              +----------------------------------------------------------------+
# seed     0.0 |................................................................| x 64
# key      0.0 |................................................................| x 80
#              +----------------------------------------------------------------+
# 0 of 9216 bits failed (0.00%) failed at 99.999943 confidence
#     g-test: 0.000000%
#     sum-error-square: 0.00051360
#     hash bit-level errors: 3/64
#     - hash bit 20 gtest-prob not-random: 100.0000 (36025665/35974335)
#     - hash bit 35 gtest-prob not-random: 100.0000 (35977344/36022656)
#     - hash bit 41 gtest-prob not-random: 100.0000 (36028146/35971854)
not ok 27 - Strict Avalanche Criteria - 80 bit keys
# Testing  88-bit keys.......... not ok! # worst-bit:   0.541% error-ratio: 9.888404e-01
#              +---------------------------------------------------+
#              |012345678901234567890123456789012345678901234567890|
#              +---------------------------------------------------+
# Scale:       |.1234567890abcdefghijklmnopqrstuvwxyzãäåêëîïðñôõöûü|
#              |üÿABCDEFGHIJKLMNOPQRSTUVWXYZÂÃÄÅÊËÑÔÕÖÛÜÝø¤*©®¶&%@#|
#              +---------------------------------------------------+
#              |pct diff from 50%: abs((0.5-(changed/reps))*2) *100|
#              +----------------------------------------------------------------+
#              |0         1         2         3         4         5         6   |
#              |0123456789012345678901234567890123456789012345678901234567890123|
#              +----------------------------------------------------------------+
# seed     0.0 |................................................................| x 7
# seed     7.0 |.........................................................1......|
# seed     8.0 |................................................................| x 12
# seed    20.0 |..........1.......................................1.............|
# seed    21.0 |................................................................| x 43
# key      0.0 |................................................................| x 47
# key     47.0 |...............................................1................|
# key     48.0 |................................................................| x 3
# key     51.0 |...................1............................................|
# key     52.0 |................................................................| x 2
# key     54.0 |......................................1.........................|
# key     55.0 |................................................................| x 33
#              +----------------------------------------------------------------+
#              +---------------------------------------------------+
#              |012345678901234567890123456789012345678901234567890|
#              +---------------------------------------------------+
# Scale:       |.1234567890abcdefghijklmnopqrstuvwxyzãäåêëîïðñôõöûü|
#              |üÿABCDEFGHIJKLMNOPQRSTUVWXYZÂÃÄÅÊËÑÔÕÖÛÜÝø¤*©®¶&%@#|
#              +---------------------------------------------------+
#              |scaled p-value above confidence level (zero is ok) |
#              +----------------------------------------------------------------+
#              |0         1         2         3         4         5         6   |
#              |0123456789012345678901234567890123456789012345678901234567890123|
#              +----------------------------------------------------------------+
# seed     0.0 |................................................................| x 64
# key      0.0 |................................................................| x 88
#              +----------------------------------------------------------------+
# 0 of 9728 bits failed (0.00%) failed at 99.999943 confidence
#     g-test: 0.000000%
#     sum-error-square: 0.00050629
#     hash bit-level errors: 4/64
#     - hash bit 4 gtest-prob not-random: 100.0000 (38022652/37977348)
#     - hash bit 29 gtest-prob not-random: 100.0000 (37977404/38022596)
#     - hash bit 50 gtest-prob not-random: 100.0000 (37962684/38037316)
#     - with 1 more hash bit errors not described above.
not ok 28 - Strict Avalanche Criteria - 88 bit keys
# Testing  96-bit keys.......... not ok! # worst-bit:   0.600% error-ratio: 1.014919e+00
#              +---------------------------------------------------+
#              |012345678901234567890123456789012345678901234567890|
#              +---------------------------------------------------+
# Scale:       |.1234567890abcdefghijklmnopqrstuvwxyzãäåêëîïðñôõöûü|
#              |üÿABCDEFGHIJKLMNOPQRSTUVWXYZÂÃÄÅÊËÑÔÕÖÛÜÝø¤*©®¶&%@#|
#              +---------------------------------------------------+
#              |pct diff from 50%: abs((0.5-(changed/reps))*2) *100|
#              +----------------------------------------------------------------+
#              |0         1         2         3         4         5         6   |
#              |0123456789012345678901234567890123456789012345678901234567890123|
#              +----------------------------------------------------------------+
# seed     0.0 |................................................................| x 64
# key      0.0 |................................................................| x 30
# key     30.0 |............................1...................................|
# key     31.0 |................................................................| x 5
# key     36.0 |.................................1..............................|
# key     37.0 |................................................................| x 27
# key     64.0 |............1...................................................|
# key     65.0 |................................................................| x 12
# key     77.0 |.....................................................1..........|
# key     78.0 |................................................................| x 18
#              +----------------------------------------------------------------+
#              +---------------------------------------------------+
#              |012345678901234567890123456789012345678901234567890|
#              +---------------------------------------------------+
# Scale:       |.1234567890abcdefghijklmnopqrstuvwxyzãäåêëîïðñôõöûü|
#              |üÿABCDEFGHIJKLMNOPQRSTUVWXYZÂÃÄÅÊËÑÔÕÖÛÜÝø¤*©®¶&%@#|
#              +---------------------------------------------------+
#              |scaled p-value above confidence level (zero is ok) |
#              +----------------------------------------------------------------+
#              |0         1         2         3         4         5         6   |
#              |0123456789012345678901234567890123456789012345678901234567890123|
#              +----------------------------------------------------------------+
# seed     0.0 |................................................................| x 64
# key      0.0 |................................................................| x 96
#              +----------------------------------------------------------------+
# 0 of 10240 bits failed (0.00%) failed at 99.999943 confidence
#     g-test: 0.000000%
#     sum-error-square: 0.00051964
#     hash bit-level errors: 3/64
#     - hash bit 9 gtest-prob not-random: 100.0000 (40024455/39975545)
#     - hash bit 46 gtest-prob not-random: 100.0000 (39973994/40026006)
#     - hash bit 63 gtest-prob not-random: 100.0000 (39964358/40035642)
not ok 29 - Strict Avalanche Criteria - 96 bit keys
# Testing 104-bit keys.......... not ok! # worst-bit:   0.676% error-ratio: 9.877194e-01
#              +---------------------------------------------------+
#              |012345678901234567890123456789012345678901234567890|
#              +---------------------------------------------------+
# Scale:       |.1234567890abcdefghijklmnopqrstuvwxyzãäåêëîïðñôõöûü|
#              |üÿABCDEFGHIJKLMNOPQRSTUVWXYZÂÃÄÅÊËÑÔÕÖÛÜÝø¤*©®¶&%@#|
#              +---------------------------------------------------+
#              |pct diff from 50%: abs((0.5-(changed/reps))*2) *100|
#              +----------------------------------------------------------------+
#              |0         1         2         3         4         5         6   |
#              |0123456789012345678901234567890123456789012345678901234567890123|
#              +----------------------------------------------------------------+
# seed     0.0 |................................................................| x 11
# seed    11.0 |.....................................................1..........|
# seed    12.0 |................................................................| x 13
# seed    25.0 |.............................................1..................|
# seed    26.0 |................................................................| x 38
# key      0.0 |................................................................| x 23
# key     23.0 |.........1......................................................|
# key     24.0 |................................................................| x 80
#              +----------------------------------------------------------------+
#              +---------------------------------------------------+
#              |012345678901234567890123456789012345678901234567890|
#              +---------------------------------------------------+
# Scale:       |.1234567890abcdefghijklmnopqrstuvwxyzãäåêëîïðñôõöûü|
#              |üÿABCDEFGHIJKLMNOPQRSTUVWXYZÂÃÄÅÊËÑÔÕÖÛÜÝø¤*©®¶&%@#|
#              +---------------------------------------------------+
#              |scaled p-value above confidence level (zero is ok) |
#              +----------------------------------------------------------------+
#              |0         1         2         3         4         5         6   |
#              |0123456789012345678901234567890123456789012345678901234567890123|
#              +----------------------------------------------------------------+
# seed     0.0 |................................................................| x 64
# key      0.0 |................................................................| x 104
#              +----------------------------------------------------------------+
# 0 of 10752 bits failed (0.00%) failed at 99.999943 confidence
#     g-test: 0.000000%
#     sum-error-square: 0.00050571
#     hash bit-level errors: 3/64
#     - hash bit 26 gtest-prob not-random: 100.0000 (41963930/42036070)
#     - hash bit 31 gtest-prob not-random: 100.0000 (42032174/41967826)
#     - hash bit 37 gtest-prob not-random: 100.0000 (41975953/42024047)
not ok 30 - Strict Avalanche Criteria - 104 bit keys
# Testing 112-bit keys.......... not ok! # worst-bit:   0.514% error-ratio: 9.836137e-01
#              +---------------------------------------------------+
#              |012345678901234567890123456789012345678901234567890|
#              +---------------------------------------------------+
# Scale:       |.1234567890abcdefghijklmnopqrstuvwxyzãäåêëîïðñôõöûü|
#              |üÿABCDEFGHIJKLMNOPQRSTUVWXYZÂÃÄÅÊËÑÔÕÖÛÜÝø¤*©®¶&%@#|
#              +---------------------------------------------------+
#              |pct diff from 50%: abs((0.5-(changed/reps))*2) *100|
#              +----------------------------------------------------------------+
#              |0         1         2         3         4         5         6   |
#              |0123456789012345678901234567890123456789012345678901234567890123|
#              +----------------------------------------------------------------+
# seed     0.0 |................................................................| x 15
# seed    15.0 |...............................................................1|
# seed    16.0 |................................................................| x 48
# key      0.0 |................................................................| x 105
# key    105.0 |................................1...............................|
# key    106.0 |................................................................| x 6
#              +----------------------------------------------------------------+
#              +---------------------------------------------------+
#              |012345678901234567890123456789012345678901234567890|
#              +---------------------------------------------------+
# Scale:       |.1234567890abcdefghijklmnopqrstuvwxyzãäåêëîïðñôõöûü|
#              |üÿABCDEFGHIJKLMNOPQRSTUVWXYZÂÃÄÅÊËÑÔÕÖÛÜÝø¤*©®¶&%@#|
#              +---------------------------------------------------+
#              |scaled p-value above confidence level (zero is ok) |
#              +----------------------------------------------------------------+
#              |0         1         2         3         4         5         6   |
#              |0123456789012345678901234567890123456789012345678901234567890123|
#              +----------------------------------------------------------------+
# seed     0.0 |................................................................| x 64
# key      0.0 |................................................................| x 112
#              +----------------------------------------------------------------+
# 0 of 11264 bits failed (0.00%) failed at 99.999943 confidence
#     g-test: 0.000000%
#     sum-error-square: 0.00050361
#     hash bit-level errors: 2/64
#     - hash bit 12 gtest-prob not-random: 100.0000 (44032007/43967993)
#     - hash bit 52 gtest-prob not-random: 100.0000 (43973163/44026837)
not ok 31 - Strict Avalanche Criteria - 112 bit keys
# Testing 120-bit keys.......... not ok! # worst-bit:   0.541% error-ratio: 9.818825e-01
#              +---------------------------------------------------+
#              |012345678901234567890123456789012345678901234567890|
#              +---------------------------------------------------+
# Scale:       |.1234567890abcdefghijklmnopqrstuvwxyzãäåêëîïðñôõöûü|
#              |üÿABCDEFGHIJKLMNOPQRSTUVWXYZÂÃÄÅÊËÑÔÕÖÛÜÝø¤*©®¶&%@#|
#              +---------------------------------------------------+
#              |pct diff from 50%: abs((0.5-(changed/reps))*2) *100|
#              +----------------------------------------------------------------+
#              |0         1         2         3         4         5         6   |
#              |0123456789012345678901234567890123456789012345678901234567890123|
#              +----------------------------------------------------------------+
# seed     0.0 |................................................................| x 64
# key      0.0 |................................................................| x 2
# key      2.0 |................1...............................................|
# key      3.0 |................................................................| x 117
#              +----------------------------------------------------------------+
#              +---------------------------------------------------+
#              |012345678901234567890123456789012345678901234567890|
#              +---------------------------------------------------+
# Scale:       |.1234567890abcdefghijklmnopqrstuvwxyzãäåêëîïðñôõöûü|
#              |üÿABCDEFGHIJKLMNOPQRSTUVWXYZÂÃÄÅÊËÑÔÕÖÛÜÝø¤*©®¶&%@#|
#              +---------------------------------------------------+
#              |scaled p-value above confidence level (zero is ok) |
#              +----------------------------------------------------------------+
#              |0         1         2         3         4         5         6   |
#              |0123456789012345678901234567890123456789012345678901234567890123|
#              +----------------------------------------------------------------+
# seed     0.0 |................................................................| x 64
# key      0.0 |................................................................| x 120
#              +----------------------------------------------------------------+
# 0 of 11776 bits failed (0.00%) failed at 99.999943 confidence
#     g-test: 0.000000%
#     sum-error-square: 0.00050272
#     hash bit-level errors: 4/64
#     - hash bit 20 gtest-prob not-random: 100.0000 (45969765/46030235)
#     - hash bit 37 gtest-prob not-random: 100.0000 (45975278/46024722)
#     - hash bit 54 gtest-prob not-random: 100.0000 (45973869/46026131)
#     - with 1 more hash bit errors not described above.
not ok 32 - Strict Avalanche Criteria - 120 bit keys
# Testing 128-bit keys.......... not ok! # worst-bit:   0.552% error-ratio: 9.744634e-01
#              +---------------------------------------------------+
#              |012345678901234567890123456789012345678901234567890|
#              +---------------------------------------------------+
# Scale:       |.1234567890abcdefghijklmnopqrstuvwxyzãäåêëîïðñôõöûü|
#              |üÿABCDEFGHIJKLMNOPQRSTUVWXYZÂÃÄÅÊËÑÔÕÖÛÜÝø¤*©®¶&%@#|
#              +---------------------------------------------------+
#              |pct diff from 50%: abs((0.5-(changed/reps))*2) *100|
#              +----------------------------------------------------------------+
#              |0         1         2         3         4         5         6   |
#              |0123456789012345678901234567890123456789012345678901234567890123|
#              +----------------------------------------------------------------+
# seed     0.0 |................................................................| x 64
# key      0.0 |................................................................| x 8
# key      8.0 |...................1............................................|
# key      9.0 |................................................................|
# key     10.0 |....................................................1...........|
# key     11.0 |................................................................| x 12
# key     23.0 |................................1...............................|
# key     24.0 |................................................................| x 3
# key     27.0 |.........1......................................................|
# key     28.0 |................................................................| x 42
# key     70.0 |..........................1.....................................|
# key     71.0 |................................................................| x 57
#              +----------------------------------------------------------------+
#              +---------------------------------------------------+
#              |012345678901234567890123456789012345678901234567890|
#              +---------------------------------------------------+
# Scale:       |.1234567890abcdefghijklmnopqrstuvwxyzãäåêëîïðñôõöûü|
#              |üÿABCDEFGHIJKLMNOPQRSTUVWXYZÂÃÄÅÊËÑÔÕÖÛÜÝø¤*©®¶&%@#|
#              +---------------------------------------------------+
#              |scaled p-value above confidence level (zero is ok) |
#              +----------------------------------------------------------------+
#              |0         1         2         3         4         5         6   |
#              |0123456789012345678901234567890123456789012345678901234567890123|
#              +----------------------------------------------------------------+
# seed     0.0 |................................................................| x 64
# key      0.0 |................................................................| x 128
#              +----------------------------------------------------------------+
# 0 of 12288 bits failed (0.00%) failed at 99.999943 confidence
#     g-test: 0.000000%
#     sum-error-square: 0.00049893
#     hash bit-level errors: 3/64
#     - hash bit 2 gtest-prob not-random: 100.0000 (47971615/48028385)
#     - hash bit 24 gtest-prob not-random: 99.9999 (47975481/48024519)
#     - hash bit 57 gtest-prob not-random: 100.0000 (48025504/47974496)
not ok 33 - Strict Avalanche Criteria - 128 bit keys
# Testing 136-bit keys.......... not ok! # worst-bit:   0.556% error-ratio: 9.817938e-01
#              +---------------------------------------------------+
#              |012345678901234567890123456789012345678901234567890|
#              +---------------------------------------------------+
# Scale:       |.1234567890abcdefghijklmnopqrstuvwxyzãäåêëîïðñôõöûü|
#              |üÿABCDEFGHIJKLMNOPQRSTUVWXYZÂÃÄÅÊËÑÔÕÖÛÜÝø¤*©®¶&%@#|
#              +---------------------------------------------------+
#              |pct diff from 50%: abs((0.5-(changed/reps))*2) *100|
#              +----------------------------------------------------------------+
#              |0         1         2         3         4         5         6   |
#              |0123456789012345678901234567890123456789012345678901234567890123|
#              +----------------------------------------------------------------+
# seed     0.0 |................................................................| x 2
# seed     2.0 |...............................................1................|
# seed     3.0 |................................................................| x 6
# seed     9.0 |........1.......................................................|
# seed    10.0 |................................................................| x 54
# key      0.0 |................................................................| x 61
# key     61.0 |.....................................................1..........|
# key     62.0 |................................................................| x 74
#              +----------------------------------------------------------------+
#              +---------------------------------------------------+
#              |012345678901234567890123456789012345678901234567890|
#              +---------------------------------------------------+
# Scale:       |.1234567890abcdefghijklmnopqrstuvwxyzãäåêëîïðñôõöûü|
#              |üÿABCDEFGHIJKLMNOPQRSTUVWXYZÂÃÄÅÊËÑÔÕÖÛÜÝø¤*©®¶&%@#|
#              +---------------------------------------------------+
#              |scaled p-value above confidence level (zero is ok) |
#              +----------------------------------------------------------------+
#              |0         1         2         3         4         5         6   |
#              |0123456789012345678901234567890123456789012345678901234567890123|
#              +----------------------------------------------------------------+
# seed     0.0 |................................................................| x 64
# key      0.0 |................................................................| x 136
#              +----------------------------------------------------------------+
# 0 of 12800 bits failed (0.00%) failed at 99.999943 confidence
#     g-test: 0.000000%
#     sum-error-square: 0.00050268
#     hash bit-level errors: 2/64
#     - hash bit 50 gtest-prob not-random: 100.0000 (50026727/49973273)
#     - hash bit 60 gtest-prob not-random: 100.0000 (50025569/49974431)
not ok 34 - Strict Avalanche Criteria - 136 bit keys
# Testing 144-bit keys.......... not ok! # worst-bit:   0.556% error-ratio: 9.834389e-01
#              +---------------------------------------------------+
#              |012345678901234567890123456789012345678901234567890|
#              +---------------------------------------------------+
# Scale:       |.1234567890abcdefghijklmnopqrstuvwxyzãäåêëîïðñôõöûü|
#              |üÿABCDEFGHIJKLMNOPQRSTUVWXYZÂÃÄÅÊËÑÔÕÖÛÜÝø¤*©®¶&%@#|
#              +---------------------------------------------------+
#              |pct diff from 50%: abs((0.5-(changed/reps))*2) *100|
#              +----------------------------------------------------------------+
#              |0         1         2         3         4         5         6   |
#              |0123456789012345678901234567890123456789012345678901234567890123|
#              +----------------------------------------------------------------+
# seed     0.0 |................................................................| x 64
# key      0.0 |................................................................| x 57
# key     57.0 |..............................1.................................|
# key     58.0 |................................................................| x 30
# key     88.0 |.................1..............................................|
# key     89.0 |................................................................| x 55
#              +----------------------------------------------------------------+
#              +---------------------------------------------------+
#              |012345678901234567890123456789012345678901234567890|
#              +---------------------------------------------------+
# Scale:       |.1234567890abcdefghijklmnopqrstuvwxyzãäåêëîïðñôõöûü|
#              |üÿABCDEFGHIJKLMNOPQRSTUVWXYZÂÃÄÅÊËÑÔÕÖÛÜÝø¤*©®¶&%@#|
#              +---------------------------------------------------+
#              |scaled p-value above confidence level (zero is ok) |
#              +----------------------------------------------------------------+
#              |0         1         2         3         4         5         6   |
#              |0123456789012345678901234567890123456789012345678901234567890123|
#              +----------------------------------------------------------------+
# seed     0.0 |................................................................| x 64
# key      0.0 |................................................................| x 144
#              +----------------------------------------------------------------+
# 0 of 13312 bits failed (0.00%) failed at 99.999943 confidence
#     g-test: 0.000000%
#     sum-error-square: 0.00050352
#     hash bit-level errors: 2/64
#     - hash bit 9 gtest-prob not-random: 100.0000 (51971118/52028882)
#     - hash bit 59 gtest-prob not-random: 100.0000 (51973219/52026781)
not ok 35 - Strict Avalanche Criteria - 144 bit keys
# Testing 152-bit keys.......... not ok! # worst-bit:   0.553% error-ratio: 9.779366e-01
#              +---------------------------------------------------+
#              |012345678901234567890123456789012345678901234567890|
#              +---------------------------------------------------+
# Scale:       |.1234567890abcdefghijklmnopqrstuvwxyzãäåêëîïðñôõöûü|
#              |üÿABCDEFGHIJKLMNOPQRSTUVWXYZÂÃÄÅÊËÑÔÕÖÛÜÝø¤*©®¶&%@#|
#              +---------------------------------------------------+
#              |pct diff from 50%: abs((0.5-(changed/reps))*2) *100|
#              +----------------------------------------------------------------+
#              |0         1         2         3         4         5         6   |
#              |0123456789012345678901234567890123456789012345678901234567890123|
#              +----------------------------------------------------------------+
# seed     0.0 |................................................................| x 4
# seed     4.0 |..............................................1.................|
# seed     5.0 |................................................................| x 59
# key      0.0 |................................................................| x 46
# key     46.0 |............................................................1...|
# key     47.0 |................................................................| x 23
# key     70.0 |.........................1......................................|
# key     71.0 |................................................................| x 23
# key     94.0 |.1..............................................................|
# key     95.0 |................................................................| x 10
# key    105.0 |...........1....................................................|
# key    106.0 |................................................................| x 46
#              +----------------------------------------------------------------+
#              +---------------------------------------------------+
#              |012345678901234567890123456789012345678901234567890|
#              +---------------------------------------------------+
# Scale:       |.1234567890abcdefghijklmnopqrstuvwxyzãäåêëîïðñôõöûü|
#              |üÿABCDEFGHIJKLMNOPQRSTUVWXYZÂÃÄÅÊËÑÔÕÖÛÜÝø¤*©®¶&%@#|
#              +---------------------------------------------------+
#              |scaled p-value above confidence level (zero is ok) |
#              +----------------------------------------------------------------+
#              |0         1         2         3         4         5         6   |
#              |0123456789012345678901234567890123456789012345678901234567890123|
#              +----------------------------------------------------------------+
# seed     0.0 |................................................................| x 64
# key      0.0 |................................................................| x 152
#              +----------------------------------------------------------------+
# 0 of 13824 bits failed (0.00%) failed at 99.999943 confidence
#     g-test: 0.000000%
#     sum-error-square: 0.00050070
#     hash bit-level errors: 2/64
#     - hash bit 11 gtest-prob not-random: 100.0000 (53966339/54033661)
#     - hash bit 15 gtest-prob not-random: 100.0000 (54028193/53971807)
not ok 36 - Strict Avalanche Criteria - 152 bit keys
# Testing 152-bit keys.......... not ok! # worst-bit:   0.600% error-ratio: 1.026281e+00
#              +---------------------------------------------------+
#              |012345678901234567890123456789012345678901234567890|
#              +---------------------------------------------------+
# Scale:       |.1234567890abcdefghijklmnopqrstuvwxyzãäåêëîïðñôõöûü|
#              |üÿABCDEFGHIJKLMNOPQRSTUVWXYZÂÃÄÅÊËÑÔÕÖÛÜÝø¤*©®¶&%@#|
#              +---------------------------------------------------+
#              |pct diff from 50%: abs((0.5-(changed/reps))*2) *100|
#              +----------------------------------------------------------------+
#              |0         1         2         3         4         5         6   |
#              |0123456789012345678901234567890123456789012345678901234567890123|
#              +----------------------------------------------------------------+
# seed     0.0 |................................................................| x 25
# seed    25.0 |...................................................1............|
# seed    26.0 |................................................................| x 38
# key      0.0 |................................................................| x 19
# key     19.0 |............................................1...................|
# key     20.0 |................................................................| x 14
# key     34.0 |..............................................................1.|
# key     35.0 |................................................................| x 4
# key     39.0 |..............................1.................................|
# key     40.0 |................................................................| x 13
# key     53.0 |...................................................1............|
# key     54.0 |................................................................| x 18
# key     72.0 |.........1......................................................|
# key     73.0 |................................................................| x 31
# key    104.0 |..........1.....................................................|
# key    105.0 |................................................................| x 47
#              +----------------------------------------------------------------+
#              +---------------------------------------------------+
#              |012345678901234567890123456789012345678901234567890|
#              +---------------------------------------------------+
# Scale:       |.1234567890abcdefghijklmnopqrstuvwxyzãäåêëîïðñôõöûü|
#              |üÿABCDEFGHIJKLMNOPQRSTUVWXYZÂÃÄÅÊËÑÔÕÖÛÜÝø¤*©®¶&%@#|
#              +---------------------------------------------------+
#              |scaled p-value above confidence level (zero is ok) |
#              +----------------------------------------------------------------+
#              |0         1         2         3         4         5         6   |
#              |0123456789012345678901234567890123456789012345678901234567890123|
#              +----------------------------------------------------------------+
# seed     0.0 |................................................................| x 64
# key      0.0 |................................................................| x 152
#              +----------------------------------------------------------------+
# 0 of 13824 bits failed (0.00%) failed at 99.999943 confidence
#     g-test: 0.000000%
#     sum-error-square: 0.00052546
#     hash bit-level errors: 2/64
#     - hash bit 30 gtest-prob not-random: 100.0000 (54026939/53973061)
#     - hash bit 50 gtest-prob not-random: 100.0000 (53969764/54030236)
not ok 37 - Strict Avalanche Criteria - 160 bit keys
# Testing 256-bit keys.......... ok.     # worst-bit:   0.578% error-ratio: 9.852566e-01
ok 38 - Strict Avalanche Criteria - 256 bit keys
not ok 39 - Strict Avalanche Criteria # cmetrohash64_1
### Keyset 'Cyclic' Tests ###
# Keyset 'Cyclic' - 8 cycles of 8 bytes - 10000000 keys
# Testing collisions   - Expected     0.00, actual        0 ( 0.00x) - passed
ok 40 - Collision Rate for Keyset 'Cyclic' - 8 cycles of 8 bytes - 10000000 keys
ok 41 - Distribution Bias Check for Keyset 'Cyclic' - 8 cycles of 8 bytes - 10000000 keys
# Keyset 'Cyclic' - 8 cycles of 9 bytes - 10000000 keys
# Testing collisions   - Expected     0.00, actual        0 ( 0.00x) - passed
ok 42 - Collision Rate for Keyset 'Cyclic' - 8 cycles of 9 bytes - 10000000 keys
ok 43 - Distribution Bias Check for Keyset 'Cyclic' - 8 cycles of 9 bytes - 10000000 keys
# Keyset 'Cyclic' - 8 cycles of 10 bytes - 10000000 keys
# Testing collisions   - Expected     0.00, actual        0 ( 0.00x) - passed
ok 44 - Collision Rate for Keyset 'Cyclic' - 8 cycles of 10 bytes - 10000000 keys
ok 45 - Distribution Bias Check for Keyset 'Cyclic' - 8 cycles of 10 bytes - 10000000 keys
# Keyset 'Cyclic' - 8 cycles of 11 bytes - 10000000 keys
# Testing collisions   - Expected     0.00, actual        0 ( 0.00x) - passed
ok 46 - Collision Rate for Keyset 'Cyclic' - 8 cycles of 11 bytes - 10000000 keys
ok 47 - Distribution Bias Check for Keyset 'Cyclic' - 8 cycles of 11 bytes - 10000000 keys
# Keyset 'Cyclic' - 8 cycles of 12 bytes - 10000000 keys
# Testing collisions   - Expected     0.00, actual        0 ( 0.00x) - passed
ok 48 - Collision Rate for Keyset 'Cyclic' - 8 cycles of 12 bytes - 10000000 keys
ok 49 - Distribution Bias Check for Keyset 'Cyclic' - 8 cycles of 12 bytes - 10000000 keys
ok 50 - Keyset 'Cyclic' # cmetrohash64_1
### Keyset 'TwoBytes' Tests ###
# Testing collisions   - Expected     0.00, actual        0 ( 0.00x) - passed
ok 51 - Collision Rate for Keyset 'TwoBytes' - up-to-4-byte keys, 652545 total keys
ok 52 - Distribution Bias Check for Keyset 'TwoBytes' - up-to-4-byte keys, 652545 total keys
# Testing collisions   - Expected     0.00, actual        0 ( 0.00x) - passed
ok 53 - Collision Rate for Keyset 'TwoBytes' - up-to-8-byte keys, 5471025 total keys
ok 54 - Distribution Bias Check for Keyset 'TwoBytes' - up-to-8-byte keys, 5471025 total keys
# Testing collisions   - Expected     0.00, actual        0 ( 0.00x) - passed
ok 55 - Collision Rate for Keyset 'TwoBytes' - up-to-12-byte keys, 18616785 total keys
ok 56 - Distribution Bias Check for Keyset 'TwoBytes' - up-to-12-byte keys, 18616785 total keys
# Testing collisions   - Expected     0.00, actual        0 ( 0.00x) - passed
ok 57 - Collision Rate for Keyset 'TwoBytes' - up-to-16-byte keys, 44251425 total keys
ok 58 - Distribution Bias Check for Keyset 'TwoBytes' - up-to-16-byte keys, 44251425 total keys
# Testing collisions   - Expected     0.00, actual        0 ( 0.00x) - passed
ok 59 - Collision Rate for Keyset 'TwoBytes' - up-to-20-byte keys, 86536545 total keys
ok 60 - Distribution Bias Check for Keyset 'TwoBytes' - up-to-20-byte keys, 86536545 total keys
ok 61 - Keyset 'TwoBytes' # cmetrohash64_1
### Keyset 'Sparse' Tests ###
# Keyset 'Sparse' - 32-bit keys with up to 6 bits set - 1149017 keys
# Testing collisions   - Expected     0.00, actual        0 ( 0.00x) - passed
ok 62 - Collision Rate for Keyset 'Sparse' - 32-bit keys with up to 6 bits set
ok 63 - Distribution Bias Check for Keyset 'Sparse' - 32-bit keys with up to 6 bits set
# Keyset 'Sparse' - 40-bit keys with up to 6 bits set - 4598479 keys
# Testing collisions   - Expected     0.00, actual        0 ( 0.00x) - passed
ok 64 - Collision Rate for Keyset 'Sparse' - 40-bit keys with up to 6 bits set
ok 65 - Distribution Bias Check for Keyset 'Sparse' - 40-bit keys with up to 6 bits set
# Keyset 'Sparse' - 48-bit keys with up to 5 bits set - 1925357 keys
# Testing collisions   - Expected     0.00, actual        0 ( 0.00x) - passed
ok 66 - Collision Rate for Keyset 'Sparse' - 48-bit keys with up to 5 bits set
ok 67 - Distribution Bias Check for Keyset 'Sparse' - 48-bit keys with up to 5 bits set
# Keyset 'Sparse' - 56-bit keys with up to 5 bits set - 4216423 keys
# Testing collisions   - Expected     0.00, actual        0 ( 0.00x) - passed
ok 68 - Collision Rate for Keyset 'Sparse' - 56-bit keys with up to 5 bits set
ok 69 - Distribution Bias Check for Keyset 'Sparse' - 56-bit keys with up to 5 bits set
# Keyset 'Sparse' - 64-bit keys with up to 5 bits set - 8303633 keys
# Testing collisions   - Expected     0.00, actual        0 ( 0.00x) - passed
ok 70 - Collision Rate for Keyset 'Sparse' - 64-bit keys with up to 5 bits set
ok 71 - Distribution Bias Check for Keyset 'Sparse' - 64-bit keys with up to 5 bits set
# Keyset 'Sparse' - 96-bit keys with up to 4 bits set - 3469497 keys
# Testing collisions   - Expected     0.00, actual        0 ( 0.00x) - passed
ok 72 - Collision Rate for Keyset 'Sparse' - 96-bit keys with up to 4 bits set
ok 73 - Distribution Bias Check for Keyset 'Sparse' - 96-bit keys with up to 4 bits set
# Keyset 'Sparse' - 256-bit keys with up to 3 bits set - 2796417 keys
# Testing collisions   - Expected     0.00, actual        0 ( 0.00x) - passed
ok 74 - Collision Rate for Keyset 'Sparse' - 256-bit keys with up to 3 bits set
ok 75 - Distribution Bias Check for Keyset 'Sparse' - 256-bit keys with up to 3 bits set
# Keyset 'Sparse' - 2048-bit keys with up to 2 bits set - 2098177 keys
# Testing collisions   - Expected     0.00, actual        0 ( 0.00x) - passed
ok 76 - Collision Rate for Keyset 'Sparse' - 2048-bit keys with up to 2 bits set
ok 77 - Distribution Bias Check for Keyset 'Sparse' - 2048-bit keys with up to 2 bits set
ok 78 - Keyset 'Sparse' # cmetrohash64_1
# Keyset 'CRC-MultiCollision' - 1048575 x 16 block keys - 128-bytes long - 10 seeds
# Testing collisions   - Expected     0.00, actual        0 ( 0.00x) - passed
ok 79 - Collision Rate for Keyset 'CRC-MultiCollision' - seed 1 # cmetrohash64_1
# Testing collisions   - Expected     0.00, actual        0 ( 0.00x) - passed
ok 80 - Collision Rate for Keyset 'CRC-MultiCollision' - seed 2 # cmetrohash64_1
# Testing collisions   - Expected     0.00, actual        0 ( 0.00x) - passed
ok 81 - Collision Rate for Keyset 'CRC-MultiCollision' - seed 3 # cmetrohash64_1
# Testing collisions   - Expected     0.00, actual        0 ( 0.00x) - passed
ok 82 - Collision Rate for Keyset 'CRC-MultiCollision' - seed 4 # cmetrohash64_1
# Testing collisions   - Expected     0.00, actual        0 ( 0.00x) - passed
ok 83 - Collision Rate for Keyset 'CRC-MultiCollision' - seed 5 # cmetrohash64_1
# Testing collisions   - Expected     0.00, actual        0 ( 0.00x) - passed
ok 84 - Collision Rate for Keyset 'CRC-MultiCollision' - seed 6 # cmetrohash64_1
# Testing collisions   - Expected     0.00, actual        0 ( 0.00x) - passed
ok 85 - Collision Rate for Keyset 'CRC-MultiCollision' - seed 7 # cmetrohash64_1
# Testing collisions   - Expected     0.00, actual        0 ( 0.00x) - passed
ok 86 - Collision Rate for Keyset 'CRC-MultiCollision' - seed 8 # cmetrohash64_1
# Testing collisions   - Expected     0.00, actual        0 ( 0.00x) - passed
ok 87 - Collision Rate for Keyset 'CRC-MultiCollision' - seed 9 # cmetrohash64_1
# Testing collisions   - Expected     0.00, actual        0 ( 0.00x) - passed
ok 88 - Collision Rate for Keyset 'CRC-MultiCollision' - seed 10 # cmetrohash64_1
### Keyset 'Combination Lowbits' Tests ###
# Keyset 'Combination' - up to 8 blocks from a set of 8 - 19173960 keys
# Testing collisions   - Expected     0.00, actual        0 ( 0.00x) - passed
ok 89 - Collision Rate for Keyset 'Combination Lowbits'
ok 90 - Distribution Bias Check for Keyset 'Combination Lowbits'
ok 91 - Keyset 'Combination Lowbits' # cmetrohash64_1
### Keyset 'Combination Highbits' Tests ###
# Keyset 'Combination' - up to 8 blocks from a set of 8 - 19173960 keys
# Testing collisions   - Expected     0.00, actual        0 ( 0.00x) - passed
ok 92 - Collision Rate for Keyset 'Combination Highbits'
ok 93 - Distribution Bias Check for Keyset 'Combination Highbits'
ok 94 - Keyset 'Combination Highbits' # cmetrohash64_1
### Keyset 'Combination Highbits2' Tests ###
# Keyset 'Combination' - up to 8 blocks from a set of 8 - 19173960 keys
# Testing collisions   - Expected     0.00, actual        0 ( 0.00x) - passed
ok 95 - Collision Rate for Keyset 'Combination Highbits2'
ok 96 - Distribution Bias Check for Keyset 'Combination Highbits2'
ok 97 - Keyset 'Combination Highbits2' # cmetrohash64_1
### Keyset 'Combination 0x80000000' Tests ###
# Keyset 'Combination' - up to 20 blocks from a set of 2 - 2097150 keys
# Testing collisions   - Expected     0.00, actual        0 ( 0.00x) - passed
ok 98 - Collision Rate for Keyset 'Combination 0x80000000'
ok 99 - Distribution Bias Check for Keyset 'Combination 0x80000000'
ok 100 - Keyset 'Combination 0x80000000' # cmetrohash64_1
### Keyset 'Combination 0x00000001' Tests ###
# Keyset 'Combination' - up to 20 blocks from a set of 2 - 2097150 keys
# Testing collisions   - Expected     0.00, actual        0 ( 0.00x) - passed
ok 101 - Collision Rate for Keyset 'Combination 0x00000001'
ok 102 - Distribution Bias Check for Keyset 'Combination 0x00000001'
ok 103 - Keyset 'Combination 0x00000001' # cmetrohash64_1
### Keyset 'Combination Hi-Lo' Tests ###
# Keyset 'Combination' - up to 6 blocks from a set of 15 - 12204240 keys
# Testing collisions   - Expected     0.00, actual        0 ( 0.00x) - passed
ok 104 - Collision Rate for Keyset 'Combination Hi-Lo'
ok 105 - Distribution Bias Check for Keyset 'Combination Hi-Lo'
ok 106 - Keyset 'Combination Hi-Lo' # cmetrohash64_1
### Keyset 'Text' Tests ###
# Keyset 'Text' - keys of form "Foo[XXXX]Bar" - 14776336 keys
# Testing collisions   - Expected     0.00, actual        0 ( 0.00x) - passed
ok 107 - Collision Rate for Keyset 'Text' - keys of form "Foo[XXXX]Bar" - 14776336 keys
ok 108 - Distribution Bias Check for Keyset 'Text' - keys of form "Foo[XXXX]Bar" - 14776336 keys
# Keyset 'Text' - keys of form "FooBar[XXXX]" - 14776336 keys
# Testing collisions   - Expected     0.00, actual        0 ( 0.00x) - passed
ok 109 - Collision Rate for Keyset 'Text' - keys of form "FooBar[XXXX]" - 14776336 keys
ok 110 - Distribution Bias Check for Keyset 'Text' - keys of form "FooBar[XXXX]" - 14776336 keys
# Keyset 'Text' - keys of form "[XXXX]FooBar" - 14776336 keys
# Testing collisions   - Expected     0.00, actual        0 ( 0.00x) - passed
ok 111 - Collision Rate for Keyset 'Text' - keys of form "[XXXX]FooBar" - 14776336 keys
ok 112 - Distribution Bias Check for Keyset 'Text' - keys of form "[XXXX]FooBar" - 14776336 keys
ok 113 - Keyset 'Text' # cmetrohash64_1
### Keyset 'Zeroes' Tests ###
# Keyset 'Zeroes' - 262144 keys
# Testing collisions   - Expected     0.00, actual        0 ( 0.00x) - passed
ok 114 - Collision Rate for Keyset 'Zeroes' - 262144 keys
ok 115 - Distribution Bias Check for Keyset 'Zeroes' - 262144 keys
ok 116 - Keyset 'Zeroes' # cmetrohash64_1
### Keyset 'Seed' Tests ###
# Keyset 'Seed' - 2000000 seeds, Key "The quick brown fox "...
# Testing collisions   - Expected     0.00, actual      438 - Excessive keys in collision - failed
not ok 117 - Collision Rate for Keyset 'Seed' - 2000000 seeds, Key "The quick brown fox "...
ok 118 - Distribution Bias Check for Keyset 'Seed' - 2000000 seeds, Key "The quick brown fox "...
# Keyset 'Seed' - 2000000 seeds, Key ""
# Testing collisions   - Expected     0.00, actual      466 - Excessive keys in collision - failed
not ok 119 - Collision Rate for Keyset 'Seed' - 2000000 seeds, Key ""
ok 120 - Distribution Bias Check for Keyset 'Seed' - 2000000 seeds, Key ""
# Keyset 'Seed' - 2000000 seeds, Key "00101100110101101"
# Testing collisions   - Expected     0.00, actual      434 - Excessive keys in collision - failed
not ok 121 - Collision Rate for Keyset 'Seed' - 2000000 seeds, Key "00101100110101101"
ok 122 - Distribution Bias Check for Keyset 'Seed' - 2000000 seeds, Key "00101100110101101"
# Keyset 'Seed' - 2000000 seeds, Key "abcbcddbdebdcaaabaaa"...
# Testing collisions   - Expected     0.00, actual      445 - Excessive keys in collision - failed
not ok 123 - Collision Rate for Keyset 'Seed' - 2000000 seeds, Key "abcbcddbdebdcaaabaaa"...
ok 124 - Distribution Bias Check for Keyset 'Seed' - 2000000 seeds, Key "abcbcddbdebdcaaabaaa"...
not ok 125 - Keyset 'Seed' # cmetrohash64_1
### Keyset 'Effs' Tests ###
# Keyset 'Effs' - 262144 keys
# Testing collisions   - Expected     0.00, actual        0 ( 0.00x) - passed
ok 126 - Collision Rate for Keyset 'Effs' - 262144 keys
ok 127 - Distribution Bias Check for Keyset 'Effs' - 262144 keys
ok 128 - Keyset 'Effs' # cmetrohash64_1
not ok 129 - all tests passed # cmetrohash64_1
1..129
# Tests Failed. cmetrohash64_1 failed 28 of 129 tests.
# Testing took 1642.480459 seconds
# This is SMHasher version v1.0-demerphq-5-g86440f3 - built on Mar 10 2017.
