ok 1 - SelfTest - Verify 89 Hashes
ok 2 - Found Hash # Crap8
###################################################################
### Testing Crap8 - no seed_state
### - Crap8 -
### seedbits: 32 statebits: 32 hashbits: 32
###################################################################
### Sanity Tests ###
ok 3 - Verification code # Crap8
# Sanity check simple key bit flips and consistency..........
ok 4 - SanityTest # Crap8
# Sanity check null suffixes change the hash (simple)..........
ok 5 - Appended Zeroes Test # Crap8
ok 6 - Sanity Test # Crap8
### Speed Tests ###
## Bulk speed test - 262144-byte keys
# Alignment  7 -  1.199 bytes/cycle - 3430.29 MiB/sec @ 3 ghz
# Alignment  6 -  1.187 bytes/cycle - 3396.38 MiB/sec @ 3 ghz
# Alignment  5 -  1.199 bytes/cycle - 3430.29 MiB/sec @ 3 ghz
# Alignment  4 -  1.199 bytes/cycle - 3430.27 MiB/sec @ 3 ghz
# Alignment  3 -  1.190 bytes/cycle - 3406.00 MiB/sec @ 3 ghz
# Alignment  2 -  1.199 bytes/cycle - 3430.28 MiB/sec @ 3 ghz
# Alignment  1 -  1.199 bytes/cycle - 3430.27 MiB/sec @ 3 ghz
# Alignment  0 -  1.189 bytes/cycle - 3402.95 MiB/sec @ 3 ghz
# Average      -  1.195 bytes/cycle - 3419.59 MiB/sec @ 3 ghz
## KeySpeed tests
# Crap8                     0 byte keys       13.000 c/h
# Crap8                     1 byte keys       12.817 c/h       12.817 c/b        0.078 b/c
# Crap8                     2 byte keys       12.625 c/h        6.313 c/b        0.158 b/c
# Crap8                     3 byte keys       13.126 c/h        4.375 c/b        0.229 b/c
# Crap8                     4 byte keys       13.282 c/h        3.321 c/b        0.301 b/c
# Crap8                     5 byte keys       15.131 c/h        3.026 c/b        0.330 b/c
# Crap8                     6 byte keys       15.129 c/h        2.521 c/b        0.397 b/c
# Crap8                     7 byte keys       15.126 c/h        2.161 c/b        0.463 b/c
# Crap8                     8 byte keys       15.000 c/h        1.875 c/b        0.533 b/c
# Crap8                     9 byte keys       18.466 c/h        2.052 c/b        0.487 b/c
# Crap8                    10 byte keys       18.000 c/h        1.800 c/b        0.556 b/c
# Crap8                    11 byte keys       18.108 c/h        1.646 c/b        0.607 b/c
# Crap8                    12 byte keys       18.182 c/h        1.515 c/b        0.660 b/c
# Crap8                    13 byte keys       21.941 c/h        1.688 c/b        0.593 b/c
# Crap8                    14 byte keys       21.948 c/h        1.568 c/b        0.638 b/c
# Crap8                    15 byte keys       22.105 c/h        1.474 c/b        0.679 b/c
# Crap8                    16 byte keys       21.984 c/h        1.374 c/b        0.728 b/c
# Crap8                    17 byte keys       25.000 c/h        1.471 c/b        0.680 b/c
# Crap8                    18 byte keys       25.000 c/h        1.389 c/b        0.720 b/c
# Crap8                    19 byte keys       25.119 c/h        1.322 c/b        0.756 b/c
# Crap8                    20 byte keys       25.000 c/h        1.250 c/b        0.800 b/c
# Crap8                    21 byte keys       28.000 c/h        1.333 c/b        0.750 b/c
# Crap8                    22 byte keys       28.000 c/h        1.273 c/b        0.786 b/c
# Crap8                    23 byte keys       28.000 c/h        1.217 c/b        0.821 b/c
# Crap8                    24 byte keys       28.000 c/h        1.167 c/b        0.857 b/c
# Crap8                    25 byte keys       31.738 c/h        1.270 c/b        0.788 b/c
# Crap8                    26 byte keys       31.555 c/h        1.214 c/b        0.824 b/c
# Crap8                    27 byte keys       31.569 c/h        1.169 c/b        0.855 b/c
# Crap8                    28 byte keys       31.849 c/h        1.137 c/b        0.879 b/c
# Crap8                    29 byte keys       35.848 c/h        1.236 c/b        0.809 b/c
# Crap8                    30 byte keys       35.000 c/h        1.167 c/b        0.857 b/c
# Crap8                    31 byte keys       35.000 c/h        1.129 c/b        0.886 b/c
#                          Average < 32       22.833 c/h        1.473 c/b        0.679 b/c
# Crap8                    32 byte keys       35.000 c/h        1.094 c/b        0.914 b/c
# Crap8                    36 byte keys       38.000 c/h        1.056 c/b        0.947 b/c
# Crap8                    40 byte keys       42.065 c/h        1.052 c/b        0.951 b/c
# Crap8                    44 byte keys       45.000 c/h        1.023 c/b        0.978 b/c
# Crap8                    48 byte keys       48.286 c/h        1.006 c/b        0.994 b/c
# Crap8                    52 byte keys       51.768 c/h        0.996 c/b        1.004 b/c
# Crap8                    56 byte keys       55.913 c/h        0.998 c/b        1.002 b/c
# Crap8                    60 byte keys       58.000 c/h        0.967 c/b        1.034 b/c
# Crap8                    64 byte keys       61.953 c/h        0.968 c/b        1.033 b/c
# Crap8                    68 byte keys       65.230 c/h        0.959 c/b        1.042 b/c
# Crap8                    72 byte keys       68.834 c/h        0.956 c/b        1.046 b/c
# Crap8                    76 byte keys       73.272 c/h        0.964 c/b        1.037 b/c
# Crap8                    80 byte keys       75.000 c/h        0.938 c/b        1.067 b/c
# Crap8                    84 byte keys       81.110 c/h        0.966 c/b        1.036 b/c
# Crap8                    88 byte keys       85.040 c/h        0.966 c/b        1.035 b/c
# Crap8                    92 byte keys       86.879 c/h        0.944 c/b        1.059 b/c
# Crap8                    96 byte keys       88.181 c/h        0.919 c/b        1.089 b/c
# Crap8                   100 byte keys       92.349 c/h        0.923 c/b        1.083 b/c
# Crap8                   104 byte keys       98.411 c/h        0.946 c/b        1.057 b/c
# Crap8                   108 byte keys      100.697 c/h        0.932 c/b        1.073 b/c
# Crap8                   112 byte keys      101.979 c/h        0.911 c/b        1.098 b/c
# Crap8                   116 byte keys      105.570 c/h        0.910 c/b        1.099 b/c
# Crap8                   120 byte keys      108.760 c/h        0.906 c/b        1.103 b/c
# Crap8                   124 byte keys      111.985 c/h        0.903 c/b        1.107 b/c
#                         Average < 128       44.820 c/h        1.060 c/b        0.943 b/c
# Crap8                   128 byte keys      118.752 c/h        0.928 c/b        1.078 b/c
# Crap8                   256 byte keys      238.611 c/h        0.932 c/b        1.073 b/c
# Crap8                   512 byte keys      452.237 c/h        0.883 c/b        1.132 b/c
# Crap8                  1024 byte keys      879.215 c/h        0.859 c/b        1.165 b/c
# Crap8                  2048 byte keys     1733.155 c/h        0.846 c/b        1.182 b/c
# Crap8                  4096 byte keys     3458.879 c/h        0.844 c/b        1.184 b/c
# Crap8                  8192 byte keys     6856.984 c/h        0.837 c/b        1.195 b/c
# Crap8                 16384 byte keys    13688.660 c/h        0.835 c/b        1.197 b/c
# Crap8                 32768 byte keys    27351.162 c/h        0.835 c/b        1.198 b/c
# Crap8                 65536 byte keys    55319.022 c/h        0.844 c/b        1.185 b/c
#                       Overall Average     1706.161 c/h        0.845 c/b        1.184 b/c
ok 7 - Speed (always passes) # Crap8
### Differential Tests ###
# Testing 8303632 up-to-5-bit differentials in 64-bit keys -> 32 bit hashes.
# 1000 reps, 8303632000 total tests, expecting 1.93 random collisions..........
ok 8 - Differential collisions # Crap8
ok 9 - Nothing skipped during differential collision check # Crap8
# 1 total collisions, of which 1 single collisions were ignored
ok 10 - ProcessDifferentials
# Testing 11017632 up-to-4-bit differentials in 128-bit keys -> 32 bit hashes.
# 1000 reps, 11017632000 total tests, expecting 2.57 random collisions..........
ok 11 - Differential collisions # Crap8
ok 12 - Nothing skipped during differential collision check # Crap8
# 0 total collisions, of which 0 single collisions were ignored
ok 13 - ProcessDifferentials
# Testing 2796416 up-to-3-bit differentials in 256-bit keys -> 32 bit hashes.
# 1000 reps, 2796416000 total tests, expecting 0.65 random collisions..........
ok 14 - Differential collisions # Crap8
ok 15 - Nothing skipped during differential collision check # Crap8
# 1 total collisions, of which 1 single collisions were ignored
ok 16 - ProcessDifferentials
ok 17 - Differential # Crap8
### Avalanche Tests ### - seed-bits: 32 hash-bits: 32
# Samples 1000000, expected error 0.00025600, confidence level 99.99994267%
# Testing   0-bit keys.......... ok.     # worst-bit:   0.345% error-ratio: 9.255127e-01
ok 18 - Strict Avalanche Criteria - 0 bit keys
# Testing   8-bit keys.......... ok.     # worst-bit:   0.332% error-ratio: 9.837093e-01
ok 19 - Strict Avalanche Criteria - 8 bit keys
# Testing  16-bit keys.......... ok.     # worst-bit:   0.328% error-ratio: 9.755403e-01
ok 20 - Strict Avalanche Criteria - 16 bit keys
# Testing  24-bit keys.......... ok.     # worst-bit:   0.358% error-ratio: 1.022004e+00
ok 21 - Strict Avalanche Criteria - 24 bit keys
# Testing  32-bit keys.......... ok.     # worst-bit:   0.374% error-ratio: 1.044545e+00
ok 22 - Strict Avalanche Criteria - 32 bit keys
# Testing  40-bit keys.......... ok.     # worst-bit:   0.348% error-ratio: 9.813720e-01
ok 23 - Strict Avalanche Criteria - 40 bit keys
# Testing  48-bit keys.......... ok.     # worst-bit:   0.340% error-ratio: 1.043318e+00
ok 24 - Strict Avalanche Criteria - 48 bit keys
# Testing  56-bit keys.......... ok.     # worst-bit:   0.333% error-ratio: 1.030753e+00
ok 25 - Strict Avalanche Criteria - 56 bit keys
# Testing  64-bit keys.......... ok.     # worst-bit:   0.330% error-ratio: 1.011065e+00
ok 26 - Strict Avalanche Criteria - 64 bit keys
# Testing  72-bit keys.......... ok.     # worst-bit:   0.388% error-ratio: 1.054226e+00
ok 27 - Strict Avalanche Criteria - 72 bit keys
# Testing  80-bit keys.......... ok.     # worst-bit:   0.367% error-ratio: 1.033390e+00
ok 28 - Strict Avalanche Criteria - 80 bit keys
# Testing  88-bit keys.......... ok.     # worst-bit:   0.363% error-ratio: 1.030678e+00
ok 29 - Strict Avalanche Criteria - 88 bit keys
# Testing  96-bit keys.......... ok.     # worst-bit:   0.419% error-ratio: 1.012624e+00
ok 30 - Strict Avalanche Criteria - 96 bit keys
# Testing 104-bit keys.......... ok.     # worst-bit:   0.401% error-ratio: 9.997206e-01
ok 31 - Strict Avalanche Criteria - 104 bit keys
# Testing 112-bit keys.......... ok.     # worst-bit:   0.373% error-ratio: 9.960433e-01
ok 32 - Strict Avalanche Criteria - 112 bit keys
# Testing 120-bit keys.......... ok.     # worst-bit:   0.332% error-ratio: 9.976551e-01
ok 33 - Strict Avalanche Criteria - 120 bit keys
# Testing 128-bit keys.......... ok.     # worst-bit:   0.381% error-ratio: 9.982074e-01
ok 34 - Strict Avalanche Criteria - 128 bit keys
# Testing 136-bit keys.......... ok.     # worst-bit:   0.381% error-ratio: 1.012698e+00
ok 35 - Strict Avalanche Criteria - 136 bit keys
# Testing 144-bit keys.......... ok.     # worst-bit:   0.357% error-ratio: 1.026208e+00
ok 36 - Strict Avalanche Criteria - 144 bit keys
# Testing 152-bit keys.......... ok.     # worst-bit:   0.428% error-ratio: 1.013849e+00
ok 37 - Strict Avalanche Criteria - 152 bit keys
# Testing 152-bit keys.......... ok.     # worst-bit:   0.397% error-ratio: 9.891286e-01
ok 38 - Strict Avalanche Criteria - 160 bit keys
# Testing 256-bit keys.......... ok.     # worst-bit:   0.388% error-ratio: 9.813613e-01
ok 39 - Strict Avalanche Criteria - 256 bit keys
ok 40 - Strict Avalanche Criteria # Crap8
### Keyset 'Cyclic' Tests ###
# Keyset 'Cyclic' - 8 cycles of 4 bytes - 10000000 keys
# Testing collisions   - Expected 11641.53, actual   657639 (56.49x) - failed
not ok 41 - Collision Rate for Keyset 'Cyclic' - 8 cycles of 4 bytes - 10000000 keys
# worst bias is the  20-bit window at bit  25 - 1.703% (416)
not ok 42 - Distribution Bias Check for Keyset 'Cyclic' - 8 cycles of 4 bytes - 10000000 keys
# Keyset 'Cyclic' - 8 cycles of 5 bytes - 10000000 keys
# Testing collisions   - Expected 11641.53, actual    40033 ( 3.44x) - failed
not ok 43 - Collision Rate for Keyset 'Cyclic' - 8 cycles of 5 bytes - 10000000 keys
ok 44 - Distribution Bias Check for Keyset 'Cyclic' - 8 cycles of 5 bytes - 10000000 keys
# Keyset 'Cyclic' - 8 cycles of 6 bytes - 10000000 keys
# Testing collisions   - Expected 11641.53, actual    68562 ( 5.89x) - failed
not ok 45 - Collision Rate for Keyset 'Cyclic' - 8 cycles of 6 bytes - 10000000 keys
ok 46 - Distribution Bias Check for Keyset 'Cyclic' - 8 cycles of 6 bytes - 10000000 keys
# Keyset 'Cyclic' - 8 cycles of 7 bytes - 10000000 keys
# Testing collisions   - Expected 11641.53, actual    40120 ( 3.45x) - failed
not ok 47 - Collision Rate for Keyset 'Cyclic' - 8 cycles of 7 bytes - 10000000 keys
ok 48 - Distribution Bias Check for Keyset 'Cyclic' - 8 cycles of 7 bytes - 10000000 keys
# Keyset 'Cyclic' - 8 cycles of 8 bytes - 10000000 keys
# Testing collisions   - Expected 11641.53, actual   229908 (19.75x) - failed
not ok 49 - Collision Rate for Keyset 'Cyclic' - 8 cycles of 8 bytes - 10000000 keys
ok 50 - Distribution Bias Check for Keyset 'Cyclic' - 8 cycles of 8 bytes - 10000000 keys
not ok 51 - Keyset 'Cyclic' # Crap8
### Keyset 'TwoBytes' Tests ###
# Testing collisions   - Expected    49.57, actual       49 ( 0.99x) - passed
ok 52 - Collision Rate for Keyset 'TwoBytes' - up-to-4-byte keys, 652545 total keys
ok 53 - Distribution Bias Check for Keyset 'TwoBytes' - up-to-4-byte keys, 652545 total keys
# Testing collisions   - Expected  3484.56, actual     4706 ( 1.35x) - passed
ok 54 - Collision Rate for Keyset 'TwoBytes' - up-to-8-byte keys, 5471025 total keys
ok 55 - Distribution Bias Check for Keyset 'TwoBytes' - up-to-8-byte keys, 5471025 total keys
# Testing collisions   - Expected 40347.77, actual    55272 ( 1.37x) - passed
ok 56 - Collision Rate for Keyset 'TwoBytes' - up-to-12-byte keys, 18616785 total keys
ok 57 - Distribution Bias Check for Keyset 'TwoBytes' - up-to-12-byte keys, 18616785 total keys
# Testing collisions   - Expected 227963.15, actual   277866 ( 1.22x) - passed
ok 58 - Collision Rate for Keyset 'TwoBytes' - up-to-16-byte keys, 44251425 total keys
ok 59 - Distribution Bias Check for Keyset 'TwoBytes' - up-to-16-byte keys, 44251425 total keys
# Testing collisions   - Expected 871784.70, actual   983322 ( 1.13x) - passed
ok 60 - Collision Rate for Keyset 'TwoBytes' - up-to-20-byte keys, 86536545 total keys
ok 61 - Distribution Bias Check for Keyset 'TwoBytes' - up-to-20-byte keys, 86536545 total keys
ok 62 - Keyset 'TwoBytes' # Crap8
### Keyset 'Sparse' Tests ###
# Keyset 'Sparse' - 32-bit keys with up to 6 bits set - 1149017 keys
# Testing collisions   - Expected   153.70, actual      187 ( 1.22x) - passed
ok 63 - Collision Rate for Keyset 'Sparse' - 32-bit keys with up to 6 bits set
ok 64 - Distribution Bias Check for Keyset 'Sparse' - 32-bit keys with up to 6 bits set
# Keyset 'Sparse' - 40-bit keys with up to 6 bits set - 4598479 keys
# Testing collisions   - Expected  2461.72, actual     2507 ( 1.02x) - passed
ok 65 - Collision Rate for Keyset 'Sparse' - 40-bit keys with up to 6 bits set
ok 66 - Distribution Bias Check for Keyset 'Sparse' - 40-bit keys with up to 6 bits set
# Keyset 'Sparse' - 48-bit keys with up to 5 bits set - 1925357 keys
# Testing collisions   - Expected   431.55, actual      405 ( 0.94x) - passed
ok 67 - Collision Rate for Keyset 'Sparse' - 48-bit keys with up to 5 bits set
ok 68 - Distribution Bias Check for Keyset 'Sparse' - 48-bit keys with up to 5 bits set
# Keyset 'Sparse' - 56-bit keys with up to 5 bits set - 4216423 keys
# Testing collisions   - Expected  2069.66, actual     2104 ( 1.02x) - passed
ok 69 - Collision Rate for Keyset 'Sparse' - 56-bit keys with up to 5 bits set
ok 70 - Distribution Bias Check for Keyset 'Sparse' - 56-bit keys with up to 5 bits set
# Keyset 'Sparse' - 64-bit keys with up to 5 bits set - 8303633 keys
# Testing collisions   - Expected  8026.87, actual     8017 ( 1.00x) - passed
ok 71 - Collision Rate for Keyset 'Sparse' - 64-bit keys with up to 5 bits set
ok 72 - Distribution Bias Check for Keyset 'Sparse' - 64-bit keys with up to 5 bits set
# Keyset 'Sparse' - 96-bit keys with up to 4 bits set - 3469497 keys
# Testing collisions   - Expected  1401.34, actual     6875 ( 4.91x) - failed
not ok 73 - Collision Rate for Keyset 'Sparse' - 96-bit keys with up to 4 bits set
ok 74 - Distribution Bias Check for Keyset 'Sparse' - 96-bit keys with up to 4 bits set
# Keyset 'Sparse' - 256-bit keys with up to 3 bits set - 2796417 keys
# Testing collisions   - Expected   910.36, actual    47814 (52.52x) - failed
not ok 75 - Collision Rate for Keyset 'Sparse' - 256-bit keys with up to 3 bits set
# worst bias is the  19-bit window at bit  14 - 1.081% (384)
not ok 76 - Distribution Bias Check for Keyset 'Sparse' - 256-bit keys with up to 3 bits set
# Keyset 'Sparse' - 2048-bit keys with up to 2 bits set - 2098177 keys
# Testing collisions   - Expected   512.50, actual    63053 (123.03x) - failed
not ok 77 - Collision Rate for Keyset 'Sparse' - 2048-bit keys with up to 2 bits set
# worst bias is the  18-bit window at bit  31 - 12.817% (352)
not ok 78 - Distribution Bias Check for Keyset 'Sparse' - 2048-bit keys with up to 2 bits set
not ok 79 - Keyset 'Sparse' # Crap8
# Keyset 'CRC-MultiCollision' - 1048575 x 16 block keys - 128-bytes long - 10 seeds
# Testing collisions   - Expected   128.00, actual      193 ( 1.51x) - passed
ok 80 - Collision Rate for Keyset 'CRC-MultiCollision' - seed 1 # Crap8
# Testing collisions   - Expected   128.00, actual      214 ( 1.67x) - passed
ok 81 - Collision Rate for Keyset 'CRC-MultiCollision' - seed 2 # Crap8
# Testing collisions   - Expected   128.00, actual      181 ( 1.41x) - passed
ok 82 - Collision Rate for Keyset 'CRC-MultiCollision' - seed 3 # Crap8
# Testing collisions   - Expected   128.00, actual      183 ( 1.43x) - passed
ok 83 - Collision Rate for Keyset 'CRC-MultiCollision' - seed 4 # Crap8
# Testing collisions   - Expected   128.00, actual      178 ( 1.39x) - passed
ok 84 - Collision Rate for Keyset 'CRC-MultiCollision' - seed 5 # Crap8
# Testing collisions   - Expected   128.00, actual      190 ( 1.48x) - passed
ok 85 - Collision Rate for Keyset 'CRC-MultiCollision' - seed 6 # Crap8
# Testing collisions   - Expected   128.00, actual      189 ( 1.48x) - passed
ok 86 - Collision Rate for Keyset 'CRC-MultiCollision' - seed 7 # Crap8
# Testing collisions   - Expected   128.00, actual      197 ( 1.54x) - passed
ok 87 - Collision Rate for Keyset 'CRC-MultiCollision' - seed 8 # Crap8
# Testing collisions   - Expected   128.00, actual      175 ( 1.37x) - passed
ok 88 - Collision Rate for Keyset 'CRC-MultiCollision' - seed 9 # Crap8
# Testing collisions   - Expected   128.00, actual      165 ( 1.29x) - passed
ok 89 - Collision Rate for Keyset 'CRC-MultiCollision' - seed 10 # Crap8
### Keyset 'Combination Lowbits' Tests ###
# Keyset 'Combination' - up to 8 blocks from a set of 8 - 19173960 keys
# Testing collisions   - Expected 42799.01, actual 18078731 (422.41x) - failed
not ok 90 - Collision Rate for Keyset 'Combination Lowbits'
# worst bias is the  20-bit window at bit   5 - 101.057% (416)
not ok 91 - Distribution Bias Check for Keyset 'Combination Lowbits'
not ok 92 - Keyset 'Combination Lowbits' # Crap8
### Keyset 'Combination Highbits' Tests ###
# Keyset 'Combination' - up to 8 blocks from a set of 8 - 19173960 keys
# Testing collisions   - Expected 42799.01, actual    46697 ( 1.09x) - passed
ok 93 - Collision Rate for Keyset 'Combination Highbits'
ok 94 - Distribution Bias Check for Keyset 'Combination Highbits'
ok 95 - Keyset 'Combination Highbits' # Crap8
### Keyset 'Combination Highbits2' Tests ###
# Keyset 'Combination' - up to 8 blocks from a set of 8 - 19173960 keys
# Testing collisions   - Expected 42799.01, actual    44449 ( 1.04x) - passed
ok 96 - Collision Rate for Keyset 'Combination Highbits2'
ok 97 - Distribution Bias Check for Keyset 'Combination Highbits2'
ok 98 - Keyset 'Combination Highbits2' # Crap8
### Keyset 'Combination 0x80000000' Tests ###
# Keyset 'Combination' - up to 20 blocks from a set of 2 - 2097150 keys
# Testing collisions   - Expected   512.00, actual      673 ( 1.31x) - passed
ok 99 - Collision Rate for Keyset 'Combination 0x80000000'
ok 100 - Distribution Bias Check for Keyset 'Combination 0x80000000'
ok 101 - Keyset 'Combination 0x80000000' # Crap8
### Keyset 'Combination 0x00000001' Tests ###
# Keyset 'Combination' - up to 20 blocks from a set of 2 - 2097150 keys
# Testing collisions   - Expected   512.00, actual  2097110 - Excessive keys in collision - failed
not ok 102 - Collision Rate for Keyset 'Combination 0x00000001'
# worst bias is the  18-bit window at bit   0 - 3495170.667% (352)
not ok 103 - Distribution Bias Check for Keyset 'Combination 0x00000001'
not ok 104 - Keyset 'Combination 0x00000001' # Crap8
### Keyset 'Combination Hi-Lo' Tests ###
# Keyset 'Combination' - up to 6 blocks from a set of 15 - 12204240 keys
# Testing collisions   - Expected 17339.30, actual  4497821 (259.40x) - failed
not ok 105 - Collision Rate for Keyset 'Combination Hi-Lo'
# worst bias is the  20-bit window at bit  25 - 9.021% (416)
not ok 106 - Distribution Bias Check for Keyset 'Combination Hi-Lo'
not ok 107 - Keyset 'Combination Hi-Lo' # Crap8
### Keyset 'Text' Tests ###
# Keyset 'Text' - keys of form "Foo[XXXX]Bar" - 14776336 keys
# Testing collisions   - Expected 25418.13, actual    25451 ( 1.00x) - passed
ok 108 - Collision Rate for Keyset 'Text' - keys of form "Foo[XXXX]Bar" - 14776336 keys
ok 109 - Distribution Bias Check for Keyset 'Text' - keys of form "Foo[XXXX]Bar" - 14776336 keys
# Keyset 'Text' - keys of form "FooBar[XXXX]" - 14776336 keys
# Testing collisions   - Expected 25418.13, actual    25303 ( 1.00x) - passed
ok 110 - Collision Rate for Keyset 'Text' - keys of form "FooBar[XXXX]" - 14776336 keys
ok 111 - Distribution Bias Check for Keyset 'Text' - keys of form "FooBar[XXXX]" - 14776336 keys
# Keyset 'Text' - keys of form "[XXXX]FooBar" - 14776336 keys
# Testing collisions   - Expected 25418.13, actual    25417 ( 1.00x) - passed
ok 112 - Collision Rate for Keyset 'Text' - keys of form "[XXXX]FooBar" - 14776336 keys
ok 113 - Distribution Bias Check for Keyset 'Text' - keys of form "[XXXX]FooBar" - 14776336 keys
ok 114 - Keyset 'Text' # Crap8
### Keyset 'Zeroes' Tests ###
# Keyset 'Zeroes' - 262144 keys
# Testing collisions   - Expected     8.00, actual        8 ( 1.00x) - passed
ok 115 - Collision Rate for Keyset 'Zeroes' - 262144 keys
ok 116 - Distribution Bias Check for Keyset 'Zeroes' - 262144 keys
ok 117 - Keyset 'Zeroes' # Crap8
### Keyset 'Seed' Tests ###
# Keyset 'Seed' - 2000000 seeds, Key "The quick brown fox "...
# Testing collisions   - Expected   465.46, actual      436 ( 0.94x) - passed
ok 118 - Collision Rate for Keyset 'Seed' - 2000000 seeds, Key "The quick brown fox "...
ok 119 - Distribution Bias Check for Keyset 'Seed' - 2000000 seeds, Key "The quick brown fox "...
# Keyset 'Seed' - 2000000 seeds, Key ""
# Testing collisions   - Expected   465.44, actual      454 ( 0.98x) - passed
ok 120 - Collision Rate for Keyset 'Seed' - 2000000 seeds, Key ""
ok 121 - Distribution Bias Check for Keyset 'Seed' - 2000000 seeds, Key ""
# Keyset 'Seed' - 2000000 seeds, Key "00101100110101101"
# Testing collisions   - Expected   465.46, actual      453 ( 0.97x) - passed
ok 122 - Collision Rate for Keyset 'Seed' - 2000000 seeds, Key "00101100110101101"
ok 123 - Distribution Bias Check for Keyset 'Seed' - 2000000 seeds, Key "00101100110101101"
# Keyset 'Seed' - 2000000 seeds, Key "abcbcddbdebdcaaabaaa"...
# Testing collisions   - Expected   465.45, actual      469 ( 1.01x) - passed
ok 124 - Collision Rate for Keyset 'Seed' - 2000000 seeds, Key "abcbcddbdebdcaaabaaa"...
ok 125 - Distribution Bias Check for Keyset 'Seed' - 2000000 seeds, Key "abcbcddbdebdcaaabaaa"...
ok 126 - Keyset 'Seed' # Crap8
### Keyset 'Effs' Tests ###
# Keyset 'Effs' - 262144 keys
# Testing collisions   - Expected     8.00, actual       16 ( 2.00x) - failed
not ok 127 - Collision Rate for Keyset 'Effs' - 262144 keys
ok 128 - Distribution Bias Check for Keyset 'Effs' - 262144 keys
not ok 129 - Keyset 'Effs' # Crap8
not ok 130 - all tests passed # Crap8
1..130
# Tests Failed. Crap8 failed 25 of 130 tests.
# Testing took 1140.563215 seconds
# This is SMHasher version v1.0-demerphq-5-g86440f3 - built on Mar 10 2017.
