ok 1 - SelfTest - Verify 89 Hashes
ok 2 - Found Hash # crc32_hw1
###################################################################
### Testing crc32_hw1 - no seed_state
### - Faster Adler SSE4.2 crc32 in HW -
### seedbits: 32 statebits: 32 hashbits: 32
###################################################################
### Sanity Tests ###
ok 3 - Verification code # crc32_hw1
# Sanity check simple key bit flips and consistency..........
ok 4 - SanityTest # crc32_hw1
# Sanity check null suffixes change the hash (simple)..........
ok 5 - Appended Zeroes Test # crc32_hw1
ok 6 - Sanity Test # crc32_hw1
### Speed Tests ###
## Bulk speed test - 262144-byte keys
# Alignment  7 -  9.086 bytes/cycle - 25993.86 MiB/sec @ 3 ghz
# Alignment  6 -  9.086 bytes/cycle - 25995.21 MiB/sec @ 3 ghz
# Alignment  5 -  9.086 bytes/cycle - 25995.72 MiB/sec @ 3 ghz
# Alignment  4 -  9.085 bytes/cycle - 25993.57 MiB/sec @ 3 ghz
# Alignment  3 -  9.085 bytes/cycle - 25991.01 MiB/sec @ 3 ghz
# Alignment  2 -  9.086 bytes/cycle - 25994.79 MiB/sec @ 3 ghz
# Alignment  1 -  9.084 bytes/cycle - 25990.93 MiB/sec @ 3 ghz
# Alignment  0 -  9.016 bytes/cycle - 25793.58 MiB/sec @ 3 ghz
# Average      -  9.077 bytes/cycle - 25968.58 MiB/sec @ 3 ghz
## KeySpeed tests
# crc32_hw1                 0 byte keys        5.000 c/h
# crc32_hw1                 1 byte keys       16.000 c/h       16.000 c/b        0.062 b/c
# crc32_hw1                 2 byte keys       17.250 c/h        8.625 c/b        0.116 b/c
# crc32_hw1                 3 byte keys       19.325 c/h        6.442 c/b        0.155 b/c
# crc32_hw1                 4 byte keys       23.904 c/h        5.976 c/b        0.167 b/c
# crc32_hw1                 5 byte keys       21.563 c/h        4.313 c/b        0.232 b/c
# crc32_hw1                 6 byte keys       22.731 c/h        3.788 c/b        0.264 b/c
# crc32_hw1                 7 byte keys       27.006 c/h        3.858 c/b        0.259 b/c
# crc32_hw1                 8 byte keys       17.283 c/h        2.160 c/b        0.463 b/c
# crc32_hw1                 9 byte keys       18.368 c/h        2.041 c/b        0.490 b/c
# crc32_hw1                10 byte keys       20.876 c/h        2.088 c/b        0.479 b/c
# crc32_hw1                11 byte keys       23.546 c/h        2.141 c/b        0.467 b/c
# crc32_hw1                12 byte keys       25.761 c/h        2.147 c/b        0.466 b/c
# crc32_hw1                13 byte keys       28.744 c/h        2.211 c/b        0.452 b/c
# crc32_hw1                14 byte keys       31.247 c/h        2.232 c/b        0.448 b/c
# crc32_hw1                15 byte keys       33.275 c/h        2.218 c/b        0.451 b/c
# crc32_hw1                16 byte keys       18.000 c/h        1.125 c/b        0.889 b/c
# crc32_hw1                17 byte keys       20.916 c/h        1.230 c/b        0.813 b/c
# crc32_hw1                18 byte keys       23.000 c/h        1.278 c/b        0.783 b/c
# crc32_hw1                19 byte keys       25.793 c/h        1.358 c/b        0.737 b/c
# crc32_hw1                20 byte keys       28.000 c/h        1.400 c/b        0.714 b/c
# crc32_hw1                21 byte keys       31.382 c/h        1.494 c/b        0.669 b/c
# crc32_hw1                22 byte keys       33.000 c/h        1.500 c/b        0.667 b/c
# crc32_hw1                23 byte keys       36.411 c/h        1.583 c/b        0.632 b/c
# crc32_hw1                24 byte keys       20.954 c/h        0.873 c/b        1.145 b/c
# crc32_hw1                25 byte keys       23.546 c/h        0.942 c/b        1.062 b/c
# crc32_hw1                26 byte keys       25.938 c/h        0.998 c/b        1.002 b/c
# crc32_hw1                27 byte keys       28.000 c/h        1.037 c/b        0.964 b/c
# crc32_hw1                28 byte keys       30.861 c/h        1.102 c/b        0.907 b/c
# crc32_hw1                29 byte keys       33.718 c/h        1.163 c/b        0.860 b/c
# crc32_hw1                30 byte keys       36.023 c/h        1.201 c/b        0.833 b/c
# crc32_hw1                31 byte keys       38.000 c/h        1.226 c/b        0.816 b/c
#                          Average < 32       25.169 c/h        1.624 c/b        0.616 b/c
# crc32_hw1                32 byte keys       23.319 c/h        0.729 c/b        1.372 b/c
# crc32_hw1                36 byte keys       33.000 c/h        0.917 c/b        1.091 b/c
# crc32_hw1                40 byte keys       25.832 c/h        0.646 c/b        1.548 b/c
# crc32_hw1                44 byte keys       35.982 c/h        0.818 c/b        1.223 b/c
# crc32_hw1                48 byte keys       28.478 c/h        0.593 c/b        1.686 b/c
# crc32_hw1                52 byte keys       38.000 c/h        0.731 c/b        1.368 b/c
# crc32_hw1                56 byte keys       31.010 c/h        0.554 c/b        1.806 b/c
# crc32_hw1                60 byte keys       40.991 c/h        0.683 c/b        1.464 b/c
# crc32_hw1                64 byte keys       33.000 c/h        0.516 c/b        1.939 b/c
# crc32_hw1                68 byte keys       43.000 c/h        0.632 c/b        1.581 b/c
# crc32_hw1                72 byte keys       35.971 c/h        0.500 c/b        2.002 b/c
# crc32_hw1                76 byte keys       47.101 c/h        0.620 c/b        1.614 b/c
# crc32_hw1                80 byte keys       38.297 c/h        0.479 c/b        2.089 b/c
# crc32_hw1                84 byte keys       48.000 c/h        0.571 c/b        1.750 b/c
# crc32_hw1                88 byte keys       41.101 c/h        0.467 c/b        2.141 b/c
# crc32_hw1                92 byte keys       51.002 c/h        0.554 c/b        1.804 b/c
# crc32_hw1                96 byte keys       43.000 c/h        0.448 c/b        2.233 b/c
# crc32_hw1               100 byte keys       53.000 c/h        0.530 c/b        1.887 b/c
# crc32_hw1               104 byte keys       46.779 c/h        0.450 c/b        2.223 b/c
# crc32_hw1               108 byte keys       55.904 c/h        0.518 c/b        1.932 b/c
# crc32_hw1               112 byte keys       48.000 c/h        0.429 c/b        2.333 b/c
# crc32_hw1               116 byte keys       58.000 c/h        0.500 c/b        2.000 b/c
# crc32_hw1               120 byte keys       51.160 c/h        0.426 c/b        2.346 b/c
# crc32_hw1               124 byte keys       60.987 c/h        0.492 c/b        2.033 b/c
#                         Average < 128       32.435 c/h        0.767 c/b        1.304 b/c
# crc32_hw1               128 byte keys       54.479 c/h        0.426 c/b        2.350 b/c
# crc32_hw1               256 byte keys      107.400 c/h        0.420 c/b        2.384 b/c
# crc32_hw1               512 byte keys      194.765 c/h        0.380 c/b        2.629 b/c
# crc32_hw1              1024 byte keys      131.142 c/h        0.128 c/b        7.808 b/c
# crc32_hw1              2048 byte keys      284.865 c/h        0.139 c/b        7.189 b/c
# crc32_hw1              4096 byte keys      604.602 c/h        0.148 c/b        6.775 b/c
# crc32_hw1              8192 byte keys     1166.543 c/h        0.142 c/b        7.022 b/c
# crc32_hw1             16384 byte keys     2170.625 c/h        0.132 c/b        7.548 b/c
# crc32_hw1             32768 byte keys     3901.461 c/h        0.119 c/b        8.399 b/c
# crc32_hw1             65536 byte keys     7563.363 c/h        0.115 c/b        8.665 b/c
#                       Overall Average      272.660 c/h        0.135 c/b        7.408 b/c
ok 7 - Speed (always passes) # crc32_hw1
### Differential Tests ###
# Testing 8303632 up-to-5-bit differentials in 64-bit keys -> 32 bit hashes.
# 1000 reps, 8303632000 total tests, expecting 1.93 random collisions..........
ok 8 - Differential collisions # crc32_hw1
ok 9 - Nothing skipped during differential collision check # crc32_hw1
# 0 total collisions, of which 0 single collisions were ignored
ok 10 - ProcessDifferentials
# Testing 11017632 up-to-4-bit differentials in 128-bit keys -> 32 bit hashes.
# 1000 reps, 11017632000 total tests, expecting 2.57 random collisions..........
ok 11 - Differential collisions # crc32_hw1
ok 12 - Nothing skipped during differential collision check # crc32_hw1
# 0 total collisions, of which 0 single collisions were ignored
ok 13 - ProcessDifferentials
# Testing 2796416 up-to-3-bit differentials in 256-bit keys -> 32 bit hashes.
# 1000 reps, 2796416000 total tests, expecting 0.65 random collisions..........
ok 14 - Differential collisions # crc32_hw1
ok 15 - Nothing skipped during differential collision check # crc32_hw1
# 0 total collisions, of which 0 single collisions were ignored
ok 16 - ProcessDifferentials
ok 17 - Differential # crc32_hw1
### Avalanche Tests ### - seed-bits: 32 hash-bits: 32
# Samples 1000000, expected error 0.00025600, confidence level 99.99994267%
# Testing   0-bit keys.......... not ok! # worst-bit: 100.000% error-ratio: 1.000000e+06
#              +---------------------------------------------------+
#              |012345678901234567890123456789012345678901234567890|
#              +---------------------------------------------------+
# Scale:       |.1234567890abcdefghijklmnopqrstuvwxyzãäåêëîïðñôõöûü|
#              |üÿABCDEFGHIJKLMNOPQRSTUVWXYZÂÃÄÅÊËÑÔÕÖÛÜÝø¤*©®¶&%@#|
#              +---------------------------------------------------+
#              |pct diff from 50%: abs((0.5-(changed/reps))*2) *100|
#              +--------------------------------+
#              |0         1         2         3 |
#              |01234567890123456789012345678901|
#              +--------------------------------+
# seed     0.0 |################################| x 32
#              +--------------------------------+
#              +---------------------------------------------------+
#              |012345678901234567890123456789012345678901234567890|
#              +---------------------------------------------------+
# Scale:       |.1234567890abcdefghijklmnopqrstuvwxyzãäåêëîïðñôõöûü|
#              |üÿABCDEFGHIJKLMNOPQRSTUVWXYZÂÃÄÅÊËÑÔÕÖÛÜÝø¤*©®¶&%@#|
#              +---------------------------------------------------+
#              |scaled p-value above confidence level (zero is ok) |
#              +--------------------------------+
#              |0         1         2         3 |
#              |01234567890123456789012345678901|
#              +--------------------------------+
# seed     0.0 |################################| x 32
#              +--------------------------------+
# 1024 of 1024 bits failed (100.00%) failed at 99.999943 confidence
#     g-test: 100.000000%
#     sum-error-square: 256.00000000
#     key/seed errors: 32/32
#     - seed bit 0 gtest probability not random: 100.0000 (0/32000000)
#     - seed bit 1 gtest probability not random: 100.0000 (0/32000000)
#     - with 30 more seed errors not described above.
#     hash bit-level errors: 32/32
#     - hash bit 0 gtest-prob not-random: 100.0000 (0/32000000)
#     - hash bit 1 gtest-prob not-random: 100.0000 (0/32000000)
#     - hash bit 2 gtest-prob not-random: 100.0000 (0/32000000)
#     - with 29 more hash bit errors not described above.
not ok 18 - Strict Avalanche Criteria - 0 bit keys
# Testing   8-bit keys.......... not ok! # worst-bit:   0.312% error-ratio: 1.594451e+00
#              +---------------------------------------------------+
#              |012345678901234567890123456789012345678901234567890|
#              +---------------------------------------------------+
# Scale:       |.1234567890abcdefghijklmnopqrstuvwxyzãäåêëîïðñôõöûü|
#              |üÿABCDEFGHIJKLMNOPQRSTUVWXYZÂÃÄÅÊËÑÔÕÖÛÜÝø¤*©®¶&%@#|
#              +---------------------------------------------------+
#              |pct diff from 50%: abs((0.5-(changed/reps))*2) *100|
#              +--------------------------------+
#              |0         1         2         3 |
#              |01234567890123456789012345678901|
#              +--------------------------------+
# seed     0.0 |................................| x 32
# key      0.0 |................................| x 8
#              +--------------------------------+
#              +---------------------------------------------------+
#              |012345678901234567890123456789012345678901234567890|
#              +---------------------------------------------------+
# Scale:       |.1234567890abcdefghijklmnopqrstuvwxyzãäåêëîïðñôõöûü|
#              |üÿABCDEFGHIJKLMNOPQRSTUVWXYZÂÃÄÅÊËÑÔÕÖÛÜÝø¤*©®¶&%@#|
#              +---------------------------------------------------+
#              |scaled p-value above confidence level (zero is ok) |
#              +--------------------------------+
#              |0         1         2         3 |
#              |01234567890123456789012345678901|
#              +--------------------------------+
# seed     0.0 |................................| x 32
# key      0.0 |................................| x 8
#              +--------------------------------+
# 0 of 1280 bits failed (0.00%) failed at 99.999943 confidence
#     g-test: 0.000000%
#     sum-error-square: 0.00040818
#     hash bit-level errors: 7/32
#     - hash bit 5 gtest-prob not-random: 100.0000 (19965702/20034298)
#     - hash bit 24 gtest-prob not-random: 100.0000 (20027804/19972196)
#     - hash bit 25 gtest-prob not-random: 100.0000 (19969664/20030336)
#     - with 4 more hash bit errors not described above.
not ok 19 - Strict Avalanche Criteria - 8 bit keys
# Testing  16-bit keys.......... ok.     # worst-bit:   0.229% error-ratio: 1.024363e+00
ok 20 - Strict Avalanche Criteria - 16 bit keys
# Testing  24-bit keys.......... ok.     # worst-bit:   0.233% error-ratio: 1.055915e+00
ok 21 - Strict Avalanche Criteria - 24 bit keys
# Testing  32-bit keys.......... ok.     # worst-bit:   0.215% error-ratio: 1.123777e+00
ok 22 - Strict Avalanche Criteria - 32 bit keys
# Testing  40-bit keys.......... ok.     # worst-bit:   0.222% error-ratio: 7.546764e-01
ok 23 - Strict Avalanche Criteria - 40 bit keys
# Testing  48-bit keys.......... not ok! # worst-bit:   0.211% error-ratio: 7.902957e-01
#              +---------------------------------------------------+
#              |012345678901234567890123456789012345678901234567890|
#              +---------------------------------------------------+
# Scale:       |.1234567890abcdefghijklmnopqrstuvwxyzãäåêëîïðñôõöûü|
#              |üÿABCDEFGHIJKLMNOPQRSTUVWXYZÂÃÄÅÊËÑÔÕÖÛÜÝø¤*©®¶&%@#|
#              +---------------------------------------------------+
#              |pct diff from 50%: abs((0.5-(changed/reps))*2) *100|
#              +--------------------------------+
#              |0         1         2         3 |
#              |01234567890123456789012345678901|
#              +--------------------------------+
# seed     0.0 |................................| x 32
# key      0.0 |................................| x 48
#              +--------------------------------+
#              +---------------------------------------------------+
#              |012345678901234567890123456789012345678901234567890|
#              +---------------------------------------------------+
# Scale:       |.1234567890abcdefghijklmnopqrstuvwxyzãäåêëîïðñôõöûü|
#              |üÿABCDEFGHIJKLMNOPQRSTUVWXYZÂÃÄÅÊËÑÔÕÖÛÜÝø¤*©®¶&%@#|
#              +---------------------------------------------------+
#              |scaled p-value above confidence level (zero is ok) |
#              +--------------------------------+
#              |0         1         2         3 |
#              |01234567890123456789012345678901|
#              +--------------------------------+
# seed     0.0 |................................| x 32
# key      0.0 |................................| x 48
#              +--------------------------------+
# 0 of 2560 bits failed (0.00%) failed at 99.999943 confidence
#     g-test: 0.000000%
#     sum-error-square: 0.00020232
#     hash bit-level errors: 1/32
#     - hash bit 23 gtest-prob not-random: 100.0000 (40026156/39973844)
not ok 24 - Strict Avalanche Criteria - 48 bit keys
# Testing  56-bit keys.......... ok.     # worst-bit:   0.196% error-ratio: 7.016451e-01
ok 25 - Strict Avalanche Criteria - 56 bit keys
# Testing  64-bit keys.......... ok.     # worst-bit:   0.143% error-ratio: 5.879992e-01
ok 26 - Strict Avalanche Criteria - 64 bit keys
# Testing  72-bit keys.......... ok.     # worst-bit:   0.268% error-ratio: 6.448829e-01
ok 27 - Strict Avalanche Criteria - 72 bit keys
# Testing  80-bit keys.......... ok.     # worst-bit:   0.190% error-ratio: 1.025459e+00
ok 28 - Strict Avalanche Criteria - 80 bit keys
# Testing  88-bit keys.......... ok.     # worst-bit:   0.187% error-ratio: 4.980029e-01
ok 29 - Strict Avalanche Criteria - 88 bit keys
# Testing  96-bit keys.......... not ok! # worst-bit:   0.259% error-ratio: 8.491146e-01
#              +---------------------------------------------------+
#              |012345678901234567890123456789012345678901234567890|
#              +---------------------------------------------------+
# Scale:       |.1234567890abcdefghijklmnopqrstuvwxyzãäåêëîïðñôõöûü|
#              |üÿABCDEFGHIJKLMNOPQRSTUVWXYZÂÃÄÅÊËÑÔÕÖÛÜÝø¤*©®¶&%@#|
#              +---------------------------------------------------+
#              |pct diff from 50%: abs((0.5-(changed/reps))*2) *100|
#              +--------------------------------+
#              |0         1         2         3 |
#              |01234567890123456789012345678901|
#              +--------------------------------+
# seed     0.0 |................................| x 32
# key      0.0 |................................| x 96
#              +--------------------------------+
#              +---------------------------------------------------+
#              |012345678901234567890123456789012345678901234567890|
#              +---------------------------------------------------+
# Scale:       |.1234567890abcdefghijklmnopqrstuvwxyzãäåêëîïðñôõöûü|
#              |üÿABCDEFGHIJKLMNOPQRSTUVWXYZÂÃÄÅÊËÑÔÕÖÛÜÝø¤*©®¶&%@#|
#              +---------------------------------------------------+
#              |scaled p-value above confidence level (zero is ok) |
#              +--------------------------------+
#              |0         1         2         3 |
#              |01234567890123456789012345678901|
#              +--------------------------------+
# seed     0.0 |................................| x 32
# key      0.0 |................................| x 96
#              +--------------------------------+
# 0 of 4096 bits failed (0.00%) failed at 99.999943 confidence
#     g-test: 0.000000%
#     sum-error-square: 0.00021737
#     hash bit-level errors: 1/32
#     - hash bit 11 gtest-prob not-random: 100.0000 (63966356/64033644)
not ok 30 - Strict Avalanche Criteria - 96 bit keys
# Testing 104-bit keys.......... ok.     # worst-bit:   0.210% error-ratio: 1.050746e+00
ok 31 - Strict Avalanche Criteria - 104 bit keys
# Testing 112-bit keys.......... not ok! # worst-bit:   0.297% error-ratio: 1.364023e+00
#              +---------------------------------------------------+
#              |012345678901234567890123456789012345678901234567890|
#              +---------------------------------------------------+
# Scale:       |.1234567890abcdefghijklmnopqrstuvwxyzãäåêëîïðñôõöûü|
#              |üÿABCDEFGHIJKLMNOPQRSTUVWXYZÂÃÄÅÊËÑÔÕÖÛÜÝø¤*©®¶&%@#|
#              +---------------------------------------------------+
#              |pct diff from 50%: abs((0.5-(changed/reps))*2) *100|
#              +--------------------------------+
#              |0         1         2         3 |
#              |01234567890123456789012345678901|
#              +--------------------------------+
# seed     0.0 |................................| x 32
# key      0.0 |................................| x 112
#              +--------------------------------+
#              +---------------------------------------------------+
#              |012345678901234567890123456789012345678901234567890|
#              +---------------------------------------------------+
# Scale:       |.1234567890abcdefghijklmnopqrstuvwxyzãäåêëîïðñôõöûü|
#              |üÿABCDEFGHIJKLMNOPQRSTUVWXYZÂÃÄÅÊËÑÔÕÖÛÜÝø¤*©®¶&%@#|
#              +---------------------------------------------------+
#              |scaled p-value above confidence level (zero is ok) |
#              +--------------------------------+
#              |0         1         2         3 |
#              |01234567890123456789012345678901|
#              +--------------------------------+
# seed     0.0 |................................| x 32
# key      0.0 |................................| x 112
#              +--------------------------------+
# 0 of 4608 bits failed (0.00%) failed at 99.999943 confidence
#     g-test: 0.000000%
#     sum-error-square: 0.00034919
#     hash bit-level errors: 1/32
#     - hash bit 23 gtest-prob not-random: 100.0000 (71948640/72051360)
not ok 32 - Strict Avalanche Criteria - 112 bit keys
# Testing 120-bit keys.......... not ok! # worst-bit:   0.173% error-ratio: 7.271869e-01
#              +---------------------------------------------------+
#              |012345678901234567890123456789012345678901234567890|
#              +---------------------------------------------------+
# Scale:       |.1234567890abcdefghijklmnopqrstuvwxyzãäåêëîïðñôõöûü|
#              |üÿABCDEFGHIJKLMNOPQRSTUVWXYZÂÃÄÅÊËÑÔÕÖÛÜÝø¤*©®¶&%@#|
#              +---------------------------------------------------+
#              |pct diff from 50%: abs((0.5-(changed/reps))*2) *100|
#              +--------------------------------+
#              |0         1         2         3 |
#              |01234567890123456789012345678901|
#              +--------------------------------+
# seed     0.0 |................................| x 32
# key      0.0 |................................| x 120
#              +--------------------------------+
#              +---------------------------------------------------+
#              |012345678901234567890123456789012345678901234567890|
#              +---------------------------------------------------+
# Scale:       |.1234567890abcdefghijklmnopqrstuvwxyzãäåêëîïðñôõöûü|
#              |üÿABCDEFGHIJKLMNOPQRSTUVWXYZÂÃÄÅÊËÑÔÕÖÛÜÝø¤*©®¶&%@#|
#              +---------------------------------------------------+
#              |scaled p-value above confidence level (zero is ok) |
#              +--------------------------------+
#              |0         1         2         3 |
#              |01234567890123456789012345678901|
#              +--------------------------------+
# seed     0.0 |................................| x 32
# key      0.0 |................................| x 120
#              +--------------------------------+
# 0 of 4864 bits failed (0.00%) failed at 99.999943 confidence
#     g-test: 0.000000%
#     sum-error-square: 0.00018616
#     hash bit-level errors: 1/32
#     - hash bit 23 gtest-prob not-random: 100.0000 (75962028/76037972)
not ok 33 - Strict Avalanche Criteria - 120 bit keys
# Testing 128-bit keys.......... not ok! # worst-bit:   0.215% error-ratio: 1.063366e+00
#              +---------------------------------------------------+
#              |012345678901234567890123456789012345678901234567890|
#              +---------------------------------------------------+
# Scale:       |.1234567890abcdefghijklmnopqrstuvwxyzãäåêëîïðñôõöûü|
#              |üÿABCDEFGHIJKLMNOPQRSTUVWXYZÂÃÄÅÊËÑÔÕÖÛÜÝø¤*©®¶&%@#|
#              +---------------------------------------------------+
#              |pct diff from 50%: abs((0.5-(changed/reps))*2) *100|
#              +--------------------------------+
#              |0         1         2         3 |
#              |01234567890123456789012345678901|
#              +--------------------------------+
# seed     0.0 |................................| x 32
# key      0.0 |................................| x 128
#              +--------------------------------+
#              +---------------------------------------------------+
#              |012345678901234567890123456789012345678901234567890|
#              +---------------------------------------------------+
# Scale:       |.1234567890abcdefghijklmnopqrstuvwxyzãäåêëîïðñôõöûü|
#              |üÿABCDEFGHIJKLMNOPQRSTUVWXYZÂÃÄÅÊËÑÔÕÖÛÜÝø¤*©®¶&%@#|
#              +---------------------------------------------------+
#              |scaled p-value above confidence level (zero is ok) |
#              +--------------------------------+
#              |0         1         2         3 |
#              |01234567890123456789012345678901|
#              +--------------------------------+
# seed     0.0 |................................| x 32
# key      0.0 |................................| x 128
#              +--------------------------------+
# 0 of 5120 bits failed (0.00%) failed at 99.999943 confidence
#     g-test: 0.000000%
#     sum-error-square: 0.00027222
#     hash bit-level errors: 1/32
#     - hash bit 23 gtest-prob not-random: 100.0000 (80049450/79950550)
not ok 34 - Strict Avalanche Criteria - 128 bit keys
# Testing 136-bit keys.......... ok.     # worst-bit:   0.201% error-ratio: 1.177803e+00
ok 35 - Strict Avalanche Criteria - 136 bit keys
# Testing 144-bit keys.......... ok.     # worst-bit:   0.215% error-ratio: 1.026005e+00
ok 36 - Strict Avalanche Criteria - 144 bit keys
# Testing 152-bit keys.......... ok.     # worst-bit:   0.209% error-ratio: 8.811768e-01
ok 37 - Strict Avalanche Criteria - 152 bit keys
# Testing 152-bit keys.......... ok.     # worst-bit:   0.209% error-ratio: 1.017014e+00
ok 38 - Strict Avalanche Criteria - 160 bit keys
# Testing 256-bit keys.......... ok.     # worst-bit:   0.176% error-ratio: 8.857780e-01
ok 39 - Strict Avalanche Criteria - 256 bit keys
not ok 40 - Strict Avalanche Criteria # crc32_hw1
### Keyset 'Cyclic' Tests ###
# Keyset 'Cyclic' - 8 cycles of 4 bytes - 10000000 keys
# Testing collisions   - Expected 11641.53, actual    11913 ( 1.02x) - passed
ok 41 - Collision Rate for Keyset 'Cyclic' - 8 cycles of 4 bytes - 10000000 keys
ok 42 - Distribution Bias Check for Keyset 'Cyclic' - 8 cycles of 4 bytes - 10000000 keys
# Keyset 'Cyclic' - 8 cycles of 5 bytes - 10000000 keys
# Testing collisions   - Expected 11641.53, actual    23138 ( 1.99x) - passed
ok 43 - Collision Rate for Keyset 'Cyclic' - 8 cycles of 5 bytes - 10000000 keys
ok 44 - Distribution Bias Check for Keyset 'Cyclic' - 8 cycles of 5 bytes - 10000000 keys
# Keyset 'Cyclic' - 8 cycles of 6 bytes - 10000000 keys
# Testing collisions   - Expected 11641.53, actual    23234 ( 2.00x) - passed
ok 45 - Collision Rate for Keyset 'Cyclic' - 8 cycles of 6 bytes - 10000000 keys
ok 46 - Distribution Bias Check for Keyset 'Cyclic' - 8 cycles of 6 bytes - 10000000 keys
# Keyset 'Cyclic' - 8 cycles of 7 bytes - 10000000 keys
# Testing collisions   - Expected 11641.53, actual    23391 ( 2.01x) - failed
not ok 47 - Collision Rate for Keyset 'Cyclic' - 8 cycles of 7 bytes - 10000000 keys
ok 48 - Distribution Bias Check for Keyset 'Cyclic' - 8 cycles of 7 bytes - 10000000 keys
# Keyset 'Cyclic' - 8 cycles of 8 bytes - 10000000 keys
# Testing collisions   - Expected 11641.53, actual    23427 ( 2.01x) - failed
not ok 49 - Collision Rate for Keyset 'Cyclic' - 8 cycles of 8 bytes - 10000000 keys
ok 50 - Distribution Bias Check for Keyset 'Cyclic' - 8 cycles of 8 bytes - 10000000 keys
not ok 51 - Keyset 'Cyclic' # crc32_hw1
### Keyset 'TwoBytes' Tests ###
# Testing collisions   - Expected    49.57, actual        4 ( 0.08x) - passed
ok 52 - Collision Rate for Keyset 'TwoBytes' - up-to-4-byte keys, 652545 total keys
# worst bias is the  16-bit window at bit  29 - 4.843% (288)
not ok 53 - Distribution Bias Check for Keyset 'TwoBytes' - up-to-4-byte keys, 652545 total keys
# Testing collisions   - Expected  3484.56, actual     7075 ( 2.03x) - failed
not ok 54 - Collision Rate for Keyset 'TwoBytes' - up-to-8-byte keys, 5471025 total keys
# worst bias is the  20-bit window at bit  29 - 3.924% (416)
not ok 55 - Distribution Bias Check for Keyset 'TwoBytes' - up-to-8-byte keys, 5471025 total keys
# Testing collisions   - Expected 40347.77, actual    41972 ( 1.04x) - passed
ok 56 - Collision Rate for Keyset 'TwoBytes' - up-to-12-byte keys, 18616785 total keys
ok 57 - Distribution Bias Check for Keyset 'TwoBytes' - up-to-12-byte keys, 18616785 total keys
# Testing collisions   - Expected 227963.15, actual   227401 ( 1.00x) - passed
ok 58 - Collision Rate for Keyset 'TwoBytes' - up-to-16-byte keys, 44251425 total keys
ok 59 - Distribution Bias Check for Keyset 'TwoBytes' - up-to-16-byte keys, 44251425 total keys
# Testing collisions   - Expected 871784.70, actual  1073946 ( 1.23x) - passed
ok 60 - Collision Rate for Keyset 'TwoBytes' - up-to-20-byte keys, 86536545 total keys
ok 61 - Distribution Bias Check for Keyset 'TwoBytes' - up-to-20-byte keys, 86536545 total keys
not ok 62 - Keyset 'TwoBytes' # crc32_hw1
### Keyset 'Sparse' Tests ###
# Keyset 'Sparse' - 32-bit keys with up to 6 bits set - 1149017 keys
# Testing collisions   - Expected   153.70, actual      151 ( 0.98x) - passed
ok 63 - Collision Rate for Keyset 'Sparse' - 32-bit keys with up to 6 bits set
ok 64 - Distribution Bias Check for Keyset 'Sparse' - 32-bit keys with up to 6 bits set
# Keyset 'Sparse' - 40-bit keys with up to 6 bits set - 4598479 keys
# Testing collisions   - Expected  2461.72, actual     2449 ( 0.99x) - passed
ok 65 - Collision Rate for Keyset 'Sparse' - 40-bit keys with up to 6 bits set
ok 66 - Distribution Bias Check for Keyset 'Sparse' - 40-bit keys with up to 6 bits set
# Keyset 'Sparse' - 48-bit keys with up to 5 bits set - 1925357 keys
# Testing collisions   - Expected   431.55, actual      469 ( 1.09x) - passed
ok 67 - Collision Rate for Keyset 'Sparse' - 48-bit keys with up to 5 bits set
ok 68 - Distribution Bias Check for Keyset 'Sparse' - 48-bit keys with up to 5 bits set
# Keyset 'Sparse' - 56-bit keys with up to 5 bits set - 4216423 keys
# Testing collisions   - Expected  2069.66, actual     2125 ( 1.03x) - passed
ok 69 - Collision Rate for Keyset 'Sparse' - 56-bit keys with up to 5 bits set
ok 70 - Distribution Bias Check for Keyset 'Sparse' - 56-bit keys with up to 5 bits set
# Keyset 'Sparse' - 64-bit keys with up to 5 bits set - 8303633 keys
# Testing collisions   - Expected  8026.87, actual     7677 ( 0.96x) - passed
ok 71 - Collision Rate for Keyset 'Sparse' - 64-bit keys with up to 5 bits set
ok 72 - Distribution Bias Check for Keyset 'Sparse' - 64-bit keys with up to 5 bits set
# Keyset 'Sparse' - 96-bit keys with up to 4 bits set - 3469497 keys
# Testing collisions   - Expected  1401.34, actual     1299 ( 0.93x) - passed
ok 73 - Collision Rate for Keyset 'Sparse' - 96-bit keys with up to 4 bits set
ok 74 - Distribution Bias Check for Keyset 'Sparse' - 96-bit keys with up to 4 bits set
# Keyset 'Sparse' - 256-bit keys with up to 3 bits set - 2796417 keys
# Testing collisions   - Expected   910.36, actual      897 ( 0.99x) - passed
ok 75 - Collision Rate for Keyset 'Sparse' - 256-bit keys with up to 3 bits set
ok 76 - Distribution Bias Check for Keyset 'Sparse' - 256-bit keys with up to 3 bits set
# Keyset 'Sparse' - 2048-bit keys with up to 2 bits set - 2098177 keys
# Testing collisions   - Expected   512.50, actual      476 ( 0.93x) - passed
ok 77 - Collision Rate for Keyset 'Sparse' - 2048-bit keys with up to 2 bits set
ok 78 - Distribution Bias Check for Keyset 'Sparse' - 2048-bit keys with up to 2 bits set
ok 79 - Keyset 'Sparse' # crc32_hw1
# Keyset 'CRC-MultiCollision' - 1048575 x 16 block keys - 128-bytes long - 10 seeds
# Testing collisions   - Expected   128.00, actual  1048574 - ALL keys were in collision - failed
not ok 80 - Collision Rate for Keyset 'CRC-MultiCollision' - seed 1 # crc32_hw1
# Testing collisions   - Expected   128.00, actual  1048574 - ALL keys were in collision - failed
not ok 81 - Collision Rate for Keyset 'CRC-MultiCollision' - seed 2 # crc32_hw1
# Testing collisions   - Expected   128.00, actual  1048574 - ALL keys were in collision - failed
not ok 82 - Collision Rate for Keyset 'CRC-MultiCollision' - seed 3 # crc32_hw1
# Testing collisions   - Expected   128.00, actual  1048574 - ALL keys were in collision - failed
not ok 83 - Collision Rate for Keyset 'CRC-MultiCollision' - seed 4 # crc32_hw1
# Testing collisions   - Expected   128.00, actual  1048574 - ALL keys were in collision - failed
not ok 84 - Collision Rate for Keyset 'CRC-MultiCollision' - seed 5 # crc32_hw1
# Testing collisions   - Expected   128.00, actual  1048574 - ALL keys were in collision - failed
not ok 85 - Collision Rate for Keyset 'CRC-MultiCollision' - seed 6 # crc32_hw1
# Testing collisions   - Expected   128.00, actual  1048574 - ALL keys were in collision - failed
not ok 86 - Collision Rate for Keyset 'CRC-MultiCollision' - seed 7 # crc32_hw1
# Testing collisions   - Expected   128.00, actual  1048574 - ALL keys were in collision - failed
not ok 87 - Collision Rate for Keyset 'CRC-MultiCollision' - seed 8 # crc32_hw1
# Testing collisions   - Expected   128.00, actual  1048574 - ALL keys were in collision - failed
not ok 88 - Collision Rate for Keyset 'CRC-MultiCollision' - seed 9 # crc32_hw1
# Testing collisions   - Expected   128.00, actual  1048574 - ALL keys were in collision - failed
not ok 89 - Collision Rate for Keyset 'CRC-MultiCollision' - seed 10 # crc32_hw1
### Keyset 'Combination Lowbits' Tests ###
# Keyset 'Combination' - up to 8 blocks from a set of 8 - 19173960 keys
# Testing collisions   - Expected 42799.01, actual        0 ( 0.00x) - passed
ok 90 - Collision Rate for Keyset 'Combination Lowbits'
# worst bias is the  20-bit window at bit  26 - 84.552% (416)
not ok 91 - Distribution Bias Check for Keyset 'Combination Lowbits'
not ok 92 - Keyset 'Combination Lowbits' # crc32_hw1
### Keyset 'Combination Highbits' Tests ###
# Keyset 'Combination' - up to 8 blocks from a set of 8 - 19173960 keys
# Testing collisions   - Expected 42799.01, actual        0 ( 0.00x) - passed
ok 93 - Collision Rate for Keyset 'Combination Highbits'
# worst bias is the  18-bit window at bit   7 - 92.408% (416)
not ok 94 - Distribution Bias Check for Keyset 'Combination Highbits'
not ok 95 - Keyset 'Combination Highbits' # crc32_hw1
### Keyset 'Combination Highbits2' Tests ###
# Keyset 'Combination' - up to 8 blocks from a set of 8 - 19173960 keys
# Testing collisions   - Expected 42799.01, actual        0 ( 0.00x) - passed
ok 96 - Collision Rate for Keyset 'Combination Highbits2'
# worst bias is the  17-bit window at bit   7 - 55.389% (416)
not ok 97 - Distribution Bias Check for Keyset 'Combination Highbits2'
not ok 98 - Keyset 'Combination Highbits2' # crc32_hw1
### Keyset 'Combination 0x80000000' Tests ###
# Keyset 'Combination' - up to 20 blocks from a set of 2 - 2097150 keys
# Testing collisions   - Expected   512.00, actual        0 ( 0.00x) - passed
ok 99 - Collision Rate for Keyset 'Combination 0x80000000'
# worst bias is the  17-bit window at bit  21 - 116.511% (352)
not ok 100 - Distribution Bias Check for Keyset 'Combination 0x80000000'
not ok 101 - Keyset 'Combination 0x80000000' # crc32_hw1
### Keyset 'Combination 0x00000001' Tests ###
# Keyset 'Combination' - up to 20 blocks from a set of 2 - 2097150 keys
# Testing collisions   - Expected   512.00, actual        0 ( 0.00x) - passed
ok 102 - Collision Rate for Keyset 'Combination 0x00000001'
# worst bias is the  18-bit window at bit  22 - 76.898% (352)
not ok 103 - Distribution Bias Check for Keyset 'Combination 0x00000001'
not ok 104 - Keyset 'Combination 0x00000001' # crc32_hw1
### Keyset 'Combination Hi-Lo' Tests ###
# Keyset 'Combination' - up to 6 blocks from a set of 15 - 12204240 keys
# Testing collisions   - Expected 17339.30, actual    16974 ( 0.98x) - passed
ok 105 - Collision Rate for Keyset 'Combination Hi-Lo'
# worst bias is the  18-bit window at bit  22 - 2.507% (416)
not ok 106 - Distribution Bias Check for Keyset 'Combination Hi-Lo'
not ok 107 - Keyset 'Combination Hi-Lo' # crc32_hw1
### Keyset 'Text' Tests ###
# Keyset 'Text' - keys of form "Foo[XXXX]Bar" - 14776336 keys
# Testing collisions   - Expected 25418.13, actual        0 ( 0.00x) - passed
ok 108 - Collision Rate for Keyset 'Text' - keys of form "Foo[XXXX]Bar" - 14776336 keys
# worst bias is the  20-bit window at bit   8 - 9.098% (416)
not ok 109 - Distribution Bias Check for Keyset 'Text' - keys of form "Foo[XXXX]Bar" - 14776336 keys
# Keyset 'Text' - keys of form "FooBar[XXXX]" - 14776336 keys
# Testing collisions   - Expected 25418.13, actual        0 ( 0.00x) - passed
ok 110 - Collision Rate for Keyset 'Text' - keys of form "FooBar[XXXX]" - 14776336 keys
# worst bias is the  20-bit window at bit  17 - 85.607% (416)
not ok 111 - Distribution Bias Check for Keyset 'Text' - keys of form "FooBar[XXXX]" - 14776336 keys
# Keyset 'Text' - keys of form "[XXXX]FooBar" - 14776336 keys
# Testing collisions   - Expected 25418.13, actual        0 ( 0.00x) - passed
ok 112 - Collision Rate for Keyset 'Text' - keys of form "[XXXX]FooBar" - 14776336 keys
# worst bias is the  19-bit window at bit   4 - 43.810% (416)
not ok 113 - Distribution Bias Check for Keyset 'Text' - keys of form "[XXXX]FooBar" - 14776336 keys
not ok 114 - Keyset 'Text' # crc32_hw1
### Keyset 'Zeroes' Tests ###
# Keyset 'Zeroes' - 262144 keys
# Testing collisions   - Expected     8.00, actual        0 ( 0.00x) - passed
ok 115 - Collision Rate for Keyset 'Zeroes' - 262144 keys
ok 116 - Distribution Bias Check for Keyset 'Zeroes' - 262144 keys
ok 117 - Keyset 'Zeroes' # crc32_hw1
### Keyset 'Seed' Tests ###
# Keyset 'Seed' - 2000000 seeds, Key "The quick brown fox "...
# Testing collisions   - Expected   465.46, actual        0 ( 0.00x) - passed
ok 118 - Collision Rate for Keyset 'Seed' - 2000000 seeds, Key "The quick brown fox "...
ok 119 - Distribution Bias Check for Keyset 'Seed' - 2000000 seeds, Key "The quick brown fox "...
# Keyset 'Seed' - 2000000 seeds, Key ""
# Testing collisions   - Expected   465.44, actual  1999533 - ALL keys were in collision - failed
not ok 120 - Collision Rate for Keyset 'Seed' - 2000000 seeds, Key ""
# worst bias is the  18-bit window at bit   0 - 20768651.153% (352)
not ok 121 - Distribution Bias Check for Keyset 'Seed' - 2000000 seeds, Key ""
# Keyset 'Seed' - 2000000 seeds, Key "00101100110101101"
# Testing collisions   - Expected   465.46, actual        0 ( 0.00x) - passed
ok 122 - Collision Rate for Keyset 'Seed' - 2000000 seeds, Key "00101100110101101"
ok 123 - Distribution Bias Check for Keyset 'Seed' - 2000000 seeds, Key "00101100110101101"
# Keyset 'Seed' - 2000000 seeds, Key "abcbcddbdebdcaaabaaa"...
# Testing collisions   - Expected   465.45, actual        0 ( 0.00x) - passed
ok 124 - Collision Rate for Keyset 'Seed' - 2000000 seeds, Key "abcbcddbdebdcaaabaaa"...
ok 125 - Distribution Bias Check for Keyset 'Seed' - 2000000 seeds, Key "abcbcddbdebdcaaabaaa"...
not ok 126 - Keyset 'Seed' # crc32_hw1
### Keyset 'Effs' Tests ###
# Keyset 'Effs' - 262144 keys
# Testing collisions   - Expected     8.00, actual        0 ( 0.00x) - passed
ok 127 - Collision Rate for Keyset 'Effs' - 262144 keys
ok 128 - Distribution Bias Check for Keyset 'Effs' - 262144 keys
ok 129 - Keyset 'Effs' # crc32_hw1
not ok 130 - all tests passed # crc32_hw1
1..130
# Tests Failed. crc32_hw1 failed 45 of 130 tests.
# Testing took 1105.176773 seconds
# This is SMHasher version v1.0-demerphq-5-g86440f3 - built on Mar 10 2017.
