ok 1 - Found Hash # crc64_hw
###################################################################
### Testing crc64_hw - no seed_state
### - SSE4.2 crc64 in HW -
### seedbits: 64 statebits: 64 hashbits: 64
###################################################################
### Sanity Tests ###
ok 2 - Verification code # crc64_hw
# crc64_hw             - Verification value 0x6B9CBBED : Passed.
# Sanity check simple key bit flips and consistency..........
ok 3 - SanityTest # crc64_hw
# Sanity check null suffixes change the hash (simple)..........
ok 4 - Appended Zeroes Test # crc64_hw
ok 5 - Sanity Test # crc64_hw
### Speed Tests ###
## Bulk speed test - 262144-byte keys
# Alignment  7 -  3.196 bytes/cycle - 9142.86 MiB/sec @ 3 ghz
# Alignment  6 -  3.196 bytes/cycle - 9142.59 MiB/sec @ 3 ghz
# Alignment  5 -  3.195 bytes/cycle - 9142.25 MiB/sec @ 3 ghz
# Alignment  4 -  3.195 bytes/cycle - 9141.78 MiB/sec @ 3 ghz
# Alignment  3 -  3.195 bytes/cycle - 9141.40 MiB/sec @ 3 ghz
# Alignment  2 -  3.195 bytes/cycle - 9141.10 MiB/sec @ 3 ghz
# Alignment  1 -  3.084 bytes/cycle - 8822.68 MiB/sec @ 3 ghz
# Alignment  0 -  3.196 bytes/cycle - 9142.99 MiB/sec @ 3 ghz
# Average      -  3.181 bytes/cycle - 9102.21 MiB/sec @ 3 ghz
## KeySpeed tests
# crc64_hw                  0 byte keys        5.000 c/h
# crc64_hw                  1 byte keys       17.000 c/h       17.000 c/b        0.059 b/c
# crc64_hw                  2 byte keys       15.000 c/h        7.500 c/b        0.133 b/c
# crc64_hw                  3 byte keys       14.000 c/h        4.667 c/b        0.214 b/c
# crc64_hw                  4 byte keys       15.000 c/h        3.750 c/b        0.267 b/c
# crc64_hw                  5 byte keys       13.193 c/h        2.639 c/b        0.379 b/c
# crc64_hw                  6 byte keys       13.000 c/h        2.167 c/b        0.462 b/c
# crc64_hw                  7 byte keys       12.491 c/h        1.784 c/b        0.560 b/c
# crc64_hw                  8 byte keys       15.176 c/h        1.897 c/b        0.527 b/c
# crc64_hw                  9 byte keys       15.000 c/h        1.667 c/b        0.600 b/c
# crc64_hw                 10 byte keys       14.000 c/h        1.400 c/b        0.714 b/c
# crc64_hw                 11 byte keys       13.000 c/h        1.182 c/b        0.846 b/c
# crc64_hw                 12 byte keys       13.502 c/h        1.125 c/b        0.889 b/c
# crc64_hw                 13 byte keys       13.137 c/h        1.011 c/b        0.990 b/c
# crc64_hw                 14 byte keys       12.798 c/h        0.914 c/b        1.094 b/c
# crc64_hw                 15 byte keys       15.000 c/h        1.000 c/b        1.000 b/c
# crc64_hw                 16 byte keys       19.689 c/h        1.231 c/b        0.813 b/c
# crc64_hw                 17 byte keys       18.370 c/h        1.081 c/b        0.925 b/c
# crc64_hw                 18 byte keys       17.000 c/h        0.944 c/b        1.059 b/c
# crc64_hw                 19 byte keys       17.987 c/h        0.947 c/b        1.056 b/c
# crc64_hw                 20 byte keys       15.504 c/h        0.775 c/b        1.290 b/c
# crc64_hw                 21 byte keys       15.115 c/h        0.720 c/b        1.389 b/c
# crc64_hw                 22 byte keys       15.000 c/h        0.682 c/b        1.467 b/c
# crc64_hw                 23 byte keys       17.110 c/h        0.744 c/b        1.344 b/c
# crc64_hw                 24 byte keys       22.110 c/h        0.921 c/b        1.085 b/c
# crc64_hw                 25 byte keys       21.075 c/h        0.843 c/b        1.186 b/c
# crc64_hw                 26 byte keys       19.807 c/h        0.762 c/b        1.313 b/c
# crc64_hw                 27 byte keys       19.898 c/h        0.737 c/b        1.357 b/c
# crc64_hw                 28 byte keys       18.333 c/h        0.655 c/b        1.527 b/c
# crc64_hw                 29 byte keys       18.112 c/h        0.625 c/b        1.601 b/c
# crc64_hw                 30 byte keys       17.555 c/h        0.585 c/b        1.709 b/c
# crc64_hw                 31 byte keys       20.000 c/h        0.645 c/b        1.550 b/c
#                          Average < 32       15.905 c/h        1.026 c/b        0.975 b/c
# crc64_hw                 32 byte keys       22.000 c/h        0.688 c/b        1.455 b/c
# crc64_hw                 36 byte keys       19.000 c/h        0.528 c/b        1.895 b/c
# crc64_hw                 40 byte keys       24.955 c/h        0.624 c/b        1.603 b/c
# crc64_hw                 44 byte keys       20.861 c/h        0.474 c/b        2.109 b/c
# crc64_hw                 48 byte keys       25.382 c/h        0.529 c/b        1.891 b/c
# crc64_hw                 52 byte keys       22.000 c/h        0.423 c/b        2.364 b/c
# crc64_hw                 56 byte keys       27.000 c/h        0.482 c/b        2.074 b/c
# crc64_hw                 60 byte keys       24.000 c/h        0.400 c/b        2.500 b/c
# crc64_hw                 64 byte keys       29.000 c/h        0.453 c/b        2.207 b/c
# crc64_hw                 68 byte keys       25.991 c/h        0.382 c/b        2.616 b/c
# crc64_hw                 72 byte keys       30.769 c/h        0.427 c/b        2.340 b/c
# crc64_hw                 76 byte keys       28.000 c/h        0.368 c/b        2.714 b/c
# crc64_hw                 80 byte keys       32.461 c/h        0.406 c/b        2.464 b/c
# crc64_hw                 84 byte keys       31.000 c/h        0.369 c/b        2.710 b/c
# crc64_hw                 88 byte keys       34.000 c/h        0.386 c/b        2.588 b/c
# crc64_hw                 92 byte keys       33.000 c/h        0.359 c/b        2.788 b/c
# crc64_hw                 96 byte keys       36.000 c/h        0.375 c/b        2.667 b/c
# crc64_hw                100 byte keys       36.000 c/h        0.360 c/b        2.778 b/c
# crc64_hw                104 byte keys       37.000 c/h        0.356 c/b        2.811 b/c
# crc64_hw                108 byte keys       38.000 c/h        0.352 c/b        2.842 b/c
# crc64_hw                112 byte keys       39.000 c/h        0.348 c/b        2.872 b/c
# crc64_hw                116 byte keys       41.000 c/h        0.353 c/b        2.829 b/c
# crc64_hw                120 byte keys       41.641 c/h        0.347 c/b        2.882 b/c
# crc64_hw                124 byte keys       43.000 c/h        0.347 c/b        2.884 b/c
#                         Average < 128       22.322 c/h        0.528 c/b        1.894 b/c
# crc64_hw                128 byte keys       42.310 c/h        0.331 c/b        3.025 b/c
# crc64_hw                256 byte keys      104.579 c/h        0.409 c/b        2.448 b/c
# crc64_hw                512 byte keys      185.115 c/h        0.362 c/b        2.766 b/c
# crc64_hw               1024 byte keys      345.085 c/h        0.337 c/b        2.967 b/c
# crc64_hw               2048 byte keys      673.684 c/h        0.329 c/b        3.040 b/c
# crc64_hw               4096 byte keys     1305.696 c/h        0.319 c/b        3.137 b/c
# crc64_hw               8192 byte keys     2586.666 c/h        0.316 c/b        3.167 b/c
# crc64_hw              16384 byte keys     5148.720 c/h        0.314 c/b        3.182 b/c
# crc64_hw              32768 byte keys    10383.862 c/h        0.317 c/b        3.156 b/c
# crc64_hw              65536 byte keys    20546.713 c/h        0.314 c/b        3.190 b/c
#                       Overall Average      645.037 c/h        0.319 c/b        3.131 b/c
ok 6 - Speed (always passes) # crc64_hw
### Differential Tests ###
# Testing 8303632 up-to-5-bit differentials in 64-bit keys -> 64 bit hashes.
# 1000 reps, 8303632000 total tests, expecting 0.00 random collisions..........
ok 7 - Differential collisions # crc64_hw
ok 8 - Nothing skipped during differential collision check # crc64_hw
# 0 total collisions, of which 0 single collisions were ignored
ok 9 - ProcessDifferentials
# Testing 11017632 up-to-4-bit differentials in 128-bit keys -> 64 bit hashes.
# 1000 reps, 11017632000 total tests, expecting 0.00 random collisions..........
ok 10 - Differential collisions # crc64_hw
ok 11 - Nothing skipped during differential collision check # crc64_hw
# 0 total collisions, of which 0 single collisions were ignored
ok 12 - ProcessDifferentials
# Testing 2796416 up-to-3-bit differentials in 256-bit keys -> 64 bit hashes.
# 1000 reps, 2796416000 total tests, expecting 0.00 random collisions..........
ok 13 - Differential collisions # crc64_hw
ok 14 - Nothing skipped during differential collision check # crc64_hw
# 0 total collisions, of which 0 single collisions were ignored
ok 15 - ProcessDifferentials
ok 16 - Differential # crc64_hw
### Avalanche Tests ### - seed-bits: 64 hash-bits: 64
# Samples 500000, expected error 0.00051200, confidence level 99.99994267%
# Testing   0-bit keys.......... not ok! # worst-bit: 100.000% error-ratio: 5.000000e+05
#              +---------------------------------------------------+
#              |012345678901234567890123456789012345678901234567890|
#              +---------------------------------------------------+
# Scale:       |.1234567890abcdefghijklmnopqrstuvwxyzãäåêëîïðñôõöûü|
#              |üÿABCDEFGHIJKLMNOPQRSTUVWXYZÂÃÄÅÊËÑÔÕÖÛÜÝø¤*©®¶&%@#|
#              +---------------------------------------------------+
#              |pct diff from 50%: abs((0.5-(changed/reps))*2) *100|
#              +----------------------------------------------------------------+
#              |0         1         2         3         4         5         6   |
#              |0123456789012345678901234567890123456789012345678901234567890123|
#              +----------------------------------------------------------------+
# seed     0.0 |################################################################| x 64
#              +----------------------------------------------------------------+
#              +---------------------------------------------------+
#              |012345678901234567890123456789012345678901234567890|
#              +---------------------------------------------------+
# Scale:       |.1234567890abcdefghijklmnopqrstuvwxyzãäåêëîïðñôõöûü|
#              |üÿABCDEFGHIJKLMNOPQRSTUVWXYZÂÃÄÅÊËÑÔÕÖÛÜÝø¤*©®¶&%@#|
#              +---------------------------------------------------+
#              |scaled p-value above confidence level (zero is ok) |
#              +----------------------------------------------------------------+
#              |0         1         2         3         4         5         6   |
#              |0123456789012345678901234567890123456789012345678901234567890123|
#              +----------------------------------------------------------------+
# seed     0.0 |################################################################| x 64
#              +----------------------------------------------------------------+
# 4096 of 4096 bits failed (100.00%) failed at 99.999943 confidence
#     g-test: 100.000000%
#     sum-error-square: 256.00000000
#     key/seed errors: 64/64
#     - seed bit 0 gtest probability not random: 100.0000 (0/32000000)
#     - seed bit 1 gtest probability not random: 100.0000 (0/32000000)
#     - with 62 more seed errors not described above.
#     hash bit-level errors: 64/64
#     - hash bit 0 gtest-prob not-random: 100.0000 (0/32000000)
#     - hash bit 1 gtest-prob not-random: 100.0000 (0/32000000)
#     - hash bit 2 gtest-prob not-random: 100.0000 (0/32000000)
#     - with 61 more hash bit errors not described above.
not ok 17 - Strict Avalanche Criteria - 0 bit keys
# Testing   8-bit keys.......... not ok! # worst-bit: 100.000% error-ratio: 2.500006e+05
#              +---------------------------------------------------+
#              |012345678901234567890123456789012345678901234567890|
#              +---------------------------------------------------+
# Scale:       |.1234567890abcdefghijklmnopqrstuvwxyzãäåêëîïðñôõöûü|
#              |üÿABCDEFGHIJKLMNOPQRSTUVWXYZÂÃÄÅÊËÑÔÕÖÛÜÝø¤*©®¶&%@#|
#              +---------------------------------------------------+
#              |pct diff from 50%: abs((0.5-(changed/reps))*2) *100|
#              +----------------------------------------------------------------+
#              |0         1         2         3         4         5         6   |
#              |0123456789012345678901234567890123456789012345678901234567890123|
#              +----------------------------------------------------------------+
# seed     0.0 |................................################################| x 64
# key      0.0 |................................################################| x 8
#              +----------------------------------------------------------------+
#              +---------------------------------------------------+
#              |012345678901234567890123456789012345678901234567890|
#              +---------------------------------------------------+
# Scale:       |.1234567890abcdefghijklmnopqrstuvwxyzãäåêëîïðñôõöûü|
#              |üÿABCDEFGHIJKLMNOPQRSTUVWXYZÂÃÄÅÊËÑÔÕÖÛÜÝø¤*©®¶&%@#|
#              +---------------------------------------------------+
#              |scaled p-value above confidence level (zero is ok) |
#              +----------------------------------------------------------------+
#              |0         1         2         3         4         5         6   |
#              |0123456789012345678901234567890123456789012345678901234567890123|
#              +----------------------------------------------------------------+
# seed     0.0 |................................################################| x 64
# key      0.0 |................................################################| x 8
#              +----------------------------------------------------------------+
# 2304 of 4608 bits failed (50.00%) failed at 99.999943 confidence
#     g-test: 100.000000%
#     sum-error-square: 128.00031526
#     key/seed errors: 72/72
#     - seed bit 0 gtest probability not random: 100.0000 (8001125/23998875)
#     - seed bit 1 gtest probability not random: 100.0000 (8000995/23999005)
#     - key bit 0 gtest probability not random: 100.0000 (8001125/23998875)
#     - key bit 1 gtest probability not random: 100.0000 (8000995/23999005)
#     - with 62 more seed errors and 6 more key errors not described above.
#     hash bit-level errors: 48/64
#     - hash bit 2 gtest-prob not-random: 100.0000 (17969226/18030774)
#     - hash bit 3 gtest-prob not-random: 100.0000 (17984590/18015410)
#     - hash bit 7 gtest-prob not-random: 100.0000 (17970408/18029592)
#     - with 45 more hash bit errors not described above.
not ok 18 - Strict Avalanche Criteria - 8 bit keys
# Testing  16-bit keys.......... not ok! # worst-bit: 100.000% error-ratio: 2.500004e+05
#              +---------------------------------------------------+
#              |012345678901234567890123456789012345678901234567890|
#              +---------------------------------------------------+
# Scale:       |.1234567890abcdefghijklmnopqrstuvwxyzãäåêëîïðñôõöûü|
#              |üÿABCDEFGHIJKLMNOPQRSTUVWXYZÂÃÄÅÊËÑÔÕÖÛÜÝø¤*©®¶&%@#|
#              +---------------------------------------------------+
#              |pct diff from 50%: abs((0.5-(changed/reps))*2) *100|
#              +----------------------------------------------------------------+
#              |0         1         2         3         4         5         6   |
#              |0123456789012345678901234567890123456789012345678901234567890123|
#              +----------------------------------------------------------------+
# seed     0.0 |................................################################| x 64
# key      0.0 |................................################################| x 16
#              +----------------------------------------------------------------+
#              +---------------------------------------------------+
#              |012345678901234567890123456789012345678901234567890|
#              +---------------------------------------------------+
# Scale:       |.1234567890abcdefghijklmnopqrstuvwxyzãäåêëîïðñôõöûü|
#              |üÿABCDEFGHIJKLMNOPQRSTUVWXYZÂÃÄÅÊËÑÔÕÖÛÜÝø¤*©®¶&%@#|
#              +---------------------------------------------------+
#              |scaled p-value above confidence level (zero is ok) |
#              +----------------------------------------------------------------+
#              |0         1         2         3         4         5         6   |
#              |0123456789012345678901234567890123456789012345678901234567890123|
#              +----------------------------------------------------------------+
# seed     0.0 |................................################################| x 64
# key      0.0 |................................################################| x 16
#              +----------------------------------------------------------------+
# 2560 of 5120 bits failed (50.00%) failed at 99.999943 confidence
#     g-test: 100.000000%
#     sum-error-square: 128.00020779
#     key/seed errors: 80/80
#     - seed bit 0 gtest probability not random: 100.0000 (7999835/24000165)
#     - seed bit 1 gtest probability not random: 100.0000 (8001141/23998859)
#     - key bit 0 gtest probability not random: 100.0000 (7999835/24000165)
#     - key bit 1 gtest probability not random: 100.0000 (8001141/23998859)
#     - with 62 more seed errors and 14 more key errors not described above.
#     hash bit-level errors: 39/64
#     - hash bit 12 gtest-prob not-random: 99.9999 (20015876/19984124)
#     - hash bit 15 gtest-prob not-random: 100.0000 (20021204/19978796)
#     - hash bit 20 gtest-prob not-random: 100.0000 (19973644/20026356)
#     - with 36 more hash bit errors not described above.
not ok 19 - Strict Avalanche Criteria - 16 bit keys
# Testing  24-bit keys.......... not ok! # worst-bit: 100.000% error-ratio: 2.500004e+05
#              +---------------------------------------------------+
#              |012345678901234567890123456789012345678901234567890|
#              +---------------------------------------------------+
# Scale:       |.1234567890abcdefghijklmnopqrstuvwxyzãäåêëîïðñôõöûü|
#              |üÿABCDEFGHIJKLMNOPQRSTUVWXYZÂÃÄÅÊËÑÔÕÖÛÜÝø¤*©®¶&%@#|
#              +---------------------------------------------------+
#              |pct diff from 50%: abs((0.5-(changed/reps))*2) *100|
#              +----------------------------------------------------------------+
#              |0         1         2         3         4         5         6   |
#              |0123456789012345678901234567890123456789012345678901234567890123|
#              +----------------------------------------------------------------+
# seed     0.0 |................................################################| x 64
# key      0.0 |................................################################| x 24
#              +----------------------------------------------------------------+
#              +---------------------------------------------------+
#              |012345678901234567890123456789012345678901234567890|
#              +---------------------------------------------------+
# Scale:       |.1234567890abcdefghijklmnopqrstuvwxyzãäåêëîïðñôõöûü|
#              |üÿABCDEFGHIJKLMNOPQRSTUVWXYZÂÃÄÅÊËÑÔÕÖÛÜÝø¤*©®¶&%@#|
#              +---------------------------------------------------+
#              |scaled p-value above confidence level (zero is ok) |
#              +----------------------------------------------------------------+
#              |0         1         2         3         4         5         6   |
#              |0123456789012345678901234567890123456789012345678901234567890123|
#              +----------------------------------------------------------------+
# seed     0.0 |................................################################| x 64
# key      0.0 |................................################################| x 24
#              +----------------------------------------------------------------+
# 2816 of 5632 bits failed (50.00%) failed at 99.999943 confidence
#     g-test: 100.000000%
#     sum-error-square: 128.00019132
#     key/seed errors: 88/88
#     - seed bit 0 gtest probability not random: 100.0000 (8003870/23996130)
#     - seed bit 1 gtest probability not random: 100.0000 (8000814/23999186)
#     - key bit 0 gtest probability not random: 100.0000 (8003870/23996130)
#     - key bit 1 gtest probability not random: 100.0000 (8000814/23999186)
#     - with 62 more seed errors and 22 more key errors not described above.
#     hash bit-level errors: 37/64
#     - hash bit 0 gtest-prob not-random: 100.0000 (22028994/21971006)
#     - hash bit 5 gtest-prob not-random: 100.0000 (21981450/22018550)
#     - hash bit 26 gtest-prob not-random: 100.0000 (21979804/22020196)
#     - with 34 more hash bit errors not described above.
not ok 20 - Strict Avalanche Criteria - 24 bit keys
# Testing  32-bit keys.......... not ok! # worst-bit: 100.000% error-ratio: 2.500006e+05
#              +---------------------------------------------------+
#              |012345678901234567890123456789012345678901234567890|
#              +---------------------------------------------------+
# Scale:       |.1234567890abcdefghijklmnopqrstuvwxyzãäåêëîïðñôõöûü|
#              |üÿABCDEFGHIJKLMNOPQRSTUVWXYZÂÃÄÅÊËÑÔÕÖÛÜÝø¤*©®¶&%@#|
#              +---------------------------------------------------+
#              |pct diff from 50%: abs((0.5-(changed/reps))*2) *100|
#              +----------------------------------------------------------------+
#              |0         1         2         3         4         5         6   |
#              |0123456789012345678901234567890123456789012345678901234567890123|
#              +----------------------------------------------------------------+
# seed     0.0 |................................################################| x 64
# key      0.0 |................................################################| x 32
#              +----------------------------------------------------------------+
#              +---------------------------------------------------+
#              |012345678901234567890123456789012345678901234567890|
#              +---------------------------------------------------+
# Scale:       |.1234567890abcdefghijklmnopqrstuvwxyzãäåêëîïðñôõöûü|
#              |üÿABCDEFGHIJKLMNOPQRSTUVWXYZÂÃÄÅÊËÑÔÕÖÛÜÝø¤*©®¶&%@#|
#              +---------------------------------------------------+
#              |scaled p-value above confidence level (zero is ok) |
#              +----------------------------------------------------------------+
#              |0         1         2         3         4         5         6   |
#              |0123456789012345678901234567890123456789012345678901234567890123|
#              +----------------------------------------------------------------+
# seed     0.0 |................................################################| x 64
# key      0.0 |................................################################| x 32
#              +----------------------------------------------------------------+
# 3072 of 6144 bits failed (50.00%) failed at 99.999943 confidence
#     g-test: 100.000000%
#     sum-error-square: 128.00031200
#     key/seed errors: 96/96
#     - seed bit 0 gtest probability not random: 100.0000 (7997422/24002578)
#     - seed bit 1 gtest probability not random: 100.0000 (7999574/24000426)
#     - key bit 0 gtest probability not random: 100.0000 (7997422/24002578)
#     - key bit 1 gtest probability not random: 100.0000 (7999574/24000426)
#     - with 62 more seed errors and 30 more key errors not described above.
#     hash bit-level errors: 37/64
#     - hash bit 2 gtest-prob not-random: 100.0000 (23977560/24022440)
#     - hash bit 4 gtest-prob not-random: 100.0000 (24017780/23982220)
#     - hash bit 10 gtest-prob not-random: 100.0000 (23980136/24019864)
#     - with 34 more hash bit errors not described above.
not ok 21 - Strict Avalanche Criteria - 32 bit keys
# Testing  40-bit keys.......... not ok! # worst-bit: 100.000% error-ratio: 2.500006e+05
#              +---------------------------------------------------+
#              |012345678901234567890123456789012345678901234567890|
#              +---------------------------------------------------+
# Scale:       |.1234567890abcdefghijklmnopqrstuvwxyzãäåêëîïðñôõöûü|
#              |üÿABCDEFGHIJKLMNOPQRSTUVWXYZÂÃÄÅÊËÑÔÕÖÛÜÝø¤*©®¶&%@#|
#              +---------------------------------------------------+
#              |pct diff from 50%: abs((0.5-(changed/reps))*2) *100|
#              +----------------------------------------------------------------+
#              |0         1         2         3         4         5         6   |
#              |0123456789012345678901234567890123456789012345678901234567890123|
#              +----------------------------------------------------------------+
# seed     0.0 |................................################################| x 64
# key      0.0 |................................################################| x 40
#              +----------------------------------------------------------------+
#              +---------------------------------------------------+
#              |012345678901234567890123456789012345678901234567890|
#              +---------------------------------------------------+
# Scale:       |.1234567890abcdefghijklmnopqrstuvwxyzãäåêëîïðñôõöûü|
#              |üÿABCDEFGHIJKLMNOPQRSTUVWXYZÂÃÄÅÊËÑÔÕÖÛÜÝø¤*©®¶&%@#|
#              +---------------------------------------------------+
#              |scaled p-value above confidence level (zero is ok) |
#              +----------------------------------------------------------------+
#              |0         1         2         3         4         5         6   |
#              |0123456789012345678901234567890123456789012345678901234567890123|
#              +----------------------------------------------------------------+
# seed     0.0 |................................################################| x 64
# key      0.0 |................................################################| x 40
#              +----------------------------------------------------------------+
# 3328 of 6656 bits failed (50.00%) failed at 99.999943 confidence
#     g-test: 100.000000%
#     sum-error-square: 128.00030280
#     key/seed errors: 104/104
#     - seed bit 0 gtest probability not random: 100.0000 (7998109/24001891)
#     - seed bit 1 gtest probability not random: 100.0000 (8002503/23997497)
#     - key bit 0 gtest probability not random: 100.0000 (7998109/24001891)
#     - key bit 1 gtest probability not random: 100.0000 (8002503/23997497)
#     - with 62 more seed errors and 38 more key errors not described above.
#     hash bit-level errors: 34/64
#     - hash bit 19 gtest-prob not-random: 100.0000 (25960520/26039480)
#     - hash bit 23 gtest-prob not-random: 100.0000 (26037440/25962560)
#     - hash bit 32 gtest-prob not-random: 100.0000 (0/52000000)
#     - with 31 more hash bit errors not described above.
not ok 22 - Strict Avalanche Criteria - 40 bit keys
# Testing  48-bit keys.......... not ok! # worst-bit: 100.000% error-ratio: 2.500006e+05
#              +---------------------------------------------------+
#              |012345678901234567890123456789012345678901234567890|
#              +---------------------------------------------------+
# Scale:       |.1234567890abcdefghijklmnopqrstuvwxyzãäåêëîïðñôõöûü|
#              |üÿABCDEFGHIJKLMNOPQRSTUVWXYZÂÃÄÅÊËÑÔÕÖÛÜÝø¤*©®¶&%@#|
#              +---------------------------------------------------+
#              |pct diff from 50%: abs((0.5-(changed/reps))*2) *100|
#              +----------------------------------------------------------------+
#              |0         1         2         3         4         5         6   |
#              |0123456789012345678901234567890123456789012345678901234567890123|
#              +----------------------------------------------------------------+
# seed     0.0 |................................################################| x 64
# key      0.0 |................................################################| x 48
#              +----------------------------------------------------------------+
#              +---------------------------------------------------+
#              |012345678901234567890123456789012345678901234567890|
#              +---------------------------------------------------+
# Scale:       |.1234567890abcdefghijklmnopqrstuvwxyzãäåêëîïðñôõöûü|
#              |üÿABCDEFGHIJKLMNOPQRSTUVWXYZÂÃÄÅÊËÑÔÕÖÛÜÝø¤*©®¶&%@#|
#              +---------------------------------------------------+
#              |scaled p-value above confidence level (zero is ok) |
#              +----------------------------------------------------------------+
#              |0         1         2         3         4         5         6   |
#              |0123456789012345678901234567890123456789012345678901234567890123|
#              +----------------------------------------------------------------+
# seed     0.0 |................................################################| x 64
# key      0.0 |................................################################| x 48
#              +----------------------------------------------------------------+
# 3584 of 7168 bits failed (50.00%) failed at 99.999943 confidence
#     g-test: 100.000000%
#     sum-error-square: 128.00030846
#     key/seed errors: 112/112
#     - seed bit 0 gtest probability not random: 100.0000 (7999546/24000454)
#     - seed bit 1 gtest probability not random: 100.0000 (7999616/24000384)
#     - key bit 0 gtest probability not random: 100.0000 (7999546/24000454)
#     - key bit 1 gtest probability not random: 100.0000 (7999616/24000384)
#     - with 62 more seed errors and 46 more key errors not described above.
#     hash bit-level errors: 38/64
#     - hash bit 3 gtest-prob not-random: 100.0000 (27980740/28019260)
#     - hash bit 10 gtest-prob not-random: 100.0000 (27957680/28042320)
#     - hash bit 17 gtest-prob not-random: 100.0000 (28027552/27972448)
#     - with 35 more hash bit errors not described above.
not ok 23 - Strict Avalanche Criteria - 48 bit keys
# Testing  56-bit keys.......... not ok! # worst-bit: 100.000% error-ratio: 2.500006e+05
#              +---------------------------------------------------+
#              |012345678901234567890123456789012345678901234567890|
#              +---------------------------------------------------+
# Scale:       |.1234567890abcdefghijklmnopqrstuvwxyzãäåêëîïðñôõöûü|
#              |üÿABCDEFGHIJKLMNOPQRSTUVWXYZÂÃÄÅÊËÑÔÕÖÛÜÝø¤*©®¶&%@#|
#              +---------------------------------------------------+
#              |pct diff from 50%: abs((0.5-(changed/reps))*2) *100|
#              +----------------------------------------------------------------+
#              |0         1         2         3         4         5         6   |
#              |0123456789012345678901234567890123456789012345678901234567890123|
#              +----------------------------------------------------------------+
# seed     0.0 |................................################################| x 64
# key      0.0 |................................################################| x 56
#              +----------------------------------------------------------------+
#              +---------------------------------------------------+
#              |012345678901234567890123456789012345678901234567890|
#              +---------------------------------------------------+
# Scale:       |.1234567890abcdefghijklmnopqrstuvwxyzãäåêëîïðñôõöûü|
#              |üÿABCDEFGHIJKLMNOPQRSTUVWXYZÂÃÄÅÊËÑÔÕÖÛÜÝø¤*©®¶&%@#|
#              +---------------------------------------------------+
#              |scaled p-value above confidence level (zero is ok) |
#              +----------------------------------------------------------------+
#              |0         1         2         3         4         5         6   |
#              |0123456789012345678901234567890123456789012345678901234567890123|
#              +----------------------------------------------------------------+
# seed     0.0 |................................################################| x 64
# key      0.0 |................................################################| x 56
#              +----------------------------------------------------------------+
# 3840 of 7680 bits failed (50.00%) failed at 99.999943 confidence
#     g-test: 100.000000%
#     sum-error-square: 128.00030611
#     key/seed errors: 120/120
#     - seed bit 0 gtest probability not random: 100.0000 (7998952/24001048)
#     - seed bit 1 gtest probability not random: 100.0000 (8001226/23998774)
#     - key bit 0 gtest probability not random: 100.0000 (7998952/24001048)
#     - key bit 1 gtest probability not random: 100.0000 (8001226/23998774)
#     - with 62 more seed errors and 54 more key errors not described above.
#     hash bit-level errors: 35/64
#     - hash bit 3 gtest-prob not-random: 100.0000 (30026182/29973818)
#     - hash bit 19 gtest-prob not-random: 100.0000 (30027390/29972610)
#     - hash bit 23 gtest-prob not-random: 100.0000 (29980098/30019902)
#     - with 32 more hash bit errors not described above.
not ok 24 - Strict Avalanche Criteria - 56 bit keys
# Testing  64-bit keys.......... not ok! # worst-bit: 100.000% error-ratio: 2.500004e+05
#              +---------------------------------------------------+
#              |012345678901234567890123456789012345678901234567890|
#              +---------------------------------------------------+
# Scale:       |.1234567890abcdefghijklmnopqrstuvwxyzãäåêëîïðñôõöûü|
#              |üÿABCDEFGHIJKLMNOPQRSTUVWXYZÂÃÄÅÊËÑÔÕÖÛÜÝø¤*©®¶&%@#|
#              +---------------------------------------------------+
#              |pct diff from 50%: abs((0.5-(changed/reps))*2) *100|
#              +----------------------------------------------------------------+
#              |0         1         2         3         4         5         6   |
#              |0123456789012345678901234567890123456789012345678901234567890123|
#              +----------------------------------------------------------------+
# seed     0.0 |................................################################| x 64
# key      0.0 |................................################################| x 64
#              +----------------------------------------------------------------+
#              +---------------------------------------------------+
#              |012345678901234567890123456789012345678901234567890|
#              +---------------------------------------------------+
# Scale:       |.1234567890abcdefghijklmnopqrstuvwxyzãäåêëîïðñôõöûü|
#              |üÿABCDEFGHIJKLMNOPQRSTUVWXYZÂÃÄÅÊËÑÔÕÖÛÜÝø¤*©®¶&%@#|
#              +---------------------------------------------------+
#              |scaled p-value above confidence level (zero is ok) |
#              +----------------------------------------------------------------+
#              |0         1         2         3         4         5         6   |
#              |0123456789012345678901234567890123456789012345678901234567890123|
#              +----------------------------------------------------------------+
# seed     0.0 |................................################################| x 64
# key      0.0 |................................################################| x 64
#              +----------------------------------------------------------------+
# 4096 of 8192 bits failed (50.00%) failed at 99.999943 confidence
#     g-test: 100.000000%
#     sum-error-square: 128.00022761
#     key/seed errors: 128/128
#     - seed bit 0 gtest probability not random: 100.0000 (8000938/23999062)
#     - seed bit 1 gtest probability not random: 100.0000 (7997634/24002366)
#     - key bit 0 gtest probability not random: 100.0000 (8000938/23999062)
#     - key bit 1 gtest probability not random: 100.0000 (7997634/24002366)
#     - with 62 more seed errors and 62 more key errors not described above.
#     hash bit-level errors: 34/64
#     - hash bit 22 gtest-prob not-random: 100.0000 (32036288/31963712)
#     - hash bit 31 gtest-prob not-random: 100.0000 (32022848/31977152)
#     - hash bit 32 gtest-prob not-random: 100.0000 (0/64000000)
#     - with 31 more hash bit errors not described above.
not ok 25 - Strict Avalanche Criteria - 64 bit keys
# Testing  72-bit keys.......... not ok! # worst-bit: 100.000% error-ratio: 2.500003e+05
#              +---------------------------------------------------+
#              |012345678901234567890123456789012345678901234567890|
#              +---------------------------------------------------+
# Scale:       |.1234567890abcdefghijklmnopqrstuvwxyzãäåêëîïðñôõöûü|
#              |üÿABCDEFGHIJKLMNOPQRSTUVWXYZÂÃÄÅÊËÑÔÕÖÛÜÝø¤*©®¶&%@#|
#              +---------------------------------------------------+
#              |pct diff from 50%: abs((0.5-(changed/reps))*2) *100|
#              +----------------------------------------------------------------+
#              |0         1         2         3         4         5         6   |
#              |0123456789012345678901234567890123456789012345678901234567890123|
#              +----------------------------------------------------------------+
# seed     0.0 |................................################################| x 64
# key      0.0 |................................################################| x 72
#              +----------------------------------------------------------------+
#              +---------------------------------------------------+
#              |012345678901234567890123456789012345678901234567890|
#              +---------------------------------------------------+
# Scale:       |.1234567890abcdefghijklmnopqrstuvwxyzãäåêëîïðñôõöûü|
#              |üÿABCDEFGHIJKLMNOPQRSTUVWXYZÂÃÄÅÊËÑÔÕÖÛÜÝø¤*©®¶&%@#|
#              +---------------------------------------------------+
#              |scaled p-value above confidence level (zero is ok) |
#              +----------------------------------------------------------------+
#              |0         1         2         3         4         5         6   |
#              |0123456789012345678901234567890123456789012345678901234567890123|
#              +----------------------------------------------------------------+
# seed     0.0 |................................################################| x 64
# key      0.0 |................................################################| x 72
#              +----------------------------------------------------------------+
# 4352 of 8704 bits failed (50.00%) failed at 99.999943 confidence
#     g-test: 100.000000%
#     sum-error-square: 128.00013736
#     key/seed errors: 136/136
#     - seed bit 0 gtest probability not random: 100.0000 (8002421/23997579)
#     - seed bit 1 gtest probability not random: 100.0000 (8002925/23997075)
#     - key bit 0 gtest probability not random: 100.0000 (8002421/23997579)
#     - key bit 1 gtest probability not random: 100.0000 (8002925/23997075)
#     - with 62 more seed errors and 70 more key errors not described above.
#     hash bit-level errors: 32/64
#     - hash bit 32 gtest-prob not-random: 100.0000 (0/68000000)
#     - hash bit 33 gtest-prob not-random: 100.0000 (0/68000000)
#     - hash bit 34 gtest-prob not-random: 100.0000 (0/68000000)
#     - with 29 more hash bit errors not described above.
not ok 26 - Strict Avalanche Criteria - 72 bit keys
# Testing  80-bit keys.......... not ok! # worst-bit: 100.000% error-ratio: 2.500005e+05
#              +---------------------------------------------------+
#              |012345678901234567890123456789012345678901234567890|
#              +---------------------------------------------------+
# Scale:       |.1234567890abcdefghijklmnopqrstuvwxyzãäåêëîïðñôõöûü|
#              |üÿABCDEFGHIJKLMNOPQRSTUVWXYZÂÃÄÅÊËÑÔÕÖÛÜÝø¤*©®¶&%@#|
#              +---------------------------------------------------+
#              |pct diff from 50%: abs((0.5-(changed/reps))*2) *100|
#              +----------------------------------------------------------------+
#              |0         1         2         3         4         5         6   |
#              |0123456789012345678901234567890123456789012345678901234567890123|
#              +----------------------------------------------------------------+
# seed     0.0 |................................################################| x 64
# key      0.0 |................................################################| x 80
#              +----------------------------------------------------------------+
#              +---------------------------------------------------+
#              |012345678901234567890123456789012345678901234567890|
#              +---------------------------------------------------+
# Scale:       |.1234567890abcdefghijklmnopqrstuvwxyzãäåêëîïðñôõöûü|
#              |üÿABCDEFGHIJKLMNOPQRSTUVWXYZÂÃÄÅÊËÑÔÕÖÛÜÝø¤*©®¶&%@#|
#              +---------------------------------------------------+
#              |scaled p-value above confidence level (zero is ok) |
#              +----------------------------------------------------------------+
#              |0         1         2         3         4         5         6   |
#              |0123456789012345678901234567890123456789012345678901234567890123|
#              +----------------------------------------------------------------+
# seed     0.0 |................................################################| x 64
# key      0.0 |................................################################| x 80
#              +----------------------------------------------------------------+
# 4608 of 9216 bits failed (50.00%) failed at 99.999943 confidence
#     g-test: 100.000000%
#     sum-error-square: 128.00025595
#     key/seed errors: 144/144
#     - seed bit 0 gtest probability not random: 100.0000 (8003952/23996048)
#     - seed bit 1 gtest probability not random: 100.0000 (8001900/23998100)
#     - key bit 0 gtest probability not random: 100.0000 (8003952/23996048)
#     - key bit 1 gtest probability not random: 100.0000 (8001900/23998100)
#     - with 62 more seed errors and 78 more key errors not described above.
#     hash bit-level errors: 35/64
#     - hash bit 11 gtest-prob not-random: 100.0000 (35975756/36024244)
#     - hash bit 23 gtest-prob not-random: 100.0000 (36029412/35970588)
#     - hash bit 24 gtest-prob not-random: 100.0000 (35969184/36030816)
#     - with 32 more hash bit errors not described above.
not ok 27 - Strict Avalanche Criteria - 80 bit keys
# Testing  88-bit keys.......... not ok! # worst-bit: 100.000% error-ratio: 2.500005e+05
#              +---------------------------------------------------+
#              |012345678901234567890123456789012345678901234567890|
#              +---------------------------------------------------+
# Scale:       |.1234567890abcdefghijklmnopqrstuvwxyzãäåêëîïðñôõöûü|
#              |üÿABCDEFGHIJKLMNOPQRSTUVWXYZÂÃÄÅÊËÑÔÕÖÛÜÝø¤*©®¶&%@#|
#              +---------------------------------------------------+
#              |pct diff from 50%: abs((0.5-(changed/reps))*2) *100|
#              +----------------------------------------------------------------+
#              |0         1         2         3         4         5         6   |
#              |0123456789012345678901234567890123456789012345678901234567890123|
#              +----------------------------------------------------------------+
# seed     0.0 |................................################################| x 64
# key      0.0 |................................################################| x 88
#              +----------------------------------------------------------------+
#              +---------------------------------------------------+
#              |012345678901234567890123456789012345678901234567890|
#              +---------------------------------------------------+
# Scale:       |.1234567890abcdefghijklmnopqrstuvwxyzãäåêëîïðñôõöûü|
#              |üÿABCDEFGHIJKLMNOPQRSTUVWXYZÂÃÄÅÊËÑÔÕÖÛÜÝø¤*©®¶&%@#|
#              +---------------------------------------------------+
#              |scaled p-value above confidence level (zero is ok) |
#              +----------------------------------------------------------------+
#              |0         1         2         3         4         5         6   |
#              |0123456789012345678901234567890123456789012345678901234567890123|
#              +----------------------------------------------------------------+
# seed     0.0 |................................################################| x 64
# key      0.0 |................................################################| x 88
#              +----------------------------------------------------------------+
# 4864 of 9728 bits failed (50.00%) failed at 99.999943 confidence
#     g-test: 100.000000%
#     sum-error-square: 128.00023903
#     key/seed errors: 152/152
#     - seed bit 0 gtest probability not random: 100.0000 (7997978/24002022)
#     - seed bit 1 gtest probability not random: 100.0000 (8000892/23999108)
#     - key bit 0 gtest probability not random: 100.0000 (7997978/24002022)
#     - key bit 1 gtest probability not random: 100.0000 (8000892/23999108)
#     - with 62 more seed errors and 86 more key errors not described above.
#     hash bit-level errors: 33/64
#     - hash bit 4 gtest-prob not-random: 100.0000 (37976144/38023856)
#     - hash bit 32 gtest-prob not-random: 100.0000 (0/76000000)
#     - hash bit 33 gtest-prob not-random: 100.0000 (0/76000000)
#     - with 30 more hash bit errors not described above.
not ok 28 - Strict Avalanche Criteria - 88 bit keys
# Testing  96-bit keys.......... not ok! # worst-bit: 100.000% error-ratio: 2.500004e+05
#              +---------------------------------------------------+
#              |012345678901234567890123456789012345678901234567890|
#              +---------------------------------------------------+
# Scale:       |.1234567890abcdefghijklmnopqrstuvwxyzãäåêëîïðñôõöûü|
#              |üÿABCDEFGHIJKLMNOPQRSTUVWXYZÂÃÄÅÊËÑÔÕÖÛÜÝø¤*©®¶&%@#|
#              +---------------------------------------------------+
#              |pct diff from 50%: abs((0.5-(changed/reps))*2) *100|
#              +----------------------------------------------------------------+
#              |0         1         2         3         4         5         6   |
#              |0123456789012345678901234567890123456789012345678901234567890123|
#              +----------------------------------------------------------------+
# seed     0.0 |................................################################| x 64
# key      0.0 |................................################################| x 96
#              +----------------------------------------------------------------+
#              +---------------------------------------------------+
#              |012345678901234567890123456789012345678901234567890|
#              +---------------------------------------------------+
# Scale:       |.1234567890abcdefghijklmnopqrstuvwxyzãäåêëîïðñôõöûü|
#              |üÿABCDEFGHIJKLMNOPQRSTUVWXYZÂÃÄÅÊËÑÔÕÖÛÜÝø¤*©®¶&%@#|
#              +---------------------------------------------------+
#              |scaled p-value above confidence level (zero is ok) |
#              +----------------------------------------------------------------+
#              |0         1         2         3         4         5         6   |
#              |0123456789012345678901234567890123456789012345678901234567890123|
#              +----------------------------------------------------------------+
# seed     0.0 |................................################################| x 64
# key      0.0 |................................################################| x 96
#              +----------------------------------------------------------------+
# 5120 of 10240 bits failed (50.00%) failed at 99.999943 confidence
#     g-test: 100.000000%
#     sum-error-square: 128.00021220
#     key/seed errors: 160/160
#     - seed bit 0 gtest probability not random: 100.0000 (8000580/23999420)
#     - seed bit 1 gtest probability not random: 100.0000 (7999656/24000344)
#     - key bit 0 gtest probability not random: 100.0000 (8000580/23999420)
#     - key bit 1 gtest probability not random: 100.0000 (7999656/24000344)
#     - with 62 more seed errors and 94 more key errors not described above.
#     hash bit-level errors: 32/64
#     - hash bit 32 gtest-prob not-random: 100.0000 (0/80000000)
#     - hash bit 33 gtest-prob not-random: 100.0000 (0/80000000)
#     - hash bit 34 gtest-prob not-random: 100.0000 (0/80000000)
#     - with 29 more hash bit errors not described above.
not ok 29 - Strict Avalanche Criteria - 96 bit keys
# Testing 104-bit keys.......... not ok! # worst-bit: 100.000% error-ratio: 2.500005e+05
#              +---------------------------------------------------+
#              |012345678901234567890123456789012345678901234567890|
#              +---------------------------------------------------+
# Scale:       |.1234567890abcdefghijklmnopqrstuvwxyzãäåêëîïðñôõöûü|
#              |üÿABCDEFGHIJKLMNOPQRSTUVWXYZÂÃÄÅÊËÑÔÕÖÛÜÝø¤*©®¶&%@#|
#              +---------------------------------------------------+
#              |pct diff from 50%: abs((0.5-(changed/reps))*2) *100|
#              +----------------------------------------------------------------+
#              |0         1         2         3         4         5         6   |
#              |0123456789012345678901234567890123456789012345678901234567890123|
#              +----------------------------------------------------------------+
# seed     0.0 |................................################################| x 64
# key      0.0 |................................################################| x 104
#              +----------------------------------------------------------------+
#              +---------------------------------------------------+
#              |012345678901234567890123456789012345678901234567890|
#              +---------------------------------------------------+
# Scale:       |.1234567890abcdefghijklmnopqrstuvwxyzãäåêëîïðñôõöûü|
#              |üÿABCDEFGHIJKLMNOPQRSTUVWXYZÂÃÄÅÊËÑÔÕÖÛÜÝø¤*©®¶&%@#|
#              +---------------------------------------------------+
#              |scaled p-value above confidence level (zero is ok) |
#              +----------------------------------------------------------------+
#              |0         1         2         3         4         5         6   |
#              |0123456789012345678901234567890123456789012345678901234567890123|
#              +----------------------------------------------------------------+
# seed     0.0 |................................################################| x 64
# key      0.0 |................................################################| x 104
#              +----------------------------------------------------------------+
# 5376 of 10752 bits failed (50.00%) failed at 99.999943 confidence
#     g-test: 100.000000%
#     sum-error-square: 128.00027346
#     key/seed errors: 168/168
#     - seed bit 0 gtest probability not random: 100.0000 (7999934/24000066)
#     - seed bit 1 gtest probability not random: 100.0000 (7998492/24001508)
#     - key bit 0 gtest probability not random: 100.0000 (7999934/24000066)
#     - key bit 1 gtest probability not random: 100.0000 (7998492/24001508)
#     - with 62 more seed errors and 102 more key errors not described above.
#     hash bit-level errors: 34/64
#     - hash bit 3 gtest-prob not-random: 100.0000 (41967384/42032616)
#     - hash bit 5 gtest-prob not-random: 100.0000 (42028340/41971660)
#     - hash bit 32 gtest-prob not-random: 100.0000 (0/84000000)
#     - with 31 more hash bit errors not described above.
not ok 30 - Strict Avalanche Criteria - 104 bit keys
# Testing 112-bit keys.......... not ok! # worst-bit: 100.000% error-ratio: 2.500004e+05
#              +---------------------------------------------------+
#              |012345678901234567890123456789012345678901234567890|
#              +---------------------------------------------------+
# Scale:       |.1234567890abcdefghijklmnopqrstuvwxyzãäåêëîïðñôõöûü|
#              |üÿABCDEFGHIJKLMNOPQRSTUVWXYZÂÃÄÅÊËÑÔÕÖÛÜÝø¤*©®¶&%@#|
#              +---------------------------------------------------+
#              |pct diff from 50%: abs((0.5-(changed/reps))*2) *100|
#              +----------------------------------------------------------------+
#              |0         1         2         3         4         5         6   |
#              |0123456789012345678901234567890123456789012345678901234567890123|
#              +----------------------------------------------------------------+
# seed     0.0 |................................################################| x 64
# key      0.0 |................................################################| x 112
#              +----------------------------------------------------------------+
#              +---------------------------------------------------+
#              |012345678901234567890123456789012345678901234567890|
#              +---------------------------------------------------+
# Scale:       |.1234567890abcdefghijklmnopqrstuvwxyzãäåêëîïðñôõöûü|
#              |üÿABCDEFGHIJKLMNOPQRSTUVWXYZÂÃÄÅÊËÑÔÕÖÛÜÝø¤*©®¶&%@#|
#              +---------------------------------------------------+
#              |scaled p-value above confidence level (zero is ok) |
#              +----------------------------------------------------------------+
#              |0         1         2         3         4         5         6   |
#              |0123456789012345678901234567890123456789012345678901234567890123|
#              +----------------------------------------------------------------+
# seed     0.0 |................................################################| x 64
# key      0.0 |................................################################| x 112
#              +----------------------------------------------------------------+
# 5632 of 11264 bits failed (50.00%) failed at 99.999943 confidence
#     g-test: 100.000000%
#     sum-error-square: 128.00019154
#     key/seed errors: 176/176
#     - seed bit 0 gtest probability not random: 100.0000 (8001064/23998936)
#     - seed bit 1 gtest probability not random: 100.0000 (8000326/23999674)
#     - key bit 0 gtest probability not random: 100.0000 (8001064/23998936)
#     - key bit 1 gtest probability not random: 100.0000 (8000326/23999674)
#     - with 62 more seed errors and 110 more key errors not described above.
#     hash bit-level errors: 36/64
#     - hash bit 4 gtest-prob not-random: 100.0000 (43974046/44025954)
#     - hash bit 11 gtest-prob not-random: 100.0000 (44038564/43961436)
#     - hash bit 20 gtest-prob not-random: 100.0000 (44026676/43973324)
#     - with 33 more hash bit errors not described above.
not ok 31 - Strict Avalanche Criteria - 112 bit keys
# Testing 120-bit keys.......... not ok! # worst-bit: 100.000% error-ratio: 2.500005e+05
#              +---------------------------------------------------+
#              |012345678901234567890123456789012345678901234567890|
#              +---------------------------------------------------+
# Scale:       |.1234567890abcdefghijklmnopqrstuvwxyzãäåêëîïðñôõöûü|
#              |üÿABCDEFGHIJKLMNOPQRSTUVWXYZÂÃÄÅÊËÑÔÕÖÛÜÝø¤*©®¶&%@#|
#              +---------------------------------------------------+
#              |pct diff from 50%: abs((0.5-(changed/reps))*2) *100|
#              +----------------------------------------------------------------+
#              |0         1         2         3         4         5         6   |
#              |0123456789012345678901234567890123456789012345678901234567890123|
#              +----------------------------------------------------------------+
# seed     0.0 |................................################################| x 64
# key      0.0 |................................################################| x 120
#              +----------------------------------------------------------------+
#              +---------------------------------------------------+
#              |012345678901234567890123456789012345678901234567890|
#              +---------------------------------------------------+
# Scale:       |.1234567890abcdefghijklmnopqrstuvwxyzãäåêëîïðñôõöûü|
#              |üÿABCDEFGHIJKLMNOPQRSTUVWXYZÂÃÄÅÊËÑÔÕÖÛÜÝø¤*©®¶&%@#|
#              +---------------------------------------------------+
#              |scaled p-value above confidence level (zero is ok) |
#              +----------------------------------------------------------------+
#              |0         1         2         3         4         5         6   |
#              |0123456789012345678901234567890123456789012345678901234567890123|
#              +----------------------------------------------------------------+
# seed     0.0 |................................################################| x 64
# key      0.0 |................................################################| x 120
#              +----------------------------------------------------------------+
# 5888 of 11776 bits failed (50.00%) failed at 99.999943 confidence
#     g-test: 100.000000%
#     sum-error-square: 128.00025922
#     key/seed errors: 184/184
#     - seed bit 0 gtest probability not random: 100.0000 (8000515/23999485)
#     - seed bit 1 gtest probability not random: 100.0000 (8001515/23998485)
#     - key bit 0 gtest probability not random: 100.0000 (8000515/23999485)
#     - key bit 1 gtest probability not random: 100.0000 (8001515/23998485)
#     - with 62 more seed errors and 118 more key errors not described above.
#     hash bit-level errors: 36/64
#     - hash bit 10 gtest-prob not-random: 100.0000 (46033900/45966100)
#     - hash bit 11 gtest-prob not-random: 100.0000 (46027944/45972056)
#     - hash bit 21 gtest-prob not-random: 100.0000 (46025200/45974800)
#     - with 33 more hash bit errors not described above.
not ok 32 - Strict Avalanche Criteria - 120 bit keys
# Testing 128-bit keys.......... not ok! # worst-bit: 100.000% error-ratio: 2.500005e+05
#              +---------------------------------------------------+
#              |012345678901234567890123456789012345678901234567890|
#              +---------------------------------------------------+
# Scale:       |.1234567890abcdefghijklmnopqrstuvwxyzãäåêëîïðñôõöûü|
#              |üÿABCDEFGHIJKLMNOPQRSTUVWXYZÂÃÄÅÊËÑÔÕÖÛÜÝø¤*©®¶&%@#|
#              +---------------------------------------------------+
#              |pct diff from 50%: abs((0.5-(changed/reps))*2) *100|
#              +----------------------------------------------------------------+
#              |0         1         2         3         4         5         6   |
#              |0123456789012345678901234567890123456789012345678901234567890123|
#              +----------------------------------------------------------------+
# seed     0.0 |................................################################| x 64
# key      0.0 |................................################################| x 128
#              +----------------------------------------------------------------+
#              +---------------------------------------------------+
#              |012345678901234567890123456789012345678901234567890|
#              +---------------------------------------------------+
# Scale:       |.1234567890abcdefghijklmnopqrstuvwxyzãäåêëîïðñôõöûü|
#              |üÿABCDEFGHIJKLMNOPQRSTUVWXYZÂÃÄÅÊËÑÔÕÖÛÜÝø¤*©®¶&%@#|
#              +---------------------------------------------------+
#              |scaled p-value above confidence level (zero is ok) |
#              +----------------------------------------------------------------+
#              |0         1         2         3         4         5         6   |
#              |0123456789012345678901234567890123456789012345678901234567890123|
#              +----------------------------------------------------------------+
# seed     0.0 |................................################################| x 64
# key      0.0 |................................################################| x 128
#              +----------------------------------------------------------------+
# 6144 of 12288 bits failed (50.00%) failed at 99.999943 confidence
#     g-test: 100.000000%
#     sum-error-square: 128.00026778
#     key/seed errors: 192/192
#     - seed bit 0 gtest probability not random: 100.0000 (8002077/23997923)
#     - seed bit 1 gtest probability not random: 100.0000 (7999841/24000159)
#     - key bit 0 gtest probability not random: 100.0000 (8002077/23997923)
#     - key bit 1 gtest probability not random: 100.0000 (7999841/24000159)
#     - with 62 more seed errors and 126 more key errors not described above.
#     hash bit-level errors: 33/64
#     - hash bit 22 gtest-prob not-random: 100.0000 (48027876/47972124)
#     - hash bit 32 gtest-prob not-random: 100.0000 (0/96000000)
#     - hash bit 33 gtest-prob not-random: 100.0000 (0/96000000)
#     - with 30 more hash bit errors not described above.
not ok 33 - Strict Avalanche Criteria - 128 bit keys
# Testing 136-bit keys.......... not ok! # worst-bit: 100.000% error-ratio: 2.500002e+05
#              +---------------------------------------------------+
#              |012345678901234567890123456789012345678901234567890|
#              +---------------------------------------------------+
# Scale:       |.1234567890abcdefghijklmnopqrstuvwxyzãäåêëîïðñôõöûü|
#              |üÿABCDEFGHIJKLMNOPQRSTUVWXYZÂÃÄÅÊËÑÔÕÖÛÜÝø¤*©®¶&%@#|
#              +---------------------------------------------------+
#              |pct diff from 50%: abs((0.5-(changed/reps))*2) *100|
#              +----------------------------------------------------------------+
#              |0         1         2         3         4         5         6   |
#              |0123456789012345678901234567890123456789012345678901234567890123|
#              +----------------------------------------------------------------+
# seed     0.0 |................................################################| x 64
# key      0.0 |................................################################| x 136
#              +----------------------------------------------------------------+
#              +---------------------------------------------------+
#              |012345678901234567890123456789012345678901234567890|
#              +---------------------------------------------------+
# Scale:       |.1234567890abcdefghijklmnopqrstuvwxyzãäåêëîïðñôõöûü|
#              |üÿABCDEFGHIJKLMNOPQRSTUVWXYZÂÃÄÅÊËÑÔÕÖÛÜÝø¤*©®¶&%@#|
#              +---------------------------------------------------+
#              |scaled p-value above confidence level (zero is ok) |
#              +----------------------------------------------------------------+
#              |0         1         2         3         4         5         6   |
#              |0123456789012345678901234567890123456789012345678901234567890123|
#              +----------------------------------------------------------------+
# seed     0.0 |................................################################| x 64
# key      0.0 |................................################################| x 136
#              +----------------------------------------------------------------+
# 6400 of 12800 bits failed (50.00%) failed at 99.999943 confidence
#     g-test: 100.000000%
#     sum-error-square: 128.00012002
#     key/seed errors: 200/200
#     - seed bit 0 gtest probability not random: 100.0000 (8000065/23999935)
#     - seed bit 1 gtest probability not random: 100.0000 (8000721/23999279)
#     - key bit 0 gtest probability not random: 100.0000 (8000065/23999935)
#     - key bit 1 gtest probability not random: 100.0000 (8000721/23999279)
#     - with 62 more seed errors and 134 more key errors not described above.
#     hash bit-level errors: 32/64
#     - hash bit 32 gtest-prob not-random: 100.0000 (0/100000000)
#     - hash bit 33 gtest-prob not-random: 100.0000 (0/100000000)
#     - hash bit 34 gtest-prob not-random: 100.0000 (0/100000000)
#     - with 29 more hash bit errors not described above.
not ok 34 - Strict Avalanche Criteria - 136 bit keys
# Testing 144-bit keys.......... not ok! # worst-bit: 100.000% error-ratio: 2.500004e+05
#              +---------------------------------------------------+
#              |012345678901234567890123456789012345678901234567890|
#              +---------------------------------------------------+
# Scale:       |.1234567890abcdefghijklmnopqrstuvwxyzãäåêëîïðñôõöûü|
#              |üÿABCDEFGHIJKLMNOPQRSTUVWXYZÂÃÄÅÊËÑÔÕÖÛÜÝø¤*©®¶&%@#|
#              +---------------------------------------------------+
#              |pct diff from 50%: abs((0.5-(changed/reps))*2) *100|
#              +----------------------------------------------------------------+
#              |0         1         2         3         4         5         6   |
#              |0123456789012345678901234567890123456789012345678901234567890123|
#              +----------------------------------------------------------------+
# seed     0.0 |................................################################| x 64
# key      0.0 |................................################################| x 144
#              +----------------------------------------------------------------+
#              +---------------------------------------------------+
#              |012345678901234567890123456789012345678901234567890|
#              +---------------------------------------------------+
# Scale:       |.1234567890abcdefghijklmnopqrstuvwxyzãäåêëîïðñôõöûü|
#              |üÿABCDEFGHIJKLMNOPQRSTUVWXYZÂÃÄÅÊËÑÔÕÖÛÜÝø¤*©®¶&%@#|
#              +---------------------------------------------------+
#              |scaled p-value above confidence level (zero is ok) |
#              +----------------------------------------------------------------+
#              |0         1         2         3         4         5         6   |
#              |0123456789012345678901234567890123456789012345678901234567890123|
#              +----------------------------------------------------------------+
# seed     0.0 |................................################################| x 64
# key      0.0 |................................################################| x 144
#              +----------------------------------------------------------------+
# 6656 of 13312 bits failed (50.00%) failed at 99.999943 confidence
#     g-test: 100.000000%
#     sum-error-square: 128.00020498
#     key/seed errors: 208/208
#     - seed bit 0 gtest probability not random: 100.0000 (8002869/23997131)
#     - seed bit 1 gtest probability not random: 100.0000 (8000231/23999769)
#     - key bit 0 gtest probability not random: 100.0000 (8002869/23997131)
#     - key bit 1 gtest probability not random: 100.0000 (8000231/23999769)
#     - with 62 more seed errors and 142 more key errors not described above.
#     hash bit-level errors: 35/64
#     - hash bit 17 gtest-prob not-random: 100.0000 (52028600/51971400)
#     - hash bit 19 gtest-prob not-random: 100.0000 (51963296/52036704)
#     - hash bit 20 gtest-prob not-random: 100.0000 (52033976/51966024)
#     - with 32 more hash bit errors not described above.
not ok 35 - Strict Avalanche Criteria - 144 bit keys
# Testing 152-bit keys.......... not ok! # worst-bit: 100.000% error-ratio: 2.500005e+05
#              +---------------------------------------------------+
#              |012345678901234567890123456789012345678901234567890|
#              +---------------------------------------------------+
# Scale:       |.1234567890abcdefghijklmnopqrstuvwxyzãäåêëîïðñôõöûü|
#              |üÿABCDEFGHIJKLMNOPQRSTUVWXYZÂÃÄÅÊËÑÔÕÖÛÜÝø¤*©®¶&%@#|
#              +---------------------------------------------------+
#              |pct diff from 50%: abs((0.5-(changed/reps))*2) *100|
#              +----------------------------------------------------------------+
#              |0         1         2         3         4         5         6   |
#              |0123456789012345678901234567890123456789012345678901234567890123|
#              +----------------------------------------------------------------+
# seed     0.0 |................................################################| x 64
# key      0.0 |................................################################| x 152
#              +----------------------------------------------------------------+
#              +---------------------------------------------------+
#              |012345678901234567890123456789012345678901234567890|
#              +---------------------------------------------------+
# Scale:       |.1234567890abcdefghijklmnopqrstuvwxyzãäåêëîïðñôõöûü|
#              |üÿABCDEFGHIJKLMNOPQRSTUVWXYZÂÃÄÅÊËÑÔÕÖÛÜÝø¤*©®¶&%@#|
#              +---------------------------------------------------+
#              |scaled p-value above confidence level (zero is ok) |
#              +----------------------------------------------------------------+
#              |0         1         2         3         4         5         6   |
#              |0123456789012345678901234567890123456789012345678901234567890123|
#              +----------------------------------------------------------------+
# seed     0.0 |................................################################| x 64
# key      0.0 |................................################################| x 152
#              +----------------------------------------------------------------+
# 6912 of 13824 bits failed (50.00%) failed at 99.999943 confidence
#     g-test: 100.000000%
#     sum-error-square: 128.00027162
#     key/seed errors: 216/216
#     - seed bit 0 gtest probability not random: 100.0000 (8000250/23999750)
#     - seed bit 1 gtest probability not random: 100.0000 (8001122/23998878)
#     - key bit 0 gtest probability not random: 100.0000 (8000250/23999750)
#     - key bit 1 gtest probability not random: 100.0000 (8001122/23998878)
#     - with 62 more seed errors and 150 more key errors not described above.
#     hash bit-level errors: 35/64
#     - hash bit 11 gtest-prob not-random: 100.0000 (54033450/53966550)
#     - hash bit 20 gtest-prob not-random: 100.0000 (54028800/53971200)
#     - hash bit 23 gtest-prob not-random: 100.0000 (53950548/54049452)
#     - with 32 more hash bit errors not described above.
not ok 36 - Strict Avalanche Criteria - 152 bit keys
# Testing 152-bit keys.......... not ok! # worst-bit: 100.000% error-ratio: 2.500006e+05
#              +---------------------------------------------------+
#              |012345678901234567890123456789012345678901234567890|
#              +---------------------------------------------------+
# Scale:       |.1234567890abcdefghijklmnopqrstuvwxyzãäåêëîïðñôõöûü|
#              |üÿABCDEFGHIJKLMNOPQRSTUVWXYZÂÃÄÅÊËÑÔÕÖÛÜÝø¤*©®¶&%@#|
#              +---------------------------------------------------+
#              |pct diff from 50%: abs((0.5-(changed/reps))*2) *100|
#              +----------------------------------------------------------------+
#              |0         1         2         3         4         5         6   |
#              |0123456789012345678901234567890123456789012345678901234567890123|
#              +----------------------------------------------------------------+
# seed     0.0 |................................################################| x 64
# key      0.0 |................................################################| x 152
#              +----------------------------------------------------------------+
#              +---------------------------------------------------+
#              |012345678901234567890123456789012345678901234567890|
#              +---------------------------------------------------+
# Scale:       |.1234567890abcdefghijklmnopqrstuvwxyzãäåêëîïðñôõöûü|
#              |üÿABCDEFGHIJKLMNOPQRSTUVWXYZÂÃÄÅÊËÑÔÕÖÛÜÝø¤*©®¶&%@#|
#              +---------------------------------------------------+
#              |scaled p-value above confidence level (zero is ok) |
#              +----------------------------------------------------------------+
#              |0         1         2         3         4         5         6   |
#              |0123456789012345678901234567890123456789012345678901234567890123|
#              +----------------------------------------------------------------+
# seed     0.0 |................................################################| x 64
# key      0.0 |................................################################| x 152
#              +----------------------------------------------------------------+
# 6912 of 13824 bits failed (50.00%) failed at 99.999943 confidence
#     g-test: 100.000000%
#     sum-error-square: 128.00028864
#     key/seed errors: 216/216
#     - seed bit 0 gtest probability not random: 100.0000 (8001433/23998567)
#     - seed bit 1 gtest probability not random: 100.0000 (8001063/23998937)
#     - key bit 0 gtest probability not random: 100.0000 (8001433/23998567)
#     - key bit 1 gtest probability not random: 100.0000 (8001063/23998937)
#     - with 62 more seed errors and 150 more key errors not described above.
#     hash bit-level errors: 33/64
#     - hash bit 10 gtest-prob not-random: 100.0000 (53968956/54031044)
#     - hash bit 32 gtest-prob not-random: 100.0000 (0/108000000)
#     - hash bit 33 gtest-prob not-random: 100.0000 (0/108000000)
#     - with 30 more hash bit errors not described above.
not ok 37 - Strict Avalanche Criteria - 160 bit keys
# Testing 256-bit keys.......... not ok! # worst-bit: 100.000% error-ratio: 2.500004e+05
#              +---------------------------------------------------+
#              |012345678901234567890123456789012345678901234567890|
#              +---------------------------------------------------+
# Scale:       |.1234567890abcdefghijklmnopqrstuvwxyzãäåêëîïðñôõöûü|
#              |üÿABCDEFGHIJKLMNOPQRSTUVWXYZÂÃÄÅÊËÑÔÕÖÛÜÝø¤*©®¶&%@#|
#              +---------------------------------------------------+
#              |pct diff from 50%: abs((0.5-(changed/reps))*2) *100|
#              +----------------------------------------------------------------+
#              |0         1         2         3         4         5         6   |
#              |0123456789012345678901234567890123456789012345678901234567890123|
#              +----------------------------------------------------------------+
# seed     0.0 |................................################################| x 64
# key      0.0 |................................################################| x 256
#              +----------------------------------------------------------------+
#              +---------------------------------------------------+
#              |012345678901234567890123456789012345678901234567890|
#              +---------------------------------------------------+
# Scale:       |.1234567890abcdefghijklmnopqrstuvwxyzãäåêëîïðñôõöûü|
#              |üÿABCDEFGHIJKLMNOPQRSTUVWXYZÂÃÄÅÊËÑÔÕÖÛÜÝø¤*©®¶&%@#|
#              +---------------------------------------------------+
#              |scaled p-value above confidence level (zero is ok) |
#              +----------------------------------------------------------------+
#              |0         1         2         3         4         5         6   |
#              |0123456789012345678901234567890123456789012345678901234567890123|
#              +----------------------------------------------------------------+
# seed     0.0 |................................################################| x 64
# key      0.0 |................................################################| x 256
#              +----------------------------------------------------------------+
# 10240 of 20480 bits failed (50.00%) failed at 99.999943 confidence
#     g-test: 100.000000%
#     sum-error-square: 128.00022714
#     key/seed errors: 320/320
#     - seed bit 0 gtest probability not random: 100.0000 (8000296/23999704)
#     - seed bit 1 gtest probability not random: 100.0000 (7997434/24002566)
#     - key bit 0 gtest probability not random: 100.0000 (8000296/23999704)
#     - key bit 1 gtest probability not random: 100.0000 (7997434/24002566)
#     - with 62 more seed errors and 254 more key errors not described above.
#     hash bit-level errors: 34/64
#     - hash bit 12 gtest-prob not-random: 100.0000 (79959284/80040716)
#     - hash bit 23 gtest-prob not-random: 100.0000 (79951532/80048468)
#     - hash bit 32 gtest-prob not-random: 100.0000 (0/160000000)
#     - with 31 more hash bit errors not described above.
not ok 38 - Strict Avalanche Criteria - 256 bit keys
not ok 39 - Strict Avalanche Criteria # crc64_hw
### Keyset 'Cyclic' Tests ###
# Keyset 'Cyclic' - 8 cycles of 8 bytes - 10000000 keys
# Testing collisions   - Expected     0.00, actual    23353 - Excessive keys in collision - failed
not ok 40 - Collision Rate for Keyset 'Cyclic' - 8 cycles of 8 bytes - 10000000 keys
# worst bias is the  20-bit window at bit  32 - 86679491.323% (832)
not ok 41 - Distribution Bias Check for Keyset 'Cyclic' - 8 cycles of 8 bytes - 10000000 keys
# Keyset 'Cyclic' - 8 cycles of 9 bytes - 10000000 keys
# Testing collisions   - Expected     0.00, actual    23163 - Excessive keys in collision - failed
not ok 42 - Collision Rate for Keyset 'Cyclic' - 8 cycles of 9 bytes - 10000000 keys
# worst bias is the  20-bit window at bit  32 - 86679491.323% (832)
not ok 43 - Distribution Bias Check for Keyset 'Cyclic' - 8 cycles of 9 bytes - 10000000 keys
# Keyset 'Cyclic' - 8 cycles of 10 bytes - 10000000 keys
# Testing collisions   - Expected     0.00, actual    23226 - Excessive keys in collision - failed
not ok 44 - Collision Rate for Keyset 'Cyclic' - 8 cycles of 10 bytes - 10000000 keys
# worst bias is the  20-bit window at bit  32 - 86679491.323% (832)
not ok 45 - Distribution Bias Check for Keyset 'Cyclic' - 8 cycles of 10 bytes - 10000000 keys
# Keyset 'Cyclic' - 8 cycles of 11 bytes - 10000000 keys
# Testing collisions   - Expected     0.00, actual    22856 - Excessive keys in collision - failed
not ok 46 - Collision Rate for Keyset 'Cyclic' - 8 cycles of 11 bytes - 10000000 keys
# worst bias is the  20-bit window at bit  32 - 86679491.323% (832)
not ok 47 - Distribution Bias Check for Keyset 'Cyclic' - 8 cycles of 11 bytes - 10000000 keys
# Keyset 'Cyclic' - 8 cycles of 12 bytes - 10000000 keys
# Testing collisions   - Expected     0.00, actual    23331 - Excessive keys in collision - failed
not ok 48 - Collision Rate for Keyset 'Cyclic' - 8 cycles of 12 bytes - 10000000 keys
# worst bias is the  20-bit window at bit  32 - 86679491.323% (832)
not ok 49 - Distribution Bias Check for Keyset 'Cyclic' - 8 cycles of 12 bytes - 10000000 keys
not ok 50 - Keyset 'Cyclic' # crc64_hw
### Keyset 'TwoBytes' Tests ###
# Testing collisions   - Expected     0.00, actual   261375 - Excessive keys in collision - failed
not ok 51 - Collision Rate for Keyset 'TwoBytes' - up-to-4-byte keys, 652545 total keys
# worst bias is the  16-bit window at bit  32 - 5457324.894% (576)
not ok 52 - Distribution Bias Check for Keyset 'TwoBytes' - up-to-4-byte keys, 652545 total keys
# Testing collisions   - Expected     0.00, actual  3648417 - Excessive keys in collision - failed
not ok 53 - Collision Rate for Keyset 'TwoBytes' - up-to-8-byte keys, 5471025 total keys
# worst bias is the  20-bit window at bit  32 - 75801342.236% (832)
not ok 54 - Distribution Bias Check for Keyset 'TwoBytes' - up-to-8-byte keys, 5471025 total keys
# Testing collisions   - Expected     0.00, actual 14323401 - Excessive keys in collision - failed
not ok 55 - Collision Rate for Keyset 'TwoBytes' - up-to-12-byte keys, 18616785 total keys
# worst bias is the  20-bit window at bit  32 - 94241356.557% (832)
not ok 56 - Distribution Bias Check for Keyset 'TwoBytes' - up-to-12-byte keys, 18616785 total keys
# Testing collisions   - Expected     0.00, actual 36449548 - Excessive keys in collision - failed
not ok 57 - Collision Rate for Keyset 'TwoBytes' - up-to-16-byte keys, 44251425 total keys
# worst bias is the  20-bit window at bit  32 - 100112972.016% (832)
not ok 58 - Distribution Bias Check for Keyset 'TwoBytes' - up-to-16-byte keys, 44251425 total keys
# Testing collisions   - Expected     0.00, actual 74190498 - Excessive keys in collision - failed
not ok 59 - Collision Rate for Keyset 'TwoBytes' - up-to-20-byte keys, 86536545 total keys
# worst bias is the  20-bit window at bit  32 - 102376478.382% (832)
not ok 60 - Distribution Bias Check for Keyset 'TwoBytes' - up-to-20-byte keys, 86536545 total keys
not ok 61 - Keyset 'TwoBytes' # crc64_hw
### Keyset 'Sparse' Tests ###
# Keyset 'Sparse' - 32-bit keys with up to 6 bits set - 1149017 keys
# Testing collisions   - Expected     0.00, actual      151 - Excessive keys in collision - failed
not ok 62 - Collision Rate for Keyset 'Sparse' - 32-bit keys with up to 6 bits set
# worst bias is the  17-bit window at bit  32 - 10672260.845% (640)
not ok 63 - Distribution Bias Check for Keyset 'Sparse' - 32-bit keys with up to 6 bits set
# Keyset 'Sparse' - 40-bit keys with up to 6 bits set - 4598479 keys
# Testing collisions   - Expected     0.00, actual     2449 - Excessive keys in collision - failed
not ok 64 - Collision Rate for Keyset 'Sparse' - 40-bit keys with up to 6 bits set
# worst bias is the  19-bit window at bit  32 - 42693451.049% (768)
not ok 65 - Distribution Bias Check for Keyset 'Sparse' - 40-bit keys with up to 6 bits set
# Keyset 'Sparse' - 48-bit keys with up to 5 bits set - 1925357 keys
# Testing collisions   - Expected     0.00, actual      469 - Excessive keys in collision - failed
not ok 66 - Collision Rate for Keyset 'Sparse' - 48-bit keys with up to 5 bits set
# worst bias is the  18-bit window at bit  32 - 20603752.950% (704)
not ok 67 - Distribution Bias Check for Keyset 'Sparse' - 48-bit keys with up to 5 bits set
# Keyset 'Sparse' - 56-bit keys with up to 5 bits set - 4216423 keys
# Testing collisions   - Expected     0.00, actual     2125 - Excessive keys in collision - failed
not ok 68 - Collision Rate for Keyset 'Sparse' - 56-bit keys with up to 5 bits set
# worst bias is the  19-bit window at bit  32 - 41987010.083% (768)
not ok 69 - Distribution Bias Check for Keyset 'Sparse' - 56-bit keys with up to 5 bits set
# Keyset 'Sparse' - 64-bit keys with up to 5 bits set - 8303633 keys
# Testing collisions   - Expected     0.00, actual     7677 - Excessive keys in collision - failed
not ok 70 - Collision Rate for Keyset 'Sparse' - 64-bit keys with up to 5 bits set
# worst bias is the  20-bit window at bit  32 - 83714659.630% (832)
not ok 71 - Distribution Bias Check for Keyset 'Sparse' - 64-bit keys with up to 5 bits set
# Keyset 'Sparse' - 96-bit keys with up to 4 bits set - 3469497 keys
# Testing collisions   - Expected     0.00, actual     1299 - Excessive keys in collision - failed
not ok 72 - Collision Rate for Keyset 'Sparse' - 96-bit keys with up to 4 bits set
# worst bias is the  19-bit window at bit  32 - 40260793.749% (768)
not ok 73 - Distribution Bias Check for Keyset 'Sparse' - 96-bit keys with up to 4 bits set
# Keyset 'Sparse' - 256-bit keys with up to 3 bits set - 2796417 keys
# Testing collisions   - Expected     0.00, actual      897 - Excessive keys in collision - failed
not ok 74 - Collision Rate for Keyset 'Sparse' - 256-bit keys with up to 3 bits set
# worst bias is the  19-bit window at bit  32 - 38130756.979% (768)
not ok 75 - Distribution Bias Check for Keyset 'Sparse' - 256-bit keys with up to 3 bits set
# Keyset 'Sparse' - 2048-bit keys with up to 2 bits set - 2098177 keys
# Testing collisions   - Expected     0.00, actual      476 - Excessive keys in collision - failed
not ok 76 - Collision Rate for Keyset 'Sparse' - 2048-bit keys with up to 2 bits set
# worst bias is the  18-bit window at bit  32 - 20973487.193% (704)
not ok 77 - Distribution Bias Check for Keyset 'Sparse' - 2048-bit keys with up to 2 bits set
not ok 78 - Keyset 'Sparse' # crc64_hw
# Keyset 'CRC-MultiCollision' - 1048575 x 16 block keys - 128-bytes long - 10 seeds
# Testing collisions   - Expected     0.00, actual  1048574 - ALL keys were in collision - failed
not ok 79 - Collision Rate for Keyset 'CRC-MultiCollision' - seed 1 # crc64_hw
# Testing collisions   - Expected     0.00, actual  1048574 - ALL keys were in collision - failed
not ok 80 - Collision Rate for Keyset 'CRC-MultiCollision' - seed 2 # crc64_hw
# Testing collisions   - Expected     0.00, actual  1048574 - ALL keys were in collision - failed
not ok 81 - Collision Rate for Keyset 'CRC-MultiCollision' - seed 3 # crc64_hw
# Testing collisions   - Expected     0.00, actual  1048574 - ALL keys were in collision - failed
not ok 82 - Collision Rate for Keyset 'CRC-MultiCollision' - seed 4 # crc64_hw
# Testing collisions   - Expected     0.00, actual  1048574 - ALL keys were in collision - failed
not ok 83 - Collision Rate for Keyset 'CRC-MultiCollision' - seed 5 # crc64_hw
# Testing collisions   - Expected     0.00, actual  1048574 - ALL keys were in collision - failed
not ok 84 - Collision Rate for Keyset 'CRC-MultiCollision' - seed 6 # crc64_hw
# Testing collisions   - Expected     0.00, actual  1048574 - ALL keys were in collision - failed
not ok 85 - Collision Rate for Keyset 'CRC-MultiCollision' - seed 7 # crc64_hw
# Testing collisions   - Expected     0.00, actual  1048574 - ALL keys were in collision - failed
not ok 86 - Collision Rate for Keyset 'CRC-MultiCollision' - seed 8 # crc64_hw
# Testing collisions   - Expected     0.00, actual  1048574 - ALL keys were in collision - failed
not ok 87 - Collision Rate for Keyset 'CRC-MultiCollision' - seed 9 # crc64_hw
# Testing collisions   - Expected     0.00, actual  1048574 - ALL keys were in collision - failed
not ok 88 - Collision Rate for Keyset 'CRC-MultiCollision' - seed 10 # crc64_hw
### Keyset 'Combination Lowbits' Tests ###
# Keyset 'Combination' - up to 8 blocks from a set of 8 - 19173960 keys
# Testing collisions   - Expected     0.00, actual        0 ( 0.00x) - passed
ok 89 - Collision Rate for Keyset 'Combination Lowbits'
# worst bias is the  20-bit window at bit  32 - 94519435.578% (832)
not ok 90 - Distribution Bias Check for Keyset 'Combination Lowbits'
not ok 91 - Keyset 'Combination Lowbits' # crc64_hw
### Keyset 'Combination Highbits' Tests ###
# Keyset 'Combination' - up to 8 blocks from a set of 8 - 19173960 keys
# Testing collisions   - Expected     0.00, actual        0 ( 0.00x) - passed
ok 92 - Collision Rate for Keyset 'Combination Highbits'
# worst bias is the  20-bit window at bit  32 - 94519435.578% (832)
not ok 93 - Distribution Bias Check for Keyset 'Combination Highbits'
not ok 94 - Keyset 'Combination Highbits' # crc64_hw
### Keyset 'Combination Highbits2' Tests ###
# Keyset 'Combination' - up to 8 blocks from a set of 8 - 19173960 keys
# Testing collisions   - Expected     0.00, actual        0 ( 0.00x) - passed
ok 95 - Collision Rate for Keyset 'Combination Highbits2'
# worst bias is the  20-bit window at bit  32 - 94519435.578% (832)
not ok 96 - Distribution Bias Check for Keyset 'Combination Highbits2'
not ok 97 - Keyset 'Combination Highbits2' # crc64_hw
### Keyset 'Combination 0x80000000' Tests ###
# Keyset 'Combination' - up to 20 blocks from a set of 2 - 2097150 keys
# Testing collisions   - Expected     0.00, actual        0 ( 0.00x) - passed
ok 98 - Collision Rate for Keyset 'Combination 0x80000000'
# worst bias is the  18-bit window at bit  32 - 20971434.000% (704)
not ok 99 - Distribution Bias Check for Keyset 'Combination 0x80000000'
not ok 100 - Keyset 'Combination 0x80000000' # crc64_hw
### Keyset 'Combination 0x00000001' Tests ###
# Keyset 'Combination' - up to 20 blocks from a set of 2 - 2097150 keys
# Testing collisions   - Expected     0.00, actual        0 ( 0.00x) - passed
ok 101 - Collision Rate for Keyset 'Combination 0x00000001'
# worst bias is the  18-bit window at bit  32 - 20971434.000% (704)
not ok 102 - Distribution Bias Check for Keyset 'Combination 0x00000001'
not ok 103 - Keyset 'Combination 0x00000001' # crc64_hw
### Keyset 'Combination Hi-Lo' Tests ###
# Keyset 'Combination' - up to 6 blocks from a set of 15 - 12204240 keys
# Testing collisions   - Expected     0.00, actual    19533 - Excessive keys in collision - failed
not ok 104 - Collision Rate for Keyset 'Combination Hi-Lo'
# worst bias is the  20-bit window at bit  32 - 89481225.354% (832)
not ok 105 - Distribution Bias Check for Keyset 'Combination Hi-Lo'
not ok 106 - Keyset 'Combination Hi-Lo' # crc64_hw
### Keyset 'Text' Tests ###
# Keyset 'Text' - keys of form "Foo[XXXX]Bar" - 14776336 keys
# Testing collisions   - Expected     0.00, actual        0 ( 0.00x) - passed
ok 107 - Collision Rate for Keyset 'Text' - keys of form "Foo[XXXX]Bar" - 14776336 keys
# worst bias is the  20-bit window at bit  32 - 91825095.030% (832)
not ok 108 - Distribution Bias Check for Keyset 'Text' - keys of form "Foo[XXXX]Bar" - 14776336 keys
# Keyset 'Text' - keys of form "FooBar[XXXX]" - 14776336 keys
# Testing collisions   - Expected     0.00, actual        0 ( 0.00x) - passed
ok 109 - Collision Rate for Keyset 'Text' - keys of form "FooBar[XXXX]" - 14776336 keys
# worst bias is the  20-bit window at bit  32 - 91825095.030% (832)
not ok 110 - Distribution Bias Check for Keyset 'Text' - keys of form "FooBar[XXXX]" - 14776336 keys
# Keyset 'Text' - keys of form "[XXXX]FooBar" - 14776336 keys
# Testing collisions   - Expected     0.00, actual        0 ( 0.00x) - passed
ok 111 - Collision Rate for Keyset 'Text' - keys of form "[XXXX]FooBar" - 14776336 keys
# worst bias is the  20-bit window at bit  32 - 91825095.030% (832)
not ok 112 - Distribution Bias Check for Keyset 'Text' - keys of form "[XXXX]FooBar" - 14776336 keys
not ok 113 - Keyset 'Text' # crc64_hw
### Keyset 'Zeroes' Tests ###
# Keyset 'Zeroes' - 262144 keys
# Testing collisions   - Expected     0.00, actual        0 ( 0.00x) - passed
ok 114 - Collision Rate for Keyset 'Zeroes' - 262144 keys
# worst bias is the  15-bit window at bit  32 - 2621358.000% (512)
not ok 115 - Distribution Bias Check for Keyset 'Zeroes' - 262144 keys
not ok 116 - Keyset 'Zeroes' # crc64_hw
### Keyset 'Seed' Tests ###
# Keyset 'Seed' - 2000000 seeds, Key "The quick brown fox "...
# Testing collisions   - Expected     0.00, actual      438 - Excessive keys in collision - failed
not ok 117 - Collision Rate for Keyset 'Seed' - 2000000 seeds, Key "The quick brown fox "...
# worst bias is the  18-bit window at bit  32 - 20769656.456% (704)
not ok 118 - Distribution Bias Check for Keyset 'Seed' - 2000000 seeds, Key "The quick brown fox "...
# Keyset 'Seed' - 2000000 seeds, Key ""
# Testing collisions   - Expected     0.00, actual  1999999 - ALL keys were in collision - failed
not ok 119 - Collision Rate for Keyset 'Seed' - 2000000 seeds, Key ""
# worst bias is the  18-bit window at bit   0 - 20769656.456% (704)
not ok 120 - Distribution Bias Check for Keyset 'Seed' - 2000000 seeds, Key ""
# Keyset 'Seed' - 2000000 seeds, Key "00101100110101101"
# Testing collisions   - Expected     0.00, actual      434 - Excessive keys in collision - failed
not ok 121 - Collision Rate for Keyset 'Seed' - 2000000 seeds, Key "00101100110101101"
# worst bias is the  18-bit window at bit  32 - 20769656.456% (704)
not ok 122 - Distribution Bias Check for Keyset 'Seed' - 2000000 seeds, Key "00101100110101101"
# Keyset 'Seed' - 2000000 seeds, Key "abcbcddbdebdcaaabaaa"...
# Testing collisions   - Expected     0.00, actual      445 - Excessive keys in collision - failed
not ok 123 - Collision Rate for Keyset 'Seed' - 2000000 seeds, Key "abcbcddbdebdcaaabaaa"...
# worst bias is the  18-bit window at bit  32 - 20769656.456% (704)
not ok 124 - Distribution Bias Check for Keyset 'Seed' - 2000000 seeds, Key "abcbcddbdebdcaaabaaa"...
not ok 125 - Keyset 'Seed' # crc64_hw
### Keyset 'Effs' Tests ###
# Keyset 'Effs' - 262144 keys
# Testing collisions   - Expected     0.00, actual        0 ( 0.00x) - passed
ok 126 - Collision Rate for Keyset 'Effs' - 262144 keys
# worst bias is the  15-bit window at bit  32 - 2621358.000% (512)
not ok 127 - Distribution Bias Check for Keyset 'Effs' - 262144 keys
not ok 128 - Keyset 'Effs' # crc64_hw
not ok 129 - all tests passed # crc64_hw
1..129
# Tests Failed. crc64_hw failed 103 of 129 tests.
# Testing took 1564.634852 seconds
# This is SMHasher version v1.0-demerphq-5-g86440f3 - built on Mar 10 2017.
