ok 1 - SelfTest - Verify 89 Hashes
ok 2 - Found Hash # DoNothingOAAT
###################################################################
### Testing DoNothingOAAT - no seed_state
### - Noop function - measure one-at-a-time baseline -
### seedbits: 32 statebits: 32 hashbits: 64
###################################################################
### Sanity Tests ###
ok 3 - Verification code # DoNothingOAAT
# Sanity check simple key bit flips and consistency..........
not ok 4 - SanityTest # DoNothingOAAT
# from 42099200 hashes there were 0 inconsistent of 42099200 collisions.
# Sanity check null suffixes change the hash (simple)..........
not ok 5 - Appended Zeroes Test # DoNothingOAAT
# There were 31000 collisions
not ok 6 - Sanity Test # DoNothingOAAT
### Speed Tests ###
## Bulk speed test - 262144-byte keys
# Alignment  7 -  0.858 bytes/cycle - 2454.52 MiB/sec @ 3 ghz
# Alignment  6 -  0.857 bytes/cycle - 2450.59 MiB/sec @ 3 ghz
# Alignment  5 -  0.849 bytes/cycle - 2427.75 MiB/sec @ 3 ghz
# Alignment  4 -  0.858 bytes/cycle - 2453.42 MiB/sec @ 3 ghz
# Alignment  3 -  0.856 bytes/cycle - 2449.57 MiB/sec @ 3 ghz
# Alignment  2 -  0.856 bytes/cycle - 2450.27 MiB/sec @ 3 ghz
# Alignment  1 -  0.855 bytes/cycle - 2446.58 MiB/sec @ 3 ghz
# Alignment  0 -  0.856 bytes/cycle - 2447.71 MiB/sec @ 3 ghz
# Average      -  0.855 bytes/cycle - 2447.55 MiB/sec @ 3 ghz
## KeySpeed tests
# DoNothingOAAT             0 byte keys        5.000 c/h
# DoNothingOAAT             1 byte keys        5.000 c/h        5.000 c/b        0.200 b/c
# DoNothingOAAT             2 byte keys        6.000 c/h        3.000 c/b        0.333 b/c
# DoNothingOAAT             3 byte keys        9.287 c/h        3.096 c/b        0.323 b/c
# DoNothingOAAT             4 byte keys       12.000 c/h        3.000 c/b        0.333 b/c
# DoNothingOAAT             5 byte keys       12.768 c/h        2.554 c/b        0.392 b/c
# DoNothingOAAT             6 byte keys       10.000 c/h        1.667 c/b        0.600 b/c
# DoNothingOAAT             7 byte keys       11.106 c/h        1.587 c/b        0.630 b/c
# DoNothingOAAT             8 byte keys       12.154 c/h        1.519 c/b        0.658 b/c
# DoNothingOAAT             9 byte keys       13.000 c/h        1.444 c/b        0.692 b/c
# DoNothingOAAT            10 byte keys       14.000 c/h        1.400 c/b        0.714 b/c
# DoNothingOAAT            11 byte keys       15.000 c/h        1.364 c/b        0.733 b/c
# DoNothingOAAT            12 byte keys       15.140 c/h        1.262 c/b        0.793 b/c
# DoNothingOAAT            13 byte keys       16.128 c/h        1.241 c/b        0.806 b/c
# DoNothingOAAT            14 byte keys       17.153 c/h        1.225 c/b        0.816 b/c
# DoNothingOAAT            15 byte keys       18.000 c/h        1.200 c/b        0.833 b/c
# DoNothingOAAT            16 byte keys       19.332 c/h        1.208 c/b        0.828 b/c
# DoNothingOAAT            17 byte keys       20.995 c/h        1.235 c/b        0.810 b/c
# DoNothingOAAT            18 byte keys       21.196 c/h        1.178 c/b        0.849 b/c
# DoNothingOAAT            19 byte keys       22.300 c/h        1.174 c/b        0.852 b/c
# DoNothingOAAT            20 byte keys       23.000 c/h        1.150 c/b        0.870 b/c
# DoNothingOAAT            21 byte keys       25.116 c/h        1.196 c/b        0.836 b/c
# DoNothingOAAT            22 byte keys       25.910 c/h        1.178 c/b        0.849 b/c
# DoNothingOAAT            23 byte keys       26.107 c/h        1.135 c/b        0.881 b/c
# DoNothingOAAT            24 byte keys       27.000 c/h        1.125 c/b        0.889 b/c
# DoNothingOAAT            25 byte keys       29.000 c/h        1.160 c/b        0.862 b/c
# DoNothingOAAT            26 byte keys       50.246 c/h        1.933 c/b        0.517 b/c
# DoNothingOAAT            27 byte keys       52.823 c/h        1.956 c/b        0.511 b/c
# DoNothingOAAT            28 byte keys       41.509 c/h        1.482 c/b        0.675 b/c
# DoNothingOAAT            29 byte keys       39.813 c/h        1.373 c/b        0.728 b/c
# DoNothingOAAT            30 byte keys       34.000 c/h        1.133 c/b        0.882 b/c
# DoNothingOAAT            31 byte keys       53.453 c/h        1.724 c/b        0.580 b/c
#                          Average < 32       21.986 c/h        1.418 c/b        0.705 b/c
# DoNothingOAAT            32 byte keys       50.749 c/h        1.586 c/b        0.631 b/c
# DoNothingOAAT            36 byte keys       63.916 c/h        1.775 c/b        0.563 b/c
# DoNothingOAAT            40 byte keys       67.991 c/h        1.700 c/b        0.588 b/c
# DoNothingOAAT            44 byte keys       72.921 c/h        1.657 c/b        0.603 b/c
# DoNothingOAAT            48 byte keys       78.519 c/h        1.636 c/b        0.611 b/c
# DoNothingOAAT            52 byte keys       82.923 c/h        1.595 c/b        0.627 b/c
# DoNothingOAAT            56 byte keys       88.307 c/h        1.577 c/b        0.634 b/c
# DoNothingOAAT            60 byte keys       93.758 c/h        1.563 c/b        0.640 b/c
# DoNothingOAAT            64 byte keys       97.320 c/h        1.521 c/b        0.658 b/c
# DoNothingOAAT            68 byte keys      102.710 c/h        1.510 c/b        0.662 b/c
# DoNothingOAAT            72 byte keys      107.524 c/h        1.493 c/b        0.670 b/c
# DoNothingOAAT            76 byte keys      111.275 c/h        1.464 c/b        0.683 b/c
# DoNothingOAAT            80 byte keys      116.017 c/h        1.450 c/b        0.690 b/c
# DoNothingOAAT            84 byte keys      121.508 c/h        1.447 c/b        0.691 b/c
# DoNothingOAAT            88 byte keys      126.263 c/h        1.435 c/b        0.697 b/c
# DoNothingOAAT            92 byte keys      130.988 c/h        1.424 c/b        0.702 b/c
# DoNothingOAAT            96 byte keys      134.682 c/h        1.403 c/b        0.713 b/c
# DoNothingOAAT           100 byte keys      139.704 c/h        1.397 c/b        0.716 b/c
# DoNothingOAAT           104 byte keys      143.521 c/h        1.380 c/b        0.725 b/c
# DoNothingOAAT           108 byte keys      147.718 c/h        1.368 c/b        0.731 b/c
# DoNothingOAAT           112 byte keys      152.909 c/h        1.365 c/b        0.732 b/c
# DoNothingOAAT           116 byte keys      159.303 c/h        1.373 c/b        0.728 b/c
# DoNothingOAAT           120 byte keys      161.942 c/h        1.350 c/b        0.741 b/c
# DoNothingOAAT           124 byte keys      166.688 c/h        1.344 c/b        0.744 b/c
#                         Average < 128       61.119 c/h        1.445 c/b        0.692 b/c
# DoNothingOAAT           128 byte keys      173.093 c/h        1.352 c/b        0.739 b/c
# DoNothingOAAT           256 byte keys      352.013 c/h        1.375 c/b        0.727 b/c
# DoNothingOAAT           512 byte keys      664.007 c/h        1.297 c/b        0.771 b/c
# DoNothingOAAT          1024 byte keys     1289.252 c/h        1.259 c/b        0.794 b/c
# DoNothingOAAT          2048 byte keys     2536.598 c/h        1.239 c/b        0.807 b/c
# DoNothingOAAT          4096 byte keys     4926.989 c/h        1.203 c/b        0.831 b/c
# DoNothingOAAT          8192 byte keys     9652.439 c/h        1.178 c/b        0.849 b/c
# DoNothingOAAT         16384 byte keys    19231.038 c/h        1.174 c/b        0.852 b/c
# DoNothingOAAT         32768 byte keys    38557.585 c/h        1.177 c/b        0.850 b/c
# DoNothingOAAT         65536 byte keys    77354.179 c/h        1.180 c/b        0.847 b/c
#                       Overall Average     2396.362 c/h        1.186 c/b        0.843 b/c
ok 7 - Speed (always passes) # DoNothingOAAT
### Differential Tests ###
# Testing 8303632 up-to-5-bit differentials in 64-bit keys -> 64 bit hashes.
# 1000 reps, 8303632000 total tests, expecting 0.00 random collisions.!!!!!!!!!
not ok 8 - Differential collisions # DoNothingOAAT
not ok 9 - Nothing skipped during differential collision check # DoNothingOAAT
# Testing 11017632 up-to-4-bit differentials in 128-bit keys -> 64 bit hashes.
# 1000 reps, 11017632000 total tests, expecting 0.00 random collisions.!!!!!!!!!
not ok 10 - Differential collisions # DoNothingOAAT
not ok 11 - Nothing skipped during differential collision check # DoNothingOAAT
# Testing 2796416 up-to-3-bit differentials in 256-bit keys -> 64 bit hashes.
# 1000 reps, 2796416000 total tests, expecting 0.00 random collisions.!!!!!!!!!
not ok 12 - Differential collisions # DoNothingOAAT
not ok 13 - Nothing skipped during differential collision check # DoNothingOAAT
not ok 14 - Differential # DoNothingOAAT
### Avalanche Tests ### - seed-bits: 32 hash-bits: 64
# Samples 500000, expected error 0.00051200, confidence level 99.99994267%
# Testing   0-bit keys.......... not ok! # worst-bit: 100.000% error-ratio: 5.000000e+05
#              +---------------------------------------------------+
#              |012345678901234567890123456789012345678901234567890|
#              +---------------------------------------------------+
# Scale:       |.1234567890abcdefghijklmnopqrstuvwxyzãäåêëîïðñôõöûü|
#              |üÿABCDEFGHIJKLMNOPQRSTUVWXYZÂÃÄÅÊËÑÔÕÖÛÜÝø¤*©®¶&%@#|
#              +---------------------------------------------------+
#              |pct diff from 50%: abs((0.5-(changed/reps))*2) *100|
#              +----------------------------------------------------------------+
#              |0         1         2         3         4         5         6   |
#              |0123456789012345678901234567890123456789012345678901234567890123|
#              +----------------------------------------------------------------+
# seed     0.0 |################################################################| x 32
#              +----------------------------------------------------------------+
#              +---------------------------------------------------+
#              |012345678901234567890123456789012345678901234567890|
#              +---------------------------------------------------+
# Scale:       |.1234567890abcdefghijklmnopqrstuvwxyzãäåêëîïðñôõöûü|
#              |üÿABCDEFGHIJKLMNOPQRSTUVWXYZÂÃÄÅÊËÑÔÕÖÛÜÝø¤*©®¶&%@#|
#              +---------------------------------------------------+
#              |scaled p-value above confidence level (zero is ok) |
#              +----------------------------------------------------------------+
#              |0         1         2         3         4         5         6   |
#              |0123456789012345678901234567890123456789012345678901234567890123|
#              +----------------------------------------------------------------+
# seed     0.0 |################################################################| x 32
#              +----------------------------------------------------------------+
# 2048 of 2048 bits failed (100.00%) failed at 99.999943 confidence
#     g-test: 100.000000%
#     sum-error-square: 256.00000000
#     key/seed errors: 32/32
#     - seed bit 0 gtest probability not random: 100.0000 (5000000/27000000)
#     - seed bit 1 gtest probability not random: 100.0000 (5000000/27000000)
#     - with 30 more seed errors not described above.
#     hash bit-level errors: 64/64
#     - hash bit 0 gtest-prob not-random: 100.0000 (0/16000000)
#     - hash bit 1 gtest-prob not-random: 100.0000 (0/16000000)
#     - hash bit 2 gtest-prob not-random: 100.0000 (0/16000000)
#     - with 61 more hash bit errors not described above.
not ok 15 - Strict Avalanche Criteria - 0 bit keys
# Testing   8-bit keys.......... not ok! # worst-bit: 100.000% error-ratio: 5.000000e+05
#              +---------------------------------------------------+
#              |012345678901234567890123456789012345678901234567890|
#              +---------------------------------------------------+
# Scale:       |.1234567890abcdefghijklmnopqrstuvwxyzãäåêëîïðñôõöûü|
#              |üÿABCDEFGHIJKLMNOPQRSTUVWXYZÂÃÄÅÊËÑÔÕÖÛÜÝø¤*©®¶&%@#|
#              +---------------------------------------------------+
#              |pct diff from 50%: abs((0.5-(changed/reps))*2) *100|
#              +----------------------------------------------------------------+
#              |0         1         2         3         4         5         6   |
#              |0123456789012345678901234567890123456789012345678901234567890123|
#              +----------------------------------------------------------------+
# seed     0.0 |################################################################| x 32
# key      0.0 |################################################################| x 8
#              +----------------------------------------------------------------+
#              +---------------------------------------------------+
#              |012345678901234567890123456789012345678901234567890|
#              +---------------------------------------------------+
# Scale:       |.1234567890abcdefghijklmnopqrstuvwxyzãäåêëîïðñôõöûü|
#              |üÿABCDEFGHIJKLMNOPQRSTUVWXYZÂÃÄÅÊËÑÔÕÖÛÜÝø¤*©®¶&%@#|
#              +---------------------------------------------------+
#              |scaled p-value above confidence level (zero is ok) |
#              +----------------------------------------------------------------+
#              |0         1         2         3         4         5         6   |
#              |0123456789012345678901234567890123456789012345678901234567890123|
#              +----------------------------------------------------------------+
# seed     0.0 |################################################################| x 32
# key      0.0 |################################################################| x 8
#              +----------------------------------------------------------------+
# 2560 of 2560 bits failed (100.00%) failed at 99.999943 confidence
#     g-test: 100.000000%
#     sum-error-square: 256.00000000
#     key/seed errors: 40/40
#     - seed bit 0 gtest probability not random: 100.0000 (3500000/28500000)
#     - seed bit 1 gtest probability not random: 100.0000 (3500000/28500000)
#     - key bit 0 gtest probability not random: 100.0000 (3500000/28500000)
#     - key bit 1 gtest probability not random: 100.0000 (3500000/28500000)
#     - with 30 more seed errors and 6 more key errors not described above.
#     hash bit-level errors: 64/64
#     - hash bit 0 gtest-prob not-random: 100.0000 (0/20000000)
#     - hash bit 1 gtest-prob not-random: 100.0000 (0/20000000)
#     - hash bit 2 gtest-prob not-random: 100.0000 (0/20000000)
#     - with 61 more hash bit errors not described above.
not ok 16 - Strict Avalanche Criteria - 8 bit keys
# Testing  16-bit keys.......... not ok! # worst-bit: 100.000% error-ratio: 5.000000e+05
#              +---------------------------------------------------+
#              |012345678901234567890123456789012345678901234567890|
#              +---------------------------------------------------+
# Scale:       |.1234567890abcdefghijklmnopqrstuvwxyzãäåêëîïðñôõöûü|
#              |üÿABCDEFGHIJKLMNOPQRSTUVWXYZÂÃÄÅÊËÑÔÕÖÛÜÝø¤*©®¶&%@#|
#              +---------------------------------------------------+
#              |pct diff from 50%: abs((0.5-(changed/reps))*2) *100|
#              +----------------------------------------------------------------+
#              |0         1         2         3         4         5         6   |
#              |0123456789012345678901234567890123456789012345678901234567890123|
#              +----------------------------------------------------------------+
# seed     0.0 |################################################################| x 32
# key      0.0 |################################################################| x 16
#              +----------------------------------------------------------------+
#              +---------------------------------------------------+
#              |012345678901234567890123456789012345678901234567890|
#              +---------------------------------------------------+
# Scale:       |.1234567890abcdefghijklmnopqrstuvwxyzãäåêëîïðñôõöûü|
#              |üÿABCDEFGHIJKLMNOPQRSTUVWXYZÂÃÄÅÊËÑÔÕÖÛÜÝø¤*©®¶&%@#|
#              +---------------------------------------------------+
#              |scaled p-value above confidence level (zero is ok) |
#              +----------------------------------------------------------------+
#              |0         1         2         3         4         5         6   |
#              |0123456789012345678901234567890123456789012345678901234567890123|
#              +----------------------------------------------------------------+
# seed     0.0 |################################################################| x 32
# key      0.0 |################################################################| x 16
#              +----------------------------------------------------------------+
# 3072 of 3072 bits failed (100.00%) failed at 99.999943 confidence
#     g-test: 100.000000%
#     sum-error-square: 256.00000000
#     key/seed errors: 48/48
#     - seed bit 0 gtest probability not random: 100.0000 (4500000/27500000)
#     - seed bit 1 gtest probability not random: 100.0000 (4500000/27500000)
#     - key bit 0 gtest probability not random: 100.0000 (4500000/27500000)
#     - key bit 1 gtest probability not random: 100.0000 (4500000/27500000)
#     - with 30 more seed errors and 14 more key errors not described above.
#     hash bit-level errors: 64/64
#     - hash bit 0 gtest-prob not-random: 100.0000 (0/24000000)
#     - hash bit 1 gtest-prob not-random: 100.0000 (0/24000000)
#     - hash bit 2 gtest-prob not-random: 100.0000 (0/24000000)
#     - with 61 more hash bit errors not described above.
not ok 17 - Strict Avalanche Criteria - 16 bit keys
# Testing  24-bit keys.......... not ok! # worst-bit: 100.000% error-ratio: 5.000000e+05
#              +---------------------------------------------------+
#              |012345678901234567890123456789012345678901234567890|
#              +---------------------------------------------------+
# Scale:       |.1234567890abcdefghijklmnopqrstuvwxyzãäåêëîïðñôõöûü|
#              |üÿABCDEFGHIJKLMNOPQRSTUVWXYZÂÃÄÅÊËÑÔÕÖÛÜÝø¤*©®¶&%@#|
#              +---------------------------------------------------+
#              |pct diff from 50%: abs((0.5-(changed/reps))*2) *100|
#              +----------------------------------------------------------------+
#              |0         1         2         3         4         5         6   |
#              |0123456789012345678901234567890123456789012345678901234567890123|
#              +----------------------------------------------------------------+
# seed     0.0 |################################################################| x 32
# key      0.0 |################################################################| x 24
#              +----------------------------------------------------------------+
#              +---------------------------------------------------+
#              |012345678901234567890123456789012345678901234567890|
#              +---------------------------------------------------+
# Scale:       |.1234567890abcdefghijklmnopqrstuvwxyzãäåêëîïðñôõöûü|
#              |üÿABCDEFGHIJKLMNOPQRSTUVWXYZÂÃÄÅÊËÑÔÕÖÛÜÝø¤*©®¶&%@#|
#              +---------------------------------------------------+
#              |scaled p-value above confidence level (zero is ok) |
#              +----------------------------------------------------------------+
#              |0         1         2         3         4         5         6   |
#              |0123456789012345678901234567890123456789012345678901234567890123|
#              +----------------------------------------------------------------+
# seed     0.0 |################################################################| x 32
# key      0.0 |################################################################| x 24
#              +----------------------------------------------------------------+
# 3584 of 3584 bits failed (100.00%) failed at 99.999943 confidence
#     g-test: 100.000000%
#     sum-error-square: 256.00000000
#     key/seed errors: 56/56
#     - seed bit 0 gtest probability not random: 100.0000 (4000000/28000000)
#     - seed bit 1 gtest probability not random: 100.0000 (4000000/28000000)
#     - key bit 0 gtest probability not random: 100.0000 (4000000/28000000)
#     - key bit 1 gtest probability not random: 100.0000 (4000000/28000000)
#     - with 30 more seed errors and 22 more key errors not described above.
#     hash bit-level errors: 64/64
#     - hash bit 0 gtest-prob not-random: 100.0000 (0/28000000)
#     - hash bit 1 gtest-prob not-random: 100.0000 (0/28000000)
#     - hash bit 2 gtest-prob not-random: 100.0000 (0/28000000)
#     - with 61 more hash bit errors not described above.
not ok 18 - Strict Avalanche Criteria - 24 bit keys
# Testing  32-bit keys.......... not ok! # worst-bit: 100.000% error-ratio: 5.000000e+05
#              +---------------------------------------------------+
#              |012345678901234567890123456789012345678901234567890|
#              +---------------------------------------------------+
# Scale:       |.1234567890abcdefghijklmnopqrstuvwxyzãäåêëîïðñôõöûü|
#              |üÿABCDEFGHIJKLMNOPQRSTUVWXYZÂÃÄÅÊËÑÔÕÖÛÜÝø¤*©®¶&%@#|
#              +---------------------------------------------------+
#              |pct diff from 50%: abs((0.5-(changed/reps))*2) *100|
#              +----------------------------------------------------------------+
#              |0         1         2         3         4         5         6   |
#              |0123456789012345678901234567890123456789012345678901234567890123|
#              +----------------------------------------------------------------+
# seed     0.0 |################################################################| x 32
# key      0.0 |################################################################| x 32
#              +----------------------------------------------------------------+
#              +---------------------------------------------------+
#              |012345678901234567890123456789012345678901234567890|
#              +---------------------------------------------------+
# Scale:       |.1234567890abcdefghijklmnopqrstuvwxyzãäåêëîïðñôõöûü|
#              |üÿABCDEFGHIJKLMNOPQRSTUVWXYZÂÃÄÅÊËÑÔÕÖÛÜÝø¤*©®¶&%@#|
#              +---------------------------------------------------+
#              |scaled p-value above confidence level (zero is ok) |
#              +----------------------------------------------------------------+
#              |0         1         2         3         4         5         6   |
#              |0123456789012345678901234567890123456789012345678901234567890123|
#              +----------------------------------------------------------------+
# seed     0.0 |################################################################| x 32
# key      0.0 |################################################################| x 32
#              +----------------------------------------------------------------+
# 4096 of 4096 bits failed (100.00%) failed at 99.999943 confidence
#     g-test: 100.000000%
#     sum-error-square: 256.00000000
#     key/seed errors: 64/64
#     - seed bit 0 gtest probability not random: 100.0000 (13500000/18500000)
#     - seed bit 1 gtest probability not random: 100.0000 (13500000/18500000)
#     - key bit 0 gtest probability not random: 100.0000 (13500000/18500000)
#     - key bit 1 gtest probability not random: 100.0000 (13500000/18500000)
#     - with 30 more seed errors and 30 more key errors not described above.
#     hash bit-level errors: 64/64
#     - hash bit 0 gtest-prob not-random: 100.0000 (0/32000000)
#     - hash bit 1 gtest-prob not-random: 100.0000 (0/32000000)
#     - hash bit 2 gtest-prob not-random: 100.0000 (0/32000000)
#     - with 61 more hash bit errors not described above.
not ok 19 - Strict Avalanche Criteria - 32 bit keys
# Testing  40-bit keys.......... not ok! # worst-bit: 100.000% error-ratio: 5.000000e+05
#              +---------------------------------------------------+
#              |012345678901234567890123456789012345678901234567890|
#              +---------------------------------------------------+
# Scale:       |.1234567890abcdefghijklmnopqrstuvwxyzãäåêëîïðñôõöûü|
#              |üÿABCDEFGHIJKLMNOPQRSTUVWXYZÂÃÄÅÊËÑÔÕÖÛÜÝø¤*©®¶&%@#|
#              +---------------------------------------------------+
#              |pct diff from 50%: abs((0.5-(changed/reps))*2) *100|
#              +----------------------------------------------------------------+
#              |0         1         2         3         4         5         6   |
#              |0123456789012345678901234567890123456789012345678901234567890123|
#              +----------------------------------------------------------------+
# seed     0.0 |################################################################| x 32
# key      0.0 |################################################################| x 40
#              +----------------------------------------------------------------+
#              +---------------------------------------------------+
#              |012345678901234567890123456789012345678901234567890|
#              +---------------------------------------------------+
# Scale:       |.1234567890abcdefghijklmnopqrstuvwxyzãäåêëîïðñôõöûü|
#              |üÿABCDEFGHIJKLMNOPQRSTUVWXYZÂÃÄÅÊËÑÔÕÖÛÜÝø¤*©®¶&%@#|
#              +---------------------------------------------------+
#              |scaled p-value above confidence level (zero is ok) |
#              +----------------------------------------------------------------+
#              |0         1         2         3         4         5         6   |
#              |0123456789012345678901234567890123456789012345678901234567890123|
#              +----------------------------------------------------------------+
# seed     0.0 |################################################################| x 32
# key      0.0 |################################################################| x 40
#              +----------------------------------------------------------------+
# 4608 of 4608 bits failed (100.00%) failed at 99.999943 confidence
#     g-test: 100.000000%
#     sum-error-square: 256.00000000
#     key/seed errors: 72/72
#     - seed bit 0 gtest probability not random: 100.0000 (13500000/18500000)
#     - seed bit 1 gtest probability not random: 100.0000 (13500000/18500000)
#     - key bit 0 gtest probability not random: 100.0000 (13500000/18500000)
#     - key bit 1 gtest probability not random: 100.0000 (13500000/18500000)
#     - with 30 more seed errors and 38 more key errors not described above.
#     hash bit-level errors: 64/64
#     - hash bit 0 gtest-prob not-random: 100.0000 (0/36000000)
#     - hash bit 1 gtest-prob not-random: 100.0000 (0/36000000)
#     - hash bit 2 gtest-prob not-random: 100.0000 (0/36000000)
#     - with 61 more hash bit errors not described above.
not ok 20 - Strict Avalanche Criteria - 40 bit keys
# Testing  48-bit keys.......... not ok! # worst-bit: 100.000% error-ratio: 5.000000e+05
#              +---------------------------------------------------+
#              |012345678901234567890123456789012345678901234567890|
#              +---------------------------------------------------+
# Scale:       |.1234567890abcdefghijklmnopqrstuvwxyzãäåêëîïðñôõöûü|
#              |üÿABCDEFGHIJKLMNOPQRSTUVWXYZÂÃÄÅÊËÑÔÕÖÛÜÝø¤*©®¶&%@#|
#              +---------------------------------------------------+
#              |pct diff from 50%: abs((0.5-(changed/reps))*2) *100|
#              +----------------------------------------------------------------+
#              |0         1         2         3         4         5         6   |
#              |0123456789012345678901234567890123456789012345678901234567890123|
#              +----------------------------------------------------------------+
# seed     0.0 |################################################################| x 32
# key      0.0 |################################################################| x 48
#              +----------------------------------------------------------------+
#              +---------------------------------------------------+
#              |012345678901234567890123456789012345678901234567890|
#              +---------------------------------------------------+
# Scale:       |.1234567890abcdefghijklmnopqrstuvwxyzãäåêëîïðñôõöûü|
#              |üÿABCDEFGHIJKLMNOPQRSTUVWXYZÂÃÄÅÊËÑÔÕÖÛÜÝø¤*©®¶&%@#|
#              +---------------------------------------------------+
#              |scaled p-value above confidence level (zero is ok) |
#              +----------------------------------------------------------------+
#              |0         1         2         3         4         5         6   |
#              |0123456789012345678901234567890123456789012345678901234567890123|
#              +----------------------------------------------------------------+
# seed     0.0 |################################################################| x 32
# key      0.0 |################################################################| x 48
#              +----------------------------------------------------------------+
# 5120 of 5120 bits failed (100.00%) failed at 99.999943 confidence
#     g-test: 100.000000%
#     sum-error-square: 256.00000000
#     key/seed errors: 80/80
#     - seed bit 0 gtest probability not random: 100.0000 (13500000/18500000)
#     - seed bit 1 gtest probability not random: 100.0000 (13500000/18500000)
#     - key bit 0 gtest probability not random: 100.0000 (13500000/18500000)
#     - key bit 1 gtest probability not random: 100.0000 (13500000/18500000)
#     - with 30 more seed errors and 46 more key errors not described above.
#     hash bit-level errors: 64/64
#     - hash bit 0 gtest-prob not-random: 100.0000 (0/40000000)
#     - hash bit 1 gtest-prob not-random: 100.0000 (0/40000000)
#     - hash bit 2 gtest-prob not-random: 100.0000 (0/40000000)
#     - with 61 more hash bit errors not described above.
not ok 21 - Strict Avalanche Criteria - 48 bit keys
# Testing  56-bit keys.......... not ok! # worst-bit: 100.000% error-ratio: 5.000000e+05
#              +---------------------------------------------------+
#              |012345678901234567890123456789012345678901234567890|
#              +---------------------------------------------------+
# Scale:       |.1234567890abcdefghijklmnopqrstuvwxyzãäåêëîïðñôõöûü|
#              |üÿABCDEFGHIJKLMNOPQRSTUVWXYZÂÃÄÅÊËÑÔÕÖÛÜÝø¤*©®¶&%@#|
#              +---------------------------------------------------+
#              |pct diff from 50%: abs((0.5-(changed/reps))*2) *100|
#              +----------------------------------------------------------------+
#              |0         1         2         3         4         5         6   |
#              |0123456789012345678901234567890123456789012345678901234567890123|
#              +----------------------------------------------------------------+
# seed     0.0 |################################################################| x 32
# key      0.0 |################################################################| x 56
#              +----------------------------------------------------------------+
#              +---------------------------------------------------+
#              |012345678901234567890123456789012345678901234567890|
#              +---------------------------------------------------+
# Scale:       |.1234567890abcdefghijklmnopqrstuvwxyzãäåêëîïðñôõöûü|
#              |üÿABCDEFGHIJKLMNOPQRSTUVWXYZÂÃÄÅÊËÑÔÕÖÛÜÝø¤*©®¶&%@#|
#              +---------------------------------------------------+
#              |scaled p-value above confidence level (zero is ok) |
#              +----------------------------------------------------------------+
#              |0         1         2         3         4         5         6   |
#              |0123456789012345678901234567890123456789012345678901234567890123|
#              +----------------------------------------------------------------+
# seed     0.0 |################################################################| x 32
# key      0.0 |################################################################| x 56
#              +----------------------------------------------------------------+
# 5632 of 5632 bits failed (100.00%) failed at 99.999943 confidence
#     g-test: 100.000000%
#     sum-error-square: 256.00000000
#     key/seed errors: 88/88
#     - seed bit 0 gtest probability not random: 100.0000 (13500000/18500000)
#     - seed bit 1 gtest probability not random: 100.0000 (13500000/18500000)
#     - key bit 0 gtest probability not random: 100.0000 (13500000/18500000)
#     - key bit 1 gtest probability not random: 100.0000 (13500000/18500000)
#     - with 30 more seed errors and 54 more key errors not described above.
#     hash bit-level errors: 64/64
#     - hash bit 0 gtest-prob not-random: 100.0000 (0/44000000)
#     - hash bit 1 gtest-prob not-random: 100.0000 (0/44000000)
#     - hash bit 2 gtest-prob not-random: 100.0000 (0/44000000)
#     - with 61 more hash bit errors not described above.
not ok 22 - Strict Avalanche Criteria - 56 bit keys
# Testing  64-bit keys.......... not ok! # worst-bit: 100.000% error-ratio: 5.000000e+05
#              +---------------------------------------------------+
#              |012345678901234567890123456789012345678901234567890|
#              +---------------------------------------------------+
# Scale:       |.1234567890abcdefghijklmnopqrstuvwxyzãäåêëîïðñôõöûü|
#              |üÿABCDEFGHIJKLMNOPQRSTUVWXYZÂÃÄÅÊËÑÔÕÖÛÜÝø¤*©®¶&%@#|
#              +---------------------------------------------------+
#              |pct diff from 50%: abs((0.5-(changed/reps))*2) *100|
#              +----------------------------------------------------------------+
#              |0         1         2         3         4         5         6   |
#              |0123456789012345678901234567890123456789012345678901234567890123|
#              +----------------------------------------------------------------+
# seed     0.0 |################################################################| x 32
# key      0.0 |################################################################| x 64
#              +----------------------------------------------------------------+
#              +---------------------------------------------------+
#              |012345678901234567890123456789012345678901234567890|
#              +---------------------------------------------------+
# Scale:       |.1234567890abcdefghijklmnopqrstuvwxyzãäåêëîïðñôõöûü|
#              |üÿABCDEFGHIJKLMNOPQRSTUVWXYZÂÃÄÅÊËÑÔÕÖÛÜÝø¤*©®¶&%@#|
#              +---------------------------------------------------+
#              |scaled p-value above confidence level (zero is ok) |
#              +----------------------------------------------------------------+
#              |0         1         2         3         4         5         6   |
#              |0123456789012345678901234567890123456789012345678901234567890123|
#              +----------------------------------------------------------------+
# seed     0.0 |################################################################| x 32
# key      0.0 |################################################################| x 64
#              +----------------------------------------------------------------+
# 6144 of 6144 bits failed (100.00%) failed at 99.999943 confidence
#     g-test: 100.000000%
#     sum-error-square: 256.00000000
#     key/seed errors: 96/96
#     - seed bit 0 gtest probability not random: 100.0000 (13500000/18500000)
#     - seed bit 1 gtest probability not random: 100.0000 (13500000/18500000)
#     - key bit 0 gtest probability not random: 100.0000 (13500000/18500000)
#     - key bit 1 gtest probability not random: 100.0000 (13500000/18500000)
#     - with 30 more seed errors and 62 more key errors not described above.
#     hash bit-level errors: 64/64
#     - hash bit 0 gtest-prob not-random: 100.0000 (0/48000000)
#     - hash bit 1 gtest-prob not-random: 100.0000 (0/48000000)
#     - hash bit 2 gtest-prob not-random: 100.0000 (0/48000000)
#     - with 61 more hash bit errors not described above.
not ok 23 - Strict Avalanche Criteria - 64 bit keys
# Testing  72-bit keys.......... not ok! # worst-bit: 100.000% error-ratio: 5.000000e+05
#              +---------------------------------------------------+
#              |012345678901234567890123456789012345678901234567890|
#              +---------------------------------------------------+
# Scale:       |.1234567890abcdefghijklmnopqrstuvwxyzãäåêëîïðñôõöûü|
#              |üÿABCDEFGHIJKLMNOPQRSTUVWXYZÂÃÄÅÊËÑÔÕÖÛÜÝø¤*©®¶&%@#|
#              +---------------------------------------------------+
#              |pct diff from 50%: abs((0.5-(changed/reps))*2) *100|
#              +----------------------------------------------------------------+
#              |0         1         2         3         4         5         6   |
#              |0123456789012345678901234567890123456789012345678901234567890123|
#              +----------------------------------------------------------------+
# seed     0.0 |################################################################| x 32
# key      0.0 |################################################################| x 72
#              +----------------------------------------------------------------+
#              +---------------------------------------------------+
#              |012345678901234567890123456789012345678901234567890|
#              +---------------------------------------------------+
# Scale:       |.1234567890abcdefghijklmnopqrstuvwxyzãäåêëîïðñôõöûü|
#              |üÿABCDEFGHIJKLMNOPQRSTUVWXYZÂÃÄÅÊËÑÔÕÖÛÜÝø¤*©®¶&%@#|
#              +---------------------------------------------------+
#              |scaled p-value above confidence level (zero is ok) |
#              +----------------------------------------------------------------+
#              |0         1         2         3         4         5         6   |
#              |0123456789012345678901234567890123456789012345678901234567890123|
#              +----------------------------------------------------------------+
# seed     0.0 |################################################################| x 32
# key      0.0 |################################################################| x 72
#              +----------------------------------------------------------------+
# 6656 of 6656 bits failed (100.00%) failed at 99.999943 confidence
#     g-test: 100.000000%
#     sum-error-square: 256.00000000
#     key/seed errors: 104/104
#     - seed bit 0 gtest probability not random: 100.0000 (13500000/18500000)
#     - seed bit 1 gtest probability not random: 100.0000 (13500000/18500000)
#     - key bit 0 gtest probability not random: 100.0000 (13500000/18500000)
#     - key bit 1 gtest probability not random: 100.0000 (13500000/18500000)
#     - with 30 more seed errors and 70 more key errors not described above.
#     hash bit-level errors: 64/64
#     - hash bit 0 gtest-prob not-random: 100.0000 (0/52000000)
#     - hash bit 1 gtest-prob not-random: 100.0000 (0/52000000)
#     - hash bit 2 gtest-prob not-random: 100.0000 (0/52000000)
#     - with 61 more hash bit errors not described above.
not ok 24 - Strict Avalanche Criteria - 72 bit keys
# Testing  80-bit keys.......... not ok! # worst-bit: 100.000% error-ratio: 5.000000e+05
#              +---------------------------------------------------+
#              |012345678901234567890123456789012345678901234567890|
#              +---------------------------------------------------+
# Scale:       |.1234567890abcdefghijklmnopqrstuvwxyzãäåêëîïðñôõöûü|
#              |üÿABCDEFGHIJKLMNOPQRSTUVWXYZÂÃÄÅÊËÑÔÕÖÛÜÝø¤*©®¶&%@#|
#              +---------------------------------------------------+
#              |pct diff from 50%: abs((0.5-(changed/reps))*2) *100|
#              +----------------------------------------------------------------+
#              |0         1         2         3         4         5         6   |
#              |0123456789012345678901234567890123456789012345678901234567890123|
#              +----------------------------------------------------------------+
# seed     0.0 |################################################################| x 32
# key      0.0 |################################################################| x 80
#              +----------------------------------------------------------------+
#              +---------------------------------------------------+
#              |012345678901234567890123456789012345678901234567890|
#              +---------------------------------------------------+
# Scale:       |.1234567890abcdefghijklmnopqrstuvwxyzãäåêëîïðñôõöûü|
#              |üÿABCDEFGHIJKLMNOPQRSTUVWXYZÂÃÄÅÊËÑÔÕÖÛÜÝø¤*©®¶&%@#|
#              +---------------------------------------------------+
#              |scaled p-value above confidence level (zero is ok) |
#              +----------------------------------------------------------------+
#              |0         1         2         3         4         5         6   |
#              |0123456789012345678901234567890123456789012345678901234567890123|
#              +----------------------------------------------------------------+
# seed     0.0 |################################################################| x 32
# key      0.0 |################################################################| x 80
#              +----------------------------------------------------------------+
# 7168 of 7168 bits failed (100.00%) failed at 99.999943 confidence
#     g-test: 100.000000%
#     sum-error-square: 256.00000000
#     key/seed errors: 112/112
#     - seed bit 0 gtest probability not random: 100.0000 (13500000/18500000)
#     - seed bit 1 gtest probability not random: 100.0000 (13500000/18500000)
#     - key bit 0 gtest probability not random: 100.0000 (13500000/18500000)
#     - key bit 1 gtest probability not random: 100.0000 (13500000/18500000)
#     - with 30 more seed errors and 78 more key errors not described above.
#     hash bit-level errors: 64/64
#     - hash bit 0 gtest-prob not-random: 100.0000 (0/56000000)
#     - hash bit 1 gtest-prob not-random: 100.0000 (0/56000000)
#     - hash bit 2 gtest-prob not-random: 100.0000 (0/56000000)
#     - with 61 more hash bit errors not described above.
not ok 25 - Strict Avalanche Criteria - 80 bit keys
# Testing  88-bit keys.......... not ok! # worst-bit: 100.000% error-ratio: 5.000000e+05
#              +---------------------------------------------------+
#              |012345678901234567890123456789012345678901234567890|
#              +---------------------------------------------------+
# Scale:       |.1234567890abcdefghijklmnopqrstuvwxyzãäåêëîïðñôõöûü|
#              |üÿABCDEFGHIJKLMNOPQRSTUVWXYZÂÃÄÅÊËÑÔÕÖÛÜÝø¤*©®¶&%@#|
#              +---------------------------------------------------+
#              |pct diff from 50%: abs((0.5-(changed/reps))*2) *100|
#              +----------------------------------------------------------------+
#              |0         1         2         3         4         5         6   |
#              |0123456789012345678901234567890123456789012345678901234567890123|
#              +----------------------------------------------------------------+
# seed     0.0 |################################################################| x 32
# key      0.0 |################################################################| x 88
#              +----------------------------------------------------------------+
#              +---------------------------------------------------+
#              |012345678901234567890123456789012345678901234567890|
#              +---------------------------------------------------+
# Scale:       |.1234567890abcdefghijklmnopqrstuvwxyzãäåêëîïðñôõöûü|
#              |üÿABCDEFGHIJKLMNOPQRSTUVWXYZÂÃÄÅÊËÑÔÕÖÛÜÝø¤*©®¶&%@#|
#              +---------------------------------------------------+
#              |scaled p-value above confidence level (zero is ok) |
#              +----------------------------------------------------------------+
#              |0         1         2         3         4         5         6   |
#              |0123456789012345678901234567890123456789012345678901234567890123|
#              +----------------------------------------------------------------+
# seed     0.0 |################################################################| x 32
# key      0.0 |################################################################| x 88
#              +----------------------------------------------------------------+
# 7680 of 7680 bits failed (100.00%) failed at 99.999943 confidence
#     g-test: 100.000000%
#     sum-error-square: 256.00000000
#     key/seed errors: 120/120
#     - seed bit 0 gtest probability not random: 100.0000 (13500000/18500000)
#     - seed bit 1 gtest probability not random: 100.0000 (13500000/18500000)
#     - key bit 0 gtest probability not random: 100.0000 (13500000/18500000)
#     - key bit 1 gtest probability not random: 100.0000 (13500000/18500000)
#     - with 30 more seed errors and 86 more key errors not described above.
#     hash bit-level errors: 64/64
#     - hash bit 0 gtest-prob not-random: 100.0000 (0/60000000)
#     - hash bit 1 gtest-prob not-random: 100.0000 (0/60000000)
#     - hash bit 2 gtest-prob not-random: 100.0000 (0/60000000)
#     - with 61 more hash bit errors not described above.
not ok 26 - Strict Avalanche Criteria - 88 bit keys
# Testing  96-bit keys.......... not ok! # worst-bit: 100.000% error-ratio: 5.000000e+05
#              +---------------------------------------------------+
#              |012345678901234567890123456789012345678901234567890|
#              +---------------------------------------------------+
# Scale:       |.1234567890abcdefghijklmnopqrstuvwxyzãäåêëîïðñôõöûü|
#              |üÿABCDEFGHIJKLMNOPQRSTUVWXYZÂÃÄÅÊËÑÔÕÖÛÜÝø¤*©®¶&%@#|
#              +---------------------------------------------------+
#              |pct diff from 50%: abs((0.5-(changed/reps))*2) *100|
#              +----------------------------------------------------------------+
#              |0         1         2         3         4         5         6   |
#              |0123456789012345678901234567890123456789012345678901234567890123|
#              +----------------------------------------------------------------+
# seed     0.0 |################################################################| x 32
# key      0.0 |################################################################| x 96
#              +----------------------------------------------------------------+
#              +---------------------------------------------------+
#              |012345678901234567890123456789012345678901234567890|
#              +---------------------------------------------------+
# Scale:       |.1234567890abcdefghijklmnopqrstuvwxyzãäåêëîïðñôõöûü|
#              |üÿABCDEFGHIJKLMNOPQRSTUVWXYZÂÃÄÅÊËÑÔÕÖÛÜÝø¤*©®¶&%@#|
#              +---------------------------------------------------+
#              |scaled p-value above confidence level (zero is ok) |
#              +----------------------------------------------------------------+
#              |0         1         2         3         4         5         6   |
#              |0123456789012345678901234567890123456789012345678901234567890123|
#              +----------------------------------------------------------------+
# seed     0.0 |################################################################| x 32
# key      0.0 |################################################################| x 96
#              +----------------------------------------------------------------+
# 8192 of 8192 bits failed (100.00%) failed at 99.999943 confidence
#     g-test: 100.000000%
#     sum-error-square: 256.00000000
#     key/seed errors: 128/128
#     - seed bit 0 gtest probability not random: 100.0000 (13500000/18500000)
#     - seed bit 1 gtest probability not random: 100.0000 (13500000/18500000)
#     - key bit 0 gtest probability not random: 100.0000 (13500000/18500000)
#     - key bit 1 gtest probability not random: 100.0000 (13500000/18500000)
#     - with 30 more seed errors and 94 more key errors not described above.
#     hash bit-level errors: 64/64
#     - hash bit 0 gtest-prob not-random: 100.0000 (0/64000000)
#     - hash bit 1 gtest-prob not-random: 100.0000 (0/64000000)
#     - hash bit 2 gtest-prob not-random: 100.0000 (0/64000000)
#     - with 61 more hash bit errors not described above.
not ok 27 - Strict Avalanche Criteria - 96 bit keys
# Testing 104-bit keys.......... not ok! # worst-bit: 100.000% error-ratio: 5.000000e+05
#              +---------------------------------------------------+
#              |012345678901234567890123456789012345678901234567890|
#              +---------------------------------------------------+
# Scale:       |.1234567890abcdefghijklmnopqrstuvwxyzãäåêëîïðñôõöûü|
#              |üÿABCDEFGHIJKLMNOPQRSTUVWXYZÂÃÄÅÊËÑÔÕÖÛÜÝø¤*©®¶&%@#|
#              +---------------------------------------------------+
#              |pct diff from 50%: abs((0.5-(changed/reps))*2) *100|
#              +----------------------------------------------------------------+
#              |0         1         2         3         4         5         6   |
#              |0123456789012345678901234567890123456789012345678901234567890123|
#              +----------------------------------------------------------------+
# seed     0.0 |################################################################| x 32
# key      0.0 |################################################################| x 104
#              +----------------------------------------------------------------+
#              +---------------------------------------------------+
#              |012345678901234567890123456789012345678901234567890|
#              +---------------------------------------------------+
# Scale:       |.1234567890abcdefghijklmnopqrstuvwxyzãäåêëîïðñôõöûü|
#              |üÿABCDEFGHIJKLMNOPQRSTUVWXYZÂÃÄÅÊËÑÔÕÖÛÜÝø¤*©®¶&%@#|
#              +---------------------------------------------------+
#              |scaled p-value above confidence level (zero is ok) |
#              +----------------------------------------------------------------+
#              |0         1         2         3         4         5         6   |
#              |0123456789012345678901234567890123456789012345678901234567890123|
#              +----------------------------------------------------------------+
# seed     0.0 |################################################################| x 32
# key      0.0 |################################################################| x 104
#              +----------------------------------------------------------------+
# 8704 of 8704 bits failed (100.00%) failed at 99.999943 confidence
#     g-test: 100.000000%
#     sum-error-square: 256.00000000
#     key/seed errors: 136/136
#     - seed bit 0 gtest probability not random: 100.0000 (3500000/28500000)
#     - seed bit 1 gtest probability not random: 100.0000 (3500000/28500000)
#     - key bit 0 gtest probability not random: 100.0000 (3500000/28500000)
#     - key bit 1 gtest probability not random: 100.0000 (3500000/28500000)
#     - with 30 more seed errors and 102 more key errors not described above.
#     hash bit-level errors: 64/64
#     - hash bit 0 gtest-prob not-random: 100.0000 (0/68000000)
#     - hash bit 1 gtest-prob not-random: 100.0000 (0/68000000)
#     - hash bit 2 gtest-prob not-random: 100.0000 (68000000/0)
#     - with 61 more hash bit errors not described above.
not ok 28 - Strict Avalanche Criteria - 104 bit keys
# Testing 112-bit keys.......... not ok! # worst-bit: 100.000% error-ratio: 5.000000e+05
#              +---------------------------------------------------+
#              |012345678901234567890123456789012345678901234567890|
#              +---------------------------------------------------+
# Scale:       |.1234567890abcdefghijklmnopqrstuvwxyzãäåêëîïðñôõöûü|
#              |üÿABCDEFGHIJKLMNOPQRSTUVWXYZÂÃÄÅÊËÑÔÕÖÛÜÝø¤*©®¶&%@#|
#              +---------------------------------------------------+
#              |pct diff from 50%: abs((0.5-(changed/reps))*2) *100|
#              +----------------------------------------------------------------+
#              |0         1         2         3         4         5         6   |
#              |0123456789012345678901234567890123456789012345678901234567890123|
#              +----------------------------------------------------------------+
# seed     0.0 |################################################################| x 32
# key      0.0 |################################################################| x 112
#              +----------------------------------------------------------------+
#              +---------------------------------------------------+
#              |012345678901234567890123456789012345678901234567890|
#              +---------------------------------------------------+
# Scale:       |.1234567890abcdefghijklmnopqrstuvwxyzãäåêëîïðñôõöûü|
#              |üÿABCDEFGHIJKLMNOPQRSTUVWXYZÂÃÄÅÊËÑÔÕÖÛÜÝø¤*©®¶&%@#|
#              +---------------------------------------------------+
#              |scaled p-value above confidence level (zero is ok) |
#              +----------------------------------------------------------------+
#              |0         1         2         3         4         5         6   |
#              |0123456789012345678901234567890123456789012345678901234567890123|
#              +----------------------------------------------------------------+
# seed     0.0 |################################################################| x 32
# key      0.0 |################################################################| x 112
#              +----------------------------------------------------------------+
# 9216 of 9216 bits failed (100.00%) failed at 99.999943 confidence
#     g-test: 100.000000%
#     sum-error-square: 256.00000000
#     key/seed errors: 144/144
#     - seed bit 0 gtest probability not random: 100.0000 (13500000/18500000)
#     - seed bit 1 gtest probability not random: 100.0000 (13500000/18500000)
#     - key bit 0 gtest probability not random: 100.0000 (13500000/18500000)
#     - key bit 1 gtest probability not random: 100.0000 (13500000/18500000)
#     - with 30 more seed errors and 110 more key errors not described above.
#     hash bit-level errors: 64/64
#     - hash bit 0 gtest-prob not-random: 100.0000 (0/72000000)
#     - hash bit 1 gtest-prob not-random: 100.0000 (0/72000000)
#     - hash bit 2 gtest-prob not-random: 100.0000 (0/72000000)
#     - with 61 more hash bit errors not described above.
not ok 29 - Strict Avalanche Criteria - 112 bit keys
# Testing 120-bit keys.......... not ok! # worst-bit: 100.000% error-ratio: 5.000000e+05
#              +---------------------------------------------------+
#              |012345678901234567890123456789012345678901234567890|
#              +---------------------------------------------------+
# Scale:       |.1234567890abcdefghijklmnopqrstuvwxyzãäåêëîïðñôõöûü|
#              |üÿABCDEFGHIJKLMNOPQRSTUVWXYZÂÃÄÅÊËÑÔÕÖÛÜÝø¤*©®¶&%@#|
#              +---------------------------------------------------+
#              |pct diff from 50%: abs((0.5-(changed/reps))*2) *100|
#              +----------------------------------------------------------------+
#              |0         1         2         3         4         5         6   |
#              |0123456789012345678901234567890123456789012345678901234567890123|
#              +----------------------------------------------------------------+
# seed     0.0 |################################################################| x 32
# key      0.0 |################################################################| x 120
#              +----------------------------------------------------------------+
#              +---------------------------------------------------+
#              |012345678901234567890123456789012345678901234567890|
#              +---------------------------------------------------+
# Scale:       |.1234567890abcdefghijklmnopqrstuvwxyzãäåêëîïðñôõöûü|
#              |üÿABCDEFGHIJKLMNOPQRSTUVWXYZÂÃÄÅÊËÑÔÕÖÛÜÝø¤*©®¶&%@#|
#              +---------------------------------------------------+
#              |scaled p-value above confidence level (zero is ok) |
#              +----------------------------------------------------------------+
#              |0         1         2         3         4         5         6   |
#              |0123456789012345678901234567890123456789012345678901234567890123|
#              +----------------------------------------------------------------+
# seed     0.0 |################################################################| x 32
# key      0.0 |################################################################| x 120
#              +----------------------------------------------------------------+
# 9728 of 9728 bits failed (100.00%) failed at 99.999943 confidence
#     g-test: 100.000000%
#     sum-error-square: 256.00000000
#     key/seed errors: 152/152
#     - seed bit 0 gtest probability not random: 100.0000 (3500000/28500000)
#     - seed bit 1 gtest probability not random: 100.0000 (3500000/28500000)
#     - key bit 0 gtest probability not random: 100.0000 (3500000/28500000)
#     - key bit 1 gtest probability not random: 100.0000 (3500000/28500000)
#     - with 30 more seed errors and 118 more key errors not described above.
#     hash bit-level errors: 64/64
#     - hash bit 0 gtest-prob not-random: 100.0000 (0/76000000)
#     - hash bit 1 gtest-prob not-random: 100.0000 (0/76000000)
#     - hash bit 2 gtest-prob not-random: 100.0000 (76000000/0)
#     - with 61 more hash bit errors not described above.
not ok 30 - Strict Avalanche Criteria - 120 bit keys
# Testing 128-bit keys.......... not ok! # worst-bit: 100.000% error-ratio: 5.000000e+05
#              +---------------------------------------------------+
#              |012345678901234567890123456789012345678901234567890|
#              +---------------------------------------------------+
# Scale:       |.1234567890abcdefghijklmnopqrstuvwxyzãäåêëîïðñôõöûü|
#              |üÿABCDEFGHIJKLMNOPQRSTUVWXYZÂÃÄÅÊËÑÔÕÖÛÜÝø¤*©®¶&%@#|
#              +---------------------------------------------------+
#              |pct diff from 50%: abs((0.5-(changed/reps))*2) *100|
#              +----------------------------------------------------------------+
#              |0         1         2         3         4         5         6   |
#              |0123456789012345678901234567890123456789012345678901234567890123|
#              +----------------------------------------------------------------+
# seed     0.0 |################################################################| x 32
# key      0.0 |################################################################| x 128
#              +----------------------------------------------------------------+
#              +---------------------------------------------------+
#              |012345678901234567890123456789012345678901234567890|
#              +---------------------------------------------------+
# Scale:       |.1234567890abcdefghijklmnopqrstuvwxyzãäåêëîïðñôõöûü|
#              |üÿABCDEFGHIJKLMNOPQRSTUVWXYZÂÃÄÅÊËÑÔÕÖÛÜÝø¤*©®¶&%@#|
#              +---------------------------------------------------+
#              |scaled p-value above confidence level (zero is ok) |
#              +----------------------------------------------------------------+
#              |0         1         2         3         4         5         6   |
#              |0123456789012345678901234567890123456789012345678901234567890123|
#              +----------------------------------------------------------------+
# seed     0.0 |################################################################| x 32
# key      0.0 |################################################################| x 128
#              +----------------------------------------------------------------+
# 10240 of 10240 bits failed (100.00%) failed at 99.999943 confidence
#     g-test: 100.000000%
#     sum-error-square: 256.00000000
#     key/seed errors: 160/160
#     - seed bit 0 gtest probability not random: 100.0000 (13500000/18500000)
#     - seed bit 1 gtest probability not random: 100.0000 (13500000/18500000)
#     - key bit 0 gtest probability not random: 100.0000 (13500000/18500000)
#     - key bit 1 gtest probability not random: 100.0000 (13500000/18500000)
#     - with 30 more seed errors and 126 more key errors not described above.
#     hash bit-level errors: 64/64
#     - hash bit 0 gtest-prob not-random: 100.0000 (0/80000000)
#     - hash bit 1 gtest-prob not-random: 100.0000 (0/80000000)
#     - hash bit 2 gtest-prob not-random: 100.0000 (0/80000000)
#     - with 61 more hash bit errors not described above.
not ok 31 - Strict Avalanche Criteria - 128 bit keys
# Testing 136-bit keys.......... not ok! # worst-bit: 100.000% error-ratio: 5.000000e+05
#              +---------------------------------------------------+
#              |012345678901234567890123456789012345678901234567890|
#              +---------------------------------------------------+
# Scale:       |.1234567890abcdefghijklmnopqrstuvwxyzãäåêëîïðñôõöûü|
#              |üÿABCDEFGHIJKLMNOPQRSTUVWXYZÂÃÄÅÊËÑÔÕÖÛÜÝø¤*©®¶&%@#|
#              +---------------------------------------------------+
#              |pct diff from 50%: abs((0.5-(changed/reps))*2) *100|
#              +----------------------------------------------------------------+
#              |0         1         2         3         4         5         6   |
#              |0123456789012345678901234567890123456789012345678901234567890123|
#              +----------------------------------------------------------------+
# seed     0.0 |################################################################| x 32
# key      0.0 |################################################################| x 136
#              +----------------------------------------------------------------+
#              +---------------------------------------------------+
#              |012345678901234567890123456789012345678901234567890|
#              +---------------------------------------------------+
# Scale:       |.1234567890abcdefghijklmnopqrstuvwxyzãäåêëîïðñôõöûü|
#              |üÿABCDEFGHIJKLMNOPQRSTUVWXYZÂÃÄÅÊËÑÔÕÖÛÜÝø¤*©®¶&%@#|
#              +---------------------------------------------------+
#              |scaled p-value above confidence level (zero is ok) |
#              +----------------------------------------------------------------+
#              |0         1         2         3         4         5         6   |
#              |0123456789012345678901234567890123456789012345678901234567890123|
#              +----------------------------------------------------------------+
# seed     0.0 |################################################################| x 32
# key      0.0 |################################################################| x 136
#              +----------------------------------------------------------------+
# 10752 of 10752 bits failed (100.00%) failed at 99.999943 confidence
#     g-test: 100.000000%
#     sum-error-square: 256.00000000
#     key/seed errors: 168/168
#     - seed bit 0 gtest probability not random: 100.0000 (4000000/28000000)
#     - seed bit 1 gtest probability not random: 100.0000 (4000000/28000000)
#     - key bit 0 gtest probability not random: 100.0000 (4000000/28000000)
#     - key bit 1 gtest probability not random: 100.0000 (4000000/28000000)
#     - with 30 more seed errors and 134 more key errors not described above.
#     hash bit-level errors: 64/64
#     - hash bit 0 gtest-prob not-random: 100.0000 (0/84000000)
#     - hash bit 1 gtest-prob not-random: 100.0000 (0/84000000)
#     - hash bit 2 gtest-prob not-random: 100.0000 (84000000/0)
#     - with 61 more hash bit errors not described above.
not ok 32 - Strict Avalanche Criteria - 136 bit keys
# Testing 144-bit keys.......... not ok! # worst-bit: 100.000% error-ratio: 5.000000e+05
#              +---------------------------------------------------+
#              |012345678901234567890123456789012345678901234567890|
#              +---------------------------------------------------+
# Scale:       |.1234567890abcdefghijklmnopqrstuvwxyzãäåêëîïðñôõöûü|
#              |üÿABCDEFGHIJKLMNOPQRSTUVWXYZÂÃÄÅÊËÑÔÕÖÛÜÝø¤*©®¶&%@#|
#              +---------------------------------------------------+
#              |pct diff from 50%: abs((0.5-(changed/reps))*2) *100|
#              +----------------------------------------------------------------+
#              |0         1         2         3         4         5         6   |
#              |0123456789012345678901234567890123456789012345678901234567890123|
#              +----------------------------------------------------------------+
# seed     0.0 |################################################################| x 32
# key      0.0 |################################################################| x 144
#              +----------------------------------------------------------------+
#              +---------------------------------------------------+
#              |012345678901234567890123456789012345678901234567890|
#              +---------------------------------------------------+
# Scale:       |.1234567890abcdefghijklmnopqrstuvwxyzãäåêëîïðñôõöûü|
#              |üÿABCDEFGHIJKLMNOPQRSTUVWXYZÂÃÄÅÊËÑÔÕÖÛÜÝø¤*©®¶&%@#|
#              +---------------------------------------------------+
#              |scaled p-value above confidence level (zero is ok) |
#              +----------------------------------------------------------------+
#              |0         1         2         3         4         5         6   |
#              |0123456789012345678901234567890123456789012345678901234567890123|
#              +----------------------------------------------------------------+
# seed     0.0 |################################################################| x 32
# key      0.0 |################################################################| x 144
#              +----------------------------------------------------------------+
# 11264 of 11264 bits failed (100.00%) failed at 99.999943 confidence
#     g-test: 100.000000%
#     sum-error-square: 256.00000000
#     key/seed errors: 176/176
#     - seed bit 0 gtest probability not random: 100.0000 (500000/31500000)
#     - seed bit 1 gtest probability not random: 100.0000 (500000/31500000)
#     - key bit 0 gtest probability not random: 100.0000 (500000/31500000)
#     - key bit 1 gtest probability not random: 100.0000 (500000/31500000)
#     - with 30 more seed errors and 142 more key errors not described above.
#     hash bit-level errors: 64/64
#     - hash bit 0 gtest-prob not-random: 100.0000 (0/88000000)
#     - hash bit 1 gtest-prob not-random: 100.0000 (0/88000000)
#     - hash bit 2 gtest-prob not-random: 100.0000 (88000000/0)
#     - with 61 more hash bit errors not described above.
not ok 33 - Strict Avalanche Criteria - 144 bit keys
# Testing 152-bit keys.......... not ok! # worst-bit: 100.000% error-ratio: 5.000000e+05
#              +---------------------------------------------------+
#              |012345678901234567890123456789012345678901234567890|
#              +---------------------------------------------------+
# Scale:       |.1234567890abcdefghijklmnopqrstuvwxyzãäåêëîïðñôõöûü|
#              |üÿABCDEFGHIJKLMNOPQRSTUVWXYZÂÃÄÅÊËÑÔÕÖÛÜÝø¤*©®¶&%@#|
#              +---------------------------------------------------+
#              |pct diff from 50%: abs((0.5-(changed/reps))*2) *100|
#              +----------------------------------------------------------------+
#              |0         1         2         3         4         5         6   |
#              |0123456789012345678901234567890123456789012345678901234567890123|
#              +----------------------------------------------------------------+
# seed     0.0 |################################################################| x 32
# key      0.0 |################################################################| x 152
#              +----------------------------------------------------------------+
#              +---------------------------------------------------+
#              |012345678901234567890123456789012345678901234567890|
#              +---------------------------------------------------+
# Scale:       |.1234567890abcdefghijklmnopqrstuvwxyzãäåêëîïðñôõöûü|
#              |üÿABCDEFGHIJKLMNOPQRSTUVWXYZÂÃÄÅÊËÑÔÕÖÛÜÝø¤*©®¶&%@#|
#              +---------------------------------------------------+
#              |scaled p-value above confidence level (zero is ok) |
#              +----------------------------------------------------------------+
#              |0         1         2         3         4         5         6   |
#              |0123456789012345678901234567890123456789012345678901234567890123|
#              +----------------------------------------------------------------+
# seed     0.0 |################################################################| x 32
# key      0.0 |################################################################| x 152
#              +----------------------------------------------------------------+
# 11776 of 11776 bits failed (100.00%) failed at 99.999943 confidence
#     g-test: 100.000000%
#     sum-error-square: 256.00000000
#     key/seed errors: 184/184
#     - seed bit 0 gtest probability not random: 100.0000 (500000/31500000)
#     - seed bit 1 gtest probability not random: 100.0000 (500000/31500000)
#     - key bit 0 gtest probability not random: 100.0000 (500000/31500000)
#     - key bit 1 gtest probability not random: 100.0000 (500000/31500000)
#     - with 30 more seed errors and 150 more key errors not described above.
#     hash bit-level errors: 64/64
#     - hash bit 0 gtest-prob not-random: 100.0000 (0/92000000)
#     - hash bit 1 gtest-prob not-random: 100.0000 (0/92000000)
#     - hash bit 2 gtest-prob not-random: 100.0000 (92000000/0)
#     - with 61 more hash bit errors not described above.
not ok 34 - Strict Avalanche Criteria - 152 bit keys
# Testing 152-bit keys.......... not ok! # worst-bit: 100.000% error-ratio: 5.000000e+05
#              +---------------------------------------------------+
#              |012345678901234567890123456789012345678901234567890|
#              +---------------------------------------------------+
# Scale:       |.1234567890abcdefghijklmnopqrstuvwxyzãäåêëîïðñôõöûü|
#              |üÿABCDEFGHIJKLMNOPQRSTUVWXYZÂÃÄÅÊËÑÔÕÖÛÜÝø¤*©®¶&%@#|
#              +---------------------------------------------------+
#              |pct diff from 50%: abs((0.5-(changed/reps))*2) *100|
#              +----------------------------------------------------------------+
#              |0         1         2         3         4         5         6   |
#              |0123456789012345678901234567890123456789012345678901234567890123|
#              +----------------------------------------------------------------+
# seed     0.0 |################################################################| x 32
# key      0.0 |################################################################| x 152
#              +----------------------------------------------------------------+
#              +---------------------------------------------------+
#              |012345678901234567890123456789012345678901234567890|
#              +---------------------------------------------------+
# Scale:       |.1234567890abcdefghijklmnopqrstuvwxyzãäåêëîïðñôõöûü|
#              |üÿABCDEFGHIJKLMNOPQRSTUVWXYZÂÃÄÅÊËÑÔÕÖÛÜÝø¤*©®¶&%@#|
#              +---------------------------------------------------+
#              |scaled p-value above confidence level (zero is ok) |
#              +----------------------------------------------------------------+
#              |0         1         2         3         4         5         6   |
#              |0123456789012345678901234567890123456789012345678901234567890123|
#              +----------------------------------------------------------------+
# seed     0.0 |################################################################| x 32
# key      0.0 |################################################################| x 152
#              +----------------------------------------------------------------+
# 11776 of 11776 bits failed (100.00%) failed at 99.999943 confidence
#     g-test: 100.000000%
#     sum-error-square: 256.00000000
#     key/seed errors: 184/184
#     - seed bit 0 gtest probability not random: 100.0000 (500000/31500000)
#     - seed bit 1 gtest probability not random: 100.0000 (500000/31500000)
#     - key bit 0 gtest probability not random: 100.0000 (500000/31500000)
#     - key bit 1 gtest probability not random: 100.0000 (500000/31500000)
#     - with 30 more seed errors and 150 more key errors not described above.
#     hash bit-level errors: 64/64
#     - hash bit 0 gtest-prob not-random: 100.0000 (0/92000000)
#     - hash bit 1 gtest-prob not-random: 100.0000 (0/92000000)
#     - hash bit 2 gtest-prob not-random: 100.0000 (92000000/0)
#     - with 61 more hash bit errors not described above.
not ok 35 - Strict Avalanche Criteria - 160 bit keys
# Testing 256-bit keys.......... not ok! # worst-bit: 100.000% error-ratio: 5.000000e+05
#              +---------------------------------------------------+
#              |012345678901234567890123456789012345678901234567890|
#              +---------------------------------------------------+
# Scale:       |.1234567890abcdefghijklmnopqrstuvwxyzãäåêëîïðñôõöûü|
#              |üÿABCDEFGHIJKLMNOPQRSTUVWXYZÂÃÄÅÊËÑÔÕÖÛÜÝø¤*©®¶&%@#|
#              +---------------------------------------------------+
#              |pct diff from 50%: abs((0.5-(changed/reps))*2) *100|
#              +----------------------------------------------------------------+
#              |0         1         2         3         4         5         6   |
#              |0123456789012345678901234567890123456789012345678901234567890123|
#              +----------------------------------------------------------------+
# seed     0.0 |################################################################| x 32
# key      0.0 |################################################################| x 256
#              +----------------------------------------------------------------+
#              +---------------------------------------------------+
#              |012345678901234567890123456789012345678901234567890|
#              +---------------------------------------------------+
# Scale:       |.1234567890abcdefghijklmnopqrstuvwxyzãäåêëîïðñôõöûü|
#              |üÿABCDEFGHIJKLMNOPQRSTUVWXYZÂÃÄÅÊËÑÔÕÖÛÜÝø¤*©®¶&%@#|
#              +---------------------------------------------------+
#              |scaled p-value above confidence level (zero is ok) |
#              +----------------------------------------------------------------+
#              |0         1         2         3         4         5         6   |
#              |0123456789012345678901234567890123456789012345678901234567890123|
#              +----------------------------------------------------------------+
# seed     0.0 |################################################################| x 32
# key      0.0 |################################################################| x 256
#              +----------------------------------------------------------------+
# 18432 of 18432 bits failed (100.00%) failed at 99.999943 confidence
#     g-test: 100.000000%
#     sum-error-square: 256.00000000
#     key/seed errors: 288/288
#     - seed bit 0 gtest probability not random: 100.0000 (0/32000000)
#     - seed bit 1 gtest probability not random: 100.0000 (0/32000000)
#     - key bit 0 gtest probability not random: 100.0000 (0/32000000)
#     - key bit 1 gtest probability not random: 100.0000 (0/32000000)
#     - with 30 more seed errors and 254 more key errors not described above.
#     hash bit-level errors: 64/64
#     - hash bit 0 gtest-prob not-random: 100.0000 (0/144000000)
#     - hash bit 1 gtest-prob not-random: 100.0000 (0/144000000)
#     - hash bit 2 gtest-prob not-random: 100.0000 (0/144000000)
#     - with 61 more hash bit errors not described above.
not ok 36 - Strict Avalanche Criteria - 256 bit keys
not ok 37 - Strict Avalanche Criteria # DoNothingOAAT
### Keyset 'Cyclic' Tests ###
# Keyset 'Cyclic' - 8 cycles of 8 bytes - 10000000 keys
# Testing collisions   - Expected     0.00, actual  9999999 - ALL keys were in collision - failed
not ok 38 - Collision Rate for Keyset 'Cyclic' - 8 cycles of 8 bytes - 10000000 keys
# worst bias is the  20-bit window at bit   0 - 86679491.323% (832)
not ok 39 - Distribution Bias Check for Keyset 'Cyclic' - 8 cycles of 8 bytes - 10000000 keys
# Keyset 'Cyclic' - 8 cycles of 9 bytes - 10000000 keys
# Testing collisions   - Expected     0.00, actual  9999999 - ALL keys were in collision - failed
not ok 40 - Collision Rate for Keyset 'Cyclic' - 8 cycles of 9 bytes - 10000000 keys
# worst bias is the  20-bit window at bit   0 - 86679491.323% (832)
not ok 41 - Distribution Bias Check for Keyset 'Cyclic' - 8 cycles of 9 bytes - 10000000 keys
# Keyset 'Cyclic' - 8 cycles of 10 bytes - 10000000 keys
# Testing collisions   - Expected     0.00, actual  9999999 - ALL keys were in collision - failed
not ok 42 - Collision Rate for Keyset 'Cyclic' - 8 cycles of 10 bytes - 10000000 keys
# worst bias is the  20-bit window at bit   0 - 86679491.323% (832)
not ok 43 - Distribution Bias Check for Keyset 'Cyclic' - 8 cycles of 10 bytes - 10000000 keys
# Keyset 'Cyclic' - 8 cycles of 11 bytes - 10000000 keys
# Testing collisions   - Expected     0.00, actual  9999999 - ALL keys were in collision - failed
not ok 44 - Collision Rate for Keyset 'Cyclic' - 8 cycles of 11 bytes - 10000000 keys
# worst bias is the  20-bit window at bit   0 - 86679491.323% (832)
not ok 45 - Distribution Bias Check for Keyset 'Cyclic' - 8 cycles of 11 bytes - 10000000 keys
# Keyset 'Cyclic' - 8 cycles of 12 bytes - 10000000 keys
# Testing collisions   - Expected     0.00, actual  9999999 - ALL keys were in collision - failed
not ok 46 - Collision Rate for Keyset 'Cyclic' - 8 cycles of 12 bytes - 10000000 keys
# worst bias is the  20-bit window at bit   0 - 86679491.323% (832)
not ok 47 - Distribution Bias Check for Keyset 'Cyclic' - 8 cycles of 12 bytes - 10000000 keys
not ok 48 - Keyset 'Cyclic' # DoNothingOAAT
### Keyset 'TwoBytes' Tests ###
# Testing collisions   - Expected     0.00, actual   652544 - ALL keys were in collision - failed
not ok 49 - Collision Rate for Keyset 'TwoBytes' - up-to-4-byte keys, 652545 total keys
# worst bias is the  16-bit window at bit   0 - 5457324.894% (576)
not ok 50 - Distribution Bias Check for Keyset 'TwoBytes' - up-to-4-byte keys, 652545 total keys
# Testing collisions   - Expected     0.00, actual  5471024 - ALL keys were in collision - failed
not ok 51 - Collision Rate for Keyset 'TwoBytes' - up-to-8-byte keys, 5471025 total keys
# worst bias is the  20-bit window at bit   0 - 75801342.236% (832)
not ok 52 - Distribution Bias Check for Keyset 'TwoBytes' - up-to-8-byte keys, 5471025 total keys
# Testing collisions   - Expected     0.00, actual 18616784 - ALL keys were in collision - failed
not ok 53 - Collision Rate for Keyset 'TwoBytes' - up-to-12-byte keys, 18616785 total keys
# worst bias is the  20-bit window at bit   0 - 94241356.557% (832)
not ok 54 - Distribution Bias Check for Keyset 'TwoBytes' - up-to-12-byte keys, 18616785 total keys
# Testing collisions   - Expected     0.00, actual 44251424 - ALL keys were in collision - failed
not ok 55 - Collision Rate for Keyset 'TwoBytes' - up-to-16-byte keys, 44251425 total keys
# worst bias is the  20-bit window at bit   0 - 100112972.016% (832)
not ok 56 - Distribution Bias Check for Keyset 'TwoBytes' - up-to-16-byte keys, 44251425 total keys
# Testing collisions   - Expected     0.00, actual 86536544 - ALL keys were in collision - failed
not ok 57 - Collision Rate for Keyset 'TwoBytes' - up-to-20-byte keys, 86536545 total keys
# worst bias is the  20-bit window at bit   0 - 102376478.382% (832)
not ok 58 - Distribution Bias Check for Keyset 'TwoBytes' - up-to-20-byte keys, 86536545 total keys
not ok 59 - Keyset 'TwoBytes' # DoNothingOAAT
### Keyset 'Sparse' Tests ###
# Keyset 'Sparse' - 32-bit keys with up to 6 bits set - 1149017 keys
# Testing collisions   - Expected     0.00, actual  1149010 - Excessive keys in collision - failed
not ok 60 - Collision Rate for Keyset 'Sparse' - 32-bit keys with up to 6 bits set
# worst bias is the  17-bit window at bit  47 - 10025156.526% (640)
not ok 61 - Distribution Bias Check for Keyset 'Sparse' - 32-bit keys with up to 6 bits set
# Keyset 'Sparse' - 40-bit keys with up to 6 bits set - 4598479 keys
# Testing collisions   - Expected     0.00, actual  4598473 - Excessive keys in collision - failed
not ok 62 - Collision Rate for Keyset 'Sparse' - 40-bit keys with up to 6 bits set
# worst bias is the  19-bit window at bit  47 - 42693451.049% (768)
not ok 63 - Distribution Bias Check for Keyset 'Sparse' - 40-bit keys with up to 6 bits set
# Keyset 'Sparse' - 48-bit keys with up to 5 bits set - 1925357 keys
# Testing collisions   - Expected     0.00, actual  1925351 - Excessive keys in collision - failed
not ok 64 - Collision Rate for Keyset 'Sparse' - 48-bit keys with up to 5 bits set
# worst bias is the  18-bit window at bit  47 - 20603752.950% (704)
not ok 65 - Distribution Bias Check for Keyset 'Sparse' - 48-bit keys with up to 5 bits set
# Keyset 'Sparse' - 56-bit keys with up to 5 bits set - 4216423 keys
# Testing collisions   - Expected     0.00, actual  4216417 - Excessive keys in collision - failed
not ok 66 - Collision Rate for Keyset 'Sparse' - 56-bit keys with up to 5 bits set
# worst bias is the  19-bit window at bit  47 - 41987010.083% (768)
not ok 67 - Distribution Bias Check for Keyset 'Sparse' - 56-bit keys with up to 5 bits set
# Keyset 'Sparse' - 64-bit keys with up to 5 bits set - 8303633 keys
# Testing collisions   - Expected     0.00, actual  8303628 - Excessive keys in collision - failed
not ok 68 - Collision Rate for Keyset 'Sparse' - 64-bit keys with up to 5 bits set
# worst bias is the  20-bit window at bit  47 - 83714659.630% (832)
not ok 69 - Distribution Bias Check for Keyset 'Sparse' - 64-bit keys with up to 5 bits set
# Keyset 'Sparse' - 96-bit keys with up to 4 bits set - 3469497 keys
# Testing collisions   - Expected     0.00, actual  3469492 - Excessive keys in collision - failed
not ok 70 - Collision Rate for Keyset 'Sparse' - 96-bit keys with up to 4 bits set
# worst bias is the  19-bit window at bit  47 - 40260793.749% (768)
not ok 71 - Distribution Bias Check for Keyset 'Sparse' - 96-bit keys with up to 4 bits set
# Keyset 'Sparse' - 256-bit keys with up to 3 bits set - 2796417 keys
# Testing collisions   - Expected     0.00, actual  2796413 - Excessive keys in collision - failed
not ok 72 - Collision Rate for Keyset 'Sparse' - 256-bit keys with up to 3 bits set
# worst bias is the  19-bit window at bit  47 - 38130756.979% (768)
not ok 73 - Distribution Bias Check for Keyset 'Sparse' - 256-bit keys with up to 3 bits set
# Keyset 'Sparse' - 2048-bit keys with up to 2 bits set - 2098177 keys
# Testing collisions   - Expected     0.00, actual  2098174 - Excessive keys in collision - failed
not ok 74 - Collision Rate for Keyset 'Sparse' - 2048-bit keys with up to 2 bits set
# worst bias is the  18-bit window at bit  47 - 20973487.193% (704)
not ok 75 - Distribution Bias Check for Keyset 'Sparse' - 2048-bit keys with up to 2 bits set
not ok 76 - Keyset 'Sparse' # DoNothingOAAT
# Keyset 'CRC-MultiCollision' - 1048575 x 16 block keys - 128-bytes long - 10 seeds
# Testing collisions   - Expected     0.00, actual  1048574 - ALL keys were in collision - failed
not ok 77 - Collision Rate for Keyset 'CRC-MultiCollision' - seed 1 # DoNothingOAAT
# Testing collisions   - Expected     0.00, actual  1048574 - ALL keys were in collision - failed
not ok 78 - Collision Rate for Keyset 'CRC-MultiCollision' - seed 2 # DoNothingOAAT
# Testing collisions   - Expected     0.00, actual  1048574 - ALL keys were in collision - failed
not ok 79 - Collision Rate for Keyset 'CRC-MultiCollision' - seed 3 # DoNothingOAAT
# Testing collisions   - Expected     0.00, actual  1048574 - ALL keys were in collision - failed
not ok 80 - Collision Rate for Keyset 'CRC-MultiCollision' - seed 4 # DoNothingOAAT
# Testing collisions   - Expected     0.00, actual  1048574 - ALL keys were in collision - failed
not ok 81 - Collision Rate for Keyset 'CRC-MultiCollision' - seed 5 # DoNothingOAAT
# Testing collisions   - Expected     0.00, actual  1048574 - ALL keys were in collision - failed
not ok 82 - Collision Rate for Keyset 'CRC-MultiCollision' - seed 6 # DoNothingOAAT
# Testing collisions   - Expected     0.00, actual  1048574 - ALL keys were in collision - failed
not ok 83 - Collision Rate for Keyset 'CRC-MultiCollision' - seed 7 # DoNothingOAAT
# Testing collisions   - Expected     0.00, actual  1048574 - ALL keys were in collision - failed
not ok 84 - Collision Rate for Keyset 'CRC-MultiCollision' - seed 8 # DoNothingOAAT
# Testing collisions   - Expected     0.00, actual  1048574 - ALL keys were in collision - failed
not ok 85 - Collision Rate for Keyset 'CRC-MultiCollision' - seed 9 # DoNothingOAAT
# Testing collisions   - Expected     0.00, actual  1048574 - ALL keys were in collision - failed
not ok 86 - Collision Rate for Keyset 'CRC-MultiCollision' - seed 10 # DoNothingOAAT
### Keyset 'Combination Lowbits' Tests ###
# Keyset 'Combination' - up to 8 blocks from a set of 8 - 19173960 keys
# Testing collisions   - Expected     0.00, actual 19173951 - Excessive keys in collision - failed
not ok 87 - Collision Rate for Keyset 'Combination Lowbits'
# worst bias is the  20-bit window at bit  24 - 94519346.846% (832)
not ok 88 - Distribution Bias Check for Keyset 'Combination Lowbits'
not ok 89 - Keyset 'Combination Lowbits' # DoNothingOAAT
### Keyset 'Combination Highbits' Tests ###
# Keyset 'Combination' - up to 8 blocks from a set of 8 - 19173960 keys
# Testing collisions   - Expected     0.00, actual 19173951 - Excessive keys in collision - failed
not ok 90 - Collision Rate for Keyset 'Combination Highbits'
# worst bias is the  20-bit window at bit  40 - 94519346.846% (832)
not ok 91 - Distribution Bias Check for Keyset 'Combination Highbits'
not ok 92 - Keyset 'Combination Highbits' # DoNothingOAAT
### Keyset 'Combination Highbits2' Tests ###
# Keyset 'Combination' - up to 8 blocks from a set of 8 - 19173960 keys
# Testing collisions   - Expected     0.00, actual 19173951 - Excessive keys in collision - failed
not ok 93 - Collision Rate for Keyset 'Combination Highbits2'
# worst bias is the  20-bit window at bit  40 - 94519346.846% (832)
not ok 94 - Distribution Bias Check for Keyset 'Combination Highbits2'
not ok 95 - Keyset 'Combination Highbits2' # DoNothingOAAT
### Keyset 'Combination 0x80000000' Tests ###
# Keyset 'Combination' - up to 20 blocks from a set of 2 - 2097150 keys
# Testing collisions   - Expected     0.00, actual  2097121 - Excessive keys in collision - failed
not ok 96 - Collision Rate for Keyset 'Combination 0x80000000'
# worst bias is the  18-bit window at bit  47 - 20971354.000% (704)
not ok 97 - Distribution Bias Check for Keyset 'Combination 0x80000000'
not ok 98 - Keyset 'Combination 0x80000000' # DoNothingOAAT
### Keyset 'Combination 0x00000001' Tests ###
# Keyset 'Combination' - up to 20 blocks from a set of 2 - 2097150 keys
# Testing collisions   - Expected     0.00, actual  2097131 - Excessive keys in collision - failed
not ok 99 - Collision Rate for Keyset 'Combination 0x00000001'
# worst bias is the  18-bit window at bit  26 - 20971414.000% (704)
not ok 100 - Distribution Bias Check for Keyset 'Combination 0x00000001'
not ok 101 - Keyset 'Combination 0x00000001' # DoNothingOAAT
### Keyset 'Combination Hi-Lo' Tests ###
# Keyset 'Combination' - up to 6 blocks from a set of 15 - 12204240 keys
# Testing collisions   - Expected     0.00, actual 12204233 - Excessive keys in collision - failed
not ok 102 - Collision Rate for Keyset 'Combination Hi-Lo'
# worst bias is the  20-bit window at bit  24 - 89481210.690% (832)
not ok 103 - Distribution Bias Check for Keyset 'Combination Hi-Lo'
not ok 104 - Keyset 'Combination Hi-Lo' # DoNothingOAAT
### Keyset 'Text' Tests ###
# Keyset 'Text' - keys of form "Foo[XXXX]Bar" - 14776336 keys
# Testing collisions   - Expected     0.00, actual 14776335 - ALL keys were in collision - failed
not ok 105 - Collision Rate for Keyset 'Text' - keys of form "Foo[XXXX]Bar" - 14776336 keys
# worst bias is the  20-bit window at bit   0 - 91825095.030% (832)
not ok 106 - Distribution Bias Check for Keyset 'Text' - keys of form "Foo[XXXX]Bar" - 14776336 keys
# Keyset 'Text' - keys of form "FooBar[XXXX]" - 14776336 keys
# Testing collisions   - Expected     0.00, actual 14776335 - ALL keys were in collision - failed
not ok 107 - Collision Rate for Keyset 'Text' - keys of form "FooBar[XXXX]" - 14776336 keys
# worst bias is the  20-bit window at bit   0 - 91825095.030% (832)
not ok 108 - Distribution Bias Check for Keyset 'Text' - keys of form "FooBar[XXXX]" - 14776336 keys
# Keyset 'Text' - keys of form "[XXXX]FooBar" - 14776336 keys
# Testing collisions   - Expected     0.00, actual 14776335 - ALL keys were in collision - failed
not ok 109 - Collision Rate for Keyset 'Text' - keys of form "[XXXX]FooBar" - 14776336 keys
# worst bias is the  20-bit window at bit   0 - 91825095.030% (832)
not ok 110 - Distribution Bias Check for Keyset 'Text' - keys of form "[XXXX]FooBar" - 14776336 keys
not ok 111 - Keyset 'Text' # DoNothingOAAT
### Keyset 'Zeroes' Tests ###
# Keyset 'Zeroes' - 262144 keys
# Testing collisions   - Expected     0.00, actual   262143 - ALL keys were in collision - failed
not ok 112 - Collision Rate for Keyset 'Zeroes' - 262144 keys
# worst bias is the  15-bit window at bit   0 - 2621358.000% (512)
not ok 113 - Distribution Bias Check for Keyset 'Zeroes' - 262144 keys
not ok 114 - Keyset 'Zeroes' # DoNothingOAAT
### Keyset 'Seed' Tests ###
# Keyset 'Seed' - 2000000 seeds, Key "The quick brown fox "...
# Testing collisions   - Expected     0.00, actual  1999561 - ALL keys were in collision - failed
not ok 115 - Collision Rate for Keyset 'Seed' - 2000000 seeds, Key "The quick brown fox "...
# worst bias is the  18-bit window at bit   0 - 20768711.568% (704)
not ok 116 - Distribution Bias Check for Keyset 'Seed' - 2000000 seeds, Key "The quick brown fox "...
# Keyset 'Seed' - 2000000 seeds, Key ""
# Testing collisions   - Expected     0.00, actual  1999533 - ALL keys were in collision - failed
not ok 117 - Collision Rate for Keyset 'Seed' - 2000000 seeds, Key ""
# worst bias is the  18-bit window at bit   0 - 20768651.153% (704)
not ok 118 - Distribution Bias Check for Keyset 'Seed' - 2000000 seeds, Key ""
# Keyset 'Seed' - 2000000 seeds, Key "00101100110101101"
# Testing collisions   - Expected     0.00, actual  1999565 - ALL keys were in collision - failed
not ok 119 - Collision Rate for Keyset 'Seed' - 2000000 seeds, Key "00101100110101101"
# worst bias is the  18-bit window at bit   0 - 20768720.199% (704)
not ok 120 - Distribution Bias Check for Keyset 'Seed' - 2000000 seeds, Key "00101100110101101"
# Keyset 'Seed' - 2000000 seeds, Key "abcbcddbdebdcaaabaaa"...
# Testing collisions   - Expected     0.00, actual  1999554 - ALL keys were in collision - failed
not ok 121 - Collision Rate for Keyset 'Seed' - 2000000 seeds, Key "abcbcddbdebdcaaabaaa"...
# worst bias is the  18-bit window at bit   0 - 20768696.464% (704)
not ok 122 - Distribution Bias Check for Keyset 'Seed' - 2000000 seeds, Key "abcbcddbdebdcaaabaaa"...
not ok 123 - Keyset 'Seed' # DoNothingOAAT
### Keyset 'Effs' Tests ###
# Keyset 'Effs' - 262144 keys
# Testing collisions   - Expected     0.00, actual   262143 - ALL keys were in collision - failed
not ok 124 - Collision Rate for Keyset 'Effs' - 262144 keys
# worst bias is the  15-bit window at bit   0 - 2621358.000% (512)
not ok 125 - Distribution Bias Check for Keyset 'Effs' - 262144 keys
not ok 126 - Keyset 'Effs' # DoNothingOAAT
not ok 127 - all tests passed # DoNothingOAAT
1..127
# Tests Failed. DoNothingOAAT failed 123 of 127 tests.
# Testing took 3648.782836 seconds
# This is SMHasher version v1.0-demerphq-5-g86440f3 - built on Mar 10 2017.
