ok 1 - SelfTest - Verify 89 Hashes
ok 2 - Found Hash # DoNothing32
###################################################################
### Testing DoNothing32 - with seed_state
### - Do-Nothing function - measure call overhead -
### seedbits: 32 statebits: 32 hashbits: 32
###################################################################
### Sanity Tests ###
ok 3 - Verification code # DoNothing32
# Sanity check simple key bit flips and consistency..........
not ok 4 - SanityTest # DoNothing32
# from 42099200 hashes there were 0 inconsistent of 42099200 collisions.
# Sanity check null suffixes change the hash (simple)..........
not ok 5 - Appended Zeroes Test # DoNothing32
# There were 31000 collisions
not ok 6 - Sanity Test # DoNothing32
### Speed Tests ###
## Bulk speed test - 262144-byte keys
# Alignment  7 - 6006.553 bytes/cycle - 17184885.99 MiB/sec @ 3 ghz
# Alignment  6 - 6017.253 bytes/cycle - 17215499.08 MiB/sec @ 3 ghz
# Alignment  5 - 6011.511 bytes/cycle - 17199071.08 MiB/sec @ 3 ghz
# Alignment  4 - 5968.330 bytes/cycle - 17075529.78 MiB/sec @ 3 ghz
# Alignment  3 - 6018.662 bytes/cycle - 17219529.60 MiB/sec @ 3 ghz
# Alignment  2 - 5985.183 bytes/cycle - 17123745.67 MiB/sec @ 3 ghz
# Alignment  1 - 6063.741 bytes/cycle - 17348503.38 MiB/sec @ 3 ghz
# Alignment  0 - 5995.102 bytes/cycle - 17152124.32 MiB/sec @ 3 ghz
# Average      - 6008.292 bytes/cycle - 17189861.11 MiB/sec @ 3 ghz
## KeySpeed tests
# DoNothing32               0 byte keys        5.000 c/h
# DoNothing32               1 byte keys        5.000 c/h        5.000 c/b        0.200 b/c
# DoNothing32               2 byte keys        5.000 c/h        2.500 c/b        0.400 b/c
# DoNothing32               3 byte keys        5.000 c/h        1.667 c/b        0.600 b/c
# DoNothing32               4 byte keys        5.000 c/h        1.250 c/b        0.800 b/c
# DoNothing32               5 byte keys        5.000 c/h        1.000 c/b        1.000 b/c
# DoNothing32               6 byte keys        5.000 c/h        0.833 c/b        1.200 b/c
# DoNothing32               7 byte keys        5.000 c/h        0.714 c/b        1.400 b/c
# DoNothing32               8 byte keys        5.000 c/h        0.625 c/b        1.600 b/c
# DoNothing32               9 byte keys        5.000 c/h        0.556 c/b        1.800 b/c
# DoNothing32              10 byte keys        5.000 c/h        0.500 c/b        2.000 b/c
# DoNothing32              11 byte keys        5.000 c/h        0.455 c/b        2.200 b/c
# DoNothing32              12 byte keys        5.000 c/h        0.417 c/b        2.400 b/c
# DoNothing32              13 byte keys        5.000 c/h        0.385 c/b        2.600 b/c
# DoNothing32              14 byte keys        5.000 c/h        0.357 c/b        2.800 b/c
# DoNothing32              15 byte keys        5.000 c/h        0.333 c/b        3.000 b/c
# DoNothing32              16 byte keys        5.000 c/h        0.312 c/b        3.200 b/c
# DoNothing32              17 byte keys        5.000 c/h        0.294 c/b        3.400 b/c
# DoNothing32              18 byte keys        5.000 c/h        0.278 c/b        3.600 b/c
# DoNothing32              19 byte keys        5.000 c/h        0.263 c/b        3.800 b/c
# DoNothing32              20 byte keys        5.000 c/h        0.250 c/b        4.000 b/c
# DoNothing32              21 byte keys        5.000 c/h        0.238 c/b        4.200 b/c
# DoNothing32              22 byte keys        5.000 c/h        0.227 c/b        4.400 b/c
# DoNothing32              23 byte keys        5.000 c/h        0.217 c/b        4.600 b/c
# DoNothing32              24 byte keys        5.000 c/h        0.208 c/b        4.800 b/c
# DoNothing32              25 byte keys        5.000 c/h        0.200 c/b        5.000 b/c
# DoNothing32              26 byte keys        5.000 c/h        0.192 c/b        5.200 b/c
# DoNothing32              27 byte keys        5.000 c/h        0.185 c/b        5.400 b/c
# DoNothing32              28 byte keys        5.000 c/h        0.179 c/b        5.600 b/c
# DoNothing32              29 byte keys        5.000 c/h        0.172 c/b        5.800 b/c
# DoNothing32              30 byte keys        5.000 c/h        0.167 c/b        6.000 b/c
# DoNothing32              31 byte keys        5.000 c/h        0.161 c/b        6.200 b/c
#                          Average < 32        5.000 c/h        0.323 c/b        3.100 b/c
# DoNothing32              32 byte keys        5.000 c/h        0.156 c/b        6.400 b/c
# DoNothing32              36 byte keys        5.000 c/h        0.139 c/b        7.200 b/c
# DoNothing32              40 byte keys        5.000 c/h        0.125 c/b        8.000 b/c
# DoNothing32              44 byte keys        5.000 c/h        0.114 c/b        8.800 b/c
# DoNothing32              48 byte keys        5.000 c/h        0.104 c/b        9.600 b/c
# DoNothing32              52 byte keys        5.000 c/h        0.096 c/b       10.400 b/c
# DoNothing32              56 byte keys        5.000 c/h        0.089 c/b       11.200 b/c
# DoNothing32              60 byte keys        5.000 c/h        0.083 c/b       12.000 b/c
# DoNothing32              64 byte keys        5.000 c/h        0.078 c/b       12.800 b/c
# DoNothing32              68 byte keys        5.000 c/h        0.074 c/b       13.600 b/c
# DoNothing32              72 byte keys        5.000 c/h        0.069 c/b       14.400 b/c
# DoNothing32              76 byte keys        5.132 c/h        0.068 c/b       14.810 b/c
# DoNothing32              80 byte keys        5.000 c/h        0.062 c/b       16.000 b/c
# DoNothing32              84 byte keys        5.000 c/h        0.060 c/b       16.800 b/c
# DoNothing32              88 byte keys        5.000 c/h        0.057 c/b       17.600 b/c
# DoNothing32              92 byte keys        5.000 c/h        0.054 c/b       18.400 b/c
# DoNothing32              96 byte keys        5.000 c/h        0.052 c/b       19.200 b/c
# DoNothing32             100 byte keys        5.000 c/h        0.050 c/b       20.000 b/c
# DoNothing32             104 byte keys        5.000 c/h        0.048 c/b       20.800 b/c
# DoNothing32             108 byte keys        5.000 c/h        0.046 c/b       21.600 b/c
# DoNothing32             112 byte keys        5.000 c/h        0.045 c/b       22.400 b/c
# DoNothing32             116 byte keys        5.000 c/h        0.043 c/b       23.200 b/c
# DoNothing32             120 byte keys        5.000 c/h        0.042 c/b       24.000 b/c
# DoNothing32             124 byte keys        5.000 c/h        0.040 c/b       24.800 b/c
#                         Average < 128        5.002 c/h        0.118 c/b        8.453 b/c
# DoNothing32             128 byte keys        5.000 c/h        0.039 c/b       25.600 b/c
# DoNothing32             256 byte keys       23.019 c/h        0.090 c/b       11.121 b/c
# DoNothing32             512 byte keys       22.059 c/h        0.043 c/b       23.210 b/c
# DoNothing32            1024 byte keys       22.956 c/h        0.022 c/b       44.608 b/c
# DoNothing32            2048 byte keys       22.686 c/h        0.011 c/b       90.274 b/c
# DoNothing32            4096 byte keys       22.781 c/h        0.006 c/b      179.802 b/c
# DoNothing32            8192 byte keys       22.798 c/h        0.003 c/b      359.327 b/c
# DoNothing32           16384 byte keys       22.807 c/h        0.001 c/b      718.375 b/c
# DoNothing32           32768 byte keys       42.765 c/h        0.001 c/b      766.227 b/c
# DoNothing32           65536 byte keys       42.757 c/h        0.001 c/b     1532.751 b/c
#                       Overall Average        8.027 c/h        0.004 c/b      251.646 b/c
ok 7 - Speed (always passes) # DoNothing32
### Differential Tests ###
# Testing 8303632 up-to-5-bit differentials in 64-bit keys -> 32 bit hashes.
# 1000 reps, 8303632000 total tests, expecting 1.93 random collisions.!!!!!!!!!
not ok 8 - Differential collisions # DoNothing32
not ok 9 - Nothing skipped during differential collision check # DoNothing32
# Testing 11017632 up-to-4-bit differentials in 128-bit keys -> 32 bit hashes.
# 1000 reps, 11017632000 total tests, expecting 2.57 random collisions.!!!!!!!!!
not ok 10 - Differential collisions # DoNothing32
not ok 11 - Nothing skipped during differential collision check # DoNothing32
# Testing 2796416 up-to-3-bit differentials in 256-bit keys -> 32 bit hashes.
# 1000 reps, 2796416000 total tests, expecting 0.65 random collisions.!!!!!!!!!
not ok 12 - Differential collisions # DoNothing32
not ok 13 - Nothing skipped during differential collision check # DoNothing32
not ok 14 - Differential # DoNothing32
### Avalanche Tests ### - seed-bits: 32 hash-bits: 32
# Samples 1000000, expected error 0.00025600, confidence level 99.99994267%
# Testing   0-bit keys.......... not ok! # worst-bit: 100.000% error-ratio: 1.000000e+06
#              +---------------------------------------------------+
#              |012345678901234567890123456789012345678901234567890|
#              +---------------------------------------------------+
# Scale:       |.1234567890abcdefghijklmnopqrstuvwxyzãäåêëîïðñôõöûü|
#              |üÿABCDEFGHIJKLMNOPQRSTUVWXYZÂÃÄÅÊËÑÔÕÖÛÜÝø¤*©®¶&%@#|
#              +---------------------------------------------------+
#              |pct diff from 50%: abs((0.5-(changed/reps))*2) *100|
#              +--------------------------------+
#              |0         1         2         3 |
#              |01234567890123456789012345678901|
#              +--------------------------------+
# seed     0.0 |################################| x 32
#              +--------------------------------+
#              +---------------------------------------------------+
#              |012345678901234567890123456789012345678901234567890|
#              +---------------------------------------------------+
# Scale:       |.1234567890abcdefghijklmnopqrstuvwxyzãäåêëîïðñôõöûü|
#              |üÿABCDEFGHIJKLMNOPQRSTUVWXYZÂÃÄÅÊËÑÔÕÖÛÜÝø¤*©®¶&%@#|
#              +---------------------------------------------------+
#              |scaled p-value above confidence level (zero is ok) |
#              +--------------------------------+
#              |0         1         2         3 |
#              |01234567890123456789012345678901|
#              +--------------------------------+
# seed     0.0 |################################| x 32
#              +--------------------------------+
# 1024 of 1024 bits failed (100.00%) failed at 99.999943 confidence
#     g-test: 100.000000%
#     sum-error-square: 256.00000000
#     key/seed errors: 32/32
#     - seed bit 0 gtest probability not random: 100.0000 (0/32000000)
#     - seed bit 1 gtest probability not random: 100.0000 (0/32000000)
#     - with 30 more seed errors not described above.
#     hash bit-level errors: 32/32
#     - hash bit 0 gtest-prob not-random: 100.0000 (0/32000000)
#     - hash bit 1 gtest-prob not-random: 100.0000 (0/32000000)
#     - hash bit 2 gtest-prob not-random: 100.0000 (0/32000000)
#     - with 29 more hash bit errors not described above.
not ok 15 - Strict Avalanche Criteria - 0 bit keys
# Testing   8-bit keys.......... not ok! # worst-bit: 100.000% error-ratio: 1.000000e+06
#              +---------------------------------------------------+
#              |012345678901234567890123456789012345678901234567890|
#              +---------------------------------------------------+
# Scale:       |.1234567890abcdefghijklmnopqrstuvwxyzãäåêëîïðñôõöûü|
#              |üÿABCDEFGHIJKLMNOPQRSTUVWXYZÂÃÄÅÊËÑÔÕÖÛÜÝø¤*©®¶&%@#|
#              +---------------------------------------------------+
#              |pct diff from 50%: abs((0.5-(changed/reps))*2) *100|
#              +--------------------------------+
#              |0         1         2         3 |
#              |01234567890123456789012345678901|
#              +--------------------------------+
# seed     0.0 |################################| x 32
# key      0.0 |################################| x 8
#              +--------------------------------+
#              +---------------------------------------------------+
#              |012345678901234567890123456789012345678901234567890|
#              +---------------------------------------------------+
# Scale:       |.1234567890abcdefghijklmnopqrstuvwxyzãäåêëîïðñôõöûü|
#              |üÿABCDEFGHIJKLMNOPQRSTUVWXYZÂÃÄÅÊËÑÔÕÖÛÜÝø¤*©®¶&%@#|
#              +---------------------------------------------------+
#              |scaled p-value above confidence level (zero is ok) |
#              +--------------------------------+
#              |0         1         2         3 |
#              |01234567890123456789012345678901|
#              +--------------------------------+
# seed     0.0 |################################| x 32
# key      0.0 |################################| x 8
#              +--------------------------------+
# 1280 of 1280 bits failed (100.00%) failed at 99.999943 confidence
#     g-test: 100.000000%
#     sum-error-square: 256.00000000
#     key/seed errors: 40/40
#     - seed bit 0 gtest probability not random: 100.0000 (0/32000000)
#     - seed bit 1 gtest probability not random: 100.0000 (0/32000000)
#     - key bit 0 gtest probability not random: 100.0000 (0/32000000)
#     - key bit 1 gtest probability not random: 100.0000 (0/32000000)
#     - with 30 more seed errors and 6 more key errors not described above.
#     hash bit-level errors: 32/32
#     - hash bit 0 gtest-prob not-random: 100.0000 (0/40000000)
#     - hash bit 1 gtest-prob not-random: 100.0000 (0/40000000)
#     - hash bit 2 gtest-prob not-random: 100.0000 (0/40000000)
#     - with 29 more hash bit errors not described above.
not ok 16 - Strict Avalanche Criteria - 8 bit keys
# Testing  16-bit keys.......... not ok! # worst-bit: 100.000% error-ratio: 1.000000e+06
#              +---------------------------------------------------+
#              |012345678901234567890123456789012345678901234567890|
#              +---------------------------------------------------+
# Scale:       |.1234567890abcdefghijklmnopqrstuvwxyzãäåêëîïðñôõöûü|
#              |üÿABCDEFGHIJKLMNOPQRSTUVWXYZÂÃÄÅÊËÑÔÕÖÛÜÝø¤*©®¶&%@#|
#              +---------------------------------------------------+
#              |pct diff from 50%: abs((0.5-(changed/reps))*2) *100|
#              +--------------------------------+
#              |0         1         2         3 |
#              |01234567890123456789012345678901|
#              +--------------------------------+
# seed     0.0 |################################| x 32
# key      0.0 |################################| x 16
#              +--------------------------------+
#              +---------------------------------------------------+
#              |012345678901234567890123456789012345678901234567890|
#              +---------------------------------------------------+
# Scale:       |.1234567890abcdefghijklmnopqrstuvwxyzãäåêëîïðñôõöûü|
#              |üÿABCDEFGHIJKLMNOPQRSTUVWXYZÂÃÄÅÊËÑÔÕÖÛÜÝø¤*©®¶&%@#|
#              +---------------------------------------------------+
#              |scaled p-value above confidence level (zero is ok) |
#              +--------------------------------+
#              |0         1         2         3 |
#              |01234567890123456789012345678901|
#              +--------------------------------+
# seed     0.0 |################################| x 32
# key      0.0 |################################| x 16
#              +--------------------------------+
# 1536 of 1536 bits failed (100.00%) failed at 99.999943 confidence
#     g-test: 100.000000%
#     sum-error-square: 256.00000000
#     key/seed errors: 48/48
#     - seed bit 0 gtest probability not random: 100.0000 (0/32000000)
#     - seed bit 1 gtest probability not random: 100.0000 (0/32000000)
#     - key bit 0 gtest probability not random: 100.0000 (0/32000000)
#     - key bit 1 gtest probability not random: 100.0000 (0/32000000)
#     - with 30 more seed errors and 14 more key errors not described above.
#     hash bit-level errors: 32/32
#     - hash bit 0 gtest-prob not-random: 100.0000 (0/48000000)
#     - hash bit 1 gtest-prob not-random: 100.0000 (0/48000000)
#     - hash bit 2 gtest-prob not-random: 100.0000 (0/48000000)
#     - with 29 more hash bit errors not described above.
not ok 17 - Strict Avalanche Criteria - 16 bit keys
# Testing  24-bit keys.......... not ok! # worst-bit: 100.000% error-ratio: 1.000000e+06
#              +---------------------------------------------------+
#              |012345678901234567890123456789012345678901234567890|
#              +---------------------------------------------------+
# Scale:       |.1234567890abcdefghijklmnopqrstuvwxyzãäåêëîïðñôõöûü|
#              |üÿABCDEFGHIJKLMNOPQRSTUVWXYZÂÃÄÅÊËÑÔÕÖÛÜÝø¤*©®¶&%@#|
#              +---------------------------------------------------+
#              |pct diff from 50%: abs((0.5-(changed/reps))*2) *100|
#              +--------------------------------+
#              |0         1         2         3 |
#              |01234567890123456789012345678901|
#              +--------------------------------+
# seed     0.0 |################################| x 32
# key      0.0 |################################| x 24
#              +--------------------------------+
#              +---------------------------------------------------+
#              |012345678901234567890123456789012345678901234567890|
#              +---------------------------------------------------+
# Scale:       |.1234567890abcdefghijklmnopqrstuvwxyzãäåêëîïðñôõöûü|
#              |üÿABCDEFGHIJKLMNOPQRSTUVWXYZÂÃÄÅÊËÑÔÕÖÛÜÝø¤*©®¶&%@#|
#              +---------------------------------------------------+
#              |scaled p-value above confidence level (zero is ok) |
#              +--------------------------------+
#              |0         1         2         3 |
#              |01234567890123456789012345678901|
#              +--------------------------------+
# seed     0.0 |################################| x 32
# key      0.0 |################################| x 24
#              +--------------------------------+
# 1792 of 1792 bits failed (100.00%) failed at 99.999943 confidence
#     g-test: 100.000000%
#     sum-error-square: 256.00000000
#     key/seed errors: 56/56
#     - seed bit 0 gtest probability not random: 100.0000 (13000000/19000000)
#     - seed bit 1 gtest probability not random: 100.0000 (13000000/19000000)
#     - key bit 0 gtest probability not random: 100.0000 (13000000/19000000)
#     - key bit 1 gtest probability not random: 100.0000 (13000000/19000000)
#     - with 30 more seed errors and 22 more key errors not described above.
#     hash bit-level errors: 32/32
#     - hash bit 0 gtest-prob not-random: 100.0000 (0/56000000)
#     - hash bit 1 gtest-prob not-random: 100.0000 (0/56000000)
#     - hash bit 2 gtest-prob not-random: 100.0000 (0/56000000)
#     - with 29 more hash bit errors not described above.
not ok 18 - Strict Avalanche Criteria - 24 bit keys
# Testing  32-bit keys.......... not ok! # worst-bit: 100.000% error-ratio: 1.000000e+06
#              +---------------------------------------------------+
#              |012345678901234567890123456789012345678901234567890|
#              +---------------------------------------------------+
# Scale:       |.1234567890abcdefghijklmnopqrstuvwxyzãäåêëîïðñôõöûü|
#              |üÿABCDEFGHIJKLMNOPQRSTUVWXYZÂÃÄÅÊËÑÔÕÖÛÜÝø¤*©®¶&%@#|
#              +---------------------------------------------------+
#              |pct diff from 50%: abs((0.5-(changed/reps))*2) *100|
#              +--------------------------------+
#              |0         1         2         3 |
#              |01234567890123456789012345678901|
#              +--------------------------------+
# seed     0.0 |################################| x 32
# key      0.0 |################################| x 32
#              +--------------------------------+
#              +---------------------------------------------------+
#              |012345678901234567890123456789012345678901234567890|
#              +---------------------------------------------------+
# Scale:       |.1234567890abcdefghijklmnopqrstuvwxyzãäåêëîïðñôõöûü|
#              |üÿABCDEFGHIJKLMNOPQRSTUVWXYZÂÃÄÅÊËÑÔÕÖÛÜÝø¤*©®¶&%@#|
#              +---------------------------------------------------+
#              |scaled p-value above confidence level (zero is ok) |
#              +--------------------------------+
#              |0         1         2         3 |
#              |01234567890123456789012345678901|
#              +--------------------------------+
# seed     0.0 |################################| x 32
# key      0.0 |################################| x 32
#              +--------------------------------+
# 2048 of 2048 bits failed (100.00%) failed at 99.999943 confidence
#     g-test: 100.000000%
#     sum-error-square: 256.00000000
#     key/seed errors: 64/64
#     - seed bit 0 gtest probability not random: 100.0000 (10000000/22000000)
#     - seed bit 1 gtest probability not random: 100.0000 (10000000/22000000)
#     - key bit 0 gtest probability not random: 100.0000 (10000000/22000000)
#     - key bit 1 gtest probability not random: 100.0000 (10000000/22000000)
#     - with 30 more seed errors and 30 more key errors not described above.
#     hash bit-level errors: 32/32
#     - hash bit 0 gtest-prob not-random: 100.0000 (0/64000000)
#     - hash bit 1 gtest-prob not-random: 100.0000 (0/64000000)
#     - hash bit 2 gtest-prob not-random: 100.0000 (0/64000000)
#     - with 29 more hash bit errors not described above.
not ok 19 - Strict Avalanche Criteria - 32 bit keys
# Testing  40-bit keys.......... not ok! # worst-bit: 100.000% error-ratio: 1.000000e+06
#              +---------------------------------------------------+
#              |012345678901234567890123456789012345678901234567890|
#              +---------------------------------------------------+
# Scale:       |.1234567890abcdefghijklmnopqrstuvwxyzãäåêëîïðñôõöûü|
#              |üÿABCDEFGHIJKLMNOPQRSTUVWXYZÂÃÄÅÊËÑÔÕÖÛÜÝø¤*©®¶&%@#|
#              +---------------------------------------------------+
#              |pct diff from 50%: abs((0.5-(changed/reps))*2) *100|
#              +--------------------------------+
#              |0         1         2         3 |
#              |01234567890123456789012345678901|
#              +--------------------------------+
# seed     0.0 |################################| x 32
# key      0.0 |################################| x 40
#              +--------------------------------+
#              +---------------------------------------------------+
#              |012345678901234567890123456789012345678901234567890|
#              +---------------------------------------------------+
# Scale:       |.1234567890abcdefghijklmnopqrstuvwxyzãäåêëîïðñôõöûü|
#              |üÿABCDEFGHIJKLMNOPQRSTUVWXYZÂÃÄÅÊËÑÔÕÖÛÜÝø¤*©®¶&%@#|
#              +---------------------------------------------------+
#              |scaled p-value above confidence level (zero is ok) |
#              +--------------------------------+
#              |0         1         2         3 |
#              |01234567890123456789012345678901|
#              +--------------------------------+
# seed     0.0 |################################| x 32
# key      0.0 |################################| x 40
#              +--------------------------------+
# 2304 of 2304 bits failed (100.00%) failed at 99.999943 confidence
#     g-test: 100.000000%
#     sum-error-square: 256.00000000
#     key/seed errors: 72/72
#     - seed bit 0 gtest probability not random: 100.0000 (10000000/22000000)
#     - seed bit 1 gtest probability not random: 100.0000 (10000000/22000000)
#     - key bit 0 gtest probability not random: 100.0000 (10000000/22000000)
#     - key bit 1 gtest probability not random: 100.0000 (10000000/22000000)
#     - with 30 more seed errors and 38 more key errors not described above.
#     hash bit-level errors: 32/32
#     - hash bit 0 gtest-prob not-random: 100.0000 (0/72000000)
#     - hash bit 1 gtest-prob not-random: 100.0000 (0/72000000)
#     - hash bit 2 gtest-prob not-random: 100.0000 (0/72000000)
#     - with 29 more hash bit errors not described above.
not ok 20 - Strict Avalanche Criteria - 40 bit keys
# Testing  48-bit keys.......... not ok! # worst-bit: 100.000% error-ratio: 1.000000e+06
#              +---------------------------------------------------+
#              |012345678901234567890123456789012345678901234567890|
#              +---------------------------------------------------+
# Scale:       |.1234567890abcdefghijklmnopqrstuvwxyzãäåêëîïðñôõöûü|
#              |üÿABCDEFGHIJKLMNOPQRSTUVWXYZÂÃÄÅÊËÑÔÕÖÛÜÝø¤*©®¶&%@#|
#              +---------------------------------------------------+
#              |pct diff from 50%: abs((0.5-(changed/reps))*2) *100|
#              +--------------------------------+
#              |0         1         2         3 |
#              |01234567890123456789012345678901|
#              +--------------------------------+
# seed     0.0 |################################| x 32
# key      0.0 |################################| x 48
#              +--------------------------------+
#              +---------------------------------------------------+
#              |012345678901234567890123456789012345678901234567890|
#              +---------------------------------------------------+
# Scale:       |.1234567890abcdefghijklmnopqrstuvwxyzãäåêëîïðñôõöûü|
#              |üÿABCDEFGHIJKLMNOPQRSTUVWXYZÂÃÄÅÊËÑÔÕÖÛÜÝø¤*©®¶&%@#|
#              +---------------------------------------------------+
#              |scaled p-value above confidence level (zero is ok) |
#              +--------------------------------+
#              |0         1         2         3 |
#              |01234567890123456789012345678901|
#              +--------------------------------+
# seed     0.0 |################################| x 32
# key      0.0 |################################| x 48
#              +--------------------------------+
# 2560 of 2560 bits failed (100.00%) failed at 99.999943 confidence
#     g-test: 100.000000%
#     sum-error-square: 256.00000000
#     key/seed errors: 80/80
#     - seed bit 0 gtest probability not random: 100.0000 (10000000/22000000)
#     - seed bit 1 gtest probability not random: 100.0000 (10000000/22000000)
#     - key bit 0 gtest probability not random: 100.0000 (10000000/22000000)
#     - key bit 1 gtest probability not random: 100.0000 (10000000/22000000)
#     - with 30 more seed errors and 46 more key errors not described above.
#     hash bit-level errors: 32/32
#     - hash bit 0 gtest-prob not-random: 100.0000 (0/80000000)
#     - hash bit 1 gtest-prob not-random: 100.0000 (0/80000000)
#     - hash bit 2 gtest-prob not-random: 100.0000 (0/80000000)
#     - with 29 more hash bit errors not described above.
not ok 21 - Strict Avalanche Criteria - 48 bit keys
# Testing  56-bit keys.......... not ok! # worst-bit: 100.000% error-ratio: 1.000000e+06
#              +---------------------------------------------------+
#              |012345678901234567890123456789012345678901234567890|
#              +---------------------------------------------------+
# Scale:       |.1234567890abcdefghijklmnopqrstuvwxyzãäåêëîïðñôõöûü|
#              |üÿABCDEFGHIJKLMNOPQRSTUVWXYZÂÃÄÅÊËÑÔÕÖÛÜÝø¤*©®¶&%@#|
#              +---------------------------------------------------+
#              |pct diff from 50%: abs((0.5-(changed/reps))*2) *100|
#              +--------------------------------+
#              |0         1         2         3 |
#              |01234567890123456789012345678901|
#              +--------------------------------+
# seed     0.0 |################################| x 32
# key      0.0 |################################| x 56
#              +--------------------------------+
#              +---------------------------------------------------+
#              |012345678901234567890123456789012345678901234567890|
#              +---------------------------------------------------+
# Scale:       |.1234567890abcdefghijklmnopqrstuvwxyzãäåêëîïðñôõöûü|
#              |üÿABCDEFGHIJKLMNOPQRSTUVWXYZÂÃÄÅÊËÑÔÕÖÛÜÝø¤*©®¶&%@#|
#              +---------------------------------------------------+
#              |scaled p-value above confidence level (zero is ok) |
#              +--------------------------------+
#              |0         1         2         3 |
#              |01234567890123456789012345678901|
#              +--------------------------------+
# seed     0.0 |################################| x 32
# key      0.0 |################################| x 56
#              +--------------------------------+
# 2816 of 2816 bits failed (100.00%) failed at 99.999943 confidence
#     g-test: 100.000000%
#     sum-error-square: 256.00000000
#     key/seed errors: 88/88
#     - seed bit 0 gtest probability not random: 100.0000 (6000000/26000000)
#     - seed bit 1 gtest probability not random: 100.0000 (6000000/26000000)
#     - key bit 0 gtest probability not random: 100.0000 (6000000/26000000)
#     - key bit 1 gtest probability not random: 100.0000 (6000000/26000000)
#     - with 30 more seed errors and 54 more key errors not described above.
#     hash bit-level errors: 32/32
#     - hash bit 0 gtest-prob not-random: 100.0000 (0/88000000)
#     - hash bit 1 gtest-prob not-random: 100.0000 (0/88000000)
#     - hash bit 2 gtest-prob not-random: 100.0000 (0/88000000)
#     - with 29 more hash bit errors not described above.
not ok 22 - Strict Avalanche Criteria - 56 bit keys
# Testing  64-bit keys.......... not ok! # worst-bit: 100.000% error-ratio: 1.000000e+06
#              +---------------------------------------------------+
#              |012345678901234567890123456789012345678901234567890|
#              +---------------------------------------------------+
# Scale:       |.1234567890abcdefghijklmnopqrstuvwxyzãäåêëîïðñôõöûü|
#              |üÿABCDEFGHIJKLMNOPQRSTUVWXYZÂÃÄÅÊËÑÔÕÖÛÜÝø¤*©®¶&%@#|
#              +---------------------------------------------------+
#              |pct diff from 50%: abs((0.5-(changed/reps))*2) *100|
#              +--------------------------------+
#              |0         1         2         3 |
#              |01234567890123456789012345678901|
#              +--------------------------------+
# seed     0.0 |################################| x 32
# key      0.0 |################################| x 64
#              +--------------------------------+
#              +---------------------------------------------------+
#              |012345678901234567890123456789012345678901234567890|
#              +---------------------------------------------------+
# Scale:       |.1234567890abcdefghijklmnopqrstuvwxyzãäåêëîïðñôõöûü|
#              |üÿABCDEFGHIJKLMNOPQRSTUVWXYZÂÃÄÅÊËÑÔÕÖÛÜÝø¤*©®¶&%@#|
#              +---------------------------------------------------+
#              |scaled p-value above confidence level (zero is ok) |
#              +--------------------------------+
#              |0         1         2         3 |
#              |01234567890123456789012345678901|
#              +--------------------------------+
# seed     0.0 |################################| x 32
# key      0.0 |################################| x 64
#              +--------------------------------+
# 3072 of 3072 bits failed (100.00%) failed at 99.999943 confidence
#     g-test: 100.000000%
#     sum-error-square: 256.00000000
#     key/seed errors: 96/96
#     - seed bit 0 gtest probability not random: 100.0000 (10000000/22000000)
#     - seed bit 1 gtest probability not random: 100.0000 (10000000/22000000)
#     - key bit 0 gtest probability not random: 100.0000 (10000000/22000000)
#     - key bit 1 gtest probability not random: 100.0000 (10000000/22000000)
#     - with 30 more seed errors and 62 more key errors not described above.
#     hash bit-level errors: 32/32
#     - hash bit 0 gtest-prob not-random: 100.0000 (0/96000000)
#     - hash bit 1 gtest-prob not-random: 100.0000 (0/96000000)
#     - hash bit 2 gtest-prob not-random: 100.0000 (0/96000000)
#     - with 29 more hash bit errors not described above.
not ok 23 - Strict Avalanche Criteria - 64 bit keys
# Testing  72-bit keys.......... not ok! # worst-bit: 100.000% error-ratio: 1.000000e+06
#              +---------------------------------------------------+
#              |012345678901234567890123456789012345678901234567890|
#              +---------------------------------------------------+
# Scale:       |.1234567890abcdefghijklmnopqrstuvwxyzãäåêëîïðñôõöûü|
#              |üÿABCDEFGHIJKLMNOPQRSTUVWXYZÂÃÄÅÊËÑÔÕÖÛÜÝø¤*©®¶&%@#|
#              +---------------------------------------------------+
#              |pct diff from 50%: abs((0.5-(changed/reps))*2) *100|
#              +--------------------------------+
#              |0         1         2         3 |
#              |01234567890123456789012345678901|
#              +--------------------------------+
# seed     0.0 |################################| x 32
# key      0.0 |################################| x 72
#              +--------------------------------+
#              +---------------------------------------------------+
#              |012345678901234567890123456789012345678901234567890|
#              +---------------------------------------------------+
# Scale:       |.1234567890abcdefghijklmnopqrstuvwxyzãäåêëîïðñôõöûü|
#              |üÿABCDEFGHIJKLMNOPQRSTUVWXYZÂÃÄÅÊËÑÔÕÖÛÜÝø¤*©®¶&%@#|
#              +---------------------------------------------------+
#              |scaled p-value above confidence level (zero is ok) |
#              +--------------------------------+
#              |0         1         2         3 |
#              |01234567890123456789012345678901|
#              +--------------------------------+
# seed     0.0 |################################| x 32
# key      0.0 |################################| x 72
#              +--------------------------------+
# 3328 of 3328 bits failed (100.00%) failed at 99.999943 confidence
#     g-test: 100.000000%
#     sum-error-square: 256.00000000
#     key/seed errors: 104/104
#     - seed bit 0 gtest probability not random: 100.0000 (10000000/22000000)
#     - seed bit 1 gtest probability not random: 100.0000 (10000000/22000000)
#     - key bit 0 gtest probability not random: 100.0000 (10000000/22000000)
#     - key bit 1 gtest probability not random: 100.0000 (10000000/22000000)
#     - with 30 more seed errors and 70 more key errors not described above.
#     hash bit-level errors: 32/32
#     - hash bit 0 gtest-prob not-random: 100.0000 (0/104000000)
#     - hash bit 1 gtest-prob not-random: 100.0000 (0/104000000)
#     - hash bit 2 gtest-prob not-random: 100.0000 (0/104000000)
#     - with 29 more hash bit errors not described above.
not ok 24 - Strict Avalanche Criteria - 72 bit keys
# Testing  80-bit keys.......... not ok! # worst-bit: 100.000% error-ratio: 1.000000e+06
#              +---------------------------------------------------+
#              |012345678901234567890123456789012345678901234567890|
#              +---------------------------------------------------+
# Scale:       |.1234567890abcdefghijklmnopqrstuvwxyzãäåêëîïðñôõöûü|
#              |üÿABCDEFGHIJKLMNOPQRSTUVWXYZÂÃÄÅÊËÑÔÕÖÛÜÝø¤*©®¶&%@#|
#              +---------------------------------------------------+
#              |pct diff from 50%: abs((0.5-(changed/reps))*2) *100|
#              +--------------------------------+
#              |0         1         2         3 |
#              |01234567890123456789012345678901|
#              +--------------------------------+
# seed     0.0 |################################| x 32
# key      0.0 |################################| x 80
#              +--------------------------------+
#              +---------------------------------------------------+
#              |012345678901234567890123456789012345678901234567890|
#              +---------------------------------------------------+
# Scale:       |.1234567890abcdefghijklmnopqrstuvwxyzãäåêëîïðñôõöûü|
#              |üÿABCDEFGHIJKLMNOPQRSTUVWXYZÂÃÄÅÊËÑÔÕÖÛÜÝø¤*©®¶&%@#|
#              +---------------------------------------------------+
#              |scaled p-value above confidence level (zero is ok) |
#              +--------------------------------+
#              |0         1         2         3 |
#              |01234567890123456789012345678901|
#              +--------------------------------+
# seed     0.0 |################################| x 32
# key      0.0 |################################| x 80
#              +--------------------------------+
# 3584 of 3584 bits failed (100.00%) failed at 99.999943 confidence
#     g-test: 100.000000%
#     sum-error-square: 256.00000000
#     key/seed errors: 112/112
#     - seed bit 0 gtest probability not random: 100.0000 (6000000/26000000)
#     - seed bit 1 gtest probability not random: 100.0000 (6000000/26000000)
#     - key bit 0 gtest probability not random: 100.0000 (6000000/26000000)
#     - key bit 1 gtest probability not random: 100.0000 (6000000/26000000)
#     - with 30 more seed errors and 78 more key errors not described above.
#     hash bit-level errors: 32/32
#     - hash bit 0 gtest-prob not-random: 100.0000 (0/112000000)
#     - hash bit 1 gtest-prob not-random: 100.0000 (0/112000000)
#     - hash bit 2 gtest-prob not-random: 100.0000 (0/112000000)
#     - with 29 more hash bit errors not described above.
not ok 25 - Strict Avalanche Criteria - 80 bit keys
# Testing  88-bit keys.......... not ok! # worst-bit: 100.000% error-ratio: 1.000000e+06
#              +---------------------------------------------------+
#              |012345678901234567890123456789012345678901234567890|
#              +---------------------------------------------------+
# Scale:       |.1234567890abcdefghijklmnopqrstuvwxyzãäåêëîïðñôõöûü|
#              |üÿABCDEFGHIJKLMNOPQRSTUVWXYZÂÃÄÅÊËÑÔÕÖÛÜÝø¤*©®¶&%@#|
#              +---------------------------------------------------+
#              |pct diff from 50%: abs((0.5-(changed/reps))*2) *100|
#              +--------------------------------+
#              |0         1         2         3 |
#              |01234567890123456789012345678901|
#              +--------------------------------+
# seed     0.0 |################################| x 32
# key      0.0 |################################| x 88
#              +--------------------------------+
#              +---------------------------------------------------+
#              |012345678901234567890123456789012345678901234567890|
#              +---------------------------------------------------+
# Scale:       |.1234567890abcdefghijklmnopqrstuvwxyzãäåêëîïðñôõöûü|
#              |üÿABCDEFGHIJKLMNOPQRSTUVWXYZÂÃÄÅÊËÑÔÕÖÛÜÝø¤*©®¶&%@#|
#              +---------------------------------------------------+
#              |scaled p-value above confidence level (zero is ok) |
#              +--------------------------------+
#              |0         1         2         3 |
#              |01234567890123456789012345678901|
#              +--------------------------------+
# seed     0.0 |################################| x 32
# key      0.0 |################################| x 88
#              +--------------------------------+
# 3840 of 3840 bits failed (100.00%) failed at 99.999943 confidence
#     g-test: 100.000000%
#     sum-error-square: 256.00000000
#     key/seed errors: 120/120
#     - seed bit 0 gtest probability not random: 100.0000 (10000000/22000000)
#     - seed bit 1 gtest probability not random: 100.0000 (10000000/22000000)
#     - key bit 0 gtest probability not random: 100.0000 (10000000/22000000)
#     - key bit 1 gtest probability not random: 100.0000 (10000000/22000000)
#     - with 30 more seed errors and 86 more key errors not described above.
#     hash bit-level errors: 32/32
#     - hash bit 0 gtest-prob not-random: 100.0000 (0/120000000)
#     - hash bit 1 gtest-prob not-random: 100.0000 (0/120000000)
#     - hash bit 2 gtest-prob not-random: 100.0000 (0/120000000)
#     - with 29 more hash bit errors not described above.
not ok 26 - Strict Avalanche Criteria - 88 bit keys
# Testing  96-bit keys.......... not ok! # worst-bit: 100.000% error-ratio: 1.000000e+06
#              +---------------------------------------------------+
#              |012345678901234567890123456789012345678901234567890|
#              +---------------------------------------------------+
# Scale:       |.1234567890abcdefghijklmnopqrstuvwxyzãäåêëîïðñôõöûü|
#              |üÿABCDEFGHIJKLMNOPQRSTUVWXYZÂÃÄÅÊËÑÔÕÖÛÜÝø¤*©®¶&%@#|
#              +---------------------------------------------------+
#              |pct diff from 50%: abs((0.5-(changed/reps))*2) *100|
#              +--------------------------------+
#              |0         1         2         3 |
#              |01234567890123456789012345678901|
#              +--------------------------------+
# seed     0.0 |################################| x 32
# key      0.0 |################################| x 96
#              +--------------------------------+
#              +---------------------------------------------------+
#              |012345678901234567890123456789012345678901234567890|
#              +---------------------------------------------------+
# Scale:       |.1234567890abcdefghijklmnopqrstuvwxyzãäåêëîïðñôõöûü|
#              |üÿABCDEFGHIJKLMNOPQRSTUVWXYZÂÃÄÅÊËÑÔÕÖÛÜÝø¤*©®¶&%@#|
#              +---------------------------------------------------+
#              |scaled p-value above confidence level (zero is ok) |
#              +--------------------------------+
#              |0         1         2         3 |
#              |01234567890123456789012345678901|
#              +--------------------------------+
# seed     0.0 |################################| x 32
# key      0.0 |################################| x 96
#              +--------------------------------+
# 4096 of 4096 bits failed (100.00%) failed at 99.999943 confidence
#     g-test: 100.000000%
#     sum-error-square: 256.00000000
#     key/seed errors: 128/128
#     - seed bit 0 gtest probability not random: 100.0000 (7000000/25000000)
#     - seed bit 1 gtest probability not random: 100.0000 (7000000/25000000)
#     - key bit 0 gtest probability not random: 100.0000 (7000000/25000000)
#     - key bit 1 gtest probability not random: 100.0000 (7000000/25000000)
#     - with 30 more seed errors and 94 more key errors not described above.
#     hash bit-level errors: 32/32
#     - hash bit 0 gtest-prob not-random: 100.0000 (0/128000000)
#     - hash bit 1 gtest-prob not-random: 100.0000 (0/128000000)
#     - hash bit 2 gtest-prob not-random: 100.0000 (0/128000000)
#     - with 29 more hash bit errors not described above.
not ok 27 - Strict Avalanche Criteria - 96 bit keys
# Testing 104-bit keys.......... not ok! # worst-bit: 100.000% error-ratio: 1.000000e+06
#              +---------------------------------------------------+
#              |012345678901234567890123456789012345678901234567890|
#              +---------------------------------------------------+
# Scale:       |.1234567890abcdefghijklmnopqrstuvwxyzãäåêëîïðñôõöûü|
#              |üÿABCDEFGHIJKLMNOPQRSTUVWXYZÂÃÄÅÊËÑÔÕÖÛÜÝø¤*©®¶&%@#|
#              +---------------------------------------------------+
#              |pct diff from 50%: abs((0.5-(changed/reps))*2) *100|
#              +--------------------------------+
#              |0         1         2         3 |
#              |01234567890123456789012345678901|
#              +--------------------------------+
# seed     0.0 |################################| x 32
# key      0.0 |################################| x 104
#              +--------------------------------+
#              +---------------------------------------------------+
#              |012345678901234567890123456789012345678901234567890|
#              +---------------------------------------------------+
# Scale:       |.1234567890abcdefghijklmnopqrstuvwxyzãäåêëîïðñôõöûü|
#              |üÿABCDEFGHIJKLMNOPQRSTUVWXYZÂÃÄÅÊËÑÔÕÖÛÜÝø¤*©®¶&%@#|
#              +---------------------------------------------------+
#              |scaled p-value above confidence level (zero is ok) |
#              +--------------------------------+
#              |0         1         2         3 |
#              |01234567890123456789012345678901|
#              +--------------------------------+
# seed     0.0 |################################| x 32
# key      0.0 |################################| x 104
#              +--------------------------------+
# 4352 of 4352 bits failed (100.00%) failed at 99.999943 confidence
#     g-test: 100.000000%
#     sum-error-square: 256.00000000
#     key/seed errors: 136/136
#     - seed bit 0 gtest probability not random: 100.0000 (0/32000000)
#     - seed bit 1 gtest probability not random: 100.0000 (0/32000000)
#     - key bit 0 gtest probability not random: 100.0000 (0/32000000)
#     - key bit 1 gtest probability not random: 100.0000 (0/32000000)
#     - with 30 more seed errors and 102 more key errors not described above.
#     hash bit-level errors: 32/32
#     - hash bit 0 gtest-prob not-random: 100.0000 (0/136000000)
#     - hash bit 1 gtest-prob not-random: 100.0000 (0/136000000)
#     - hash bit 2 gtest-prob not-random: 100.0000 (0/136000000)
#     - with 29 more hash bit errors not described above.
not ok 28 - Strict Avalanche Criteria - 104 bit keys
# Testing 112-bit keys.......... not ok! # worst-bit: 100.000% error-ratio: 1.000000e+06
#              +---------------------------------------------------+
#              |012345678901234567890123456789012345678901234567890|
#              +---------------------------------------------------+
# Scale:       |.1234567890abcdefghijklmnopqrstuvwxyzãäåêëîïðñôõöûü|
#              |üÿABCDEFGHIJKLMNOPQRSTUVWXYZÂÃÄÅÊËÑÔÕÖÛÜÝø¤*©®¶&%@#|
#              +---------------------------------------------------+
#              |pct diff from 50%: abs((0.5-(changed/reps))*2) *100|
#              +--------------------------------+
#              |0         1         2         3 |
#              |01234567890123456789012345678901|
#              +--------------------------------+
# seed     0.0 |################################| x 32
# key      0.0 |################################| x 112
#              +--------------------------------+
#              +---------------------------------------------------+
#              |012345678901234567890123456789012345678901234567890|
#              +---------------------------------------------------+
# Scale:       |.1234567890abcdefghijklmnopqrstuvwxyzãäåêëîïðñôõöûü|
#              |üÿABCDEFGHIJKLMNOPQRSTUVWXYZÂÃÄÅÊËÑÔÕÖÛÜÝø¤*©®¶&%@#|
#              +---------------------------------------------------+
#              |scaled p-value above confidence level (zero is ok) |
#              +--------------------------------+
#              |0         1         2         3 |
#              |01234567890123456789012345678901|
#              +--------------------------------+
# seed     0.0 |################################| x 32
# key      0.0 |################################| x 112
#              +--------------------------------+
# 4608 of 4608 bits failed (100.00%) failed at 99.999943 confidence
#     g-test: 100.000000%
#     sum-error-square: 256.00000000
#     key/seed errors: 144/144
#     - seed bit 0 gtest probability not random: 100.0000 (0/32000000)
#     - seed bit 1 gtest probability not random: 100.0000 (0/32000000)
#     - key bit 0 gtest probability not random: 100.0000 (0/32000000)
#     - key bit 1 gtest probability not random: 100.0000 (0/32000000)
#     - with 30 more seed errors and 110 more key errors not described above.
#     hash bit-level errors: 32/32
#     - hash bit 0 gtest-prob not-random: 100.0000 (0/144000000)
#     - hash bit 1 gtest-prob not-random: 100.0000 (0/144000000)
#     - hash bit 2 gtest-prob not-random: 100.0000 (0/144000000)
#     - with 29 more hash bit errors not described above.
not ok 29 - Strict Avalanche Criteria - 112 bit keys
# Testing 120-bit keys.......... not ok! # worst-bit: 100.000% error-ratio: 1.000000e+06
#              +---------------------------------------------------+
#              |012345678901234567890123456789012345678901234567890|
#              +---------------------------------------------------+
# Scale:       |.1234567890abcdefghijklmnopqrstuvwxyzãäåêëîïðñôõöûü|
#              |üÿABCDEFGHIJKLMNOPQRSTUVWXYZÂÃÄÅÊËÑÔÕÖÛÜÝø¤*©®¶&%@#|
#              +---------------------------------------------------+
#              |pct diff from 50%: abs((0.5-(changed/reps))*2) *100|
#              +--------------------------------+
#              |0         1         2         3 |
#              |01234567890123456789012345678901|
#              +--------------------------------+
# seed     0.0 |################################| x 32
# key      0.0 |################################| x 120
#              +--------------------------------+
#              +---------------------------------------------------+
#              |012345678901234567890123456789012345678901234567890|
#              +---------------------------------------------------+
# Scale:       |.1234567890abcdefghijklmnopqrstuvwxyzãäåêëîïðñôõöûü|
#              |üÿABCDEFGHIJKLMNOPQRSTUVWXYZÂÃÄÅÊËÑÔÕÖÛÜÝø¤*©®¶&%@#|
#              +---------------------------------------------------+
#              |scaled p-value above confidence level (zero is ok) |
#              +--------------------------------+
#              |0         1         2         3 |
#              |01234567890123456789012345678901|
#              +--------------------------------+
# seed     0.0 |################################| x 32
# key      0.0 |################################| x 120
#              +--------------------------------+
# 4864 of 4864 bits failed (100.00%) failed at 99.999943 confidence
#     g-test: 100.000000%
#     sum-error-square: 256.00000000
#     key/seed errors: 152/152
#     - seed bit 0 gtest probability not random: 100.0000 (10000000/22000000)
#     - seed bit 1 gtest probability not random: 100.0000 (10000000/22000000)
#     - key bit 0 gtest probability not random: 100.0000 (10000000/22000000)
#     - key bit 1 gtest probability not random: 100.0000 (10000000/22000000)
#     - with 30 more seed errors and 118 more key errors not described above.
#     hash bit-level errors: 32/32
#     - hash bit 0 gtest-prob not-random: 100.0000 (0/152000000)
#     - hash bit 1 gtest-prob not-random: 100.0000 (0/152000000)
#     - hash bit 2 gtest-prob not-random: 100.0000 (0/152000000)
#     - with 29 more hash bit errors not described above.
not ok 30 - Strict Avalanche Criteria - 120 bit keys
# Testing 128-bit keys.......... not ok! # worst-bit: 100.000% error-ratio: 1.000000e+06
#              +---------------------------------------------------+
#              |012345678901234567890123456789012345678901234567890|
#              +---------------------------------------------------+
# Scale:       |.1234567890abcdefghijklmnopqrstuvwxyzãäåêëîïðñôõöûü|
#              |üÿABCDEFGHIJKLMNOPQRSTUVWXYZÂÃÄÅÊËÑÔÕÖÛÜÝø¤*©®¶&%@#|
#              +---------------------------------------------------+
#              |pct diff from 50%: abs((0.5-(changed/reps))*2) *100|
#              +--------------------------------+
#              |0         1         2         3 |
#              |01234567890123456789012345678901|
#              +--------------------------------+
# seed     0.0 |################################| x 32
# key      0.0 |################################| x 128
#              +--------------------------------+
#              +---------------------------------------------------+
#              |012345678901234567890123456789012345678901234567890|
#              +---------------------------------------------------+
# Scale:       |.1234567890abcdefghijklmnopqrstuvwxyzãäåêëîïðñôõöûü|
#              |üÿABCDEFGHIJKLMNOPQRSTUVWXYZÂÃÄÅÊËÑÔÕÖÛÜÝø¤*©®¶&%@#|
#              +---------------------------------------------------+
#              |scaled p-value above confidence level (zero is ok) |
#              +--------------------------------+
#              |0         1         2         3 |
#              |01234567890123456789012345678901|
#              +--------------------------------+
# seed     0.0 |################################| x 32
# key      0.0 |################################| x 128
#              +--------------------------------+
# 5120 of 5120 bits failed (100.00%) failed at 99.999943 confidence
#     g-test: 100.000000%
#     sum-error-square: 256.00000000
#     key/seed errors: 160/160
#     - seed bit 0 gtest probability not random: 100.0000 (9000000/23000000)
#     - seed bit 1 gtest probability not random: 100.0000 (9000000/23000000)
#     - key bit 0 gtest probability not random: 100.0000 (9000000/23000000)
#     - key bit 1 gtest probability not random: 100.0000 (9000000/23000000)
#     - with 30 more seed errors and 126 more key errors not described above.
#     hash bit-level errors: 32/32
#     - hash bit 0 gtest-prob not-random: 100.0000 (0/160000000)
#     - hash bit 1 gtest-prob not-random: 100.0000 (0/160000000)
#     - hash bit 2 gtest-prob not-random: 100.0000 (0/160000000)
#     - with 29 more hash bit errors not described above.
not ok 31 - Strict Avalanche Criteria - 128 bit keys
# Testing 136-bit keys.......... not ok! # worst-bit: 100.000% error-ratio: 1.000000e+06
#              +---------------------------------------------------+
#              |012345678901234567890123456789012345678901234567890|
#              +---------------------------------------------------+
# Scale:       |.1234567890abcdefghijklmnopqrstuvwxyzãäåêëîïðñôõöûü|
#              |üÿABCDEFGHIJKLMNOPQRSTUVWXYZÂÃÄÅÊËÑÔÕÖÛÜÝø¤*©®¶&%@#|
#              +---------------------------------------------------+
#              |pct diff from 50%: abs((0.5-(changed/reps))*2) *100|
#              +--------------------------------+
#              |0         1         2         3 |
#              |01234567890123456789012345678901|
#              +--------------------------------+
# seed     0.0 |################################| x 32
# key      0.0 |################################| x 136
#              +--------------------------------+
#              +---------------------------------------------------+
#              |012345678901234567890123456789012345678901234567890|
#              +---------------------------------------------------+
# Scale:       |.1234567890abcdefghijklmnopqrstuvwxyzãäåêëîïðñôõöûü|
#              |üÿABCDEFGHIJKLMNOPQRSTUVWXYZÂÃÄÅÊËÑÔÕÖÛÜÝø¤*©®¶&%@#|
#              +---------------------------------------------------+
#              |scaled p-value above confidence level (zero is ok) |
#              +--------------------------------+
#              |0         1         2         3 |
#              |01234567890123456789012345678901|
#              +--------------------------------+
# seed     0.0 |################################| x 32
# key      0.0 |################################| x 136
#              +--------------------------------+
# 5376 of 5376 bits failed (100.00%) failed at 99.999943 confidence
#     g-test: 100.000000%
#     sum-error-square: 256.00000000
#     key/seed errors: 168/168
#     - seed bit 0 gtest probability not random: 100.0000 (10000000/22000000)
#     - seed bit 1 gtest probability not random: 100.0000 (10000000/22000000)
#     - key bit 0 gtest probability not random: 100.0000 (10000000/22000000)
#     - key bit 1 gtest probability not random: 100.0000 (10000000/22000000)
#     - with 30 more seed errors and 134 more key errors not described above.
#     hash bit-level errors: 32/32
#     - hash bit 0 gtest-prob not-random: 100.0000 (0/168000000)
#     - hash bit 1 gtest-prob not-random: 100.0000 (0/168000000)
#     - hash bit 2 gtest-prob not-random: 100.0000 (0/168000000)
#     - with 29 more hash bit errors not described above.
not ok 32 - Strict Avalanche Criteria - 136 bit keys
# Testing 144-bit keys.......... not ok! # worst-bit: 100.000% error-ratio: 1.000000e+06
#              +---------------------------------------------------+
#              |012345678901234567890123456789012345678901234567890|
#              +---------------------------------------------------+
# Scale:       |.1234567890abcdefghijklmnopqrstuvwxyzãäåêëîïðñôõöûü|
#              |üÿABCDEFGHIJKLMNOPQRSTUVWXYZÂÃÄÅÊËÑÔÕÖÛÜÝø¤*©®¶&%@#|
#              +---------------------------------------------------+
#              |pct diff from 50%: abs((0.5-(changed/reps))*2) *100|
#              +--------------------------------+
#              |0         1         2         3 |
#              |01234567890123456789012345678901|
#              +--------------------------------+
# seed     0.0 |################################| x 32
# key      0.0 |################################| x 144
#              +--------------------------------+
#              +---------------------------------------------------+
#              |012345678901234567890123456789012345678901234567890|
#              +---------------------------------------------------+
# Scale:       |.1234567890abcdefghijklmnopqrstuvwxyzãäåêëîïðñôõöûü|
#              |üÿABCDEFGHIJKLMNOPQRSTUVWXYZÂÃÄÅÊËÑÔÕÖÛÜÝø¤*©®¶&%@#|
#              +---------------------------------------------------+
#              |scaled p-value above confidence level (zero is ok) |
#              +--------------------------------+
#              |0         1         2         3 |
#              |01234567890123456789012345678901|
#              +--------------------------------+
# seed     0.0 |################################| x 32
# key      0.0 |################################| x 144
#              +--------------------------------+
# 5632 of 5632 bits failed (100.00%) failed at 99.999943 confidence
#     g-test: 100.000000%
#     sum-error-square: 256.00000000
#     key/seed errors: 176/176
#     - seed bit 0 gtest probability not random: 100.0000 (10000000/22000000)
#     - seed bit 1 gtest probability not random: 100.0000 (10000000/22000000)
#     - key bit 0 gtest probability not random: 100.0000 (10000000/22000000)
#     - key bit 1 gtest probability not random: 100.0000 (10000000/22000000)
#     - with 30 more seed errors and 142 more key errors not described above.
#     hash bit-level errors: 32/32
#     - hash bit 0 gtest-prob not-random: 100.0000 (0/176000000)
#     - hash bit 1 gtest-prob not-random: 100.0000 (0/176000000)
#     - hash bit 2 gtest-prob not-random: 100.0000 (0/176000000)
#     - with 29 more hash bit errors not described above.
not ok 33 - Strict Avalanche Criteria - 144 bit keys
# Testing 152-bit keys.......... not ok! # worst-bit: 100.000% error-ratio: 1.000000e+06
#              +---------------------------------------------------+
#              |012345678901234567890123456789012345678901234567890|
#              +---------------------------------------------------+
# Scale:       |.1234567890abcdefghijklmnopqrstuvwxyzãäåêëîïðñôõöûü|
#              |üÿABCDEFGHIJKLMNOPQRSTUVWXYZÂÃÄÅÊËÑÔÕÖÛÜÝø¤*©®¶&%@#|
#              +---------------------------------------------------+
#              |pct diff from 50%: abs((0.5-(changed/reps))*2) *100|
#              +--------------------------------+
#              |0         1         2         3 |
#              |01234567890123456789012345678901|
#              +--------------------------------+
# seed     0.0 |################################| x 32
# key      0.0 |################################| x 152
#              +--------------------------------+
#              +---------------------------------------------------+
#              |012345678901234567890123456789012345678901234567890|
#              +---------------------------------------------------+
# Scale:       |.1234567890abcdefghijklmnopqrstuvwxyzãäåêëîïðñôõöûü|
#              |üÿABCDEFGHIJKLMNOPQRSTUVWXYZÂÃÄÅÊËÑÔÕÖÛÜÝø¤*©®¶&%@#|
#              +---------------------------------------------------+
#              |scaled p-value above confidence level (zero is ok) |
#              +--------------------------------+
#              |0         1         2         3 |
#              |01234567890123456789012345678901|
#              +--------------------------------+
# seed     0.0 |################################| x 32
# key      0.0 |################################| x 152
#              +--------------------------------+
# 5888 of 5888 bits failed (100.00%) failed at 99.999943 confidence
#     g-test: 100.000000%
#     sum-error-square: 256.00000000
#     key/seed errors: 184/184
#     - seed bit 0 gtest probability not random: 100.0000 (7000000/25000000)
#     - seed bit 1 gtest probability not random: 100.0000 (7000000/25000000)
#     - key bit 0 gtest probability not random: 100.0000 (7000000/25000000)
#     - key bit 1 gtest probability not random: 100.0000 (7000000/25000000)
#     - with 30 more seed errors and 150 more key errors not described above.
#     hash bit-level errors: 32/32
#     - hash bit 0 gtest-prob not-random: 100.0000 (0/184000000)
#     - hash bit 1 gtest-prob not-random: 100.0000 (0/184000000)
#     - hash bit 2 gtest-prob not-random: 100.0000 (0/184000000)
#     - with 29 more hash bit errors not described above.
not ok 34 - Strict Avalanche Criteria - 152 bit keys
# Testing 152-bit keys.......... not ok! # worst-bit: 100.000% error-ratio: 1.000000e+06
#              +---------------------------------------------------+
#              |012345678901234567890123456789012345678901234567890|
#              +---------------------------------------------------+
# Scale:       |.1234567890abcdefghijklmnopqrstuvwxyzãäåêëîïðñôõöûü|
#              |üÿABCDEFGHIJKLMNOPQRSTUVWXYZÂÃÄÅÊËÑÔÕÖÛÜÝø¤*©®¶&%@#|
#              +---------------------------------------------------+
#              |pct diff from 50%: abs((0.5-(changed/reps))*2) *100|
#              +--------------------------------+
#              |0         1         2         3 |
#              |01234567890123456789012345678901|
#              +--------------------------------+
# seed     0.0 |################################| x 32
# key      0.0 |################################| x 152
#              +--------------------------------+
#              +---------------------------------------------------+
#              |012345678901234567890123456789012345678901234567890|
#              +---------------------------------------------------+
# Scale:       |.1234567890abcdefghijklmnopqrstuvwxyzãäåêëîïðñôõöûü|
#              |üÿABCDEFGHIJKLMNOPQRSTUVWXYZÂÃÄÅÊËÑÔÕÖÛÜÝø¤*©®¶&%@#|
#              +---------------------------------------------------+
#              |scaled p-value above confidence level (zero is ok) |
#              +--------------------------------+
#              |0         1         2         3 |
#              |01234567890123456789012345678901|
#              +--------------------------------+
# seed     0.0 |################################| x 32
# key      0.0 |################################| x 152
#              +--------------------------------+
# 5888 of 5888 bits failed (100.00%) failed at 99.999943 confidence
#     g-test: 100.000000%
#     sum-error-square: 256.00000000
#     key/seed errors: 184/184
#     - seed bit 0 gtest probability not random: 100.0000 (0/32000000)
#     - seed bit 1 gtest probability not random: 100.0000 (0/32000000)
#     - key bit 0 gtest probability not random: 100.0000 (0/32000000)
#     - key bit 1 gtest probability not random: 100.0000 (0/32000000)
#     - with 30 more seed errors and 150 more key errors not described above.
#     hash bit-level errors: 32/32
#     - hash bit 0 gtest-prob not-random: 100.0000 (0/184000000)
#     - hash bit 1 gtest-prob not-random: 100.0000 (0/184000000)
#     - hash bit 2 gtest-prob not-random: 100.0000 (0/184000000)
#     - with 29 more hash bit errors not described above.
not ok 35 - Strict Avalanche Criteria - 160 bit keys
# Testing 256-bit keys.......... not ok! # worst-bit: 100.000% error-ratio: 1.000000e+06
#              +---------------------------------------------------+
#              |012345678901234567890123456789012345678901234567890|
#              +---------------------------------------------------+
# Scale:       |.1234567890abcdefghijklmnopqrstuvwxyzãäåêëîïðñôõöûü|
#              |üÿABCDEFGHIJKLMNOPQRSTUVWXYZÂÃÄÅÊËÑÔÕÖÛÜÝø¤*©®¶&%@#|
#              +---------------------------------------------------+
#              |pct diff from 50%: abs((0.5-(changed/reps))*2) *100|
#              +--------------------------------+
#              |0         1         2         3 |
#              |01234567890123456789012345678901|
#              +--------------------------------+
# seed     0.0 |################################| x 32
# key      0.0 |################################| x 256
#              +--------------------------------+
#              +---------------------------------------------------+
#              |012345678901234567890123456789012345678901234567890|
#              +---------------------------------------------------+
# Scale:       |.1234567890abcdefghijklmnopqrstuvwxyzãäåêëîïðñôõöûü|
#              |üÿABCDEFGHIJKLMNOPQRSTUVWXYZÂÃÄÅÊËÑÔÕÖÛÜÝø¤*©®¶&%@#|
#              +---------------------------------------------------+
#              |scaled p-value above confidence level (zero is ok) |
#              +--------------------------------+
#              |0         1         2         3 |
#              |01234567890123456789012345678901|
#              +--------------------------------+
# seed     0.0 |################################| x 32
# key      0.0 |################################| x 256
#              +--------------------------------+
# 9216 of 9216 bits failed (100.00%) failed at 99.999943 confidence
#     g-test: 100.000000%
#     sum-error-square: 256.00000000
#     key/seed errors: 288/288
#     - seed bit 0 gtest probability not random: 100.0000 (0/32000000)
#     - seed bit 1 gtest probability not random: 100.0000 (0/32000000)
#     - key bit 0 gtest probability not random: 100.0000 (0/32000000)
#     - key bit 1 gtest probability not random: 100.0000 (0/32000000)
#     - with 30 more seed errors and 254 more key errors not described above.
#     hash bit-level errors: 32/32
#     - hash bit 0 gtest-prob not-random: 100.0000 (0/288000000)
#     - hash bit 1 gtest-prob not-random: 100.0000 (0/288000000)
#     - hash bit 2 gtest-prob not-random: 100.0000 (0/288000000)
#     - with 29 more hash bit errors not described above.
not ok 36 - Strict Avalanche Criteria - 256 bit keys
not ok 37 - Strict Avalanche Criteria # DoNothing32
### Keyset 'Cyclic' Tests ###
# Keyset 'Cyclic' - 8 cycles of 4 bytes - 10000000 keys
# Testing collisions   - Expected 11641.53, actual  9999999 (858.99x) - failed
not ok 38 - Collision Rate for Keyset 'Cyclic' - 8 cycles of 4 bytes - 10000000 keys
# worst bias is the  20-bit window at bit   0 - 86679491.323% (416)
not ok 39 - Distribution Bias Check for Keyset 'Cyclic' - 8 cycles of 4 bytes - 10000000 keys
# Keyset 'Cyclic' - 8 cycles of 5 bytes - 10000000 keys
# Testing collisions   - Expected 11641.53, actual  9999999 (858.99x) - failed
not ok 40 - Collision Rate for Keyset 'Cyclic' - 8 cycles of 5 bytes - 10000000 keys
# worst bias is the  20-bit window at bit   0 - 86679491.323% (416)
not ok 41 - Distribution Bias Check for Keyset 'Cyclic' - 8 cycles of 5 bytes - 10000000 keys
# Keyset 'Cyclic' - 8 cycles of 6 bytes - 10000000 keys
# Testing collisions   - Expected 11641.53, actual  9999999 (858.99x) - failed
not ok 42 - Collision Rate for Keyset 'Cyclic' - 8 cycles of 6 bytes - 10000000 keys
# worst bias is the  20-bit window at bit   0 - 86679491.323% (416)
not ok 43 - Distribution Bias Check for Keyset 'Cyclic' - 8 cycles of 6 bytes - 10000000 keys
# Keyset 'Cyclic' - 8 cycles of 7 bytes - 10000000 keys
# Testing collisions   - Expected 11641.53, actual  9999999 (858.99x) - failed
not ok 44 - Collision Rate for Keyset 'Cyclic' - 8 cycles of 7 bytes - 10000000 keys
# worst bias is the  20-bit window at bit   0 - 86679491.323% (416)
not ok 45 - Distribution Bias Check for Keyset 'Cyclic' - 8 cycles of 7 bytes - 10000000 keys
# Keyset 'Cyclic' - 8 cycles of 8 bytes - 10000000 keys
# Testing collisions   - Expected 11641.53, actual  9999999 (858.99x) - failed
not ok 46 - Collision Rate for Keyset 'Cyclic' - 8 cycles of 8 bytes - 10000000 keys
# worst bias is the  20-bit window at bit   0 - 86679491.323% (416)
not ok 47 - Distribution Bias Check for Keyset 'Cyclic' - 8 cycles of 8 bytes - 10000000 keys
not ok 48 - Keyset 'Cyclic' # DoNothing32
### Keyset 'TwoBytes' Tests ###
# Testing collisions   - Expected    49.57, actual   652544 - ALL keys were in collision - failed
not ok 49 - Collision Rate for Keyset 'TwoBytes' - up-to-4-byte keys, 652545 total keys
# worst bias is the  16-bit window at bit   0 - 5457324.894% (288)
not ok 50 - Distribution Bias Check for Keyset 'TwoBytes' - up-to-4-byte keys, 652545 total keys
# Testing collisions   - Expected  3484.56, actual  5471024 - ALL keys were in collision - failed
not ok 51 - Collision Rate for Keyset 'TwoBytes' - up-to-8-byte keys, 5471025 total keys
# worst bias is the  20-bit window at bit   0 - 75801342.236% (416)
not ok 52 - Distribution Bias Check for Keyset 'TwoBytes' - up-to-8-byte keys, 5471025 total keys
# Testing collisions   - Expected 40347.77, actual 18616784 (461.41x) - failed
not ok 53 - Collision Rate for Keyset 'TwoBytes' - up-to-12-byte keys, 18616785 total keys
# worst bias is the  20-bit window at bit   0 - 94241356.557% (416)
not ok 54 - Distribution Bias Check for Keyset 'TwoBytes' - up-to-12-byte keys, 18616785 total keys
# Testing collisions   - Expected 227963.15, actual 44251424 (194.12x) - failed
not ok 55 - Collision Rate for Keyset 'TwoBytes' - up-to-16-byte keys, 44251425 total keys
# worst bias is the  20-bit window at bit   0 - 100112972.016% (416)
not ok 56 - Distribution Bias Check for Keyset 'TwoBytes' - up-to-16-byte keys, 44251425 total keys
# Testing collisions   - Expected 871784.70, actual 86536544 (99.26x) - failed
not ok 57 - Collision Rate for Keyset 'TwoBytes' - up-to-20-byte keys, 86536545 total keys
# worst bias is the  20-bit window at bit   0 - 102376478.382% (416)
not ok 58 - Distribution Bias Check for Keyset 'TwoBytes' - up-to-20-byte keys, 86536545 total keys
not ok 59 - Keyset 'TwoBytes' # DoNothing32
### Keyset 'Sparse' Tests ###
# Keyset 'Sparse' - 32-bit keys with up to 6 bits set - 1149017 keys
# Testing collisions   - Expected   153.70, actual  1149012 - Excessive keys in collision - failed
not ok 60 - Collision Rate for Keyset 'Sparse' - 32-bit keys with up to 6 bits set
# worst bias is the  17-bit window at bit   0 - 8220947.222% (320)
not ok 61 - Distribution Bias Check for Keyset 'Sparse' - 32-bit keys with up to 6 bits set
# Keyset 'Sparse' - 40-bit keys with up to 6 bits set - 4598479 keys
# Testing collisions   - Expected  2461.72, actual  4598474 - Excessive keys in collision - failed
not ok 62 - Collision Rate for Keyset 'Sparse' - 40-bit keys with up to 6 bits set
# worst bias is the  19-bit window at bit   0 - 30665573.335% (384)
not ok 63 - Distribution Bias Check for Keyset 'Sparse' - 40-bit keys with up to 6 bits set
# Keyset 'Sparse' - 48-bit keys with up to 5 bits set - 1925357 keys
# Testing collisions   - Expected   431.55, actual  1925353 - Excessive keys in collision - failed
not ok 64 - Collision Rate for Keyset 'Sparse' - 48-bit keys with up to 5 bits set
# worst bias is the  18-bit window at bit   0 - 16859162.384% (352)
not ok 65 - Distribution Bias Check for Keyset 'Sparse' - 48-bit keys with up to 5 bits set
# Keyset 'Sparse' - 56-bit keys with up to 5 bits set - 4216423 keys
# Testing collisions   - Expected  2069.66, actual  4216419 - Excessive keys in collision - failed
not ok 66 - Collision Rate for Keyset 'Sparse' - 56-bit keys with up to 5 bits set
# worst bias is the  19-bit window at bit   0 - 35308233.079% (384)
not ok 67 - Distribution Bias Check for Keyset 'Sparse' - 56-bit keys with up to 5 bits set
# Keyset 'Sparse' - 64-bit keys with up to 5 bits set - 8303633 keys
# Testing collisions   - Expected  8026.87, actual  8303629 - Excessive keys in collision - failed
not ok 68 - Collision Rate for Keyset 'Sparse' - 64-bit keys with up to 5 bits set
# worst bias is the  20-bit window at bit   0 - 71882403.070% (416)
not ok 69 - Distribution Bias Check for Keyset 'Sparse' - 64-bit keys with up to 5 bits set
# Keyset 'Sparse' - 96-bit keys with up to 4 bits set - 3469497 keys
# Testing collisions   - Expected  1401.34, actual  3469493 - Excessive keys in collision - failed
not ok 70 - Collision Rate for Keyset 'Sparse' - 96-bit keys with up to 4 bits set
# worst bias is the  19-bit window at bit   0 - 36982194.996% (384)
not ok 71 - Distribution Bias Check for Keyset 'Sparse' - 96-bit keys with up to 4 bits set
# Keyset 'Sparse' - 256-bit keys with up to 3 bits set - 2796417 keys
# Testing collisions   - Expected   910.36, actual  2796414 - Excessive keys in collision - failed
not ok 72 - Collision Rate for Keyset 'Sparse' - 256-bit keys with up to 3 bits set
# worst bias is the  19-bit window at bit   0 - 38123748.919% (384)
not ok 73 - Distribution Bias Check for Keyset 'Sparse' - 256-bit keys with up to 3 bits set
# Keyset 'Sparse' - 2048-bit keys with up to 2 bits set - 2098177 keys
# Testing collisions   - Expected   512.50, actual  2098175 - Excessive keys in collision - failed
not ok 74 - Collision Rate for Keyset 'Sparse' - 2048-bit keys with up to 2 bits set
# worst bias is the  18-bit window at bit   0 - 20973467.200% (352)
not ok 75 - Distribution Bias Check for Keyset 'Sparse' - 2048-bit keys with up to 2 bits set
not ok 76 - Keyset 'Sparse' # DoNothing32
# Keyset 'CRC-MultiCollision' - 1048575 x 16 block keys - 128-bytes long - 10 seeds
# Testing collisions   - Expected   128.00, actual  1048574 - ALL keys were in collision - failed
not ok 77 - Collision Rate for Keyset 'CRC-MultiCollision' - seed 1 # DoNothing32
# Testing collisions   - Expected   128.00, actual  1048574 - ALL keys were in collision - failed
not ok 78 - Collision Rate for Keyset 'CRC-MultiCollision' - seed 2 # DoNothing32
# Testing collisions   - Expected   128.00, actual  1048574 - ALL keys were in collision - failed
not ok 79 - Collision Rate for Keyset 'CRC-MultiCollision' - seed 3 # DoNothing32
# Testing collisions   - Expected   128.00, actual  1048574 - ALL keys were in collision - failed
not ok 80 - Collision Rate for Keyset 'CRC-MultiCollision' - seed 4 # DoNothing32
# Testing collisions   - Expected   128.00, actual  1048574 - ALL keys were in collision - failed
not ok 81 - Collision Rate for Keyset 'CRC-MultiCollision' - seed 5 # DoNothing32
# Testing collisions   - Expected   128.00, actual  1048574 - ALL keys were in collision - failed
not ok 82 - Collision Rate for Keyset 'CRC-MultiCollision' - seed 6 # DoNothing32
# Testing collisions   - Expected   128.00, actual  1048574 - ALL keys were in collision - failed
not ok 83 - Collision Rate for Keyset 'CRC-MultiCollision' - seed 7 # DoNothing32
# Testing collisions   - Expected   128.00, actual  1048574 - ALL keys were in collision - failed
not ok 84 - Collision Rate for Keyset 'CRC-MultiCollision' - seed 8 # DoNothing32
# Testing collisions   - Expected   128.00, actual  1048574 - ALL keys were in collision - failed
not ok 85 - Collision Rate for Keyset 'CRC-MultiCollision' - seed 9 # DoNothing32
# Testing collisions   - Expected   128.00, actual  1048574 - ALL keys were in collision - failed
not ok 86 - Collision Rate for Keyset 'CRC-MultiCollision' - seed 10 # DoNothing32
### Keyset 'Combination Lowbits' Tests ###
# Keyset 'Combination' - up to 8 blocks from a set of 8 - 19173960 keys
# Testing collisions   - Expected 42799.01, actual 19173951 (448.00x) - failed
not ok 87 - Collision Rate for Keyset 'Combination Lowbits'
# worst bias is the  20-bit window at bit  23 - 94518636.989% (416)
not ok 88 - Distribution Bias Check for Keyset 'Combination Lowbits'
not ok 89 - Keyset 'Combination Lowbits' # DoNothing32
### Keyset 'Combination Highbits' Tests ###
# Keyset 'Combination' - up to 8 blocks from a set of 8 - 19173960 keys
# Testing collisions   - Expected 42799.01, actual 19173951 (448.00x) - failed
not ok 90 - Collision Rate for Keyset 'Combination Highbits'
# worst bias is the  20-bit window at bit  23 - 94518636.989% (416)
not ok 91 - Distribution Bias Check for Keyset 'Combination Highbits'
not ok 92 - Keyset 'Combination Highbits' # DoNothing32
### Keyset 'Combination Highbits2' Tests ###
# Keyset 'Combination' - up to 8 blocks from a set of 8 - 19173960 keys
# Testing collisions   - Expected 42799.01, actual 19173951 (448.00x) - failed
not ok 93 - Collision Rate for Keyset 'Combination Highbits2'
# worst bias is the  20-bit window at bit  23 - 94518636.989% (416)
not ok 94 - Distribution Bias Check for Keyset 'Combination Highbits2'
not ok 95 - Keyset 'Combination Highbits2' # DoNothing32
### Keyset 'Combination 0x80000000' Tests ###
# Keyset 'Combination' - up to 20 blocks from a set of 2 - 2097150 keys
# Testing collisions   - Expected   512.00, actual  2097121 - Excessive keys in collision - failed
not ok 96 - Collision Rate for Keyset 'Combination 0x80000000'
# worst bias is the  18-bit window at bit  25 - 20970834.004% (352)
not ok 97 - Distribution Bias Check for Keyset 'Combination 0x80000000'
not ok 98 - Keyset 'Combination 0x80000000' # DoNothing32
### Keyset 'Combination 0x00000001' Tests ###
# Keyset 'Combination' - up to 20 blocks from a set of 2 - 2097150 keys
# Testing collisions   - Expected   512.00, actual  2097131 - Excessive keys in collision - failed
not ok 99 - Collision Rate for Keyset 'Combination 0x00000001'
# worst bias is the  18-bit window at bit  17 - 20971034.002% (352)
not ok 100 - Distribution Bias Check for Keyset 'Combination 0x00000001'
not ok 101 - Keyset 'Combination 0x00000001' # DoNothing32
### Keyset 'Combination Hi-Lo' Tests ###
# Keyset 'Combination' - up to 6 blocks from a set of 15 - 12204240 keys
# Testing collisions   - Expected 17339.30, actual 12204233 (703.85x) - failed
not ok 102 - Collision Rate for Keyset 'Combination Hi-Lo'
# worst bias is the  20-bit window at bit  23 - 89480946.739% (416)
not ok 103 - Distribution Bias Check for Keyset 'Combination Hi-Lo'
not ok 104 - Keyset 'Combination Hi-Lo' # DoNothing32
### Keyset 'Text' Tests ###
# Keyset 'Text' - keys of form "Foo[XXXX]Bar" - 14776336 keys
# Testing collisions   - Expected 25418.13, actual 14776335 (581.33x) - failed
not ok 105 - Collision Rate for Keyset 'Text' - keys of form "Foo[XXXX]Bar" - 14776336 keys
# worst bias is the  20-bit window at bit   0 - 91825095.030% (416)
not ok 106 - Distribution Bias Check for Keyset 'Text' - keys of form "Foo[XXXX]Bar" - 14776336 keys
# Keyset 'Text' - keys of form "FooBar[XXXX]" - 14776336 keys
# Testing collisions   - Expected 25418.13, actual 14776335 (581.33x) - failed
not ok 107 - Collision Rate for Keyset 'Text' - keys of form "FooBar[XXXX]" - 14776336 keys
# worst bias is the  20-bit window at bit   0 - 91825095.030% (416)
not ok 108 - Distribution Bias Check for Keyset 'Text' - keys of form "FooBar[XXXX]" - 14776336 keys
# Keyset 'Text' - keys of form "[XXXX]FooBar" - 14776336 keys
# Testing collisions   - Expected 25418.13, actual 14776335 (581.33x) - failed
not ok 109 - Collision Rate for Keyset 'Text' - keys of form "[XXXX]FooBar" - 14776336 keys
# worst bias is the  20-bit window at bit   0 - 91825095.030% (416)
not ok 110 - Distribution Bias Check for Keyset 'Text' - keys of form "[XXXX]FooBar" - 14776336 keys
not ok 111 - Keyset 'Text' # DoNothing32
### Keyset 'Zeroes' Tests ###
# Keyset 'Zeroes' - 262144 keys
# Testing collisions   - Expected     8.00, actual   262143 - ALL keys were in collision - failed
not ok 112 - Collision Rate for Keyset 'Zeroes' - 262144 keys
# worst bias is the  15-bit window at bit   0 - 2621358.000% (256)
not ok 113 - Distribution Bias Check for Keyset 'Zeroes' - 262144 keys
not ok 114 - Keyset 'Zeroes' # DoNothing32
### Keyset 'Seed' Tests ###
# Keyset 'Seed' - 2000000 seeds, Key "The quick brown fox "...
# Testing collisions   - Expected   465.46, actual  1999561 - ALL keys were in collision - failed
not ok 115 - Collision Rate for Keyset 'Seed' - 2000000 seeds, Key "The quick brown fox "...
# worst bias is the  18-bit window at bit   0 - 20768711.568% (352)
not ok 116 - Distribution Bias Check for Keyset 'Seed' - 2000000 seeds, Key "The quick brown fox "...
# Keyset 'Seed' - 2000000 seeds, Key ""
# Testing collisions   - Expected   465.44, actual  1999533 - ALL keys were in collision - failed
not ok 117 - Collision Rate for Keyset 'Seed' - 2000000 seeds, Key ""
# worst bias is the  18-bit window at bit   0 - 20768651.153% (352)
not ok 118 - Distribution Bias Check for Keyset 'Seed' - 2000000 seeds, Key ""
# Keyset 'Seed' - 2000000 seeds, Key "00101100110101101"
# Testing collisions   - Expected   465.46, actual  1999565 - ALL keys were in collision - failed
not ok 119 - Collision Rate for Keyset 'Seed' - 2000000 seeds, Key "00101100110101101"
# worst bias is the  18-bit window at bit   0 - 20768720.199% (352)
not ok 120 - Distribution Bias Check for Keyset 'Seed' - 2000000 seeds, Key "00101100110101101"
# Keyset 'Seed' - 2000000 seeds, Key "abcbcddbdebdcaaabaaa"...
# Testing collisions   - Expected   465.45, actual  1999554 - ALL keys were in collision - failed
not ok 121 - Collision Rate for Keyset 'Seed' - 2000000 seeds, Key "abcbcddbdebdcaaabaaa"...
# worst bias is the  18-bit window at bit   0 - 20768696.464% (352)
not ok 122 - Distribution Bias Check for Keyset 'Seed' - 2000000 seeds, Key "abcbcddbdebdcaaabaaa"...
not ok 123 - Keyset 'Seed' # DoNothing32
### Keyset 'Effs' Tests ###
# Keyset 'Effs' - 262144 keys
# Testing collisions   - Expected     8.00, actual   262143 - ALL keys were in collision - failed
not ok 124 - Collision Rate for Keyset 'Effs' - 262144 keys
# worst bias is the  15-bit window at bit   0 - 2621358.000% (256)
not ok 125 - Distribution Bias Check for Keyset 'Effs' - 262144 keys
not ok 126 - Keyset 'Effs' # DoNothing32
not ok 127 - all tests passed # DoNothing32
1..127
# Tests Failed. DoNothing32 failed 123 of 127 tests.
# Testing took 1098.015382 seconds
# This is SMHasher version v1.0-demerphq-5-g86440f3 - built on Mar 10 2017.
