ok 1 - Found Hash # falkhash
###################################################################
### Testing falkhash - no seed_state
### - falkhash.asm with aesenc, 64-bit for x64 -
### seedbits: 64 statebits: 64 hashbits: 64
###################################################################
ok 2 - Verification code # falkhash
# falkhash             - Verification value 0x211CE75E : Passed.
### Sanity Tests ###
# Sanity check simple key bit flips and consistency..........
ok 3 - SanityTest # falkhash
# Sanity check null suffixes change the hash (simple)..........
ok 4 - Appended Zeroes Test # falkhash
ok 5 - Sanity Test # falkhash
### Speed Tests ###
## Bulk speed test - 262144-byte keys
# Alignment  7 - 15.152 bytes/cycle - 43351.62 MiB/sec @ 3 ghz
# Alignment  6 - 15.133 bytes/cycle - 43295.31 MiB/sec @ 3 ghz
# Alignment  5 - 15.171 bytes/cycle - 43403.43 MiB/sec @ 3 ghz
# Alignment  4 - 15.160 bytes/cycle - 43373.43 MiB/sec @ 3 ghz
# Alignment  3 - 15.173 bytes/cycle - 43409.78 MiB/sec @ 3 ghz
# Alignment  2 - 15.156 bytes/cycle - 43361.29 MiB/sec @ 3 ghz
# Alignment  1 - 15.154 bytes/cycle - 43357.28 MiB/sec @ 3 ghz
# Alignment  0 - 15.322 bytes/cycle - 43836.93 MiB/sec @ 3 ghz
# Average      - 15.178 bytes/cycle - 43423.63 MiB/sec @ 3 ghz
## KeySpeed tests
# falkhash                  0 byte keys      113.000 c/h
# falkhash                  1 byte keys       94.000 c/h       94.000 c/b        0.011 b/c
# falkhash                  2 byte keys       94.823 c/h       47.412 c/b        0.021 b/c
# falkhash                  3 byte keys       94.000 c/h       31.333 c/b        0.032 b/c
# falkhash                  4 byte keys       94.000 c/h       23.500 c/b        0.043 b/c
# falkhash                  5 byte keys       94.000 c/h       18.800 c/b        0.053 b/c
# falkhash                  6 byte keys       94.000 c/h       15.667 c/b        0.064 b/c
# falkhash                  7 byte keys       94.000 c/h       13.429 c/b        0.074 b/c
# falkhash                  8 byte keys       94.000 c/h       11.750 c/b        0.085 b/c
# falkhash                  9 byte keys       94.000 c/h       10.444 c/b        0.096 b/c
# falkhash                 10 byte keys       94.850 c/h        9.485 c/b        0.105 b/c
# falkhash                 11 byte keys       94.000 c/h        8.545 c/b        0.117 b/c
# falkhash                 12 byte keys       94.000 c/h        7.833 c/b        0.128 b/c
# falkhash                 13 byte keys       94.000 c/h        7.231 c/b        0.138 b/c
# falkhash                 14 byte keys       94.000 c/h        6.714 c/b        0.149 b/c
# falkhash                 15 byte keys       94.000 c/h        6.267 c/b        0.160 b/c
# falkhash                 16 byte keys       72.664 c/h        4.542 c/b        0.220 b/c
# falkhash                 17 byte keys       95.000 c/h        5.588 c/b        0.179 b/c
# falkhash                 18 byte keys       95.640 c/h        5.313 c/b        0.188 b/c
# falkhash                 19 byte keys       95.000 c/h        5.000 c/b        0.200 b/c
# falkhash                 20 byte keys       95.000 c/h        4.750 c/b        0.211 b/c
# falkhash                 21 byte keys       97.002 c/h        4.619 c/b        0.216 b/c
# falkhash                 22 byte keys       98.334 c/h        4.470 c/b        0.224 b/c
# falkhash                 23 byte keys       98.185 c/h        4.269 c/b        0.234 b/c
# falkhash                 24 byte keys       97.997 c/h        4.083 c/b        0.245 b/c
# falkhash                 25 byte keys       97.655 c/h        3.906 c/b        0.256 b/c
# falkhash                 26 byte keys       98.170 c/h        3.776 c/b        0.265 b/c
# falkhash                 27 byte keys       98.127 c/h        3.634 c/b        0.275 b/c
# falkhash                 28 byte keys       95.000 c/h        3.393 c/b        0.295 b/c
# falkhash                 29 byte keys       95.000 c/h        3.276 c/b        0.305 b/c
# falkhash                 30 byte keys       95.000 c/h        3.167 c/b        0.316 b/c
# falkhash                 31 byte keys       95.000 c/h        3.065 c/b        0.326 b/c
#                          Average < 32       95.108 c/h        6.136 c/b        0.163 b/c
# falkhash                 32 byte keys       72.804 c/h        2.275 c/b        0.440 b/c
# falkhash                 36 byte keys       94.000 c/h        2.611 c/b        0.383 b/c
# falkhash                 40 byte keys       94.000 c/h        2.350 c/b        0.426 b/c
# falkhash                 44 byte keys       94.000 c/h        2.136 c/b        0.468 b/c
# falkhash                 48 byte keys       71.998 c/h        1.500 c/b        0.667 b/c
# falkhash                 52 byte keys       90.911 c/h        1.748 c/b        0.572 b/c
# falkhash                 56 byte keys       90.939 c/h        1.624 c/b        0.616 b/c
# falkhash                 60 byte keys       92.971 c/h        1.550 c/b        0.645 b/c
# falkhash                 64 byte keys       71.849 c/h        1.123 c/b        0.891 b/c
# falkhash                 68 byte keys       90.960 c/h        1.338 c/b        0.748 b/c
# falkhash                 72 byte keys       90.978 c/h        1.264 c/b        0.791 b/c
# falkhash                 76 byte keys       90.991 c/h        1.197 c/b        0.835 b/c
# falkhash                 80 byte keys       51.063 c/h        0.638 c/b        1.567 b/c
# falkhash                 84 byte keys      113.000 c/h        1.345 c/b        0.743 b/c
# falkhash                 88 byte keys      114.693 c/h        1.303 c/b        0.767 b/c
# falkhash                 92 byte keys      113.000 c/h        1.228 c/b        0.814 b/c
# falkhash                 96 byte keys       77.594 c/h        0.808 c/b        1.237 b/c
# falkhash                100 byte keys      114.830 c/h        1.148 c/b        0.871 b/c
# falkhash                104 byte keys      114.000 c/h        1.096 c/b        0.912 b/c
# falkhash                108 byte keys      114.000 c/h        1.056 c/b        0.947 b/c
# falkhash                112 byte keys       77.818 c/h        0.695 c/b        1.439 b/c
# falkhash                116 byte keys      113.529 c/h        0.979 c/b        1.022 b/c
# falkhash                120 byte keys      113.000 c/h        0.942 c/b        1.062 b/c
# falkhash                124 byte keys      113.000 c/h        0.911 c/b        1.097 b/c
#                         Average < 128       94.989 c/h        2.246 c/b        0.445 b/c
# falkhash                128 byte keys       78.396 c/h        0.612 c/b        1.633 b/c
# falkhash                256 byte keys       90.362 c/h        0.353 c/b        2.833 b/c
# falkhash                512 byte keys      101.686 c/h        0.199 c/b        5.035 b/c
# falkhash               1024 byte keys      126.081 c/h        0.123 c/b        8.122 b/c
# falkhash               2048 byte keys      210.869 c/h        0.103 c/b        9.712 b/c
# falkhash               4096 byte keys      342.659 c/h        0.084 c/b       11.954 b/c
# falkhash               8192 byte keys      593.676 c/h        0.072 c/b       13.799 b/c
# falkhash              16384 byte keys     1105.576 c/h        0.067 c/b       14.819 b/c
# falkhash              32768 byte keys     2133.502 c/h        0.065 c/b       15.359 b/c
# falkhash              65536 byte keys     4194.550 c/h        0.064 c/b       15.624 b/c
#                       Overall Average      216.617 c/h        0.107 c/b        9.325 b/c
ok 6 - Speed (always passes) # falkhash
### Differential Tests ###
# Testing 8303632 up-to-5-bit differentials in 64-bit keys -> 64 bit hashes.
# 1000 reps, 8303632000 total tests, expecting 0.00 random collisions..........
ok 7 - Differential collisions # falkhash
ok 8 - Nothing skipped during differential collision check # falkhash
# 0 total collisions, of which 0 single collisions were ignored
ok 9 - ProcessDifferentials
# Testing 11017632 up-to-4-bit differentials in 128-bit keys -> 64 bit hashes.
# 1000 reps, 11017632000 total tests, expecting 0.00 random collisions..........
ok 10 - Differential collisions # falkhash
ok 11 - Nothing skipped during differential collision check # falkhash
# 0 total collisions, of which 0 single collisions were ignored
ok 12 - ProcessDifferentials
# Testing 2796416 up-to-3-bit differentials in 256-bit keys -> 64 bit hashes.
# 1000 reps, 2796416000 total tests, expecting 0.00 random collisions..........
ok 13 - Differential collisions # falkhash
ok 14 - Nothing skipped during differential collision check # falkhash
# 0 total collisions, of which 0 single collisions were ignored
ok 15 - ProcessDifferentials
ok 16 - Differential # falkhash
### Avalanche Tests ### - seed-bits: 64 hash-bits: 64
# Samples 500000, expected error 0.00051200, confidence level 99.99994267%
# Testing   0-bit keys.......... ok.     # worst-bit:   0.542% error-ratio: 9.751459e-01
ok 17 - Strict Avalanche Criteria - 0 bit keys
# Testing   8-bit keys.......... ok.     # worst-bit:   0.570% error-ratio: 9.787373e-01
ok 18 - Strict Avalanche Criteria - 8 bit keys
# Testing  16-bit keys.......... ok.     # worst-bit:   0.521% error-ratio: 9.868147e-01
ok 19 - Strict Avalanche Criteria - 16 bit keys
# Testing  24-bit keys.......... ok.     # worst-bit:   0.569% error-ratio: 1.012398e+00
ok 20 - Strict Avalanche Criteria - 24 bit keys
# Testing  32-bit keys.......... ok.     # worst-bit:   0.562% error-ratio: 9.947702e-01
ok 21 - Strict Avalanche Criteria - 32 bit keys
# Testing  40-bit keys.......... ok.     # worst-bit:   0.505% error-ratio: 9.913444e-01
ok 22 - Strict Avalanche Criteria - 40 bit keys
# Testing  48-bit keys.......... ok.     # worst-bit:   0.522% error-ratio: 1.002356e+00
ok 23 - Strict Avalanche Criteria - 48 bit keys
# Testing  56-bit keys.......... ok.     # worst-bit:   0.667% error-ratio: 1.033038e+00
ok 24 - Strict Avalanche Criteria - 56 bit keys
# Testing  64-bit keys.......... ok.     # worst-bit:   0.582% error-ratio: 1.025807e+00
ok 25 - Strict Avalanche Criteria - 64 bit keys
# Testing  72-bit keys.......... ok.     # worst-bit:   0.599% error-ratio: 9.889021e-01
ok 26 - Strict Avalanche Criteria - 72 bit keys
# Testing  80-bit keys.......... ok.     # worst-bit:   0.527% error-ratio: 1.000162e+00
ok 27 - Strict Avalanche Criteria - 80 bit keys
# Testing  88-bit keys.......... ok.     # worst-bit:   0.617% error-ratio: 1.007456e+00
ok 28 - Strict Avalanche Criteria - 88 bit keys
# Testing  96-bit keys.......... ok.     # worst-bit:   0.495% error-ratio: 1.004058e+00
ok 29 - Strict Avalanche Criteria - 96 bit keys
# Testing 104-bit keys.......... ok.     # worst-bit:   0.593% error-ratio: 9.854941e-01
ok 30 - Strict Avalanche Criteria - 104 bit keys
# Testing 112-bit keys.......... ok.     # worst-bit:   0.579% error-ratio: 9.771614e-01
ok 31 - Strict Avalanche Criteria - 112 bit keys
# Testing 120-bit keys.......... ok.     # worst-bit:   0.552% error-ratio: 9.989983e-01
ok 32 - Strict Avalanche Criteria - 120 bit keys
# Testing 128-bit keys.......... ok.     # worst-bit:   0.548% error-ratio: 1.013647e+00
ok 33 - Strict Avalanche Criteria - 128 bit keys
# Testing 136-bit keys.......... ok.     # worst-bit:   0.584% error-ratio: 9.913801e-01
ok 34 - Strict Avalanche Criteria - 136 bit keys
# Testing 144-bit keys.......... ok.     # worst-bit:   0.574% error-ratio: 1.005927e+00
ok 35 - Strict Avalanche Criteria - 144 bit keys
# Testing 152-bit keys.......... ok.     # worst-bit:   0.580% error-ratio: 9.933836e-01
ok 36 - Strict Avalanche Criteria - 152 bit keys
# Testing 152-bit keys.......... ok.     # worst-bit:   0.545% error-ratio: 9.830350e-01
ok 37 - Strict Avalanche Criteria - 160 bit keys
# Testing 200-bit keys.......... ok.     # worst-bit:   0.531% error-ratio: 1.007328e+00
ok 38 - Strict Avalanche Criteria - 200 bit keys
# Testing 256-bit keys.......... ok.     # worst-bit:   0.608% error-ratio: 1.006385e+00
ok 39 - Strict Avalanche Criteria - 256 bit keys
# Testing 512-bit keys.......... ok.     # worst-bit:   0.627% error-ratio: 1.006017e+00
ok 40 - Strict Avalanche Criteria - 512 bit keys
ok 41 - Strict Avalanche Criteria # falkhash
### Keyset 'Cyclic' Tests ###
# Keyset 'Cyclic' - 8 cycles of 8 bytes - 10000000 keys
# Testing collisions   - Expected     0.00, actual        0 ( 0.00x) - passed
ok 42 - Collision Rate for Keyset 'Cyclic' - 8 cycles of 8 bytes - 10000000 keys
ok 43 - Distribution Bias Check for Keyset 'Cyclic' - 8 cycles of 8 bytes - 10000000 keys
# Keyset 'Cyclic' - 8 cycles of 9 bytes - 10000000 keys
# Testing collisions   - Expected     0.00, actual        0 ( 0.00x) - passed
ok 44 - Collision Rate for Keyset 'Cyclic' - 8 cycles of 9 bytes - 10000000 keys
ok 45 - Distribution Bias Check for Keyset 'Cyclic' - 8 cycles of 9 bytes - 10000000 keys
# Keyset 'Cyclic' - 8 cycles of 10 bytes - 10000000 keys
# Testing collisions   - Expected     0.00, actual        0 ( 0.00x) - passed
ok 46 - Collision Rate for Keyset 'Cyclic' - 8 cycles of 10 bytes - 10000000 keys
ok 47 - Distribution Bias Check for Keyset 'Cyclic' - 8 cycles of 10 bytes - 10000000 keys
# Keyset 'Cyclic' - 8 cycles of 11 bytes - 10000000 keys
# Testing collisions   - Expected     0.00, actual        0 ( 0.00x) - passed
ok 48 - Collision Rate for Keyset 'Cyclic' - 8 cycles of 11 bytes - 10000000 keys
ok 49 - Distribution Bias Check for Keyset 'Cyclic' - 8 cycles of 11 bytes - 10000000 keys
# Keyset 'Cyclic' - 8 cycles of 12 bytes - 10000000 keys
# Testing collisions   - Expected     0.00, actual        0 ( 0.00x) - passed
ok 50 - Collision Rate for Keyset 'Cyclic' - 8 cycles of 12 bytes - 10000000 keys
ok 51 - Distribution Bias Check for Keyset 'Cyclic' - 8 cycles of 12 bytes - 10000000 keys
ok 52 - Keyset 'Cyclic' # falkhash
### Keyset 'TwoBytes' Tests ###
# Testing collisions   - Expected     0.00, actual        0 ( 0.00x) - passed
ok 53 - Collision Rate for Keyset 'TwoBytes' - up-to-4-byte keys, 652545 total keys
ok 54 - Distribution Bias Check for Keyset 'TwoBytes' - up-to-4-byte keys, 652545 total keys
# Testing collisions   - Expected     0.00, actual        0 ( 0.00x) - passed
ok 55 - Collision Rate for Keyset 'TwoBytes' - up-to-8-byte keys, 5471025 total keys
ok 56 - Distribution Bias Check for Keyset 'TwoBytes' - up-to-8-byte keys, 5471025 total keys
# Testing collisions   - Expected     0.00, actual        0 ( 0.00x) - passed
ok 57 - Collision Rate for Keyset 'TwoBytes' - up-to-12-byte keys, 18616785 total keys
ok 58 - Distribution Bias Check for Keyset 'TwoBytes' - up-to-12-byte keys, 18616785 total keys
# Testing collisions   - Expected     0.00, actual        0 ( 0.00x) - passed
ok 59 - Collision Rate for Keyset 'TwoBytes' - up-to-16-byte keys, 44251425 total keys
ok 60 - Distribution Bias Check for Keyset 'TwoBytes' - up-to-16-byte keys, 44251425 total keys
# Testing collisions   - Expected     0.00, actual        0 ( 0.00x) - passed
ok 61 - Collision Rate for Keyset 'TwoBytes' - up-to-20-byte keys, 86536545 total keys
ok 62 - Distribution Bias Check for Keyset 'TwoBytes' - up-to-20-byte keys, 86536545 total keys
ok 63 - Keyset 'TwoBytes' # falkhash
### Keyset 'Sparse' Tests ###
# Keyset 'Sparse' - 32-bit keys with up to 6 bits set - 1149017 keys
# Testing collisions   - Expected     0.00, actual        0 ( 0.00x) - passed
ok 64 - Collision Rate for Keyset 'Sparse' - 32-bit keys with up to 6 bits set
ok 65 - Distribution Bias Check for Keyset 'Sparse' - 32-bit keys with up to 6 bits set
# Keyset 'Sparse' - 40-bit keys with up to 6 bits set - 4598479 keys
# Testing collisions   - Expected     0.00, actual        0 ( 0.00x) - passed
ok 66 - Collision Rate for Keyset 'Sparse' - 40-bit keys with up to 6 bits set
ok 67 - Distribution Bias Check for Keyset 'Sparse' - 40-bit keys with up to 6 bits set
# Keyset 'Sparse' - 48-bit keys with up to 5 bits set - 1925357 keys
# Testing collisions   - Expected     0.00, actual        0 ( 0.00x) - passed
ok 68 - Collision Rate for Keyset 'Sparse' - 48-bit keys with up to 5 bits set
ok 69 - Distribution Bias Check for Keyset 'Sparse' - 48-bit keys with up to 5 bits set
# Keyset 'Sparse' - 56-bit keys with up to 5 bits set - 4216423 keys
# Testing collisions   - Expected     0.00, actual        0 ( 0.00x) - passed
ok 70 - Collision Rate for Keyset 'Sparse' - 56-bit keys with up to 5 bits set
ok 71 - Distribution Bias Check for Keyset 'Sparse' - 56-bit keys with up to 5 bits set
# Keyset 'Sparse' - 64-bit keys with up to 5 bits set - 8303633 keys
# Testing collisions   - Expected     0.00, actual        0 ( 0.00x) - passed
ok 72 - Collision Rate for Keyset 'Sparse' - 64-bit keys with up to 5 bits set
ok 73 - Distribution Bias Check for Keyset 'Sparse' - 64-bit keys with up to 5 bits set
# Keyset 'Sparse' - 96-bit keys with up to 4 bits set - 3469497 keys
# Testing collisions   - Expected     0.00, actual        0 ( 0.00x) - passed
ok 74 - Collision Rate for Keyset 'Sparse' - 96-bit keys with up to 4 bits set
ok 75 - Distribution Bias Check for Keyset 'Sparse' - 96-bit keys with up to 4 bits set
# Keyset 'Sparse' - 256-bit keys with up to 3 bits set - 2796417 keys
# Testing collisions   - Expected     0.00, actual        0 ( 0.00x) - passed
ok 76 - Collision Rate for Keyset 'Sparse' - 256-bit keys with up to 3 bits set
ok 77 - Distribution Bias Check for Keyset 'Sparse' - 256-bit keys with up to 3 bits set
# Keyset 'Sparse' - 2048-bit keys with up to 2 bits set - 2098177 keys
# Testing collisions   - Expected     0.00, actual        0 ( 0.00x) - passed
ok 78 - Collision Rate for Keyset 'Sparse' - 2048-bit keys with up to 2 bits set
ok 79 - Distribution Bias Check for Keyset 'Sparse' - 2048-bit keys with up to 2 bits set
ok 80 - Keyset 'Sparse' # falkhash
# Keyset 'CRC-MultiCollision' - 1048575 x 16 block keys - 128-bytes long - 10 seeds
# Testing collisions   - Expected     0.00, actual        0 ( 0.00x) - passed
ok 81 - Collision Rate for Keyset 'CRC-MultiCollision' - seed 1 # falkhash
# Testing collisions   - Expected     0.00, actual        0 ( 0.00x) - passed
ok 82 - Collision Rate for Keyset 'CRC-MultiCollision' - seed 2 # falkhash
# Testing collisions   - Expected     0.00, actual        0 ( 0.00x) - passed
ok 83 - Collision Rate for Keyset 'CRC-MultiCollision' - seed 3 # falkhash
# Testing collisions   - Expected     0.00, actual        0 ( 0.00x) - passed
ok 84 - Collision Rate for Keyset 'CRC-MultiCollision' - seed 4 # falkhash
# Testing collisions   - Expected     0.00, actual        0 ( 0.00x) - passed
ok 85 - Collision Rate for Keyset 'CRC-MultiCollision' - seed 5 # falkhash
# Testing collisions   - Expected     0.00, actual        0 ( 0.00x) - passed
ok 86 - Collision Rate for Keyset 'CRC-MultiCollision' - seed 6 # falkhash
# Testing collisions   - Expected     0.00, actual        0 ( 0.00x) - passed
ok 87 - Collision Rate for Keyset 'CRC-MultiCollision' - seed 7 # falkhash
# Testing collisions   - Expected     0.00, actual        0 ( 0.00x) - passed
ok 88 - Collision Rate for Keyset 'CRC-MultiCollision' - seed 8 # falkhash
# Testing collisions   - Expected     0.00, actual        0 ( 0.00x) - passed
ok 89 - Collision Rate for Keyset 'CRC-MultiCollision' - seed 9 # falkhash
# Testing collisions   - Expected     0.00, actual        0 ( 0.00x) - passed
ok 90 - Collision Rate for Keyset 'CRC-MultiCollision' - seed 10 # falkhash
### Keyset 'Combination Lowbits' Tests ###
# Keyset 'Combination' - up to 8 blocks from a set of 8 - 19173960 keys
# Testing collisions   - Expected     0.00, actual        0 ( 0.00x) - passed
ok 91 - Collision Rate for Keyset 'Combination Lowbits'
ok 92 - Distribution Bias Check for Keyset 'Combination Lowbits'
ok 93 - Keyset 'Combination Lowbits' # falkhash
### Keyset 'Combination Highbits' Tests ###
# Keyset 'Combination' - up to 8 blocks from a set of 8 - 19173960 keys
# Testing collisions   - Expected     0.00, actual        0 ( 0.00x) - passed
ok 94 - Collision Rate for Keyset 'Combination Highbits'
ok 95 - Distribution Bias Check for Keyset 'Combination Highbits'
ok 96 - Keyset 'Combination Highbits' # falkhash
### Keyset 'Combination Highbits2' Tests ###
# Keyset 'Combination' - up to 8 blocks from a set of 8 - 19173960 keys
# Testing collisions   - Expected     0.00, actual        0 ( 0.00x) - passed
ok 97 - Collision Rate for Keyset 'Combination Highbits2'
ok 98 - Distribution Bias Check for Keyset 'Combination Highbits2'
ok 99 - Keyset 'Combination Highbits2' # falkhash
### Keyset 'Combination 0x80000000' Tests ###
# Keyset 'Combination' - up to 20 blocks from a set of 2 - 2097150 keys
# Testing collisions   - Expected     0.00, actual        0 ( 0.00x) - passed
ok 100 - Collision Rate for Keyset 'Combination 0x80000000'
ok 101 - Distribution Bias Check for Keyset 'Combination 0x80000000'
ok 102 - Keyset 'Combination 0x80000000' # falkhash
### Keyset 'Combination 0x00000001' Tests ###
# Keyset 'Combination' - up to 20 blocks from a set of 2 - 2097150 keys
# Testing collisions   - Expected     0.00, actual        0 ( 0.00x) - passed
ok 103 - Collision Rate for Keyset 'Combination 0x00000001'
ok 104 - Distribution Bias Check for Keyset 'Combination 0x00000001'
ok 105 - Keyset 'Combination 0x00000001' # falkhash
### Keyset 'Combination Hi-Lo' Tests ###
# Keyset 'Combination' - up to 6 blocks from a set of 15 - 12204240 keys
# Testing collisions   - Expected     0.00, actual        0 ( 0.00x) - passed
ok 106 - Collision Rate for Keyset 'Combination Hi-Lo'
ok 107 - Distribution Bias Check for Keyset 'Combination Hi-Lo'
ok 108 - Keyset 'Combination Hi-Lo' # falkhash
### Keyset 'Text' Tests ###
# Keyset 'Text' - keys of form "Foo[XXXX]Bar" - 14776336 keys
# Testing collisions   - Expected     0.00, actual        0 ( 0.00x) - passed
ok 109 - Collision Rate for Keyset 'Text' - keys of form "Foo[XXXX]Bar" - 14776336 keys
ok 110 - Distribution Bias Check for Keyset 'Text' - keys of form "Foo[XXXX]Bar" - 14776336 keys
# Keyset 'Text' - keys of form "FooBar[XXXX]" - 14776336 keys
# Testing collisions   - Expected     0.00, actual        0 ( 0.00x) - passed
ok 111 - Collision Rate for Keyset 'Text' - keys of form "FooBar[XXXX]" - 14776336 keys
ok 112 - Distribution Bias Check for Keyset 'Text' - keys of form "FooBar[XXXX]" - 14776336 keys
# Keyset 'Text' - keys of form "[XXXX]FooBar" - 14776336 keys
# Testing collisions   - Expected     0.00, actual        0 ( 0.00x) - passed
ok 113 - Collision Rate for Keyset 'Text' - keys of form "[XXXX]FooBar" - 14776336 keys
ok 114 - Distribution Bias Check for Keyset 'Text' - keys of form "[XXXX]FooBar" - 14776336 keys
ok 115 - Keyset 'Text' # falkhash
### Keyset 'Zeroes' Tests ###
# Keyset 'Zeroes' - 262144 keys
# Testing collisions   - Expected     0.00, actual        0 ( 0.00x) - passed
ok 116 - Collision Rate for Keyset 'Zeroes' - 262144 keys
ok 117 - Distribution Bias Check for Keyset 'Zeroes' - 262144 keys
ok 118 - Keyset 'Zeroes' # falkhash
### Keyset 'Seed' Tests ###
# Keyset 'Seed' - 2000000 seeds, Key "The quick brown fox "...
# Testing collisions   - Expected     0.00, actual        0 ( 0.00x) - passed
ok 119 - Collision Rate for Keyset 'Seed' - 2000000 seeds, Key "The quick brown fox "...
ok 120 - Distribution Bias Check for Keyset 'Seed' - 2000000 seeds, Key "The quick brown fox "...
# Keyset 'Seed' - 2000000 seeds, Key ""
# Testing collisions   - Expected     0.00, actual        0 ( 0.00x) - passed
ok 121 - Collision Rate for Keyset 'Seed' - 2000000 seeds, Key ""
ok 122 - Distribution Bias Check for Keyset 'Seed' - 2000000 seeds, Key ""
# Keyset 'Seed' - 2000000 seeds, Key "00101100110101101"
# Testing collisions   - Expected     0.00, actual        0 ( 0.00x) - passed
ok 123 - Collision Rate for Keyset 'Seed' - 2000000 seeds, Key "00101100110101101"
ok 124 - Distribution Bias Check for Keyset 'Seed' - 2000000 seeds, Key "00101100110101101"
# Keyset 'Seed' - 2000000 seeds, Key "abcbcddbdebdcaaabaaa"...
# Testing collisions   - Expected     0.00, actual        0 ( 0.00x) - passed
ok 125 - Collision Rate for Keyset 'Seed' - 2000000 seeds, Key "abcbcddbdebdcaaabaaa"...
ok 126 - Distribution Bias Check for Keyset 'Seed' - 2000000 seeds, Key "abcbcddbdebdcaaabaaa"...
ok 127 - Keyset 'Seed' # falkhash
### Keyset 'Effs' Tests ###
# Keyset 'Effs' - 262144 keys
# Testing collisions   - Expected     0.00, actual        0 ( 0.00x) - passed
ok 128 - Collision Rate for Keyset 'Effs' - 262144 keys
ok 129 - Distribution Bias Check for Keyset 'Effs' - 262144 keys
ok 130 - Keyset 'Effs' # falkhash
ok 131 - all tests passed # falkhash
1..131
# All Tests Passed. falkhash passed all 131 tests run.
# Testing took 2343.921909 seconds
# This is SMHasher version v1.0-demerphq-28-g87b6939-dirty - built on Mar 13 2017.
