ok 1 - SelfTest - Verify 89 Hashes
ok 2 - Found Hash # FarmHash64
###################################################################
### Testing FarmHash64 - no seed_state
### - Google FarmHash64WithSeed -
### seedbits: 64 statebits: 64 hashbits: 64
###################################################################
### Sanity Tests ###
ok 3 - Verification code # FarmHash64
# Sanity check simple key bit flips and consistency..........
ok 4 - SanityTest # FarmHash64
# Sanity check null suffixes change the hash (simple)..........
ok 5 - Appended Zeroes Test # FarmHash64
ok 6 - Sanity Test # FarmHash64
### Speed Tests ###
## Bulk speed test - 262144-byte keys
# Alignment  7 -  5.127 bytes/cycle - 14667.59 MiB/sec @ 3 ghz
# Alignment  6 -  5.127 bytes/cycle - 14668.84 MiB/sec @ 3 ghz
# Alignment  5 -  5.127 bytes/cycle - 14668.95 MiB/sec @ 3 ghz
# Alignment  4 -  5.126 bytes/cycle - 14666.95 MiB/sec @ 3 ghz
# Alignment  3 -  5.128 bytes/cycle - 14670.48 MiB/sec @ 3 ghz
# Alignment  2 -  5.126 bytes/cycle - 14666.28 MiB/sec @ 3 ghz
# Alignment  1 -  5.126 bytes/cycle - 14666.68 MiB/sec @ 3 ghz
# Alignment  0 -  5.267 bytes/cycle - 15070.01 MiB/sec @ 3 ghz
# Average      -  5.144 bytes/cycle - 14718.22 MiB/sec @ 3 ghz
## KeySpeed tests
# FarmHash64                0 byte keys       17.000 c/h
# FarmHash64                1 byte keys       30.000 c/h       30.000 c/b        0.033 b/c
# FarmHash64                2 byte keys       31.108 c/h       15.554 c/b        0.064 b/c
# FarmHash64                3 byte keys       31.000 c/h       10.333 c/b        0.097 b/c
# FarmHash64                4 byte keys       33.500 c/h        8.375 c/b        0.119 b/c
# FarmHash64                5 byte keys       33.382 c/h        6.676 c/b        0.150 b/c
# FarmHash64                6 byte keys       33.317 c/h        5.553 c/b        0.180 b/c
# FarmHash64                7 byte keys       33.000 c/h        4.714 c/b        0.212 b/c
# FarmHash64                8 byte keys       37.000 c/h        4.625 c/b        0.216 b/c
# FarmHash64                9 byte keys       46.000 c/h        5.111 c/b        0.196 b/c
# FarmHash64               10 byte keys       46.000 c/h        4.600 c/b        0.217 b/c
# FarmHash64               11 byte keys       46.000 c/h        4.182 c/b        0.239 b/c
# FarmHash64               12 byte keys       46.000 c/h        3.833 c/b        0.261 b/c
# FarmHash64               13 byte keys       46.938 c/h        3.611 c/b        0.277 b/c
# FarmHash64               14 byte keys       46.000 c/h        3.286 c/b        0.304 b/c
# FarmHash64               15 byte keys       46.000 c/h        3.067 c/b        0.326 b/c
# FarmHash64               16 byte keys       36.000 c/h        2.250 c/b        0.444 b/c
# FarmHash64               17 byte keys       46.000 c/h        2.706 c/b        0.370 b/c
# FarmHash64               18 byte keys       46.000 c/h        2.556 c/b        0.391 b/c
# FarmHash64               19 byte keys       46.535 c/h        2.449 c/b        0.408 b/c
# FarmHash64               20 byte keys       46.000 c/h        2.300 c/b        0.435 b/c
# FarmHash64               21 byte keys       46.000 c/h        2.190 c/b        0.457 b/c
# FarmHash64               22 byte keys       46.910 c/h        2.132 c/b        0.469 b/c
# FarmHash64               23 byte keys       46.000 c/h        2.000 c/b        0.500 b/c
# FarmHash64               24 byte keys       38.800 c/h        1.617 c/b        0.619 b/c
# FarmHash64               25 byte keys       38.761 c/h        1.550 c/b        0.645 b/c
# FarmHash64               26 byte keys       38.810 c/h        1.493 c/b        0.670 b/c
# FarmHash64               27 byte keys       38.763 c/h        1.436 c/b        0.697 b/c
# FarmHash64               28 byte keys       39.177 c/h        1.399 c/b        0.715 b/c
# FarmHash64               29 byte keys       38.746 c/h        1.336 c/b        0.748 b/c
# FarmHash64               30 byte keys       38.828 c/h        1.294 c/b        0.773 b/c
# FarmHash64               31 byte keys       39.092 c/h        1.261 c/b        0.793 b/c
#                          Average < 32       39.771 c/h        2.566 c/b        0.390 b/c
# FarmHash64               32 byte keys       39.266 c/h        1.227 c/b        0.815 b/c
# FarmHash64               36 byte keys       54.998 c/h        1.528 c/b        0.655 b/c
# FarmHash64               40 byte keys       53.955 c/h        1.349 c/b        0.741 b/c
# FarmHash64               44 byte keys       53.957 c/h        1.226 c/b        0.815 b/c
# FarmHash64               48 byte keys       54.572 c/h        1.137 c/b        0.880 b/c
# FarmHash64               52 byte keys       53.966 c/h        1.038 c/b        0.964 b/c
# FarmHash64               56 byte keys       53.967 c/h        0.964 c/b        1.038 b/c
# FarmHash64               60 byte keys       53.976 c/h        0.900 c/b        1.112 b/c
# FarmHash64               64 byte keys       53.980 c/h        0.843 c/b        1.186 b/c
# FarmHash64               68 byte keys       66.000 c/h        0.971 c/b        1.030 b/c
# FarmHash64               72 byte keys       66.177 c/h        0.919 c/b        1.088 b/c
# FarmHash64               76 byte keys       66.510 c/h        0.875 c/b        1.143 b/c
# FarmHash64               80 byte keys       66.214 c/h        0.828 c/b        1.208 b/c
# FarmHash64               84 byte keys       66.223 c/h        0.788 c/b        1.268 b/c
# FarmHash64               88 byte keys       67.936 c/h        0.772 c/b        1.295 b/c
# FarmHash64               92 byte keys       66.289 c/h        0.721 c/b        1.388 b/c
# FarmHash64               96 byte keys       66.674 c/h        0.695 c/b        1.440 b/c
# FarmHash64              100 byte keys       66.368 c/h        0.664 c/b        1.507 b/c
# FarmHash64              104 byte keys       66.380 c/h        0.638 c/b        1.567 b/c
# FarmHash64              108 byte keys       66.509 c/h        0.616 c/b        1.624 b/c
# FarmHash64              112 byte keys       66.734 c/h        0.596 c/b        1.678 b/c
# FarmHash64              116 byte keys       66.837 c/h        0.576 c/b        1.736 b/c
# FarmHash64              120 byte keys       66.559 c/h        0.555 c/b        1.803 b/c
# FarmHash64              124 byte keys       66.862 c/h        0.539 c/b        1.855 b/c
#                         Average < 128       48.992 c/h        1.159 c/b        0.863 b/c
# FarmHash64              128 byte keys       66.658 c/h        0.521 c/b        1.920 b/c
# FarmHash64              256 byte keys       86.095 c/h        0.336 c/b        2.973 b/c
# FarmHash64              512 byte keys      131.948 c/h        0.258 c/b        3.880 b/c
# FarmHash64             1024 byte keys      229.838 c/h        0.224 c/b        4.455 b/c
# FarmHash64             2048 byte keys      430.883 c/h        0.210 c/b        4.753 b/c
# FarmHash64             4096 byte keys      811.100 c/h        0.198 c/b        5.050 b/c
# FarmHash64             8192 byte keys     1575.914 c/h        0.192 c/b        5.198 b/c
# FarmHash64            16384 byte keys     3089.474 c/h        0.189 c/b        5.303 b/c
# FarmHash64            32768 byte keys     6146.234 c/h        0.188 c/b        5.331 b/c
# FarmHash64            65536 byte keys    12253.504 c/h        0.187 c/b        5.348 b/c
#                       Overall Average      417.655 c/h        0.207 c/b        4.836 b/c
ok 7 - Speed (always passes) # FarmHash64
### Differential Tests ###
# Testing 8303632 up-to-5-bit differentials in 64-bit keys -> 64 bit hashes.
# 1000 reps, 8303632000 total tests, expecting 0.00 random collisions..........
ok 8 - Differential collisions # FarmHash64
ok 9 - Nothing skipped during differential collision check # FarmHash64
# 0 total collisions, of which 0 single collisions were ignored
ok 10 - ProcessDifferentials
# Testing 11017632 up-to-4-bit differentials in 128-bit keys -> 64 bit hashes.
# 1000 reps, 11017632000 total tests, expecting 0.00 random collisions..........
ok 11 - Differential collisions # FarmHash64
ok 12 - Nothing skipped during differential collision check # FarmHash64
# 0 total collisions, of which 0 single collisions were ignored
ok 13 - ProcessDifferentials
# Testing 2796416 up-to-3-bit differentials in 256-bit keys -> 64 bit hashes.
# 1000 reps, 2796416000 total tests, expecting 0.00 random collisions..........
ok 14 - Differential collisions # FarmHash64
ok 15 - Nothing skipped during differential collision check # FarmHash64
# 0 total collisions, of which 0 single collisions were ignored
ok 16 - ProcessDifferentials
ok 17 - Differential # FarmHash64
### Avalanche Tests ### - seed-bits: 64 hash-bits: 64
# Samples 500000, expected error 0.00051200, confidence level 99.99994267%
# Testing   0-bit keys.......... ok.     # worst-bit:   0.515% error-ratio: 9.776446e-01
ok 18 - Strict Avalanche Criteria - 0 bit keys
# Testing   8-bit keys.......... ok.     # worst-bit:   0.521% error-ratio: 1.004340e+00
ok 19 - Strict Avalanche Criteria - 8 bit keys
# Testing  16-bit keys.......... ok.     # worst-bit:   0.610% error-ratio: 1.017695e+00
ok 20 - Strict Avalanche Criteria - 16 bit keys
# Testing  24-bit keys.......... ok.     # worst-bit:   0.539% error-ratio: 9.916427e-01
ok 21 - Strict Avalanche Criteria - 24 bit keys
# Testing  32-bit keys.......... ok.     # worst-bit:   0.503% error-ratio: 1.003880e+00
ok 22 - Strict Avalanche Criteria - 32 bit keys
# Testing  40-bit keys.......... ok.     # worst-bit:   0.544% error-ratio: 9.946553e-01
ok 23 - Strict Avalanche Criteria - 40 bit keys
# Testing  48-bit keys.......... ok.     # worst-bit:   0.650% error-ratio: 9.967819e-01
ok 24 - Strict Avalanche Criteria - 48 bit keys
# Testing  56-bit keys.......... ok.     # worst-bit:   0.607% error-ratio: 1.014917e+00
ok 25 - Strict Avalanche Criteria - 56 bit keys
# Testing  64-bit keys.......... ok.     # worst-bit:   0.573% error-ratio: 1.014077e+00
ok 26 - Strict Avalanche Criteria - 64 bit keys
# Testing  72-bit keys.......... ok.     # worst-bit:   0.496% error-ratio: 1.013379e+00
ok 27 - Strict Avalanche Criteria - 72 bit keys
# Testing  80-bit keys.......... ok.     # worst-bit:   0.547% error-ratio: 9.937860e-01
ok 28 - Strict Avalanche Criteria - 80 bit keys
# Testing  88-bit keys.......... ok.     # worst-bit:   0.540% error-ratio: 9.971308e-01
ok 29 - Strict Avalanche Criteria - 88 bit keys
# Testing  96-bit keys.......... ok.     # worst-bit:   0.660% error-ratio: 1.017431e+00
ok 30 - Strict Avalanche Criteria - 96 bit keys
# Testing 104-bit keys.......... ok.     # worst-bit:   0.544% error-ratio: 9.760659e-01
ok 31 - Strict Avalanche Criteria - 104 bit keys
# Testing 112-bit keys.......... ok.     # worst-bit:   0.651% error-ratio: 1.004294e+00
ok 32 - Strict Avalanche Criteria - 112 bit keys
# Testing 120-bit keys.......... ok.     # worst-bit:   0.576% error-ratio: 1.026347e+00
ok 33 - Strict Avalanche Criteria - 120 bit keys
# Testing 128-bit keys.......... ok.     # worst-bit:   0.550% error-ratio: 9.985128e-01
ok 34 - Strict Avalanche Criteria - 128 bit keys
# Testing 136-bit keys.......... ok.     # worst-bit:   0.569% error-ratio: 1.014911e+00
ok 35 - Strict Avalanche Criteria - 136 bit keys
# Testing 144-bit keys.......... ok.     # worst-bit:   0.540% error-ratio: 1.014949e+00
ok 36 - Strict Avalanche Criteria - 144 bit keys
# Testing 152-bit keys.......... ok.     # worst-bit:   0.545% error-ratio: 1.002761e+00
ok 37 - Strict Avalanche Criteria - 152 bit keys
# Testing 152-bit keys.......... ok.     # worst-bit:   0.654% error-ratio: 9.985729e-01
ok 38 - Strict Avalanche Criteria - 160 bit keys
# Testing 256-bit keys.......... ok.     # worst-bit:   0.690% error-ratio: 1.018934e+00
ok 39 - Strict Avalanche Criteria - 256 bit keys
ok 40 - Strict Avalanche Criteria # FarmHash64
### Keyset 'Cyclic' Tests ###
# Keyset 'Cyclic' - 8 cycles of 8 bytes - 10000000 keys
# Testing collisions   - Expected     0.00, actual        0 ( 0.00x) - passed
ok 41 - Collision Rate for Keyset 'Cyclic' - 8 cycles of 8 bytes - 10000000 keys
ok 42 - Distribution Bias Check for Keyset 'Cyclic' - 8 cycles of 8 bytes - 10000000 keys
# Keyset 'Cyclic' - 8 cycles of 9 bytes - 10000000 keys
# Testing collisions   - Expected     0.00, actual        0 ( 0.00x) - passed
ok 43 - Collision Rate for Keyset 'Cyclic' - 8 cycles of 9 bytes - 10000000 keys
ok 44 - Distribution Bias Check for Keyset 'Cyclic' - 8 cycles of 9 bytes - 10000000 keys
# Keyset 'Cyclic' - 8 cycles of 10 bytes - 10000000 keys
# Testing collisions   - Expected     0.00, actual        0 ( 0.00x) - passed
ok 45 - Collision Rate for Keyset 'Cyclic' - 8 cycles of 10 bytes - 10000000 keys
ok 46 - Distribution Bias Check for Keyset 'Cyclic' - 8 cycles of 10 bytes - 10000000 keys
# Keyset 'Cyclic' - 8 cycles of 11 bytes - 10000000 keys
# Testing collisions   - Expected     0.00, actual        0 ( 0.00x) - passed
ok 47 - Collision Rate for Keyset 'Cyclic' - 8 cycles of 11 bytes - 10000000 keys
ok 48 - Distribution Bias Check for Keyset 'Cyclic' - 8 cycles of 11 bytes - 10000000 keys
# Keyset 'Cyclic' - 8 cycles of 12 bytes - 10000000 keys
# Testing collisions   - Expected     0.00, actual        0 ( 0.00x) - passed
ok 49 - Collision Rate for Keyset 'Cyclic' - 8 cycles of 12 bytes - 10000000 keys
ok 50 - Distribution Bias Check for Keyset 'Cyclic' - 8 cycles of 12 bytes - 10000000 keys
ok 51 - Keyset 'Cyclic' # FarmHash64
### Keyset 'TwoBytes' Tests ###
# Testing collisions   - Expected     0.00, actual        0 ( 0.00x) - passed
ok 52 - Collision Rate for Keyset 'TwoBytes' - up-to-4-byte keys, 652545 total keys
ok 53 - Distribution Bias Check for Keyset 'TwoBytes' - up-to-4-byte keys, 652545 total keys
# Testing collisions   - Expected     0.00, actual        0 ( 0.00x) - passed
ok 54 - Collision Rate for Keyset 'TwoBytes' - up-to-8-byte keys, 5471025 total keys
ok 55 - Distribution Bias Check for Keyset 'TwoBytes' - up-to-8-byte keys, 5471025 total keys
# Testing collisions   - Expected     0.00, actual        0 ( 0.00x) - passed
ok 56 - Collision Rate for Keyset 'TwoBytes' - up-to-12-byte keys, 18616785 total keys
ok 57 - Distribution Bias Check for Keyset 'TwoBytes' - up-to-12-byte keys, 18616785 total keys
# Testing collisions   - Expected     0.00, actual        0 ( 0.00x) - passed
ok 58 - Collision Rate for Keyset 'TwoBytes' - up-to-16-byte keys, 44251425 total keys
ok 59 - Distribution Bias Check for Keyset 'TwoBytes' - up-to-16-byte keys, 44251425 total keys
# Testing collisions   - Expected     0.00, actual        0 ( 0.00x) - passed
ok 60 - Collision Rate for Keyset 'TwoBytes' - up-to-20-byte keys, 86536545 total keys
ok 61 - Distribution Bias Check for Keyset 'TwoBytes' - up-to-20-byte keys, 86536545 total keys
ok 62 - Keyset 'TwoBytes' # FarmHash64
### Keyset 'Sparse' Tests ###
# Keyset 'Sparse' - 32-bit keys with up to 6 bits set - 1149017 keys
# Testing collisions   - Expected     0.00, actual        0 ( 0.00x) - passed
ok 63 - Collision Rate for Keyset 'Sparse' - 32-bit keys with up to 6 bits set
ok 64 - Distribution Bias Check for Keyset 'Sparse' - 32-bit keys with up to 6 bits set
# Keyset 'Sparse' - 40-bit keys with up to 6 bits set - 4598479 keys
# Testing collisions   - Expected     0.00, actual        0 ( 0.00x) - passed
ok 65 - Collision Rate for Keyset 'Sparse' - 40-bit keys with up to 6 bits set
ok 66 - Distribution Bias Check for Keyset 'Sparse' - 40-bit keys with up to 6 bits set
# Keyset 'Sparse' - 48-bit keys with up to 5 bits set - 1925357 keys
# Testing collisions   - Expected     0.00, actual        0 ( 0.00x) - passed
ok 67 - Collision Rate for Keyset 'Sparse' - 48-bit keys with up to 5 bits set
ok 68 - Distribution Bias Check for Keyset 'Sparse' - 48-bit keys with up to 5 bits set
# Keyset 'Sparse' - 56-bit keys with up to 5 bits set - 4216423 keys
# Testing collisions   - Expected     0.00, actual        0 ( 0.00x) - passed
ok 69 - Collision Rate for Keyset 'Sparse' - 56-bit keys with up to 5 bits set
ok 70 - Distribution Bias Check for Keyset 'Sparse' - 56-bit keys with up to 5 bits set
# Keyset 'Sparse' - 64-bit keys with up to 5 bits set - 8303633 keys
# Testing collisions   - Expected     0.00, actual        0 ( 0.00x) - passed
ok 71 - Collision Rate for Keyset 'Sparse' - 64-bit keys with up to 5 bits set
ok 72 - Distribution Bias Check for Keyset 'Sparse' - 64-bit keys with up to 5 bits set
# Keyset 'Sparse' - 96-bit keys with up to 4 bits set - 3469497 keys
# Testing collisions   - Expected     0.00, actual        0 ( 0.00x) - passed
ok 73 - Collision Rate for Keyset 'Sparse' - 96-bit keys with up to 4 bits set
ok 74 - Distribution Bias Check for Keyset 'Sparse' - 96-bit keys with up to 4 bits set
# Keyset 'Sparse' - 256-bit keys with up to 3 bits set - 2796417 keys
# Testing collisions   - Expected     0.00, actual        0 ( 0.00x) - passed
ok 75 - Collision Rate for Keyset 'Sparse' - 256-bit keys with up to 3 bits set
ok 76 - Distribution Bias Check for Keyset 'Sparse' - 256-bit keys with up to 3 bits set
# Keyset 'Sparse' - 2048-bit keys with up to 2 bits set - 2098177 keys
# Testing collisions   - Expected     0.00, actual        0 ( 0.00x) - passed
ok 77 - Collision Rate for Keyset 'Sparse' - 2048-bit keys with up to 2 bits set
ok 78 - Distribution Bias Check for Keyset 'Sparse' - 2048-bit keys with up to 2 bits set
ok 79 - Keyset 'Sparse' # FarmHash64
# Keyset 'CRC-MultiCollision' - 1048575 x 16 block keys - 128-bytes long - 10 seeds
# Testing collisions   - Expected     0.00, actual        0 ( 0.00x) - passed
ok 80 - Collision Rate for Keyset 'CRC-MultiCollision' - seed 1 # FarmHash64
# Testing collisions   - Expected     0.00, actual        0 ( 0.00x) - passed
ok 81 - Collision Rate for Keyset 'CRC-MultiCollision' - seed 2 # FarmHash64
# Testing collisions   - Expected     0.00, actual        0 ( 0.00x) - passed
ok 82 - Collision Rate for Keyset 'CRC-MultiCollision' - seed 3 # FarmHash64
# Testing collisions   - Expected     0.00, actual        0 ( 0.00x) - passed
ok 83 - Collision Rate for Keyset 'CRC-MultiCollision' - seed 4 # FarmHash64
# Testing collisions   - Expected     0.00, actual        0 ( 0.00x) - passed
ok 84 - Collision Rate for Keyset 'CRC-MultiCollision' - seed 5 # FarmHash64
# Testing collisions   - Expected     0.00, actual        0 ( 0.00x) - passed
ok 85 - Collision Rate for Keyset 'CRC-MultiCollision' - seed 6 # FarmHash64
# Testing collisions   - Expected     0.00, actual        0 ( 0.00x) - passed
ok 86 - Collision Rate for Keyset 'CRC-MultiCollision' - seed 7 # FarmHash64
# Testing collisions   - Expected     0.00, actual        0 ( 0.00x) - passed
ok 87 - Collision Rate for Keyset 'CRC-MultiCollision' - seed 8 # FarmHash64
# Testing collisions   - Expected     0.00, actual        0 ( 0.00x) - passed
ok 88 - Collision Rate for Keyset 'CRC-MultiCollision' - seed 9 # FarmHash64
# Testing collisions   - Expected     0.00, actual        0 ( 0.00x) - passed
ok 89 - Collision Rate for Keyset 'CRC-MultiCollision' - seed 10 # FarmHash64
### Keyset 'Combination Lowbits' Tests ###
# Keyset 'Combination' - up to 8 blocks from a set of 8 - 19173960 keys
# Testing collisions   - Expected     0.00, actual        0 ( 0.00x) - passed
ok 90 - Collision Rate for Keyset 'Combination Lowbits'
ok 91 - Distribution Bias Check for Keyset 'Combination Lowbits'
ok 92 - Keyset 'Combination Lowbits' # FarmHash64
### Keyset 'Combination Highbits' Tests ###
# Keyset 'Combination' - up to 8 blocks from a set of 8 - 19173960 keys
# Testing collisions   - Expected     0.00, actual        0 ( 0.00x) - passed
ok 93 - Collision Rate for Keyset 'Combination Highbits'
ok 94 - Distribution Bias Check for Keyset 'Combination Highbits'
ok 95 - Keyset 'Combination Highbits' # FarmHash64
### Keyset 'Combination Highbits2' Tests ###
# Keyset 'Combination' - up to 8 blocks from a set of 8 - 19173960 keys
# Testing collisions   - Expected     0.00, actual        0 ( 0.00x) - passed
ok 96 - Collision Rate for Keyset 'Combination Highbits2'
ok 97 - Distribution Bias Check for Keyset 'Combination Highbits2'
ok 98 - Keyset 'Combination Highbits2' # FarmHash64
### Keyset 'Combination 0x80000000' Tests ###
# Keyset 'Combination' - up to 20 blocks from a set of 2 - 2097150 keys
# Testing collisions   - Expected     0.00, actual        0 ( 0.00x) - passed
ok 99 - Collision Rate for Keyset 'Combination 0x80000000'
ok 100 - Distribution Bias Check for Keyset 'Combination 0x80000000'
ok 101 - Keyset 'Combination 0x80000000' # FarmHash64
### Keyset 'Combination 0x00000001' Tests ###
# Keyset 'Combination' - up to 20 blocks from a set of 2 - 2097150 keys
# Testing collisions   - Expected     0.00, actual        0 ( 0.00x) - passed
ok 102 - Collision Rate for Keyset 'Combination 0x00000001'
ok 103 - Distribution Bias Check for Keyset 'Combination 0x00000001'
ok 104 - Keyset 'Combination 0x00000001' # FarmHash64
### Keyset 'Combination Hi-Lo' Tests ###
# Keyset 'Combination' - up to 6 blocks from a set of 15 - 12204240 keys
# Testing collisions   - Expected     0.00, actual        0 ( 0.00x) - passed
ok 105 - Collision Rate for Keyset 'Combination Hi-Lo'
ok 106 - Distribution Bias Check for Keyset 'Combination Hi-Lo'
ok 107 - Keyset 'Combination Hi-Lo' # FarmHash64
### Keyset 'Text' Tests ###
# Keyset 'Text' - keys of form "Foo[XXXX]Bar" - 14776336 keys
# Testing collisions   - Expected     0.00, actual        0 ( 0.00x) - passed
ok 108 - Collision Rate for Keyset 'Text' - keys of form "Foo[XXXX]Bar" - 14776336 keys
ok 109 - Distribution Bias Check for Keyset 'Text' - keys of form "Foo[XXXX]Bar" - 14776336 keys
# Keyset 'Text' - keys of form "FooBar[XXXX]" - 14776336 keys
# Testing collisions   - Expected     0.00, actual        0 ( 0.00x) - passed
ok 110 - Collision Rate for Keyset 'Text' - keys of form "FooBar[XXXX]" - 14776336 keys
ok 111 - Distribution Bias Check for Keyset 'Text' - keys of form "FooBar[XXXX]" - 14776336 keys
# Keyset 'Text' - keys of form "[XXXX]FooBar" - 14776336 keys
# Testing collisions   - Expected     0.00, actual        0 ( 0.00x) - passed
ok 112 - Collision Rate for Keyset 'Text' - keys of form "[XXXX]FooBar" - 14776336 keys
ok 113 - Distribution Bias Check for Keyset 'Text' - keys of form "[XXXX]FooBar" - 14776336 keys
ok 114 - Keyset 'Text' # FarmHash64
### Keyset 'Zeroes' Tests ###
# Keyset 'Zeroes' - 262144 keys
# Testing collisions   - Expected     0.00, actual        0 ( 0.00x) - passed
ok 115 - Collision Rate for Keyset 'Zeroes' - 262144 keys
ok 116 - Distribution Bias Check for Keyset 'Zeroes' - 262144 keys
ok 117 - Keyset 'Zeroes' # FarmHash64
### Keyset 'Seed' Tests ###
# Keyset 'Seed' - 2000000 seeds, Key "The quick brown fox "...
# Testing collisions   - Expected     0.00, actual        0 ( 0.00x) - passed
ok 118 - Collision Rate for Keyset 'Seed' - 2000000 seeds, Key "The quick brown fox "...
ok 119 - Distribution Bias Check for Keyset 'Seed' - 2000000 seeds, Key "The quick brown fox "...
# Keyset 'Seed' - 2000000 seeds, Key ""
# Testing collisions   - Expected     0.00, actual        0 ( 0.00x) - passed
ok 120 - Collision Rate for Keyset 'Seed' - 2000000 seeds, Key ""
ok 121 - Distribution Bias Check for Keyset 'Seed' - 2000000 seeds, Key ""
# Keyset 'Seed' - 2000000 seeds, Key "00101100110101101"
# Testing collisions   - Expected     0.00, actual        0 ( 0.00x) - passed
ok 122 - Collision Rate for Keyset 'Seed' - 2000000 seeds, Key "00101100110101101"
ok 123 - Distribution Bias Check for Keyset 'Seed' - 2000000 seeds, Key "00101100110101101"
# Keyset 'Seed' - 2000000 seeds, Key "abcbcddbdebdcaaabaaa"...
# Testing collisions   - Expected     0.00, actual        0 ( 0.00x) - passed
ok 124 - Collision Rate for Keyset 'Seed' - 2000000 seeds, Key "abcbcddbdebdcaaabaaa"...
ok 125 - Distribution Bias Check for Keyset 'Seed' - 2000000 seeds, Key "abcbcddbdebdcaaabaaa"...
ok 126 - Keyset 'Seed' # FarmHash64
### Keyset 'Effs' Tests ###
# Keyset 'Effs' - 262144 keys
# Testing collisions   - Expected     0.00, actual        0 ( 0.00x) - passed
ok 127 - Collision Rate for Keyset 'Effs' - 262144 keys
ok 128 - Distribution Bias Check for Keyset 'Effs' - 262144 keys
ok 129 - Keyset 'Effs' # FarmHash64
ok 130 - all tests passed # FarmHash64
1..130
# All Tests Passed. FarmHash64 passed all 130 tests run.
# Testing took 1838.475542 seconds
# This is SMHasher version v1.0-demerphq-5-g86440f3 - built on Mar 10 2017.
