ok 1 - Found Hash # farmhash128_c
###################################################################
### Testing farmhash128_c - no seed_state
### - farmhash128_with_seed (C99) -
### seedbits: 128 statebits: 128 hashbits: 128
###################################################################
### Sanity Tests ###
ok 2 - Verification code # farmhash128_c
# farmhash128_c        - Verification value 0x2F80D32B : Passed.
# Sanity check simple key bit flips and consistency..........
ok 3 - SanityTest # farmhash128_c
# Sanity check null suffixes change the hash (simple)..........
ok 4 - Appended Zeroes Test # farmhash128_c
ok 5 - Sanity Test # farmhash128_c
### Speed Tests ###
## Bulk speed test - 262144-byte keys
# Alignment  7 -  5.104 bytes/cycle - 14602.15 MiB/sec @ 3 ghz
# Alignment  6 -  5.077 bytes/cycle - 14524.01 MiB/sec @ 3 ghz
# Alignment  5 -  5.059 bytes/cycle - 14475.28 MiB/sec @ 3 ghz
# Alignment  4 -  5.057 bytes/cycle - 14469.51 MiB/sec @ 3 ghz
# Alignment  3 -  5.082 bytes/cycle - 14539.50 MiB/sec @ 3 ghz
# Alignment  2 -  5.099 bytes/cycle - 14588.66 MiB/sec @ 3 ghz
# Alignment  1 -  5.082 bytes/cycle - 14540.10 MiB/sec @ 3 ghz
# Alignment  0 -  5.176 bytes/cycle - 14809.48 MiB/sec @ 3 ghz
# Average      -  5.092 bytes/cycle - 14568.59 MiB/sec @ 3 ghz
## KeySpeed tests
# farmhash128_c             0 byte keys       50.433 c/h
# farmhash128_c             1 byte keys       63.999 c/h       63.999 c/b        0.016 b/c
# farmhash128_c             2 byte keys       63.999 c/h       31.999 c/b        0.031 b/c
# farmhash128_c             3 byte keys       63.999 c/h       21.333 c/b        0.047 b/c
# farmhash128_c             4 byte keys       66.980 c/h       16.745 c/b        0.060 b/c
# farmhash128_c             5 byte keys       68.272 c/h       13.654 c/b        0.073 b/c
# farmhash128_c             6 byte keys       66.983 c/h       11.164 c/b        0.090 b/c
# farmhash128_c             7 byte keys       67.735 c/h        9.676 c/b        0.103 b/c
# farmhash128_c             8 byte keys       68.996 c/h        8.625 c/b        0.116 b/c
# farmhash128_c             9 byte keys       74.916 c/h        8.324 c/b        0.120 b/c
# farmhash128_c            10 byte keys       75.805 c/h        7.581 c/b        0.132 b/c
# farmhash128_c            11 byte keys       74.920 c/h        6.811 c/b        0.147 b/c
# farmhash128_c            12 byte keys       74.925 c/h        6.244 c/b        0.160 b/c
# farmhash128_c            13 byte keys       74.923 c/h        5.763 c/b        0.174 b/c
# farmhash128_c            14 byte keys       74.928 c/h        5.352 c/b        0.187 b/c
# farmhash128_c            15 byte keys       74.921 c/h        4.995 c/b        0.200 b/c
# farmhash128_c            16 byte keys       68.997 c/h        4.312 c/b        0.232 b/c
# farmhash128_c            17 byte keys       89.000 c/h        5.235 c/b        0.191 b/c
# farmhash128_c            18 byte keys       89.293 c/h        4.961 c/b        0.202 b/c
# farmhash128_c            19 byte keys       89.000 c/h        4.684 c/b        0.213 b/c
# farmhash128_c            20 byte keys       90.070 c/h        4.504 c/b        0.222 b/c
# farmhash128_c            21 byte keys       89.000 c/h        4.238 c/b        0.236 b/c
# farmhash128_c            22 byte keys       89.000 c/h        4.045 c/b        0.247 b/c
# farmhash128_c            23 byte keys       90.066 c/h        3.916 c/b        0.255 b/c
# farmhash128_c            24 byte keys       84.714 c/h        3.530 c/b        0.283 b/c
# farmhash128_c            25 byte keys       83.649 c/h        3.346 c/b        0.299 b/c
# farmhash128_c            26 byte keys       83.659 c/h        3.218 c/b        0.311 b/c
# farmhash128_c            27 byte keys       83.660 c/h        3.099 c/b        0.323 b/c
# farmhash128_c            28 byte keys       83.661 c/h        2.988 c/b        0.335 b/c
# farmhash128_c            29 byte keys       84.371 c/h        2.909 c/b        0.344 b/c
# farmhash128_c            30 byte keys       83.664 c/h        2.789 c/b        0.359 b/c
# farmhash128_c            31 byte keys       83.669 c/h        2.699 c/b        0.371 b/c
#                          Average < 32       77.256 c/h        4.984 c/b        0.201 b/c
# farmhash128_c            32 byte keys       83.671 c/h        2.615 c/b        0.382 b/c
# farmhash128_c            36 byte keys       88.738 c/h        2.465 c/b        0.406 b/c
# farmhash128_c            40 byte keys       88.746 c/h        2.219 c/b        0.451 b/c
# farmhash128_c            44 byte keys       88.742 c/h        2.017 c/b        0.496 b/c
# farmhash128_c            48 byte keys       89.892 c/h        1.873 c/b        0.534 b/c
# farmhash128_c            52 byte keys       92.870 c/h        1.786 c/b        0.560 b/c
# farmhash128_c            56 byte keys       92.537 c/h        1.652 c/b        0.605 b/c
# farmhash128_c            60 byte keys       92.543 c/h        1.542 c/b        0.648 b/c
# farmhash128_c            64 byte keys       92.553 c/h        1.446 c/b        0.691 b/c
# farmhash128_c            68 byte keys      102.399 c/h        1.506 c/b        0.664 b/c
# farmhash128_c            72 byte keys       96.879 c/h        1.346 c/b        0.743 b/c
# farmhash128_c            76 byte keys       96.001 c/h        1.263 c/b        0.792 b/c
# farmhash128_c            80 byte keys       96.026 c/h        1.200 c/b        0.833 b/c
# farmhash128_c            84 byte keys      101.630 c/h        1.210 c/b        0.827 b/c
# farmhash128_c            88 byte keys      100.042 c/h        1.137 c/b        0.880 b/c
# farmhash128_c            92 byte keys      100.059 c/h        1.088 c/b        0.919 b/c
# farmhash128_c            96 byte keys      100.074 c/h        1.042 c/b        0.959 b/c
# farmhash128_c           100 byte keys      103.905 c/h        1.039 c/b        0.962 b/c
# farmhash128_c           104 byte keys      103.920 c/h        0.999 c/b        1.001 b/c
# farmhash128_c           108 byte keys      103.933 c/h        0.962 c/b        1.039 b/c
# farmhash128_c           112 byte keys      105.536 c/h        0.942 c/b        1.061 b/c
# farmhash128_c           116 byte keys      108.155 c/h        0.932 c/b        1.073 b/c
# farmhash128_c           120 byte keys      107.687 c/h        0.897 c/b        1.114 b/c
# farmhash128_c           124 byte keys      107.698 c/h        0.869 c/b        1.151 b/c
#                         Average < 128       86.008 c/h        2.034 c/b        0.492 b/c
# farmhash128_c           128 byte keys       92.939 c/h        0.726 c/b        1.377 b/c
# farmhash128_c           256 byte keys      127.310 c/h        0.497 c/b        2.011 b/c
# farmhash128_c           512 byte keys      176.039 c/h        0.344 c/b        2.908 b/c
# farmhash128_c          1024 byte keys      273.102 c/h        0.267 c/b        3.750 b/c
# farmhash128_c          2048 byte keys      467.548 c/h        0.228 c/b        4.380 b/c
# farmhash128_c          4096 byte keys      856.024 c/h        0.209 c/b        4.785 b/c
# farmhash128_c          8192 byte keys     1736.502 c/h        0.212 c/b        4.718 b/c
# farmhash128_c         16384 byte keys     3223.935 c/h        0.197 c/b        5.082 b/c
# farmhash128_c         32768 byte keys     6328.456 c/h        0.193 c/b        5.178 b/c
# farmhash128_c         65536 byte keys    12510.151 c/h        0.191 c/b        5.239 b/c
#                       Overall Average      463.764 c/h        0.230 c/b        4.355 b/c
ok 6 - Speed (always passes) # farmhash128_c
### Differential Tests ###
# Testing 8303632 up-to-5-bit differentials in 64-bit keys -> 128 bit hashes.
# 1000 reps, 8303632000 total tests, expecting 0.00 random collisions..........
ok 7 - Differential collisions # farmhash128_c
ok 8 - Nothing skipped during differential collision check # farmhash128_c
# 0 total collisions, of which 0 single collisions were ignored
ok 9 - ProcessDifferentials
# Testing 11017632 up-to-4-bit differentials in 128-bit keys -> 128 bit hashes.
# 1000 reps, 11017632000 total tests, expecting 0.00 random collisions..........
ok 10 - Differential collisions # farmhash128_c
ok 11 - Nothing skipped during differential collision check # farmhash128_c
# 0 total collisions, of which 0 single collisions were ignored
ok 12 - ProcessDifferentials
# Testing 2796416 up-to-3-bit differentials in 256-bit keys -> 128 bit hashes.
# 1000 reps, 2796416000 total tests, expecting 0.00 random collisions..........
ok 13 - Differential collisions # farmhash128_c
ok 14 - Nothing skipped during differential collision check # farmhash128_c
# 0 total collisions, of which 0 single collisions were ignored
ok 15 - ProcessDifferentials
ok 16 - Differential # farmhash128_c
### Avalanche Tests ### - seed-bits: 128 hash-bits: 128
# Samples 250000, expected error 0.00102400, confidence level 99.99994267%
# Testing   0-bit keys.......... ok.     # worst-bit:   0.810% error-ratio: 9.950893e-01
ok 17 - Strict Avalanche Criteria - 0 bit keys
# Testing   8-bit keys.......... ok.     # worst-bit:   0.861% error-ratio: 1.006755e+00
ok 18 - Strict Avalanche Criteria - 8 bit keys
# Testing  16-bit keys.......... ok.     # worst-bit:   0.837% error-ratio: 1.008267e+00
ok 19 - Strict Avalanche Criteria - 16 bit keys
# Testing  24-bit keys.......... ok.     # worst-bit:   0.904% error-ratio: 9.970674e-01
ok 20 - Strict Avalanche Criteria - 24 bit keys
# Testing  32-bit keys.......... ok.     # worst-bit:   0.865% error-ratio: 9.924613e-01
ok 21 - Strict Avalanche Criteria - 32 bit keys
# Testing  40-bit keys.......... ok.     # worst-bit:   0.842% error-ratio: 9.985154e-01
ok 22 - Strict Avalanche Criteria - 40 bit keys
# Testing  48-bit keys.......... ok.     # worst-bit:   0.857% error-ratio: 1.002853e+00
ok 23 - Strict Avalanche Criteria - 48 bit keys
# Testing  56-bit keys.......... ok.     # worst-bit:   0.928% error-ratio: 1.004775e+00
ok 24 - Strict Avalanche Criteria - 56 bit keys
# Testing  64-bit keys.......... ok.     # worst-bit:   0.898% error-ratio: 1.000788e+00
ok 25 - Strict Avalanche Criteria - 64 bit keys
# Testing  72-bit keys.......... ok.     # worst-bit:   0.775% error-ratio: 1.002630e+00
ok 26 - Strict Avalanche Criteria - 72 bit keys
# Testing  80-bit keys.......... ok.     # worst-bit:   0.835% error-ratio: 1.009511e+00
ok 27 - Strict Avalanche Criteria - 80 bit keys
# Testing  88-bit keys.......... ok.     # worst-bit:   0.842% error-ratio: 9.917830e-01
ok 28 - Strict Avalanche Criteria - 88 bit keys
# Testing  96-bit keys.......... ok.     # worst-bit:   0.821% error-ratio: 9.966132e-01
ok 29 - Strict Avalanche Criteria - 96 bit keys
# Testing 104-bit keys.......... ok.     # worst-bit:   0.763% error-ratio: 9.972929e-01
ok 30 - Strict Avalanche Criteria - 104 bit keys
# Testing 112-bit keys.......... ok.     # worst-bit:   0.799% error-ratio: 9.934918e-01
ok 31 - Strict Avalanche Criteria - 112 bit keys
# Testing 120-bit keys.......... ok.     # worst-bit:   0.842% error-ratio: 1.007437e+00
ok 32 - Strict Avalanche Criteria - 120 bit keys
# Testing 128-bit keys.......... ok.     # worst-bit:   0.858% error-ratio: 1.004640e+00
ok 33 - Strict Avalanche Criteria - 128 bit keys
# Testing 136-bit keys.......... ok.     # worst-bit:   0.836% error-ratio: 1.010516e+00
ok 34 - Strict Avalanche Criteria - 136 bit keys
# Testing 144-bit keys.......... ok.     # worst-bit:   0.807% error-ratio: 9.906574e-01
ok 35 - Strict Avalanche Criteria - 144 bit keys
# Testing 152-bit keys.......... ok.     # worst-bit:   0.822% error-ratio: 1.005151e+00
ok 36 - Strict Avalanche Criteria - 152 bit keys
# Testing 152-bit keys.......... ok.     # worst-bit:   0.843% error-ratio: 1.016544e+00
ok 37 - Strict Avalanche Criteria - 160 bit keys
# Testing 256-bit keys.......... ok.     # worst-bit:   0.858% error-ratio: 1.009683e+00
ok 38 - Strict Avalanche Criteria - 256 bit keys
ok 39 - Strict Avalanche Criteria # farmhash128_c
### Keyset 'Cyclic' Tests ###
# Keyset 'Cyclic' - 8 cycles of 16 bytes - 10000000 keys
# Testing collisions   - Expected     0.00, actual        0 ( 0.00x) - passed
ok 40 - Collision Rate for Keyset 'Cyclic' - 8 cycles of 16 bytes - 10000000 keys
ok 41 - Distribution Bias Check for Keyset 'Cyclic' - 8 cycles of 16 bytes - 10000000 keys
# Keyset 'Cyclic' - 8 cycles of 17 bytes - 10000000 keys
# Testing collisions   - Expected     0.00, actual        0 ( 0.00x) - passed
ok 42 - Collision Rate for Keyset 'Cyclic' - 8 cycles of 17 bytes - 10000000 keys
ok 43 - Distribution Bias Check for Keyset 'Cyclic' - 8 cycles of 17 bytes - 10000000 keys
# Keyset 'Cyclic' - 8 cycles of 18 bytes - 10000000 keys
# Testing collisions   - Expected     0.00, actual        0 ( 0.00x) - passed
ok 44 - Collision Rate for Keyset 'Cyclic' - 8 cycles of 18 bytes - 10000000 keys
ok 45 - Distribution Bias Check for Keyset 'Cyclic' - 8 cycles of 18 bytes - 10000000 keys
# Keyset 'Cyclic' - 8 cycles of 19 bytes - 10000000 keys
# Testing collisions   - Expected     0.00, actual        0 ( 0.00x) - passed
ok 46 - Collision Rate for Keyset 'Cyclic' - 8 cycles of 19 bytes - 10000000 keys
ok 47 - Distribution Bias Check for Keyset 'Cyclic' - 8 cycles of 19 bytes - 10000000 keys
# Keyset 'Cyclic' - 8 cycles of 20 bytes - 10000000 keys
# Testing collisions   - Expected     0.00, actual        0 ( 0.00x) - passed
ok 48 - Collision Rate for Keyset 'Cyclic' - 8 cycles of 20 bytes - 10000000 keys
ok 49 - Distribution Bias Check for Keyset 'Cyclic' - 8 cycles of 20 bytes - 10000000 keys
ok 50 - Keyset 'Cyclic' # farmhash128_c
### Keyset 'TwoBytes' Tests ###
# Testing collisions   - Expected     0.00, actual        0 ( 0.00x) - passed
ok 51 - Collision Rate for Keyset 'TwoBytes' - up-to-4-byte keys, 652545 total keys
ok 52 - Distribution Bias Check for Keyset 'TwoBytes' - up-to-4-byte keys, 652545 total keys
# Testing collisions   - Expected     0.00, actual        0 ( 0.00x) - passed
ok 53 - Collision Rate for Keyset 'TwoBytes' - up-to-8-byte keys, 5471025 total keys
ok 54 - Distribution Bias Check for Keyset 'TwoBytes' - up-to-8-byte keys, 5471025 total keys
# Testing collisions   - Expected     0.00, actual        0 ( 0.00x) - passed
ok 55 - Collision Rate for Keyset 'TwoBytes' - up-to-12-byte keys, 18616785 total keys
ok 56 - Distribution Bias Check for Keyset 'TwoBytes' - up-to-12-byte keys, 18616785 total keys
# Testing collisions   - Expected     0.00, actual        0 ( 0.00x) - passed
ok 57 - Collision Rate for Keyset 'TwoBytes' - up-to-16-byte keys, 44251425 total keys
ok 58 - Distribution Bias Check for Keyset 'TwoBytes' - up-to-16-byte keys, 44251425 total keys
# Testing collisions   - Expected     0.00, actual        0 ( 0.00x) - passed
ok 59 - Collision Rate for Keyset 'TwoBytes' - up-to-20-byte keys, 86536545 total keys
ok 60 - Distribution Bias Check for Keyset 'TwoBytes' - up-to-20-byte keys, 86536545 total keys
ok 61 - Keyset 'TwoBytes' # farmhash128_c
### Keyset 'Sparse' Tests ###
# Keyset 'Sparse' - 32-bit keys with up to 6 bits set - 1149017 keys
# Testing collisions   - Expected     0.00, actual        0 ( 0.00x) - passed
ok 62 - Collision Rate for Keyset 'Sparse' - 32-bit keys with up to 6 bits set
ok 63 - Distribution Bias Check for Keyset 'Sparse' - 32-bit keys with up to 6 bits set
# Keyset 'Sparse' - 40-bit keys with up to 6 bits set - 4598479 keys
# Testing collisions   - Expected     0.00, actual        0 ( 0.00x) - passed
ok 64 - Collision Rate for Keyset 'Sparse' - 40-bit keys with up to 6 bits set
ok 65 - Distribution Bias Check for Keyset 'Sparse' - 40-bit keys with up to 6 bits set
# Keyset 'Sparse' - 48-bit keys with up to 5 bits set - 1925357 keys
# Testing collisions   - Expected     0.00, actual        0 ( 0.00x) - passed
ok 66 - Collision Rate for Keyset 'Sparse' - 48-bit keys with up to 5 bits set
ok 67 - Distribution Bias Check for Keyset 'Sparse' - 48-bit keys with up to 5 bits set
# Keyset 'Sparse' - 56-bit keys with up to 5 bits set - 4216423 keys
# Testing collisions   - Expected     0.00, actual        0 ( 0.00x) - passed
ok 68 - Collision Rate for Keyset 'Sparse' - 56-bit keys with up to 5 bits set
ok 69 - Distribution Bias Check for Keyset 'Sparse' - 56-bit keys with up to 5 bits set
# Keyset 'Sparse' - 64-bit keys with up to 5 bits set - 8303633 keys
# Testing collisions   - Expected     0.00, actual        0 ( 0.00x) - passed
ok 70 - Collision Rate for Keyset 'Sparse' - 64-bit keys with up to 5 bits set
ok 71 - Distribution Bias Check for Keyset 'Sparse' - 64-bit keys with up to 5 bits set
# Keyset 'Sparse' - 96-bit keys with up to 4 bits set - 3469497 keys
# Testing collisions   - Expected     0.00, actual        0 ( 0.00x) - passed
ok 72 - Collision Rate for Keyset 'Sparse' - 96-bit keys with up to 4 bits set
ok 73 - Distribution Bias Check for Keyset 'Sparse' - 96-bit keys with up to 4 bits set
# Keyset 'Sparse' - 256-bit keys with up to 3 bits set - 2796417 keys
# Testing collisions   - Expected     0.00, actual        0 ( 0.00x) - passed
ok 74 - Collision Rate for Keyset 'Sparse' - 256-bit keys with up to 3 bits set
ok 75 - Distribution Bias Check for Keyset 'Sparse' - 256-bit keys with up to 3 bits set
# Keyset 'Sparse' - 2048-bit keys with up to 2 bits set - 2098177 keys
# Testing collisions   - Expected     0.00, actual        0 ( 0.00x) - passed
ok 76 - Collision Rate for Keyset 'Sparse' - 2048-bit keys with up to 2 bits set
ok 77 - Distribution Bias Check for Keyset 'Sparse' - 2048-bit keys with up to 2 bits set
ok 78 - Keyset 'Sparse' # farmhash128_c
# Keyset 'CRC-MultiCollision' - 1048575 x 16 block keys - 128-bytes long - 10 seeds
# Testing collisions   - Expected     0.00, actual        0 ( 0.00x) - passed
ok 79 - Collision Rate for Keyset 'CRC-MultiCollision' - seed 1 # farmhash128_c
# Testing collisions   - Expected     0.00, actual        0 ( 0.00x) - passed
ok 80 - Collision Rate for Keyset 'CRC-MultiCollision' - seed 2 # farmhash128_c
# Testing collisions   - Expected     0.00, actual        0 ( 0.00x) - passed
ok 81 - Collision Rate for Keyset 'CRC-MultiCollision' - seed 3 # farmhash128_c
# Testing collisions   - Expected     0.00, actual        0 ( 0.00x) - passed
ok 82 - Collision Rate for Keyset 'CRC-MultiCollision' - seed 4 # farmhash128_c
# Testing collisions   - Expected     0.00, actual        0 ( 0.00x) - passed
ok 83 - Collision Rate for Keyset 'CRC-MultiCollision' - seed 5 # farmhash128_c
# Testing collisions   - Expected     0.00, actual        0 ( 0.00x) - passed
ok 84 - Collision Rate for Keyset 'CRC-MultiCollision' - seed 6 # farmhash128_c
# Testing collisions   - Expected     0.00, actual        0 ( 0.00x) - passed
ok 85 - Collision Rate for Keyset 'CRC-MultiCollision' - seed 7 # farmhash128_c
# Testing collisions   - Expected     0.00, actual        0 ( 0.00x) - passed
ok 86 - Collision Rate for Keyset 'CRC-MultiCollision' - seed 8 # farmhash128_c
# Testing collisions   - Expected     0.00, actual        0 ( 0.00x) - passed
ok 87 - Collision Rate for Keyset 'CRC-MultiCollision' - seed 9 # farmhash128_c
# Testing collisions   - Expected     0.00, actual        0 ( 0.00x) - passed
ok 88 - Collision Rate for Keyset 'CRC-MultiCollision' - seed 10 # farmhash128_c
### Keyset 'Combination Lowbits' Tests ###
# Keyset 'Combination' - up to 8 blocks from a set of 8 - 19173960 keys
# Testing collisions   - Expected     0.00, actual        0 ( 0.00x) - passed
ok 89 - Collision Rate for Keyset 'Combination Lowbits'
ok 90 - Distribution Bias Check for Keyset 'Combination Lowbits'
ok 91 - Keyset 'Combination Lowbits' # farmhash128_c
### Keyset 'Combination Highbits' Tests ###
# Keyset 'Combination' - up to 8 blocks from a set of 8 - 19173960 keys
# Testing collisions   - Expected     0.00, actual        0 ( 0.00x) - passed
ok 92 - Collision Rate for Keyset 'Combination Highbits'
ok 93 - Distribution Bias Check for Keyset 'Combination Highbits'
ok 94 - Keyset 'Combination Highbits' # farmhash128_c
### Keyset 'Combination Highbits2' Tests ###
# Keyset 'Combination' - up to 8 blocks from a set of 8 - 19173960 keys
# Testing collisions   - Expected     0.00, actual        0 ( 0.00x) - passed
ok 95 - Collision Rate for Keyset 'Combination Highbits2'
ok 96 - Distribution Bias Check for Keyset 'Combination Highbits2'
ok 97 - Keyset 'Combination Highbits2' # farmhash128_c
### Keyset 'Combination 0x80000000' Tests ###
# Keyset 'Combination' - up to 20 blocks from a set of 2 - 2097150 keys
# Testing collisions   - Expected     0.00, actual        0 ( 0.00x) - passed
ok 98 - Collision Rate for Keyset 'Combination 0x80000000'
ok 99 - Distribution Bias Check for Keyset 'Combination 0x80000000'
ok 100 - Keyset 'Combination 0x80000000' # farmhash128_c
### Keyset 'Combination 0x00000001' Tests ###
# Keyset 'Combination' - up to 20 blocks from a set of 2 - 2097150 keys
# Testing collisions   - Expected     0.00, actual        0 ( 0.00x) - passed
ok 101 - Collision Rate for Keyset 'Combination 0x00000001'
ok 102 - Distribution Bias Check for Keyset 'Combination 0x00000001'
ok 103 - Keyset 'Combination 0x00000001' # farmhash128_c
### Keyset 'Combination Hi-Lo' Tests ###
# Keyset 'Combination' - up to 6 blocks from a set of 15 - 12204240 keys
# Testing collisions   - Expected     0.00, actual        0 ( 0.00x) - passed
ok 104 - Collision Rate for Keyset 'Combination Hi-Lo'
ok 105 - Distribution Bias Check for Keyset 'Combination Hi-Lo'
ok 106 - Keyset 'Combination Hi-Lo' # farmhash128_c
### Keyset 'Text' Tests ###
# Keyset 'Text' - keys of form "Foo[XXXX]Bar" - 14776336 keys
# Testing collisions   - Expected     0.00, actual        0 ( 0.00x) - passed
ok 107 - Collision Rate for Keyset 'Text' - keys of form "Foo[XXXX]Bar" - 14776336 keys
ok 108 - Distribution Bias Check for Keyset 'Text' - keys of form "Foo[XXXX]Bar" - 14776336 keys
# Keyset 'Text' - keys of form "FooBar[XXXX]" - 14776336 keys
# Testing collisions   - Expected     0.00, actual        0 ( 0.00x) - passed
ok 109 - Collision Rate for Keyset 'Text' - keys of form "FooBar[XXXX]" - 14776336 keys
ok 110 - Distribution Bias Check for Keyset 'Text' - keys of form "FooBar[XXXX]" - 14776336 keys
# Keyset 'Text' - keys of form "[XXXX]FooBar" - 14776336 keys
# Testing collisions   - Expected     0.00, actual        0 ( 0.00x) - passed
ok 111 - Collision Rate for Keyset 'Text' - keys of form "[XXXX]FooBar" - 14776336 keys
ok 112 - Distribution Bias Check for Keyset 'Text' - keys of form "[XXXX]FooBar" - 14776336 keys
ok 113 - Keyset 'Text' # farmhash128_c
### Keyset 'Zeroes' Tests ###
# Keyset 'Zeroes' - 262144 keys
# Testing collisions   - Expected     0.00, actual        0 ( 0.00x) - passed
ok 114 - Collision Rate for Keyset 'Zeroes' - 262144 keys
ok 115 - Distribution Bias Check for Keyset 'Zeroes' - 262144 keys
ok 116 - Keyset 'Zeroes' # farmhash128_c
### Keyset 'Seed' Tests ###
# Keyset 'Seed' - 2000000 seeds, Key "The quick brown fox "...
# Testing collisions   - Expected     0.00, actual        0 ( 0.00x) - passed
ok 117 - Collision Rate for Keyset 'Seed' - 2000000 seeds, Key "The quick brown fox "...
ok 118 - Distribution Bias Check for Keyset 'Seed' - 2000000 seeds, Key "The quick brown fox "...
# Keyset 'Seed' - 2000000 seeds, Key ""
# Testing collisions   - Expected     0.00, actual        0 ( 0.00x) - passed
ok 119 - Collision Rate for Keyset 'Seed' - 2000000 seeds, Key ""
ok 120 - Distribution Bias Check for Keyset 'Seed' - 2000000 seeds, Key ""
# Keyset 'Seed' - 2000000 seeds, Key "00101100110101101"
# Testing collisions   - Expected     0.00, actual        0 ( 0.00x) - passed
ok 121 - Collision Rate for Keyset 'Seed' - 2000000 seeds, Key "00101100110101101"
ok 122 - Distribution Bias Check for Keyset 'Seed' - 2000000 seeds, Key "00101100110101101"
# Keyset 'Seed' - 2000000 seeds, Key "abcbcddbdebdcaaabaaa"...
# Testing collisions   - Expected     0.00, actual        0 ( 0.00x) - passed
ok 123 - Collision Rate for Keyset 'Seed' - 2000000 seeds, Key "abcbcddbdebdcaaabaaa"...
ok 124 - Distribution Bias Check for Keyset 'Seed' - 2000000 seeds, Key "abcbcddbdebdcaaabaaa"...
ok 125 - Keyset 'Seed' # farmhash128_c
### Keyset 'Effs' Tests ###
# Keyset 'Effs' - 262144 keys
# Testing collisions   - Expected     0.00, actual        0 ( 0.00x) - passed
ok 126 - Collision Rate for Keyset 'Effs' - 262144 keys
ok 127 - Distribution Bias Check for Keyset 'Effs' - 262144 keys
ok 128 - Keyset 'Effs' # farmhash128_c
ok 129 - all tests passed # farmhash128_c
1..129
# All Tests Passed. farmhash128_c passed all 129 tests run.
# Testing took 3323.891162 seconds
# This is SMHasher version v1.0-demerphq-5-g86440f3 - built on Mar 10 2017.
