ok 1 - SelfTest - Verify 89 Hashes
ok 2 - Found Hash # farmhash64_c
###################################################################
### Testing farmhash64_c - no seed_state
### - farmhash64_with_seed (C99) -
### seedbits: 64 statebits: 64 hashbits: 64
###################################################################
### Sanity Tests ###
ok 3 - Verification code # farmhash64_c
# Sanity check simple key bit flips and consistency..........
ok 4 - SanityTest # farmhash64_c
# Sanity check null suffixes change the hash (simple)..........
ok 5 - Appended Zeroes Test # farmhash64_c
ok 6 - Sanity Test # farmhash64_c
### Speed Tests ###
## Bulk speed test - 262144-byte keys
# Alignment  7 -  5.021 bytes/cycle - 14363.94 MiB/sec @ 3 ghz
# Alignment  6 -  5.021 bytes/cycle - 14364.23 MiB/sec @ 3 ghz
# Alignment  5 -  5.021 bytes/cycle - 14364.83 MiB/sec @ 3 ghz
# Alignment  4 -  5.021 bytes/cycle - 14365.16 MiB/sec @ 3 ghz
# Alignment  3 -  5.020 bytes/cycle - 14363.54 MiB/sec @ 3 ghz
# Alignment  2 -  5.021 bytes/cycle - 14364.09 MiB/sec @ 3 ghz
# Alignment  1 -  5.021 bytes/cycle - 14364.04 MiB/sec @ 3 ghz
# Alignment  0 -  5.144 bytes/cycle - 14718.25 MiB/sec @ 3 ghz
# Average      -  5.036 bytes/cycle - 14408.51 MiB/sec @ 3 ghz
## KeySpeed tests
# farmhash64_c              0 byte keys       23.000 c/h
# farmhash64_c              1 byte keys       38.248 c/h       38.248 c/b        0.026 b/c
# farmhash64_c              2 byte keys       39.000 c/h       19.500 c/b        0.051 b/c
# farmhash64_c              3 byte keys       43.046 c/h       14.349 c/b        0.070 b/c
# farmhash64_c              4 byte keys       41.459 c/h       10.365 c/b        0.096 b/c
# farmhash64_c              5 byte keys       42.000 c/h        8.400 c/b        0.119 b/c
# farmhash64_c              6 byte keys       42.000 c/h        7.000 c/b        0.143 b/c
# farmhash64_c              7 byte keys       43.958 c/h        6.280 c/b        0.159 b/c
# farmhash64_c              8 byte keys       44.000 c/h        5.500 c/b        0.182 b/c
# farmhash64_c              9 byte keys       53.867 c/h        5.985 c/b        0.167 b/c
# farmhash64_c             10 byte keys       53.836 c/h        5.384 c/b        0.186 b/c
# farmhash64_c             11 byte keys       53.863 c/h        4.897 c/b        0.204 b/c
# farmhash64_c             12 byte keys       53.846 c/h        4.487 c/b        0.223 b/c
# farmhash64_c             13 byte keys       53.872 c/h        4.144 c/b        0.241 b/c
# farmhash64_c             14 byte keys       54.263 c/h        3.876 c/b        0.258 b/c
# farmhash64_c             15 byte keys       53.857 c/h        3.590 c/b        0.279 b/c
# farmhash64_c             16 byte keys       43.996 c/h        2.750 c/b        0.364 b/c
# farmhash64_c             17 byte keys       54.669 c/h        3.216 c/b        0.311 b/c
# farmhash64_c             18 byte keys       53.446 c/h        2.969 c/b        0.337 b/c
# farmhash64_c             19 byte keys       53.381 c/h        2.810 c/b        0.356 b/c
# farmhash64_c             20 byte keys       53.453 c/h        2.673 c/b        0.374 b/c
# farmhash64_c             21 byte keys       53.688 c/h        2.557 c/b        0.391 b/c
# farmhash64_c             22 byte keys       53.199 c/h        2.418 c/b        0.414 b/c
# farmhash64_c             23 byte keys       53.444 c/h        2.324 c/b        0.430 b/c
# farmhash64_c             24 byte keys       46.005 c/h        1.917 c/b        0.522 b/c
# farmhash64_c             25 byte keys       45.000 c/h        1.800 c/b        0.556 b/c
# farmhash64_c             26 byte keys       45.000 c/h        1.731 c/b        0.578 b/c
# farmhash64_c             27 byte keys       45.000 c/h        1.667 c/b        0.600 b/c
# farmhash64_c             28 byte keys       45.000 c/h        1.607 c/b        0.622 b/c
# farmhash64_c             29 byte keys       45.000 c/h        1.552 c/b        0.644 b/c
# farmhash64_c             30 byte keys       45.000 c/h        1.500 c/b        0.667 b/c
# farmhash64_c             31 byte keys       45.000 c/h        1.452 c/b        0.689 b/c
#                          Average < 32       47.325 c/h        3.053 c/b        0.328 b/c
# farmhash64_c             32 byte keys       45.234 c/h        1.414 c/b        0.707 b/c
# farmhash64_c             36 byte keys       63.690 c/h        1.769 c/b        0.565 b/c
# farmhash64_c             40 byte keys       62.568 c/h        1.564 c/b        0.639 b/c
# farmhash64_c             44 byte keys       62.240 c/h        1.415 c/b        0.707 b/c
# farmhash64_c             48 byte keys       62.230 c/h        1.296 c/b        0.771 b/c
# farmhash64_c             52 byte keys       62.000 c/h        1.192 c/b        0.839 b/c
# farmhash64_c             56 byte keys       62.000 c/h        1.107 c/b        0.903 b/c
# farmhash64_c             60 byte keys       62.000 c/h        1.033 c/b        0.968 b/c
# farmhash64_c             64 byte keys       62.256 c/h        0.973 c/b        1.028 b/c
# farmhash64_c             68 byte keys       74.489 c/h        1.095 c/b        0.913 b/c
# farmhash64_c             72 byte keys       75.621 c/h        1.050 c/b        0.952 b/c
# farmhash64_c             76 byte keys       74.566 c/h        0.981 c/b        1.019 b/c
# farmhash64_c             80 byte keys       74.809 c/h        0.935 c/b        1.069 b/c
# farmhash64_c             84 byte keys       74.785 c/h        0.890 c/b        1.123 b/c
# farmhash64_c             88 byte keys       76.254 c/h        0.867 c/b        1.154 b/c
# farmhash64_c             92 byte keys       74.899 c/h        0.814 c/b        1.228 b/c
# farmhash64_c             96 byte keys       74.855 c/h        0.780 c/b        1.282 b/c
# farmhash64_c            100 byte keys       74.608 c/h        0.746 c/b        1.340 b/c
# farmhash64_c            104 byte keys       74.620 c/h        0.718 c/b        1.394 b/c
# farmhash64_c            108 byte keys       75.524 c/h        0.699 c/b        1.430 b/c
# farmhash64_c            112 byte keys       74.885 c/h        0.669 c/b        1.496 b/c
# farmhash64_c            116 byte keys       74.751 c/h        0.644 c/b        1.552 b/c
# farmhash64_c            120 byte keys       74.732 c/h        0.623 c/b        1.606 b/c
# farmhash64_c            124 byte keys       74.800 c/h        0.603 c/b        1.658 b/c
#                         Average < 128       56.836 c/h        1.344 c/b        0.744 b/c
# farmhash64_c            128 byte keys       93.196 c/h        0.728 c/b        1.373 b/c
# farmhash64_c            256 byte keys       94.191 c/h        0.368 c/b        2.718 b/c
# farmhash64_c            512 byte keys      142.637 c/h        0.279 c/b        3.590 b/c
# farmhash64_c           1024 byte keys      239.316 c/h        0.234 c/b        4.279 b/c
# farmhash64_c           2048 byte keys      444.948 c/h        0.217 c/b        4.603 b/c
# farmhash64_c           4096 byte keys      840.481 c/h        0.205 c/b        4.873 b/c
# farmhash64_c           8192 byte keys     1611.886 c/h        0.197 c/b        5.082 b/c
# farmhash64_c          16384 byte keys     3130.483 c/h        0.191 c/b        5.234 b/c
# farmhash64_c          32768 byte keys     6231.655 c/h        0.190 c/b        5.258 b/c
# farmhash64_c          65536 byte keys    12543.292 c/h        0.191 c/b        5.225 b/c
#                       Overall Average      432.650 c/h        0.214 c/b        4.669 b/c
ok 7 - Speed (always passes) # farmhash64_c
### Differential Tests ###
# Testing 8303632 up-to-5-bit differentials in 64-bit keys -> 64 bit hashes.
# 1000 reps, 8303632000 total tests, expecting 0.00 random collisions..........
ok 8 - Differential collisions # farmhash64_c
ok 9 - Nothing skipped during differential collision check # farmhash64_c
# 0 total collisions, of which 0 single collisions were ignored
ok 10 - ProcessDifferentials
# Testing 11017632 up-to-4-bit differentials in 128-bit keys -> 64 bit hashes.
# 1000 reps, 11017632000 total tests, expecting 0.00 random collisions..........
ok 11 - Differential collisions # farmhash64_c
ok 12 - Nothing skipped during differential collision check # farmhash64_c
# 0 total collisions, of which 0 single collisions were ignored
ok 13 - ProcessDifferentials
# Testing 2796416 up-to-3-bit differentials in 256-bit keys -> 64 bit hashes.
# 1000 reps, 2796416000 total tests, expecting 0.00 random collisions..........
ok 14 - Differential collisions # farmhash64_c
ok 15 - Nothing skipped during differential collision check # farmhash64_c
# 0 total collisions, of which 0 single collisions were ignored
ok 16 - ProcessDifferentials
ok 17 - Differential # farmhash64_c
### Avalanche Tests ### - seed-bits: 64 hash-bits: 64
# Samples 500000, expected error 0.00051200, confidence level 99.99994267%
# Testing   0-bit keys.......... ok.     # worst-bit:   0.515% error-ratio: 9.776446e-01
ok 18 - Strict Avalanche Criteria - 0 bit keys
# Testing   8-bit keys.......... ok.     # worst-bit:   0.498% error-ratio: 1.012551e+00
ok 19 - Strict Avalanche Criteria - 8 bit keys
# Testing  16-bit keys.......... ok.     # worst-bit:   0.509% error-ratio: 1.029483e+00
ok 20 - Strict Avalanche Criteria - 16 bit keys
# Testing  24-bit keys.......... ok.     # worst-bit:   0.489% error-ratio: 1.012043e+00
ok 21 - Strict Avalanche Criteria - 24 bit keys
# Testing  32-bit keys.......... ok.     # worst-bit:   0.614% error-ratio: 9.942463e-01
ok 22 - Strict Avalanche Criteria - 32 bit keys
# Testing  40-bit keys.......... ok.     # worst-bit:   0.558% error-ratio: 1.007795e+00
ok 23 - Strict Avalanche Criteria - 40 bit keys
# Testing  48-bit keys.......... ok.     # worst-bit:   0.499% error-ratio: 1.023603e+00
ok 24 - Strict Avalanche Criteria - 48 bit keys
# Testing  56-bit keys.......... ok.     # worst-bit:   0.502% error-ratio: 9.816956e-01
ok 25 - Strict Avalanche Criteria - 56 bit keys
# Testing  64-bit keys.......... ok.     # worst-bit:   0.600% error-ratio: 9.807745e-01
ok 26 - Strict Avalanche Criteria - 64 bit keys
# Testing  72-bit keys.......... ok.     # worst-bit:   0.512% error-ratio: 1.006792e+00
ok 27 - Strict Avalanche Criteria - 72 bit keys
# Testing  80-bit keys.......... ok.     # worst-bit:   0.630% error-ratio: 9.898313e-01
ok 28 - Strict Avalanche Criteria - 80 bit keys
# Testing  88-bit keys.......... ok.     # worst-bit:   0.570% error-ratio: 9.689981e-01
ok 29 - Strict Avalanche Criteria - 88 bit keys
# Testing  96-bit keys.......... ok.     # worst-bit:   0.529% error-ratio: 9.984622e-01
ok 30 - Strict Avalanche Criteria - 96 bit keys
# Testing 104-bit keys.......... ok.     # worst-bit:   0.572% error-ratio: 1.033501e+00
ok 31 - Strict Avalanche Criteria - 104 bit keys
# Testing 112-bit keys.......... ok.     # worst-bit:   0.620% error-ratio: 9.895577e-01
ok 32 - Strict Avalanche Criteria - 112 bit keys
# Testing 120-bit keys.......... ok.     # worst-bit:   0.636% error-ratio: 1.003742e+00
ok 33 - Strict Avalanche Criteria - 120 bit keys
# Testing 128-bit keys.......... ok.     # worst-bit:   0.642% error-ratio: 1.025218e+00
ok 34 - Strict Avalanche Criteria - 128 bit keys
# Testing 136-bit keys.......... ok.     # worst-bit:   0.640% error-ratio: 9.999283e-01
ok 35 - Strict Avalanche Criteria - 136 bit keys
# Testing 144-bit keys.......... ok.     # worst-bit:   0.568% error-ratio: 9.972651e-01
ok 36 - Strict Avalanche Criteria - 144 bit keys
# Testing 152-bit keys.......... ok.     # worst-bit:   0.659% error-ratio: 9.944986e-01
ok 37 - Strict Avalanche Criteria - 152 bit keys
# Testing 152-bit keys.......... ok.     # worst-bit:   0.574% error-ratio: 1.004308e+00
ok 38 - Strict Avalanche Criteria - 160 bit keys
# Testing 256-bit keys.......... ok.     # worst-bit:   0.581% error-ratio: 1.002643e+00
ok 39 - Strict Avalanche Criteria - 256 bit keys
ok 40 - Strict Avalanche Criteria # farmhash64_c
### Keyset 'Cyclic' Tests ###
# Keyset 'Cyclic' - 8 cycles of 8 bytes - 10000000 keys
# Testing collisions   - Expected     0.00, actual        0 ( 0.00x) - passed
ok 41 - Collision Rate for Keyset 'Cyclic' - 8 cycles of 8 bytes - 10000000 keys
ok 42 - Distribution Bias Check for Keyset 'Cyclic' - 8 cycles of 8 bytes - 10000000 keys
# Keyset 'Cyclic' - 8 cycles of 9 bytes - 10000000 keys
# Testing collisions   - Expected     0.00, actual        0 ( 0.00x) - passed
ok 43 - Collision Rate for Keyset 'Cyclic' - 8 cycles of 9 bytes - 10000000 keys
ok 44 - Distribution Bias Check for Keyset 'Cyclic' - 8 cycles of 9 bytes - 10000000 keys
# Keyset 'Cyclic' - 8 cycles of 10 bytes - 10000000 keys
# Testing collisions   - Expected     0.00, actual        0 ( 0.00x) - passed
ok 45 - Collision Rate for Keyset 'Cyclic' - 8 cycles of 10 bytes - 10000000 keys
ok 46 - Distribution Bias Check for Keyset 'Cyclic' - 8 cycles of 10 bytes - 10000000 keys
# Keyset 'Cyclic' - 8 cycles of 11 bytes - 10000000 keys
# Testing collisions   - Expected     0.00, actual        0 ( 0.00x) - passed
ok 47 - Collision Rate for Keyset 'Cyclic' - 8 cycles of 11 bytes - 10000000 keys
ok 48 - Distribution Bias Check for Keyset 'Cyclic' - 8 cycles of 11 bytes - 10000000 keys
# Keyset 'Cyclic' - 8 cycles of 12 bytes - 10000000 keys
# Testing collisions   - Expected     0.00, actual        0 ( 0.00x) - passed
ok 49 - Collision Rate for Keyset 'Cyclic' - 8 cycles of 12 bytes - 10000000 keys
ok 50 - Distribution Bias Check for Keyset 'Cyclic' - 8 cycles of 12 bytes - 10000000 keys
ok 51 - Keyset 'Cyclic' # farmhash64_c
### Keyset 'TwoBytes' Tests ###
# Testing collisions   - Expected     0.00, actual        0 ( 0.00x) - passed
ok 52 - Collision Rate for Keyset 'TwoBytes' - up-to-4-byte keys, 652545 total keys
ok 53 - Distribution Bias Check for Keyset 'TwoBytes' - up-to-4-byte keys, 652545 total keys
# Testing collisions   - Expected     0.00, actual        0 ( 0.00x) - passed
ok 54 - Collision Rate for Keyset 'TwoBytes' - up-to-8-byte keys, 5471025 total keys
ok 55 - Distribution Bias Check for Keyset 'TwoBytes' - up-to-8-byte keys, 5471025 total keys
# Testing collisions   - Expected     0.00, actual        0 ( 0.00x) - passed
ok 56 - Collision Rate for Keyset 'TwoBytes' - up-to-12-byte keys, 18616785 total keys
ok 57 - Distribution Bias Check for Keyset 'TwoBytes' - up-to-12-byte keys, 18616785 total keys
# Testing collisions   - Expected     0.00, actual        0 ( 0.00x) - passed
ok 58 - Collision Rate for Keyset 'TwoBytes' - up-to-16-byte keys, 44251425 total keys
ok 59 - Distribution Bias Check for Keyset 'TwoBytes' - up-to-16-byte keys, 44251425 total keys
# Testing collisions   - Expected     0.00, actual        0 ( 0.00x) - passed
ok 60 - Collision Rate for Keyset 'TwoBytes' - up-to-20-byte keys, 86536545 total keys
ok 61 - Distribution Bias Check for Keyset 'TwoBytes' - up-to-20-byte keys, 86536545 total keys
ok 62 - Keyset 'TwoBytes' # farmhash64_c
### Keyset 'Sparse' Tests ###
# Keyset 'Sparse' - 32-bit keys with up to 6 bits set - 1149017 keys
# Testing collisions   - Expected     0.00, actual        0 ( 0.00x) - passed
ok 63 - Collision Rate for Keyset 'Sparse' - 32-bit keys with up to 6 bits set
ok 64 - Distribution Bias Check for Keyset 'Sparse' - 32-bit keys with up to 6 bits set
# Keyset 'Sparse' - 40-bit keys with up to 6 bits set - 4598479 keys
# Testing collisions   - Expected     0.00, actual        0 ( 0.00x) - passed
ok 65 - Collision Rate for Keyset 'Sparse' - 40-bit keys with up to 6 bits set
ok 66 - Distribution Bias Check for Keyset 'Sparse' - 40-bit keys with up to 6 bits set
# Keyset 'Sparse' - 48-bit keys with up to 5 bits set - 1925357 keys
# Testing collisions   - Expected     0.00, actual        0 ( 0.00x) - passed
ok 67 - Collision Rate for Keyset 'Sparse' - 48-bit keys with up to 5 bits set
ok 68 - Distribution Bias Check for Keyset 'Sparse' - 48-bit keys with up to 5 bits set
# Keyset 'Sparse' - 56-bit keys with up to 5 bits set - 4216423 keys
# Testing collisions   - Expected     0.00, actual        0 ( 0.00x) - passed
ok 69 - Collision Rate for Keyset 'Sparse' - 56-bit keys with up to 5 bits set
ok 70 - Distribution Bias Check for Keyset 'Sparse' - 56-bit keys with up to 5 bits set
# Keyset 'Sparse' - 64-bit keys with up to 5 bits set - 8303633 keys
# Testing collisions   - Expected     0.00, actual        0 ( 0.00x) - passed
ok 71 - Collision Rate for Keyset 'Sparse' - 64-bit keys with up to 5 bits set
ok 72 - Distribution Bias Check for Keyset 'Sparse' - 64-bit keys with up to 5 bits set
# Keyset 'Sparse' - 96-bit keys with up to 4 bits set - 3469497 keys
# Testing collisions   - Expected     0.00, actual        0 ( 0.00x) - passed
ok 73 - Collision Rate for Keyset 'Sparse' - 96-bit keys with up to 4 bits set
ok 74 - Distribution Bias Check for Keyset 'Sparse' - 96-bit keys with up to 4 bits set
# Keyset 'Sparse' - 256-bit keys with up to 3 bits set - 2796417 keys
# Testing collisions   - Expected     0.00, actual        0 ( 0.00x) - passed
ok 75 - Collision Rate for Keyset 'Sparse' - 256-bit keys with up to 3 bits set
ok 76 - Distribution Bias Check for Keyset 'Sparse' - 256-bit keys with up to 3 bits set
# Keyset 'Sparse' - 2048-bit keys with up to 2 bits set - 2098177 keys
# Testing collisions   - Expected     0.00, actual        0 ( 0.00x) - passed
ok 77 - Collision Rate for Keyset 'Sparse' - 2048-bit keys with up to 2 bits set
ok 78 - Distribution Bias Check for Keyset 'Sparse' - 2048-bit keys with up to 2 bits set
ok 79 - Keyset 'Sparse' # farmhash64_c
# Keyset 'CRC-MultiCollision' - 1048575 x 16 block keys - 128-bytes long - 10 seeds
# Testing collisions   - Expected     0.00, actual        0 ( 0.00x) - passed
ok 80 - Collision Rate for Keyset 'CRC-MultiCollision' - seed 1 # farmhash64_c
# Testing collisions   - Expected     0.00, actual        0 ( 0.00x) - passed
ok 81 - Collision Rate for Keyset 'CRC-MultiCollision' - seed 2 # farmhash64_c
# Testing collisions   - Expected     0.00, actual        0 ( 0.00x) - passed
ok 82 - Collision Rate for Keyset 'CRC-MultiCollision' - seed 3 # farmhash64_c
# Testing collisions   - Expected     0.00, actual        0 ( 0.00x) - passed
ok 83 - Collision Rate for Keyset 'CRC-MultiCollision' - seed 4 # farmhash64_c
# Testing collisions   - Expected     0.00, actual        0 ( 0.00x) - passed
ok 84 - Collision Rate for Keyset 'CRC-MultiCollision' - seed 5 # farmhash64_c
# Testing collisions   - Expected     0.00, actual        0 ( 0.00x) - passed
ok 85 - Collision Rate for Keyset 'CRC-MultiCollision' - seed 6 # farmhash64_c
# Testing collisions   - Expected     0.00, actual        0 ( 0.00x) - passed
ok 86 - Collision Rate for Keyset 'CRC-MultiCollision' - seed 7 # farmhash64_c
# Testing collisions   - Expected     0.00, actual        0 ( 0.00x) - passed
ok 87 - Collision Rate for Keyset 'CRC-MultiCollision' - seed 8 # farmhash64_c
# Testing collisions   - Expected     0.00, actual        0 ( 0.00x) - passed
ok 88 - Collision Rate for Keyset 'CRC-MultiCollision' - seed 9 # farmhash64_c
# Testing collisions   - Expected     0.00, actual        0 ( 0.00x) - passed
ok 89 - Collision Rate for Keyset 'CRC-MultiCollision' - seed 10 # farmhash64_c
### Keyset 'Combination Lowbits' Tests ###
# Keyset 'Combination' - up to 8 blocks from a set of 8 - 19173960 keys
# Testing collisions   - Expected     0.00, actual        0 ( 0.00x) - passed
ok 90 - Collision Rate for Keyset 'Combination Lowbits'
ok 91 - Distribution Bias Check for Keyset 'Combination Lowbits'
ok 92 - Keyset 'Combination Lowbits' # farmhash64_c
### Keyset 'Combination Highbits' Tests ###
# Keyset 'Combination' - up to 8 blocks from a set of 8 - 19173960 keys
# Testing collisions   - Expected     0.00, actual        0 ( 0.00x) - passed
ok 93 - Collision Rate for Keyset 'Combination Highbits'
ok 94 - Distribution Bias Check for Keyset 'Combination Highbits'
ok 95 - Keyset 'Combination Highbits' # farmhash64_c
### Keyset 'Combination Highbits2' Tests ###
# Keyset 'Combination' - up to 8 blocks from a set of 8 - 19173960 keys
# Testing collisions   - Expected     0.00, actual        0 ( 0.00x) - passed
ok 96 - Collision Rate for Keyset 'Combination Highbits2'
ok 97 - Distribution Bias Check for Keyset 'Combination Highbits2'
ok 98 - Keyset 'Combination Highbits2' # farmhash64_c
### Keyset 'Combination 0x80000000' Tests ###
# Keyset 'Combination' - up to 20 blocks from a set of 2 - 2097150 keys
# Testing collisions   - Expected     0.00, actual        0 ( 0.00x) - passed
ok 99 - Collision Rate for Keyset 'Combination 0x80000000'
ok 100 - Distribution Bias Check for Keyset 'Combination 0x80000000'
ok 101 - Keyset 'Combination 0x80000000' # farmhash64_c
### Keyset 'Combination 0x00000001' Tests ###
# Keyset 'Combination' - up to 20 blocks from a set of 2 - 2097150 keys
# Testing collisions   - Expected     0.00, actual        0 ( 0.00x) - passed
ok 102 - Collision Rate for Keyset 'Combination 0x00000001'
ok 103 - Distribution Bias Check for Keyset 'Combination 0x00000001'
ok 104 - Keyset 'Combination 0x00000001' # farmhash64_c
### Keyset 'Combination Hi-Lo' Tests ###
# Keyset 'Combination' - up to 6 blocks from a set of 15 - 12204240 keys
# Testing collisions   - Expected     0.00, actual        0 ( 0.00x) - passed
ok 105 - Collision Rate for Keyset 'Combination Hi-Lo'
ok 106 - Distribution Bias Check for Keyset 'Combination Hi-Lo'
ok 107 - Keyset 'Combination Hi-Lo' # farmhash64_c
### Keyset 'Text' Tests ###
# Keyset 'Text' - keys of form "Foo[XXXX]Bar" - 14776336 keys
# Testing collisions   - Expected     0.00, actual        0 ( 0.00x) - passed
ok 108 - Collision Rate for Keyset 'Text' - keys of form "Foo[XXXX]Bar" - 14776336 keys
ok 109 - Distribution Bias Check for Keyset 'Text' - keys of form "Foo[XXXX]Bar" - 14776336 keys
# Keyset 'Text' - keys of form "FooBar[XXXX]" - 14776336 keys
# Testing collisions   - Expected     0.00, actual        0 ( 0.00x) - passed
ok 110 - Collision Rate for Keyset 'Text' - keys of form "FooBar[XXXX]" - 14776336 keys
ok 111 - Distribution Bias Check for Keyset 'Text' - keys of form "FooBar[XXXX]" - 14776336 keys
# Keyset 'Text' - keys of form "[XXXX]FooBar" - 14776336 keys
# Testing collisions   - Expected     0.00, actual        0 ( 0.00x) - passed
ok 112 - Collision Rate for Keyset 'Text' - keys of form "[XXXX]FooBar" - 14776336 keys
ok 113 - Distribution Bias Check for Keyset 'Text' - keys of form "[XXXX]FooBar" - 14776336 keys
ok 114 - Keyset 'Text' # farmhash64_c
### Keyset 'Zeroes' Tests ###
# Keyset 'Zeroes' - 262144 keys
# Testing collisions   - Expected     0.00, actual        0 ( 0.00x) - passed
ok 115 - Collision Rate for Keyset 'Zeroes' - 262144 keys
ok 116 - Distribution Bias Check for Keyset 'Zeroes' - 262144 keys
ok 117 - Keyset 'Zeroes' # farmhash64_c
### Keyset 'Seed' Tests ###
# Keyset 'Seed' - 2000000 seeds, Key "The quick brown fox "...
# Testing collisions   - Expected     0.00, actual        0 ( 0.00x) - passed
ok 118 - Collision Rate for Keyset 'Seed' - 2000000 seeds, Key "The quick brown fox "...
ok 119 - Distribution Bias Check for Keyset 'Seed' - 2000000 seeds, Key "The quick brown fox "...
# Keyset 'Seed' - 2000000 seeds, Key ""
# Testing collisions   - Expected     0.00, actual        0 ( 0.00x) - passed
ok 120 - Collision Rate for Keyset 'Seed' - 2000000 seeds, Key ""
ok 121 - Distribution Bias Check for Keyset 'Seed' - 2000000 seeds, Key ""
# Keyset 'Seed' - 2000000 seeds, Key "00101100110101101"
# Testing collisions   - Expected     0.00, actual        0 ( 0.00x) - passed
ok 122 - Collision Rate for Keyset 'Seed' - 2000000 seeds, Key "00101100110101101"
ok 123 - Distribution Bias Check for Keyset 'Seed' - 2000000 seeds, Key "00101100110101101"
# Keyset 'Seed' - 2000000 seeds, Key "abcbcddbdebdcaaabaaa"...
# Testing collisions   - Expected     0.00, actual        0 ( 0.00x) - passed
ok 124 - Collision Rate for Keyset 'Seed' - 2000000 seeds, Key "abcbcddbdebdcaaabaaa"...
ok 125 - Distribution Bias Check for Keyset 'Seed' - 2000000 seeds, Key "abcbcddbdebdcaaabaaa"...
ok 126 - Keyset 'Seed' # farmhash64_c
### Keyset 'Effs' Tests ###
# Keyset 'Effs' - 262144 keys
# Testing collisions   - Expected     0.00, actual        0 ( 0.00x) - passed
ok 127 - Collision Rate for Keyset 'Effs' - 262144 keys
ok 128 - Distribution Bias Check for Keyset 'Effs' - 262144 keys
ok 129 - Keyset 'Effs' # farmhash64_c
ok 130 - all tests passed # farmhash64_c
1..130
# All Tests Passed. farmhash64_c passed all 130 tests run.
# Testing took 1917.390046 seconds
# This is SMHasher version v1.0-demerphq-5-g86440f3 - built on Mar 10 2017.
