ok 1 - Found Hash # FarmHash128
###################################################################
### Testing FarmHash128 - no seed_state
### - Google FarmHash128WithSeed -
### seedbits: 128 statebits: 128 hashbits: 128
###################################################################
ok 2 - Verification code # FarmHash128
# FarmHash128          - Verification value 0x2F80D32B : Passed.
### Sanity Tests ###
# Sanity check simple key bit flips and consistency..........
ok 3 - SanityTest # FarmHash128
# Sanity check null suffixes change the hash (simple)..........
ok 4 - Appended Zeroes Test # FarmHash128
ok 5 - Sanity Test # FarmHash128
### Speed Tests ###
## Bulk speed test - 262144-byte keys
# Alignment  7 -  5.214 bytes/cycle - 14918.49 MiB/sec @ 3 ghz
# Alignment  6 -  5.215 bytes/cycle - 14919.39 MiB/sec @ 3 ghz
# Alignment  5 -  5.215 bytes/cycle - 14921.38 MiB/sec @ 3 ghz
# Alignment  4 -  5.215 bytes/cycle - 14921.03 MiB/sec @ 3 ghz
# Alignment  3 -  5.214 bytes/cycle - 14916.73 MiB/sec @ 3 ghz
# Alignment  2 -  4.429 bytes/cycle - 12671.37 MiB/sec @ 3 ghz
# Alignment  1 -  5.155 bytes/cycle - 14747.97 MiB/sec @ 3 ghz
# Alignment  0 -  3.699 bytes/cycle - 10581.95 MiB/sec @ 3 ghz
# Average      -  4.919 bytes/cycle - 14074.79 MiB/sec @ 3 ghz
## KeySpeed tests
# FarmHash128               0 byte keys       27.580 c/h
# FarmHash128               1 byte keys       53.477 c/h       53.477 c/b        0.019 b/c
# FarmHash128               2 byte keys       49.000 c/h       24.500 c/b        0.041 b/c
# FarmHash128               3 byte keys       48.988 c/h       16.329 c/b        0.061 b/c
# FarmHash128               4 byte keys       49.999 c/h       12.500 c/b        0.080 b/c
# FarmHash128               5 byte keys       50.888 c/h       10.178 c/b        0.098 b/c
# FarmHash128               6 byte keys       50.254 c/h        8.376 c/b        0.119 b/c
# FarmHash128               7 byte keys       49.841 c/h        7.120 c/b        0.140 b/c
# FarmHash128               8 byte keys       50.837 c/h        6.355 c/b        0.157 b/c
# FarmHash128               9 byte keys       65.833 c/h        7.315 c/b        0.137 b/c
# FarmHash128              10 byte keys       67.388 c/h        6.739 c/b        0.148 b/c
# FarmHash128              11 byte keys       66.463 c/h        6.042 c/b        0.166 b/c
# FarmHash128              12 byte keys       65.288 c/h        5.441 c/b        0.184 b/c
# FarmHash128              13 byte keys       63.885 c/h        4.914 c/b        0.203 b/c
# FarmHash128              14 byte keys       64.501 c/h        4.607 c/b        0.217 b/c
# FarmHash128              15 byte keys       65.992 c/h        4.399 c/b        0.227 b/c
# FarmHash128              16 byte keys       61.481 c/h        3.843 c/b        0.260 b/c
# FarmHash128              17 byte keys       80.694 c/h        4.747 c/b        0.211 b/c
# FarmHash128              18 byte keys       82.244 c/h        4.569 c/b        0.219 b/c
# FarmHash128              19 byte keys       76.000 c/h        4.000 c/b        0.250 b/c
# FarmHash128              20 byte keys       76.164 c/h        3.808 c/b        0.263 b/c
# FarmHash128              21 byte keys       76.000 c/h        3.619 c/b        0.276 b/c
# FarmHash128              22 byte keys       79.627 c/h        3.619 c/b        0.276 b/c
# FarmHash128              23 byte keys       80.253 c/h        3.489 c/b        0.287 b/c
# FarmHash128              24 byte keys       56.931 c/h        2.372 c/b        0.422 b/c
# FarmHash128              25 byte keys       64.927 c/h        2.597 c/b        0.385 b/c
# FarmHash128              26 byte keys       63.853 c/h        2.456 c/b        0.407 b/c
# FarmHash128              27 byte keys       64.788 c/h        2.400 c/b        0.417 b/c
# FarmHash128              28 byte keys       64.400 c/h        2.300 c/b        0.435 b/c
# FarmHash128              29 byte keys       63.873 c/h        2.203 c/b        0.454 b/c
# FarmHash128              30 byte keys       63.878 c/h        2.129 c/b        0.470 b/c
# FarmHash128              31 byte keys       63.877 c/h        2.061 c/b        0.485 b/c
#                          Average < 32       62.788 c/h        4.051 c/b        0.247 b/c
# FarmHash128              32 byte keys       55.973 c/h        1.749 c/b        0.572 b/c
# FarmHash128              36 byte keys       61.323 c/h        1.703 c/b        0.587 b/c
# FarmHash128              40 byte keys       56.905 c/h        1.423 c/b        0.703 b/c
# FarmHash128              44 byte keys       61.450 c/h        1.397 c/b        0.716 b/c
# FarmHash128              48 byte keys       62.054 c/h        1.293 c/b        0.774 b/c
# FarmHash128              52 byte keys       69.248 c/h        1.332 c/b        0.751 b/c
# FarmHash128              56 byte keys       65.378 c/h        1.167 c/b        0.857 b/c
# FarmHash128              60 byte keys       59.995 c/h        1.000 c/b        1.000 b/c
# FarmHash128              64 byte keys       60.521 c/h        0.946 c/b        1.057 b/c
# FarmHash128              68 byte keys       68.221 c/h        1.003 c/b        0.997 b/c
# FarmHash128              72 byte keys       64.526 c/h        0.896 c/b        1.116 b/c
# FarmHash128              76 byte keys       63.997 c/h        0.842 c/b        1.188 b/c
# FarmHash128              80 byte keys       65.140 c/h        0.814 c/b        1.228 b/c
# FarmHash128              84 byte keys       69.223 c/h        0.824 c/b        1.213 b/c
# FarmHash128              88 byte keys       69.012 c/h        0.784 c/b        1.275 b/c
# FarmHash128              92 byte keys       69.706 c/h        0.758 c/b        1.320 b/c
# FarmHash128              96 byte keys       69.702 c/h        0.726 c/b        1.377 b/c
# FarmHash128             100 byte keys       75.565 c/h        0.756 c/b        1.323 b/c
# FarmHash128             104 byte keys       73.335 c/h        0.705 c/b        1.418 b/c
# FarmHash128             108 byte keys       74.855 c/h        0.693 c/b        1.443 b/c
# FarmHash128             112 byte keys       73.398 c/h        0.655 c/b        1.526 b/c
# FarmHash128             116 byte keys       77.975 c/h        0.672 c/b        1.488 b/c
# FarmHash128             120 byte keys       80.029 c/h        0.667 c/b        1.499 b/c
# FarmHash128             124 byte keys       78.832 c/h        0.636 c/b        1.573 b/c
#                         Average < 128       64.921 c/h        1.535 c/b        0.651 b/c
# FarmHash128             128 byte keys       67.421 c/h        0.527 c/b        1.899 b/c
# FarmHash128             256 byte keys       90.202 c/h        0.352 c/b        2.838 b/c
# FarmHash128             512 byte keys      138.538 c/h        0.271 c/b        3.696 b/c
# FarmHash128            1024 byte keys      236.822 c/h        0.231 c/b        4.324 b/c
# FarmHash128            2048 byte keys      432.263 c/h        0.211 c/b        4.738 b/c
# FarmHash128            4096 byte keys      826.057 c/h        0.202 c/b        4.958 b/c
# FarmHash128            8192 byte keys     1624.436 c/h        0.198 c/b        5.043 b/c
# FarmHash128           16384 byte keys     3179.363 c/h        0.194 c/b        5.153 b/c
# FarmHash128           32768 byte keys     6314.237 c/h        0.193 c/b        5.190 b/c
# FarmHash128           65536 byte keys    12524.037 c/h        0.191 c/b        5.233 b/c
#                       Overall Average      440.438 c/h        0.218 c/b        4.586 b/c
ok 6 - Speed (always passes) # FarmHash128
### Differential Tests ###
# Testing 8303632 up-to-5-bit differentials in 64-bit keys -> 128 bit hashes.
# 1000 reps, 8303632000 total tests, expecting 0.00 random collisions..........
ok 7 - Differential collisions # FarmHash128
ok 8 - Nothing skipped during differential collision check # FarmHash128
# 0 total collisions, of which 0 single collisions were ignored
ok 9 - ProcessDifferentials
# Testing 11017632 up-to-4-bit differentials in 128-bit keys -> 128 bit hashes.
# 1000 reps, 11017632000 total tests, expecting 0.00 random collisions..........
ok 10 - Differential collisions # FarmHash128
ok 11 - Nothing skipped during differential collision check # FarmHash128
# 0 total collisions, of which 0 single collisions were ignored
ok 12 - ProcessDifferentials
# Testing 2796416 up-to-3-bit differentials in 256-bit keys -> 128 bit hashes.
# 1000 reps, 2796416000 total tests, expecting 0.00 random collisions..........
ok 13 - Differential collisions # FarmHash128
ok 14 - Nothing skipped during differential collision check # FarmHash128
# 0 total collisions, of which 0 single collisions were ignored
ok 15 - ProcessDifferentials
ok 16 - Differential # FarmHash128
### Avalanche Tests ### - seed-bits: 128 hash-bits: 128
# Samples 250000, expected error 0.00102400, confidence level 99.99994267%
# Testing   0-bit keys.......... ok.     # worst-bit:   0.810% error-ratio: 9.950893e-01
ok 17 - Strict Avalanche Criteria - 0 bit keys
# Testing   8-bit keys.......... ok.     # worst-bit:   0.910% error-ratio: 1.022856e+00
ok 18 - Strict Avalanche Criteria - 8 bit keys
# Testing  16-bit keys.......... ok.     # worst-bit:   0.828% error-ratio: 9.919348e-01
ok 19 - Strict Avalanche Criteria - 16 bit keys
# Testing  24-bit keys.......... ok.     # worst-bit:   0.840% error-ratio: 1.005476e+00
ok 20 - Strict Avalanche Criteria - 24 bit keys
# Testing  32-bit keys.......... ok.     # worst-bit:   0.756% error-ratio: 9.957759e-01
ok 21 - Strict Avalanche Criteria - 32 bit keys
# Testing  40-bit keys.......... ok.     # worst-bit:   0.885% error-ratio: 1.001934e+00
ok 22 - Strict Avalanche Criteria - 40 bit keys
# Testing  48-bit keys.......... ok.     # worst-bit:   0.855% error-ratio: 1.007027e+00
ok 23 - Strict Avalanche Criteria - 48 bit keys
# Testing  56-bit keys.......... ok.     # worst-bit:   0.820% error-ratio: 9.899132e-01
ok 24 - Strict Avalanche Criteria - 56 bit keys
# Testing  64-bit keys.......... ok.     # worst-bit:   0.894% error-ratio: 9.819239e-01
ok 25 - Strict Avalanche Criteria - 64 bit keys
# Testing  72-bit keys.......... ok.     # worst-bit:   0.838% error-ratio: 1.002161e+00
ok 26 - Strict Avalanche Criteria - 72 bit keys
# Testing  80-bit keys.......... ok.     # worst-bit:   0.894% error-ratio: 9.955904e-01
ok 27 - Strict Avalanche Criteria - 80 bit keys
# Testing  88-bit keys.......... ok.     # worst-bit:   0.794% error-ratio: 1.001213e+00
ok 28 - Strict Avalanche Criteria - 88 bit keys
# Testing  96-bit keys.......... ok.     # worst-bit:   0.942% error-ratio: 1.000560e+00
ok 29 - Strict Avalanche Criteria - 96 bit keys
# Testing 104-bit keys.......... ok.     # worst-bit:   0.920% error-ratio: 9.860759e-01
ok 30 - Strict Avalanche Criteria - 104 bit keys
# Testing 112-bit keys.......... ok.     # worst-bit:   0.845% error-ratio: 9.991265e-01
ok 31 - Strict Avalanche Criteria - 112 bit keys
# Testing 120-bit keys.......... ok.     # worst-bit:   0.794% error-ratio: 1.011821e+00
ok 32 - Strict Avalanche Criteria - 120 bit keys
# Testing 128-bit keys.......... ok.     # worst-bit:   0.786% error-ratio: 9.977381e-01
ok 33 - Strict Avalanche Criteria - 128 bit keys
# Testing 136-bit keys.......... ok.     # worst-bit:   0.886% error-ratio: 9.907090e-01
ok 34 - Strict Avalanche Criteria - 136 bit keys
# Testing 144-bit keys.......... ok.     # worst-bit:   0.867% error-ratio: 9.971121e-01
ok 35 - Strict Avalanche Criteria - 144 bit keys
# Testing 152-bit keys.......... ok.     # worst-bit:   0.880% error-ratio: 9.992106e-01
ok 36 - Strict Avalanche Criteria - 152 bit keys
# Testing 152-bit keys.......... ok.     # worst-bit:   0.774% error-ratio: 1.005007e+00
ok 37 - Strict Avalanche Criteria - 160 bit keys
# Testing 256-bit keys.......... ok.     # worst-bit:   0.866% error-ratio: 1.003476e+00
ok 38 - Strict Avalanche Criteria - 256 bit keys
ok 39 - Strict Avalanche Criteria # FarmHash128
### Keyset 'Cyclic' Tests ###
# Keyset 'Cyclic' - 8 cycles of 16 bytes - 10000000 keys
# Testing collisions   - Expected     0.00, actual        0 ( 0.00x) - passed
ok 40 - Collision Rate for Keyset 'Cyclic' - 8 cycles of 16 bytes - 10000000 keys
ok 41 - Distribution Bias Check for Keyset 'Cyclic' - 8 cycles of 16 bytes - 10000000 keys
# Keyset 'Cyclic' - 8 cycles of 17 bytes - 10000000 keys
# Testing collisions   - Expected     0.00, actual        0 ( 0.00x) - passed
ok 42 - Collision Rate for Keyset 'Cyclic' - 8 cycles of 17 bytes - 10000000 keys
ok 43 - Distribution Bias Check for Keyset 'Cyclic' - 8 cycles of 17 bytes - 10000000 keys
# Keyset 'Cyclic' - 8 cycles of 18 bytes - 10000000 keys
# Testing collisions   - Expected     0.00, actual        0 ( 0.00x) - passed
ok 44 - Collision Rate for Keyset 'Cyclic' - 8 cycles of 18 bytes - 10000000 keys
ok 45 - Distribution Bias Check for Keyset 'Cyclic' - 8 cycles of 18 bytes - 10000000 keys
# Keyset 'Cyclic' - 8 cycles of 19 bytes - 10000000 keys
# Testing collisions   - Expected     0.00, actual        0 ( 0.00x) - passed
ok 46 - Collision Rate for Keyset 'Cyclic' - 8 cycles of 19 bytes - 10000000 keys
ok 47 - Distribution Bias Check for Keyset 'Cyclic' - 8 cycles of 19 bytes - 10000000 keys
# Keyset 'Cyclic' - 8 cycles of 20 bytes - 10000000 keys
# Testing collisions   - Expected     0.00, actual        0 ( 0.00x) - passed
ok 48 - Collision Rate for Keyset 'Cyclic' - 8 cycles of 20 bytes - 10000000 keys
ok 49 - Distribution Bias Check for Keyset 'Cyclic' - 8 cycles of 20 bytes - 10000000 keys
ok 50 - Keyset 'Cyclic' # FarmHash128
### Keyset 'TwoBytes' Tests ###
# Testing collisions   - Expected     0.00, actual        0 ( 0.00x) - passed
ok 51 - Collision Rate for Keyset 'TwoBytes' - up-to-4-byte keys, 652545 total keys
ok 52 - Distribution Bias Check for Keyset 'TwoBytes' - up-to-4-byte keys, 652545 total keys
# Testing collisions   - Expected     0.00, actual        0 ( 0.00x) - passed
ok 53 - Collision Rate for Keyset 'TwoBytes' - up-to-8-byte keys, 5471025 total keys
ok 54 - Distribution Bias Check for Keyset 'TwoBytes' - up-to-8-byte keys, 5471025 total keys
# Testing collisions   - Expected     0.00, actual        0 ( 0.00x) - passed
ok 55 - Collision Rate for Keyset 'TwoBytes' - up-to-12-byte keys, 18616785 total keys
ok 56 - Distribution Bias Check for Keyset 'TwoBytes' - up-to-12-byte keys, 18616785 total keys
# Testing collisions   - Expected     0.00, actual        0 ( 0.00x) - passed
ok 57 - Collision Rate for Keyset 'TwoBytes' - up-to-16-byte keys, 44251425 total keys
ok 58 - Distribution Bias Check for Keyset 'TwoBytes' - up-to-16-byte keys, 44251425 total keys
# Testing collisions   - Expected     0.00, actual        0 ( 0.00x) - passed
ok 59 - Collision Rate for Keyset 'TwoBytes' - up-to-20-byte keys, 86536545 total keys
ok 60 - Distribution Bias Check for Keyset 'TwoBytes' - up-to-20-byte keys, 86536545 total keys
ok 61 - Keyset 'TwoBytes' # FarmHash128
### Keyset 'Sparse' Tests ###
# Keyset 'Sparse' - 32-bit keys with up to 6 bits set - 1149017 keys
# Testing collisions   - Expected     0.00, actual        0 ( 0.00x) - passed
ok 62 - Collision Rate for Keyset 'Sparse' - 32-bit keys with up to 6 bits set
ok 63 - Distribution Bias Check for Keyset 'Sparse' - 32-bit keys with up to 6 bits set
# Keyset 'Sparse' - 40-bit keys with up to 6 bits set - 4598479 keys
# Testing collisions   - Expected     0.00, actual        0 ( 0.00x) - passed
ok 64 - Collision Rate for Keyset 'Sparse' - 40-bit keys with up to 6 bits set
ok 65 - Distribution Bias Check for Keyset 'Sparse' - 40-bit keys with up to 6 bits set
# Keyset 'Sparse' - 48-bit keys with up to 5 bits set - 1925357 keys
# Testing collisions   - Expected     0.00, actual        0 ( 0.00x) - passed
ok 66 - Collision Rate for Keyset 'Sparse' - 48-bit keys with up to 5 bits set
ok 67 - Distribution Bias Check for Keyset 'Sparse' - 48-bit keys with up to 5 bits set
# Keyset 'Sparse' - 56-bit keys with up to 5 bits set - 4216423 keys
# Testing collisions   - Expected     0.00, actual        0 ( 0.00x) - passed
ok 68 - Collision Rate for Keyset 'Sparse' - 56-bit keys with up to 5 bits set
ok 69 - Distribution Bias Check for Keyset 'Sparse' - 56-bit keys with up to 5 bits set
# Keyset 'Sparse' - 64-bit keys with up to 5 bits set - 8303633 keys
# Testing collisions   - Expected     0.00, actual        0 ( 0.00x) - passed
ok 70 - Collision Rate for Keyset 'Sparse' - 64-bit keys with up to 5 bits set
ok 71 - Distribution Bias Check for Keyset 'Sparse' - 64-bit keys with up to 5 bits set
# Keyset 'Sparse' - 96-bit keys with up to 4 bits set - 3469497 keys
# Testing collisions   - Expected     0.00, actual        0 ( 0.00x) - passed
ok 72 - Collision Rate for Keyset 'Sparse' - 96-bit keys with up to 4 bits set
ok 73 - Distribution Bias Check for Keyset 'Sparse' - 96-bit keys with up to 4 bits set
# Keyset 'Sparse' - 256-bit keys with up to 3 bits set - 2796417 keys
# Testing collisions   - Expected     0.00, actual        0 ( 0.00x) - passed
ok 74 - Collision Rate for Keyset 'Sparse' - 256-bit keys with up to 3 bits set
ok 75 - Distribution Bias Check for Keyset 'Sparse' - 256-bit keys with up to 3 bits set
# Keyset 'Sparse' - 2048-bit keys with up to 2 bits set - 2098177 keys
# Testing collisions   - Expected     0.00, actual        0 ( 0.00x) - passed
ok 76 - Collision Rate for Keyset 'Sparse' - 2048-bit keys with up to 2 bits set
ok 77 - Distribution Bias Check for Keyset 'Sparse' - 2048-bit keys with up to 2 bits set
ok 78 - Keyset 'Sparse' # FarmHash128
# Keyset 'CRC-MultiCollision' - 1048575 x 16 block keys - 128-bytes long - 10 seeds
# Testing collisions   - Expected     0.00, actual        0 ( 0.00x) - passed
ok 79 - Collision Rate for Keyset 'CRC-MultiCollision' - seed 1 # FarmHash128
# Testing collisions   - Expected     0.00, actual        0 ( 0.00x) - passed
ok 80 - Collision Rate for Keyset 'CRC-MultiCollision' - seed 2 # FarmHash128
# Testing collisions   - Expected     0.00, actual        0 ( 0.00x) - passed
ok 81 - Collision Rate for Keyset 'CRC-MultiCollision' - seed 3 # FarmHash128
# Testing collisions   - Expected     0.00, actual        0 ( 0.00x) - passed
ok 82 - Collision Rate for Keyset 'CRC-MultiCollision' - seed 4 # FarmHash128
# Testing collisions   - Expected     0.00, actual        0 ( 0.00x) - passed
ok 83 - Collision Rate for Keyset 'CRC-MultiCollision' - seed 5 # FarmHash128
# Testing collisions   - Expected     0.00, actual        0 ( 0.00x) - passed
ok 84 - Collision Rate for Keyset 'CRC-MultiCollision' - seed 6 # FarmHash128
# Testing collisions   - Expected     0.00, actual        0 ( 0.00x) - passed
ok 85 - Collision Rate for Keyset 'CRC-MultiCollision' - seed 7 # FarmHash128
# Testing collisions   - Expected     0.00, actual        0 ( 0.00x) - passed
ok 86 - Collision Rate for Keyset 'CRC-MultiCollision' - seed 8 # FarmHash128
# Testing collisions   - Expected     0.00, actual        0 ( 0.00x) - passed
ok 87 - Collision Rate for Keyset 'CRC-MultiCollision' - seed 9 # FarmHash128
# Testing collisions   - Expected     0.00, actual        0 ( 0.00x) - passed
ok 88 - Collision Rate for Keyset 'CRC-MultiCollision' - seed 10 # FarmHash128
### Keyset 'Combination Lowbits' Tests ###
# Keyset 'Combination' - up to 8 blocks from a set of 8 - 19173960 keys
# Testing collisions   - Expected     0.00, actual        0 ( 0.00x) - passed
ok 89 - Collision Rate for Keyset 'Combination Lowbits'
ok 90 - Distribution Bias Check for Keyset 'Combination Lowbits'
ok 91 - Keyset 'Combination Lowbits' # FarmHash128
### Keyset 'Combination Highbits' Tests ###
# Keyset 'Combination' - up to 8 blocks from a set of 8 - 19173960 keys
# Testing collisions   - Expected     0.00, actual        0 ( 0.00x) - passed
ok 92 - Collision Rate for Keyset 'Combination Highbits'
ok 93 - Distribution Bias Check for Keyset 'Combination Highbits'
ok 94 - Keyset 'Combination Highbits' # FarmHash128
### Keyset 'Combination Highbits2' Tests ###
# Keyset 'Combination' - up to 8 blocks from a set of 8 - 19173960 keys
# Testing collisions   - Expected     0.00, actual        0 ( 0.00x) - passed
ok 95 - Collision Rate for Keyset 'Combination Highbits2'
ok 96 - Distribution Bias Check for Keyset 'Combination Highbits2'
ok 97 - Keyset 'Combination Highbits2' # FarmHash128
### Keyset 'Combination 0x80000000' Tests ###
# Keyset 'Combination' - up to 20 blocks from a set of 2 - 2097150 keys
# Testing collisions   - Expected     0.00, actual        0 ( 0.00x) - passed
ok 98 - Collision Rate for Keyset 'Combination 0x80000000'
ok 99 - Distribution Bias Check for Keyset 'Combination 0x80000000'
ok 100 - Keyset 'Combination 0x80000000' # FarmHash128
### Keyset 'Combination 0x00000001' Tests ###
# Keyset 'Combination' - up to 20 blocks from a set of 2 - 2097150 keys
# Testing collisions   - Expected     0.00, actual        0 ( 0.00x) - passed
ok 101 - Collision Rate for Keyset 'Combination 0x00000001'
ok 102 - Distribution Bias Check for Keyset 'Combination 0x00000001'
ok 103 - Keyset 'Combination 0x00000001' # FarmHash128
### Keyset 'Combination Hi-Lo' Tests ###
# Keyset 'Combination' - up to 6 blocks from a set of 15 - 12204240 keys
# Testing collisions   - Expected     0.00, actual        0 ( 0.00x) - passed
ok 104 - Collision Rate for Keyset 'Combination Hi-Lo'
ok 105 - Distribution Bias Check for Keyset 'Combination Hi-Lo'
ok 106 - Keyset 'Combination Hi-Lo' # FarmHash128
### Keyset 'Text' Tests ###
# Keyset 'Text' - keys of form "Foo[XXXX]Bar" - 14776336 keys
# Testing collisions   - Expected     0.00, actual        0 ( 0.00x) - passed
ok 107 - Collision Rate for Keyset 'Text' - keys of form "Foo[XXXX]Bar" - 14776336 keys
ok 108 - Distribution Bias Check for Keyset 'Text' - keys of form "Foo[XXXX]Bar" - 14776336 keys
# Keyset 'Text' - keys of form "FooBar[XXXX]" - 14776336 keys
# Testing collisions   - Expected     0.00, actual        0 ( 0.00x) - passed
ok 109 - Collision Rate for Keyset 'Text' - keys of form "FooBar[XXXX]" - 14776336 keys
ok 110 - Distribution Bias Check for Keyset 'Text' - keys of form "FooBar[XXXX]" - 14776336 keys
# Keyset 'Text' - keys of form "[XXXX]FooBar" - 14776336 keys
# Testing collisions   - Expected     0.00, actual        0 ( 0.00x) - passed
ok 111 - Collision Rate for Keyset 'Text' - keys of form "[XXXX]FooBar" - 14776336 keys
ok 112 - Distribution Bias Check for Keyset 'Text' - keys of form "[XXXX]FooBar" - 14776336 keys
ok 113 - Keyset 'Text' # FarmHash128
### Keyset 'Zeroes' Tests ###
# Keyset 'Zeroes' - 262144 keys
# Testing collisions   - Expected     0.00, actual        0 ( 0.00x) - passed
ok 114 - Collision Rate for Keyset 'Zeroes' - 262144 keys
ok 115 - Distribution Bias Check for Keyset 'Zeroes' - 262144 keys
ok 116 - Keyset 'Zeroes' # FarmHash128
### Keyset 'Seed' Tests ###
# Keyset 'Seed' - 2000000 seeds, Key "The quick brown fox "...
# Testing collisions   - Expected     0.00, actual        0 ( 0.00x) - passed
ok 117 - Collision Rate for Keyset 'Seed' - 2000000 seeds, Key "The quick brown fox "...
ok 118 - Distribution Bias Check for Keyset 'Seed' - 2000000 seeds, Key "The quick brown fox "...
# Keyset 'Seed' - 2000000 seeds, Key ""
# Testing collisions   - Expected     0.00, actual        0 ( 0.00x) - passed
ok 119 - Collision Rate for Keyset 'Seed' - 2000000 seeds, Key ""
ok 120 - Distribution Bias Check for Keyset 'Seed' - 2000000 seeds, Key ""
# Keyset 'Seed' - 2000000 seeds, Key "00101100110101101"
# Testing collisions   - Expected     0.00, actual        0 ( 0.00x) - passed
ok 121 - Collision Rate for Keyset 'Seed' - 2000000 seeds, Key "00101100110101101"
ok 122 - Distribution Bias Check for Keyset 'Seed' - 2000000 seeds, Key "00101100110101101"
# Keyset 'Seed' - 2000000 seeds, Key "abcbcddbdebdcaaabaaa"...
# Testing collisions   - Expected     0.00, actual        0 ( 0.00x) - passed
ok 123 - Collision Rate for Keyset 'Seed' - 2000000 seeds, Key "abcbcddbdebdcaaabaaa"...
ok 124 - Distribution Bias Check for Keyset 'Seed' - 2000000 seeds, Key "abcbcddbdebdcaaabaaa"...
ok 125 - Keyset 'Seed' # FarmHash128
### Keyset 'Effs' Tests ###
# Keyset 'Effs' - 262144 keys
# Testing collisions   - Expected     0.00, actual        0 ( 0.00x) - passed
ok 126 - Collision Rate for Keyset 'Effs' - 262144 keys
ok 127 - Distribution Bias Check for Keyset 'Effs' - 262144 keys
ok 128 - Keyset 'Effs' # FarmHash128
ok 129 - all tests passed # FarmHash128
1..129
# All Tests Passed. FarmHash128 passed all 129 tests run.
# Testing took 3124.612340 seconds
# This is SMHasher version v1.0-demerphq-5-g86440f3 - built on Mar 10 2017.
