ok 1 - SelfTest - Verify 89 Hashes
ok 2 - Found Hash # fasthash32
###################################################################
### Testing fasthash32 - no seed_state
### - fast-hash 32bit -
### seedbits: 32 statebits: 32 hashbits: 32
###################################################################
### Sanity Tests ###
ok 3 - Verification code # fasthash32
# Sanity check simple key bit flips and consistency..........
ok 4 - SanityTest # fasthash32
# Sanity check null suffixes change the hash (simple)..........
ok 5 - Appended Zeroes Test # fasthash32
ok 6 - Sanity Test # fasthash32
### Speed Tests ###
## Bulk speed test - 262144-byte keys
# Alignment  7 -  2.397 bytes/cycle - 6857.51 MiB/sec @ 3 ghz
# Alignment  6 -  2.397 bytes/cycle - 6857.50 MiB/sec @ 3 ghz
# Alignment  5 -  2.397 bytes/cycle - 6857.52 MiB/sec @ 3 ghz
# Alignment  4 -  2.397 bytes/cycle - 6857.50 MiB/sec @ 3 ghz
# Alignment  3 -  2.397 bytes/cycle - 6857.52 MiB/sec @ 3 ghz
# Alignment  2 -  2.397 bytes/cycle - 6857.52 MiB/sec @ 3 ghz
# Alignment  1 -  2.397 bytes/cycle - 6857.50 MiB/sec @ 3 ghz
# Alignment  0 -  2.397 bytes/cycle - 6857.70 MiB/sec @ 3 ghz
# Average      -  2.397 bytes/cycle - 6857.53 MiB/sec @ 3 ghz
## KeySpeed tests
# fasthash32                0 byte keys       14.000 c/h
# fasthash32                1 byte keys       19.000 c/h       19.000 c/b        0.053 b/c
# fasthash32                2 byte keys       22.000 c/h       11.000 c/b        0.091 b/c
# fasthash32                3 byte keys       23.000 c/h        7.667 c/b        0.130 b/c
# fasthash32                4 byte keys       24.000 c/h        6.000 c/b        0.167 b/c
# fasthash32                5 byte keys       24.900 c/h        4.980 c/b        0.201 b/c
# fasthash32                6 byte keys       24.000 c/h        4.000 c/b        0.250 b/c
# fasthash32                7 byte keys       24.437 c/h        3.491 c/b        0.286 b/c
# fasthash32                8 byte keys       29.000 c/h        3.625 c/b        0.276 b/c
# fasthash32                9 byte keys       33.000 c/h        3.667 c/b        0.273 b/c
# fasthash32               10 byte keys       33.000 c/h        3.300 c/b        0.303 b/c
# fasthash32               11 byte keys       33.000 c/h        3.000 c/b        0.333 b/c
# fasthash32               12 byte keys       33.000 c/h        2.750 c/b        0.364 b/c
# fasthash32               13 byte keys       33.181 c/h        2.552 c/b        0.392 b/c
# fasthash32               14 byte keys       33.000 c/h        2.357 c/b        0.424 b/c
# fasthash32               15 byte keys       33.000 c/h        2.200 c/b        0.455 b/c
# fasthash32               16 byte keys       32.000 c/h        2.000 c/b        0.500 b/c
# fasthash32               17 byte keys       36.641 c/h        2.155 c/b        0.464 b/c
# fasthash32               18 byte keys       36.000 c/h        2.000 c/b        0.500 b/c
# fasthash32               19 byte keys       36.000 c/h        1.895 c/b        0.528 b/c
# fasthash32               20 byte keys       36.000 c/h        1.800 c/b        0.556 b/c
# fasthash32               21 byte keys       36.241 c/h        1.726 c/b        0.579 b/c
# fasthash32               22 byte keys       36.943 c/h        1.679 c/b        0.596 b/c
# fasthash32               23 byte keys       37.328 c/h        1.623 c/b        0.616 b/c
# fasthash32               24 byte keys       35.763 c/h        1.490 c/b        0.671 b/c
# fasthash32               25 byte keys       40.000 c/h        1.600 c/b        0.625 b/c
# fasthash32               26 byte keys       40.000 c/h        1.538 c/b        0.650 b/c
# fasthash32               27 byte keys       40.000 c/h        1.481 c/b        0.675 b/c
# fasthash32               28 byte keys       40.000 c/h        1.429 c/b        0.700 b/c
# fasthash32               29 byte keys       40.000 c/h        1.379 c/b        0.725 b/c
# fasthash32               30 byte keys       40.000 c/h        1.333 c/b        0.750 b/c
# fasthash32               31 byte keys       40.000 c/h        1.290 c/b        0.775 b/c
#                          Average < 32       32.451 c/h        2.094 c/b        0.478 b/c
# fasthash32               32 byte keys       39.000 c/h        1.219 c/b        0.821 b/c
# fasthash32               36 byte keys       43.000 c/h        1.194 c/b        0.837 b/c
# fasthash32               40 byte keys       42.000 c/h        1.050 c/b        0.952 b/c
# fasthash32               44 byte keys       47.330 c/h        1.076 c/b        0.930 b/c
# fasthash32               48 byte keys       45.917 c/h        0.957 c/b        1.045 b/c
# fasthash32               52 byte keys       50.000 c/h        0.962 c/b        1.040 b/c
# fasthash32               56 byte keys       49.000 c/h        0.875 c/b        1.143 b/c
# fasthash32               60 byte keys       53.000 c/h        0.883 c/b        1.132 b/c
# fasthash32               64 byte keys       52.000 c/h        0.812 c/b        1.231 b/c
# fasthash32               68 byte keys       56.000 c/h        0.824 c/b        1.214 b/c
# fasthash32               72 byte keys       55.757 c/h        0.774 c/b        1.291 b/c
# fasthash32               76 byte keys       60.000 c/h        0.789 c/b        1.267 b/c
# fasthash32               80 byte keys       59.000 c/h        0.738 c/b        1.356 b/c
# fasthash32               84 byte keys       63.654 c/h        0.758 c/b        1.320 b/c
# fasthash32               88 byte keys       62.000 c/h        0.705 c/b        1.419 b/c
# fasthash32               92 byte keys       66.278 c/h        0.720 c/b        1.388 b/c
# fasthash32               96 byte keys       65.783 c/h        0.685 c/b        1.459 b/c
# fasthash32              100 byte keys       70.000 c/h        0.700 c/b        1.429 b/c
# fasthash32              104 byte keys       69.000 c/h        0.663 c/b        1.507 b/c
# fasthash32              108 byte keys       75.082 c/h        0.695 c/b        1.438 b/c
# fasthash32              112 byte keys       72.000 c/h        0.643 c/b        1.556 b/c
# fasthash32              116 byte keys       76.958 c/h        0.663 c/b        1.507 b/c
# fasthash32              120 byte keys       75.993 c/h        0.633 c/b        1.579 b/c
# fasthash32              124 byte keys       80.000 c/h        0.645 c/b        1.550 b/c
#                         Average < 128       44.057 c/h        1.042 c/b        0.960 b/c
# fasthash32              128 byte keys       79.000 c/h        0.617 c/b        1.620 b/c
# fasthash32              256 byte keys      141.597 c/h        0.553 c/b        1.808 b/c
# fasthash32              512 byte keys      248.508 c/h        0.485 c/b        2.060 b/c
# fasthash32             1024 byte keys      461.970 c/h        0.451 c/b        2.217 b/c
# fasthash32             2048 byte keys      888.838 c/h        0.434 c/b        2.304 b/c
# fasthash32             4096 byte keys     1742.784 c/h        0.425 c/b        2.350 b/c
# fasthash32             8192 byte keys     3450.753 c/h        0.421 c/b        2.374 b/c
# fasthash32            16384 byte keys     6866.660 c/h        0.419 c/b        2.386 b/c
# fasthash32            32768 byte keys    13697.285 c/h        0.418 c/b        2.392 b/c
# fasthash32            65536 byte keys    27366.453 c/h        0.418 c/b        2.395 b/c
#                       Overall Average      869.864 c/h        0.431 c/b        2.322 b/c
ok 7 - Speed (always passes) # fasthash32
### Differential Tests ###
# Testing 8303632 up-to-5-bit differentials in 64-bit keys -> 32 bit hashes.
# 1000 reps, 8303632000 total tests, expecting 1.93 random collisions..........
ok 8 - Differential collisions # fasthash32
ok 9 - Nothing skipped during differential collision check # fasthash32
# 3 total collisions, of which 3 single collisions were ignored
ok 10 - ProcessDifferentials
# Testing 11017632 up-to-4-bit differentials in 128-bit keys -> 32 bit hashes.
# 1000 reps, 11017632000 total tests, expecting 2.57 random collisions..........
ok 11 - Differential collisions # fasthash32
ok 12 - Nothing skipped during differential collision check # fasthash32
# 3 total collisions, of which 3 single collisions were ignored
ok 13 - ProcessDifferentials
# Testing 2796416 up-to-3-bit differentials in 256-bit keys -> 32 bit hashes.
# 1000 reps, 2796416000 total tests, expecting 0.65 random collisions..........
ok 14 - Differential collisions # fasthash32
ok 15 - Nothing skipped during differential collision check # fasthash32
# 0 total collisions, of which 0 single collisions were ignored
ok 16 - ProcessDifferentials
ok 17 - Differential # fasthash32
### Avalanche Tests ### - seed-bits: 32 hash-bits: 32
# Samples 1000000, expected error 0.00025600, confidence level 99.99994267%
# Testing   0-bit keys.......... ok.     # worst-bit:   0.325% error-ratio: 1.212882e+00
ok 18 - Strict Avalanche Criteria - 0 bit keys
# Testing   8-bit keys.......... ok.     # worst-bit:   0.303% error-ratio: 1.029282e+00
ok 19 - Strict Avalanche Criteria - 8 bit keys
# Testing  16-bit keys.......... ok.     # worst-bit:   0.359% error-ratio: 1.026579e+00
ok 20 - Strict Avalanche Criteria - 16 bit keys
# Testing  24-bit keys.......... ok.     # worst-bit:   0.356% error-ratio: 1.036823e+00
ok 21 - Strict Avalanche Criteria - 24 bit keys
# Testing  32-bit keys.......... ok.     # worst-bit:   0.376% error-ratio: 1.001097e+00
ok 22 - Strict Avalanche Criteria - 32 bit keys
# Testing  40-bit keys.......... ok.     # worst-bit:   0.365% error-ratio: 1.042823e+00
ok 23 - Strict Avalanche Criteria - 40 bit keys
# Testing  48-bit keys.......... ok.     # worst-bit:   0.341% error-ratio: 9.634213e-01
ok 24 - Strict Avalanche Criteria - 48 bit keys
# Testing  56-bit keys.......... ok.     # worst-bit:   0.377% error-ratio: 1.031076e+00
ok 25 - Strict Avalanche Criteria - 56 bit keys
# Testing  64-bit keys.......... ok.     # worst-bit:   0.385% error-ratio: 1.002198e+00
ok 26 - Strict Avalanche Criteria - 64 bit keys
# Testing  72-bit keys.......... ok.     # worst-bit:   0.390% error-ratio: 9.758857e-01
ok 27 - Strict Avalanche Criteria - 72 bit keys
# Testing  80-bit keys.......... ok.     # worst-bit:   0.396% error-ratio: 9.822345e-01
ok 28 - Strict Avalanche Criteria - 80 bit keys
# Testing  88-bit keys.......... ok.     # worst-bit:   0.353% error-ratio: 9.893588e-01
ok 29 - Strict Avalanche Criteria - 88 bit keys
# Testing  96-bit keys.......... ok.     # worst-bit:   0.360% error-ratio: 9.936385e-01
ok 30 - Strict Avalanche Criteria - 96 bit keys
# Testing 104-bit keys.......... ok.     # worst-bit:   0.380% error-ratio: 1.003042e+00
ok 31 - Strict Avalanche Criteria - 104 bit keys
# Testing 112-bit keys.......... ok.     # worst-bit:   0.367% error-ratio: 1.027761e+00
ok 32 - Strict Avalanche Criteria - 112 bit keys
# Testing 120-bit keys.......... ok.     # worst-bit:   0.395% error-ratio: 9.821468e-01
ok 33 - Strict Avalanche Criteria - 120 bit keys
# Testing 128-bit keys.......... ok.     # worst-bit:   0.455% error-ratio: 1.041120e+00
ok 34 - Strict Avalanche Criteria - 128 bit keys
# Testing 136-bit keys.......... ok.     # worst-bit:   0.367% error-ratio: 9.876563e-01
ok 35 - Strict Avalanche Criteria - 136 bit keys
# Testing 144-bit keys.......... ok.     # worst-bit:   0.415% error-ratio: 9.959580e-01
ok 36 - Strict Avalanche Criteria - 144 bit keys
# Testing 152-bit keys.......... ok.     # worst-bit:   0.398% error-ratio: 1.016021e+00
ok 37 - Strict Avalanche Criteria - 152 bit keys
# Testing 152-bit keys.......... ok.     # worst-bit:   0.383% error-ratio: 1.013864e+00
ok 38 - Strict Avalanche Criteria - 160 bit keys
# Testing 256-bit keys.......... ok.     # worst-bit:   0.441% error-ratio: 9.762220e-01
ok 39 - Strict Avalanche Criteria - 256 bit keys
ok 40 - Strict Avalanche Criteria # fasthash32
### Keyset 'Cyclic' Tests ###
# Keyset 'Cyclic' - 8 cycles of 4 bytes - 10000000 keys
# Testing collisions   - Expected 11641.53, actual    11549 ( 0.99x) - passed
ok 41 - Collision Rate for Keyset 'Cyclic' - 8 cycles of 4 bytes - 10000000 keys
ok 42 - Distribution Bias Check for Keyset 'Cyclic' - 8 cycles of 4 bytes - 10000000 keys
# Keyset 'Cyclic' - 8 cycles of 5 bytes - 10000000 keys
# Testing collisions   - Expected 11641.53, actual    11607 ( 1.00x) - passed
ok 43 - Collision Rate for Keyset 'Cyclic' - 8 cycles of 5 bytes - 10000000 keys
ok 44 - Distribution Bias Check for Keyset 'Cyclic' - 8 cycles of 5 bytes - 10000000 keys
# Keyset 'Cyclic' - 8 cycles of 6 bytes - 10000000 keys
# Testing collisions   - Expected 11641.53, actual    11590 ( 1.00x) - passed
ok 45 - Collision Rate for Keyset 'Cyclic' - 8 cycles of 6 bytes - 10000000 keys
ok 46 - Distribution Bias Check for Keyset 'Cyclic' - 8 cycles of 6 bytes - 10000000 keys
# Keyset 'Cyclic' - 8 cycles of 7 bytes - 10000000 keys
# Testing collisions   - Expected 11641.53, actual    11485 ( 0.99x) - passed
ok 47 - Collision Rate for Keyset 'Cyclic' - 8 cycles of 7 bytes - 10000000 keys
ok 48 - Distribution Bias Check for Keyset 'Cyclic' - 8 cycles of 7 bytes - 10000000 keys
# Keyset 'Cyclic' - 8 cycles of 8 bytes - 10000000 keys
# Testing collisions   - Expected 11641.53, actual    11686 ( 1.00x) - passed
ok 49 - Collision Rate for Keyset 'Cyclic' - 8 cycles of 8 bytes - 10000000 keys
ok 50 - Distribution Bias Check for Keyset 'Cyclic' - 8 cycles of 8 bytes - 10000000 keys
ok 51 - Keyset 'Cyclic' # fasthash32
### Keyset 'TwoBytes' Tests ###
# Testing collisions   - Expected    49.57, actual       48 ( 0.97x) - passed
ok 52 - Collision Rate for Keyset 'TwoBytes' - up-to-4-byte keys, 652545 total keys
ok 53 - Distribution Bias Check for Keyset 'TwoBytes' - up-to-4-byte keys, 652545 total keys
# Testing collisions   - Expected  3484.56, actual     3520 ( 1.01x) - passed
ok 54 - Collision Rate for Keyset 'TwoBytes' - up-to-8-byte keys, 5471025 total keys
ok 55 - Distribution Bias Check for Keyset 'TwoBytes' - up-to-8-byte keys, 5471025 total keys
# Testing collisions   - Expected 40347.77, actual    40265 ( 1.00x) - passed
ok 56 - Collision Rate for Keyset 'TwoBytes' - up-to-12-byte keys, 18616785 total keys
ok 57 - Distribution Bias Check for Keyset 'TwoBytes' - up-to-12-byte keys, 18616785 total keys
# Testing collisions   - Expected 227963.15, actual   227756 ( 1.00x) - passed
ok 58 - Collision Rate for Keyset 'TwoBytes' - up-to-16-byte keys, 44251425 total keys
ok 59 - Distribution Bias Check for Keyset 'TwoBytes' - up-to-16-byte keys, 44251425 total keys
# Testing collisions   - Expected 871784.70, actual   866122 ( 0.99x) - passed
ok 60 - Collision Rate for Keyset 'TwoBytes' - up-to-20-byte keys, 86536545 total keys
ok 61 - Distribution Bias Check for Keyset 'TwoBytes' - up-to-20-byte keys, 86536545 total keys
ok 62 - Keyset 'TwoBytes' # fasthash32
### Keyset 'Sparse' Tests ###
# Keyset 'Sparse' - 32-bit keys with up to 6 bits set - 1149017 keys
# Testing collisions   - Expected   153.70, actual      150 ( 0.98x) - passed
ok 63 - Collision Rate for Keyset 'Sparse' - 32-bit keys with up to 6 bits set
ok 64 - Distribution Bias Check for Keyset 'Sparse' - 32-bit keys with up to 6 bits set
# Keyset 'Sparse' - 40-bit keys with up to 6 bits set - 4598479 keys
# Testing collisions   - Expected  2461.72, actual     2457 ( 1.00x) - passed
ok 65 - Collision Rate for Keyset 'Sparse' - 40-bit keys with up to 6 bits set
ok 66 - Distribution Bias Check for Keyset 'Sparse' - 40-bit keys with up to 6 bits set
# Keyset 'Sparse' - 48-bit keys with up to 5 bits set - 1925357 keys
# Testing collisions   - Expected   431.55, actual      437 ( 1.01x) - passed
ok 67 - Collision Rate for Keyset 'Sparse' - 48-bit keys with up to 5 bits set
ok 68 - Distribution Bias Check for Keyset 'Sparse' - 48-bit keys with up to 5 bits set
# Keyset 'Sparse' - 56-bit keys with up to 5 bits set - 4216423 keys
# Testing collisions   - Expected  2069.66, actual     2104 ( 1.02x) - passed
ok 69 - Collision Rate for Keyset 'Sparse' - 56-bit keys with up to 5 bits set
ok 70 - Distribution Bias Check for Keyset 'Sparse' - 56-bit keys with up to 5 bits set
# Keyset 'Sparse' - 64-bit keys with up to 5 bits set - 8303633 keys
# Testing collisions   - Expected  8026.87, actual     7945 ( 0.99x) - passed
ok 71 - Collision Rate for Keyset 'Sparse' - 64-bit keys with up to 5 bits set
ok 72 - Distribution Bias Check for Keyset 'Sparse' - 64-bit keys with up to 5 bits set
# Keyset 'Sparse' - 96-bit keys with up to 4 bits set - 3469497 keys
# Testing collisions   - Expected  1401.34, actual     1398 ( 1.00x) - passed
ok 73 - Collision Rate for Keyset 'Sparse' - 96-bit keys with up to 4 bits set
ok 74 - Distribution Bias Check for Keyset 'Sparse' - 96-bit keys with up to 4 bits set
# Keyset 'Sparse' - 256-bit keys with up to 3 bits set - 2796417 keys
# Testing collisions   - Expected   910.36, actual      959 ( 1.05x) - passed
ok 75 - Collision Rate for Keyset 'Sparse' - 256-bit keys with up to 3 bits set
ok 76 - Distribution Bias Check for Keyset 'Sparse' - 256-bit keys with up to 3 bits set
# Keyset 'Sparse' - 2048-bit keys with up to 2 bits set - 2098177 keys
# Testing collisions   - Expected   512.50, actual      474 ( 0.92x) - passed
ok 77 - Collision Rate for Keyset 'Sparse' - 2048-bit keys with up to 2 bits set
ok 78 - Distribution Bias Check for Keyset 'Sparse' - 2048-bit keys with up to 2 bits set
ok 79 - Keyset 'Sparse' # fasthash32
# Keyset 'CRC-MultiCollision' - 100000 x 16 block keys - 128-bytes long - 10 seeds
# Testing collisions   - Expected     1.16, actual        0 ( 0.00x) - passed
ok 80 - Collision Rate for Keyset 'CRC-MultiCollision' - seed 1 # fasthash32
# Testing collisions   - Expected     1.16, actual        2 ( 1.72x) - passed
ok 81 - Collision Rate for Keyset 'CRC-MultiCollision' - seed 2 # fasthash32
# Testing collisions   - Expected     1.16, actual        1 ( 0.86x) - passed
ok 82 - Collision Rate for Keyset 'CRC-MultiCollision' - seed 3 # fasthash32
# Testing collisions   - Expected     1.16, actual        0 ( 0.00x) - passed
ok 83 - Collision Rate for Keyset 'CRC-MultiCollision' - seed 4 # fasthash32
# Testing collisions   - Expected     1.16, actual        2 ( 1.72x) - passed
ok 84 - Collision Rate for Keyset 'CRC-MultiCollision' - seed 5 # fasthash32
# Testing collisions   - Expected     1.16, actual        3 ( 2.58x) - failed
not ok 85 - Collision Rate for Keyset 'CRC-MultiCollision' - seed 6 # fasthash32
# Testing collisions   - Expected     1.16, actual        1 ( 0.86x) - passed
ok 86 - Collision Rate for Keyset 'CRC-MultiCollision' - seed 7 # fasthash32
# Testing collisions   - Expected     1.16, actual        1 ( 0.86x) - passed
ok 87 - Collision Rate for Keyset 'CRC-MultiCollision' - seed 8 # fasthash32
# Testing collisions   - Expected     1.16, actual        3 ( 2.58x) - failed
not ok 88 - Collision Rate for Keyset 'CRC-MultiCollision' - seed 9 # fasthash32
# Testing collisions   - Expected     1.16, actual        0 ( 0.00x) - passed
ok 89 - Collision Rate for Keyset 'CRC-MultiCollision' - seed 10 # fasthash32
### Keyset 'Combination Lowbits' Tests ###
# Keyset 'Combination' - up to 8 blocks from a set of 8 - 19173960 keys
# Testing collisions   - Expected 42799.01, actual    42757 ( 1.00x) - passed
ok 90 - Collision Rate for Keyset 'Combination Lowbits'
ok 91 - Distribution Bias Check for Keyset 'Combination Lowbits'
ok 92 - Keyset 'Combination Lowbits' # fasthash32
### Keyset 'Combination Highbits' Tests ###
# Keyset 'Combination' - up to 8 blocks from a set of 8 - 19173960 keys
# Testing collisions   - Expected 42799.01, actual    42773 ( 1.00x) - passed
ok 93 - Collision Rate for Keyset 'Combination Highbits'
ok 94 - Distribution Bias Check for Keyset 'Combination Highbits'
ok 95 - Keyset 'Combination Highbits' # fasthash32
### Keyset 'Combination Highbits2' Tests ###
# Keyset 'Combination' - up to 8 blocks from a set of 8 - 19173960 keys
# Testing collisions   - Expected 42799.01, actual    42798 ( 1.00x) - passed
ok 96 - Collision Rate for Keyset 'Combination Highbits2'
ok 97 - Distribution Bias Check for Keyset 'Combination Highbits2'
ok 98 - Keyset 'Combination Highbits2' # fasthash32
### Keyset 'Combination 0x80000000' Tests ###
# Keyset 'Combination' - up to 20 blocks from a set of 2 - 2097150 keys
# Testing collisions   - Expected   512.00, actual      535 ( 1.04x) - passed
ok 99 - Collision Rate for Keyset 'Combination 0x80000000'
ok 100 - Distribution Bias Check for Keyset 'Combination 0x80000000'
ok 101 - Keyset 'Combination 0x80000000' # fasthash32
### Keyset 'Combination 0x00000001' Tests ###
# Keyset 'Combination' - up to 20 blocks from a set of 2 - 2097150 keys
# Testing collisions   - Expected   512.00, actual      535 ( 1.04x) - passed
ok 102 - Collision Rate for Keyset 'Combination 0x00000001'
ok 103 - Distribution Bias Check for Keyset 'Combination 0x00000001'
ok 104 - Keyset 'Combination 0x00000001' # fasthash32
### Keyset 'Combination Hi-Lo' Tests ###
# Keyset 'Combination' - up to 6 blocks from a set of 15 - 12204240 keys
# Testing collisions   - Expected 17339.30, actual    17445 ( 1.01x) - passed
ok 105 - Collision Rate for Keyset 'Combination Hi-Lo'
ok 106 - Distribution Bias Check for Keyset 'Combination Hi-Lo'
ok 107 - Keyset 'Combination Hi-Lo' # fasthash32
### Keyset 'Text' Tests ###
# Keyset 'Text' - keys of form "Foo[XXXX]Bar" - 14776336 keys
# Testing collisions   - Expected 25418.13, actual    25572 ( 1.01x) - passed
ok 108 - Collision Rate for Keyset 'Text' - keys of form "Foo[XXXX]Bar" - 14776336 keys
ok 109 - Distribution Bias Check for Keyset 'Text' - keys of form "Foo[XXXX]Bar" - 14776336 keys
# Keyset 'Text' - keys of form "FooBar[XXXX]" - 14776336 keys
# Testing collisions   - Expected 25418.13, actual    25405 ( 1.00x) - passed
ok 110 - Collision Rate for Keyset 'Text' - keys of form "FooBar[XXXX]" - 14776336 keys
ok 111 - Distribution Bias Check for Keyset 'Text' - keys of form "FooBar[XXXX]" - 14776336 keys
# Keyset 'Text' - keys of form "[XXXX]FooBar" - 14776336 keys
# Testing collisions   - Expected 25418.13, actual    25095 ( 0.99x) - passed
ok 112 - Collision Rate for Keyset 'Text' - keys of form "[XXXX]FooBar" - 14776336 keys
ok 113 - Distribution Bias Check for Keyset 'Text' - keys of form "[XXXX]FooBar" - 14776336 keys
ok 114 - Keyset 'Text' # fasthash32
### Keyset 'Zeroes' Tests ###
# Keyset 'Zeroes' - 262144 keys
# Testing collisions   - Expected     8.00, actual        5 ( 0.63x) - passed
ok 115 - Collision Rate for Keyset 'Zeroes' - 262144 keys
ok 116 - Distribution Bias Check for Keyset 'Zeroes' - 262144 keys
ok 117 - Keyset 'Zeroes' # fasthash32
### Keyset 'Seed' Tests ###
# Keyset 'Seed' - 2000000 seeds, Key "The quick brown fox "...
# Testing collisions   - Expected   465.46, actual      481 ( 1.03x) - passed
ok 118 - Collision Rate for Keyset 'Seed' - 2000000 seeds, Key "The quick brown fox "...
ok 119 - Distribution Bias Check for Keyset 'Seed' - 2000000 seeds, Key "The quick brown fox "...
# Keyset 'Seed' - 2000000 seeds, Key ""
# Testing collisions   - Expected   465.44, actual      487 ( 1.05x) - passed
ok 120 - Collision Rate for Keyset 'Seed' - 2000000 seeds, Key ""
ok 121 - Distribution Bias Check for Keyset 'Seed' - 2000000 seeds, Key ""
# Keyset 'Seed' - 2000000 seeds, Key "00101100110101101"
# Testing collisions   - Expected   465.46, actual      462 ( 0.99x) - passed
ok 122 - Collision Rate for Keyset 'Seed' - 2000000 seeds, Key "00101100110101101"
ok 123 - Distribution Bias Check for Keyset 'Seed' - 2000000 seeds, Key "00101100110101101"
# Keyset 'Seed' - 2000000 seeds, Key "abcbcddbdebdcaaabaaa"...
# Testing collisions   - Expected   465.45, actual      466 ( 1.00x) - passed
ok 124 - Collision Rate for Keyset 'Seed' - 2000000 seeds, Key "abcbcddbdebdcaaabaaa"...
ok 125 - Distribution Bias Check for Keyset 'Seed' - 2000000 seeds, Key "abcbcddbdebdcaaabaaa"...
ok 126 - Keyset 'Seed' # fasthash32
### Keyset 'Effs' Tests ###
# Keyset 'Effs' - 262144 keys
# Testing collisions   - Expected     8.00, actual       11 ( 1.38x) - passed
ok 127 - Collision Rate for Keyset 'Effs' - 262144 keys
ok 128 - Distribution Bias Check for Keyset 'Effs' - 262144 keys
ok 129 - Keyset 'Effs' # fasthash32
not ok 130 - all tests passed # fasthash32
1..130
# Tests Failed. fasthash32 failed 3 of 130 tests.
# Testing took 1171.439756 seconds
# This is SMHasher version v1.0-demerphq-5-g86440f3 - built on Mar 10 2017.
