ok 1 - Found Hash # FNV64
###################################################################
### Testing FNV64 - no seed_state
### - Fowler-Noll-Vo hash, 64-bit -
### seedbits: 64 statebits: 64 hashbits: 64
###################################################################
ok 2 - Verification code # FNV64
# FNV64                - Verification value 0x28C0C9FE : Passed.
### Sanity Tests ###
# Sanity check simple key bit flips and consistency..........
ok 3 - SanityTest # FNV64
# Sanity check null suffixes change the hash (simple)..........
ok 4 - Appended Zeroes Test # FNV64
ok 5 - Sanity Test # FNV64
### Speed Tests ###
## Bulk speed test - 262144-byte keys
# Alignment  7 -  0.300 bytes/cycle -  857.64 MiB/sec @ 3 ghz
# Alignment  6 -  0.300 bytes/cycle -  857.64 MiB/sec @ 3 ghz
# Alignment  5 -  0.300 bytes/cycle -  857.64 MiB/sec @ 3 ghz
# Alignment  4 -  0.300 bytes/cycle -  857.64 MiB/sec @ 3 ghz
# Alignment  3 -  0.300 bytes/cycle -  857.64 MiB/sec @ 3 ghz
# Alignment  2 -  0.300 bytes/cycle -  857.64 MiB/sec @ 3 ghz
# Alignment  1 -  0.300 bytes/cycle -  857.64 MiB/sec @ 3 ghz
# Alignment  0 -  0.300 bytes/cycle -  857.64 MiB/sec @ 3 ghz
# Average      -  0.300 bytes/cycle -  857.64 MiB/sec @ 3 ghz
## KeySpeed tests
# FNV64                     0 byte keys        5.262 c/h
# FNV64                     1 byte keys        5.565 c/h        5.565 c/b        0.180 b/c
# FNV64                     2 byte keys        9.000 c/h        4.500 c/b        0.222 b/c
# FNV64                     3 byte keys       12.160 c/h        4.053 c/b        0.247 b/c
# FNV64                     4 byte keys       15.000 c/h        3.750 c/b        0.267 b/c
# FNV64                     5 byte keys       19.000 c/h        3.800 c/b        0.263 b/c
# FNV64                     6 byte keys       22.812 c/h        3.802 c/b        0.263 b/c
# FNV64                     7 byte keys       25.462 c/h        3.637 c/b        0.275 b/c
# FNV64                     8 byte keys       29.000 c/h        3.625 c/b        0.276 b/c
# FNV64                     9 byte keys       32.000 c/h        3.556 c/b        0.281 b/c
# FNV64                    10 byte keys       35.821 c/h        3.582 c/b        0.279 b/c
# FNV64                    11 byte keys       39.000 c/h        3.545 c/b        0.282 b/c
# FNV64                    12 byte keys       42.000 c/h        3.500 c/b        0.286 b/c
# FNV64                    13 byte keys       45.921 c/h        3.532 c/b        0.283 b/c
# FNV64                    14 byte keys       49.000 c/h        3.500 c/b        0.286 b/c
# FNV64                    15 byte keys       52.000 c/h        3.467 c/b        0.288 b/c
# FNV64                    16 byte keys       55.985 c/h        3.499 c/b        0.286 b/c
# FNV64                    17 byte keys       59.000 c/h        3.471 c/b        0.288 b/c
# FNV64                    18 byte keys       62.000 c/h        3.444 c/b        0.290 b/c
# FNV64                    19 byte keys       65.600 c/h        3.453 c/b        0.290 b/c
# FNV64                    20 byte keys       69.000 c/h        3.450 c/b        0.290 b/c
# FNV64                    21 byte keys       72.000 c/h        3.429 c/b        0.292 b/c
# FNV64                    22 byte keys       76.236 c/h        3.465 c/b        0.289 b/c
# FNV64                    23 byte keys       79.000 c/h        3.435 c/b        0.291 b/c
# FNV64                    24 byte keys       82.000 c/h        3.417 c/b        0.293 b/c
# FNV64                    25 byte keys       85.620 c/h        3.425 c/b        0.292 b/c
# FNV64                    26 byte keys       89.000 c/h        3.423 c/b        0.292 b/c
# FNV64                    27 byte keys       92.000 c/h        3.407 c/b        0.293 b/c
# FNV64                    28 byte keys       95.642 c/h        3.416 c/b        0.293 b/c
# FNV64                    29 byte keys       99.000 c/h        3.414 c/b        0.293 b/c
# FNV64                    30 byte keys      102.000 c/h        3.400 c/b        0.294 b/c
# FNV64                    31 byte keys      106.638 c/h        3.440 c/b        0.291 b/c
#                          Average < 32       54.054 c/h        3.487 c/b        0.287 b/c
# FNV64                    32 byte keys      109.000 c/h        3.406 c/b        0.294 b/c
# FNV64                    36 byte keys      122.000 c/h        3.389 c/b        0.295 b/c
# FNV64                    40 byte keys      135.665 c/h        3.392 c/b        0.295 b/c
# FNV64                    44 byte keys      149.000 c/h        3.386 c/b        0.295 b/c
# FNV64                    48 byte keys      163.925 c/h        3.415 c/b        0.293 b/c
# FNV64                    52 byte keys      175.681 c/h        3.378 c/b        0.296 b/c
# FNV64                    56 byte keys      189.000 c/h        3.375 c/b        0.296 b/c
# FNV64                    60 byte keys      202.000 c/h        3.367 c/b        0.297 b/c
# FNV64                    64 byte keys      215.693 c/h        3.370 c/b        0.297 b/c
# FNV64                    68 byte keys      229.000 c/h        3.368 c/b        0.297 b/c
# FNV64                    72 byte keys      242.000 c/h        3.361 c/b        0.298 b/c
# FNV64                    76 byte keys      255.710 c/h        3.365 c/b        0.297 b/c
# FNV64                    80 byte keys      269.000 c/h        3.362 c/b        0.297 b/c
# FNV64                    84 byte keys      282.000 c/h        3.357 c/b        0.298 b/c
# FNV64                    88 byte keys      295.739 c/h        3.361 c/b        0.298 b/c
# FNV64                    92 byte keys      309.188 c/h        3.361 c/b        0.298 b/c
# FNV64                    96 byte keys      322.502 c/h        3.359 c/b        0.298 b/c
# FNV64                   100 byte keys      335.754 c/h        3.358 c/b        0.298 b/c
# FNV64                   104 byte keys      349.319 c/h        3.359 c/b        0.298 b/c
# FNV64                   108 byte keys      362.640 c/h        3.358 c/b        0.298 b/c
# FNV64                   112 byte keys      375.805 c/h        3.355 c/b        0.298 b/c
# FNV64                   116 byte keys      389.374 c/h        3.357 c/b        0.298 b/c
# FNV64                   120 byte keys      402.569 c/h        3.355 c/b        0.298 b/c
# FNV64                   124 byte keys      415.970 c/h        3.355 c/b        0.298 b/c
#                         Average < 128      143.362 c/h        3.390 c/b        0.295 b/c
# FNV64                   128 byte keys      429.000 c/h        3.352 c/b        0.298 b/c
# FNV64                   256 byte keys      883.798 c/h        3.452 c/b        0.290 b/c
# FNV64                   512 byte keys     1756.151 c/h        3.430 c/b        0.292 b/c
# FNV64                  1024 byte keys     3440.622 c/h        3.360 c/b        0.298 b/c
# FNV64                  2048 byte keys     6856.581 c/h        3.348 c/b        0.299 b/c
# FNV64                  4096 byte keys    13688.198 c/h        3.342 c/b        0.299 b/c
# FNV64                  8192 byte keys    27351.252 c/h        3.339 c/b        0.300 b/c
# FNV64                 16384 byte keys    54677.767 c/h        3.337 c/b        0.300 b/c
# FNV64                 32768 byte keys   109330.357 c/h        3.336 c/b        0.300 b/c
# FNV64                 65536 byte keys   218640.413 c/h        3.336 c/b        0.300 b/c
#                       Overall Average     6743.673 c/h        3.339 c/b        0.300 b/c
ok 6 - Speed (always passes) # FNV64
### Differential Tests ###
# Testing 8303632 up-to-5-bit differentials in 64-bit keys -> 64 bit hashes.
# 1000 reps, 8303632000 total tests, expecting 0.00 random collisions..........
ok 7 - Differential collisions # FNV64
ok 8 - Nothing skipped during differential collision check # FNV64
# 0 total collisions, of which 0 single collisions were ignored
ok 9 - ProcessDifferentials
# Testing 11017632 up-to-4-bit differentials in 128-bit keys -> 64 bit hashes.
# 1000 reps, 11017632000 total tests, expecting 0.00 random collisions..........
ok 10 - Differential collisions # FNV64
ok 11 - Nothing skipped during differential collision check # FNV64
# 0 total collisions, of which 0 single collisions were ignored
ok 12 - ProcessDifferentials
# Testing 2796416 up-to-3-bit differentials in 256-bit keys -> 64 bit hashes.
# 1000 reps, 2796416000 total tests, expecting 0.00 random collisions..........
ok 13 - Differential collisions # FNV64
ok 14 - Nothing skipped during differential collision check # FNV64
# 0 total collisions, of which 0 single collisions were ignored
ok 15 - ProcessDifferentials
ok 16 - Differential # FNV64
### Avalanche Tests ### - seed-bits: 64 hash-bits: 64
# Samples 500000, expected error 0.00051200, confidence level 99.99994267%
# Testing   0-bit keys.......... not ok! # worst-bit:   0.327% error-ratio: 1.061139e+00
#              +---------------------------------------------------+
#              |012345678901234567890123456789012345678901234567890|
#              +---------------------------------------------------+
# Scale:       |.1234567890abcdefghijklmnopqrstuvwxyzãäåêëîïðñôõöûü|
#              |üÿABCDEFGHIJKLMNOPQRSTUVWXYZÂÃÄÅÊËÑÔÕÖÛÜÝø¤*©®¶&%@#|
#              +---------------------------------------------------+
#              |pct diff from 50%: abs((0.5-(changed/reps))*2) *100|
#              +----------------------------------------------------------------+
#              |0         1         2         3         4         5         6   |
#              |0123456789012345678901234567890123456789012345678901234567890123|
#              +----------------------------------------------------------------+
# seed     0.0 |................................................................| x 64
#              +----------------------------------------------------------------+
#              +---------------------------------------------------+
#              |012345678901234567890123456789012345678901234567890|
#              +---------------------------------------------------+
# Scale:       |.1234567890abcdefghijklmnopqrstuvwxyzãäåêëîïðñôõöûü|
#              |üÿABCDEFGHIJKLMNOPQRSTUVWXYZÂÃÄÅÊËÑÔÕÖÛÜÝø¤*©®¶&%@#|
#              +---------------------------------------------------+
#              |scaled p-value above confidence level (zero is ok) |
#              +----------------------------------------------------------------+
#              |0         1         2         3         4         5         6   |
#              |0123456789012345678901234567890123456789012345678901234567890123|
#              +----------------------------------------------------------------+
# seed     0.0 |................................................................| x 64
#              +----------------------------------------------------------------+
# 0 of 4096 bits failed (0.00%) failed at 99.999943 confidence
#     g-test: 0.000000%
#     sum-error-square: 0.00054330
#     hash bit-level errors: 32/64
#     - hash bit 1 gtest-prob not-random: 100.0000 (15950648/16049352)
#     - hash bit 3 gtest-prob not-random: 100.0000 (16028272/15971728)
#     - hash bit 4 gtest-prob not-random: 100.0000 (16028272/15971728)
#     - with 29 more hash bit errors not described above.
not ok 17 - Strict Avalanche Criteria - 0 bit keys
# Testing   8-bit keys.......... not ok! # worst-bit:   0.495% error-ratio: 9.514143e-01
#              +---------------------------------------------------+
#              |012345678901234567890123456789012345678901234567890|
#              +---------------------------------------------------+
# Scale:       |.1234567890abcdefghijklmnopqrstuvwxyzãäåêëîïðñôõöûü|
#              |üÿABCDEFGHIJKLMNOPQRSTUVWXYZÂÃÄÅÊËÑÔÕÖÛÜÝø¤*©®¶&%@#|
#              +---------------------------------------------------+
#              |pct diff from 50%: abs((0.5-(changed/reps))*2) *100|
#              +----------------------------------------------------------------+
#              |0         1         2         3         4         5         6   |
#              |0123456789012345678901234567890123456789012345678901234567890123|
#              +----------------------------------------------------------------+
# seed     0.0 |................................................................| x 64
# key      0.0 |................................................................| x 8
#              +----------------------------------------------------------------+
#              +---------------------------------------------------+
#              |012345678901234567890123456789012345678901234567890|
#              +---------------------------------------------------+
# Scale:       |.1234567890abcdefghijklmnopqrstuvwxyzãäåêëîïðñôõöûü|
#              |üÿABCDEFGHIJKLMNOPQRSTUVWXYZÂÃÄÅÊËÑÔÕÖÛÜÝø¤*©®¶&%@#|
#              +---------------------------------------------------+
#              |scaled p-value above confidence level (zero is ok) |
#              +----------------------------------------------------------------+
#              |0         1         2         3         4         5         6   |
#              |0123456789012345678901234567890123456789012345678901234567890123|
#              +----------------------------------------------------------------+
# seed     0.0 |................................................................| x 64
# key      0.0 |................................................................| x 8
#              +----------------------------------------------------------------+
# 0 of 4608 bits failed (0.00%) failed at 99.999943 confidence
#     g-test: 0.000000%
#     sum-error-square: 0.00048712
#     hash bit-level errors: 27/64
#     - hash bit 5 gtest-prob not-random: 100.0000 (18032818/17967182)
#     - hash bit 6 gtest-prob not-random: 100.0000 (18019294/17980706)
#     - hash bit 12 gtest-prob not-random: 100.0000 (17977279/18022721)
#     - with 24 more hash bit errors not described above.
not ok 18 - Strict Avalanche Criteria - 8 bit keys
# Testing  16-bit keys.......... not ok! # worst-bit:   0.477% error-ratio: 9.490852e-01
#              +---------------------------------------------------+
#              |012345678901234567890123456789012345678901234567890|
#              +---------------------------------------------------+
# Scale:       |.1234567890abcdefghijklmnopqrstuvwxyzãäåêëîïðñôõöûü|
#              |üÿABCDEFGHIJKLMNOPQRSTUVWXYZÂÃÄÅÊËÑÔÕÖÛÜÝø¤*©®¶&%@#|
#              +---------------------------------------------------+
#              |pct diff from 50%: abs((0.5-(changed/reps))*2) *100|
#              +----------------------------------------------------------------+
#              |0         1         2         3         4         5         6   |
#              |0123456789012345678901234567890123456789012345678901234567890123|
#              +----------------------------------------------------------------+
# seed     0.0 |................................................................| x 64
# key      0.0 |................................................................| x 16
#              +----------------------------------------------------------------+
#              +---------------------------------------------------+
#              |012345678901234567890123456789012345678901234567890|
#              +---------------------------------------------------+
# Scale:       |.1234567890abcdefghijklmnopqrstuvwxyzãäåêëîïðñôõöûü|
#              |üÿABCDEFGHIJKLMNOPQRSTUVWXYZÂÃÄÅÊËÑÔÕÖÛÜÝø¤*©®¶&%@#|
#              +---------------------------------------------------+
#              |scaled p-value above confidence level (zero is ok) |
#              +----------------------------------------------------------------+
#              |0         1         2         3         4         5         6   |
#              |0123456789012345678901234567890123456789012345678901234567890123|
#              +----------------------------------------------------------------+
# seed     0.0 |................................................................| x 64
# key      0.0 |................................................................| x 16
#              +----------------------------------------------------------------+
# 0 of 5120 bits failed (0.00%) failed at 99.999943 confidence
#     g-test: 0.000000%
#     sum-error-square: 0.00048593
#     hash bit-level errors: 20/64
#     - hash bit 3 gtest-prob not-random: 100.0000 (20017925/19982075)
#     - hash bit 7 gtest-prob not-random: 100.0000 (20040064/19959936)
#     - hash bit 9 gtest-prob not-random: 100.0000 (19978883/20021117)
#     - with 17 more hash bit errors not described above.
not ok 19 - Strict Avalanche Criteria - 16 bit keys
# Testing  24-bit keys.......... not ok! # worst-bit:   0.521% error-ratio: 1.029651e+00
#              +---------------------------------------------------+
#              |012345678901234567890123456789012345678901234567890|
#              +---------------------------------------------------+
# Scale:       |.1234567890abcdefghijklmnopqrstuvwxyzãäåêëîïðñôõöûü|
#              |üÿABCDEFGHIJKLMNOPQRSTUVWXYZÂÃÄÅÊËÑÔÕÖÛÜÝø¤*©®¶&%@#|
#              +---------------------------------------------------+
#              |pct diff from 50%: abs((0.5-(changed/reps))*2) *100|
#              +----------------------------------------------------------------+
#              |0         1         2         3         4         5         6   |
#              |0123456789012345678901234567890123456789012345678901234567890123|
#              +----------------------------------------------------------------+
# seed     0.0 |................................................................| x 55
# seed    55.0 |..........................................................1.....|
# seed    56.0 |................................................................| x 8
# key      0.0 |................................................................| x 24
#              +----------------------------------------------------------------+
#              +---------------------------------------------------+
#              |012345678901234567890123456789012345678901234567890|
#              +---------------------------------------------------+
# Scale:       |.1234567890abcdefghijklmnopqrstuvwxyzãäåêëîïðñôõöûü|
#              |üÿABCDEFGHIJKLMNOPQRSTUVWXYZÂÃÄÅÊËÑÔÕÖÛÜÝø¤*©®¶&%@#|
#              +---------------------------------------------------+
#              |scaled p-value above confidence level (zero is ok) |
#              +----------------------------------------------------------------+
#              |0         1         2         3         4         5         6   |
#              |0123456789012345678901234567890123456789012345678901234567890123|
#              +----------------------------------------------------------------+
# seed     0.0 |................................................................| x 64
# key      0.0 |................................................................| x 24
#              +----------------------------------------------------------------+
# 0 of 5632 bits failed (0.00%) failed at 99.999943 confidence
#     g-test: 0.000000%
#     sum-error-square: 0.00052718
#     hash bit-level errors: 17/64
#     - hash bit 0 gtest-prob not-random: 100.0000 (21981760/22018240)
#     - hash bit 2 gtest-prob not-random: 100.0000 (22030829/21969171)
#     - hash bit 3 gtest-prob not-random: 100.0000 (21967472/22032528)
#     - with 14 more hash bit errors not described above.
not ok 20 - Strict Avalanche Criteria - 24 bit keys
# Testing  32-bit keys.......... not ok! # worst-bit:   0.525% error-ratio: 9.804572e-01
#              +---------------------------------------------------+
#              |012345678901234567890123456789012345678901234567890|
#              +---------------------------------------------------+
# Scale:       |.1234567890abcdefghijklmnopqrstuvwxyzãäåêëîïðñôõöûü|
#              |üÿABCDEFGHIJKLMNOPQRSTUVWXYZÂÃÄÅÊËÑÔÕÖÛÜÝø¤*©®¶&%@#|
#              +---------------------------------------------------+
#              |pct diff from 50%: abs((0.5-(changed/reps))*2) *100|
#              +----------------------------------------------------------------+
#              |0         1         2         3         4         5         6   |
#              |0123456789012345678901234567890123456789012345678901234567890123|
#              +----------------------------------------------------------------+
# seed     0.0 |................................................................| x 64
# key      0.0 |................................................................| x 25
# key     25.0 |........1.......................................................|
# key     26.0 |................................................................| x 6
#              +----------------------------------------------------------------+
#              +---------------------------------------------------+
#              |012345678901234567890123456789012345678901234567890|
#              +---------------------------------------------------+
# Scale:       |.1234567890abcdefghijklmnopqrstuvwxyzãäåêëîïðñôõöûü|
#              |üÿABCDEFGHIJKLMNOPQRSTUVWXYZÂÃÄÅÊËÑÔÕÖÛÜÝø¤*©®¶&%@#|
#              +---------------------------------------------------+
#              |scaled p-value above confidence level (zero is ok) |
#              +----------------------------------------------------------------+
#              |0         1         2         3         4         5         6   |
#              |0123456789012345678901234567890123456789012345678901234567890123|
#              +----------------------------------------------------------------+
# seed     0.0 |................................................................| x 64
# key      0.0 |................................................................| x 32
#              +----------------------------------------------------------------+
# 0 of 6144 bits failed (0.00%) failed at 99.999943 confidence
#     g-test: 0.000000%
#     sum-error-square: 0.00050199
#     hash bit-level errors: 18/64
#     - hash bit 2 gtest-prob not-random: 100.0000 (24046117/23953883)
#     - hash bit 7 gtest-prob not-random: 100.0000 (23959873/24040127)
#     - hash bit 8 gtest-prob not-random: 100.0000 (23976132/24023868)
#     - with 15 more hash bit errors not described above.
not ok 21 - Strict Avalanche Criteria - 32 bit keys
# Testing  40-bit keys.......... not ok! # worst-bit:   0.620% error-ratio: 9.693346e-01
#              +---------------------------------------------------+
#              |012345678901234567890123456789012345678901234567890|
#              +---------------------------------------------------+
# Scale:       |.1234567890abcdefghijklmnopqrstuvwxyzãäåêëîïðñôõöûü|
#              |üÿABCDEFGHIJKLMNOPQRSTUVWXYZÂÃÄÅÊËÑÔÕÖÛÜÝø¤*©®¶&%@#|
#              +---------------------------------------------------+
#              |pct diff from 50%: abs((0.5-(changed/reps))*2) *100|
#              +----------------------------------------------------------------+
#              |0         1         2         3         4         5         6   |
#              |0123456789012345678901234567890123456789012345678901234567890123|
#              +----------------------------------------------------------------+
# seed     0.0 |................................................................| x 64
# key      0.0 |................................................................| x 12
# key     12.0 |...................................1............................|
# key     13.0 |................................................................| x 6
# key     19.0 |.......1........................................................|
# key     20.0 |................................................................| x 4
# key     24.0 |.................................................1..............|
# key     25.0 |................................................................| x 15
#              +----------------------------------------------------------------+
#              +---------------------------------------------------+
#              |012345678901234567890123456789012345678901234567890|
#              +---------------------------------------------------+
# Scale:       |.1234567890abcdefghijklmnopqrstuvwxyzãäåêëîïðñôõöûü|
#              |üÿABCDEFGHIJKLMNOPQRSTUVWXYZÂÃÄÅÊËÑÔÕÖÛÜÝø¤*©®¶&%@#|
#              +---------------------------------------------------+
#              |scaled p-value above confidence level (zero is ok) |
#              +----------------------------------------------------------------+
#              |0         1         2         3         4         5         6   |
#              |0123456789012345678901234567890123456789012345678901234567890123|
#              +----------------------------------------------------------------+
# seed     0.0 |................................................................| x 64
# key      0.0 |................................................................| x 40
#              +----------------------------------------------------------------+
# 0 of 6656 bits failed (0.00%) failed at 99.999943 confidence
#     g-test: 0.000000%
#     sum-error-square: 0.00049630
#     hash bit-level errors: 13/64
#     - hash bit 0 gtest-prob not-random: 100.0000 (26057316/25942684)
#     - hash bit 1 gtest-prob not-random: 100.0000 (25955564/26044436)
#     - hash bit 4 gtest-prob not-random: 100.0000 (25963868/26036132)
#     - with 10 more hash bit errors not described above.
not ok 22 - Strict Avalanche Criteria - 40 bit keys
# Testing  48-bit keys.......... not ok! # worst-bit:   0.590% error-ratio: 9.258886e-01
#              +---------------------------------------------------+
#              |012345678901234567890123456789012345678901234567890|
#              +---------------------------------------------------+
# Scale:       |.1234567890abcdefghijklmnopqrstuvwxyzãäåêëîïðñôõöûü|
#              |üÿABCDEFGHIJKLMNOPQRSTUVWXYZÂÃÄÅÊËÑÔÕÖÛÜÝø¤*©®¶&%@#|
#              +---------------------------------------------------+
#              |pct diff from 50%: abs((0.5-(changed/reps))*2) *100|
#              +----------------------------------------------------------------+
#              |0         1         2         3         4         5         6   |
#              |0123456789012345678901234567890123456789012345678901234567890123|
#              +----------------------------------------------------------------+
# seed     0.0 |................................................................| x 64
# key      0.0 |................................................................| x 8
# key      8.0 |.....................................1..........................|
# key      9.0 |................................................................| x 10
# key     19.0 |.........1......................................................|
# key     20.0 |................................................................| x 24
# key     44.0 |..........1.....................................................|
# key     45.0 |................................................................| x 3
#              +----------------------------------------------------------------+
#              +---------------------------------------------------+
#              |012345678901234567890123456789012345678901234567890|
#              +---------------------------------------------------+
# Scale:       |.1234567890abcdefghijklmnopqrstuvwxyzãäåêëîïðñôõöûü|
#              |üÿABCDEFGHIJKLMNOPQRSTUVWXYZÂÃÄÅÊËÑÔÕÖÛÜÝø¤*©®¶&%@#|
#              +---------------------------------------------------+
#              |scaled p-value above confidence level (zero is ok) |
#              +----------------------------------------------------------------+
#              |0         1         2         3         4         5         6   |
#              |0123456789012345678901234567890123456789012345678901234567890123|
#              +----------------------------------------------------------------+
# seed     0.0 |................................................................| x 64
# key      0.0 |................................................................| x 48
#              +----------------------------------------------------------------+
# 0 of 7168 bits failed (0.00%) failed at 99.999943 confidence
#     g-test: 0.000000%
#     sum-error-square: 0.00047405
#     hash bit-level errors: 12/64
#     - hash bit 0 gtest-prob not-random: 100.0000 (28032830/27967170)
#     - hash bit 2 gtest-prob not-random: 100.0000 (27972251/28027749)
#     - hash bit 3 gtest-prob not-random: 100.0000 (28056937/27943063)
#     - with 9 more hash bit errors not described above.
not ok 23 - Strict Avalanche Criteria - 48 bit keys
# Testing  56-bit keys.......... not ok! # worst-bit:   0.481% error-ratio: 9.636641e-01
#              +---------------------------------------------------+
#              |012345678901234567890123456789012345678901234567890|
#              +---------------------------------------------------+
# Scale:       |.1234567890abcdefghijklmnopqrstuvwxyzãäåêëîïðñôõöûü|
#              |üÿABCDEFGHIJKLMNOPQRSTUVWXYZÂÃÄÅÊËÑÔÕÖÛÜÝø¤*©®¶&%@#|
#              +---------------------------------------------------+
#              |pct diff from 50%: abs((0.5-(changed/reps))*2) *100|
#              +----------------------------------------------------------------+
#              |0         1         2         3         4         5         6   |
#              |0123456789012345678901234567890123456789012345678901234567890123|
#              +----------------------------------------------------------------+
# seed     0.0 |................................................................| x 64
# key      0.0 |................................................................| x 56
#              +----------------------------------------------------------------+
#              +---------------------------------------------------+
#              |012345678901234567890123456789012345678901234567890|
#              +---------------------------------------------------+
# Scale:       |.1234567890abcdefghijklmnopqrstuvwxyzãäåêëîïðñôõöûü|
#              |üÿABCDEFGHIJKLMNOPQRSTUVWXYZÂÃÄÅÊËÑÔÕÖÛÜÝø¤*©®¶&%@#|
#              +---------------------------------------------------+
#              |scaled p-value above confidence level (zero is ok) |
#              +----------------------------------------------------------------+
#              |0         1         2         3         4         5         6   |
#              |0123456789012345678901234567890123456789012345678901234567890123|
#              +----------------------------------------------------------------+
# seed     0.0 |................................................................| x 64
# key      0.0 |................................................................| x 56
#              +----------------------------------------------------------------+
# 0 of 7680 bits failed (0.00%) failed at 99.999943 confidence
#     g-test: 0.000000%
#     sum-error-square: 0.00049340
#     hash bit-level errors: 18/64
#     - hash bit 1 gtest-prob not-random: 100.0000 (29968134/30031866)
#     - hash bit 5 gtest-prob not-random: 100.0000 (30029089/29970911)
#     - hash bit 6 gtest-prob not-random: 100.0000 (30020535/29979465)
#     - with 15 more hash bit errors not described above.
not ok 24 - Strict Avalanche Criteria - 56 bit keys
# Testing  64-bit keys.......... not ok! # worst-bit:   0.606% error-ratio: 1.004161e+00
#              +---------------------------------------------------+
#              |012345678901234567890123456789012345678901234567890|
#              +---------------------------------------------------+
# Scale:       |.1234567890abcdefghijklmnopqrstuvwxyzãäåêëîïðñôõöûü|
#              |üÿABCDEFGHIJKLMNOPQRSTUVWXYZÂÃÄÅÊËÑÔÕÖÛÜÝø¤*©®¶&%@#|
#              +---------------------------------------------------+
#              |pct diff from 50%: abs((0.5-(changed/reps))*2) *100|
#              +----------------------------------------------------------------+
#              |0         1         2         3         4         5         6   |
#              |0123456789012345678901234567890123456789012345678901234567890123|
#              +----------------------------------------------------------------+
# seed     0.0 |................................................................| x 19
# seed    19.0 |..................................1.............................|
# seed    20.0 |................................................................| x 44
# key      0.0 |................................................................| x 15
# key     15.0 |............................1...................................|
# key     16.0 |................................................................| x 48
#              +----------------------------------------------------------------+
#              +---------------------------------------------------+
#              |012345678901234567890123456789012345678901234567890|
#              +---------------------------------------------------+
# Scale:       |.1234567890abcdefghijklmnopqrstuvwxyzãäåêëîïðñôõöûü|
#              |üÿABCDEFGHIJKLMNOPQRSTUVWXYZÂÃÄÅÊËÑÔÕÖÛÜÝø¤*©®¶&%@#|
#              +---------------------------------------------------+
#              |scaled p-value above confidence level (zero is ok) |
#              +----------------------------------------------------------------+
#              |0         1         2         3         4         5         6   |
#              |0123456789012345678901234567890123456789012345678901234567890123|
#              +----------------------------------------------------------------+
# seed     0.0 |................................................................| x 64
# key      0.0 |................................................................| x 64
#              +----------------------------------------------------------------+
# 0 of 8192 bits failed (0.00%) failed at 99.999943 confidence
#     g-test: 0.000000%
#     sum-error-square: 0.00051413
#     hash bit-level errors: 12/64
#     - hash bit 3 gtest-prob not-random: 100.0000 (32020281/31979719)
#     - hash bit 4 gtest-prob not-random: 100.0000 (32021509/31978491)
#     - hash bit 9 gtest-prob not-random: 100.0000 (32029718/31970282)
#     - with 9 more hash bit errors not described above.
not ok 25 - Strict Avalanche Criteria - 64 bit keys
# Testing  72-bit keys.......... not ok! # worst-bit:   0.454% error-ratio: 8.564800e-01
#              +---------------------------------------------------+
#              |012345678901234567890123456789012345678901234567890|
#              +---------------------------------------------------+
# Scale:       |.1234567890abcdefghijklmnopqrstuvwxyzãäåêëîïðñôõöûü|
#              |üÿABCDEFGHIJKLMNOPQRSTUVWXYZÂÃÄÅÊËÑÔÕÖÛÜÝø¤*©®¶&%@#|
#              +---------------------------------------------------+
#              |pct diff from 50%: abs((0.5-(changed/reps))*2) *100|
#              +----------------------------------------------------------------+
#              |0         1         2         3         4         5         6   |
#              |0123456789012345678901234567890123456789012345678901234567890123|
#              +----------------------------------------------------------------+
# seed     0.0 |................................................................| x 64
# key      0.0 |................................................................| x 72
#              +----------------------------------------------------------------+
#              +---------------------------------------------------+
#              |012345678901234567890123456789012345678901234567890|
#              +---------------------------------------------------+
# Scale:       |.1234567890abcdefghijklmnopqrstuvwxyzãäåêëîïðñôõöûü|
#              |üÿABCDEFGHIJKLMNOPQRSTUVWXYZÂÃÄÅÊËÑÔÕÖÛÜÝø¤*©®¶&%@#|
#              +---------------------------------------------------+
#              |scaled p-value above confidence level (zero is ok) |
#              +----------------------------------------------------------------+
#              |0         1         2         3         4         5         6   |
#              |0123456789012345678901234567890123456789012345678901234567890123|
#              +----------------------------------------------------------------+
# seed     0.0 |................................................................| x 64
# key      0.0 |................................................................| x 72
#              +----------------------------------------------------------------+
# 0 of 8704 bits failed (0.00%) failed at 99.999943 confidence
#     g-test: 0.000000%
#     sum-error-square: 0.00043852
#     hash bit-level errors: 8/64
#     - hash bit 0 gtest-prob not-random: 100.0000 (33940028/34059972)
#     - hash bit 3 gtest-prob not-random: 100.0000 (33966094/34033906)
#     - hash bit 4 gtest-prob not-random: 100.0000 (33961947/34038053)
#     - with 5 more hash bit errors not described above.
not ok 26 - Strict Avalanche Criteria - 72 bit keys
# Testing  80-bit keys.......... not ok! # worst-bit:   0.590% error-ratio: 1.026777e+00
#              +---------------------------------------------------+
#              |012345678901234567890123456789012345678901234567890|
#              +---------------------------------------------------+
# Scale:       |.1234567890abcdefghijklmnopqrstuvwxyzãäåêëîïðñôõöûü|
#              |üÿABCDEFGHIJKLMNOPQRSTUVWXYZÂÃÄÅÊËÑÔÕÖÛÜÝø¤*©®¶&%@#|
#              +---------------------------------------------------+
#              |pct diff from 50%: abs((0.5-(changed/reps))*2) *100|
#              +----------------------------------------------------------------+
#              |0         1         2         3         4         5         6   |
#              |0123456789012345678901234567890123456789012345678901234567890123|
#              +----------------------------------------------------------------+
# seed     0.0 |................................................................| x 64
# key      0.0 |................................................................| x 30
# key     30.0 |.......................................................1........|
# key     31.0 |................................................................| x 20
# key     51.0 |........................1.......................................|
# key     52.0 |................................................................| x 28
#              +----------------------------------------------------------------+
#              +---------------------------------------------------+
#              |012345678901234567890123456789012345678901234567890|
#              +---------------------------------------------------+
# Scale:       |.1234567890abcdefghijklmnopqrstuvwxyzãäåêëîïðñôõöûü|
#              |üÿABCDEFGHIJKLMNOPQRSTUVWXYZÂÃÄÅÊËÑÔÕÖÛÜÝø¤*©®¶&%@#|
#              +---------------------------------------------------+
#              |scaled p-value above confidence level (zero is ok) |
#              +----------------------------------------------------------------+
#              |0         1         2         3         4         5         6   |
#              |0123456789012345678901234567890123456789012345678901234567890123|
#              +----------------------------------------------------------------+
# seed     0.0 |................................................................| x 64
# key      0.0 |................................................................| x 80
#              +----------------------------------------------------------------+
# 0 of 9216 bits failed (0.00%) failed at 99.999943 confidence
#     g-test: 0.000000%
#     sum-error-square: 0.00052571
#     hash bit-level errors: 13/64
#     - hash bit 1 gtest-prob not-random: 100.0000 (35937952/36062048)
#     - hash bit 3 gtest-prob not-random: 100.0000 (36022864/35977136)
#     - hash bit 4 gtest-prob not-random: 100.0000 (35961854/36038146)
#     - with 10 more hash bit errors not described above.
not ok 27 - Strict Avalanche Criteria - 80 bit keys
# Testing  88-bit keys.......... not ok! # worst-bit:   0.574% error-ratio: 8.737658e-01
#              +---------------------------------------------------+
#              |012345678901234567890123456789012345678901234567890|
#              +---------------------------------------------------+
# Scale:       |.1234567890abcdefghijklmnopqrstuvwxyzãäåêëîïðñôõöûü|
#              |üÿABCDEFGHIJKLMNOPQRSTUVWXYZÂÃÄÅÊËÑÔÕÖÛÜÝø¤*©®¶&%@#|
#              +---------------------------------------------------+
#              |pct diff from 50%: abs((0.5-(changed/reps))*2) *100|
#              +----------------------------------------------------------------+
#              |0         1         2         3         4         5         6   |
#              |0123456789012345678901234567890123456789012345678901234567890123|
#              +----------------------------------------------------------------+
# seed     0.0 |................................................................| x 64
# key      0.0 |................................................................| x 23
# key     23.0 |.................1..............................................|
# key     24.0 |...........................1....................................|
# key     25.0 |................................................................| x 63
#              +----------------------------------------------------------------+
#              +---------------------------------------------------+
#              |012345678901234567890123456789012345678901234567890|
#              +---------------------------------------------------+
# Scale:       |.1234567890abcdefghijklmnopqrstuvwxyzãäåêëîïðñôõöûü|
#              |üÿABCDEFGHIJKLMNOPQRSTUVWXYZÂÃÄÅÊËÑÔÕÖÛÜÝø¤*©®¶&%@#|
#              +---------------------------------------------------+
#              |scaled p-value above confidence level (zero is ok) |
#              +----------------------------------------------------------------+
#              |0         1         2         3         4         5         6   |
#              |0123456789012345678901234567890123456789012345678901234567890123|
#              +----------------------------------------------------------------+
# seed     0.0 |................................................................| x 64
# key      0.0 |................................................................| x 88
#              +----------------------------------------------------------------+
# 0 of 9728 bits failed (0.00%) failed at 99.999943 confidence
#     g-test: 0.000000%
#     sum-error-square: 0.00044737
#     hash bit-level errors: 4/64
#     - hash bit 12 gtest-prob not-random: 100.0000 (37967666/38032334)
#     - hash bit 13 gtest-prob not-random: 100.0000 (38030799/37969201)
#     - hash bit 16 gtest-prob not-random: 100.0000 (37964653/38035347)
#     - with 1 more hash bit errors not described above.
not ok 28 - Strict Avalanche Criteria - 88 bit keys
# Testing  96-bit keys.......... not ok! # worst-bit:   0.509% error-ratio: 9.395375e-01
#              +---------------------------------------------------+
#              |012345678901234567890123456789012345678901234567890|
#              +---------------------------------------------------+
# Scale:       |.1234567890abcdefghijklmnopqrstuvwxyzãäåêëîïðñôõöûü|
#              |üÿABCDEFGHIJKLMNOPQRSTUVWXYZÂÃÄÅÊËÑÔÕÖÛÜÝø¤*©®¶&%@#|
#              +---------------------------------------------------+
#              |pct diff from 50%: abs((0.5-(changed/reps))*2) *100|
#              +----------------------------------------------------------------+
#              |0         1         2         3         4         5         6   |
#              |0123456789012345678901234567890123456789012345678901234567890123|
#              +----------------------------------------------------------------+
# seed     0.0 |................................................................| x 2
# seed     2.0 |.........1......................................................|
# seed     3.0 |................................................................| x 61
# key      0.0 |................................................................| x 2
# key      2.0 |.........1......................................................|
# key      3.0 |................................................................| x 36
# key     39.0 |....................................1...........................|
# key     40.0 |................................................................| x 56
#              +----------------------------------------------------------------+
#              +---------------------------------------------------+
#              |012345678901234567890123456789012345678901234567890|
#              +---------------------------------------------------+
# Scale:       |.1234567890abcdefghijklmnopqrstuvwxyzãäåêëîïðñôõöûü|
#              |üÿABCDEFGHIJKLMNOPQRSTUVWXYZÂÃÄÅÊËÑÔÕÖÛÜÝø¤*©®¶&%@#|
#              +---------------------------------------------------+
#              |scaled p-value above confidence level (zero is ok) |
#              +----------------------------------------------------------------+
#              |0         1         2         3         4         5         6   |
#              |0123456789012345678901234567890123456789012345678901234567890123|
#              +----------------------------------------------------------------+
# seed     0.0 |................................................................| x 64
# key      0.0 |................................................................| x 96
#              +----------------------------------------------------------------+
# 0 of 10240 bits failed (0.00%) failed at 99.999943 confidence
#     g-test: 0.000000%
#     sum-error-square: 0.00048104
#     hash bit-level errors: 9/64
#     - hash bit 0 gtest-prob not-random: 100.0000 (39957120/40042880)
#     - hash bit 1 gtest-prob not-random: 100.0000 (40051362/39948638)
#     - hash bit 14 gtest-prob not-random: 100.0000 (39975773/40024227)
#     - with 6 more hash bit errors not described above.
not ok 29 - Strict Avalanche Criteria - 96 bit keys
# Testing 104-bit keys.......... not ok! # worst-bit:   0.615% error-ratio: 1.022044e+00
#              +---------------------------------------------------+
#              |012345678901234567890123456789012345678901234567890|
#              +---------------------------------------------------+
# Scale:       |.1234567890abcdefghijklmnopqrstuvwxyzãäåêëîïðñôõöûü|
#              |üÿABCDEFGHIJKLMNOPQRSTUVWXYZÂÃÄÅÊËÑÔÕÖÛÜÝø¤*©®¶&%@#|
#              +---------------------------------------------------+
#              |pct diff from 50%: abs((0.5-(changed/reps))*2) *100|
#              +----------------------------------------------------------------+
#              |0         1         2         3         4         5         6   |
#              |0123456789012345678901234567890123456789012345678901234567890123|
#              +----------------------------------------------------------------+
# seed     0.0 |................................................................| x 64
# key      0.0 |................................................................| x 20
# key     20.0 |......................................................1.........|
# key     21.0 |................................................................| x 32
# key     53.0 |...............................................................1|
# key     54.0 |................................................................| x 50
#              +----------------------------------------------------------------+
#              +---------------------------------------------------+
#              |012345678901234567890123456789012345678901234567890|
#              +---------------------------------------------------+
# Scale:       |.1234567890abcdefghijklmnopqrstuvwxyzãäåêëîïðñôõöûü|
#              |üÿABCDEFGHIJKLMNOPQRSTUVWXYZÂÃÄÅÊËÑÔÕÖÛÜÝø¤*©®¶&%@#|
#              +---------------------------------------------------+
#              |scaled p-value above confidence level (zero is ok) |
#              +----------------------------------------------------------------+
#              |0         1         2         3         4         5         6   |
#              |0123456789012345678901234567890123456789012345678901234567890123|
#              +----------------------------------------------------------------+
# seed     0.0 |................................................................| x 64
# key      0.0 |................................................................| x 104
#              +----------------------------------------------------------------+
# 0 of 10752 bits failed (0.00%) failed at 99.999943 confidence
#     g-test: 0.000000%
#     sum-error-square: 0.00052329
#     hash bit-level errors: 8/64
#     - hash bit 0 gtest-prob not-random: 100.0000 (42084840/41915160)
#     - hash bit 1 gtest-prob not-random: 100.0000 (42041044/41958956)
#     - hash bit 3 gtest-prob not-random: 100.0000 (41941037/42058963)
#     - with 5 more hash bit errors not described above.
not ok 30 - Strict Avalanche Criteria - 104 bit keys
# Testing 112-bit keys.......... not ok! # worst-bit:   0.575% error-ratio: 9.816936e-01
#              +---------------------------------------------------+
#              |012345678901234567890123456789012345678901234567890|
#              +---------------------------------------------------+
# Scale:       |.1234567890abcdefghijklmnopqrstuvwxyzãäåêëîïðñôõöûü|
#              |üÿABCDEFGHIJKLMNOPQRSTUVWXYZÂÃÄÅÊËÑÔÕÖÛÜÝø¤*©®¶&%@#|
#              +---------------------------------------------------+
#              |pct diff from 50%: abs((0.5-(changed/reps))*2) *100|
#              +----------------------------------------------------------------+
#              |0         1         2         3         4         5         6   |
#              |0123456789012345678901234567890123456789012345678901234567890123|
#              +----------------------------------------------------------------+
# seed     0.0 |................................................................| x 64
# key      0.0 |................................................................| x 33
# key     33.0 |................1...............................................|
# key     34.0 |................................................................| x 33
# key     67.0 |...........................................................1....|
# key     68.0 |................................................................| x 44
#              +----------------------------------------------------------------+
#              +---------------------------------------------------+
#              |012345678901234567890123456789012345678901234567890|
#              +---------------------------------------------------+
# Scale:       |.1234567890abcdefghijklmnopqrstuvwxyzãäåêëîïðñôõöûü|
#              |üÿABCDEFGHIJKLMNOPQRSTUVWXYZÂÃÄÅÊËÑÔÕÖÛÜÝø¤*©®¶&%@#|
#              +---------------------------------------------------+
#              |scaled p-value above confidence level (zero is ok) |
#              +----------------------------------------------------------------+
#              |0         1         2         3         4         5         6   |
#              |0123456789012345678901234567890123456789012345678901234567890123|
#              +----------------------------------------------------------------+
# seed     0.0 |................................................................| x 64
# key      0.0 |................................................................| x 112
#              +----------------------------------------------------------------+
# 0 of 11264 bits failed (0.00%) failed at 99.999943 confidence
#     g-test: 0.000000%
#     sum-error-square: 0.00050263
#     hash bit-level errors: 9/64
#     - hash bit 0 gtest-prob not-random: 100.0000 (44024090/43975910)
#     - hash bit 1 gtest-prob not-random: 100.0000 (43909448/44090552)
#     - hash bit 2 gtest-prob not-random: 100.0000 (43943806/44056194)
#     - with 6 more hash bit errors not described above.
not ok 31 - Strict Avalanche Criteria - 112 bit keys
# Testing 120-bit keys.......... not ok! # worst-bit:   0.522% error-ratio: 1.014539e+00
#              +---------------------------------------------------+
#              |012345678901234567890123456789012345678901234567890|
#              +---------------------------------------------------+
# Scale:       |.1234567890abcdefghijklmnopqrstuvwxyzãäåêëîïðñôõöûü|
#              |üÿABCDEFGHIJKLMNOPQRSTUVWXYZÂÃÄÅÊËÑÔÕÖÛÜÝø¤*©®¶&%@#|
#              +---------------------------------------------------+
#              |pct diff from 50%: abs((0.5-(changed/reps))*2) *100|
#              +----------------------------------------------------------------+
#              |0         1         2         3         4         5         6   |
#              |0123456789012345678901234567890123456789012345678901234567890123|
#              +----------------------------------------------------------------+
# seed     0.0 |................................................................| x 20
# seed    20.0 |...............................................1................|
# seed    21.0 |................................................................| x 43
# key      0.0 |................................................................| x 25
# key     25.0 |..................................1.............................|
# key     26.0 |................................................................| x 87
# key    113.0 |...............................................1................|
# key    114.0 |................................................................| x 6
#              +----------------------------------------------------------------+
#              +---------------------------------------------------+
#              |012345678901234567890123456789012345678901234567890|
#              +---------------------------------------------------+
# Scale:       |.1234567890abcdefghijklmnopqrstuvwxyzãäåêëîïðñôõöûü|
#              |üÿABCDEFGHIJKLMNOPQRSTUVWXYZÂÃÄÅÊËÑÔÕÖÛÜÝø¤*©®¶&%@#|
#              +---------------------------------------------------+
#              |scaled p-value above confidence level (zero is ok) |
#              +----------------------------------------------------------------+
#              |0         1         2         3         4         5         6   |
#              |0123456789012345678901234567890123456789012345678901234567890123|
#              +----------------------------------------------------------------+
# seed     0.0 |................................................................| x 64
# key      0.0 |................................................................| x 120
#              +----------------------------------------------------------------+
# 0 of 11776 bits failed (0.00%) failed at 99.999943 confidence
#     g-test: 0.000000%
#     sum-error-square: 0.00051944
#     hash bit-level errors: 9/64
#     - hash bit 1 gtest-prob not-random: 100.0000 (46034036/45965964)
#     - hash bit 2 gtest-prob not-random: 100.0000 (46082992/45917008)
#     - hash bit 8 gtest-prob not-random: 100.0000 (46036779/45963221)
#     - with 6 more hash bit errors not described above.
not ok 32 - Strict Avalanche Criteria - 120 bit keys
# Testing 128-bit keys.......... not ok! # worst-bit:   0.587% error-ratio: 9.232333e-01
#              +---------------------------------------------------+
#              |012345678901234567890123456789012345678901234567890|
#              +---------------------------------------------------+
# Scale:       |.1234567890abcdefghijklmnopqrstuvwxyzãäåêëîïðñôõöûü|
#              |üÿABCDEFGHIJKLMNOPQRSTUVWXYZÂÃÄÅÊËÑÔÕÖÛÜÝø¤*©®¶&%@#|
#              +---------------------------------------------------+
#              |pct diff from 50%: abs((0.5-(changed/reps))*2) *100|
#              +----------------------------------------------------------------+
#              |0         1         2         3         4         5         6   |
#              |0123456789012345678901234567890123456789012345678901234567890123|
#              +----------------------------------------------------------------+
# seed     0.0 |................................................................| x 18
# seed    18.0 |..........................................................1.....|
# seed    19.0 |................................................................| x 45
# key      0.0 |................................................................| x 128
#              +----------------------------------------------------------------+
#              +---------------------------------------------------+
#              |012345678901234567890123456789012345678901234567890|
#              +---------------------------------------------------+
# Scale:       |.1234567890abcdefghijklmnopqrstuvwxyzãäåêëîïðñôõöûü|
#              |üÿABCDEFGHIJKLMNOPQRSTUVWXYZÂÃÄÅÊËÑÔÕÖÛÜÝø¤*©®¶&%@#|
#              +---------------------------------------------------+
#              |scaled p-value above confidence level (zero is ok) |
#              +----------------------------------------------------------------+
#              |0         1         2         3         4         5         6   |
#              |0123456789012345678901234567890123456789012345678901234567890123|
#              +----------------------------------------------------------------+
# seed     0.0 |................................................................| x 64
# key      0.0 |................................................................| x 128
#              +----------------------------------------------------------------+
# 0 of 12288 bits failed (0.00%) failed at 99.999943 confidence
#     g-test: 0.000000%
#     sum-error-square: 0.00047270
#     hash bit-level errors: 10/64
#     - hash bit 1 gtest-prob not-random: 100.0000 (47965636/48034364)
#     - hash bit 13 gtest-prob not-random: 100.0000 (47969802/48030198)
#     - hash bit 15 gtest-prob not-random: 100.0000 (48033318/47966682)
#     - with 7 more hash bit errors not described above.
not ok 33 - Strict Avalanche Criteria - 128 bit keys
# Testing 136-bit keys.......... not ok! # worst-bit:   0.660% error-ratio: 1.076514e+00
#              +---------------------------------------------------+
#              |012345678901234567890123456789012345678901234567890|
#              +---------------------------------------------------+
# Scale:       |.1234567890abcdefghijklmnopqrstuvwxyzãäåêëîïðñôõöûü|
#              |üÿABCDEFGHIJKLMNOPQRSTUVWXYZÂÃÄÅÊËÑÔÕÖÛÜÝø¤*©®¶&%@#|
#              +---------------------------------------------------+
#              |pct diff from 50%: abs((0.5-(changed/reps))*2) *100|
#              +----------------------------------------------------------------+
#              |0         1         2         3         4         5         6   |
#              |0123456789012345678901234567890123456789012345678901234567890123|
#              +----------------------------------------------------------------+
# seed     0.0 |................................................................| x 64
# key      0.0 |................................................................| x 12
# key     12.0 |.........1......................................................|
# key     13.0 |................................................................| x 3
# key     16.0 |..........................................................1.....|
# key     17.0 |................................................................| x 17
# key     34.0 |......................................................1.........|
# key     35.0 |................................................................| x 43
# key     78.0 |............................................1...................|
# key     79.0 |................................................................| x 3
# key     82.0 |.........................................1......................|
# key     83.0 |................................................................| x 19
# key    102.0 |............................1...................................|
# key    103.0 |................................................................| x 9
# key    112.0 |...................1............................................|
# key    113.0 |................................................................| x 8
# key    121.0 |.............................................1..................|
# key    122.0 |................................................................| x 14
#              +----------------------------------------------------------------+
#              +---------------------------------------------------+
#              |012345678901234567890123456789012345678901234567890|
#              +---------------------------------------------------+
# Scale:       |.1234567890abcdefghijklmnopqrstuvwxyzãäåêëîïðñôõöûü|
#              |üÿABCDEFGHIJKLMNOPQRSTUVWXYZÂÃÄÅÊËÑÔÕÖÛÜÝø¤*©®¶&%@#|
#              +---------------------------------------------------+
#              |scaled p-value above confidence level (zero is ok) |
#              +----------------------------------------------------------------+
#              |0         1         2         3         4         5         6   |
#              |0123456789012345678901234567890123456789012345678901234567890123|
#              +----------------------------------------------------------------+
# seed     0.0 |................................................................| x 64
# key      0.0 |................................................................| x 136
#              +----------------------------------------------------------------+
# 0 of 12800 bits failed (0.00%) failed at 99.999943 confidence
#     g-test: 0.000000%
#     sum-error-square: 0.00055118
#     hash bit-level errors: 12/64
#     - hash bit 1 gtest-prob not-random: 100.0000 (50101376/49898624)
#     - hash bit 2 gtest-prob not-random: 100.0000 (50033410/49966590)
#     - hash bit 5 gtest-prob not-random: 100.0000 (49949233/50050767)
#     - with 9 more hash bit errors not described above.
not ok 34 - Strict Avalanche Criteria - 136 bit keys
# Testing 144-bit keys.......... not ok! # worst-bit:   0.514% error-ratio: 9.531972e-01
#              +---------------------------------------------------+
#              |012345678901234567890123456789012345678901234567890|
#              +---------------------------------------------------+
# Scale:       |.1234567890abcdefghijklmnopqrstuvwxyzãäåêëîïðñôõöûü|
#              |üÿABCDEFGHIJKLMNOPQRSTUVWXYZÂÃÄÅÊËÑÔÕÖÛÜÝø¤*©®¶&%@#|
#              +---------------------------------------------------+
#              |pct diff from 50%: abs((0.5-(changed/reps))*2) *100|
#              +----------------------------------------------------------------+
#              |0         1         2         3         4         5         6   |
#              |0123456789012345678901234567890123456789012345678901234567890123|
#              +----------------------------------------------------------------+
# seed     0.0 |................................................................| x 16
# seed    16.0 |........................................1.......................|
# seed    17.0 |................................................................| x 47
# key      0.0 |................................................................| x 144
#              +----------------------------------------------------------------+
#              +---------------------------------------------------+
#              |012345678901234567890123456789012345678901234567890|
#              +---------------------------------------------------+
# Scale:       |.1234567890abcdefghijklmnopqrstuvwxyzãäåêëîïðñôõöûü|
#              |üÿABCDEFGHIJKLMNOPQRSTUVWXYZÂÃÄÅÊËÑÔÕÖÛÜÝø¤*©®¶&%@#|
#              +---------------------------------------------------+
#              |scaled p-value above confidence level (zero is ok) |
#              +----------------------------------------------------------------+
#              |0         1         2         3         4         5         6   |
#              |0123456789012345678901234567890123456789012345678901234567890123|
#              +----------------------------------------------------------------+
# seed     0.0 |................................................................| x 64
# key      0.0 |................................................................| x 144
#              +----------------------------------------------------------------+
# 0 of 13312 bits failed (0.00%) failed at 99.999943 confidence
#     g-test: 0.000000%
#     sum-error-square: 0.00048804
#     hash bit-level errors: 7/64
#     - hash bit 0 gtest-prob not-random: 100.0000 (51965660/52034340)
#     - hash bit 2 gtest-prob not-random: 100.0000 (52086483/51913517)
#     - hash bit 3 gtest-prob not-random: 100.0000 (52068319/51931681)
#     - with 4 more hash bit errors not described above.
not ok 35 - Strict Avalanche Criteria - 144 bit keys
# Testing 152-bit keys.......... not ok! # worst-bit:   0.527% error-ratio: 9.361114e-01
#              +---------------------------------------------------+
#              |012345678901234567890123456789012345678901234567890|
#              +---------------------------------------------------+
# Scale:       |.1234567890abcdefghijklmnopqrstuvwxyzãäåêëîïðñôõöûü|
#              |üÿABCDEFGHIJKLMNOPQRSTUVWXYZÂÃÄÅÊËÑÔÕÖÛÜÝø¤*©®¶&%@#|
#              +---------------------------------------------------+
#              |pct diff from 50%: abs((0.5-(changed/reps))*2) *100|
#              +----------------------------------------------------------------+
#              |0         1         2         3         4         5         6   |
#              |0123456789012345678901234567890123456789012345678901234567890123|
#              +----------------------------------------------------------------+
# seed     0.0 |................................................................| x 64
# key      0.0 |................................................................| x 95
# key     95.0 |.......................................1........................|
# key     96.0 |................................................................| x 13
# key    109.0 |....................................................1...........|
# key    110.0 |................................................................| x 42
#              +----------------------------------------------------------------+
#              +---------------------------------------------------+
#              |012345678901234567890123456789012345678901234567890|
#              +---------------------------------------------------+
# Scale:       |.1234567890abcdefghijklmnopqrstuvwxyzãäåêëîïðñôõöûü|
#              |üÿABCDEFGHIJKLMNOPQRSTUVWXYZÂÃÄÅÊËÑÔÕÖÛÜÝø¤*©®¶&%@#|
#              +---------------------------------------------------+
#              |scaled p-value above confidence level (zero is ok) |
#              +----------------------------------------------------------------+
#              |0         1         2         3         4         5         6   |
#              |0123456789012345678901234567890123456789012345678901234567890123|
#              +----------------------------------------------------------------+
# seed     0.0 |................................................................| x 64
# key      0.0 |................................................................| x 152
#              +----------------------------------------------------------------+
# 0 of 13824 bits failed (0.00%) failed at 99.999943 confidence
#     g-test: 0.000000%
#     sum-error-square: 0.00047929
#     hash bit-level errors: 6/64
#     - hash bit 2 gtest-prob not-random: 100.0000 (54083136/53916864)
#     - hash bit 3 gtest-prob not-random: 100.0000 (53948278/54051722)
#     - hash bit 5 gtest-prob not-random: 100.0000 (53972091/54027909)
#     - with 3 more hash bit errors not described above.
not ok 36 - Strict Avalanche Criteria - 152 bit keys
# Testing 152-bit keys.......... not ok! # worst-bit:   0.618% error-ratio: 1.038958e+00
#              +---------------------------------------------------+
#              |012345678901234567890123456789012345678901234567890|
#              +---------------------------------------------------+
# Scale:       |.1234567890abcdefghijklmnopqrstuvwxyzãäåêëîïðñôõöûü|
#              |üÿABCDEFGHIJKLMNOPQRSTUVWXYZÂÃÄÅÊËÑÔÕÖÛÜÝø¤*©®¶&%@#|
#              +---------------------------------------------------+
#              |pct diff from 50%: abs((0.5-(changed/reps))*2) *100|
#              +----------------------------------------------------------------+
#              |0         1         2         3         4         5         6   |
#              |0123456789012345678901234567890123456789012345678901234567890123|
#              +----------------------------------------------------------------+
# seed     0.0 |................................................................| x 64
# key      0.0 |................................................................| x 30
# key     30.0 |.........................................1......................|
# key     31.0 |................................................................| x 41
# key     72.0 |..............................................................1.|
# key     73.0 |................................................................| x 11
# key     84.0 |...............1................................................|
# key     85.0 |................................................................| x 33
# key    118.0 |.......................1........................................|
# key    119.0 |................................................................| x 15
# key    134.0 |.....................................................1..........|
# key    135.0 |................................................................| x 17
#              +----------------------------------------------------------------+
#              +---------------------------------------------------+
#              |012345678901234567890123456789012345678901234567890|
#              +---------------------------------------------------+
# Scale:       |.1234567890abcdefghijklmnopqrstuvwxyzãäåêëîïðñôõöûü|
#              |üÿABCDEFGHIJKLMNOPQRSTUVWXYZÂÃÄÅÊËÑÔÕÖÛÜÝø¤*©®¶&%@#|
#              +---------------------------------------------------+
#              |scaled p-value above confidence level (zero is ok) |
#              +----------------------------------------------------------------+
#              |0         1         2         3         4         5         6   |
#              |0123456789012345678901234567890123456789012345678901234567890123|
#              +----------------------------------------------------------------+
# seed     0.0 |................................................................| x 64
# key      0.0 |................................................................| x 152
#              +----------------------------------------------------------------+
# 0 of 13824 bits failed (0.00%) failed at 99.999943 confidence
#     g-test: 0.000000%
#     sum-error-square: 0.00053195
#     hash bit-level errors: 10/64
#     - hash bit 0 gtest-prob not-random: 100.0000 (54056672/53943328)
#     - hash bit 2 gtest-prob not-random: 100.0000 (53926840/54073160)
#     - hash bit 3 gtest-prob not-random: 100.0000 (53956087/54043913)
#     - with 7 more hash bit errors not described above.
not ok 37 - Strict Avalanche Criteria - 160 bit keys
# Testing 256-bit keys.......... not ok! # worst-bit:   0.519% error-ratio: 1.087380e+00
#              +---------------------------------------------------+
#              |012345678901234567890123456789012345678901234567890|
#              +---------------------------------------------------+
# Scale:       |.1234567890abcdefghijklmnopqrstuvwxyzãäåêëîïðñôõöûü|
#              |üÿABCDEFGHIJKLMNOPQRSTUVWXYZÂÃÄÅÊËÑÔÕÖÛÜÝø¤*©®¶&%@#|
#              +---------------------------------------------------+
#              |pct diff from 50%: abs((0.5-(changed/reps))*2) *100|
#              +----------------------------------------------------------------+
#              |0         1         2         3         4         5         6   |
#              |0123456789012345678901234567890123456789012345678901234567890123|
#              +----------------------------------------------------------------+
# seed     0.0 |................................................................| x 64
# key      0.0 |................................................................| x 25
# key     25.0 |...................................................1............|
# key     26.0 |................................................................| x 32
# key     58.0 |..........1.....................................................|
# key     59.0 |................................................................| x 16
# key     75.0 |....................................................1...........|
# key     76.0 |................................................................| x 41
# key    117.0 |.........1......................................................|
# key    118.0 |................................................................| x 76
# key    194.0 |..................................................1.............|
# key    195.0 |................................................................| x 61
#              +----------------------------------------------------------------+
#              +---------------------------------------------------+
#              |012345678901234567890123456789012345678901234567890|
#              +---------------------------------------------------+
# Scale:       |.1234567890abcdefghijklmnopqrstuvwxyzãäåêëîïðñôõöûü|
#              |üÿABCDEFGHIJKLMNOPQRSTUVWXYZÂÃÄÅÊËÑÔÕÖÛÜÝø¤*©®¶&%@#|
#              +---------------------------------------------------+
#              |scaled p-value above confidence level (zero is ok) |
#              +----------------------------------------------------------------+
#              |0         1         2         3         4         5         6   |
#              |0123456789012345678901234567890123456789012345678901234567890123|
#              +----------------------------------------------------------------+
# seed     0.0 |................................................................| x 64
# key      0.0 |................................................................| x 256
#              +----------------------------------------------------------------+
# 0 of 20480 bits failed (0.00%) failed at 99.999943 confidence
#     g-test: 0.000000%
#     sum-error-square: 0.00055674
#     hash bit-level errors: 7/64
#     - hash bit 1 gtest-prob not-random: 100.0000 (79828616/80171384)
#     - hash bit 2 gtest-prob not-random: 100.0000 (79946980/80053020)
#     - hash bit 3 gtest-prob not-random: 100.0000 (80085933/79914067)
#     - with 4 more hash bit errors not described above.
not ok 38 - Strict Avalanche Criteria - 256 bit keys
not ok 39 - Strict Avalanche Criteria # FNV64
### Keyset 'Cyclic' Tests ###
# Keyset 'Cyclic' - 8 cycles of 8 bytes - 10000000 keys
# Testing collisions   - Expected     0.00, actual        0 ( 0.00x) - passed
ok 40 - Collision Rate for Keyset 'Cyclic' - 8 cycles of 8 bytes - 10000000 keys
# worst bias is the  11-bit window at bit   0 - 1701.812% (832)
not ok 41 - Distribution Bias Check for Keyset 'Cyclic' - 8 cycles of 8 bytes - 10000000 keys
# Keyset 'Cyclic' - 8 cycles of 9 bytes - 10000000 keys
# Testing collisions   - Expected     0.00, actual        0 ( 0.00x) - passed
ok 42 - Collision Rate for Keyset 'Cyclic' - 8 cycles of 9 bytes - 10000000 keys
# worst bias is the  12-bit window at bit   0 - 901.201% (832)
not ok 43 - Distribution Bias Check for Keyset 'Cyclic' - 8 cycles of 9 bytes - 10000000 keys
# Keyset 'Cyclic' - 8 cycles of 10 bytes - 10000000 keys
# Testing collisions   - Expected     0.00, actual        0 ( 0.00x) - passed
ok 44 - Collision Rate for Keyset 'Cyclic' - 8 cycles of 10 bytes - 10000000 keys
# worst bias is the  11-bit window at bit   0 - 1698.515% (832)
not ok 45 - Distribution Bias Check for Keyset 'Cyclic' - 8 cycles of 10 bytes - 10000000 keys
# Keyset 'Cyclic' - 8 cycles of 11 bytes - 10000000 keys
# Testing collisions   - Expected     0.00, actual        0 ( 0.00x) - passed
ok 46 - Collision Rate for Keyset 'Cyclic' - 8 cycles of 11 bytes - 10000000 keys
# worst bias is the  12-bit window at bit   0 - 899.863% (832)
not ok 47 - Distribution Bias Check for Keyset 'Cyclic' - 8 cycles of 11 bytes - 10000000 keys
# Keyset 'Cyclic' - 8 cycles of 12 bytes - 10000000 keys
# Testing collisions   - Expected     0.00, actual        0 ( 0.00x) - passed
ok 48 - Collision Rate for Keyset 'Cyclic' - 8 cycles of 12 bytes - 10000000 keys
# worst bias is the  11-bit window at bit   0 - 1698.509% (832)
not ok 49 - Distribution Bias Check for Keyset 'Cyclic' - 8 cycles of 12 bytes - 10000000 keys
not ok 50 - Keyset 'Cyclic' # FNV64
### Keyset 'TwoBytes' Tests ###
# Testing collisions   - Expected     0.00, actual        0 ( 0.00x) - passed
ok 51 - Collision Rate for Keyset 'TwoBytes' - up-to-4-byte keys, 652545 total keys
# worst bias is the  16-bit window at bit  24 - 51070.081% (576)
not ok 52 - Distribution Bias Check for Keyset 'TwoBytes' - up-to-4-byte keys, 652545 total keys
# Testing collisions   - Expected     0.00, actual        0 ( 0.00x) - passed
ok 53 - Collision Rate for Keyset 'TwoBytes' - up-to-8-byte keys, 5471025 total keys
# worst bias is the  20-bit window at bit  20 - 2538.573% (832)
not ok 54 - Distribution Bias Check for Keyset 'TwoBytes' - up-to-8-byte keys, 5471025 total keys
# Testing collisions   - Expected     0.00, actual        0 ( 0.00x) - passed
ok 55 - Collision Rate for Keyset 'TwoBytes' - up-to-12-byte keys, 18616785 total keys
# worst bias is the  20-bit window at bit  20 - 532.330% (832)
not ok 56 - Distribution Bias Check for Keyset 'TwoBytes' - up-to-12-byte keys, 18616785 total keys
# Testing collisions   - Expected     0.00, actual        0 ( 0.00x) - passed
ok 57 - Collision Rate for Keyset 'TwoBytes' - up-to-16-byte keys, 44251425 total keys
# worst bias is the  20-bit window at bit  20 - 162.771% (832)
not ok 58 - Distribution Bias Check for Keyset 'TwoBytes' - up-to-16-byte keys, 44251425 total keys
# Testing collisions   - Expected     0.00, actual        0 ( 0.00x) - passed
ok 59 - Collision Rate for Keyset 'TwoBytes' - up-to-20-byte keys, 86536545 total keys
# worst bias is the  20-bit window at bit  20 - 63.925% (832)
not ok 60 - Distribution Bias Check for Keyset 'TwoBytes' - up-to-20-byte keys, 86536545 total keys
not ok 61 - Keyset 'TwoBytes' # FNV64
### Keyset 'Sparse' Tests ###
# Keyset 'Sparse' - 32-bit keys with up to 6 bits set - 1149017 keys
# Testing collisions   - Expected     0.00, actual        0 ( 0.00x) - passed
ok 62 - Collision Rate for Keyset 'Sparse' - 32-bit keys with up to 6 bits set
# worst bias is the  17-bit window at bit  23 - 49.425% (640)
not ok 63 - Distribution Bias Check for Keyset 'Sparse' - 32-bit keys with up to 6 bits set
# Keyset 'Sparse' - 40-bit keys with up to 6 bits set - 4598479 keys
# Testing collisions   - Expected     0.00, actual        0 ( 0.00x) - passed
ok 64 - Collision Rate for Keyset 'Sparse' - 40-bit keys with up to 6 bits set
# worst bias is the  19-bit window at bit  21 - 45.012% (768)
not ok 65 - Distribution Bias Check for Keyset 'Sparse' - 40-bit keys with up to 6 bits set
# Keyset 'Sparse' - 48-bit keys with up to 5 bits set - 1925357 keys
# Testing collisions   - Expected     0.00, actual        0 ( 0.00x) - passed
ok 66 - Collision Rate for Keyset 'Sparse' - 48-bit keys with up to 5 bits set
# worst bias is the  18-bit window at bit  22 - 58.478% (704)
not ok 67 - Distribution Bias Check for Keyset 'Sparse' - 48-bit keys with up to 5 bits set
# Keyset 'Sparse' - 56-bit keys with up to 5 bits set - 4216423 keys
# Testing collisions   - Expected     0.00, actual        0 ( 0.00x) - passed
ok 68 - Collision Rate for Keyset 'Sparse' - 56-bit keys with up to 5 bits set
# worst bias is the  19-bit window at bit  21 - 46.112% (768)
not ok 69 - Distribution Bias Check for Keyset 'Sparse' - 56-bit keys with up to 5 bits set
# Keyset 'Sparse' - 64-bit keys with up to 5 bits set - 8303633 keys
# Testing collisions   - Expected     0.00, actual        0 ( 0.00x) - passed
ok 70 - Collision Rate for Keyset 'Sparse' - 64-bit keys with up to 5 bits set
# worst bias is the  20-bit window at bit  20 - 38.833% (832)
not ok 71 - Distribution Bias Check for Keyset 'Sparse' - 64-bit keys with up to 5 bits set
# Keyset 'Sparse' - 96-bit keys with up to 4 bits set - 3469497 keys
# Testing collisions   - Expected     0.00, actual        0 ( 0.00x) - passed
ok 72 - Collision Rate for Keyset 'Sparse' - 96-bit keys with up to 4 bits set
# worst bias is the  19-bit window at bit  21 - 37.011% (768)
not ok 73 - Distribution Bias Check for Keyset 'Sparse' - 96-bit keys with up to 4 bits set
# Keyset 'Sparse' - 256-bit keys with up to 3 bits set - 2796417 keys
# Testing collisions   - Expected     0.00, actual        0 ( 0.00x) - passed
ok 74 - Collision Rate for Keyset 'Sparse' - 256-bit keys with up to 3 bits set
# worst bias is the  19-bit window at bit  21 - 15.484% (768)
not ok 75 - Distribution Bias Check for Keyset 'Sparse' - 256-bit keys with up to 3 bits set
# Keyset 'Sparse' - 2048-bit keys with up to 2 bits set - 2098177 keys
# Testing collisions   - Expected     0.00, actual        0 ( 0.00x) - passed
ok 76 - Collision Rate for Keyset 'Sparse' - 2048-bit keys with up to 2 bits set
# worst bias is the  18-bit window at bit  22 - 1.253% (704)
not ok 77 - Distribution Bias Check for Keyset 'Sparse' - 2048-bit keys with up to 2 bits set
not ok 78 - Keyset 'Sparse' # FNV64
# Keyset 'CRC-MultiCollision' - 1048575 x 16 block keys - 128-bytes long - 10 seeds
# Testing collisions   - Expected     0.00, actual        0 ( 0.00x) - passed
ok 79 - Collision Rate for Keyset 'CRC-MultiCollision' - seed 1 # FNV64
# Testing collisions   - Expected     0.00, actual        0 ( 0.00x) - passed
ok 80 - Collision Rate for Keyset 'CRC-MultiCollision' - seed 2 # FNV64
# Testing collisions   - Expected     0.00, actual        0 ( 0.00x) - passed
ok 81 - Collision Rate for Keyset 'CRC-MultiCollision' - seed 3 # FNV64
# Testing collisions   - Expected     0.00, actual        0 ( 0.00x) - passed
ok 82 - Collision Rate for Keyset 'CRC-MultiCollision' - seed 4 # FNV64
# Testing collisions   - Expected     0.00, actual        0 ( 0.00x) - passed
ok 83 - Collision Rate for Keyset 'CRC-MultiCollision' - seed 5 # FNV64
# Testing collisions   - Expected     0.00, actual        0 ( 0.00x) - passed
ok 84 - Collision Rate for Keyset 'CRC-MultiCollision' - seed 6 # FNV64
# Testing collisions   - Expected     0.00, actual        0 ( 0.00x) - passed
ok 85 - Collision Rate for Keyset 'CRC-MultiCollision' - seed 7 # FNV64
# Testing collisions   - Expected     0.00, actual        0 ( 0.00x) - passed
ok 86 - Collision Rate for Keyset 'CRC-MultiCollision' - seed 8 # FNV64
# Testing collisions   - Expected     0.00, actual        0 ( 0.00x) - passed
ok 87 - Collision Rate for Keyset 'CRC-MultiCollision' - seed 9 # FNV64
# Testing collisions   - Expected     0.00, actual        0 ( 0.00x) - passed
ok 88 - Collision Rate for Keyset 'CRC-MultiCollision' - seed 10 # FNV64
### Keyset 'Combination Lowbits' Tests ###
# Keyset 'Combination' - up to 8 blocks from a set of 8 - 19173960 keys
# Testing collisions   - Expected     0.00, actual        0 ( 0.00x) - passed
ok 89 - Collision Rate for Keyset 'Combination Lowbits'
# worst bias is the   8-bit window at bit   0 - 100.536% (832)
not ok 90 - Distribution Bias Check for Keyset 'Combination Lowbits'
not ok 91 - Keyset 'Combination Lowbits' # FNV64
### Keyset 'Combination Highbits' Tests ###
# Keyset 'Combination' - up to 8 blocks from a set of 8 - 19173960 keys
# Testing collisions   - Expected     0.00, actual        0 ( 0.00x) - passed
ok 92 - Collision Rate for Keyset 'Combination Highbits'
# worst bias is the  13-bit window at bit   0 - 5053.049% (832)
not ok 93 - Distribution Bias Check for Keyset 'Combination Highbits'
not ok 94 - Keyset 'Combination Highbits' # FNV64
### Keyset 'Combination Highbits2' Tests ###
# Keyset 'Combination' - up to 8 blocks from a set of 8 - 19173960 keys
# Testing collisions   - Expected     0.00, actual        0 ( 0.00x) - passed
ok 95 - Collision Rate for Keyset 'Combination Highbits2'
# worst bias is the  12-bit window at bit   0 - 2477.558% (832)
not ok 96 - Distribution Bias Check for Keyset 'Combination Highbits2'
not ok 97 - Keyset 'Combination Highbits2' # FNV64
### Keyset 'Combination 0x80000000' Tests ###
# Keyset 'Combination' - up to 20 blocks from a set of 2 - 2097150 keys
# Testing collisions   - Expected     0.00, actual        0 ( 0.00x) - passed
ok 98 - Collision Rate for Keyset 'Combination 0x80000000'
# worst bias is the  15-bit window at bit   0 - 7102.778% (704)
not ok 99 - Distribution Bias Check for Keyset 'Combination 0x80000000'
not ok 100 - Keyset 'Combination 0x80000000' # FNV64
### Keyset 'Combination 0x00000001' Tests ###
# Keyset 'Combination' - up to 20 blocks from a set of 2 - 2097150 keys
# Testing collisions   - Expected     0.00, actual        0 ( 0.00x) - passed
ok 101 - Collision Rate for Keyset 'Combination 0x00000001'
# worst bias is the   8-bit window at bit   0 - 840.097% (704)
not ok 102 - Distribution Bias Check for Keyset 'Combination 0x00000001'
not ok 103 - Keyset 'Combination 0x00000001' # FNV64
### Keyset 'Combination Hi-Lo' Tests ###
# Keyset 'Combination' - up to 6 blocks from a set of 15 - 12204240 keys
# Testing collisions   - Expected     0.00, actual        0 ( 0.00x) - passed
ok 104 - Collision Rate for Keyset 'Combination Hi-Lo'
# worst bias is the  20-bit window at bit  49 - 110.688% (832)
not ok 105 - Distribution Bias Check for Keyset 'Combination Hi-Lo'
not ok 106 - Keyset 'Combination Hi-Lo' # FNV64
### Keyset 'Text' Tests ###
# Keyset 'Text' - keys of form "Foo[XXXX]Bar" - 14776336 keys
# Testing collisions   - Expected     0.00, actual        0 ( 0.00x) - passed
ok 107 - Collision Rate for Keyset 'Text' - keys of form "Foo[XXXX]Bar" - 14776336 keys
# worst bias is the  20-bit window at bit  44 - 4.336% (832)
not ok 108 - Distribution Bias Check for Keyset 'Text' - keys of form "Foo[XXXX]Bar" - 14776336 keys
# Keyset 'Text' - keys of form "FooBar[XXXX]" - 14776336 keys
# Testing collisions   - Expected     0.00, actual        0 ( 0.00x) - passed
ok 109 - Collision Rate for Keyset 'Text' - keys of form "FooBar[XXXX]" - 14776336 keys
# worst bias is the  20-bit window at bit  20 - 1877.590% (832)
not ok 110 - Distribution Bias Check for Keyset 'Text' - keys of form "FooBar[XXXX]" - 14776336 keys
# Keyset 'Text' - keys of form "[XXXX]FooBar" - 14776336 keys
# Testing collisions   - Expected     0.00, actual        0 ( 0.00x) - passed
ok 111 - Collision Rate for Keyset 'Text' - keys of form "[XXXX]FooBar" - 14776336 keys
# worst bias is the  20-bit window at bit   7 - 1.128% (832)
not ok 112 - Distribution Bias Check for Keyset 'Text' - keys of form "[XXXX]FooBar" - 14776336 keys
not ok 113 - Keyset 'Text' # FNV64
### Keyset 'Zeroes' Tests ###
# Keyset 'Zeroes' - 262144 keys
# Testing collisions   - Expected     0.00, actual        0 ( 0.00x) - passed
ok 114 - Collision Rate for Keyset 'Zeroes' - 262144 keys
# worst bias is the   8-bit window at bit  60 - 698.616% (512)
not ok 115 - Distribution Bias Check for Keyset 'Zeroes' - 262144 keys
not ok 116 - Keyset 'Zeroes' # FNV64
### Keyset 'Seed' Tests ###
# Keyset 'Seed' - 2000000 seeds, Key "The quick brown fox "...
# Testing collisions   - Expected     0.00, actual        0 ( 0.00x) - passed
ok 117 - Collision Rate for Keyset 'Seed' - 2000000 seeds, Key "The quick brown fox "...
ok 118 - Distribution Bias Check for Keyset 'Seed' - 2000000 seeds, Key "The quick brown fox "...
# Keyset 'Seed' - 2000000 seeds, Key ""
# Testing collisions   - Expected     0.00, actual        0 ( 0.00x) - passed
ok 119 - Collision Rate for Keyset 'Seed' - 2000000 seeds, Key ""
ok 120 - Distribution Bias Check for Keyset 'Seed' - 2000000 seeds, Key ""
# Keyset 'Seed' - 2000000 seeds, Key "00101100110101101"
# Testing collisions   - Expected     0.00, actual        0 ( 0.00x) - passed
ok 121 - Collision Rate for Keyset 'Seed' - 2000000 seeds, Key "00101100110101101"
ok 122 - Distribution Bias Check for Keyset 'Seed' - 2000000 seeds, Key "00101100110101101"
# Keyset 'Seed' - 2000000 seeds, Key "abcbcddbdebdcaaabaaa"...
# Testing collisions   - Expected     0.00, actual        0 ( 0.00x) - passed
ok 123 - Collision Rate for Keyset 'Seed' - 2000000 seeds, Key "abcbcddbdebdcaaabaaa"...
ok 124 - Distribution Bias Check for Keyset 'Seed' - 2000000 seeds, Key "abcbcddbdebdcaaabaaa"...
ok 125 - Keyset 'Seed' # FNV64
### Keyset 'Effs' Tests ###
# Keyset 'Effs' - 262144 keys
# Testing collisions   - Expected     0.00, actual        0 ( 0.00x) - passed
ok 126 - Collision Rate for Keyset 'Effs' - 262144 keys
ok 127 - Distribution Bias Check for Keyset 'Effs' - 262144 keys
ok 128 - Keyset 'Effs' # FNV64
not ok 129 - all tests passed # FNV64
1..129
# Tests Failed. FNV64 failed 63 of 129 tests.
# Testing took 1763.088261 seconds
# This is SMHasher version v1.0-demerphq-5-g86440f3 - built on Mar 10 2017.
