ok 1 - SelfTest - Verify 89 Hashes
ok 2 - Found Hash # GoodOAAT
###################################################################
### Testing GoodOAAT - no seed_state
### - Small non-multiplicative one-at-a-time -
### seedbits: 32 statebits: 32 hashbits: 32
###################################################################
### Sanity Tests ###
ok 3 - Verification code # GoodOAAT
# Sanity check simple key bit flips and consistency..........
ok 4 - SanityTest # GoodOAAT
# Sanity check null suffixes change the hash (simple)..........
ok 5 - Appended Zeroes Test # GoodOAAT
ok 6 - Sanity Test # GoodOAAT
### Speed Tests ###
## Bulk speed test - 262144-byte keys
# Alignment  7 -  0.400 bytes/cycle - 1143.49 MiB/sec @ 3 ghz
# Alignment  6 -  0.400 bytes/cycle - 1143.49 MiB/sec @ 3 ghz
# Alignment  5 -  0.400 bytes/cycle - 1143.49 MiB/sec @ 3 ghz
# Alignment  4 -  0.400 bytes/cycle - 1143.49 MiB/sec @ 3 ghz
# Alignment  3 -  0.400 bytes/cycle - 1143.49 MiB/sec @ 3 ghz
# Alignment  2 -  0.400 bytes/cycle - 1143.49 MiB/sec @ 3 ghz
# Alignment  1 -  0.400 bytes/cycle - 1143.49 MiB/sec @ 3 ghz
# Alignment  0 -  0.400 bytes/cycle - 1143.49 MiB/sec @ 3 ghz
# Average      -  0.400 bytes/cycle - 1143.49 MiB/sec @ 3 ghz
## KeySpeed tests
# GoodOAAT                  0 byte keys        7.000 c/h
# GoodOAAT                  1 byte keys       14.000 c/h       14.000 c/b        0.071 b/c
# GoodOAAT                  2 byte keys       16.258 c/h        8.129 c/b        0.123 b/c
# GoodOAAT                  3 byte keys       18.994 c/h        6.331 c/b        0.158 b/c
# GoodOAAT                  4 byte keys       21.000 c/h        5.250 c/b        0.190 b/c
# GoodOAAT                  5 byte keys       24.000 c/h        4.800 c/b        0.208 b/c
# GoodOAAT                  6 byte keys       26.000 c/h        4.333 c/b        0.231 b/c
# GoodOAAT                  7 byte keys       28.999 c/h        4.143 c/b        0.241 b/c
# GoodOAAT                  8 byte keys       31.503 c/h        3.938 c/b        0.254 b/c
# GoodOAAT                  9 byte keys       34.000 c/h        3.778 c/b        0.265 b/c
# GoodOAAT                 10 byte keys       36.642 c/h        3.664 c/b        0.273 b/c
# GoodOAAT                 11 byte keys       39.221 c/h        3.566 c/b        0.280 b/c
# GoodOAAT                 12 byte keys       41.000 c/h        3.417 c/b        0.293 b/c
# GoodOAAT                 13 byte keys       44.000 c/h        3.385 c/b        0.295 b/c
# GoodOAAT                 14 byte keys       46.000 c/h        3.286 c/b        0.304 b/c
# GoodOAAT                 15 byte keys       49.261 c/h        3.284 c/b        0.304 b/c
# GoodOAAT                 16 byte keys       51.206 c/h        3.200 c/b        0.312 b/c
# GoodOAAT                 17 byte keys       54.000 c/h        3.176 c/b        0.315 b/c
# GoodOAAT                 18 byte keys       56.000 c/h        3.111 c/b        0.321 b/c
# GoodOAAT                 19 byte keys       59.000 c/h        3.105 c/b        0.322 b/c
# GoodOAAT                 20 byte keys       67.111 c/h        3.356 c/b        0.298 b/c
# GoodOAAT                 21 byte keys       72.775 c/h        3.465 c/b        0.289 b/c
# GoodOAAT                 22 byte keys       74.601 c/h        3.391 c/b        0.295 b/c
# GoodOAAT                 23 byte keys       76.409 c/h        3.322 c/b        0.301 b/c
# GoodOAAT                 24 byte keys       78.802 c/h        3.283 c/b        0.305 b/c
# GoodOAAT                 25 byte keys       81.396 c/h        3.256 c/b        0.307 b/c
# GoodOAAT                 26 byte keys       84.643 c/h        3.255 c/b        0.307 b/c
# GoodOAAT                 27 byte keys       85.427 c/h        3.164 c/b        0.316 b/c
# GoodOAAT                 28 byte keys       86.752 c/h        3.098 c/b        0.323 b/c
# GoodOAAT                 29 byte keys       89.691 c/h        3.093 c/b        0.323 b/c
# GoodOAAT                 30 byte keys       92.403 c/h        3.080 c/b        0.325 b/c
# GoodOAAT                 31 byte keys       94.739 c/h        3.056 c/b        0.327 b/c
#                          Average < 32       52.589 c/h        3.393 c/b        0.295 b/c
# GoodOAAT                 32 byte keys       97.032 c/h        3.032 c/b        0.330 b/c
# GoodOAAT                 36 byte keys      105.500 c/h        2.931 c/b        0.341 b/c
# GoodOAAT                 40 byte keys      114.874 c/h        2.872 c/b        0.348 b/c
# GoodOAAT                 44 byte keys      123.930 c/h        2.817 c/b        0.355 b/c
# GoodOAAT                 48 byte keys      134.100 c/h        2.794 c/b        0.358 b/c
# GoodOAAT                 52 byte keys      143.039 c/h        2.751 c/b        0.364 b/c
# GoodOAAT                 56 byte keys      152.664 c/h        2.726 c/b        0.367 b/c
# GoodOAAT                 60 byte keys      162.322 c/h        2.705 c/b        0.370 b/c
# GoodOAAT                 64 byte keys      171.983 c/h        2.687 c/b        0.372 b/c
# GoodOAAT                 68 byte keys      181.936 c/h        2.676 c/b        0.374 b/c
# GoodOAAT                 72 byte keys      191.858 c/h        2.665 c/b        0.375 b/c
# GoodOAAT                 76 byte keys      201.789 c/h        2.655 c/b        0.377 b/c
# GoodOAAT                 80 byte keys      211.696 c/h        2.646 c/b        0.378 b/c
# GoodOAAT                 84 byte keys      221.655 c/h        2.639 c/b        0.379 b/c
# GoodOAAT                 88 byte keys      231.579 c/h        2.632 c/b        0.380 b/c
# GoodOAAT                 92 byte keys      241.592 c/h        2.626 c/b        0.381 b/c
# GoodOAAT                 96 byte keys      251.531 c/h        2.620 c/b        0.382 b/c
# GoodOAAT                100 byte keys      261.549 c/h        2.615 c/b        0.382 b/c
# GoodOAAT                104 byte keys      271.518 c/h        2.611 c/b        0.383 b/c
# GoodOAAT                108 byte keys      281.570 c/h        2.607 c/b        0.384 b/c
# GoodOAAT                112 byte keys      292.917 c/h        2.615 c/b        0.382 b/c
# GoodOAAT                116 byte keys      301.586 c/h        2.600 c/b        0.385 b/c
# GoodOAAT                120 byte keys      313.134 c/h        2.609 c/b        0.383 b/c
# GoodOAAT                124 byte keys      321.607 c/h        2.594 c/b        0.386 b/c
#                         Average < 128      119.032 c/h        2.815 c/b        0.355 b/c
# GoodOAAT                128 byte keys      331.525 c/h        2.590 c/b        0.386 b/c
# GoodOAAT                256 byte keys      669.901 c/h        2.617 c/b        0.382 b/c
# GoodOAAT                512 byte keys     1310.329 c/h        2.559 c/b        0.391 b/c
# GoodOAAT               1024 byte keys     2591.466 c/h        2.531 c/b        0.395 b/c
# GoodOAAT               2048 byte keys     5153.277 c/h        2.516 c/b        0.397 b/c
# GoodOAAT               4096 byte keys    10416.219 c/h        2.543 c/b        0.393 b/c
# GoodOAAT               8192 byte keys    20524.531 c/h        2.505 c/b        0.399 b/c
# GoodOAAT              16384 byte keys    41019.442 c/h        2.504 c/b        0.399 b/c
# GoodOAAT              32768 byte keys    82009.063 c/h        2.503 c/b        0.400 b/c
# GoodOAAT              65536 byte keys   163990.060 c/h        2.502 c/b        0.400 b/c
#                       Overall Average     5070.933 c/h        2.511 c/b        0.398 b/c
ok 7 - Speed (always passes) # GoodOAAT
### Differential Tests ###
# Testing 8303632 up-to-5-bit differentials in 64-bit keys -> 32 bit hashes.
# 1000 reps, 8303632000 total tests, expecting 1.93 random collisions..........
ok 8 - Differential collisions # GoodOAAT
ok 9 - Nothing skipped during differential collision check # GoodOAAT
# 2 total collisions, of which 2 single collisions were ignored
ok 10 - ProcessDifferentials
# Testing 11017632 up-to-4-bit differentials in 128-bit keys -> 32 bit hashes.
# 1000 reps, 11017632000 total tests, expecting 2.57 random collisions..........
ok 11 - Differential collisions # GoodOAAT
ok 12 - Nothing skipped during differential collision check # GoodOAAT
# 2 total collisions, of which 2 single collisions were ignored
ok 13 - ProcessDifferentials
# Testing 2796416 up-to-3-bit differentials in 256-bit keys -> 32 bit hashes.
# 1000 reps, 2796416000 total tests, expecting 0.65 random collisions..........
ok 14 - Differential collisions # GoodOAAT
ok 15 - Nothing skipped during differential collision check # GoodOAAT
# 0 total collisions, of which 0 single collisions were ignored
ok 16 - ProcessDifferentials
ok 17 - Differential # GoodOAAT
### Avalanche Tests ### - seed-bits: 32 hash-bits: 32
# Samples 1000000, expected error 0.00025600, confidence level 99.99994267%
# Testing   0-bit keys.......... ok.     # worst-bit:   0.400% error-ratio: 1.059067e+00
ok 18 - Strict Avalanche Criteria - 0 bit keys
# Testing   8-bit keys.......... ok.     # worst-bit:   0.328% error-ratio: 1.029851e+00
ok 19 - Strict Avalanche Criteria - 8 bit keys
# Testing  16-bit keys.......... ok.     # worst-bit:   0.340% error-ratio: 1.051630e+00
ok 20 - Strict Avalanche Criteria - 16 bit keys
# Testing  24-bit keys.......... ok.     # worst-bit:   0.336% error-ratio: 9.727447e-01
ok 21 - Strict Avalanche Criteria - 24 bit keys
# Testing  32-bit keys.......... ok.     # worst-bit:   0.369% error-ratio: 1.050225e+00
ok 22 - Strict Avalanche Criteria - 32 bit keys
# Testing  40-bit keys.......... ok.     # worst-bit:   0.389% error-ratio: 1.018567e+00
ok 23 - Strict Avalanche Criteria - 40 bit keys
# Testing  48-bit keys.......... ok.     # worst-bit:   0.430% error-ratio: 1.025423e+00
ok 24 - Strict Avalanche Criteria - 48 bit keys
# Testing  56-bit keys.......... ok.     # worst-bit:   0.345% error-ratio: 1.007023e+00
ok 25 - Strict Avalanche Criteria - 56 bit keys
# Testing  64-bit keys.......... ok.     # worst-bit:   0.361% error-ratio: 9.754144e-01
ok 26 - Strict Avalanche Criteria - 64 bit keys
# Testing  72-bit keys.......... ok.     # worst-bit:   0.488% error-ratio: 9.765441e-01
ok 27 - Strict Avalanche Criteria - 72 bit keys
# Testing  80-bit keys.......... ok.     # worst-bit:   0.409% error-ratio: 1.035890e+00
ok 28 - Strict Avalanche Criteria - 80 bit keys
# Testing  88-bit keys.......... ok.     # worst-bit:   0.446% error-ratio: 9.954514e-01
ok 29 - Strict Avalanche Criteria - 88 bit keys
# Testing  96-bit keys.......... ok.     # worst-bit:   0.396% error-ratio: 9.898657e-01
ok 30 - Strict Avalanche Criteria - 96 bit keys
# Testing 104-bit keys.......... ok.     # worst-bit:   0.357% error-ratio: 1.015958e+00
ok 31 - Strict Avalanche Criteria - 104 bit keys
# Testing 112-bit keys.......... ok.     # worst-bit:   0.350% error-ratio: 1.032820e+00
ok 32 - Strict Avalanche Criteria - 112 bit keys
# Testing 120-bit keys.......... ok.     # worst-bit:   0.346% error-ratio: 9.966597e-01
ok 33 - Strict Avalanche Criteria - 120 bit keys
# Testing 128-bit keys.......... ok.     # worst-bit:   0.358% error-ratio: 9.936356e-01
ok 34 - Strict Avalanche Criteria - 128 bit keys
# Testing 136-bit keys.......... ok.     # worst-bit:   0.354% error-ratio: 1.015286e+00
ok 35 - Strict Avalanche Criteria - 136 bit keys
# Testing 144-bit keys.......... ok.     # worst-bit:   0.361% error-ratio: 1.006657e+00
ok 36 - Strict Avalanche Criteria - 144 bit keys
# Testing 152-bit keys.......... ok.     # worst-bit:   0.367% error-ratio: 9.911320e-01
ok 37 - Strict Avalanche Criteria - 152 bit keys
# Testing 152-bit keys.......... ok.     # worst-bit:   0.404% error-ratio: 9.944608e-01
ok 38 - Strict Avalanche Criteria - 160 bit keys
# Testing 256-bit keys.......... ok.     # worst-bit:   0.398% error-ratio: 9.689153e-01
ok 39 - Strict Avalanche Criteria - 256 bit keys
ok 40 - Strict Avalanche Criteria # GoodOAAT
### Keyset 'Cyclic' Tests ###
# Keyset 'Cyclic' - 8 cycles of 4 bytes - 10000000 keys
# Testing collisions   - Expected 11641.53, actual    11885 ( 1.02x) - passed
ok 41 - Collision Rate for Keyset 'Cyclic' - 8 cycles of 4 bytes - 10000000 keys
ok 42 - Distribution Bias Check for Keyset 'Cyclic' - 8 cycles of 4 bytes - 10000000 keys
# Keyset 'Cyclic' - 8 cycles of 5 bytes - 10000000 keys
# Testing collisions   - Expected 11641.53, actual    11540 ( 0.99x) - passed
ok 43 - Collision Rate for Keyset 'Cyclic' - 8 cycles of 5 bytes - 10000000 keys
ok 44 - Distribution Bias Check for Keyset 'Cyclic' - 8 cycles of 5 bytes - 10000000 keys
# Keyset 'Cyclic' - 8 cycles of 6 bytes - 10000000 keys
# Testing collisions   - Expected 11641.53, actual    11452 ( 0.98x) - passed
ok 45 - Collision Rate for Keyset 'Cyclic' - 8 cycles of 6 bytes - 10000000 keys
ok 46 - Distribution Bias Check for Keyset 'Cyclic' - 8 cycles of 6 bytes - 10000000 keys
# Keyset 'Cyclic' - 8 cycles of 7 bytes - 10000000 keys
# Testing collisions   - Expected 11641.53, actual    11531 ( 0.99x) - passed
ok 47 - Collision Rate for Keyset 'Cyclic' - 8 cycles of 7 bytes - 10000000 keys
ok 48 - Distribution Bias Check for Keyset 'Cyclic' - 8 cycles of 7 bytes - 10000000 keys
# Keyset 'Cyclic' - 8 cycles of 8 bytes - 10000000 keys
# Testing collisions   - Expected 11641.53, actual    11768 ( 1.01x) - passed
ok 49 - Collision Rate for Keyset 'Cyclic' - 8 cycles of 8 bytes - 10000000 keys
ok 50 - Distribution Bias Check for Keyset 'Cyclic' - 8 cycles of 8 bytes - 10000000 keys
ok 51 - Keyset 'Cyclic' # GoodOAAT
### Keyset 'TwoBytes' Tests ###
# Testing collisions   - Expected    49.57, actual       51 ( 1.03x) - passed
ok 52 - Collision Rate for Keyset 'TwoBytes' - up-to-4-byte keys, 652545 total keys
ok 53 - Distribution Bias Check for Keyset 'TwoBytes' - up-to-4-byte keys, 652545 total keys
# Testing collisions   - Expected  3484.56, actual     3524 ( 1.01x) - passed
ok 54 - Collision Rate for Keyset 'TwoBytes' - up-to-8-byte keys, 5471025 total keys
ok 55 - Distribution Bias Check for Keyset 'TwoBytes' - up-to-8-byte keys, 5471025 total keys
# Testing collisions   - Expected 40347.77, actual    40317 ( 1.00x) - passed
ok 56 - Collision Rate for Keyset 'TwoBytes' - up-to-12-byte keys, 18616785 total keys
ok 57 - Distribution Bias Check for Keyset 'TwoBytes' - up-to-12-byte keys, 18616785 total keys
# Testing collisions   - Expected 227963.15, actual   227453 ( 1.00x) - passed
ok 58 - Collision Rate for Keyset 'TwoBytes' - up-to-16-byte keys, 44251425 total keys
ok 59 - Distribution Bias Check for Keyset 'TwoBytes' - up-to-16-byte keys, 44251425 total keys
# Testing collisions   - Expected 871784.70, actual   866226 ( 0.99x) - passed
ok 60 - Collision Rate for Keyset 'TwoBytes' - up-to-20-byte keys, 86536545 total keys
ok 61 - Distribution Bias Check for Keyset 'TwoBytes' - up-to-20-byte keys, 86536545 total keys
ok 62 - Keyset 'TwoBytes' # GoodOAAT
### Keyset 'Sparse' Tests ###
# Keyset 'Sparse' - 32-bit keys with up to 6 bits set - 1149017 keys
# Testing collisions   - Expected   153.70, actual      147 ( 0.96x) - passed
ok 63 - Collision Rate for Keyset 'Sparse' - 32-bit keys with up to 6 bits set
ok 64 - Distribution Bias Check for Keyset 'Sparse' - 32-bit keys with up to 6 bits set
# Keyset 'Sparse' - 40-bit keys with up to 6 bits set - 4598479 keys
# Testing collisions   - Expected  2461.72, actual     2502 ( 1.02x) - passed
ok 65 - Collision Rate for Keyset 'Sparse' - 40-bit keys with up to 6 bits set
ok 66 - Distribution Bias Check for Keyset 'Sparse' - 40-bit keys with up to 6 bits set
# Keyset 'Sparse' - 48-bit keys with up to 5 bits set - 1925357 keys
# Testing collisions   - Expected   431.55, actual      428 ( 0.99x) - passed
ok 67 - Collision Rate for Keyset 'Sparse' - 48-bit keys with up to 5 bits set
ok 68 - Distribution Bias Check for Keyset 'Sparse' - 48-bit keys with up to 5 bits set
# Keyset 'Sparse' - 56-bit keys with up to 5 bits set - 4216423 keys
# Testing collisions   - Expected  2069.66, actual     1962 ( 0.95x) - passed
ok 69 - Collision Rate for Keyset 'Sparse' - 56-bit keys with up to 5 bits set
ok 70 - Distribution Bias Check for Keyset 'Sparse' - 56-bit keys with up to 5 bits set
# Keyset 'Sparse' - 64-bit keys with up to 5 bits set - 8303633 keys
# Testing collisions   - Expected  8026.87, actual     8068 ( 1.01x) - passed
ok 71 - Collision Rate for Keyset 'Sparse' - 64-bit keys with up to 5 bits set
ok 72 - Distribution Bias Check for Keyset 'Sparse' - 64-bit keys with up to 5 bits set
# Keyset 'Sparse' - 96-bit keys with up to 4 bits set - 3469497 keys
# Testing collisions   - Expected  1401.34, actual     1373 ( 0.98x) - passed
ok 73 - Collision Rate for Keyset 'Sparse' - 96-bit keys with up to 4 bits set
ok 74 - Distribution Bias Check for Keyset 'Sparse' - 96-bit keys with up to 4 bits set
# Keyset 'Sparse' - 256-bit keys with up to 3 bits set - 2796417 keys
# Testing collisions   - Expected   910.36, actual      896 ( 0.98x) - passed
ok 75 - Collision Rate for Keyset 'Sparse' - 256-bit keys with up to 3 bits set
ok 76 - Distribution Bias Check for Keyset 'Sparse' - 256-bit keys with up to 3 bits set
# Keyset 'Sparse' - 2048-bit keys with up to 2 bits set - 2098177 keys
# Testing collisions   - Expected   512.50, actual      488 ( 0.95x) - passed
ok 77 - Collision Rate for Keyset 'Sparse' - 2048-bit keys with up to 2 bits set
ok 78 - Distribution Bias Check for Keyset 'Sparse' - 2048-bit keys with up to 2 bits set
ok 79 - Keyset 'Sparse' # GoodOAAT
# Keyset 'CRC-MultiCollision' - 1048575 x 16 block keys - 128-bytes long - 10 seeds
# Testing collisions   - Expected   128.00, actual      133 ( 1.04x) - passed
ok 80 - Collision Rate for Keyset 'CRC-MultiCollision' - seed 1 # GoodOAAT
# Testing collisions   - Expected   128.00, actual      151 ( 1.18x) - passed
ok 81 - Collision Rate for Keyset 'CRC-MultiCollision' - seed 2 # GoodOAAT
# Testing collisions   - Expected   128.00, actual      130 ( 1.02x) - passed
ok 82 - Collision Rate for Keyset 'CRC-MultiCollision' - seed 3 # GoodOAAT
# Testing collisions   - Expected   128.00, actual      120 ( 0.94x) - passed
ok 83 - Collision Rate for Keyset 'CRC-MultiCollision' - seed 4 # GoodOAAT
# Testing collisions   - Expected   128.00, actual      139 ( 1.09x) - passed
ok 84 - Collision Rate for Keyset 'CRC-MultiCollision' - seed 5 # GoodOAAT
# Testing collisions   - Expected   128.00, actual      134 ( 1.05x) - passed
ok 85 - Collision Rate for Keyset 'CRC-MultiCollision' - seed 6 # GoodOAAT
# Testing collisions   - Expected   128.00, actual      127 ( 0.99x) - passed
ok 86 - Collision Rate for Keyset 'CRC-MultiCollision' - seed 7 # GoodOAAT
# Testing collisions   - Expected   128.00, actual      142 ( 1.11x) - passed
ok 87 - Collision Rate for Keyset 'CRC-MultiCollision' - seed 8 # GoodOAAT
# Testing collisions   - Expected   128.00, actual      124 ( 0.97x) - passed
ok 88 - Collision Rate for Keyset 'CRC-MultiCollision' - seed 9 # GoodOAAT
# Testing collisions   - Expected   128.00, actual      128 ( 1.00x) - passed
ok 89 - Collision Rate for Keyset 'CRC-MultiCollision' - seed 10 # GoodOAAT
### Keyset 'Combination Lowbits' Tests ###
# Keyset 'Combination' - up to 8 blocks from a set of 8 - 19173960 keys
# Testing collisions   - Expected 42799.01, actual    42786 ( 1.00x) - passed
ok 90 - Collision Rate for Keyset 'Combination Lowbits'
ok 91 - Distribution Bias Check for Keyset 'Combination Lowbits'
ok 92 - Keyset 'Combination Lowbits' # GoodOAAT
### Keyset 'Combination Highbits' Tests ###
# Keyset 'Combination' - up to 8 blocks from a set of 8 - 19173960 keys
# Testing collisions   - Expected 42799.01, actual    42820 ( 1.00x) - passed
ok 93 - Collision Rate for Keyset 'Combination Highbits'
ok 94 - Distribution Bias Check for Keyset 'Combination Highbits'
ok 95 - Keyset 'Combination Highbits' # GoodOAAT
### Keyset 'Combination Highbits2' Tests ###
# Keyset 'Combination' - up to 8 blocks from a set of 8 - 19173960 keys
# Testing collisions   - Expected 42799.01, actual    42870 ( 1.00x) - passed
ok 96 - Collision Rate for Keyset 'Combination Highbits2'
ok 97 - Distribution Bias Check for Keyset 'Combination Highbits2'
ok 98 - Keyset 'Combination Highbits2' # GoodOAAT
### Keyset 'Combination 0x80000000' Tests ###
# Keyset 'Combination' - up to 20 blocks from a set of 2 - 2097150 keys
# Testing collisions   - Expected   512.00, actual      538 ( 1.05x) - passed
ok 99 - Collision Rate for Keyset 'Combination 0x80000000'
ok 100 - Distribution Bias Check for Keyset 'Combination 0x80000000'
ok 101 - Keyset 'Combination 0x80000000' # GoodOAAT
### Keyset 'Combination 0x00000001' Tests ###
# Keyset 'Combination' - up to 20 blocks from a set of 2 - 2097150 keys
# Testing collisions   - Expected   512.00, actual      516 ( 1.01x) - passed
ok 102 - Collision Rate for Keyset 'Combination 0x00000001'
ok 103 - Distribution Bias Check for Keyset 'Combination 0x00000001'
ok 104 - Keyset 'Combination 0x00000001' # GoodOAAT
### Keyset 'Combination Hi-Lo' Tests ###
# Keyset 'Combination' - up to 6 blocks from a set of 15 - 12204240 keys
# Testing collisions   - Expected 17339.30, actual    17341 ( 1.00x) - passed
ok 105 - Collision Rate for Keyset 'Combination Hi-Lo'
ok 106 - Distribution Bias Check for Keyset 'Combination Hi-Lo'
ok 107 - Keyset 'Combination Hi-Lo' # GoodOAAT
### Keyset 'Text' Tests ###
# Keyset 'Text' - keys of form "Foo[XXXX]Bar" - 14776336 keys
# Testing collisions   - Expected 25418.13, actual    25678 ( 1.01x) - passed
ok 108 - Collision Rate for Keyset 'Text' - keys of form "Foo[XXXX]Bar" - 14776336 keys
ok 109 - Distribution Bias Check for Keyset 'Text' - keys of form "Foo[XXXX]Bar" - 14776336 keys
# Keyset 'Text' - keys of form "FooBar[XXXX]" - 14776336 keys
# Testing collisions   - Expected 25418.13, actual    25371 ( 1.00x) - passed
ok 110 - Collision Rate for Keyset 'Text' - keys of form "FooBar[XXXX]" - 14776336 keys
ok 111 - Distribution Bias Check for Keyset 'Text' - keys of form "FooBar[XXXX]" - 14776336 keys
# Keyset 'Text' - keys of form "[XXXX]FooBar" - 14776336 keys
# Testing collisions   - Expected 25418.13, actual    25527 ( 1.00x) - passed
ok 112 - Collision Rate for Keyset 'Text' - keys of form "[XXXX]FooBar" - 14776336 keys
ok 113 - Distribution Bias Check for Keyset 'Text' - keys of form "[XXXX]FooBar" - 14776336 keys
ok 114 - Keyset 'Text' # GoodOAAT
### Keyset 'Zeroes' Tests ###
# Keyset 'Zeroes' - 262144 keys
# Testing collisions   - Expected     8.00, actual       11 ( 1.38x) - passed
ok 115 - Collision Rate for Keyset 'Zeroes' - 262144 keys
ok 116 - Distribution Bias Check for Keyset 'Zeroes' - 262144 keys
ok 117 - Keyset 'Zeroes' # GoodOAAT
### Keyset 'Seed' Tests ###
# Keyset 'Seed' - 2000000 seeds, Key "The quick brown fox "...
# Testing collisions   - Expected   465.46, actual      449 ( 0.96x) - passed
ok 118 - Collision Rate for Keyset 'Seed' - 2000000 seeds, Key "The quick brown fox "...
ok 119 - Distribution Bias Check for Keyset 'Seed' - 2000000 seeds, Key "The quick brown fox "...
# Keyset 'Seed' - 2000000 seeds, Key ""
# Testing collisions   - Expected   465.44, actual      452 ( 0.97x) - passed
ok 120 - Collision Rate for Keyset 'Seed' - 2000000 seeds, Key ""
ok 121 - Distribution Bias Check for Keyset 'Seed' - 2000000 seeds, Key ""
# Keyset 'Seed' - 2000000 seeds, Key "00101100110101101"
# Testing collisions   - Expected   465.46, actual      473 ( 1.02x) - passed
ok 122 - Collision Rate for Keyset 'Seed' - 2000000 seeds, Key "00101100110101101"
ok 123 - Distribution Bias Check for Keyset 'Seed' - 2000000 seeds, Key "00101100110101101"
# Keyset 'Seed' - 2000000 seeds, Key "abcbcddbdebdcaaabaaa"...
# Testing collisions   - Expected   465.45, actual      486 ( 1.04x) - passed
ok 124 - Collision Rate for Keyset 'Seed' - 2000000 seeds, Key "abcbcddbdebdcaaabaaa"...
ok 125 - Distribution Bias Check for Keyset 'Seed' - 2000000 seeds, Key "abcbcddbdebdcaaabaaa"...
ok 126 - Keyset 'Seed' # GoodOAAT
### Keyset 'Effs' Tests ###
# Keyset 'Effs' - 262144 keys
# Testing collisions   - Expected     8.00, actual        7 ( 0.88x) - passed
ok 127 - Collision Rate for Keyset 'Effs' - 262144 keys
ok 128 - Distribution Bias Check for Keyset 'Effs' - 262144 keys
ok 129 - Keyset 'Effs' # GoodOAAT
ok 130 - all tests passed # GoodOAAT
1..130
# All Tests Passed. GoodOAAT passed all 130 tests run.
# Testing took 1441.575107 seconds
# This is SMHasher version v1.0-demerphq-5-g86440f3 - built on Mar 10 2017.
