ok 1 - SelfTest - Verify 89 Hashes
ok 2 - Found Hash # lookup3
###################################################################
### Testing lookup3 - no seed_state
### - Bob Jenkins' lookup3 -
### seedbits: 32 statebits: 32 hashbits: 32
###################################################################
### Sanity Tests ###
ok 3 - Verification code # lookup3
# Sanity check simple key bit flips and consistency..........
ok 4 - SanityTest # lookup3
# Sanity check null suffixes change the hash (simple)..........
ok 5 - Appended Zeroes Test # lookup3
ok 6 - Sanity Test # lookup3
### Speed Tests ###
## Bulk speed test - 262144-byte keys
# Alignment  7 -  0.848 bytes/cycle - 2426.11 MiB/sec @ 3 ghz
# Alignment  6 -  0.849 bytes/cycle - 2429.64 MiB/sec @ 3 ghz
# Alignment  5 -  0.846 bytes/cycle - 2421.61 MiB/sec @ 3 ghz
# Alignment  4 -  0.849 bytes/cycle - 2430.25 MiB/sec @ 3 ghz
# Alignment  3 -  0.850 bytes/cycle - 2433.20 MiB/sec @ 3 ghz
# Alignment  2 -  0.851 bytes/cycle - 2434.35 MiB/sec @ 3 ghz
# Alignment  1 -  0.849 bytes/cycle - 2429.93 MiB/sec @ 3 ghz
# Alignment  0 -  0.845 bytes/cycle - 2418.81 MiB/sec @ 3 ghz
# Average      -  0.849 bytes/cycle - 2427.99 MiB/sec @ 3 ghz
## KeySpeed tests
# lookup3                   0 byte keys        9.000 c/h
# lookup3                   1 byte keys       14.000 c/h       14.000 c/b        0.071 b/c
# lookup3                   2 byte keys       14.235 c/h        7.117 c/b        0.141 b/c
# lookup3                   3 byte keys       15.000 c/h        5.000 c/b        0.200 b/c
# lookup3                   4 byte keys       14.743 c/h        3.686 c/b        0.271 b/c
# lookup3                   5 byte keys       14.698 c/h        2.940 c/b        0.340 b/c
# lookup3                   6 byte keys       14.229 c/h        2.372 c/b        0.422 b/c
# lookup3                   7 byte keys       14.779 c/h        2.111 c/b        0.474 b/c
# lookup3                   8 byte keys       14.235 c/h        1.779 c/b        0.562 b/c
# lookup3                   9 byte keys       14.000 c/h        1.556 c/b        0.643 b/c
# lookup3                  10 byte keys       14.382 c/h        1.438 c/b        0.695 b/c
# lookup3                  11 byte keys       14.999 c/h        1.364 c/b        0.733 b/c
# lookup3                  12 byte keys       14.505 c/h        1.209 c/b        0.827 b/c
# lookup3                  13 byte keys       26.998 c/h        2.077 c/b        0.482 b/c
# lookup3                  14 byte keys       27.628 c/h        1.973 c/b        0.507 b/c
# lookup3                  15 byte keys       26.967 c/h        1.798 c/b        0.556 b/c
# lookup3                  16 byte keys       27.914 c/h        1.745 c/b        0.573 b/c
# lookup3                  17 byte keys       27.000 c/h        1.588 c/b        0.630 b/c
# lookup3                  18 byte keys       27.193 c/h        1.511 c/b        0.662 b/c
# lookup3                  19 byte keys       27.000 c/h        1.421 c/b        0.704 b/c
# lookup3                  20 byte keys       27.000 c/h        1.350 c/b        0.741 b/c
# lookup3                  21 byte keys       28.000 c/h        1.333 c/b        0.750 b/c
# lookup3                  22 byte keys       28.220 c/h        1.283 c/b        0.780 b/c
# lookup3                  23 byte keys       27.817 c/h        1.209 c/b        0.827 b/c
# lookup3                  24 byte keys       28.049 c/h        1.169 c/b        0.856 b/c
# lookup3                  25 byte keys       40.021 c/h        1.601 c/b        0.625 b/c
# lookup3                  26 byte keys       40.262 c/h        1.549 c/b        0.646 b/c
# lookup3                  27 byte keys       40.026 c/h        1.482 c/b        0.675 b/c
# lookup3                  28 byte keys       39.905 c/h        1.425 c/b        0.702 b/c
# lookup3                  29 byte keys       40.000 c/h        1.379 c/b        0.725 b/c
# lookup3                  30 byte keys       40.000 c/h        1.333 c/b        0.750 b/c
# lookup3                  31 byte keys       40.000 c/h        1.290 c/b        0.775 b/c
#                          Average < 32       24.775 c/h        1.598 c/b        0.626 b/c
# lookup3                  32 byte keys       40.616 c/h        1.269 c/b        0.788 b/c
# lookup3                  36 byte keys       41.067 c/h        1.141 c/b        0.877 b/c
# lookup3                  40 byte keys       53.838 c/h        1.346 c/b        0.743 b/c
# lookup3                  44 byte keys       54.068 c/h        1.229 c/b        0.814 b/c
# lookup3                  48 byte keys       53.000 c/h        1.104 c/b        0.906 b/c
# lookup3                  52 byte keys       65.999 c/h        1.269 c/b        0.788 b/c
# lookup3                  56 byte keys       68.618 c/h        1.225 c/b        0.816 b/c
# lookup3                  60 byte keys       67.000 c/h        1.117 c/b        0.896 b/c
# lookup3                  64 byte keys       79.985 c/h        1.250 c/b        0.800 b/c
# lookup3                  68 byte keys       80.284 c/h        1.181 c/b        0.847 b/c
# lookup3                  72 byte keys       81.187 c/h        1.128 c/b        0.887 b/c
# lookup3                  76 byte keys       92.692 c/h        1.220 c/b        0.820 b/c
# lookup3                  80 byte keys       93.194 c/h        1.165 c/b        0.858 b/c
# lookup3                  84 byte keys       94.217 c/h        1.122 c/b        0.892 b/c
# lookup3                  88 byte keys      105.901 c/h        1.203 c/b        0.831 b/c
# lookup3                  92 byte keys      106.460 c/h        1.157 c/b        0.864 b/c
# lookup3                  96 byte keys      105.949 c/h        1.104 c/b        0.906 b/c
# lookup3                 100 byte keys      121.437 c/h        1.214 c/b        0.823 b/c
# lookup3                 104 byte keys      119.942 c/h        1.153 c/b        0.867 b/c
# lookup3                 108 byte keys      120.120 c/h        1.112 c/b        0.899 b/c
# lookup3                 112 byte keys      132.967 c/h        1.187 c/b        0.842 b/c
# lookup3                 116 byte keys      133.054 c/h        1.147 c/b        0.872 b/c
# lookup3                 120 byte keys      133.597 c/h        1.113 c/b        0.898 b/c
# lookup3                 124 byte keys      145.499 c/h        1.173 c/b        0.852 b/c
#                         Average < 128       53.277 c/h        1.260 c/b        0.794 b/c
# lookup3                 128 byte keys      149.326 c/h        1.167 c/b        0.857 b/c
# lookup3                 256 byte keys      309.755 c/h        1.210 c/b        0.826 b/c
# lookup3                 512 byte keys      610.775 c/h        1.193 c/b        0.838 b/c
# lookup3                1024 byte keys     1212.807 c/h        1.184 c/b        0.844 b/c
# lookup3                2048 byte keys     2442.483 c/h        1.193 c/b        0.838 b/c
# lookup3                4096 byte keys     4840.901 c/h        1.182 c/b        0.846 b/c
# lookup3                8192 byte keys     9673.195 c/h        1.181 c/b        0.847 b/c
# lookup3               16384 byte keys    19347.502 c/h        1.181 c/b        0.847 b/c
# lookup3               32768 byte keys    38685.762 c/h        1.181 c/b        0.847 b/c
# lookup3               65536 byte keys    77327.045 c/h        1.180 c/b        0.848 b/c
#                       Overall Average     2387.622 c/h        1.182 c/b        0.846 b/c
ok 7 - Speed (always passes) # lookup3
### Differential Tests ###
# Testing 8303632 up-to-5-bit differentials in 64-bit keys -> 32 bit hashes.
# 1000 reps, 8303632000 total tests, expecting 1.93 random collisions..........
ok 8 - Differential collisions # lookup3
ok 9 - Nothing skipped during differential collision check # lookup3
# 1 total collisions, of which 1 single collisions were ignored
ok 10 - ProcessDifferentials
# Testing 11017632 up-to-4-bit differentials in 128-bit keys -> 32 bit hashes.
# 1000 reps, 11017632000 total tests, expecting 2.57 random collisions..........
ok 11 - Differential collisions # lookup3
ok 12 - Nothing skipped during differential collision check # lookup3
# 4 total collisions, of which 4 single collisions were ignored
ok 13 - ProcessDifferentials
# Testing 2796416 up-to-3-bit differentials in 256-bit keys -> 32 bit hashes.
# 1000 reps, 2796416000 total tests, expecting 0.65 random collisions..........
ok 14 - Differential collisions # lookup3
ok 15 - Nothing skipped during differential collision check # lookup3
# 0 total collisions, of which 0 single collisions were ignored
ok 16 - ProcessDifferentials
ok 17 - Differential # lookup3
### Avalanche Tests ### - seed-bits: 32 hash-bits: 32
# Samples 1000000, expected error 0.00025600, confidence level 99.99994267%
# Testing   0-bit keys.......... not ok! # worst-bit:   0.296% error-ratio: 1.022990e+00
#              +---------------------------------------------------+
#              |012345678901234567890123456789012345678901234567890|
#              +---------------------------------------------------+
# Scale:       |.1234567890abcdefghijklmnopqrstuvwxyzãäåêëîïðñôõöûü|
#              |üÿABCDEFGHIJKLMNOPQRSTUVWXYZÂÃÄÅÊËÑÔÕÖÛÜÝø¤*©®¶&%@#|
#              +---------------------------------------------------+
#              |pct diff from 50%: abs((0.5-(changed/reps))*2) *100|
#              +--------------------------------+
#              |0         1         2         3 |
#              |01234567890123456789012345678901|
#              +--------------------------------+
# seed     0.0 |................................| x 32
#              +--------------------------------+
#              +---------------------------------------------------+
#              |012345678901234567890123456789012345678901234567890|
#              +---------------------------------------------------+
# Scale:       |.1234567890abcdefghijklmnopqrstuvwxyzãäåêëîïðñôõöûü|
#              |üÿABCDEFGHIJKLMNOPQRSTUVWXYZÂÃÄÅÊËÑÔÕÖÛÜÝø¤*©®¶&%@#|
#              +---------------------------------------------------+
#              |scaled p-value above confidence level (zero is ok) |
#              +--------------------------------+
#              |0         1         2         3 |
#              |01234567890123456789012345678901|
#              +--------------------------------+
# seed     0.0 |................................| x 32
#              +--------------------------------+
# 0 of 1024 bits failed (0.00%) failed at 99.999943 confidence
#     g-test: 0.000000%
#     sum-error-square: 0.00026189
#     hash bit-level errors: 9/32
#     - hash bit 3 gtest-prob not-random: 100.0000 (15985184/16014816)
#     - hash bit 4 gtest-prob not-random: 100.0000 (15980349/16019651)
#     - hash bit 8 gtest-prob not-random: 100.0000 (16041061/15958939)
#     - with 6 more hash bit errors not described above.
not ok 18 - Strict Avalanche Criteria - 0 bit keys
# Testing   8-bit keys.......... ok.     # worst-bit:   0.308% error-ratio: 9.436068e-01
ok 19 - Strict Avalanche Criteria - 8 bit keys
# Testing  16-bit keys.......... ok.     # worst-bit:   0.347% error-ratio: 9.952453e-01
ok 20 - Strict Avalanche Criteria - 16 bit keys
# Testing  24-bit keys.......... ok.     # worst-bit:   0.400% error-ratio: 1.028447e+00
ok 21 - Strict Avalanche Criteria - 24 bit keys
# Testing  32-bit keys.......... ok.     # worst-bit:   0.403% error-ratio: 1.009587e+00
ok 22 - Strict Avalanche Criteria - 32 bit keys
# Testing  40-bit keys.......... ok.     # worst-bit:   0.357% error-ratio: 9.765792e-01
ok 23 - Strict Avalanche Criteria - 40 bit keys
# Testing  48-bit keys.......... ok.     # worst-bit:   0.386% error-ratio: 9.600881e-01
ok 24 - Strict Avalanche Criteria - 48 bit keys
# Testing  56-bit keys.......... ok.     # worst-bit:   0.347% error-ratio: 9.633082e-01
ok 25 - Strict Avalanche Criteria - 56 bit keys
# Testing  64-bit keys.......... ok.     # worst-bit:   0.368% error-ratio: 1.023598e+00
ok 26 - Strict Avalanche Criteria - 64 bit keys
# Testing  72-bit keys.......... ok.     # worst-bit:   0.441% error-ratio: 9.546720e-01
ok 27 - Strict Avalanche Criteria - 72 bit keys
# Testing  80-bit keys.......... ok.     # worst-bit:   0.337% error-ratio: 1.009488e+00
ok 28 - Strict Avalanche Criteria - 80 bit keys
# Testing  88-bit keys.......... ok.     # worst-bit:   0.393% error-ratio: 9.620174e-01
ok 29 - Strict Avalanche Criteria - 88 bit keys
# Testing  96-bit keys.......... ok.     # worst-bit:   0.378% error-ratio: 1.025566e+00
ok 30 - Strict Avalanche Criteria - 96 bit keys
# Testing 104-bit keys.......... ok.     # worst-bit:   0.352% error-ratio: 1.030607e+00
ok 31 - Strict Avalanche Criteria - 104 bit keys
# Testing 112-bit keys.......... ok.     # worst-bit:   0.360% error-ratio: 9.765534e-01
ok 32 - Strict Avalanche Criteria - 112 bit keys
# Testing 120-bit keys.......... ok.     # worst-bit:   0.447% error-ratio: 1.003046e+00
ok 33 - Strict Avalanche Criteria - 120 bit keys
# Testing 128-bit keys.......... ok.     # worst-bit:   0.374% error-ratio: 1.018839e+00
ok 34 - Strict Avalanche Criteria - 128 bit keys
# Testing 136-bit keys.......... ok.     # worst-bit:   0.358% error-ratio: 1.030246e+00
ok 35 - Strict Avalanche Criteria - 136 bit keys
# Testing 144-bit keys.......... ok.     # worst-bit:   0.393% error-ratio: 1.009548e+00
ok 36 - Strict Avalanche Criteria - 144 bit keys
# Testing 152-bit keys.......... ok.     # worst-bit:   0.353% error-ratio: 9.842668e-01
ok 37 - Strict Avalanche Criteria - 152 bit keys
# Testing 152-bit keys.......... ok.     # worst-bit:   0.370% error-ratio: 1.008401e+00
ok 38 - Strict Avalanche Criteria - 160 bit keys
# Testing 256-bit keys.......... ok.     # worst-bit:   0.422% error-ratio: 9.997284e-01
ok 39 - Strict Avalanche Criteria - 256 bit keys
not ok 40 - Strict Avalanche Criteria # lookup3
### Keyset 'Cyclic' Tests ###
# Keyset 'Cyclic' - 8 cycles of 4 bytes - 10000000 keys
# Testing collisions   - Expected 11641.53, actual    11715 ( 1.01x) - passed
ok 41 - Collision Rate for Keyset 'Cyclic' - 8 cycles of 4 bytes - 10000000 keys
ok 42 - Distribution Bias Check for Keyset 'Cyclic' - 8 cycles of 4 bytes - 10000000 keys
# Keyset 'Cyclic' - 8 cycles of 5 bytes - 10000000 keys
# Testing collisions   - Expected 11641.53, actual    11645 ( 1.00x) - passed
ok 43 - Collision Rate for Keyset 'Cyclic' - 8 cycles of 5 bytes - 10000000 keys
ok 44 - Distribution Bias Check for Keyset 'Cyclic' - 8 cycles of 5 bytes - 10000000 keys
# Keyset 'Cyclic' - 8 cycles of 6 bytes - 10000000 keys
# Testing collisions   - Expected 11641.53, actual    11639 ( 1.00x) - passed
ok 45 - Collision Rate for Keyset 'Cyclic' - 8 cycles of 6 bytes - 10000000 keys
ok 46 - Distribution Bias Check for Keyset 'Cyclic' - 8 cycles of 6 bytes - 10000000 keys
# Keyset 'Cyclic' - 8 cycles of 7 bytes - 10000000 keys
# Testing collisions   - Expected 11641.53, actual    11625 ( 1.00x) - passed
ok 47 - Collision Rate for Keyset 'Cyclic' - 8 cycles of 7 bytes - 10000000 keys
ok 48 - Distribution Bias Check for Keyset 'Cyclic' - 8 cycles of 7 bytes - 10000000 keys
# Keyset 'Cyclic' - 8 cycles of 8 bytes - 10000000 keys
# Testing collisions   - Expected 11641.53, actual    11675 ( 1.00x) - passed
ok 49 - Collision Rate for Keyset 'Cyclic' - 8 cycles of 8 bytes - 10000000 keys
ok 50 - Distribution Bias Check for Keyset 'Cyclic' - 8 cycles of 8 bytes - 10000000 keys
ok 51 - Keyset 'Cyclic' # lookup3
### Keyset 'TwoBytes' Tests ###
# Testing collisions   - Expected    49.57, actual       52 ( 1.05x) - passed
ok 52 - Collision Rate for Keyset 'TwoBytes' - up-to-4-byte keys, 652545 total keys
ok 53 - Distribution Bias Check for Keyset 'TwoBytes' - up-to-4-byte keys, 652545 total keys
# Testing collisions   - Expected  3484.56, actual     3487 ( 1.00x) - passed
ok 54 - Collision Rate for Keyset 'TwoBytes' - up-to-8-byte keys, 5471025 total keys
ok 55 - Distribution Bias Check for Keyset 'TwoBytes' - up-to-8-byte keys, 5471025 total keys
# Testing collisions   - Expected 40347.77, actual    40269 ( 1.00x) - passed
ok 56 - Collision Rate for Keyset 'TwoBytes' - up-to-12-byte keys, 18616785 total keys
ok 57 - Distribution Bias Check for Keyset 'TwoBytes' - up-to-12-byte keys, 18616785 total keys
# Testing collisions   - Expected 227963.15, actual   228161 ( 1.00x) - passed
ok 58 - Collision Rate for Keyset 'TwoBytes' - up-to-16-byte keys, 44251425 total keys
ok 59 - Distribution Bias Check for Keyset 'TwoBytes' - up-to-16-byte keys, 44251425 total keys
# Testing collisions   - Expected 871784.70, actual   868228 ( 1.00x) - passed
ok 60 - Collision Rate for Keyset 'TwoBytes' - up-to-20-byte keys, 86536545 total keys
ok 61 - Distribution Bias Check for Keyset 'TwoBytes' - up-to-20-byte keys, 86536545 total keys
ok 62 - Keyset 'TwoBytes' # lookup3
### Keyset 'Sparse' Tests ###
# Keyset 'Sparse' - 32-bit keys with up to 6 bits set - 1149017 keys
# Testing collisions   - Expected   153.70, actual      174 ( 1.13x) - passed
ok 63 - Collision Rate for Keyset 'Sparse' - 32-bit keys with up to 6 bits set
ok 64 - Distribution Bias Check for Keyset 'Sparse' - 32-bit keys with up to 6 bits set
# Keyset 'Sparse' - 40-bit keys with up to 6 bits set - 4598479 keys
# Testing collisions   - Expected  2461.72, actual     2517 ( 1.02x) - passed
ok 65 - Collision Rate for Keyset 'Sparse' - 40-bit keys with up to 6 bits set
ok 66 - Distribution Bias Check for Keyset 'Sparse' - 40-bit keys with up to 6 bits set
# Keyset 'Sparse' - 48-bit keys with up to 5 bits set - 1925357 keys
# Testing collisions   - Expected   431.55, actual      438 ( 1.01x) - passed
ok 67 - Collision Rate for Keyset 'Sparse' - 48-bit keys with up to 5 bits set
ok 68 - Distribution Bias Check for Keyset 'Sparse' - 48-bit keys with up to 5 bits set
# Keyset 'Sparse' - 56-bit keys with up to 5 bits set - 4216423 keys
# Testing collisions   - Expected  2069.66, actual     2064 ( 1.00x) - passed
ok 69 - Collision Rate for Keyset 'Sparse' - 56-bit keys with up to 5 bits set
ok 70 - Distribution Bias Check for Keyset 'Sparse' - 56-bit keys with up to 5 bits set
# Keyset 'Sparse' - 64-bit keys with up to 5 bits set - 8303633 keys
# Testing collisions   - Expected  8026.87, actual     8036 ( 1.00x) - passed
ok 71 - Collision Rate for Keyset 'Sparse' - 64-bit keys with up to 5 bits set
ok 72 - Distribution Bias Check for Keyset 'Sparse' - 64-bit keys with up to 5 bits set
# Keyset 'Sparse' - 96-bit keys with up to 4 bits set - 3469497 keys
# Testing collisions   - Expected  1401.34, actual     1373 ( 0.98x) - passed
ok 73 - Collision Rate for Keyset 'Sparse' - 96-bit keys with up to 4 bits set
ok 74 - Distribution Bias Check for Keyset 'Sparse' - 96-bit keys with up to 4 bits set
# Keyset 'Sparse' - 256-bit keys with up to 3 bits set - 2796417 keys
# Testing collisions   - Expected   910.36, actual      899 ( 0.99x) - passed
ok 75 - Collision Rate for Keyset 'Sparse' - 256-bit keys with up to 3 bits set
ok 76 - Distribution Bias Check for Keyset 'Sparse' - 256-bit keys with up to 3 bits set
# Keyset 'Sparse' - 2048-bit keys with up to 2 bits set - 2098177 keys
# Testing collisions   - Expected   512.50, actual      514 ( 1.00x) - passed
ok 77 - Collision Rate for Keyset 'Sparse' - 2048-bit keys with up to 2 bits set
ok 78 - Distribution Bias Check for Keyset 'Sparse' - 2048-bit keys with up to 2 bits set
ok 79 - Keyset 'Sparse' # lookup3
# Keyset 'CRC-MultiCollision' - 1048575 x 16 block keys - 128-bytes long - 10 seeds
# Testing collisions   - Expected   128.00, actual      125 ( 0.98x) - passed
ok 80 - Collision Rate for Keyset 'CRC-MultiCollision' - seed 1 # lookup3
# Testing collisions   - Expected   128.00, actual      135 ( 1.05x) - passed
ok 81 - Collision Rate for Keyset 'CRC-MultiCollision' - seed 2 # lookup3
# Testing collisions   - Expected   128.00, actual      115 ( 0.90x) - passed
ok 82 - Collision Rate for Keyset 'CRC-MultiCollision' - seed 3 # lookup3
# Testing collisions   - Expected   128.00, actual      126 ( 0.98x) - passed
ok 83 - Collision Rate for Keyset 'CRC-MultiCollision' - seed 4 # lookup3
# Testing collisions   - Expected   128.00, actual      132 ( 1.03x) - passed
ok 84 - Collision Rate for Keyset 'CRC-MultiCollision' - seed 5 # lookup3
# Testing collisions   - Expected   128.00, actual      127 ( 0.99x) - passed
ok 85 - Collision Rate for Keyset 'CRC-MultiCollision' - seed 6 # lookup3
# Testing collisions   - Expected   128.00, actual      142 ( 1.11x) - passed
ok 86 - Collision Rate for Keyset 'CRC-MultiCollision' - seed 7 # lookup3
# Testing collisions   - Expected   128.00, actual      131 ( 1.02x) - passed
ok 87 - Collision Rate for Keyset 'CRC-MultiCollision' - seed 8 # lookup3
# Testing collisions   - Expected   128.00, actual      122 ( 0.95x) - passed
ok 88 - Collision Rate for Keyset 'CRC-MultiCollision' - seed 9 # lookup3
# Testing collisions   - Expected   128.00, actual      129 ( 1.01x) - passed
ok 89 - Collision Rate for Keyset 'CRC-MultiCollision' - seed 10 # lookup3
### Keyset 'Combination Lowbits' Tests ###
# Keyset 'Combination' - up to 8 blocks from a set of 8 - 19173960 keys
# Testing collisions   - Expected 42799.01, actual   308266 ( 7.20x) - failed
not ok 90 - Collision Rate for Keyset 'Combination Lowbits'
ok 91 - Distribution Bias Check for Keyset 'Combination Lowbits'
not ok 92 - Keyset 'Combination Lowbits' # lookup3
### Keyset 'Combination Highbits' Tests ###
# Keyset 'Combination' - up to 8 blocks from a set of 8 - 19173960 keys
# Testing collisions   - Expected 42799.01, actual    42342 ( 0.99x) - passed
ok 93 - Collision Rate for Keyset 'Combination Highbits'
ok 94 - Distribution Bias Check for Keyset 'Combination Highbits'
ok 95 - Keyset 'Combination Highbits' # lookup3
### Keyset 'Combination Highbits2' Tests ###
# Keyset 'Combination' - up to 8 blocks from a set of 8 - 19173960 keys
# Testing collisions   - Expected 42799.01, actual    42687 ( 1.00x) - passed
ok 96 - Collision Rate for Keyset 'Combination Highbits2'
ok 97 - Distribution Bias Check for Keyset 'Combination Highbits2'
ok 98 - Keyset 'Combination Highbits2' # lookup3
### Keyset 'Combination 0x80000000' Tests ###
# Keyset 'Combination' - up to 20 blocks from a set of 2 - 2097150 keys
# Testing collisions   - Expected   512.00, actual      497 ( 0.97x) - passed
ok 99 - Collision Rate for Keyset 'Combination 0x80000000'
ok 100 - Distribution Bias Check for Keyset 'Combination 0x80000000'
ok 101 - Keyset 'Combination 0x80000000' # lookup3
### Keyset 'Combination 0x00000001' Tests ###
# Keyset 'Combination' - up to 20 blocks from a set of 2 - 2097150 keys
# Testing collisions   - Expected   512.00, actual      533 ( 1.04x) - passed
ok 102 - Collision Rate for Keyset 'Combination 0x00000001'
ok 103 - Distribution Bias Check for Keyset 'Combination 0x00000001'
ok 104 - Keyset 'Combination 0x00000001' # lookup3
### Keyset 'Combination Hi-Lo' Tests ###
# Keyset 'Combination' - up to 6 blocks from a set of 15 - 12204240 keys
# Testing collisions   - Expected 17339.30, actual    32473 ( 1.87x) - passed
ok 105 - Collision Rate for Keyset 'Combination Hi-Lo'
ok 106 - Distribution Bias Check for Keyset 'Combination Hi-Lo'
ok 107 - Keyset 'Combination Hi-Lo' # lookup3
### Keyset 'Text' Tests ###
# Keyset 'Text' - keys of form "Foo[XXXX]Bar" - 14776336 keys
# Testing collisions   - Expected 25418.13, actual    25361 ( 1.00x) - passed
ok 108 - Collision Rate for Keyset 'Text' - keys of form "Foo[XXXX]Bar" - 14776336 keys
ok 109 - Distribution Bias Check for Keyset 'Text' - keys of form "Foo[XXXX]Bar" - 14776336 keys
# Keyset 'Text' - keys of form "FooBar[XXXX]" - 14776336 keys
# Testing collisions   - Expected 25418.13, actual    25496 ( 1.00x) - passed
ok 110 - Collision Rate for Keyset 'Text' - keys of form "FooBar[XXXX]" - 14776336 keys
ok 111 - Distribution Bias Check for Keyset 'Text' - keys of form "FooBar[XXXX]" - 14776336 keys
# Keyset 'Text' - keys of form "[XXXX]FooBar" - 14776336 keys
# Testing collisions   - Expected 25418.13, actual    25675 ( 1.01x) - passed
ok 112 - Collision Rate for Keyset 'Text' - keys of form "[XXXX]FooBar" - 14776336 keys
ok 113 - Distribution Bias Check for Keyset 'Text' - keys of form "[XXXX]FooBar" - 14776336 keys
ok 114 - Keyset 'Text' # lookup3
### Keyset 'Zeroes' Tests ###
# Keyset 'Zeroes' - 262144 keys
# Testing collisions   - Expected     8.00, actual        7 ( 0.88x) - passed
ok 115 - Collision Rate for Keyset 'Zeroes' - 262144 keys
ok 116 - Distribution Bias Check for Keyset 'Zeroes' - 262144 keys
ok 117 - Keyset 'Zeroes' # lookup3
### Keyset 'Seed' Tests ###
# Keyset 'Seed' - 2000000 seeds, Key "The quick brown fox "...
# Testing collisions   - Expected   465.46, actual      460 ( 0.99x) - passed
ok 118 - Collision Rate for Keyset 'Seed' - 2000000 seeds, Key "The quick brown fox "...
ok 119 - Distribution Bias Check for Keyset 'Seed' - 2000000 seeds, Key "The quick brown fox "...
# Keyset 'Seed' - 2000000 seeds, Key ""
# Testing collisions   - Expected   465.44, actual        0 ( 0.00x) - passed
ok 120 - Collision Rate for Keyset 'Seed' - 2000000 seeds, Key ""
ok 121 - Distribution Bias Check for Keyset 'Seed' - 2000000 seeds, Key ""
# Keyset 'Seed' - 2000000 seeds, Key "00101100110101101"
# Testing collisions   - Expected   465.46, actual      420 ( 0.90x) - passed
ok 122 - Collision Rate for Keyset 'Seed' - 2000000 seeds, Key "00101100110101101"
ok 123 - Distribution Bias Check for Keyset 'Seed' - 2000000 seeds, Key "00101100110101101"
# Keyset 'Seed' - 2000000 seeds, Key "abcbcddbdebdcaaabaaa"...
# Testing collisions   - Expected   465.45, actual      480 ( 1.03x) - passed
ok 124 - Collision Rate for Keyset 'Seed' - 2000000 seeds, Key "abcbcddbdebdcaaabaaa"...
ok 125 - Distribution Bias Check for Keyset 'Seed' - 2000000 seeds, Key "abcbcddbdebdcaaabaaa"...
ok 126 - Keyset 'Seed' # lookup3
### Keyset 'Effs' Tests ###
# Keyset 'Effs' - 262144 keys
# Testing collisions   - Expected     8.00, actual        9 ( 1.13x) - passed
ok 127 - Collision Rate for Keyset 'Effs' - 262144 keys
ok 128 - Distribution Bias Check for Keyset 'Effs' - 262144 keys
ok 129 - Keyset 'Effs' # lookup3
not ok 130 - all tests passed # lookup3
1..130
# Tests Failed. lookup3 failed 5 of 130 tests.
# Testing took 1223.963574 seconds
# This is SMHasher version v1.0-demerphq-5-g86440f3 - built on Mar 10 2017.
