ok 1 - SelfTest - Verify 89 Hashes
ok 2 - Found Hash # Lua53
###################################################################
### Testing Lua53 - no seed_state
### - Hash function from Lua53, (skip forward) -
### seedbits: 32 statebits: 32 hashbits: 32
###################################################################
### Sanity Tests ###
ok 3 - Verification code # Lua53
# Sanity check simple key bit flips and consistency..........
not ok 4 - SanityTest # Lua53
# from 42099200 hashes there were 0 inconsistent of 33533456 collisions.
# Sanity check null suffixes change the hash (simple)..........
ok 5 - Appended Zeroes Test # Lua53
not ok 6 - Sanity Test # Lua53
### Speed Tests ###
## Bulk speed test - 262144-byte keys
# Alignment  7 - 1632.433 bytes/cycle - 4670428.93 MiB/sec @ 3 ghz
# Alignment  6 - 1625.206 bytes/cycle - 4649750.35 MiB/sec @ 3 ghz
# Alignment  5 - 1620.622 bytes/cycle - 4636635.64 MiB/sec @ 3 ghz
# Alignment  4 - 1619.295 bytes/cycle - 4632841.37 MiB/sec @ 3 ghz
# Alignment  3 - 1601.005 bytes/cycle - 4580513.24 MiB/sec @ 3 ghz
# Alignment  2 - 1614.054 bytes/cycle - 4617844.81 MiB/sec @ 3 ghz
# Alignment  1 - 1612.111 bytes/cycle - 4612287.81 MiB/sec @ 3 ghz
# Alignment  0 - 1614.508 bytes/cycle - 4619143.65 MiB/sec @ 3 ghz
# Average      - 1617.404 bytes/cycle - 4627430.73 MiB/sec @ 3 ghz
## KeySpeed tests
# Lua53                     0 byte keys        5.000 c/h
# Lua53                     1 byte keys        6.000 c/h        6.000 c/b        0.167 b/c
# Lua53                     2 byte keys        9.000 c/h        4.500 c/b        0.222 b/c
# Lua53                     3 byte keys       12.886 c/h        4.295 c/b        0.233 b/c
# Lua53                     4 byte keys       16.000 c/h        4.000 c/b        0.250 b/c
# Lua53                     5 byte keys       16.000 c/h        3.200 c/b        0.312 b/c
# Lua53                     6 byte keys       18.000 c/h        3.000 c/b        0.333 b/c
# Lua53                     7 byte keys       20.000 c/h        2.857 c/b        0.350 b/c
# Lua53                     8 byte keys       22.000 c/h        2.750 c/b        0.364 b/c
# Lua53                     9 byte keys       25.546 c/h        2.838 c/b        0.352 b/c
# Lua53                    10 byte keys       27.293 c/h        2.729 c/b        0.366 b/c
# Lua53                    11 byte keys       29.000 c/h        2.636 c/b        0.379 b/c
# Lua53                    12 byte keys       31.937 c/h        2.661 c/b        0.376 b/c
# Lua53                    13 byte keys       34.000 c/h        2.615 c/b        0.382 b/c
# Lua53                    14 byte keys       37.000 c/h        2.643 c/b        0.378 b/c
# Lua53                    15 byte keys       39.000 c/h        2.600 c/b        0.385 b/c
# Lua53                    16 byte keys       42.000 c/h        2.625 c/b        0.381 b/c
# Lua53                    17 byte keys       45.000 c/h        2.647 c/b        0.378 b/c
# Lua53                    18 byte keys       48.000 c/h        2.667 c/b        0.375 b/c
# Lua53                    19 byte keys       51.000 c/h        2.684 c/b        0.373 b/c
# Lua53                    20 byte keys       54.000 c/h        2.700 c/b        0.370 b/c
# Lua53                    21 byte keys       58.397 c/h        2.781 c/b        0.360 b/c
# Lua53                    22 byte keys       60.484 c/h        2.749 c/b        0.364 b/c
# Lua53                    23 byte keys       66.916 c/h        2.909 c/b        0.344 b/c
# Lua53                    24 byte keys       74.889 c/h        3.120 c/b        0.320 b/c
# Lua53                    25 byte keys       70.641 c/h        2.826 c/b        0.354 b/c
# Lua53                    26 byte keys       73.000 c/h        2.808 c/b        0.356 b/c
# Lua53                    27 byte keys       75.999 c/h        2.815 c/b        0.355 b/c
# Lua53                    28 byte keys       87.569 c/h        3.127 c/b        0.320 b/c
# Lua53                    29 byte keys       89.381 c/h        3.082 c/b        0.324 b/c
# Lua53                    30 byte keys       88.171 c/h        2.939 c/b        0.340 b/c
# Lua53                    31 byte keys       89.973 c/h        2.902 c/b        0.345 b/c
#                          Average < 32       44.502 c/h        2.871 c/b        0.348 b/c
# Lua53                    32 byte keys       42.000 c/h        1.312 c/b        0.762 b/c
# Lua53                    36 byte keys       48.404 c/h        1.345 c/b        0.744 b/c
# Lua53                    40 byte keys       54.256 c/h        1.356 c/b        0.737 b/c
# Lua53                    44 byte keys       60.740 c/h        1.380 c/b        0.724 b/c
# Lua53                    48 byte keys       78.622 c/h        1.638 c/b        0.611 b/c
# Lua53                    52 byte keys       73.000 c/h        1.404 c/b        0.712 b/c
# Lua53                    56 byte keys       83.803 c/h        1.496 c/b        0.668 b/c
# Lua53                    60 byte keys      100.549 c/h        1.676 c/b        0.597 b/c
# Lua53                    64 byte keys       57.893 c/h        0.905 c/b        1.105 b/c
# Lua53                    68 byte keys       61.026 c/h        0.897 c/b        1.114 b/c
# Lua53                    72 byte keys       71.206 c/h        0.989 c/b        1.011 b/c
# Lua53                    76 byte keys       81.596 c/h        1.074 c/b        0.931 b/c
# Lua53                    80 byte keys       85.849 c/h        1.073 c/b        0.932 b/c
# Lua53                    84 byte keys       92.275 c/h        1.099 c/b        0.910 b/c
# Lua53                    88 byte keys       96.708 c/h        1.099 c/b        0.910 b/c
# Lua53                    92 byte keys       96.702 c/h        1.051 c/b        0.951 b/c
# Lua53                    96 byte keys       80.469 c/h        0.838 c/b        1.193 b/c
# Lua53                   100 byte keys       69.999 c/h        0.700 c/b        1.429 b/c
# Lua53                   104 byte keys       73.520 c/h        0.707 c/b        1.415 b/c
# Lua53                   108 byte keys       87.546 c/h        0.811 c/b        1.234 b/c
# Lua53                   112 byte keys       90.443 c/h        0.808 c/b        1.238 b/c
# Lua53                   116 byte keys       95.626 c/h        0.824 c/b        1.213 b/c
# Lua53                   120 byte keys       98.618 c/h        0.822 c/b        1.217 b/c
# Lua53                   124 byte keys      102.375 c/h        0.826 c/b        1.211 b/c
#                         Average < 128       59.059 c/h        1.397 c/b        0.716 b/c
# Lua53                   128 byte keys       83.878 c/h        0.655 c/b        1.526 b/c
# Lua53                   256 byte keys      104.588 c/h        0.409 c/b        2.448 b/c
# Lua53                   512 byte keys      112.759 c/h        0.220 c/b        4.541 b/c
# Lua53                  1024 byte keys      116.694 c/h        0.114 c/b        8.775 b/c
# Lua53                  2048 byte keys      117.460 c/h        0.057 c/b       17.436 b/c
# Lua53                  4096 byte keys      119.390 c/h        0.029 c/b       34.308 b/c
# Lua53                  8192 byte keys      118.683 c/h        0.014 c/b       69.024 b/c
# Lua53                 16384 byte keys      129.279 c/h        0.008 c/b      126.734 b/c
# Lua53                 32768 byte keys      144.706 c/h        0.004 c/b      226.445 b/c
# Lua53                 65536 byte keys      140.494 c/h        0.002 c/b      466.469 b/c
#                       Overall Average       68.110 c/h        0.034 c/b       29.656 b/c
ok 7 - Speed (always passes) # Lua53
### Differential Tests ###
# Testing 8303632 up-to-5-bit differentials in 64-bit keys -> 32 bit hashes.
# 1000 reps, 8303632000 total tests, expecting 1.93 random collisions..........
ok 8 - Differential collisions # Lua53
ok 9 - Nothing skipped during differential collision check # Lua53
# 18585 total collisions, of which 1466 single collisions were ignored
not ok 10 - ProcessDifferentials
# Testing 11017632 up-to-4-bit differentials in 128-bit keys -> 32 bit hashes.
# 1000 reps, 11017632000 total tests, expecting 2.57 random collisions..........
ok 11 - Differential collisions # Lua53
ok 12 - Nothing skipped during differential collision check # Lua53
# 16479 total collisions, of which 638 single collisions were ignored
not ok 13 - ProcessDifferentials
# Testing 2796416 up-to-3-bit differentials in 256-bit keys -> 32 bit hashes.
# 1000 reps, 2796416000 total tests, expecting 0.65 random collisions.!!!!!!!!!
not ok 14 - Differential collisions # Lua53
not ok 15 - Nothing skipped during differential collision check # Lua53
not ok 16 - Differential # Lua53
### Avalanche Tests ### - seed-bits: 32 hash-bits: 32
# Samples 1000000, expected error 0.00025600, confidence level 99.99994267%
# Testing   0-bit keys.......... not ok! # worst-bit:   0.268% error-ratio: 1.043114e+00
#              +---------------------------------------------------+
#              |012345678901234567890123456789012345678901234567890|
#              +---------------------------------------------------+
# Scale:       |.1234567890abcdefghijklmnopqrstuvwxyzãäåêëîïðñôõöûü|
#              |üÿABCDEFGHIJKLMNOPQRSTUVWXYZÂÃÄÅÊËÑÔÕÖÛÜÝø¤*©®¶&%@#|
#              +---------------------------------------------------+
#              |pct diff from 50%: abs((0.5-(changed/reps))*2) *100|
#              +--------------------------------+
#              |0         1         2         3 |
#              |01234567890123456789012345678901|
#              +--------------------------------+
# seed     0.0 |................................| x 32
#              +--------------------------------+
#              +---------------------------------------------------+
#              |012345678901234567890123456789012345678901234567890|
#              +---------------------------------------------------+
# Scale:       |.1234567890abcdefghijklmnopqrstuvwxyzãäåêëîïðñôõöûü|
#              |üÿABCDEFGHIJKLMNOPQRSTUVWXYZÂÃÄÅÊËÑÔÕÖÛÜÝø¤*©®¶&%@#|
#              +---------------------------------------------------+
#              |scaled p-value above confidence level (zero is ok) |
#              +--------------------------------+
#              |0         1         2         3 |
#              |01234567890123456789012345678901|
#              +--------------------------------+
# seed     0.0 |................................| x 32
#              +--------------------------------+
# 0 of 1024 bits failed (0.00%) failed at 99.999943 confidence
#     g-test: 0.000000%
#     sum-error-square: 0.00026704
#     hash bit-level errors: 12/32
#     - hash bit 1 gtest-prob not-random: 100.0000 (15976390/16023610)
#     - hash bit 3 gtest-prob not-random: 100.0000 (16015030/15984970)
#     - hash bit 4 gtest-prob not-random: 100.0000 (16018900/15981100)
#     - with 9 more hash bit errors not described above.
not ok 17 - Strict Avalanche Criteria - 0 bit keys
# Testing   8-bit keys.......... not ok! # worst-bit:   0.297% error-ratio: 9.463995e-01
#              +---------------------------------------------------+
#              |012345678901234567890123456789012345678901234567890|
#              +---------------------------------------------------+
# Scale:       |.1234567890abcdefghijklmnopqrstuvwxyzãäåêëîïðñôõöûü|
#              |üÿABCDEFGHIJKLMNOPQRSTUVWXYZÂÃÄÅÊËÑÔÕÖÛÜÝø¤*©®¶&%@#|
#              +---------------------------------------------------+
#              |pct diff from 50%: abs((0.5-(changed/reps))*2) *100|
#              +--------------------------------+
#              |0         1         2         3 |
#              |01234567890123456789012345678901|
#              +--------------------------------+
# seed     0.0 |................................| x 32
# key      0.0 |................................| x 8
#              +--------------------------------+
#              +---------------------------------------------------+
#              |012345678901234567890123456789012345678901234567890|
#              +---------------------------------------------------+
# Scale:       |.1234567890abcdefghijklmnopqrstuvwxyzãäåêëîïðñôõöûü|
#              |üÿABCDEFGHIJKLMNOPQRSTUVWXYZÂÃÄÅÊËÑÔÕÖÛÜÝø¤*©®¶&%@#|
#              +---------------------------------------------------+
#              |scaled p-value above confidence level (zero is ok) |
#              +--------------------------------+
#              |0         1         2         3 |
#              |01234567890123456789012345678901|
#              +--------------------------------+
# seed     0.0 |................................| x 32
# key      0.0 |................................| x 8
#              +--------------------------------+
# 0 of 1280 bits failed (0.00%) failed at 99.999943 confidence
#     g-test: 0.000000%
#     sum-error-square: 0.00024228
#     hash bit-level errors: 11/32
#     - hash bit 1 gtest-prob not-random: 100.0000 (19968424/20031576)
#     - hash bit 2 gtest-prob not-random: 100.0000 (19979027/20020973)
#     - hash bit 5 gtest-prob not-random: 100.0000 (19982969/20017031)
#     - with 8 more hash bit errors not described above.
not ok 18 - Strict Avalanche Criteria - 8 bit keys
# Testing  16-bit keys.......... not ok! # worst-bit:   0.467% error-ratio: 1.032311e+00
#              +---------------------------------------------------+
#              |012345678901234567890123456789012345678901234567890|
#              +---------------------------------------------------+
# Scale:       |.1234567890abcdefghijklmnopqrstuvwxyzãäåêëîïðñôõöûü|
#              |üÿABCDEFGHIJKLMNOPQRSTUVWXYZÂÃÄÅÊËÑÔÕÖÛÜÝø¤*©®¶&%@#|
#              +---------------------------------------------------+
#              |pct diff from 50%: abs((0.5-(changed/reps))*2) *100|
#              +--------------------------------+
#              |0         1         2         3 |
#              |01234567890123456789012345678901|
#              +--------------------------------+
# seed     0.0 |................................| x 32
# key      0.0 |................................| x 16
#              +--------------------------------+
#              +---------------------------------------------------+
#              |012345678901234567890123456789012345678901234567890|
#              +---------------------------------------------------+
# Scale:       |.1234567890abcdefghijklmnopqrstuvwxyzãäåêëîïðñôõöûü|
#              |üÿABCDEFGHIJKLMNOPQRSTUVWXYZÂÃÄÅÊËÑÔÕÖÛÜÝø¤*©®¶&%@#|
#              +---------------------------------------------------+
#              |scaled p-value above confidence level (zero is ok) |
#              +--------------------------------+
#              |0         1         2         3 |
#              |01234567890123456789012345678901|
#              +--------------------------------+
# seed     0.0 |................................| x 32
# key      0.0 |................................| x 16
#              +--------------------------------+
# 0 of 1536 bits failed (0.00%) failed at 99.999943 confidence
#     g-test: 0.000000%
#     sum-error-square: 0.00026427
#     hash bit-level errors: 8/32
#     - hash bit 8 gtest-prob not-random: 100.0000 (24020863/23979137)
#     - hash bit 11 gtest-prob not-random: 100.0000 (24017978/23982022)
#     - hash bit 13 gtest-prob not-random: 100.0000 (23971203/24028797)
#     - with 5 more hash bit errors not described above.
not ok 19 - Strict Avalanche Criteria - 16 bit keys
# Testing  24-bit keys.......... not ok! # worst-bit:   0.531% error-ratio: 1.725935e+00
#              +---------------------------------------------------+
#              |012345678901234567890123456789012345678901234567890|
#              +---------------------------------------------------+
# Scale:       |.1234567890abcdefghijklmnopqrstuvwxyzãäåêëîïðñôõöûü|
#              |üÿABCDEFGHIJKLMNOPQRSTUVWXYZÂÃÄÅÊËÑÔÕÖÛÜÝø¤*©®¶&%@#|
#              +---------------------------------------------------+
#              |pct diff from 50%: abs((0.5-(changed/reps))*2) *100|
#              +--------------------------------+
#              |0         1         2         3 |
#              |01234567890123456789012345678901|
#              +--------------------------------+
# seed     0.0 |................................| x 28
# seed    28.0 |.............................1..| x 2
# seed    30.0 |................................| x 2
# key      0.0 |................................| x 24
#              +--------------------------------+
#              +---------------------------------------------------+
#              |012345678901234567890123456789012345678901234567890|
#              +---------------------------------------------------+
# Scale:       |.1234567890abcdefghijklmnopqrstuvwxyzãäåêëîïðñôõöûü|
#              |üÿABCDEFGHIJKLMNOPQRSTUVWXYZÂÃÄÅÊËÑÔÕÖÛÜÝø¤*©®¶&%@#|
#              +---------------------------------------------------+
#              |scaled p-value above confidence level (zero is ok) |
#              +--------------------------------+
#              |0         1         2         3 |
#              |01234567890123456789012345678901|
#              +--------------------------------+
# seed     0.0 |................................| x 28
# seed    28.0 |.............................f..|
# seed    29.0 |.............................Å..|
# seed    30.0 |................................| x 2
# key      0.0 |................................| x 24
#              +--------------------------------+
# 2 of 1792 bits failed (0.11%) failed at 99.999943 confidence
#     g-test: 0.000000%
#     sum-error-square: 0.00044184
#     hash bit-level errors: 12/32
#     - hash bit 0 gtest-prob not-random: 100.0000 (27970004/28029996)
#     - hash bit 1 gtest-prob not-random: 100.0000 (28036417/27963583)
#     - hash bit 2 gtest-prob not-random: 100.0000 (28021682/27978318)
#     - with 9 more hash bit errors not described above.
not ok 20 - Strict Avalanche Criteria - 24 bit keys
# Testing  32-bit keys.......... not ok! # worst-bit:   0.330% error-ratio: 9.398617e-01
#              +---------------------------------------------------+
#              |012345678901234567890123456789012345678901234567890|
#              +---------------------------------------------------+
# Scale:       |.1234567890abcdefghijklmnopqrstuvwxyzãäåêëîïðñôõöûü|
#              |üÿABCDEFGHIJKLMNOPQRSTUVWXYZÂÃÄÅÊËÑÔÕÖÛÜÝø¤*©®¶&%@#|
#              +---------------------------------------------------+
#              |pct diff from 50%: abs((0.5-(changed/reps))*2) *100|
#              +--------------------------------+
#              |0         1         2         3 |
#              |01234567890123456789012345678901|
#              +--------------------------------+
# seed     0.0 |................................| x 32
# key      0.0 |................................| x 32
#              +--------------------------------+
#              +---------------------------------------------------+
#              |012345678901234567890123456789012345678901234567890|
#              +---------------------------------------------------+
# Scale:       |.1234567890abcdefghijklmnopqrstuvwxyzãäåêëîïðñôõöûü|
#              |üÿABCDEFGHIJKLMNOPQRSTUVWXYZÂÃÄÅÊËÑÔÕÖÛÜÝø¤*©®¶&%@#|
#              +---------------------------------------------------+
#              |scaled p-value above confidence level (zero is ok) |
#              +--------------------------------+
#              |0         1         2         3 |
#              |01234567890123456789012345678901|
#              +--------------------------------+
# seed     0.0 |................................| x 32
# key      0.0 |................................| x 32
#              +--------------------------------+
# 0 of 2048 bits failed (0.00%) failed at 99.999943 confidence
#     g-test: 0.000000%
#     sum-error-square: 0.00024060
#     hash bit-level errors: 4/32
#     - hash bit 2 gtest-prob not-random: 100.0000 (32024999/31975001)
#     - hash bit 19 gtest-prob not-random: 100.0000 (31969638/32030362)
#     - hash bit 29 gtest-prob not-random: 100.0000 (31972166/32027834)
#     - with 1 more hash bit errors not described above.
not ok 21 - Strict Avalanche Criteria - 32 bit keys
# Testing  40-bit keys.......... not ok! # worst-bit:   0.307% error-ratio: 8.407392e-01
#              +---------------------------------------------------+
#              |012345678901234567890123456789012345678901234567890|
#              +---------------------------------------------------+
# Scale:       |.1234567890abcdefghijklmnopqrstuvwxyzãäåêëîïðñôõöûü|
#              |üÿABCDEFGHIJKLMNOPQRSTUVWXYZÂÃÄÅÊËÑÔÕÖÛÜÝø¤*©®¶&%@#|
#              +---------------------------------------------------+
#              |pct diff from 50%: abs((0.5-(changed/reps))*2) *100|
#              +--------------------------------+
#              |0         1         2         3 |
#              |01234567890123456789012345678901|
#              +--------------------------------+
# seed     0.0 |................................| x 32
# key      0.0 |................................| x 40
#              +--------------------------------+
#              +---------------------------------------------------+
#              |012345678901234567890123456789012345678901234567890|
#              +---------------------------------------------------+
# Scale:       |.1234567890abcdefghijklmnopqrstuvwxyzãäåêëîïðñôõöûü|
#              |üÿABCDEFGHIJKLMNOPQRSTUVWXYZÂÃÄÅÊËÑÔÕÖÛÜÝø¤*©®¶&%@#|
#              +---------------------------------------------------+
#              |scaled p-value above confidence level (zero is ok) |
#              +--------------------------------+
#              |0         1         2         3 |
#              |01234567890123456789012345678901|
#              +--------------------------------+
# seed     0.0 |................................| x 32
# key      0.0 |................................| x 40
#              +--------------------------------+
# 0 of 2304 bits failed (0.00%) failed at 99.999943 confidence
#     g-test: 0.000000%
#     sum-error-square: 0.00021523
#     hash bit-level errors: 2/32
#     - hash bit 30 gtest-prob not-random: 100.0000 (36025842/35974158)
#     - hash bit 31 gtest-prob not-random: 100.0000 (35972514/36027486)
not ok 22 - Strict Avalanche Criteria - 40 bit keys
# Testing  48-bit keys.......... not ok! # worst-bit:   0.420% error-ratio: 1.014401e+00
#              +---------------------------------------------------+
#              |012345678901234567890123456789012345678901234567890|
#              +---------------------------------------------------+
# Scale:       |.1234567890abcdefghijklmnopqrstuvwxyzãäåêëîïðñôõöûü|
#              |üÿABCDEFGHIJKLMNOPQRSTUVWXYZÂÃÄÅÊËÑÔÕÖÛÜÝø¤*©®¶&%@#|
#              +---------------------------------------------------+
#              |pct diff from 50%: abs((0.5-(changed/reps))*2) *100|
#              +--------------------------------+
#              |0         1         2         3 |
#              |01234567890123456789012345678901|
#              +--------------------------------+
# seed     0.0 |................................| x 32
# key      0.0 |................................| x 48
#              +--------------------------------+
#              +---------------------------------------------------+
#              |012345678901234567890123456789012345678901234567890|
#              +---------------------------------------------------+
# Scale:       |.1234567890abcdefghijklmnopqrstuvwxyzãäåêëîïðñôõöûü|
#              |üÿABCDEFGHIJKLMNOPQRSTUVWXYZÂÃÄÅÊËÑÔÕÖÛÜÝø¤*©®¶&%@#|
#              +---------------------------------------------------+
#              |scaled p-value above confidence level (zero is ok) |
#              +--------------------------------+
#              |0         1         2         3 |
#              |01234567890123456789012345678901|
#              +--------------------------------+
# seed     0.0 |................................| x 32
# key      0.0 |................................| x 48
#              +--------------------------------+
# 0 of 2560 bits failed (0.00%) failed at 99.999943 confidence
#     g-test: 0.000000%
#     sum-error-square: 0.00025969
#     hash bit-level errors: 2/32
#     - hash bit 22 gtest-prob not-random: 100.0000 (40023932/39976068)
#     - hash bit 30 gtest-prob not-random: 100.0000 (40022787/39977213)
not ok 23 - Strict Avalanche Criteria - 48 bit keys
# Testing  56-bit keys.......... not ok! # worst-bit:   0.349% error-ratio: 1.005486e+00
#              +---------------------------------------------------+
#              |012345678901234567890123456789012345678901234567890|
#              +---------------------------------------------------+
# Scale:       |.1234567890abcdefghijklmnopqrstuvwxyzãäåêëîïðñôõöûü|
#              |üÿABCDEFGHIJKLMNOPQRSTUVWXYZÂÃÄÅÊËÑÔÕÖÛÜÝø¤*©®¶&%@#|
#              +---------------------------------------------------+
#              |pct diff from 50%: abs((0.5-(changed/reps))*2) *100|
#              +--------------------------------+
#              |0         1         2         3 |
#              |01234567890123456789012345678901|
#              +--------------------------------+
# seed     0.0 |................................| x 32
# key      0.0 |................................| x 56
#              +--------------------------------+
#              +---------------------------------------------------+
#              |012345678901234567890123456789012345678901234567890|
#              +---------------------------------------------------+
# Scale:       |.1234567890abcdefghijklmnopqrstuvwxyzãäåêëîïðñôõöûü|
#              |üÿABCDEFGHIJKLMNOPQRSTUVWXYZÂÃÄÅÊËÑÔÕÖÛÜÝø¤*©®¶&%@#|
#              +---------------------------------------------------+
#              |scaled p-value above confidence level (zero is ok) |
#              +--------------------------------+
#              |0         1         2         3 |
#              |01234567890123456789012345678901|
#              +--------------------------------+
# seed     0.0 |................................| x 32
# key      0.0 |................................| x 56
#              +--------------------------------+
# 0 of 2816 bits failed (0.00%) failed at 99.999943 confidence
#     g-test: 0.000000%
#     sum-error-square: 0.00025740
#     hash bit-level errors: 4/32
#     - hash bit 27 gtest-prob not-random: 100.0000 (43971835/44028165)
#     - hash bit 28 gtest-prob not-random: 100.0000 (43974477/44025523)
#     - hash bit 30 gtest-prob not-random: 100.0000 (43975051/44024949)
#     - with 1 more hash bit errors not described above.
not ok 24 - Strict Avalanche Criteria - 56 bit keys
# Testing  64-bit keys.......... not ok! # worst-bit:   0.385% error-ratio: 9.696829e-01
#              +---------------------------------------------------+
#              |012345678901234567890123456789012345678901234567890|
#              +---------------------------------------------------+
# Scale:       |.1234567890abcdefghijklmnopqrstuvwxyzãäåêëîïðñôõöûü|
#              |üÿABCDEFGHIJKLMNOPQRSTUVWXYZÂÃÄÅÊËÑÔÕÖÛÜÝø¤*©®¶&%@#|
#              +---------------------------------------------------+
#              |pct diff from 50%: abs((0.5-(changed/reps))*2) *100|
#              +--------------------------------+
#              |0         1         2         3 |
#              |01234567890123456789012345678901|
#              +--------------------------------+
# seed     0.0 |................................| x 32
# key      0.0 |................................| x 64
#              +--------------------------------+
#              +---------------------------------------------------+
#              |012345678901234567890123456789012345678901234567890|
#              +---------------------------------------------------+
# Scale:       |.1234567890abcdefghijklmnopqrstuvwxyzãäåêëîïðñôõöûü|
#              |üÿABCDEFGHIJKLMNOPQRSTUVWXYZÂÃÄÅÊËÑÔÕÖÛÜÝø¤*©®¶&%@#|
#              +---------------------------------------------------+
#              |scaled p-value above confidence level (zero is ok) |
#              +--------------------------------+
#              |0         1         2         3 |
#              |01234567890123456789012345678901|
#              +--------------------------------+
# seed     0.0 |................................| x 32
# key      0.0 |................................| x 64
#              +--------------------------------+
# 0 of 3072 bits failed (0.00%) failed at 99.999943 confidence
#     g-test: 0.000000%
#     sum-error-square: 0.00024824
#     hash bit-level errors: 2/32
#     - hash bit 23 gtest-prob not-random: 100.0000 (48025951/47974049)
#     - hash bit 27 gtest-prob not-random: 100.0000 (47968230/48031770)
not ok 25 - Strict Avalanche Criteria - 64 bit keys
# Testing  72-bit keys.......... not ok! # worst-bit:   0.322% error-ratio: 8.901141e-01
#              +---------------------------------------------------+
#              |012345678901234567890123456789012345678901234567890|
#              +---------------------------------------------------+
# Scale:       |.1234567890abcdefghijklmnopqrstuvwxyzãäåêëîïðñôõöûü|
#              |üÿABCDEFGHIJKLMNOPQRSTUVWXYZÂÃÄÅÊËÑÔÕÖÛÜÝø¤*©®¶&%@#|
#              +---------------------------------------------------+
#              |pct diff from 50%: abs((0.5-(changed/reps))*2) *100|
#              +--------------------------------+
#              |0         1         2         3 |
#              |01234567890123456789012345678901|
#              +--------------------------------+
# seed     0.0 |................................| x 32
# key      0.0 |................................| x 72
#              +--------------------------------+
#              +---------------------------------------------------+
#              |012345678901234567890123456789012345678901234567890|
#              +---------------------------------------------------+
# Scale:       |.1234567890abcdefghijklmnopqrstuvwxyzãäåêëîïðñôõöûü|
#              |üÿABCDEFGHIJKLMNOPQRSTUVWXYZÂÃÄÅÊËÑÔÕÖÛÜÝø¤*©®¶&%@#|
#              +---------------------------------------------------+
#              |scaled p-value above confidence level (zero is ok) |
#              +--------------------------------+
#              |0         1         2         3 |
#              |01234567890123456789012345678901|
#              +--------------------------------+
# seed     0.0 |................................| x 32
# key      0.0 |................................| x 72
#              +--------------------------------+
# 0 of 3328 bits failed (0.00%) failed at 99.999943 confidence
#     g-test: 0.000000%
#     sum-error-square: 0.00022787
#     hash bit-level errors: 1/32
#     - hash bit 30 gtest-prob not-random: 100.0000 (52029980/51970020)
not ok 26 - Strict Avalanche Criteria - 72 bit keys
# Testing  80-bit keys.......... not ok! # worst-bit:   0.462% error-ratio: 1.064070e+00
#              +---------------------------------------------------+
#              |012345678901234567890123456789012345678901234567890|
#              +---------------------------------------------------+
# Scale:       |.1234567890abcdefghijklmnopqrstuvwxyzãäåêëîïðñôõöûü|
#              |üÿABCDEFGHIJKLMNOPQRSTUVWXYZÂÃÄÅÊËÑÔÕÖÛÜÝø¤*©®¶&%@#|
#              +---------------------------------------------------+
#              |pct diff from 50%: abs((0.5-(changed/reps))*2) *100|
#              +--------------------------------+
#              |0         1         2         3 |
#              |01234567890123456789012345678901|
#              +--------------------------------+
# seed     0.0 |................................| x 32
# key      0.0 |................................| x 80
#              +--------------------------------+
#              +---------------------------------------------------+
#              |012345678901234567890123456789012345678901234567890|
#              +---------------------------------------------------+
# Scale:       |.1234567890abcdefghijklmnopqrstuvwxyzãäåêëîïðñôõöûü|
#              |üÿABCDEFGHIJKLMNOPQRSTUVWXYZÂÃÄÅÊËÑÔÕÖÛÜÝø¤*©®¶&%@#|
#              +---------------------------------------------------+
#              |scaled p-value above confidence level (zero is ok) |
#              +--------------------------------+
#              |0         1         2         3 |
#              |01234567890123456789012345678901|
#              +--------------------------------+
# seed     0.0 |................................| x 32
# key      0.0 |................................| x 80
#              +--------------------------------+
# 0 of 3584 bits failed (0.00%) failed at 99.999943 confidence
#     g-test: 0.000000%
#     sum-error-square: 0.00027240
#     hash bit-level errors: 1/32
#     - hash bit 27 gtest-prob not-random: 100.0000 (55970029/56029971)
not ok 27 - Strict Avalanche Criteria - 80 bit keys
# Testing  88-bit keys.......... not ok! # worst-bit:   0.399% error-ratio: 9.299441e-01
#              +---------------------------------------------------+
#              |012345678901234567890123456789012345678901234567890|
#              +---------------------------------------------------+
# Scale:       |.1234567890abcdefghijklmnopqrstuvwxyzãäåêëîïðñôõöûü|
#              |üÿABCDEFGHIJKLMNOPQRSTUVWXYZÂÃÄÅÊËÑÔÕÖÛÜÝø¤*©®¶&%@#|
#              +---------------------------------------------------+
#              |pct diff from 50%: abs((0.5-(changed/reps))*2) *100|
#              +--------------------------------+
#              |0         1         2         3 |
#              |01234567890123456789012345678901|
#              +--------------------------------+
# seed     0.0 |................................| x 32
# key      0.0 |................................| x 88
#              +--------------------------------+
#              +---------------------------------------------------+
#              |012345678901234567890123456789012345678901234567890|
#              +---------------------------------------------------+
# Scale:       |.1234567890abcdefghijklmnopqrstuvwxyzãäåêëîïðñôõöûü|
#              |üÿABCDEFGHIJKLMNOPQRSTUVWXYZÂÃÄÅÊËÑÔÕÖÛÜÝø¤*©®¶&%@#|
#              +---------------------------------------------------+
#              |scaled p-value above confidence level (zero is ok) |
#              +--------------------------------+
#              |0         1         2         3 |
#              |01234567890123456789012345678901|
#              +--------------------------------+
# seed     0.0 |................................| x 32
# key      0.0 |................................| x 88
#              +--------------------------------+
# 0 of 3840 bits failed (0.00%) failed at 99.999943 confidence
#     g-test: 0.000000%
#     sum-error-square: 0.00023807
#     hash bit-level errors: 2/32
#     - hash bit 21 gtest-prob not-random: 100.0000 (60038471/59961529)
#     - hash bit 26 gtest-prob not-random: 100.0000 (59971913/60028087)
not ok 28 - Strict Avalanche Criteria - 88 bit keys
# Testing  96-bit keys.......... not ok! # worst-bit:   0.404% error-ratio: 1.029074e+00
#              +---------------------------------------------------+
#              |012345678901234567890123456789012345678901234567890|
#              +---------------------------------------------------+
# Scale:       |.1234567890abcdefghijklmnopqrstuvwxyzãäåêëîïðñôõöûü|
#              |üÿABCDEFGHIJKLMNOPQRSTUVWXYZÂÃÄÅÊËÑÔÕÖÛÜÝø¤*©®¶&%@#|
#              +---------------------------------------------------+
#              |pct diff from 50%: abs((0.5-(changed/reps))*2) *100|
#              +--------------------------------+
#              |0         1         2         3 |
#              |01234567890123456789012345678901|
#              +--------------------------------+
# seed     0.0 |................................| x 32
# key      0.0 |................................| x 96
#              +--------------------------------+
#              +---------------------------------------------------+
#              |012345678901234567890123456789012345678901234567890|
#              +---------------------------------------------------+
# Scale:       |.1234567890abcdefghijklmnopqrstuvwxyzãäåêëîïðñôõöûü|
#              |üÿABCDEFGHIJKLMNOPQRSTUVWXYZÂÃÄÅÊËÑÔÕÖÛÜÝø¤*©®¶&%@#|
#              +---------------------------------------------------+
#              |scaled p-value above confidence level (zero is ok) |
#              +--------------------------------+
#              |0         1         2         3 |
#              |01234567890123456789012345678901|
#              +--------------------------------+
# seed     0.0 |................................| x 32
# key      0.0 |................................| x 96
#              +--------------------------------+
# 0 of 4096 bits failed (0.00%) failed at 99.999943 confidence
#     g-test: 0.000000%
#     sum-error-square: 0.00026344
#     hash bit-level errors: 1/32
#     - hash bit 25 gtest-prob not-random: 100.0000 (63966707/64033293)
not ok 29 - Strict Avalanche Criteria - 96 bit keys
# Testing 104-bit keys.......... not ok! # worst-bit:   0.345% error-ratio: 1.099650e+00
#              +---------------------------------------------------+
#              |012345678901234567890123456789012345678901234567890|
#              +---------------------------------------------------+
# Scale:       |.1234567890abcdefghijklmnopqrstuvwxyzãäåêëîïðñôõöûü|
#              |üÿABCDEFGHIJKLMNOPQRSTUVWXYZÂÃÄÅÊËÑÔÕÖÛÜÝø¤*©®¶&%@#|
#              +---------------------------------------------------+
#              |pct diff from 50%: abs((0.5-(changed/reps))*2) *100|
#              +--------------------------------+
#              |0         1         2         3 |
#              |01234567890123456789012345678901|
#              +--------------------------------+
# seed     0.0 |................................| x 32
# key      0.0 |................................| x 104
#              +--------------------------------+
#              +---------------------------------------------------+
#              |012345678901234567890123456789012345678901234567890|
#              +---------------------------------------------------+
# Scale:       |.1234567890abcdefghijklmnopqrstuvwxyzãäåêëîïðñôõöûü|
#              |üÿABCDEFGHIJKLMNOPQRSTUVWXYZÂÃÄÅÊËÑÔÕÖÛÜÝø¤*©®¶&%@#|
#              +---------------------------------------------------+
#              |scaled p-value above confidence level (zero is ok) |
#              +--------------------------------+
#              |0         1         2         3 |
#              |01234567890123456789012345678901|
#              +--------------------------------+
# seed     0.0 |................................| x 32
# key      0.0 |................................| x 104
#              +--------------------------------+
# 0 of 4352 bits failed (0.00%) failed at 99.999943 confidence
#     g-test: 0.000000%
#     sum-error-square: 0.00028151
#     hash bit-level errors: 1/32
#     - hash bit 31 gtest-prob not-random: 100.0000 (68038421/67961579)
not ok 30 - Strict Avalanche Criteria - 104 bit keys
# Testing 112-bit keys.......... not ok! # worst-bit:   0.482% error-ratio: 1.111895e+00
#              +---------------------------------------------------+
#              |012345678901234567890123456789012345678901234567890|
#              +---------------------------------------------------+
# Scale:       |.1234567890abcdefghijklmnopqrstuvwxyzãäåêëîïðñôõöûü|
#              |üÿABCDEFGHIJKLMNOPQRSTUVWXYZÂÃÄÅÊËÑÔÕÖÛÜÝø¤*©®¶&%@#|
#              +---------------------------------------------------+
#              |pct diff from 50%: abs((0.5-(changed/reps))*2) *100|
#              +--------------------------------+
#              |0         1         2         3 |
#              |01234567890123456789012345678901|
#              +--------------------------------+
# seed     0.0 |................................| x 32
# key      0.0 |................................| x 112
#              +--------------------------------+
#              +---------------------------------------------------+
#              |012345678901234567890123456789012345678901234567890|
#              +---------------------------------------------------+
# Scale:       |.1234567890abcdefghijklmnopqrstuvwxyzãäåêëîïðñôõöûü|
#              |üÿABCDEFGHIJKLMNOPQRSTUVWXYZÂÃÄÅÊËÑÔÕÖÛÜÝø¤*©®¶&%@#|
#              +---------------------------------------------------+
#              |scaled p-value above confidence level (zero is ok) |
#              +--------------------------------+
#              |0         1         2         3 |
#              |01234567890123456789012345678901|
#              +--------------------------------+
# seed     0.0 |................................| x 32
# key      0.0 |................................| x 112
#              +--------------------------------+
# 0 of 4608 bits failed (0.00%) failed at 99.999943 confidence
#     g-test: 0.000000%
#     sum-error-square: 0.00028465
#     hash bit-level errors: 5/32
#     - hash bit 17 gtest-prob not-random: 100.0000 (71963820/72036180)
#     - hash bit 24 gtest-prob not-random: 100.0000 (72030969/71969031)
#     - hash bit 26 gtest-prob not-random: 100.0000 (71953503/72046497)
#     - with 2 more hash bit errors not described above.
not ok 31 - Strict Avalanche Criteria - 112 bit keys
# Testing 120-bit keys.......... not ok! # worst-bit:   0.354% error-ratio: 9.895649e-01
#              +---------------------------------------------------+
#              |012345678901234567890123456789012345678901234567890|
#              +---------------------------------------------------+
# Scale:       |.1234567890abcdefghijklmnopqrstuvwxyzãäåêëîïðñôõöûü|
#              |üÿABCDEFGHIJKLMNOPQRSTUVWXYZÂÃÄÅÊËÑÔÕÖÛÜÝø¤*©®¶&%@#|
#              +---------------------------------------------------+
#              |pct diff from 50%: abs((0.5-(changed/reps))*2) *100|
#              +--------------------------------+
#              |0         1         2         3 |
#              |01234567890123456789012345678901|
#              +--------------------------------+
# seed     0.0 |................................| x 32
# key      0.0 |................................| x 120
#              +--------------------------------+
#              +---------------------------------------------------+
#              |012345678901234567890123456789012345678901234567890|
#              +---------------------------------------------------+
# Scale:       |.1234567890abcdefghijklmnopqrstuvwxyzãäåêëîïðñôõöûü|
#              |üÿABCDEFGHIJKLMNOPQRSTUVWXYZÂÃÄÅÊËÑÔÕÖÛÜÝø¤*©®¶&%@#|
#              +---------------------------------------------------+
#              |scaled p-value above confidence level (zero is ok) |
#              +--------------------------------+
#              |0         1         2         3 |
#              |01234567890123456789012345678901|
#              +--------------------------------+
# seed     0.0 |................................| x 32
# key      0.0 |................................| x 120
#              +--------------------------------+
# 0 of 4864 bits failed (0.00%) failed at 99.999943 confidence
#     g-test: 0.000000%
#     sum-error-square: 0.00025333
#     hash bit-level errors: 1/32
#     - hash bit 28 gtest-prob not-random: 100.0000 (76036878/75963122)
not ok 32 - Strict Avalanche Criteria - 120 bit keys
# Testing 128-bit keys.......... not ok! # worst-bit:   0.411% error-ratio: 1.040837e+00
#              +---------------------------------------------------+
#              |012345678901234567890123456789012345678901234567890|
#              +---------------------------------------------------+
# Scale:       |.1234567890abcdefghijklmnopqrstuvwxyzãäåêëîïðñôõöûü|
#              |üÿABCDEFGHIJKLMNOPQRSTUVWXYZÂÃÄÅÊËÑÔÕÖÛÜÝø¤*©®¶&%@#|
#              +---------------------------------------------------+
#              |pct diff from 50%: abs((0.5-(changed/reps))*2) *100|
#              +--------------------------------+
#              |0         1         2         3 |
#              |01234567890123456789012345678901|
#              +--------------------------------+
# seed     0.0 |................................| x 32
# key      0.0 |................................| x 128
#              +--------------------------------+
#              +---------------------------------------------------+
#              |012345678901234567890123456789012345678901234567890|
#              +---------------------------------------------------+
# Scale:       |.1234567890abcdefghijklmnopqrstuvwxyzãäåêëîïðñôõöûü|
#              |üÿABCDEFGHIJKLMNOPQRSTUVWXYZÂÃÄÅÊËÑÔÕÖÛÜÝø¤*©®¶&%@#|
#              +---------------------------------------------------+
#              |scaled p-value above confidence level (zero is ok) |
#              +--------------------------------+
#              |0         1         2         3 |
#              |01234567890123456789012345678901|
#              +--------------------------------+
# seed     0.0 |................................| x 32
# key      0.0 |................................| x 128
#              +--------------------------------+
# 0 of 5120 bits failed (0.00%) failed at 99.999943 confidence
#     g-test: 0.000000%
#     sum-error-square: 0.00026645
#     hash bit-level errors: 1/32
#     - hash bit 21 gtest-prob not-random: 100.0000 (79965982/80034018)
not ok 33 - Strict Avalanche Criteria - 128 bit keys
# Testing 136-bit keys.......... not ok! # worst-bit:   0.406% error-ratio: 1.022667e+00
#              +---------------------------------------------------+
#              |012345678901234567890123456789012345678901234567890|
#              +---------------------------------------------------+
# Scale:       |.1234567890abcdefghijklmnopqrstuvwxyzãäåêëîïðñôõöûü|
#              |üÿABCDEFGHIJKLMNOPQRSTUVWXYZÂÃÄÅÊËÑÔÕÖÛÜÝø¤*©®¶&%@#|
#              +---------------------------------------------------+
#              |pct diff from 50%: abs((0.5-(changed/reps))*2) *100|
#              +--------------------------------+
#              |0         1         2         3 |
#              |01234567890123456789012345678901|
#              +--------------------------------+
# seed     0.0 |................................| x 32
# key      0.0 |................................| x 136
#              +--------------------------------+
#              +---------------------------------------------------+
#              |012345678901234567890123456789012345678901234567890|
#              +---------------------------------------------------+
# Scale:       |.1234567890abcdefghijklmnopqrstuvwxyzãäåêëîïðñôõöûü|
#              |üÿABCDEFGHIJKLMNOPQRSTUVWXYZÂÃÄÅÊËÑÔÕÖÛÜÝø¤*©®¶&%@#|
#              +---------------------------------------------------+
#              |scaled p-value above confidence level (zero is ok) |
#              +--------------------------------+
#              |0         1         2         3 |
#              |01234567890123456789012345678901|
#              +--------------------------------+
# seed     0.0 |................................| x 32
# key      0.0 |................................| x 136
#              +--------------------------------+
# 0 of 5376 bits failed (0.00%) failed at 99.999943 confidence
#     g-test: 0.000000%
#     sum-error-square: 0.00026180
#     hash bit-level errors: 2/32
#     - hash bit 19 gtest-prob not-random: 100.0000 (83964601/84035399)
#     - hash bit 28 gtest-prob not-random: 100.0000 (83963562/84036438)
not ok 34 - Strict Avalanche Criteria - 136 bit keys
# Testing 144-bit keys.......... ok.     # worst-bit:   0.343% error-ratio: 1.004546e+00
ok 35 - Strict Avalanche Criteria - 144 bit keys
# Testing 152-bit keys.......... not ok! # worst-bit:   0.359% error-ratio: 1.041479e+00
#              +---------------------------------------------------+
#              |012345678901234567890123456789012345678901234567890|
#              +---------------------------------------------------+
# Scale:       |.1234567890abcdefghijklmnopqrstuvwxyzãäåêëîïðñôõöûü|
#              |üÿABCDEFGHIJKLMNOPQRSTUVWXYZÂÃÄÅÊËÑÔÕÖÛÜÝø¤*©®¶&%@#|
#              +---------------------------------------------------+
#              |pct diff from 50%: abs((0.5-(changed/reps))*2) *100|
#              +--------------------------------+
#              |0         1         2         3 |
#              |01234567890123456789012345678901|
#              +--------------------------------+
# seed     0.0 |................................| x 32
# key      0.0 |................................| x 152
#              +--------------------------------+
#              +---------------------------------------------------+
#              |012345678901234567890123456789012345678901234567890|
#              +---------------------------------------------------+
# Scale:       |.1234567890abcdefghijklmnopqrstuvwxyzãäåêëîïðñôõöûü|
#              |üÿABCDEFGHIJKLMNOPQRSTUVWXYZÂÃÄÅÊËÑÔÕÖÛÜÝø¤*©®¶&%@#|
#              +---------------------------------------------------+
#              |scaled p-value above confidence level (zero is ok) |
#              +--------------------------------+
#              |0         1         2         3 |
#              |01234567890123456789012345678901|
#              +--------------------------------+
# seed     0.0 |................................| x 32
# key      0.0 |................................| x 152
#              +--------------------------------+
# 0 of 5888 bits failed (0.00%) failed at 99.999943 confidence
#     g-test: 0.000000%
#     sum-error-square: 0.00026662
#     hash bit-level errors: 1/32
#     - hash bit 25 gtest-prob not-random: 100.0000 (92046222/91953778)
not ok 36 - Strict Avalanche Criteria - 152 bit keys
# Testing 152-bit keys.......... ok.     # worst-bit:   0.364% error-ratio: 9.888040e-01
ok 37 - Strict Avalanche Criteria - 160 bit keys
# Testing 256-bit keys.......... not ok! # worst-bit:   0.348% error-ratio: 1.129499e+00
#              +---------------------------------------------------+
#              |012345678901234567890123456789012345678901234567890|
#              +---------------------------------------------------+
# Scale:       |.1234567890abcdefghijklmnopqrstuvwxyzãäåêëîïðñôõöûü|
#              |üÿABCDEFGHIJKLMNOPQRSTUVWXYZÂÃÄÅÊËÑÔÕÖÛÜÝø¤*©®¶&%@#|
#              +---------------------------------------------------+
#              |pct diff from 50%: abs((0.5-(changed/reps))*2) *100|
#              +--------------------------------+
#              |0         1         2         3 |
#              |01234567890123456789012345678901|
#              +--------------------------------+
# seed     0.0 |................................| x 32
# key      0.0 |................................| x 256
#              +--------------------------------+
#              +---------------------------------------------------+
#              |012345678901234567890123456789012345678901234567890|
#              +---------------------------------------------------+
# Scale:       |.1234567890abcdefghijklmnopqrstuvwxyzãäåêëîïðñôõöûü|
#              |üÿABCDEFGHIJKLMNOPQRSTUVWXYZÂÃÄÅÊËÑÔÕÖÛÜÝø¤*©®¶&%@#|
#              +---------------------------------------------------+
#              |scaled p-value above confidence level (zero is ok) |
#              +--------------------------------+
#              |0         1         2         3 |
#              |01234567890123456789012345678901|
#              +--------------------------------+
# seed     0.0 |................................| x 32
# key      0.0 |................................| x 256
#              +--------------------------------+
# 0 of 9216 bits failed (0.00%) failed at 99.999943 confidence
#     g-test: 0.000000%
#     sum-error-square: 0.00028915
#     hash bit-level errors: 22/32
#     - hash bit 0 gtest-prob not-random: 100.0000 (143910049/144089951)
#     - hash bit 1 gtest-prob not-random: 100.0000 (144062015/143937985)
#     - hash bit 3 gtest-prob not-random: 100.0000 (143947785/144052215)
#     - with 19 more hash bit errors not described above.
not ok 38 - Strict Avalanche Criteria - 256 bit keys
not ok 39 - Strict Avalanche Criteria # Lua53
### Keyset 'Cyclic' Tests ###
# Keyset 'Cyclic' - 8 cycles of 4 bytes - 10000000 keys
# Testing collisions   - Expected 11641.53, actual  9934470 (853.36x) - failed
not ok 40 - Collision Rate for Keyset 'Cyclic' - 8 cycles of 4 bytes - 10000000 keys
# worst bias is the  20-bit window at bit  11 - 1328.166% (416)
not ok 41 - Distribution Bias Check for Keyset 'Cyclic' - 8 cycles of 4 bytes - 10000000 keys
# Keyset 'Cyclic' - 8 cycles of 5 bytes - 10000000 keys
# Testing collisions   - Expected 11641.53, actual    11838 ( 1.02x) - passed
ok 42 - Collision Rate for Keyset 'Cyclic' - 8 cycles of 5 bytes - 10000000 keys
ok 43 - Distribution Bias Check for Keyset 'Cyclic' - 8 cycles of 5 bytes - 10000000 keys
# Keyset 'Cyclic' - 8 cycles of 6 bytes - 10000000 keys
# Testing collisions   - Expected 11641.53, actual  2474071 (212.52x) - failed
not ok 44 - Collision Rate for Keyset 'Cyclic' - 8 cycles of 6 bytes - 10000000 keys
# worst bias is the  20-bit window at bit  12 - 5.478% (416)
not ok 45 - Distribution Bias Check for Keyset 'Cyclic' - 8 cycles of 6 bytes - 10000000 keys
# Keyset 'Cyclic' - 8 cycles of 7 bytes - 10000000 keys
# Testing collisions   - Expected 11641.53, actual    11558 ( 0.99x) - passed
ok 46 - Collision Rate for Keyset 'Cyclic' - 8 cycles of 7 bytes - 10000000 keys
ok 47 - Distribution Bias Check for Keyset 'Cyclic' - 8 cycles of 7 bytes - 10000000 keys
# Keyset 'Cyclic' - 8 cycles of 8 bytes - 10000000 keys
# Testing collisions   - Expected 11641.53, actual    11576 ( 0.99x) - passed
ok 48 - Collision Rate for Keyset 'Cyclic' - 8 cycles of 8 bytes - 10000000 keys
ok 49 - Distribution Bias Check for Keyset 'Cyclic' - 8 cycles of 8 bytes - 10000000 keys
not ok 50 - Keyset 'Cyclic' # Lua53
### Keyset 'TwoBytes' Tests ###
# Testing collisions   - Expected    49.57, actual   359077 - Excessive keys in collision - failed
not ok 51 - Collision Rate for Keyset 'TwoBytes' - up-to-4-byte keys, 652545 total keys
# worst bias is the  15-bit window at bit  17 - 308010.634% (288)
not ok 52 - Distribution Bias Check for Keyset 'TwoBytes' - up-to-4-byte keys, 652545 total keys
# Testing collisions   - Expected  3484.56, actual  1792910 (514.53x) - failed
not ok 53 - Collision Rate for Keyset 'TwoBytes' - up-to-8-byte keys, 5471025 total keys
# worst bias is the  20-bit window at bit  12 - 34553.944% (416)
not ok 54 - Distribution Bias Check for Keyset 'TwoBytes' - up-to-8-byte keys, 5471025 total keys
# Testing collisions   - Expected 40347.77, actual  4457966 (110.49x) - failed
not ok 55 - Collision Rate for Keyset 'TwoBytes' - up-to-12-byte keys, 18616785 total keys
# worst bias is the  20-bit window at bit  12 - 5911.024% (416)
not ok 56 - Distribution Bias Check for Keyset 'TwoBytes' - up-to-12-byte keys, 18616785 total keys
# Testing collisions   - Expected 227963.15, actual  8747494 (38.37x) - failed
not ok 57 - Collision Rate for Keyset 'TwoBytes' - up-to-16-byte keys, 44251425 total keys
# worst bias is the  20-bit window at bit  12 - 1622.699% (416)
not ok 58 - Distribution Bias Check for Keyset 'TwoBytes' - up-to-16-byte keys, 44251425 total keys
# Testing collisions   - Expected 871784.70, actual 15572601 (17.86x) - failed
not ok 59 - Collision Rate for Keyset 'TwoBytes' - up-to-20-byte keys, 86536545 total keys
# worst bias is the  20-bit window at bit  12 - 566.096% (416)
not ok 60 - Distribution Bias Check for Keyset 'TwoBytes' - up-to-20-byte keys, 86536545 total keys
not ok 61 - Keyset 'TwoBytes' # Lua53
### Keyset 'Sparse' Tests ###
# Keyset 'Sparse' - 32-bit keys with up to 6 bits set - 1149017 keys
# Testing collisions   - Expected   153.70, actual      167 ( 1.09x) - passed
ok 62 - Collision Rate for Keyset 'Sparse' - 32-bit keys with up to 6 bits set
# worst bias is the  17-bit window at bit  15 - 2.980% (320)
not ok 63 - Distribution Bias Check for Keyset 'Sparse' - 32-bit keys with up to 6 bits set
# Keyset 'Sparse' - 40-bit keys with up to 6 bits set - 4598479 keys
# Testing collisions   - Expected  2461.72, actual     2681 ( 1.09x) - passed
ok 64 - Collision Rate for Keyset 'Sparse' - 40-bit keys with up to 6 bits set
ok 65 - Distribution Bias Check for Keyset 'Sparse' - 40-bit keys with up to 6 bits set
# Keyset 'Sparse' - 48-bit keys with up to 5 bits set - 1925357 keys
# Testing collisions   - Expected   431.55, actual      588 ( 1.36x) - passed
ok 66 - Collision Rate for Keyset 'Sparse' - 48-bit keys with up to 5 bits set
ok 67 - Distribution Bias Check for Keyset 'Sparse' - 48-bit keys with up to 5 bits set
# Keyset 'Sparse' - 56-bit keys with up to 5 bits set - 4216423 keys
# Testing collisions   - Expected  2069.66, actual     2744 ( 1.33x) - passed
ok 68 - Collision Rate for Keyset 'Sparse' - 56-bit keys with up to 5 bits set
ok 69 - Distribution Bias Check for Keyset 'Sparse' - 56-bit keys with up to 5 bits set
# Keyset 'Sparse' - 64-bit keys with up to 5 bits set - 8303633 keys
# Testing collisions   - Expected  8026.87, actual    10690 ( 1.33x) - passed
ok 70 - Collision Rate for Keyset 'Sparse' - 64-bit keys with up to 5 bits set
ok 71 - Distribution Bias Check for Keyset 'Sparse' - 64-bit keys with up to 5 bits set
# Keyset 'Sparse' - 96-bit keys with up to 4 bits set - 3469497 keys
# Testing collisions   - Expected  1401.34, actual     2754 ( 1.97x) - passed
ok 72 - Collision Rate for Keyset 'Sparse' - 96-bit keys with up to 4 bits set
ok 73 - Distribution Bias Check for Keyset 'Sparse' - 96-bit keys with up to 4 bits set
# Keyset 'Sparse' - 256-bit keys with up to 3 bits set - 2796417 keys
# Testing collisions   - Expected   910.36, actual  1303425 - Excessive keys in collision - failed
not ok 74 - Collision Rate for Keyset 'Sparse' - 256-bit keys with up to 3 bits set
# worst bias is the  19-bit window at bit  13 - 408.805% (384)
not ok 75 - Distribution Bias Check for Keyset 'Sparse' - 256-bit keys with up to 3 bits set
# Keyset 'Sparse' - 2048-bit keys with up to 2 bits set - 2098177 keys
# Testing collisions   - Expected   512.50, actual  1856029 - Excessive keys in collision - failed
not ok 76 - Collision Rate for Keyset 'Sparse' - 2048-bit keys with up to 2 bits set
# worst bias is the  18-bit window at bit  31 - 10815.336% (352)
not ok 77 - Distribution Bias Check for Keyset 'Sparse' - 2048-bit keys with up to 2 bits set
not ok 78 - Keyset 'Sparse' # Lua53
# Keyset 'CRC-MultiCollision' - 1048575 x 16 block keys - 128-bytes long - 10 seeds
# Testing collisions   - Expected   128.00, actual      161 ( 1.26x) - passed
ok 79 - Collision Rate for Keyset 'CRC-MultiCollision' - seed 1 # Lua53
# Testing collisions   - Expected   128.00, actual      172 ( 1.34x) - passed
ok 80 - Collision Rate for Keyset 'CRC-MultiCollision' - seed 2 # Lua53
# Testing collisions   - Expected   128.00, actual      177 ( 1.38x) - passed
ok 81 - Collision Rate for Keyset 'CRC-MultiCollision' - seed 3 # Lua53
# Testing collisions   - Expected   128.00, actual      155 ( 1.21x) - passed
ok 82 - Collision Rate for Keyset 'CRC-MultiCollision' - seed 4 # Lua53
# Testing collisions   - Expected   128.00, actual      187 ( 1.46x) - passed
ok 83 - Collision Rate for Keyset 'CRC-MultiCollision' - seed 5 # Lua53
# Testing collisions   - Expected   128.00, actual      174 ( 1.36x) - passed
ok 84 - Collision Rate for Keyset 'CRC-MultiCollision' - seed 6 # Lua53
# Testing collisions   - Expected   128.00, actual      172 ( 1.34x) - passed
ok 85 - Collision Rate for Keyset 'CRC-MultiCollision' - seed 7 # Lua53
# Testing collisions   - Expected   128.00, actual      164 ( 1.28x) - passed
ok 86 - Collision Rate for Keyset 'CRC-MultiCollision' - seed 8 # Lua53
# Testing collisions   - Expected   128.00, actual      142 ( 1.11x) - passed
ok 87 - Collision Rate for Keyset 'CRC-MultiCollision' - seed 9 # Lua53
# Testing collisions   - Expected   128.00, actual      185 ( 1.45x) - passed
ok 88 - Collision Rate for Keyset 'CRC-MultiCollision' - seed 10 # Lua53
### Keyset 'Combination Lowbits' Tests ###
# Keyset 'Combination' - up to 8 blocks from a set of 8 - 19173960 keys
# Testing collisions   - Expected 42799.01, actual 16780137 (392.07x) - failed
not ok 89 - Collision Rate for Keyset 'Combination Lowbits'
# worst bias is the  20-bit window at bit   2 - 72366475.834% (416)
not ok 90 - Distribution Bias Check for Keyset 'Combination Lowbits'
not ok 91 - Keyset 'Combination Lowbits' # Lua53
### Keyset 'Combination Highbits' Tests ###
# Keyset 'Combination' - up to 8 blocks from a set of 8 - 19173960 keys
# Testing collisions   - Expected 42799.01, actual    84083 ( 1.96x) - passed
ok 92 - Collision Rate for Keyset 'Combination Highbits'
# worst bias is the  20-bit window at bit  15 - 23.681% (416)
not ok 93 - Distribution Bias Check for Keyset 'Combination Highbits'
not ok 94 - Keyset 'Combination Highbits' # Lua53
### Keyset 'Combination Highbits2' Tests ###
# Keyset 'Combination' - up to 8 blocks from a set of 8 - 19173960 keys
# Testing collisions   - Expected 42799.01, actual    83034 ( 1.94x) - passed
ok 95 - Collision Rate for Keyset 'Combination Highbits2'
# worst bias is the  20-bit window at bit  14 - 23.722% (416)
not ok 96 - Distribution Bias Check for Keyset 'Combination Highbits2'
not ok 97 - Keyset 'Combination Highbits2' # Lua53
### Keyset 'Combination 0x80000000' Tests ###
# Keyset 'Combination' - up to 20 blocks from a set of 2 - 2097150 keys
# Testing collisions   - Expected   512.00, actual  2031168 - Excessive keys in collision - failed
not ok 98 - Collision Rate for Keyset 'Combination 0x80000000'
# worst bias is the  18-bit window at bit  19 - 107394.004% (352)
not ok 99 - Distribution Bias Check for Keyset 'Combination 0x80000000'
not ok 100 - Keyset 'Combination 0x80000000' # Lua53
### Keyset 'Combination 0x00000001' Tests ###
# Keyset 'Combination' - up to 20 blocks from a set of 2 - 2097150 keys
# Testing collisions   - Expected   512.00, actual  2096536 - Excessive keys in collision - failed
not ok 101 - Collision Rate for Keyset 'Combination 0x00000001'
# worst bias is the  18-bit window at bit  14 - 121456.820% (352)
not ok 102 - Distribution Bias Check for Keyset 'Combination 0x00000001'
not ok 103 - Keyset 'Combination 0x00000001' # Lua53
### Keyset 'Combination Hi-Lo' Tests ###
# Keyset 'Combination' - up to 6 blocks from a set of 15 - 12204240 keys
# Testing collisions   - Expected 17339.30, actual    40498 ( 2.34x) - failed
not ok 104 - Collision Rate for Keyset 'Combination Hi-Lo'
# worst bias is the  20-bit window at bit  12 - 27.776% (416)
not ok 105 - Distribution Bias Check for Keyset 'Combination Hi-Lo'
not ok 106 - Keyset 'Combination Hi-Lo' # Lua53
### Keyset 'Text' Tests ###
# Keyset 'Text' - keys of form "Foo[XXXX]Bar" - 14776336 keys
# Testing collisions   - Expected 25418.13, actual 13026973 (512.51x) - failed
not ok 107 - Collision Rate for Keyset 'Text' - keys of form "Foo[XXXX]Bar" - 14776336 keys
# worst bias is the  20-bit window at bit  20 - 75.443% (416)
not ok 108 - Distribution Bias Check for Keyset 'Text' - keys of form "Foo[XXXX]Bar" - 14776336 keys
# Keyset 'Text' - keys of form "FooBar[XXXX]" - 14776336 keys
# Testing collisions   - Expected 25418.13, actual 13051835 (513.49x) - failed
not ok 109 - Collision Rate for Keyset 'Text' - keys of form "FooBar[XXXX]" - 14776336 keys
# worst bias is the  20-bit window at bit  19 - 70.392% (416)
not ok 110 - Distribution Bias Check for Keyset 'Text' - keys of form "FooBar[XXXX]" - 14776336 keys
# Keyset 'Text' - keys of form "[XXXX]FooBar" - 14776336 keys
# Testing collisions   - Expected 25418.13, actual 12978429 (510.60x) - failed
not ok 111 - Collision Rate for Keyset 'Text' - keys of form "[XXXX]FooBar" - 14776336 keys
# worst bias is the  20-bit window at bit  12 - 178555.376% (416)
not ok 112 - Distribution Bias Check for Keyset 'Text' - keys of form "[XXXX]FooBar" - 14776336 keys
not ok 113 - Keyset 'Text' # Lua53
### Keyset 'Zeroes' Tests ###
# Keyset 'Zeroes' - 262144 keys
# Testing collisions   - Expected     8.00, actual     1498 (187.25x) - failed
not ok 114 - Collision Rate for Keyset 'Zeroes' - 262144 keys
ok 115 - Distribution Bias Check for Keyset 'Zeroes' - 262144 keys
not ok 116 - Keyset 'Zeroes' # Lua53
### Keyset 'Seed' Tests ###
# Keyset 'Seed' - 2000000 seeds, Key "The quick brown fox "...
# Testing collisions   - Expected   465.46, actual     7162 (15.39x) - failed
not ok 117 - Collision Rate for Keyset 'Seed' - 2000000 seeds, Key "The quick brown fox "...
ok 118 - Distribution Bias Check for Keyset 'Seed' - 2000000 seeds, Key "The quick brown fox "...
# Keyset 'Seed' - 2000000 seeds, Key ""
# Testing collisions   - Expected   465.44, actual        0 ( 0.00x) - passed
ok 119 - Collision Rate for Keyset 'Seed' - 2000000 seeds, Key ""
ok 120 - Distribution Bias Check for Keyset 'Seed' - 2000000 seeds, Key ""
# Keyset 'Seed' - 2000000 seeds, Key "00101100110101101"
# Testing collisions   - Expected   465.46, actual     5584 (12.00x) - failed
not ok 121 - Collision Rate for Keyset 'Seed' - 2000000 seeds, Key "00101100110101101"
ok 122 - Distribution Bias Check for Keyset 'Seed' - 2000000 seeds, Key "00101100110101101"
# Keyset 'Seed' - 2000000 seeds, Key "abcbcddbdebdcaaabaaa"...
# Testing collisions   - Expected   465.45, actual    10321 (22.17x) - failed
not ok 123 - Collision Rate for Keyset 'Seed' - 2000000 seeds, Key "abcbcddbdebdcaaabaaa"...
ok 124 - Distribution Bias Check for Keyset 'Seed' - 2000000 seeds, Key "abcbcddbdebdcaaabaaa"...
not ok 125 - Keyset 'Seed' # Lua53
### Keyset 'Effs' Tests ###
# Keyset 'Effs' - 262144 keys
# Testing collisions   - Expected     8.00, actual      744 (93.00x) - failed
not ok 126 - Collision Rate for Keyset 'Effs' - 262144 keys
ok 127 - Distribution Bias Check for Keyset 'Effs' - 262144 keys
not ok 128 - Keyset 'Effs' # Lua53
not ok 129 - all tests passed # Lua53
1..129
# Tests Failed. Lua53 failed 82 of 129 tests.
# Testing took 1424.561949 seconds
# This is SMHasher version v1.0-demerphq-5-g86440f3 - built on Mar 10 2017.
