ok 1 - Found Hash # md5_32a
###################################################################
### Testing md5_32a - with seed_state
### - MD5, first 32 bits, seeding of md5 start state -
### seedbits: 64 statebits: 256 hashbits: 32
###################################################################
ok 2 - Verification code # md5_32a
# md5_32a              - Verification value 0x4B2DAA7D : Passed.
### Sanity Tests ###
# Sanity check simple key bit flips and consistency..........
ok 3 - SanityTest # md5_32a
# Sanity check null suffixes change the hash (simple)..........
ok 4 - Appended Zeroes Test # md5_32a
ok 5 - Sanity Test # md5_32a
### Speed Tests ###
## Bulk speed test - 262144-byte keys
# Alignment  7 -  0.166 bytes/cycle -  473.69 MiB/sec @ 3 ghz
# Alignment  6 -  0.166 bytes/cycle -  474.41 MiB/sec @ 3 ghz
# Alignment  5 -  0.166 bytes/cycle -  474.56 MiB/sec @ 3 ghz
# Alignment  4 -  0.166 bytes/cycle -  474.76 MiB/sec @ 3 ghz
# Alignment  3 -  0.166 bytes/cycle -  474.75 MiB/sec @ 3 ghz
# Alignment  2 -  0.166 bytes/cycle -  474.92 MiB/sec @ 3 ghz
# Alignment  1 -  0.166 bytes/cycle -  474.69 MiB/sec @ 3 ghz
# Alignment  0 -  0.166 bytes/cycle -  474.11 MiB/sec @ 3 ghz
# Average      -  0.166 bytes/cycle -  474.48 MiB/sec @ 3 ghz
## KeySpeed tests
# md5_32a                   0 byte keys      454.506 c/h
# md5_32a                   1 byte keys      461.043 c/h      461.043 c/b        0.002 b/c
# md5_32a                   2 byte keys      462.134 c/h      231.067 c/b        0.004 b/c
# md5_32a                   3 byte keys      462.180 c/h      154.060 c/b        0.006 b/c
# md5_32a                   4 byte keys      461.362 c/h      115.341 c/b        0.009 b/c
# md5_32a                   5 byte keys      461.410 c/h       92.282 c/b        0.011 b/c
# md5_32a                   6 byte keys      461.655 c/h       76.943 c/b        0.013 b/c
# md5_32a                   7 byte keys      461.659 c/h       65.951 c/b        0.015 b/c
# md5_32a                   8 byte keys      461.635 c/h       57.704 c/b        0.017 b/c
# md5_32a                   9 byte keys      461.694 c/h       51.299 c/b        0.019 b/c
# md5_32a                  10 byte keys      461.677 c/h       46.168 c/b        0.022 b/c
# md5_32a                  11 byte keys      461.654 c/h       41.969 c/b        0.024 b/c
# md5_32a                  12 byte keys      461.448 c/h       38.454 c/b        0.026 b/c
# md5_32a                  13 byte keys      460.992 c/h       35.461 c/b        0.028 b/c
# md5_32a                  14 byte keys      460.987 c/h       32.928 c/b        0.030 b/c
# md5_32a                  15 byte keys      460.940 c/h       30.729 c/b        0.033 b/c
# md5_32a                  16 byte keys      459.675 c/h       28.730 c/b        0.035 b/c
# md5_32a                  17 byte keys      460.554 c/h       27.091 c/b        0.037 b/c
# md5_32a                  18 byte keys      460.563 c/h       25.587 c/b        0.039 b/c
# md5_32a                  19 byte keys      460.586 c/h       24.241 c/b        0.041 b/c
# md5_32a                  20 byte keys      460.654 c/h       23.033 c/b        0.043 b/c
# md5_32a                  21 byte keys      460.647 c/h       21.936 c/b        0.046 b/c
# md5_32a                  22 byte keys      460.674 c/h       20.940 c/b        0.048 b/c
# md5_32a                  23 byte keys      460.679 c/h       20.030 c/b        0.050 b/c
# md5_32a                  24 byte keys      458.685 c/h       19.112 c/b        0.052 b/c
# md5_32a                  25 byte keys      458.774 c/h       18.351 c/b        0.054 b/c
# md5_32a                  26 byte keys      458.776 c/h       17.645 c/b        0.057 b/c
# md5_32a                  27 byte keys      458.790 c/h       16.992 c/b        0.059 b/c
# md5_32a                  28 byte keys      458.785 c/h       16.385 c/b        0.061 b/c
# md5_32a                  29 byte keys      458.775 c/h       15.820 c/b        0.063 b/c
# md5_32a                  30 byte keys      458.786 c/h       15.293 c/b        0.065 b/c
# md5_32a                  31 byte keys      458.777 c/h       14.799 c/b        0.068 b/c
#                          Average < 32      460.349 c/h       29.700 c/b        0.034 b/c
# md5_32a                  32 byte keys      458.776 c/h       14.337 c/b        0.070 b/c
# md5_32a                  36 byte keys      460.704 c/h       12.797 c/b        0.078 b/c
# md5_32a                  40 byte keys      460.587 c/h       11.515 c/b        0.087 b/c
# md5_32a                  44 byte keys      460.595 c/h       10.468 c/b        0.096 b/c
# md5_32a                  48 byte keys      460.529 c/h        9.594 c/b        0.104 b/c
# md5_32a                  52 byte keys      460.167 c/h        8.849 c/b        0.113 b/c
# md5_32a                  56 byte keys      852.500 c/h       15.223 c/b        0.066 b/c
# md5_32a                  60 byte keys      852.399 c/h       14.207 c/b        0.070 b/c
# md5_32a                  64 byte keys      845.883 c/h       13.217 c/b        0.076 b/c
# md5_32a                  68 byte keys      850.374 c/h       12.506 c/b        0.080 b/c
# md5_32a                  72 byte keys      850.168 c/h       11.808 c/b        0.085 b/c
# md5_32a                  76 byte keys      849.959 c/h       11.184 c/b        0.089 b/c
# md5_32a                  80 byte keys      848.990 c/h       10.612 c/b        0.094 b/c
# md5_32a                  84 byte keys      849.043 c/h       10.108 c/b        0.099 b/c
# md5_32a                  88 byte keys      847.315 c/h        9.629 c/b        0.104 b/c
# md5_32a                  92 byte keys      847.317 c/h        9.210 c/b        0.109 b/c
# md5_32a                  96 byte keys      847.347 c/h        8.827 c/b        0.113 b/c
# md5_32a                 100 byte keys      849.110 c/h        8.491 c/b        0.118 b/c
# md5_32a                 104 byte keys      848.805 c/h        8.162 c/b        0.123 b/c
# md5_32a                 108 byte keys      848.833 c/h        7.860 c/b        0.127 b/c
# md5_32a                 112 byte keys      848.865 c/h        7.579 c/b        0.132 b/c
# md5_32a                 116 byte keys      848.808 c/h        7.317 c/b        0.137 b/c
# md5_32a                 120 byte keys     1243.327 c/h       10.361 c/b        0.097 b/c
# md5_32a                 124 byte keys     1243.305 c/h       10.027 c/b        0.100 b/c
#                         Average < 128      599.373 c/h       14.174 c/b        0.071 b/c
# md5_32a                 128 byte keys     1231.833 c/h        9.624 c/b        0.104 b/c
# md5_32a                 256 byte keys     2038.078 c/h        7.961 c/b        0.126 b/c
# md5_32a                 512 byte keys     3582.497 c/h        6.997 c/b        0.143 b/c
# md5_32a                1024 byte keys     6794.889 c/h        6.636 c/b        0.151 b/c
# md5_32a                2048 byte keys    12891.904 c/h        6.295 c/b        0.159 b/c
# md5_32a                4096 byte keys    25245.538 c/h        6.163 c/b        0.162 b/c
# md5_32a                8192 byte keys    50033.557 c/h        6.108 c/b        0.164 b/c
# md5_32a               16384 byte keys    99543.806 c/h        6.076 c/b        0.165 b/c
# md5_32a               32768 byte keys   198862.203 c/h        6.069 c/b        0.165 b/c
# md5_32a               65536 byte keys   396856.775 c/h        6.056 c/b        0.165 b/c
#                       Overall Average    12585.545 c/h        6.231 c/b        0.160 b/c
ok 6 - Speed (always passes) # md5_32a
### Differential Tests ###
# Testing 8303632 up-to-5-bit differentials in 64-bit keys -> 32 bit hashes.
# 1000 reps, 8303632000 total tests, expecting 1.93 random collisions..........
ok 7 - Differential collisions # md5_32a
ok 8 - Nothing skipped during differential collision check # md5_32a
# 3 total collisions, of which 3 single collisions were ignored
ok 9 - ProcessDifferentials
# Testing 11017632 up-to-4-bit differentials in 128-bit keys -> 32 bit hashes.
# 1000 reps, 11017632000 total tests, expecting 2.57 random collisions..........
ok 10 - Differential collisions # md5_32a
ok 11 - Nothing skipped during differential collision check # md5_32a
# 0 total collisions, of which 0 single collisions were ignored
ok 12 - ProcessDifferentials
# Testing 2796416 up-to-3-bit differentials in 256-bit keys -> 32 bit hashes.
# 1000 reps, 2796416000 total tests, expecting 0.65 random collisions..........
ok 13 - Differential collisions # md5_32a
ok 14 - Nothing skipped during differential collision check # md5_32a
# 4 total collisions, of which 4 single collisions were ignored
ok 15 - ProcessDifferentials
ok 16 - Differential # md5_32a
### Avalanche Tests ### - seed-bits: 64 hash-bits: 32
# Samples 1000000, expected error 0.00025600, confidence level 99.99994267%
# Testing   0-bit keys.......... not ok! # worst-bit:   0.316% error-ratio: 9.567511e-01
#              +---------------------------------------------------+
#              |012345678901234567890123456789012345678901234567890|
#              +---------------------------------------------------+
# Scale:       |.1234567890abcdefghijklmnopqrstuvwxyzãäåêëîïðñôõöûü|
#              |üÿABCDEFGHIJKLMNOPQRSTUVWXYZÂÃÄÅÊËÑÔÕÖÛÜÝø¤*©®¶&%@#|
#              +---------------------------------------------------+
#              |pct diff from 50%: abs((0.5-(changed/reps))*2) *100|
#              +--------------------------------+
#              |0         1         2         3 |
#              |01234567890123456789012345678901|
#              +--------------------------------+
# seed     0.0 |................................| x 64
#              +--------------------------------+
#              +---------------------------------------------------+
#              |012345678901234567890123456789012345678901234567890|
#              +---------------------------------------------------+
# Scale:       |.1234567890abcdefghijklmnopqrstuvwxyzãäåêëîïðñôõöûü|
#              |üÿABCDEFGHIJKLMNOPQRSTUVWXYZÂÃÄÅÊËÑÔÕÖÛÜÝø¤*©®¶&%@#|
#              +---------------------------------------------------+
#              |scaled p-value above confidence level (zero is ok) |
#              +--------------------------------+
#              |0         1         2         3 |
#              |01234567890123456789012345678901|
#              +--------------------------------+
# seed     0.0 |................................| x 64
#              +--------------------------------+
# 0 of 2048 bits failed (0.00%) failed at 99.999943 confidence
#     g-test: 0.000000%
#     sum-error-square: 0.00024493
#     hash bit-level errors: 7/32
#     - hash bit 4 gtest-prob not-random: 100.0000 (32020898/31979102)
#     - hash bit 10 gtest-prob not-random: 100.0000 (31979486/32020514)
#     - hash bit 11 gtest-prob not-random: 100.0000 (31975287/32024713)
#     - with 4 more hash bit errors not described above.
not ok 17 - Strict Avalanche Criteria - 0 bit keys
# Testing   8-bit keys.......... not ok! # worst-bit:   0.366% error-ratio: 1.065712e+00
#              +---------------------------------------------------+
#              |012345678901234567890123456789012345678901234567890|
#              +---------------------------------------------------+
# Scale:       |.1234567890abcdefghijklmnopqrstuvwxyzãäåêëîïðñôõöûü|
#              |üÿABCDEFGHIJKLMNOPQRSTUVWXYZÂÃÄÅÊËÑÔÕÖÛÜÝø¤*©®¶&%@#|
#              +---------------------------------------------------+
#              |pct diff from 50%: abs((0.5-(changed/reps))*2) *100|
#              +--------------------------------+
#              |0         1         2         3 |
#              |01234567890123456789012345678901|
#              +--------------------------------+
# seed     0.0 |................................| x 64
# key      0.0 |................................| x 8
#              +--------------------------------+
#              +---------------------------------------------------+
#              |012345678901234567890123456789012345678901234567890|
#              +---------------------------------------------------+
# Scale:       |.1234567890abcdefghijklmnopqrstuvwxyzãäåêëîïðñôõöûü|
#              |üÿABCDEFGHIJKLMNOPQRSTUVWXYZÂÃÄÅÊËÑÔÕÖÛÜÝø¤*©®¶&%@#|
#              +---------------------------------------------------+
#              |scaled p-value above confidence level (zero is ok) |
#              +--------------------------------+
#              |0         1         2         3 |
#              |01234567890123456789012345678901|
#              +--------------------------------+
# seed     0.0 |................................| x 64
# key      0.0 |................................| x 8
#              +--------------------------------+
# 0 of 2304 bits failed (0.00%) failed at 99.999943 confidence
#     g-test: 0.000000%
#     sum-error-square: 0.00027282
#     hash bit-level errors: 8/32
#     - hash bit 5 gtest-prob not-random: 100.0000 (36031636/35968364)
#     - hash bit 7 gtest-prob not-random: 100.0000 (35959718/36040282)
#     - hash bit 9 gtest-prob not-random: 100.0000 (36022205/35977795)
#     - with 5 more hash bit errors not described above.
not ok 18 - Strict Avalanche Criteria - 8 bit keys
# Testing  16-bit keys.......... ok.     # worst-bit:   0.316% error-ratio: 7.877665e-01
ok 19 - Strict Avalanche Criteria - 16 bit keys
# Testing  24-bit keys.......... not ok! # worst-bit:   0.373% error-ratio: 1.100151e+00
#              +---------------------------------------------------+
#              |012345678901234567890123456789012345678901234567890|
#              +---------------------------------------------------+
# Scale:       |.1234567890abcdefghijklmnopqrstuvwxyzãäåêëîïðñôõöûü|
#              |üÿABCDEFGHIJKLMNOPQRSTUVWXYZÂÃÄÅÊËÑÔÕÖÛÜÝø¤*©®¶&%@#|
#              +---------------------------------------------------+
#              |pct diff from 50%: abs((0.5-(changed/reps))*2) *100|
#              +--------------------------------+
#              |0         1         2         3 |
#              |01234567890123456789012345678901|
#              +--------------------------------+
# seed     0.0 |................................| x 64
# key      0.0 |................................| x 24
#              +--------------------------------+
#              +---------------------------------------------------+
#              |012345678901234567890123456789012345678901234567890|
#              +---------------------------------------------------+
# Scale:       |.1234567890abcdefghijklmnopqrstuvwxyzãäåêëîïðñôõöûü|
#              |üÿABCDEFGHIJKLMNOPQRSTUVWXYZÂÃÄÅÊËÑÔÕÖÛÜÝø¤*©®¶&%@#|
#              +---------------------------------------------------+
#              |scaled p-value above confidence level (zero is ok) |
#              +--------------------------------+
#              |0         1         2         3 |
#              |01234567890123456789012345678901|
#              +--------------------------------+
# seed     0.0 |................................| x 64
# key      0.0 |................................| x 24
#              +--------------------------------+
# 0 of 2816 bits failed (0.00%) failed at 99.999943 confidence
#     g-test: 0.000000%
#     sum-error-square: 0.00028164
#     hash bit-level errors: 5/32
#     - hash bit 13 gtest-prob not-random: 99.9999 (44023530/43976470)
#     - hash bit 15 gtest-prob not-random: 100.0000 (44032959/43967041)
#     - hash bit 22 gtest-prob not-random: 100.0000 (44029775/43970225)
#     - with 2 more hash bit errors not described above.
not ok 20 - Strict Avalanche Criteria - 24 bit keys
# Testing  32-bit keys.......... not ok! # worst-bit:   0.413% error-ratio: 1.029947e+00
#              +---------------------------------------------------+
#              |012345678901234567890123456789012345678901234567890|
#              +---------------------------------------------------+
# Scale:       |.1234567890abcdefghijklmnopqrstuvwxyzãäåêëîïðñôõöûü|
#              |üÿABCDEFGHIJKLMNOPQRSTUVWXYZÂÃÄÅÊËÑÔÕÖÛÜÝø¤*©®¶&%@#|
#              +---------------------------------------------------+
#              |pct diff from 50%: abs((0.5-(changed/reps))*2) *100|
#              +--------------------------------+
#              |0         1         2         3 |
#              |01234567890123456789012345678901|
#              +--------------------------------+
# seed     0.0 |................................| x 64
# key      0.0 |................................| x 32
#              +--------------------------------+
#              +---------------------------------------------------+
#              |012345678901234567890123456789012345678901234567890|
#              +---------------------------------------------------+
# Scale:       |.1234567890abcdefghijklmnopqrstuvwxyzãäåêëîïðñôõöûü|
#              |üÿABCDEFGHIJKLMNOPQRSTUVWXYZÂÃÄÅÊËÑÔÕÖÛÜÝø¤*©®¶&%@#|
#              +---------------------------------------------------+
#              |scaled p-value above confidence level (zero is ok) |
#              +--------------------------------+
#              |0         1         2         3 |
#              |01234567890123456789012345678901|
#              +--------------------------------+
# seed     0.0 |................................| x 64
# key      0.0 |................................| x 32
#              +--------------------------------+
# 0 of 3072 bits failed (0.00%) failed at 99.999943 confidence
#     g-test: 0.000000%
#     sum-error-square: 0.00026367
#     hash bit-level errors: 4/32
#     - hash bit 3 gtest-prob not-random: 100.0000 (47949457/48050543)
#     - hash bit 13 gtest-prob not-random: 100.0000 (48027667/47972333)
#     - hash bit 14 gtest-prob not-random: 100.0000 (48030072/47969928)
#     - with 1 more hash bit errors not described above.
not ok 21 - Strict Avalanche Criteria - 32 bit keys
# Testing  40-bit keys.......... not ok! # worst-bit:   0.407% error-ratio: 9.452137e-01
#              +---------------------------------------------------+
#              |012345678901234567890123456789012345678901234567890|
#              +---------------------------------------------------+
# Scale:       |.1234567890abcdefghijklmnopqrstuvwxyzãäåêëîïðñôõöûü|
#              |üÿABCDEFGHIJKLMNOPQRSTUVWXYZÂÃÄÅÊËÑÔÕÖÛÜÝø¤*©®¶&%@#|
#              +---------------------------------------------------+
#              |pct diff from 50%: abs((0.5-(changed/reps))*2) *100|
#              +--------------------------------+
#              |0         1         2         3 |
#              |01234567890123456789012345678901|
#              +--------------------------------+
# seed     0.0 |................................| x 64
# key      0.0 |................................| x 40
#              +--------------------------------+
#              +---------------------------------------------------+
#              |012345678901234567890123456789012345678901234567890|
#              +---------------------------------------------------+
# Scale:       |.1234567890abcdefghijklmnopqrstuvwxyzãäåêëîïðñôõöûü|
#              |üÿABCDEFGHIJKLMNOPQRSTUVWXYZÂÃÄÅÊËÑÔÕÖÛÜÝø¤*©®¶&%@#|
#              +---------------------------------------------------+
#              |scaled p-value above confidence level (zero is ok) |
#              +--------------------------------+
#              |0         1         2         3 |
#              |01234567890123456789012345678901|
#              +--------------------------------+
# seed     0.0 |................................| x 64
# key      0.0 |................................| x 40
#              +--------------------------------+
# 0 of 3328 bits failed (0.00%) failed at 99.999943 confidence
#     g-test: 0.000000%
#     sum-error-square: 0.00024197
#     hash bit-level errors: 2/32
#     - hash bit 18 gtest-prob not-random: 100.0000 (52031807/51968193)
#     - hash bit 31 gtest-prob not-random: 100.0000 (51957409/52042591)
not ok 22 - Strict Avalanche Criteria - 40 bit keys
# Testing  48-bit keys.......... not ok! # worst-bit:   0.384% error-ratio: 1.059762e+00
#              +---------------------------------------------------+
#              |012345678901234567890123456789012345678901234567890|
#              +---------------------------------------------------+
# Scale:       |.1234567890abcdefghijklmnopqrstuvwxyzãäåêëîïðñôõöûü|
#              |üÿABCDEFGHIJKLMNOPQRSTUVWXYZÂÃÄÅÊËÑÔÕÖÛÜÝø¤*©®¶&%@#|
#              +---------------------------------------------------+
#              |pct diff from 50%: abs((0.5-(changed/reps))*2) *100|
#              +--------------------------------+
#              |0         1         2         3 |
#              |01234567890123456789012345678901|
#              +--------------------------------+
# seed     0.0 |................................| x 64
# key      0.0 |................................| x 48
#              +--------------------------------+
#              +---------------------------------------------------+
#              |012345678901234567890123456789012345678901234567890|
#              +---------------------------------------------------+
# Scale:       |.1234567890abcdefghijklmnopqrstuvwxyzãäåêëîïðñôõöûü|
#              |üÿABCDEFGHIJKLMNOPQRSTUVWXYZÂÃÄÅÊËÑÔÕÖÛÜÝø¤*©®¶&%@#|
#              +---------------------------------------------------+
#              |scaled p-value above confidence level (zero is ok) |
#              +--------------------------------+
#              |0         1         2         3 |
#              |01234567890123456789012345678901|
#              +--------------------------------+
# seed     0.0 |................................| x 64
# key      0.0 |................................| x 48
#              +--------------------------------+
# 0 of 3584 bits failed (0.00%) failed at 99.999943 confidence
#     g-test: 0.000000%
#     sum-error-square: 0.00027130
#     hash bit-level errors: 4/32
#     - hash bit 5 gtest-prob not-random: 100.0000 (55958040/56041960)
#     - hash bit 7 gtest-prob not-random: 100.0000 (56027588/55972412)
#     - hash bit 23 gtest-prob not-random: 100.0000 (55972960/56027040)
#     - with 1 more hash bit errors not described above.
not ok 23 - Strict Avalanche Criteria - 48 bit keys
# Testing  56-bit keys.......... not ok! # worst-bit:   0.372% error-ratio: 9.000394e-01
#              +---------------------------------------------------+
#              |012345678901234567890123456789012345678901234567890|
#              +---------------------------------------------------+
# Scale:       |.1234567890abcdefghijklmnopqrstuvwxyzãäåêëîïðñôõöûü|
#              |üÿABCDEFGHIJKLMNOPQRSTUVWXYZÂÃÄÅÊËÑÔÕÖÛÜÝø¤*©®¶&%@#|
#              +---------------------------------------------------+
#              |pct diff from 50%: abs((0.5-(changed/reps))*2) *100|
#              +--------------------------------+
#              |0         1         2         3 |
#              |01234567890123456789012345678901|
#              +--------------------------------+
# seed     0.0 |................................| x 64
# key      0.0 |................................| x 56
#              +--------------------------------+
#              +---------------------------------------------------+
#              |012345678901234567890123456789012345678901234567890|
#              +---------------------------------------------------+
# Scale:       |.1234567890abcdefghijklmnopqrstuvwxyzãäåêëîïðñôõöûü|
#              |üÿABCDEFGHIJKLMNOPQRSTUVWXYZÂÃÄÅÊËÑÔÕÖÛÜÝø¤*©®¶&%@#|
#              +---------------------------------------------------+
#              |scaled p-value above confidence level (zero is ok) |
#              +--------------------------------+
#              |0         1         2         3 |
#              |01234567890123456789012345678901|
#              +--------------------------------+
# seed     0.0 |................................| x 64
# key      0.0 |................................| x 56
#              +--------------------------------+
# 0 of 3840 bits failed (0.00%) failed at 99.999943 confidence
#     g-test: 0.000000%
#     sum-error-square: 0.00023041
#     hash bit-level errors: 1/32
#     - hash bit 27 gtest-prob not-random: 100.0000 (60029148/59970852)
not ok 24 - Strict Avalanche Criteria - 56 bit keys
# Testing  64-bit keys.......... not ok! # worst-bit:   0.331% error-ratio: 9.472309e-01
#              +---------------------------------------------------+
#              |012345678901234567890123456789012345678901234567890|
#              +---------------------------------------------------+
# Scale:       |.1234567890abcdefghijklmnopqrstuvwxyzãäåêëîïðñôõöûü|
#              |üÿABCDEFGHIJKLMNOPQRSTUVWXYZÂÃÄÅÊËÑÔÕÖÛÜÝø¤*©®¶&%@#|
#              +---------------------------------------------------+
#              |pct diff from 50%: abs((0.5-(changed/reps))*2) *100|
#              +--------------------------------+
#              |0         1         2         3 |
#              |01234567890123456789012345678901|
#              +--------------------------------+
# seed     0.0 |................................| x 64
# key      0.0 |................................| x 64
#              +--------------------------------+
#              +---------------------------------------------------+
#              |012345678901234567890123456789012345678901234567890|
#              +---------------------------------------------------+
# Scale:       |.1234567890abcdefghijklmnopqrstuvwxyzãäåêëîïðñôõöûü|
#              |üÿABCDEFGHIJKLMNOPQRSTUVWXYZÂÃÄÅÊËÑÔÕÖÛÜÝø¤*©®¶&%@#|
#              +---------------------------------------------------+
#              |scaled p-value above confidence level (zero is ok) |
#              +--------------------------------+
#              |0         1         2         3 |
#              |01234567890123456789012345678901|
#              +--------------------------------+
# seed     0.0 |................................| x 64
# key      0.0 |................................| x 64
#              +--------------------------------+
# 0 of 4096 bits failed (0.00%) failed at 99.999943 confidence
#     g-test: 0.000000%
#     sum-error-square: 0.00024249
#     hash bit-level errors: 3/32
#     - hash bit 14 gtest-prob not-random: 100.0000 (63963427/64036573)
#     - hash bit 20 gtest-prob not-random: 100.0000 (63968417/64031583)
#     - hash bit 25 gtest-prob not-random: 100.0000 (64039380/63960620)
not ok 25 - Strict Avalanche Criteria - 64 bit keys
# Testing  72-bit keys.......... not ok! # worst-bit:   0.361% error-ratio: 9.338640e-01
#              +---------------------------------------------------+
#              |012345678901234567890123456789012345678901234567890|
#              +---------------------------------------------------+
# Scale:       |.1234567890abcdefghijklmnopqrstuvwxyzãäåêëîïðñôõöûü|
#              |üÿABCDEFGHIJKLMNOPQRSTUVWXYZÂÃÄÅÊËÑÔÕÖÛÜÝø¤*©®¶&%@#|
#              +---------------------------------------------------+
#              |pct diff from 50%: abs((0.5-(changed/reps))*2) *100|
#              +--------------------------------+
#              |0         1         2         3 |
#              |01234567890123456789012345678901|
#              +--------------------------------+
# seed     0.0 |................................| x 64
# key      0.0 |................................| x 72
#              +--------------------------------+
#              +---------------------------------------------------+
#              |012345678901234567890123456789012345678901234567890|
#              +---------------------------------------------------+
# Scale:       |.1234567890abcdefghijklmnopqrstuvwxyzãäåêëîïðñôõöûü|
#              |üÿABCDEFGHIJKLMNOPQRSTUVWXYZÂÃÄÅÊËÑÔÕÖÛÜÝø¤*©®¶&%@#|
#              +---------------------------------------------------+
#              |scaled p-value above confidence level (zero is ok) |
#              +--------------------------------+
#              |0         1         2         3 |
#              |01234567890123456789012345678901|
#              +--------------------------------+
# seed     0.0 |................................| x 64
# key      0.0 |................................| x 72
#              +--------------------------------+
# 0 of 4352 bits failed (0.00%) failed at 99.999943 confidence
#     g-test: 0.000000%
#     sum-error-square: 0.00023907
#     hash bit-level errors: 2/32
#     - hash bit 9 gtest-prob not-random: 100.0000 (67968145/68031855)
#     - hash bit 14 gtest-prob not-random: 100.0000 (68029375/67970625)
not ok 26 - Strict Avalanche Criteria - 72 bit keys
# Testing  80-bit keys.......... not ok! # worst-bit:   0.385% error-ratio: 1.011972e+00
#              +---------------------------------------------------+
#              |012345678901234567890123456789012345678901234567890|
#              +---------------------------------------------------+
# Scale:       |.1234567890abcdefghijklmnopqrstuvwxyzãäåêëîïðñôõöûü|
#              |üÿABCDEFGHIJKLMNOPQRSTUVWXYZÂÃÄÅÊËÑÔÕÖÛÜÝø¤*©®¶&%@#|
#              +---------------------------------------------------+
#              |pct diff from 50%: abs((0.5-(changed/reps))*2) *100|
#              +--------------------------------+
#              |0         1         2         3 |
#              |01234567890123456789012345678901|
#              +--------------------------------+
# seed     0.0 |................................| x 64
# key      0.0 |................................| x 80
#              +--------------------------------+
#              +---------------------------------------------------+
#              |012345678901234567890123456789012345678901234567890|
#              +---------------------------------------------------+
# Scale:       |.1234567890abcdefghijklmnopqrstuvwxyzãäåêëîïðñôõöûü|
#              |üÿABCDEFGHIJKLMNOPQRSTUVWXYZÂÃÄÅÊËÑÔÕÖÛÜÝø¤*©®¶&%@#|
#              +---------------------------------------------------+
#              |scaled p-value above confidence level (zero is ok) |
#              +--------------------------------+
#              |0         1         2         3 |
#              |01234567890123456789012345678901|
#              +--------------------------------+
# seed     0.0 |................................| x 64
# key      0.0 |................................| x 80
#              +--------------------------------+
# 0 of 4608 bits failed (0.00%) failed at 99.999943 confidence
#     g-test: 0.000000%
#     sum-error-square: 0.00025906
#     hash bit-level errors: 4/32
#     - hash bit 0 gtest-prob not-random: 100.0000 (71969475/72030525)
#     - hash bit 15 gtest-prob not-random: 100.0000 (72036105/71963895)
#     - hash bit 21 gtest-prob not-random: 100.0000 (72036497/71963503)
#     - with 1 more hash bit errors not described above.
not ok 27 - Strict Avalanche Criteria - 80 bit keys
# Testing  88-bit keys.......... not ok! # worst-bit:   0.430% error-ratio: 1.013027e+00
#              +---------------------------------------------------+
#              |012345678901234567890123456789012345678901234567890|
#              +---------------------------------------------------+
# Scale:       |.1234567890abcdefghijklmnopqrstuvwxyzãäåêëîïðñôõöûü|
#              |üÿABCDEFGHIJKLMNOPQRSTUVWXYZÂÃÄÅÊËÑÔÕÖÛÜÝø¤*©®¶&%@#|
#              +---------------------------------------------------+
#              |pct diff from 50%: abs((0.5-(changed/reps))*2) *100|
#              +--------------------------------+
#              |0         1         2         3 |
#              |01234567890123456789012345678901|
#              +--------------------------------+
# seed     0.0 |................................| x 64
# key      0.0 |................................| x 88
#              +--------------------------------+
#              +---------------------------------------------------+
#              |012345678901234567890123456789012345678901234567890|
#              +---------------------------------------------------+
# Scale:       |.1234567890abcdefghijklmnopqrstuvwxyzãäåêëîïðñôõöûü|
#              |üÿABCDEFGHIJKLMNOPQRSTUVWXYZÂÃÄÅÊËÑÔÕÖÛÜÝø¤*©®¶&%@#|
#              +---------------------------------------------------+
#              |scaled p-value above confidence level (zero is ok) |
#              +--------------------------------+
#              |0         1         2         3 |
#              |01234567890123456789012345678901|
#              +--------------------------------+
# seed     0.0 |................................| x 64
# key      0.0 |................................| x 88
#              +--------------------------------+
# 0 of 4864 bits failed (0.00%) failed at 99.999943 confidence
#     g-test: 0.000000%
#     sum-error-square: 0.00025933
#     hash bit-level errors: 4/32
#     - hash bit 17 gtest-prob not-random: 100.0000 (76038128/75961872)
#     - hash bit 22 gtest-prob not-random: 100.0000 (75966526/76033474)
#     - hash bit 25 gtest-prob not-random: 100.0000 (75956727/76043273)
#     - with 1 more hash bit errors not described above.
not ok 28 - Strict Avalanche Criteria - 88 bit keys
# Testing  96-bit keys.......... not ok! # worst-bit:   0.393% error-ratio: 9.351369e-01
#              +---------------------------------------------------+
#              |012345678901234567890123456789012345678901234567890|
#              +---------------------------------------------------+
# Scale:       |.1234567890abcdefghijklmnopqrstuvwxyzãäåêëîïðñôõöûü|
#              |üÿABCDEFGHIJKLMNOPQRSTUVWXYZÂÃÄÅÊËÑÔÕÖÛÜÝø¤*©®¶&%@#|
#              +---------------------------------------------------+
#              |pct diff from 50%: abs((0.5-(changed/reps))*2) *100|
#              +--------------------------------+
#              |0         1         2         3 |
#              |01234567890123456789012345678901|
#              +--------------------------------+
# seed     0.0 |................................| x 64
# key      0.0 |................................| x 96
#              +--------------------------------+
#              +---------------------------------------------------+
#              |012345678901234567890123456789012345678901234567890|
#              +---------------------------------------------------+
# Scale:       |.1234567890abcdefghijklmnopqrstuvwxyzãäåêëîïðñôõöûü|
#              |üÿABCDEFGHIJKLMNOPQRSTUVWXYZÂÃÄÅÊËÑÔÕÖÛÜÝø¤*©®¶&%@#|
#              +---------------------------------------------------+
#              |scaled p-value above confidence level (zero is ok) |
#              +--------------------------------+
#              |0         1         2         3 |
#              |01234567890123456789012345678901|
#              +--------------------------------+
# seed     0.0 |................................| x 64
# key      0.0 |................................| x 96
#              +--------------------------------+
# 0 of 5120 bits failed (0.00%) failed at 99.999943 confidence
#     g-test: 0.000000%
#     sum-error-square: 0.00023940
#     hash bit-level errors: 1/32
#     - hash bit 3 gtest-prob not-random: 100.0000 (80033493/79966507)
not ok 29 - Strict Avalanche Criteria - 96 bit keys
# Testing 104-bit keys.......... not ok! # worst-bit:   0.381% error-ratio: 1.060316e+00
#              +---------------------------------------------------+
#              |012345678901234567890123456789012345678901234567890|
#              +---------------------------------------------------+
# Scale:       |.1234567890abcdefghijklmnopqrstuvwxyzãäåêëîïðñôõöûü|
#              |üÿABCDEFGHIJKLMNOPQRSTUVWXYZÂÃÄÅÊËÑÔÕÖÛÜÝø¤*©®¶&%@#|
#              +---------------------------------------------------+
#              |pct diff from 50%: abs((0.5-(changed/reps))*2) *100|
#              +--------------------------------+
#              |0         1         2         3 |
#              |01234567890123456789012345678901|
#              +--------------------------------+
# seed     0.0 |................................| x 64
# key      0.0 |................................| x 104
#              +--------------------------------+
#              +---------------------------------------------------+
#              |012345678901234567890123456789012345678901234567890|
#              +---------------------------------------------------+
# Scale:       |.1234567890abcdefghijklmnopqrstuvwxyzãäåêëîïðñôõöûü|
#              |üÿABCDEFGHIJKLMNOPQRSTUVWXYZÂÃÄÅÊËÑÔÕÖÛÜÝø¤*©®¶&%@#|
#              +---------------------------------------------------+
#              |scaled p-value above confidence level (zero is ok) |
#              +--------------------------------+
#              |0         1         2         3 |
#              |01234567890123456789012345678901|
#              +--------------------------------+
# seed     0.0 |................................| x 64
# key      0.0 |................................| x 104
#              +--------------------------------+
# 0 of 5376 bits failed (0.00%) failed at 99.999943 confidence
#     g-test: 0.000000%
#     sum-error-square: 0.00027144
#     hash bit-level errors: 2/32
#     - hash bit 7 gtest-prob not-random: 100.0000 (83965473/84034527)
#     - hash bit 14 gtest-prob not-random: 100.0000 (84035839/83964161)
not ok 30 - Strict Avalanche Criteria - 104 bit keys
# Testing 112-bit keys.......... not ok! # worst-bit:   0.341% error-ratio: 1.022525e+00
#              +---------------------------------------------------+
#              |012345678901234567890123456789012345678901234567890|
#              +---------------------------------------------------+
# Scale:       |.1234567890abcdefghijklmnopqrstuvwxyzãäåêëîïðñôõöûü|
#              |üÿABCDEFGHIJKLMNOPQRSTUVWXYZÂÃÄÅÊËÑÔÕÖÛÜÝø¤*©®¶&%@#|
#              +---------------------------------------------------+
#              |pct diff from 50%: abs((0.5-(changed/reps))*2) *100|
#              +--------------------------------+
#              |0         1         2         3 |
#              |01234567890123456789012345678901|
#              +--------------------------------+
# seed     0.0 |................................| x 64
# key      0.0 |................................| x 112
#              +--------------------------------+
#              +---------------------------------------------------+
#              |012345678901234567890123456789012345678901234567890|
#              +---------------------------------------------------+
# Scale:       |.1234567890abcdefghijklmnopqrstuvwxyzãäåêëîïðñôõöûü|
#              |üÿABCDEFGHIJKLMNOPQRSTUVWXYZÂÃÄÅÊËÑÔÕÖÛÜÝø¤*©®¶&%@#|
#              +---------------------------------------------------+
#              |scaled p-value above confidence level (zero is ok) |
#              +--------------------------------+
#              |0         1         2         3 |
#              |01234567890123456789012345678901|
#              +--------------------------------+
# seed     0.0 |................................| x 64
# key      0.0 |................................| x 112
#              +--------------------------------+
# 0 of 5632 bits failed (0.00%) failed at 99.999943 confidence
#     g-test: 0.000000%
#     sum-error-square: 0.00026177
#     hash bit-level errors: 2/32
#     - hash bit 6 gtest-prob not-random: 100.0000 (87960857/88039143)
#     - hash bit 26 gtest-prob not-random: 100.0000 (87947263/88052737)
not ok 31 - Strict Avalanche Criteria - 112 bit keys
# Testing 120-bit keys.......... not ok! # worst-bit:   0.324% error-ratio: 9.999376e-01
#              +---------------------------------------------------+
#              |012345678901234567890123456789012345678901234567890|
#              +---------------------------------------------------+
# Scale:       |.1234567890abcdefghijklmnopqrstuvwxyzãäåêëîïðñôõöûü|
#              |üÿABCDEFGHIJKLMNOPQRSTUVWXYZÂÃÄÅÊËÑÔÕÖÛÜÝø¤*©®¶&%@#|
#              +---------------------------------------------------+
#              |pct diff from 50%: abs((0.5-(changed/reps))*2) *100|
#              +--------------------------------+
#              |0         1         2         3 |
#              |01234567890123456789012345678901|
#              +--------------------------------+
# seed     0.0 |................................| x 64
# key      0.0 |................................| x 120
#              +--------------------------------+
#              +---------------------------------------------------+
#              |012345678901234567890123456789012345678901234567890|
#              +---------------------------------------------------+
# Scale:       |.1234567890abcdefghijklmnopqrstuvwxyzãäåêëîïðñôõöûü|
#              |üÿABCDEFGHIJKLMNOPQRSTUVWXYZÂÃÄÅÊËÑÔÕÖÛÜÝø¤*©®¶&%@#|
#              +---------------------------------------------------+
#              |scaled p-value above confidence level (zero is ok) |
#              +--------------------------------+
#              |0         1         2         3 |
#              |01234567890123456789012345678901|
#              +--------------------------------+
# seed     0.0 |................................| x 64
# key      0.0 |................................| x 120
#              +--------------------------------+
# 0 of 5888 bits failed (0.00%) failed at 99.999943 confidence
#     g-test: 0.000000%
#     sum-error-square: 0.00025598
#     hash bit-level errors: 2/32
#     - hash bit 24 gtest-prob not-random: 100.0000 (92035813/91964187)
#     - hash bit 26 gtest-prob not-random: 99.9999 (91966018/92033982)
not ok 32 - Strict Avalanche Criteria - 120 bit keys
# Testing 128-bit keys.......... not ok! # worst-bit:   0.425% error-ratio: 1.081761e+00
#              +---------------------------------------------------+
#              |012345678901234567890123456789012345678901234567890|
#              +---------------------------------------------------+
# Scale:       |.1234567890abcdefghijklmnopqrstuvwxyzãäåêëîïðñôõöûü|
#              |üÿABCDEFGHIJKLMNOPQRSTUVWXYZÂÃÄÅÊËÑÔÕÖÛÜÝø¤*©®¶&%@#|
#              +---------------------------------------------------+
#              |pct diff from 50%: abs((0.5-(changed/reps))*2) *100|
#              +--------------------------------+
#              |0         1         2         3 |
#              |01234567890123456789012345678901|
#              +--------------------------------+
# seed     0.0 |................................| x 64
# key      0.0 |................................| x 128
#              +--------------------------------+
#              +---------------------------------------------------+
#              |012345678901234567890123456789012345678901234567890|
#              +---------------------------------------------------+
# Scale:       |.1234567890abcdefghijklmnopqrstuvwxyzãäåêëîïðñôõöûü|
#              |üÿABCDEFGHIJKLMNOPQRSTUVWXYZÂÃÄÅÊËÑÔÕÖÛÜÝø¤*©®¶&%@#|
#              +---------------------------------------------------+
#              |scaled p-value above confidence level (zero is ok) |
#              +--------------------------------+
#              |0         1         2         3 |
#              |01234567890123456789012345678901|
#              +--------------------------------+
# seed     0.0 |................................| x 64
# key      0.0 |................................| x 128
#              +--------------------------------+
# 0 of 6144 bits failed (0.00%) failed at 99.999943 confidence
#     g-test: 0.000000%
#     sum-error-square: 0.00027693
#     hash bit-level errors: 2/32
#     - hash bit 0 gtest-prob not-random: 100.0000 (96040617/95959383)
#     - hash bit 8 gtest-prob not-random: 100.0000 (95956647/96043353)
not ok 33 - Strict Avalanche Criteria - 128 bit keys
# Testing 136-bit keys.......... not ok! # worst-bit:   0.400% error-ratio: 1.038722e+00
#              +---------------------------------------------------+
#              |012345678901234567890123456789012345678901234567890|
#              +---------------------------------------------------+
# Scale:       |.1234567890abcdefghijklmnopqrstuvwxyzãäåêëîïðñôõöûü|
#              |üÿABCDEFGHIJKLMNOPQRSTUVWXYZÂÃÄÅÊËÑÔÕÖÛÜÝø¤*©®¶&%@#|
#              +---------------------------------------------------+
#              |pct diff from 50%: abs((0.5-(changed/reps))*2) *100|
#              +--------------------------------+
#              |0         1         2         3 |
#              |01234567890123456789012345678901|
#              +--------------------------------+
# seed     0.0 |................................| x 64
# key      0.0 |................................| x 136
#              +--------------------------------+
#              +---------------------------------------------------+
#              |012345678901234567890123456789012345678901234567890|
#              +---------------------------------------------------+
# Scale:       |.1234567890abcdefghijklmnopqrstuvwxyzãäåêëîïðñôõöûü|
#              |üÿABCDEFGHIJKLMNOPQRSTUVWXYZÂÃÄÅÊËÑÔÕÖÛÜÝø¤*©®¶&%@#|
#              +---------------------------------------------------+
#              |scaled p-value above confidence level (zero is ok) |
#              +--------------------------------+
#              |0         1         2         3 |
#              |01234567890123456789012345678901|
#              +--------------------------------+
# seed     0.0 |................................| x 64
# key      0.0 |................................| x 136
#              +--------------------------------+
# 0 of 6400 bits failed (0.00%) failed at 99.999943 confidence
#     g-test: 0.000000%
#     sum-error-square: 0.00026591
#     hash bit-level errors: 2/32
#     - hash bit 9 gtest-prob not-random: 100.0000 (100037212/99962788)
#     - hash bit 27 gtest-prob not-random: 100.0000 (99959502/100040498)
not ok 34 - Strict Avalanche Criteria - 136 bit keys
# Testing 144-bit keys.......... ok.     # worst-bit:   0.396% error-ratio: 9.883423e-01
ok 35 - Strict Avalanche Criteria - 144 bit keys
# Testing 152-bit keys.......... not ok! # worst-bit:   0.353% error-ratio: 1.040042e+00
#              +---------------------------------------------------+
#              |012345678901234567890123456789012345678901234567890|
#              +---------------------------------------------------+
# Scale:       |.1234567890abcdefghijklmnopqrstuvwxyzãäåêëîïðñôõöûü|
#              |üÿABCDEFGHIJKLMNOPQRSTUVWXYZÂÃÄÅÊËÑÔÕÖÛÜÝø¤*©®¶&%@#|
#              +---------------------------------------------------+
#              |pct diff from 50%: abs((0.5-(changed/reps))*2) *100|
#              +--------------------------------+
#              |0         1         2         3 |
#              |01234567890123456789012345678901|
#              +--------------------------------+
# seed     0.0 |................................| x 64
# key      0.0 |................................| x 152
#              +--------------------------------+
#              +---------------------------------------------------+
#              |012345678901234567890123456789012345678901234567890|
#              +---------------------------------------------------+
# Scale:       |.1234567890abcdefghijklmnopqrstuvwxyzãäåêëîïðñôõöûü|
#              |üÿABCDEFGHIJKLMNOPQRSTUVWXYZÂÃÄÅÊËÑÔÕÖÛÜÝø¤*©®¶&%@#|
#              +---------------------------------------------------+
#              |scaled p-value above confidence level (zero is ok) |
#              +--------------------------------+
#              |0         1         2         3 |
#              |01234567890123456789012345678901|
#              +--------------------------------+
# seed     0.0 |................................| x 64
# key      0.0 |................................| x 152
#              +--------------------------------+
# 0 of 6912 bits failed (0.00%) failed at 99.999943 confidence
#     g-test: 0.000000%
#     sum-error-square: 0.00026625
#     hash bit-level errors: 1/32
#     - hash bit 24 gtest-prob not-random: 100.0000 (108043524/107956476)
not ok 36 - Strict Avalanche Criteria - 152 bit keys
# Testing 152-bit keys.......... ok.     # worst-bit:   0.353% error-ratio: 9.348541e-01
ok 37 - Strict Avalanche Criteria - 160 bit keys
# Testing 256-bit keys.......... ok.     # worst-bit:   0.421% error-ratio: 9.708082e-01
ok 38 - Strict Avalanche Criteria - 256 bit keys
not ok 39 - Strict Avalanche Criteria # md5_32a
### Keyset 'Cyclic' Tests ###
# Keyset 'Cyclic' - 8 cycles of 4 bytes - 10000000 keys
# Testing collisions   - Expected 11641.53, actual    11537 ( 0.99x) - passed
ok 40 - Collision Rate for Keyset 'Cyclic' - 8 cycles of 4 bytes - 10000000 keys
ok 41 - Distribution Bias Check for Keyset 'Cyclic' - 8 cycles of 4 bytes - 10000000 keys
# Keyset 'Cyclic' - 8 cycles of 5 bytes - 10000000 keys
# Testing collisions   - Expected 11641.53, actual    11625 ( 1.00x) - passed
ok 42 - Collision Rate for Keyset 'Cyclic' - 8 cycles of 5 bytes - 10000000 keys
ok 43 - Distribution Bias Check for Keyset 'Cyclic' - 8 cycles of 5 bytes - 10000000 keys
# Keyset 'Cyclic' - 8 cycles of 6 bytes - 10000000 keys
# Testing collisions   - Expected 11641.53, actual    11720 ( 1.01x) - passed
ok 44 - Collision Rate for Keyset 'Cyclic' - 8 cycles of 6 bytes - 10000000 keys
ok 45 - Distribution Bias Check for Keyset 'Cyclic' - 8 cycles of 6 bytes - 10000000 keys
# Keyset 'Cyclic' - 8 cycles of 7 bytes - 10000000 keys
# Testing collisions   - Expected 11641.53, actual    11509 ( 0.99x) - passed
ok 46 - Collision Rate for Keyset 'Cyclic' - 8 cycles of 7 bytes - 10000000 keys
ok 47 - Distribution Bias Check for Keyset 'Cyclic' - 8 cycles of 7 bytes - 10000000 keys
# Keyset 'Cyclic' - 8 cycles of 8 bytes - 10000000 keys
# Testing collisions   - Expected 11641.53, actual    11499 ( 0.99x) - passed
ok 48 - Collision Rate for Keyset 'Cyclic' - 8 cycles of 8 bytes - 10000000 keys
ok 49 - Distribution Bias Check for Keyset 'Cyclic' - 8 cycles of 8 bytes - 10000000 keys
ok 50 - Keyset 'Cyclic' # md5_32a
### Keyset 'TwoBytes' Tests ###
# Testing collisions   - Expected    49.57, actual       58 ( 1.17x) - passed
ok 51 - Collision Rate for Keyset 'TwoBytes' - up-to-4-byte keys, 652545 total keys
ok 52 - Distribution Bias Check for Keyset 'TwoBytes' - up-to-4-byte keys, 652545 total keys
# Testing collisions   - Expected  3484.56, actual     3436 ( 0.99x) - passed
ok 53 - Collision Rate for Keyset 'TwoBytes' - up-to-8-byte keys, 5471025 total keys
ok 54 - Distribution Bias Check for Keyset 'TwoBytes' - up-to-8-byte keys, 5471025 total keys
# Testing collisions   - Expected 40347.77, actual    40583 ( 1.01x) - passed
ok 55 - Collision Rate for Keyset 'TwoBytes' - up-to-12-byte keys, 18616785 total keys
ok 56 - Distribution Bias Check for Keyset 'TwoBytes' - up-to-12-byte keys, 18616785 total keys
# Testing collisions   - Expected 227963.15, actual   227012 ( 1.00x) - passed
ok 57 - Collision Rate for Keyset 'TwoBytes' - up-to-16-byte keys, 44251425 total keys
ok 58 - Distribution Bias Check for Keyset 'TwoBytes' - up-to-16-byte keys, 44251425 total keys
# Testing collisions   - Expected 871784.70, actual   867342 ( 0.99x) - passed
ok 59 - Collision Rate for Keyset 'TwoBytes' - up-to-20-byte keys, 86536545 total keys
ok 60 - Distribution Bias Check for Keyset 'TwoBytes' - up-to-20-byte keys, 86536545 total keys
ok 61 - Keyset 'TwoBytes' # md5_32a
### Keyset 'Sparse' Tests ###
# Keyset 'Sparse' - 32-bit keys with up to 6 bits set - 1149017 keys
# Testing collisions   - Expected   153.70, actual      192 ( 1.25x) - passed
ok 62 - Collision Rate for Keyset 'Sparse' - 32-bit keys with up to 6 bits set
ok 63 - Distribution Bias Check for Keyset 'Sparse' - 32-bit keys with up to 6 bits set
# Keyset 'Sparse' - 40-bit keys with up to 6 bits set - 4598479 keys
# Testing collisions   - Expected  2461.72, actual     2480 ( 1.01x) - passed
ok 64 - Collision Rate for Keyset 'Sparse' - 40-bit keys with up to 6 bits set
ok 65 - Distribution Bias Check for Keyset 'Sparse' - 40-bit keys with up to 6 bits set
# Keyset 'Sparse' - 48-bit keys with up to 5 bits set - 1925357 keys
# Testing collisions   - Expected   431.55, actual      465 ( 1.08x) - passed
ok 66 - Collision Rate for Keyset 'Sparse' - 48-bit keys with up to 5 bits set
ok 67 - Distribution Bias Check for Keyset 'Sparse' - 48-bit keys with up to 5 bits set
# Keyset 'Sparse' - 56-bit keys with up to 5 bits set - 4216423 keys
# Testing collisions   - Expected  2069.66, actual     2078 ( 1.00x) - passed
ok 68 - Collision Rate for Keyset 'Sparse' - 56-bit keys with up to 5 bits set
ok 69 - Distribution Bias Check for Keyset 'Sparse' - 56-bit keys with up to 5 bits set
# Keyset 'Sparse' - 64-bit keys with up to 5 bits set - 8303633 keys
# Testing collisions   - Expected  8026.87, actual     8029 ( 1.00x) - passed
ok 70 - Collision Rate for Keyset 'Sparse' - 64-bit keys with up to 5 bits set
ok 71 - Distribution Bias Check for Keyset 'Sparse' - 64-bit keys with up to 5 bits set
# Keyset 'Sparse' - 96-bit keys with up to 4 bits set - 3469497 keys
# Testing collisions   - Expected  1401.34, actual     1362 ( 0.97x) - passed
ok 72 - Collision Rate for Keyset 'Sparse' - 96-bit keys with up to 4 bits set
ok 73 - Distribution Bias Check for Keyset 'Sparse' - 96-bit keys with up to 4 bits set
# Keyset 'Sparse' - 256-bit keys with up to 3 bits set - 2796417 keys
# Testing collisions   - Expected   910.36, actual      930 ( 1.02x) - passed
ok 74 - Collision Rate for Keyset 'Sparse' - 256-bit keys with up to 3 bits set
ok 75 - Distribution Bias Check for Keyset 'Sparse' - 256-bit keys with up to 3 bits set
# Keyset 'Sparse' - 2048-bit keys with up to 2 bits set - 2098177 keys
# Testing collisions   - Expected   512.50, actual      539 ( 1.05x) - passed
ok 76 - Collision Rate for Keyset 'Sparse' - 2048-bit keys with up to 2 bits set
ok 77 - Distribution Bias Check for Keyset 'Sparse' - 2048-bit keys with up to 2 bits set
ok 78 - Keyset 'Sparse' # md5_32a
# Keyset 'CRC-MultiCollision' - 1048575 x 16 block keys - 128-bytes long - 10 seeds
# Testing collisions   - Expected   128.00, actual      116 ( 0.91x) - passed
ok 79 - Collision Rate for Keyset 'CRC-MultiCollision' - seed 1 # md5_32a
# Testing collisions   - Expected   128.00, actual      127 ( 0.99x) - passed
ok 80 - Collision Rate for Keyset 'CRC-MultiCollision' - seed 2 # md5_32a
# Testing collisions   - Expected   128.00, actual      121 ( 0.95x) - passed
ok 81 - Collision Rate for Keyset 'CRC-MultiCollision' - seed 3 # md5_32a
# Testing collisions   - Expected   128.00, actual      136 ( 1.06x) - passed
ok 82 - Collision Rate for Keyset 'CRC-MultiCollision' - seed 4 # md5_32a
# Testing collisions   - Expected   128.00, actual      115 ( 0.90x) - passed
ok 83 - Collision Rate for Keyset 'CRC-MultiCollision' - seed 5 # md5_32a
# Testing collisions   - Expected   128.00, actual      117 ( 0.91x) - passed
ok 84 - Collision Rate for Keyset 'CRC-MultiCollision' - seed 6 # md5_32a
# Testing collisions   - Expected   128.00, actual      128 ( 1.00x) - passed
ok 85 - Collision Rate for Keyset 'CRC-MultiCollision' - seed 7 # md5_32a
# Testing collisions   - Expected   128.00, actual      120 ( 0.94x) - passed
ok 86 - Collision Rate for Keyset 'CRC-MultiCollision' - seed 8 # md5_32a
# Testing collisions   - Expected   128.00, actual      114 ( 0.89x) - passed
ok 87 - Collision Rate for Keyset 'CRC-MultiCollision' - seed 9 # md5_32a
# Testing collisions   - Expected   128.00, actual      121 ( 0.95x) - passed
ok 88 - Collision Rate for Keyset 'CRC-MultiCollision' - seed 10 # md5_32a
### Keyset 'Combination Lowbits' Tests ###
# Keyset 'Combination' - up to 8 blocks from a set of 8 - 19173960 keys
# Testing collisions   - Expected 42799.01, actual    43254 ( 1.01x) - passed
ok 89 - Collision Rate for Keyset 'Combination Lowbits'
ok 90 - Distribution Bias Check for Keyset 'Combination Lowbits'
ok 91 - Keyset 'Combination Lowbits' # md5_32a
### Keyset 'Combination Highbits' Tests ###
# Keyset 'Combination' - up to 8 blocks from a set of 8 - 19173960 keys
# Testing collisions   - Expected 42799.01, actual    42802 ( 1.00x) - passed
ok 92 - Collision Rate for Keyset 'Combination Highbits'
ok 93 - Distribution Bias Check for Keyset 'Combination Highbits'
ok 94 - Keyset 'Combination Highbits' # md5_32a
### Keyset 'Combination Highbits2' Tests ###
# Keyset 'Combination' - up to 8 blocks from a set of 8 - 19173960 keys
# Testing collisions   - Expected 42799.01, actual    42597 ( 1.00x) - passed
ok 95 - Collision Rate for Keyset 'Combination Highbits2'
ok 96 - Distribution Bias Check for Keyset 'Combination Highbits2'
ok 97 - Keyset 'Combination Highbits2' # md5_32a
### Keyset 'Combination 0x80000000' Tests ###
# Keyset 'Combination' - up to 20 blocks from a set of 2 - 2097150 keys
# Testing collisions   - Expected   512.00, actual      489 ( 0.96x) - passed
ok 98 - Collision Rate for Keyset 'Combination 0x80000000'
ok 99 - Distribution Bias Check for Keyset 'Combination 0x80000000'
ok 100 - Keyset 'Combination 0x80000000' # md5_32a
### Keyset 'Combination 0x00000001' Tests ###
# Keyset 'Combination' - up to 20 blocks from a set of 2 - 2097150 keys
# Testing collisions   - Expected   512.00, actual      526 ( 1.03x) - passed
ok 101 - Collision Rate for Keyset 'Combination 0x00000001'
ok 102 - Distribution Bias Check for Keyset 'Combination 0x00000001'
ok 103 - Keyset 'Combination 0x00000001' # md5_32a
### Keyset 'Combination Hi-Lo' Tests ###
# Keyset 'Combination' - up to 6 blocks from a set of 15 - 12204240 keys
# Testing collisions   - Expected 17339.30, actual    17248 ( 0.99x) - passed
ok 104 - Collision Rate for Keyset 'Combination Hi-Lo'
ok 105 - Distribution Bias Check for Keyset 'Combination Hi-Lo'
ok 106 - Keyset 'Combination Hi-Lo' # md5_32a
### Keyset 'Text' Tests ###
# Keyset 'Text' - keys of form "Foo[XXXX]Bar" - 14776336 keys
# Testing collisions   - Expected 25418.13, actual    25464 ( 1.00x) - passed
ok 107 - Collision Rate for Keyset 'Text' - keys of form "Foo[XXXX]Bar" - 14776336 keys
ok 108 - Distribution Bias Check for Keyset 'Text' - keys of form "Foo[XXXX]Bar" - 14776336 keys
# Keyset 'Text' - keys of form "FooBar[XXXX]" - 14776336 keys
# Testing collisions   - Expected 25418.13, actual    25341 ( 1.00x) - passed
ok 109 - Collision Rate for Keyset 'Text' - keys of form "FooBar[XXXX]" - 14776336 keys
ok 110 - Distribution Bias Check for Keyset 'Text' - keys of form "FooBar[XXXX]" - 14776336 keys
# Keyset 'Text' - keys of form "[XXXX]FooBar" - 14776336 keys
# Testing collisions   - Expected 25418.13, actual    25255 ( 0.99x) - passed
ok 111 - Collision Rate for Keyset 'Text' - keys of form "[XXXX]FooBar" - 14776336 keys
ok 112 - Distribution Bias Check for Keyset 'Text' - keys of form "[XXXX]FooBar" - 14776336 keys
ok 113 - Keyset 'Text' # md5_32a
### Keyset 'Zeroes' Tests ###
# Keyset 'Zeroes' - 262144 keys
# Testing collisions   - Expected     8.00, actual        6 ( 0.75x) - passed
ok 114 - Collision Rate for Keyset 'Zeroes' - 262144 keys
ok 115 - Distribution Bias Check for Keyset 'Zeroes' - 262144 keys
ok 116 - Keyset 'Zeroes' # md5_32a
### Keyset 'Seed' Tests ###
# Keyset 'Seed' - 2000000 seeds, Key "The quick brown fox "...
# Testing collisions   - Expected   465.66, actual      884 ( 1.90x) - passed
ok 117 - Collision Rate for Keyset 'Seed' - 2000000 seeds, Key "The quick brown fox "...
ok 118 - Distribution Bias Check for Keyset 'Seed' - 2000000 seeds, Key "The quick brown fox "...
# Keyset 'Seed' - 2000000 seeds, Key ""
# Testing collisions   - Expected   465.66, actual      923 ( 1.98x) - passed
ok 119 - Collision Rate for Keyset 'Seed' - 2000000 seeds, Key ""
ok 120 - Distribution Bias Check for Keyset 'Seed' - 2000000 seeds, Key ""
# Keyset 'Seed' - 2000000 seeds, Key "00101100110101101"
# Testing collisions   - Expected   465.66, actual      929 ( 2.00x) - passed
ok 121 - Collision Rate for Keyset 'Seed' - 2000000 seeds, Key "00101100110101101"
ok 122 - Distribution Bias Check for Keyset 'Seed' - 2000000 seeds, Key "00101100110101101"
# Keyset 'Seed' - 2000000 seeds, Key "abcbcddbdebdcaaabaaa"...
# Testing collisions   - Expected   465.66, actual      889 ( 1.91x) - passed
ok 123 - Collision Rate for Keyset 'Seed' - 2000000 seeds, Key "abcbcddbdebdcaaabaaa"...
ok 124 - Distribution Bias Check for Keyset 'Seed' - 2000000 seeds, Key "abcbcddbdebdcaaabaaa"...
ok 125 - Keyset 'Seed' # md5_32a
### Keyset 'Effs' Tests ###
# Keyset 'Effs' - 262144 keys
# Testing collisions   - Expected     8.00, actual        6 ( 0.75x) - passed
ok 126 - Collision Rate for Keyset 'Effs' - 262144 keys
ok 127 - Distribution Bias Check for Keyset 'Effs' - 262144 keys
ok 128 - Keyset 'Effs' # md5_32a
not ok 129 - all tests passed # md5_32a
1..129
# Tests Failed. md5_32a failed 20 of 129 tests.
# Testing took 6312.706202 seconds
# This is SMHasher version v1.0-demerphq-5-g86440f3 - built on Mar 10 2017.
