ok 1 - SelfTest - Verify 89 Hashes
ok 2 - Found Hash # metrohash128crc_2
###################################################################
### Testing metrohash128crc_2 - no seed_state
### - MetroHash128crc_2 for x64 -
### seedbits: 64 statebits: 64 hashbits: 128
###################################################################
### Sanity Tests ###
ok 3 - Verification code # metrohash128crc_2
# Sanity check simple key bit flips and consistency..........
ok 4 - SanityTest # metrohash128crc_2
# Sanity check null suffixes change the hash (simple)..........
ok 5 - Appended Zeroes Test # metrohash128crc_2
ok 6 - Sanity Test # metrohash128crc_2
### Speed Tests ###
## Bulk speed test - 262144-byte keys
# Alignment  7 -  6.362 bytes/cycle - 18200.63 MiB/sec @ 3 ghz
# Alignment  6 -  6.362 bytes/cycle - 18202.66 MiB/sec @ 3 ghz
# Alignment  5 -  6.362 bytes/cycle - 18200.71 MiB/sec @ 3 ghz
# Alignment  4 -  6.362 bytes/cycle - 18201.09 MiB/sec @ 3 ghz
# Alignment  3 -  6.362 bytes/cycle - 18200.65 MiB/sec @ 3 ghz
# Alignment  2 -  6.362 bytes/cycle - 18202.42 MiB/sec @ 3 ghz
# Alignment  1 -  6.362 bytes/cycle - 18202.14 MiB/sec @ 3 ghz
# Alignment  0 -  6.370 bytes/cycle - 18225.80 MiB/sec @ 3 ghz
# Average      -  6.363 bytes/cycle - 18204.51 MiB/sec @ 3 ghz
## KeySpeed tests
# metrohash128crc_2         0 byte keys       20.000 c/h
# metrohash128crc_2         1 byte keys       22.000 c/h       22.000 c/b        0.045 b/c
# metrohash128crc_2         2 byte keys       23.000 c/h       11.500 c/b        0.087 b/c
# metrohash128crc_2         3 byte keys       32.938 c/h       10.979 c/b        0.091 b/c
# metrohash128crc_2         4 byte keys       21.720 c/h        5.430 c/b        0.184 b/c
# metrohash128crc_2         5 byte keys       29.000 c/h        5.800 c/b        0.172 b/c
# metrohash128crc_2         6 byte keys       34.000 c/h        5.667 c/b        0.176 b/c
# metrohash128crc_2         7 byte keys       43.000 c/h        6.143 c/b        0.163 b/c
# metrohash128crc_2         8 byte keys       26.315 c/h        3.289 c/b        0.304 b/c
# metrohash128crc_2         9 byte keys       35.962 c/h        3.996 c/b        0.250 b/c
# metrohash128crc_2        10 byte keys       35.000 c/h        3.500 c/b        0.286 b/c
# metrohash128crc_2        11 byte keys       43.000 c/h        3.909 c/b        0.256 b/c
# metrohash128crc_2        12 byte keys       35.000 c/h        2.917 c/b        0.343 b/c
# metrohash128crc_2        13 byte keys       43.000 c/h        3.308 c/b        0.302 b/c
# metrohash128crc_2        14 byte keys       48.513 c/h        3.465 c/b        0.289 b/c
# metrohash128crc_2        15 byte keys       56.000 c/h        3.733 c/b        0.268 b/c
# metrohash128crc_2        16 byte keys       30.000 c/h        1.875 c/b        0.533 b/c
# metrohash128crc_2        17 byte keys       38.000 c/h        2.235 c/b        0.447 b/c
# metrohash128crc_2        18 byte keys       43.235 c/h        2.402 c/b        0.416 b/c
# metrohash128crc_2        19 byte keys       51.399 c/h        2.705 c/b        0.370 b/c
# metrohash128crc_2        20 byte keys       38.321 c/h        1.916 c/b        0.522 b/c
# metrohash128crc_2        21 byte keys       46.000 c/h        2.190 c/b        0.457 b/c
# metrohash128crc_2        22 byte keys       51.713 c/h        2.351 c/b        0.425 b/c
# metrohash128crc_2        23 byte keys       60.000 c/h        2.609 c/b        0.383 b/c
# metrohash128crc_2        24 byte keys       40.000 c/h        1.667 c/b        0.600 b/c
# metrohash128crc_2        25 byte keys       48.000 c/h        1.920 c/b        0.521 b/c
# metrohash128crc_2        26 byte keys       48.000 c/h        1.846 c/b        0.542 b/c
# metrohash128crc_2        27 byte keys       56.781 c/h        2.103 c/b        0.476 b/c
# metrohash128crc_2        28 byte keys       48.000 c/h        1.714 c/b        0.583 b/c
# metrohash128crc_2        29 byte keys       56.812 c/h        1.959 c/b        0.510 b/c
# metrohash128crc_2        30 byte keys       62.449 c/h        2.082 c/b        0.480 b/c
# metrohash128crc_2        31 byte keys       70.000 c/h        2.258 c/b        0.443 b/c
#                          Average < 32       41.786 c/h        2.696 c/b        0.371 b/c
# metrohash128crc_2        32 byte keys       39.984 c/h        1.250 c/b        0.800 b/c
# metrohash128crc_2        36 byte keys       47.000 c/h        1.306 c/b        0.766 b/c
# metrohash128crc_2        40 byte keys       50.000 c/h        1.250 c/b        0.800 b/c
# metrohash128crc_2        44 byte keys       58.333 c/h        1.326 c/b        0.754 b/c
# metrohash128crc_2        48 byte keys       54.367 c/h        1.133 c/b        0.883 b/c
# metrohash128crc_2        52 byte keys       62.965 c/h        1.211 c/b        0.826 b/c
# metrohash128crc_2        56 byte keys       63.778 c/h        1.139 c/b        0.878 b/c
# metrohash128crc_2        60 byte keys       72.000 c/h        1.200 c/b        0.833 b/c
# metrohash128crc_2        64 byte keys       44.998 c/h        0.703 c/b        1.422 b/c
# metrohash128crc_2        68 byte keys       53.000 c/h        0.779 c/b        1.283 b/c
# metrohash128crc_2        72 byte keys       56.031 c/h        0.778 c/b        1.285 b/c
# metrohash128crc_2        76 byte keys       63.000 c/h        0.829 c/b        1.206 b/c
# metrohash128crc_2        80 byte keys       59.000 c/h        0.738 c/b        1.356 b/c
# metrohash128crc_2        84 byte keys       67.733 c/h        0.806 c/b        1.240 b/c
# metrohash128crc_2        88 byte keys       69.000 c/h        0.784 c/b        1.275 b/c
# metrohash128crc_2        92 byte keys       77.960 c/h        0.847 c/b        1.180 b/c
# metrohash128crc_2        96 byte keys       49.938 c/h        0.520 c/b        1.922 b/c
# metrohash128crc_2       100 byte keys       57.740 c/h        0.577 c/b        1.732 b/c
# metrohash128crc_2       104 byte keys       60.542 c/h        0.582 c/b        1.718 b/c
# metrohash128crc_2       108 byte keys       69.000 c/h        0.639 c/b        1.565 b/c
# metrohash128crc_2       112 byte keys       64.000 c/h        0.571 c/b        1.750 b/c
# metrohash128crc_2       116 byte keys       73.000 c/h        0.629 c/b        1.589 b/c
# metrohash128crc_2       120 byte keys       74.000 c/h        0.617 c/b        1.622 b/c
# metrohash128crc_2       124 byte keys       82.675 c/h        0.667 c/b        1.500 b/c
#                         Average < 128       50.129 c/h        1.185 c/b        0.844 b/c
# metrohash128crc_2       128 byte keys       55.993 c/h        0.437 c/b        2.286 b/c
# metrohash128crc_2       256 byte keys       67.576 c/h        0.264 c/b        3.788 b/c
# metrohash128crc_2       512 byte keys      104.394 c/h        0.204 c/b        4.904 b/c
# metrohash128crc_2      1024 byte keys      188.426 c/h        0.184 c/b        5.434 b/c
# metrohash128crc_2      2048 byte keys      335.311 c/h        0.164 c/b        6.108 b/c
# metrohash128crc_2      4096 byte keys      629.294 c/h        0.154 c/b        6.509 b/c
# metrohash128crc_2      8192 byte keys     1216.488 c/h        0.148 c/b        6.734 b/c
# metrohash128crc_2     16384 byte keys     2391.156 c/h        0.146 c/b        6.852 b/c
# metrohash128crc_2     32768 byte keys     4743.816 c/h        0.145 c/b        6.908 b/c
# metrohash128crc_2     65536 byte keys     9448.861 c/h        0.144 c/b        6.936 b/c
#                       Overall Average      333.159 c/h        0.165 c/b        6.063 b/c
ok 7 - Speed (always passes) # metrohash128crc_2
### Differential Tests ###
# Testing 8303632 up-to-5-bit differentials in 64-bit keys -> 128 bit hashes.
# 1000 reps, 8303632000 total tests, expecting 0.00 random collisions..........
ok 8 - Differential collisions # metrohash128crc_2
ok 9 - Nothing skipped during differential collision check # metrohash128crc_2
# 0 total collisions, of which 0 single collisions were ignored
ok 10 - ProcessDifferentials
# Testing 11017632 up-to-4-bit differentials in 128-bit keys -> 128 bit hashes.
# 1000 reps, 11017632000 total tests, expecting 0.00 random collisions..........
ok 11 - Differential collisions # metrohash128crc_2
ok 12 - Nothing skipped during differential collision check # metrohash128crc_2
# 0 total collisions, of which 0 single collisions were ignored
ok 13 - ProcessDifferentials
# Testing 2796416 up-to-3-bit differentials in 256-bit keys -> 128 bit hashes.
# 1000 reps, 2796416000 total tests, expecting 0.00 random collisions..........
ok 14 - Differential collisions # metrohash128crc_2
ok 15 - Nothing skipped during differential collision check # metrohash128crc_2
# 0 total collisions, of which 0 single collisions were ignored
ok 16 - ProcessDifferentials
ok 17 - Differential # metrohash128crc_2
### Avalanche Tests ### - seed-bits: 64 hash-bits: 128
# Samples 250000, expected error 0.00102400, confidence level 99.99994267%
# Testing   0-bit keys.......... ok.     # worst-bit:   0.764% error-ratio: 9.599837e-01
ok 18 - Strict Avalanche Criteria - 0 bit keys
# Testing   8-bit keys.......... ok.     # worst-bit:   0.897% error-ratio: 9.924116e-01
ok 19 - Strict Avalanche Criteria - 8 bit keys
# Testing  16-bit keys.......... ok.     # worst-bit:   0.814% error-ratio: 1.038799e+00
ok 20 - Strict Avalanche Criteria - 16 bit keys
# Testing  24-bit keys.......... ok.     # worst-bit:   0.757% error-ratio: 9.909122e-01
ok 21 - Strict Avalanche Criteria - 24 bit keys
# Testing  32-bit keys.......... ok.     # worst-bit:   0.787% error-ratio: 9.870292e-01
ok 22 - Strict Avalanche Criteria - 32 bit keys
# Testing  40-bit keys.......... ok.     # worst-bit:   0.907% error-ratio: 9.809325e-01
ok 23 - Strict Avalanche Criteria - 40 bit keys
# Testing  48-bit keys.......... ok.     # worst-bit:   0.962% error-ratio: 1.022247e+00
ok 24 - Strict Avalanche Criteria - 48 bit keys
# Testing  56-bit keys.......... ok.     # worst-bit:   0.819% error-ratio: 9.951304e-01
ok 25 - Strict Avalanche Criteria - 56 bit keys
# Testing  64-bit keys.......... ok.     # worst-bit:   0.800% error-ratio: 9.791935e-01
ok 26 - Strict Avalanche Criteria - 64 bit keys
# Testing  72-bit keys.......... ok.     # worst-bit:   0.832% error-ratio: 1.007756e+00
ok 27 - Strict Avalanche Criteria - 72 bit keys
# Testing  80-bit keys.......... ok.     # worst-bit:   0.872% error-ratio: 9.891023e-01
ok 28 - Strict Avalanche Criteria - 80 bit keys
# Testing  88-bit keys.......... ok.     # worst-bit:   0.807% error-ratio: 9.975139e-01
ok 29 - Strict Avalanche Criteria - 88 bit keys
# Testing  96-bit keys.......... ok.     # worst-bit:   0.813% error-ratio: 9.923380e-01
ok 30 - Strict Avalanche Criteria - 96 bit keys
# Testing 104-bit keys.......... ok.     # worst-bit:   0.946% error-ratio: 1.011237e+00
ok 31 - Strict Avalanche Criteria - 104 bit keys
# Testing 112-bit keys.......... ok.     # worst-bit:   0.779% error-ratio: 9.927857e-01
ok 32 - Strict Avalanche Criteria - 112 bit keys
# Testing 120-bit keys.......... ok.     # worst-bit:   0.864% error-ratio: 1.002153e+00
ok 33 - Strict Avalanche Criteria - 120 bit keys
# Testing 128-bit keys.......... ok.     # worst-bit:   0.918% error-ratio: 9.926657e-01
ok 34 - Strict Avalanche Criteria - 128 bit keys
# Testing 136-bit keys.......... ok.     # worst-bit:   0.830% error-ratio: 9.996985e-01
ok 35 - Strict Avalanche Criteria - 136 bit keys
# Testing 144-bit keys.......... ok.     # worst-bit:   0.766% error-ratio: 1.002054e+00
ok 36 - Strict Avalanche Criteria - 144 bit keys
# Testing 152-bit keys.......... ok.     # worst-bit:   0.866% error-ratio: 9.967463e-01
ok 37 - Strict Avalanche Criteria - 152 bit keys
# Testing 152-bit keys.......... ok.     # worst-bit:   0.823% error-ratio: 1.002092e+00
ok 38 - Strict Avalanche Criteria - 160 bit keys
# Testing 256-bit keys.......... ok.     # worst-bit:   0.870% error-ratio: 1.002161e+00
ok 39 - Strict Avalanche Criteria - 256 bit keys
ok 40 - Strict Avalanche Criteria # metrohash128crc_2
### Keyset 'Cyclic' Tests ###
# Keyset 'Cyclic' - 8 cycles of 16 bytes - 10000000 keys
# Testing collisions   - Expected     0.00, actual        0 ( 0.00x) - passed
ok 41 - Collision Rate for Keyset 'Cyclic' - 8 cycles of 16 bytes - 10000000 keys
ok 42 - Distribution Bias Check for Keyset 'Cyclic' - 8 cycles of 16 bytes - 10000000 keys
# Keyset 'Cyclic' - 8 cycles of 17 bytes - 10000000 keys
# Testing collisions   - Expected     0.00, actual        0 ( 0.00x) - passed
ok 43 - Collision Rate for Keyset 'Cyclic' - 8 cycles of 17 bytes - 10000000 keys
ok 44 - Distribution Bias Check for Keyset 'Cyclic' - 8 cycles of 17 bytes - 10000000 keys
# Keyset 'Cyclic' - 8 cycles of 18 bytes - 10000000 keys
# Testing collisions   - Expected     0.00, actual        0 ( 0.00x) - passed
ok 45 - Collision Rate for Keyset 'Cyclic' - 8 cycles of 18 bytes - 10000000 keys
ok 46 - Distribution Bias Check for Keyset 'Cyclic' - 8 cycles of 18 bytes - 10000000 keys
# Keyset 'Cyclic' - 8 cycles of 19 bytes - 10000000 keys
# Testing collisions   - Expected     0.00, actual        0 ( 0.00x) - passed
ok 47 - Collision Rate for Keyset 'Cyclic' - 8 cycles of 19 bytes - 10000000 keys
ok 48 - Distribution Bias Check for Keyset 'Cyclic' - 8 cycles of 19 bytes - 10000000 keys
# Keyset 'Cyclic' - 8 cycles of 20 bytes - 10000000 keys
# Testing collisions   - Expected     0.00, actual        0 ( 0.00x) - passed
ok 49 - Collision Rate for Keyset 'Cyclic' - 8 cycles of 20 bytes - 10000000 keys
ok 50 - Distribution Bias Check for Keyset 'Cyclic' - 8 cycles of 20 bytes - 10000000 keys
ok 51 - Keyset 'Cyclic' # metrohash128crc_2
### Keyset 'TwoBytes' Tests ###
# Testing collisions   - Expected     0.00, actual        0 ( 0.00x) - passed
ok 52 - Collision Rate for Keyset 'TwoBytes' - up-to-4-byte keys, 652545 total keys
ok 53 - Distribution Bias Check for Keyset 'TwoBytes' - up-to-4-byte keys, 652545 total keys
# Testing collisions   - Expected     0.00, actual        0 ( 0.00x) - passed
ok 54 - Collision Rate for Keyset 'TwoBytes' - up-to-8-byte keys, 5471025 total keys
ok 55 - Distribution Bias Check for Keyset 'TwoBytes' - up-to-8-byte keys, 5471025 total keys
# Testing collisions   - Expected     0.00, actual        0 ( 0.00x) - passed
ok 56 - Collision Rate for Keyset 'TwoBytes' - up-to-12-byte keys, 18616785 total keys
ok 57 - Distribution Bias Check for Keyset 'TwoBytes' - up-to-12-byte keys, 18616785 total keys
# Testing collisions   - Expected     0.00, actual        0 ( 0.00x) - passed
ok 58 - Collision Rate for Keyset 'TwoBytes' - up-to-16-byte keys, 44251425 total keys
ok 59 - Distribution Bias Check for Keyset 'TwoBytes' - up-to-16-byte keys, 44251425 total keys
# Testing collisions   - Expected     0.00, actual        0 ( 0.00x) - passed
ok 60 - Collision Rate for Keyset 'TwoBytes' - up-to-20-byte keys, 86536545 total keys
ok 61 - Distribution Bias Check for Keyset 'TwoBytes' - up-to-20-byte keys, 86536545 total keys
ok 62 - Keyset 'TwoBytes' # metrohash128crc_2
### Keyset 'Sparse' Tests ###
# Keyset 'Sparse' - 32-bit keys with up to 6 bits set - 1149017 keys
# Testing collisions   - Expected     0.00, actual        0 ( 0.00x) - passed
ok 63 - Collision Rate for Keyset 'Sparse' - 32-bit keys with up to 6 bits set
ok 64 - Distribution Bias Check for Keyset 'Sparse' - 32-bit keys with up to 6 bits set
# Keyset 'Sparse' - 40-bit keys with up to 6 bits set - 4598479 keys
# Testing collisions   - Expected     0.00, actual        0 ( 0.00x) - passed
ok 65 - Collision Rate for Keyset 'Sparse' - 40-bit keys with up to 6 bits set
ok 66 - Distribution Bias Check for Keyset 'Sparse' - 40-bit keys with up to 6 bits set
# Keyset 'Sparse' - 48-bit keys with up to 5 bits set - 1925357 keys
# Testing collisions   - Expected     0.00, actual        0 ( 0.00x) - passed
ok 67 - Collision Rate for Keyset 'Sparse' - 48-bit keys with up to 5 bits set
ok 68 - Distribution Bias Check for Keyset 'Sparse' - 48-bit keys with up to 5 bits set
# Keyset 'Sparse' - 56-bit keys with up to 5 bits set - 4216423 keys
# Testing collisions   - Expected     0.00, actual        0 ( 0.00x) - passed
ok 69 - Collision Rate for Keyset 'Sparse' - 56-bit keys with up to 5 bits set
ok 70 - Distribution Bias Check for Keyset 'Sparse' - 56-bit keys with up to 5 bits set
# Keyset 'Sparse' - 64-bit keys with up to 5 bits set - 8303633 keys
# Testing collisions   - Expected     0.00, actual        0 ( 0.00x) - passed
ok 71 - Collision Rate for Keyset 'Sparse' - 64-bit keys with up to 5 bits set
ok 72 - Distribution Bias Check for Keyset 'Sparse' - 64-bit keys with up to 5 bits set
# Keyset 'Sparse' - 96-bit keys with up to 4 bits set - 3469497 keys
# Testing collisions   - Expected     0.00, actual        0 ( 0.00x) - passed
ok 73 - Collision Rate for Keyset 'Sparse' - 96-bit keys with up to 4 bits set
ok 74 - Distribution Bias Check for Keyset 'Sparse' - 96-bit keys with up to 4 bits set
# Keyset 'Sparse' - 256-bit keys with up to 3 bits set - 2796417 keys
# Testing collisions   - Expected     0.00, actual        0 ( 0.00x) - passed
ok 75 - Collision Rate for Keyset 'Sparse' - 256-bit keys with up to 3 bits set
ok 76 - Distribution Bias Check for Keyset 'Sparse' - 256-bit keys with up to 3 bits set
# Keyset 'Sparse' - 2048-bit keys with up to 2 bits set - 2098177 keys
# Testing collisions   - Expected     0.00, actual        0 ( 0.00x) - passed
ok 77 - Collision Rate for Keyset 'Sparse' - 2048-bit keys with up to 2 bits set
ok 78 - Distribution Bias Check for Keyset 'Sparse' - 2048-bit keys with up to 2 bits set
ok 79 - Keyset 'Sparse' # metrohash128crc_2
# Keyset 'CRC-MultiCollision' - 100000 x 16 block keys - 128-bytes long - 10 seeds
# Testing collisions   - Expected     0.00, actual    99999 - ALL keys were in collision - failed
not ok 80 - Collision Rate for Keyset 'CRC-MultiCollision' - seed 1 # metrohash128crc_2
# Testing collisions   - Expected     0.00, actual    99999 - ALL keys were in collision - failed
not ok 81 - Collision Rate for Keyset 'CRC-MultiCollision' - seed 2 # metrohash128crc_2
# Testing collisions   - Expected     0.00, actual    99999 - ALL keys were in collision - failed
not ok 82 - Collision Rate for Keyset 'CRC-MultiCollision' - seed 3 # metrohash128crc_2
# Testing collisions   - Expected     0.00, actual    99999 - ALL keys were in collision - failed
not ok 83 - Collision Rate for Keyset 'CRC-MultiCollision' - seed 4 # metrohash128crc_2
# Testing collisions   - Expected     0.00, actual    99999 - ALL keys were in collision - failed
not ok 84 - Collision Rate for Keyset 'CRC-MultiCollision' - seed 5 # metrohash128crc_2
# Testing collisions   - Expected     0.00, actual    99999 - ALL keys were in collision - failed
not ok 85 - Collision Rate for Keyset 'CRC-MultiCollision' - seed 6 # metrohash128crc_2
# Testing collisions   - Expected     0.00, actual    99999 - ALL keys were in collision - failed
not ok 86 - Collision Rate for Keyset 'CRC-MultiCollision' - seed 7 # metrohash128crc_2
# Testing collisions   - Expected     0.00, actual    99999 - ALL keys were in collision - failed
not ok 87 - Collision Rate for Keyset 'CRC-MultiCollision' - seed 8 # metrohash128crc_2
# Testing collisions   - Expected     0.00, actual    99999 - ALL keys were in collision - failed
not ok 88 - Collision Rate for Keyset 'CRC-MultiCollision' - seed 9 # metrohash128crc_2
# Testing collisions   - Expected     0.00, actual    99999 - ALL keys were in collision - failed
not ok 89 - Collision Rate for Keyset 'CRC-MultiCollision' - seed 10 # metrohash128crc_2
### Keyset 'Combination Lowbits' Tests ###
# Keyset 'Combination' - up to 8 blocks from a set of 8 - 19173960 keys
# Testing collisions   - Expected     0.00, actual        0 ( 0.00x) - passed
ok 90 - Collision Rate for Keyset 'Combination Lowbits'
ok 91 - Distribution Bias Check for Keyset 'Combination Lowbits'
ok 92 - Keyset 'Combination Lowbits' # metrohash128crc_2
### Keyset 'Combination Highbits' Tests ###
# Keyset 'Combination' - up to 8 blocks from a set of 8 - 19173960 keys
# Testing collisions   - Expected     0.00, actual        0 ( 0.00x) - passed
ok 93 - Collision Rate for Keyset 'Combination Highbits'
ok 94 - Distribution Bias Check for Keyset 'Combination Highbits'
ok 95 - Keyset 'Combination Highbits' # metrohash128crc_2
### Keyset 'Combination Highbits2' Tests ###
# Keyset 'Combination' - up to 8 blocks from a set of 8 - 19173960 keys
# Testing collisions   - Expected     0.00, actual        0 ( 0.00x) - passed
ok 96 - Collision Rate for Keyset 'Combination Highbits2'
ok 97 - Distribution Bias Check for Keyset 'Combination Highbits2'
ok 98 - Keyset 'Combination Highbits2' # metrohash128crc_2
### Keyset 'Combination 0x80000000' Tests ###
# Keyset 'Combination' - up to 20 blocks from a set of 2 - 2097150 keys
# Testing collisions   - Expected     0.00, actual        0 ( 0.00x) - passed
ok 99 - Collision Rate for Keyset 'Combination 0x80000000'
ok 100 - Distribution Bias Check for Keyset 'Combination 0x80000000'
ok 101 - Keyset 'Combination 0x80000000' # metrohash128crc_2
### Keyset 'Combination 0x00000001' Tests ###
# Keyset 'Combination' - up to 20 blocks from a set of 2 - 2097150 keys
# Testing collisions   - Expected     0.00, actual        0 ( 0.00x) - passed
ok 102 - Collision Rate for Keyset 'Combination 0x00000001'
ok 103 - Distribution Bias Check for Keyset 'Combination 0x00000001'
ok 104 - Keyset 'Combination 0x00000001' # metrohash128crc_2
### Keyset 'Combination Hi-Lo' Tests ###
# Keyset 'Combination' - up to 6 blocks from a set of 15 - 12204240 keys
# Testing collisions   - Expected     0.00, actual        0 ( 0.00x) - passed
ok 105 - Collision Rate for Keyset 'Combination Hi-Lo'
ok 106 - Distribution Bias Check for Keyset 'Combination Hi-Lo'
ok 107 - Keyset 'Combination Hi-Lo' # metrohash128crc_2
### Keyset 'Text' Tests ###
# Keyset 'Text' - keys of form "Foo[XXXX]Bar" - 14776336 keys
# Testing collisions   - Expected     0.00, actual        0 ( 0.00x) - passed
ok 108 - Collision Rate for Keyset 'Text' - keys of form "Foo[XXXX]Bar" - 14776336 keys
ok 109 - Distribution Bias Check for Keyset 'Text' - keys of form "Foo[XXXX]Bar" - 14776336 keys
# Keyset 'Text' - keys of form "FooBar[XXXX]" - 14776336 keys
# Testing collisions   - Expected     0.00, actual        0 ( 0.00x) - passed
ok 110 - Collision Rate for Keyset 'Text' - keys of form "FooBar[XXXX]" - 14776336 keys
ok 111 - Distribution Bias Check for Keyset 'Text' - keys of form "FooBar[XXXX]" - 14776336 keys
# Keyset 'Text' - keys of form "[XXXX]FooBar" - 14776336 keys
# Testing collisions   - Expected     0.00, actual        0 ( 0.00x) - passed
ok 112 - Collision Rate for Keyset 'Text' - keys of form "[XXXX]FooBar" - 14776336 keys
ok 113 - Distribution Bias Check for Keyset 'Text' - keys of form "[XXXX]FooBar" - 14776336 keys
ok 114 - Keyset 'Text' # metrohash128crc_2
### Keyset 'Zeroes' Tests ###
# Keyset 'Zeroes' - 262144 keys
# Testing collisions   - Expected     0.00, actual        0 ( 0.00x) - passed
ok 115 - Collision Rate for Keyset 'Zeroes' - 262144 keys
ok 116 - Distribution Bias Check for Keyset 'Zeroes' - 262144 keys
ok 117 - Keyset 'Zeroes' # metrohash128crc_2
### Keyset 'Seed' Tests ###
# Keyset 'Seed' - 2000000 seeds, Key "The quick brown fox "...
# Testing collisions   - Expected     0.00, actual        0 ( 0.00x) - passed
ok 118 - Collision Rate for Keyset 'Seed' - 2000000 seeds, Key "The quick brown fox "...
ok 119 - Distribution Bias Check for Keyset 'Seed' - 2000000 seeds, Key "The quick brown fox "...
# Keyset 'Seed' - 2000000 seeds, Key ""
# Testing collisions   - Expected     0.00, actual        0 ( 0.00x) - passed
ok 120 - Collision Rate for Keyset 'Seed' - 2000000 seeds, Key ""
ok 121 - Distribution Bias Check for Keyset 'Seed' - 2000000 seeds, Key ""
# Keyset 'Seed' - 2000000 seeds, Key "00101100110101101"
# Testing collisions   - Expected     0.00, actual        0 ( 0.00x) - passed
ok 122 - Collision Rate for Keyset 'Seed' - 2000000 seeds, Key "00101100110101101"
ok 123 - Distribution Bias Check for Keyset 'Seed' - 2000000 seeds, Key "00101100110101101"
# Keyset 'Seed' - 2000000 seeds, Key "abcbcddbdebdcaaabaaa"...
# Testing collisions   - Expected     0.00, actual        0 ( 0.00x) - passed
ok 124 - Collision Rate for Keyset 'Seed' - 2000000 seeds, Key "abcbcddbdebdcaaabaaa"...
ok 125 - Distribution Bias Check for Keyset 'Seed' - 2000000 seeds, Key "abcbcddbdebdcaaabaaa"...
ok 126 - Keyset 'Seed' # metrohash128crc_2
### Keyset 'Effs' Tests ###
# Keyset 'Effs' - 262144 keys
# Testing collisions   - Expected     0.00, actual        0 ( 0.00x) - passed
ok 127 - Collision Rate for Keyset 'Effs' - 262144 keys
ok 128 - Distribution Bias Check for Keyset 'Effs' - 262144 keys
ok 129 - Keyset 'Effs' # metrohash128crc_2
not ok 130 - all tests passed # metrohash128crc_2
1..130
# Tests Failed. metrohash128crc_2 failed 11 of 130 tests.
# Testing took 2566.568313 seconds
# This is SMHasher version v1.0-demerphq-5-g86440f3 - built on Mar 10 2017.
