ok 1 - SelfTest - Verify 89 Hashes
ok 2 - Found Hash # metrohash64crc_2
###################################################################
### Testing metrohash64crc_2 - no seed_state
### - MetroHash64crc_2 for x64 -
### seedbits: 64 statebits: 64 hashbits: 64
###################################################################
### Sanity Tests ###
ok 3 - Verification code # metrohash64crc_2
# Sanity check simple key bit flips and consistency..........
ok 4 - SanityTest # metrohash64crc_2
# Sanity check null suffixes change the hash (simple)..........
ok 5 - Appended Zeroes Test # metrohash64crc_2
ok 6 - Sanity Test # metrohash64crc_2
### Speed Tests ###
## Bulk speed test - 262144-byte keys
# Alignment  7 -  8.989 bytes/cycle - 25716.39 MiB/sec @ 3 ghz
# Alignment  6 -  9.053 bytes/cycle - 25899.58 MiB/sec @ 3 ghz
# Alignment  5 -  9.052 bytes/cycle - 25898.25 MiB/sec @ 3 ghz
# Alignment  4 -  9.054 bytes/cycle - 25904.71 MiB/sec @ 3 ghz
# Alignment  3 -  9.054 bytes/cycle - 25902.38 MiB/sec @ 3 ghz
# Alignment  2 -  9.052 bytes/cycle - 25896.95 MiB/sec @ 3 ghz
# Alignment  1 -  9.050 bytes/cycle - 25892.75 MiB/sec @ 3 ghz
# Alignment  0 -  9.184 bytes/cycle - 26275.04 MiB/sec @ 3 ghz
# Average      -  9.061 bytes/cycle - 25923.26 MiB/sec @ 3 ghz
## KeySpeed tests
# metrohash64crc_2          0 byte keys       11.727 c/h
# metrohash64crc_2          1 byte keys       15.782 c/h       15.782 c/b        0.063 b/c
# metrohash64crc_2          2 byte keys       15.571 c/h        7.786 c/b        0.128 b/c
# metrohash64crc_2          3 byte keys       23.507 c/h        7.836 c/b        0.128 b/c
# metrohash64crc_2          4 byte keys       15.588 c/h        3.897 c/b        0.257 b/c
# metrohash64crc_2          5 byte keys       23.000 c/h        4.600 c/b        0.217 b/c
# metrohash64crc_2          6 byte keys       23.110 c/h        3.852 c/b        0.260 b/c
# metrohash64crc_2          7 byte keys       30.676 c/h        4.382 c/b        0.228 b/c
# metrohash64crc_2          8 byte keys       15.930 c/h        1.991 c/b        0.502 b/c
# metrohash64crc_2          9 byte keys       24.018 c/h        2.669 c/b        0.375 b/c
# metrohash64crc_2         10 byte keys       23.135 c/h        2.313 c/b        0.432 b/c
# metrohash64crc_2         11 byte keys       30.775 c/h        2.798 c/b        0.357 b/c
# metrohash64crc_2         12 byte keys       23.000 c/h        1.917 c/b        0.522 b/c
# metrohash64crc_2         13 byte keys       30.805 c/h        2.370 c/b        0.422 b/c
# metrohash64crc_2         14 byte keys       30.846 c/h        2.203 c/b        0.454 b/c
# metrohash64crc_2         15 byte keys       38.000 c/h        2.533 c/b        0.395 b/c
# metrohash64crc_2         16 byte keys       22.000 c/h        1.375 c/b        0.727 b/c
# metrohash64crc_2         17 byte keys       30.288 c/h        1.782 c/b        0.561 b/c
# metrohash64crc_2         18 byte keys       30.000 c/h        1.667 c/b        0.600 b/c
# metrohash64crc_2         19 byte keys       37.000 c/h        1.947 c/b        0.514 b/c
# metrohash64crc_2         20 byte keys       30.000 c/h        1.500 c/b        0.667 b/c
# metrohash64crc_2         21 byte keys       37.809 c/h        1.800 c/b        0.555 b/c
# metrohash64crc_2         22 byte keys       37.000 c/h        1.682 c/b        0.595 b/c
# metrohash64crc_2         23 byte keys       45.000 c/h        1.957 c/b        0.511 b/c
# metrohash64crc_2         24 byte keys       27.720 c/h        1.155 c/b        0.866 b/c
# metrohash64crc_2         25 byte keys       35.000 c/h        1.400 c/b        0.714 b/c
# metrohash64crc_2         26 byte keys       35.000 c/h        1.346 c/b        0.743 b/c
# metrohash64crc_2         27 byte keys       42.235 c/h        1.564 c/b        0.639 b/c
# metrohash64crc_2         28 byte keys       35.238 c/h        1.259 c/b        0.795 b/c
# metrohash64crc_2         29 byte keys       42.000 c/h        1.448 c/b        0.690 b/c
# metrohash64crc_2         30 byte keys       42.000 c/h        1.400 c/b        0.714 b/c
# metrohash64crc_2         31 byte keys       50.464 c/h        1.628 c/b        0.614 b/c
#                          Average < 32       29.819 c/h        1.924 c/b        0.520 b/c
# metrohash64crc_2         32 byte keys       37.000 c/h        1.156 c/b        0.865 b/c
# metrohash64crc_2         36 byte keys       45.000 c/h        1.250 c/b        0.800 b/c
# metrohash64crc_2         40 byte keys       43.023 c/h        1.076 c/b        0.930 b/c
# metrohash64crc_2         44 byte keys       50.000 c/h        1.136 c/b        0.880 b/c
# metrohash64crc_2         48 byte keys       49.000 c/h        1.021 c/b        0.980 b/c
# metrohash64crc_2         52 byte keys       56.577 c/h        1.088 c/b        0.919 b/c
# metrohash64crc_2         56 byte keys       54.000 c/h        0.964 c/b        1.037 b/c
# metrohash64crc_2         60 byte keys       61.846 c/h        1.031 c/b        0.970 b/c
# metrohash64crc_2         64 byte keys       41.000 c/h        0.641 c/b        1.561 b/c
# metrohash64crc_2         68 byte keys       48.864 c/h        0.719 c/b        1.392 b/c
# metrohash64crc_2         72 byte keys       46.245 c/h        0.642 c/b        1.557 b/c
# metrohash64crc_2         76 byte keys       53.000 c/h        0.697 c/b        1.434 b/c
# metrohash64crc_2         80 byte keys       52.254 c/h        0.653 c/b        1.531 b/c
# metrohash64crc_2         84 byte keys       60.270 c/h        0.718 c/b        1.394 b/c
# metrohash64crc_2         88 byte keys       57.291 c/h        0.651 c/b        1.536 b/c
# metrohash64crc_2         92 byte keys       66.204 c/h        0.720 c/b        1.390 b/c
# metrohash64crc_2         96 byte keys       45.285 c/h        0.472 c/b        2.120 b/c
# metrohash64crc_2        100 byte keys       51.916 c/h        0.519 c/b        1.926 b/c
# metrohash64crc_2        104 byte keys       49.246 c/h        0.474 c/b        2.112 b/c
# metrohash64crc_2        108 byte keys       56.997 c/h        0.528 c/b        1.895 b/c
# metrohash64crc_2        112 byte keys       56.000 c/h        0.500 c/b        2.000 b/c
# metrohash64crc_2        116 byte keys       63.000 c/h        0.543 c/b        1.841 b/c
# metrohash64crc_2        120 byte keys       61.000 c/h        0.508 c/b        1.967 b/c
# metrohash64crc_2        124 byte keys       68.000 c/h        0.548 c/b        1.824 b/c
#                         Average < 128       39.772 c/h        0.941 c/b        1.063 b/c
# metrohash64crc_2        128 byte keys       48.132 c/h        0.376 c/b        2.659 b/c
# metrohash64crc_2        256 byte keys       49.762 c/h        0.194 c/b        5.144 b/c
# metrohash64crc_2        512 byte keys       79.162 c/h        0.155 c/b        6.468 b/c
# metrohash64crc_2       1024 byte keys      147.323 c/h        0.144 c/b        6.951 b/c
# metrohash64crc_2       2048 byte keys      253.317 c/h        0.124 c/b        8.085 b/c
# metrohash64crc_2       4096 byte keys      467.229 c/h        0.114 c/b        8.767 b/c
# metrohash64crc_2       8192 byte keys      894.036 c/h        0.109 c/b        9.163 b/c
# metrohash64crc_2      16384 byte keys     1747.984 c/h        0.107 c/b        9.373 b/c
# metrohash64crc_2      32768 byte keys     3458.220 c/h        0.106 c/b        9.475 b/c
# metrohash64crc_2      65536 byte keys     6878.435 c/h        0.105 c/b        9.528 b/c
#                       Overall Average      246.225 c/h        0.122 c/b        8.203 b/c
ok 7 - Speed (always passes) # metrohash64crc_2
### Differential Tests ###
# Testing 8303632 up-to-5-bit differentials in 64-bit keys -> 64 bit hashes.
# 1000 reps, 8303632000 total tests, expecting 0.00 random collisions..........
ok 8 - Differential collisions # metrohash64crc_2
ok 9 - Nothing skipped during differential collision check # metrohash64crc_2
# 0 total collisions, of which 0 single collisions were ignored
ok 10 - ProcessDifferentials
# Testing 11017632 up-to-4-bit differentials in 128-bit keys -> 64 bit hashes.
# 1000 reps, 11017632000 total tests, expecting 0.00 random collisions..........
ok 11 - Differential collisions # metrohash64crc_2
ok 12 - Nothing skipped during differential collision check # metrohash64crc_2
# 0 total collisions, of which 0 single collisions were ignored
ok 13 - ProcessDifferentials
# Testing 2796416 up-to-3-bit differentials in 256-bit keys -> 64 bit hashes.
# 1000 reps, 2796416000 total tests, expecting 0.00 random collisions..........
ok 14 - Differential collisions # metrohash64crc_2
ok 15 - Nothing skipped during differential collision check # metrohash64crc_2
# 0 total collisions, of which 0 single collisions were ignored
ok 16 - ProcessDifferentials
ok 17 - Differential # metrohash64crc_2
### Avalanche Tests ### - seed-bits: 64 hash-bits: 64
# Samples 500000, expected error 0.00051200, confidence level 99.99994267%
# Testing   0-bit keys.......... ok.     # worst-bit:   0.551% error-ratio: 9.971753e-01
ok 18 - Strict Avalanche Criteria - 0 bit keys
# Testing   8-bit keys.......... ok.     # worst-bit:   0.549% error-ratio: 9.759709e-01
ok 19 - Strict Avalanche Criteria - 8 bit keys
# Testing  16-bit keys.......... ok.     # worst-bit:   0.623% error-ratio: 1.020869e+00
ok 20 - Strict Avalanche Criteria - 16 bit keys
# Testing  24-bit keys.......... ok.     # worst-bit:   0.597% error-ratio: 1.020022e+00
ok 21 - Strict Avalanche Criteria - 24 bit keys
# Testing  32-bit keys.......... ok.     # worst-bit:   0.526% error-ratio: 1.016182e+00
ok 22 - Strict Avalanche Criteria - 32 bit keys
# Testing  40-bit keys.......... ok.     # worst-bit:   0.530% error-ratio: 9.989992e-01
ok 23 - Strict Avalanche Criteria - 40 bit keys
# Testing  48-bit keys.......... ok.     # worst-bit:   0.530% error-ratio: 9.553440e-01
ok 24 - Strict Avalanche Criteria - 48 bit keys
# Testing  56-bit keys.......... ok.     # worst-bit:   0.518% error-ratio: 9.908866e-01
ok 25 - Strict Avalanche Criteria - 56 bit keys
# Testing  64-bit keys.......... ok.     # worst-bit:   0.594% error-ratio: 1.000212e+00
ok 26 - Strict Avalanche Criteria - 64 bit keys
# Testing  72-bit keys.......... ok.     # worst-bit:   0.635% error-ratio: 1.014287e+00
ok 27 - Strict Avalanche Criteria - 72 bit keys
# Testing  80-bit keys.......... ok.     # worst-bit:   0.549% error-ratio: 9.938148e-01
ok 28 - Strict Avalanche Criteria - 80 bit keys
# Testing  88-bit keys.......... ok.     # worst-bit:   0.562% error-ratio: 9.835884e-01
ok 29 - Strict Avalanche Criteria - 88 bit keys
# Testing  96-bit keys.......... ok.     # worst-bit:   0.553% error-ratio: 9.958353e-01
ok 30 - Strict Avalanche Criteria - 96 bit keys
# Testing 104-bit keys.......... ok.     # worst-bit:   0.530% error-ratio: 9.947825e-01
ok 31 - Strict Avalanche Criteria - 104 bit keys
# Testing 112-bit keys.......... ok.     # worst-bit:   0.576% error-ratio: 1.004476e+00
ok 32 - Strict Avalanche Criteria - 112 bit keys
# Testing 120-bit keys.......... ok.     # worst-bit:   0.503% error-ratio: 9.983286e-01
ok 33 - Strict Avalanche Criteria - 120 bit keys
# Testing 128-bit keys.......... ok.     # worst-bit:   0.520% error-ratio: 9.840732e-01
ok 34 - Strict Avalanche Criteria - 128 bit keys
# Testing 136-bit keys.......... ok.     # worst-bit:   0.630% error-ratio: 1.006654e+00
ok 35 - Strict Avalanche Criteria - 136 bit keys
# Testing 144-bit keys.......... ok.     # worst-bit:   0.622% error-ratio: 9.857749e-01
ok 36 - Strict Avalanche Criteria - 144 bit keys
# Testing 152-bit keys.......... ok.     # worst-bit:   0.671% error-ratio: 9.930826e-01
ok 37 - Strict Avalanche Criteria - 152 bit keys
# Testing 152-bit keys.......... ok.     # worst-bit:   0.546% error-ratio: 9.889872e-01
ok 38 - Strict Avalanche Criteria - 160 bit keys
# Testing 256-bit keys.......... ok.     # worst-bit:   0.619% error-ratio: 9.945019e-01
ok 39 - Strict Avalanche Criteria - 256 bit keys
ok 40 - Strict Avalanche Criteria # metrohash64crc_2
### Keyset 'Cyclic' Tests ###
# Keyset 'Cyclic' - 8 cycles of 8 bytes - 10000000 keys
# Testing collisions   - Expected     0.00, actual    11564 - Excessive keys in collision - failed
not ok 41 - Collision Rate for Keyset 'Cyclic' - 8 cycles of 8 bytes - 10000000 keys
ok 42 - Distribution Bias Check for Keyset 'Cyclic' - 8 cycles of 8 bytes - 10000000 keys
# Keyset 'Cyclic' - 8 cycles of 9 bytes - 10000000 keys
# Testing collisions   - Expected     0.00, actual        0 ( 0.00x) - passed
ok 43 - Collision Rate for Keyset 'Cyclic' - 8 cycles of 9 bytes - 10000000 keys
ok 44 - Distribution Bias Check for Keyset 'Cyclic' - 8 cycles of 9 bytes - 10000000 keys
# Keyset 'Cyclic' - 8 cycles of 10 bytes - 10000000 keys
# Testing collisions   - Expected     0.00, actual        0 ( 0.00x) - passed
ok 45 - Collision Rate for Keyset 'Cyclic' - 8 cycles of 10 bytes - 10000000 keys
ok 46 - Distribution Bias Check for Keyset 'Cyclic' - 8 cycles of 10 bytes - 10000000 keys
# Keyset 'Cyclic' - 8 cycles of 11 bytes - 10000000 keys
# Testing collisions   - Expected     0.00, actual        0 ( 0.00x) - passed
ok 47 - Collision Rate for Keyset 'Cyclic' - 8 cycles of 11 bytes - 10000000 keys
ok 48 - Distribution Bias Check for Keyset 'Cyclic' - 8 cycles of 11 bytes - 10000000 keys
# Keyset 'Cyclic' - 8 cycles of 12 bytes - 10000000 keys
# Testing collisions   - Expected     0.00, actual        0 ( 0.00x) - passed
ok 49 - Collision Rate for Keyset 'Cyclic' - 8 cycles of 12 bytes - 10000000 keys
ok 50 - Distribution Bias Check for Keyset 'Cyclic' - 8 cycles of 12 bytes - 10000000 keys
not ok 51 - Keyset 'Cyclic' # metrohash64crc_2
### Keyset 'TwoBytes' Tests ###
# Testing collisions   - Expected     0.00, actual        0 ( 0.00x) - passed
ok 52 - Collision Rate for Keyset 'TwoBytes' - up-to-4-byte keys, 652545 total keys
ok 53 - Distribution Bias Check for Keyset 'TwoBytes' - up-to-4-byte keys, 652545 total keys
# Testing collisions   - Expected     0.00, actual        0 ( 0.00x) - passed
ok 54 - Collision Rate for Keyset 'TwoBytes' - up-to-8-byte keys, 5471025 total keys
ok 55 - Distribution Bias Check for Keyset 'TwoBytes' - up-to-8-byte keys, 5471025 total keys
# Testing collisions   - Expected     0.00, actual        0 ( 0.00x) - passed
ok 56 - Collision Rate for Keyset 'TwoBytes' - up-to-12-byte keys, 18616785 total keys
ok 57 - Distribution Bias Check for Keyset 'TwoBytes' - up-to-12-byte keys, 18616785 total keys
# Testing collisions   - Expected     0.00, actual        0 ( 0.00x) - passed
ok 58 - Collision Rate for Keyset 'TwoBytes' - up-to-16-byte keys, 44251425 total keys
ok 59 - Distribution Bias Check for Keyset 'TwoBytes' - up-to-16-byte keys, 44251425 total keys
# Testing collisions   - Expected     0.00, actual        0 ( 0.00x) - passed
ok 60 - Collision Rate for Keyset 'TwoBytes' - up-to-20-byte keys, 86536545 total keys
ok 61 - Distribution Bias Check for Keyset 'TwoBytes' - up-to-20-byte keys, 86536545 total keys
ok 62 - Keyset 'TwoBytes' # metrohash64crc_2
### Keyset 'Sparse' Tests ###
# Keyset 'Sparse' - 32-bit keys with up to 6 bits set - 1149017 keys
# Testing collisions   - Expected     0.00, actual        0 ( 0.00x) - passed
ok 63 - Collision Rate for Keyset 'Sparse' - 32-bit keys with up to 6 bits set
ok 64 - Distribution Bias Check for Keyset 'Sparse' - 32-bit keys with up to 6 bits set
# Keyset 'Sparse' - 40-bit keys with up to 6 bits set - 4598479 keys
# Testing collisions   - Expected     0.00, actual        0 ( 0.00x) - passed
ok 65 - Collision Rate for Keyset 'Sparse' - 40-bit keys with up to 6 bits set
ok 66 - Distribution Bias Check for Keyset 'Sparse' - 40-bit keys with up to 6 bits set
# Keyset 'Sparse' - 48-bit keys with up to 5 bits set - 1925357 keys
# Testing collisions   - Expected     0.00, actual        0 ( 0.00x) - passed
ok 67 - Collision Rate for Keyset 'Sparse' - 48-bit keys with up to 5 bits set
ok 68 - Distribution Bias Check for Keyset 'Sparse' - 48-bit keys with up to 5 bits set
# Keyset 'Sparse' - 56-bit keys with up to 5 bits set - 4216423 keys
# Testing collisions   - Expected     0.00, actual        0 ( 0.00x) - passed
ok 69 - Collision Rate for Keyset 'Sparse' - 56-bit keys with up to 5 bits set
ok 70 - Distribution Bias Check for Keyset 'Sparse' - 56-bit keys with up to 5 bits set
# Keyset 'Sparse' - 64-bit keys with up to 5 bits set - 8303633 keys
# Testing collisions   - Expected     0.00, actual        0 ( 0.00x) - passed
ok 71 - Collision Rate for Keyset 'Sparse' - 64-bit keys with up to 5 bits set
ok 72 - Distribution Bias Check for Keyset 'Sparse' - 64-bit keys with up to 5 bits set
# Keyset 'Sparse' - 96-bit keys with up to 4 bits set - 3469497 keys
# Testing collisions   - Expected     0.00, actual        0 ( 0.00x) - passed
ok 73 - Collision Rate for Keyset 'Sparse' - 96-bit keys with up to 4 bits set
ok 74 - Distribution Bias Check for Keyset 'Sparse' - 96-bit keys with up to 4 bits set
# Keyset 'Sparse' - 256-bit keys with up to 3 bits set - 2796417 keys
# Testing collisions   - Expected     0.00, actual        0 ( 0.00x) - passed
ok 75 - Collision Rate for Keyset 'Sparse' - 256-bit keys with up to 3 bits set
ok 76 - Distribution Bias Check for Keyset 'Sparse' - 256-bit keys with up to 3 bits set
# Keyset 'Sparse' - 2048-bit keys with up to 2 bits set - 2098177 keys
# Testing collisions   - Expected     0.00, actual        0 ( 0.00x) - passed
ok 77 - Collision Rate for Keyset 'Sparse' - 2048-bit keys with up to 2 bits set
ok 78 - Distribution Bias Check for Keyset 'Sparse' - 2048-bit keys with up to 2 bits set
ok 79 - Keyset 'Sparse' # metrohash64crc_2
# Keyset 'CRC-MultiCollision' - 1048575 x 16 block keys - 128-bytes long - 10 seeds
# Testing collisions   - Expected     0.00, actual  1048574 - ALL keys were in collision - failed
not ok 80 - Collision Rate for Keyset 'CRC-MultiCollision' - seed 1 # metrohash64crc_2
# Testing collisions   - Expected     0.00, actual  1048574 - ALL keys were in collision - failed
not ok 81 - Collision Rate for Keyset 'CRC-MultiCollision' - seed 2 # metrohash64crc_2
# Testing collisions   - Expected     0.00, actual  1048574 - ALL keys were in collision - failed
not ok 82 - Collision Rate for Keyset 'CRC-MultiCollision' - seed 3 # metrohash64crc_2
# Testing collisions   - Expected     0.00, actual  1048574 - ALL keys were in collision - failed
not ok 83 - Collision Rate for Keyset 'CRC-MultiCollision' - seed 4 # metrohash64crc_2
# Testing collisions   - Expected     0.00, actual  1048574 - ALL keys were in collision - failed
not ok 84 - Collision Rate for Keyset 'CRC-MultiCollision' - seed 5 # metrohash64crc_2
# Testing collisions   - Expected     0.00, actual  1048574 - ALL keys were in collision - failed
not ok 85 - Collision Rate for Keyset 'CRC-MultiCollision' - seed 6 # metrohash64crc_2
# Testing collisions   - Expected     0.00, actual  1048574 - ALL keys were in collision - failed
not ok 86 - Collision Rate for Keyset 'CRC-MultiCollision' - seed 7 # metrohash64crc_2
# Testing collisions   - Expected     0.00, actual  1048574 - ALL keys were in collision - failed
not ok 87 - Collision Rate for Keyset 'CRC-MultiCollision' - seed 8 # metrohash64crc_2
# Testing collisions   - Expected     0.00, actual  1048574 - ALL keys were in collision - failed
not ok 88 - Collision Rate for Keyset 'CRC-MultiCollision' - seed 9 # metrohash64crc_2
# Testing collisions   - Expected     0.00, actual  1048574 - ALL keys were in collision - failed
not ok 89 - Collision Rate for Keyset 'CRC-MultiCollision' - seed 10 # metrohash64crc_2
### Keyset 'Combination Lowbits' Tests ###
# Keyset 'Combination' - up to 8 blocks from a set of 8 - 19173960 keys
# Testing collisions   - Expected     0.00, actual        0 ( 0.00x) - passed
ok 90 - Collision Rate for Keyset 'Combination Lowbits'
ok 91 - Distribution Bias Check for Keyset 'Combination Lowbits'
ok 92 - Keyset 'Combination Lowbits' # metrohash64crc_2
### Keyset 'Combination Highbits' Tests ###
# Keyset 'Combination' - up to 8 blocks from a set of 8 - 19173960 keys
# Testing collisions   - Expected     0.00, actual        0 ( 0.00x) - passed
ok 93 - Collision Rate for Keyset 'Combination Highbits'
ok 94 - Distribution Bias Check for Keyset 'Combination Highbits'
ok 95 - Keyset 'Combination Highbits' # metrohash64crc_2
### Keyset 'Combination Highbits2' Tests ###
# Keyset 'Combination' - up to 8 blocks from a set of 8 - 19173960 keys
# Testing collisions   - Expected     0.00, actual        0 ( 0.00x) - passed
ok 96 - Collision Rate for Keyset 'Combination Highbits2'
ok 97 - Distribution Bias Check for Keyset 'Combination Highbits2'
ok 98 - Keyset 'Combination Highbits2' # metrohash64crc_2
### Keyset 'Combination 0x80000000' Tests ###
# Keyset 'Combination' - up to 20 blocks from a set of 2 - 2097150 keys
# Testing collisions   - Expected     0.00, actual        0 ( 0.00x) - passed
ok 99 - Collision Rate for Keyset 'Combination 0x80000000'
ok 100 - Distribution Bias Check for Keyset 'Combination 0x80000000'
ok 101 - Keyset 'Combination 0x80000000' # metrohash64crc_2
### Keyset 'Combination 0x00000001' Tests ###
# Keyset 'Combination' - up to 20 blocks from a set of 2 - 2097150 keys
# Testing collisions   - Expected     0.00, actual        0 ( 0.00x) - passed
ok 102 - Collision Rate for Keyset 'Combination 0x00000001'
ok 103 - Distribution Bias Check for Keyset 'Combination 0x00000001'
ok 104 - Keyset 'Combination 0x00000001' # metrohash64crc_2
### Keyset 'Combination Hi-Lo' Tests ###
# Keyset 'Combination' - up to 6 blocks from a set of 15 - 12204240 keys
# Testing collisions   - Expected     0.00, actual        0 ( 0.00x) - passed
ok 105 - Collision Rate for Keyset 'Combination Hi-Lo'
ok 106 - Distribution Bias Check for Keyset 'Combination Hi-Lo'
ok 107 - Keyset 'Combination Hi-Lo' # metrohash64crc_2
### Keyset 'Text' Tests ###
# Keyset 'Text' - keys of form "Foo[XXXX]Bar" - 14776336 keys
# Testing collisions   - Expected     0.00, actual        0 ( 0.00x) - passed
ok 108 - Collision Rate for Keyset 'Text' - keys of form "Foo[XXXX]Bar" - 14776336 keys
ok 109 - Distribution Bias Check for Keyset 'Text' - keys of form "Foo[XXXX]Bar" - 14776336 keys
# Keyset 'Text' - keys of form "FooBar[XXXX]" - 14776336 keys
# Testing collisions   - Expected     0.00, actual        0 ( 0.00x) - passed
ok 110 - Collision Rate for Keyset 'Text' - keys of form "FooBar[XXXX]" - 14776336 keys
ok 111 - Distribution Bias Check for Keyset 'Text' - keys of form "FooBar[XXXX]" - 14776336 keys
# Keyset 'Text' - keys of form "[XXXX]FooBar" - 14776336 keys
# Testing collisions   - Expected     0.00, actual        0 ( 0.00x) - passed
ok 112 - Collision Rate for Keyset 'Text' - keys of form "[XXXX]FooBar" - 14776336 keys
ok 113 - Distribution Bias Check for Keyset 'Text' - keys of form "[XXXX]FooBar" - 14776336 keys
ok 114 - Keyset 'Text' # metrohash64crc_2
### Keyset 'Zeroes' Tests ###
# Keyset 'Zeroes' - 262144 keys
# Testing collisions   - Expected     0.00, actual        0 ( 0.00x) - passed
ok 115 - Collision Rate for Keyset 'Zeroes' - 262144 keys
ok 116 - Distribution Bias Check for Keyset 'Zeroes' - 262144 keys
ok 117 - Keyset 'Zeroes' # metrohash64crc_2
### Keyset 'Seed' Tests ###
# Keyset 'Seed' - 2000000 seeds, Key "The quick brown fox "...
# Testing collisions   - Expected     0.00, actual        0 ( 0.00x) - passed
ok 118 - Collision Rate for Keyset 'Seed' - 2000000 seeds, Key "The quick brown fox "...
ok 119 - Distribution Bias Check for Keyset 'Seed' - 2000000 seeds, Key "The quick brown fox "...
# Keyset 'Seed' - 2000000 seeds, Key ""
# Testing collisions   - Expected     0.00, actual        0 ( 0.00x) - passed
ok 120 - Collision Rate for Keyset 'Seed' - 2000000 seeds, Key ""
ok 121 - Distribution Bias Check for Keyset 'Seed' - 2000000 seeds, Key ""
# Keyset 'Seed' - 2000000 seeds, Key "00101100110101101"
# Testing collisions   - Expected     0.00, actual        0 ( 0.00x) - passed
ok 122 - Collision Rate for Keyset 'Seed' - 2000000 seeds, Key "00101100110101101"
ok 123 - Distribution Bias Check for Keyset 'Seed' - 2000000 seeds, Key "00101100110101101"
# Keyset 'Seed' - 2000000 seeds, Key "abcbcddbdebdcaaabaaa"...
# Testing collisions   - Expected     0.00, actual        0 ( 0.00x) - passed
ok 124 - Collision Rate for Keyset 'Seed' - 2000000 seeds, Key "abcbcddbdebdcaaabaaa"...
ok 125 - Distribution Bias Check for Keyset 'Seed' - 2000000 seeds, Key "abcbcddbdebdcaaabaaa"...
ok 126 - Keyset 'Seed' # metrohash64crc_2
### Keyset 'Effs' Tests ###
# Keyset 'Effs' - 262144 keys
# Testing collisions   - Expected     0.00, actual        0 ( 0.00x) - passed
ok 127 - Collision Rate for Keyset 'Effs' - 262144 keys
ok 128 - Distribution Bias Check for Keyset 'Effs' - 262144 keys
ok 129 - Keyset 'Effs' # metrohash64crc_2
not ok 130 - all tests passed # metrohash64crc_2
1..130
# Tests Failed. metrohash64crc_2 failed 13 of 130 tests.
# Testing took 1675.045439 seconds
# This is SMHasher version v1.0-demerphq-5-g86440f3 - built on Mar 10 2017.
