ok 1 - SelfTest - Verify 89 Hashes
ok 2 - Found Hash # metrohash64crc_1
###################################################################
### Testing metrohash64crc_1 - no seed_state
### - MetroHash64crc_1 for x64 -
### seedbits: 64 statebits: 64 hashbits: 64
###################################################################
### Sanity Tests ###
ok 3 - Verification code # metrohash64crc_1
# Sanity check simple key bit flips and consistency..........
ok 4 - SanityTest # metrohash64crc_1
# Sanity check null suffixes change the hash (simple)..........
ok 5 - Appended Zeroes Test # metrohash64crc_1
ok 6 - Sanity Test # metrohash64crc_1
### Speed Tests ###
## Bulk speed test - 262144-byte keys
# Alignment  7 -  9.135 bytes/cycle - 26134.08 MiB/sec @ 3 ghz
# Alignment  6 -  9.135 bytes/cycle - 26134.97 MiB/sec @ 3 ghz
# Alignment  5 -  9.136 bytes/cycle - 26139.32 MiB/sec @ 3 ghz
# Alignment  4 -  9.135 bytes/cycle - 26135.90 MiB/sec @ 3 ghz
# Alignment  3 -  9.135 bytes/cycle - 26136.14 MiB/sec @ 3 ghz
# Alignment  2 -  9.134 bytes/cycle - 26133.34 MiB/sec @ 3 ghz
# Alignment  1 -  9.135 bytes/cycle - 26136.19 MiB/sec @ 3 ghz
# Alignment  0 -  9.249 bytes/cycle - 26462.45 MiB/sec @ 3 ghz
# Average      -  9.149 bytes/cycle - 26176.55 MiB/sec @ 3 ghz
## KeySpeed tests
# metrohash64crc_1          0 byte keys       12.151 c/h
# metrohash64crc_1          1 byte keys       15.876 c/h       15.876 c/b        0.063 b/c
# metrohash64crc_1          2 byte keys       15.586 c/h        7.793 c/b        0.128 b/c
# metrohash64crc_1          3 byte keys       23.000 c/h        7.667 c/b        0.130 b/c
# metrohash64crc_1          4 byte keys       15.640 c/h        3.910 c/b        0.256 b/c
# metrohash64crc_1          5 byte keys       23.000 c/h        4.600 c/b        0.217 b/c
# metrohash64crc_1          6 byte keys       23.000 c/h        3.833 c/b        0.261 b/c
# metrohash64crc_1          7 byte keys       31.134 c/h        4.448 c/b        0.225 b/c
# metrohash64crc_1          8 byte keys       15.933 c/h        1.992 c/b        0.502 b/c
# metrohash64crc_1          9 byte keys       23.130 c/h        2.570 c/b        0.389 b/c
# metrohash64crc_1         10 byte keys       23.000 c/h        2.300 c/b        0.435 b/c
# metrohash64crc_1         11 byte keys       30.681 c/h        2.789 c/b        0.359 b/c
# metrohash64crc_1         12 byte keys       23.125 c/h        1.927 c/b        0.519 b/c
# metrohash64crc_1         13 byte keys       30.635 c/h        2.357 c/b        0.424 b/c
# metrohash64crc_1         14 byte keys       30.764 c/h        2.197 c/b        0.455 b/c
# metrohash64crc_1         15 byte keys       38.270 c/h        2.551 c/b        0.392 b/c
# metrohash64crc_1         16 byte keys       22.108 c/h        1.382 c/b        0.724 b/c
# metrohash64crc_1         17 byte keys       30.000 c/h        1.765 c/b        0.567 b/c
# metrohash64crc_1         18 byte keys       30.000 c/h        1.667 c/b        0.600 b/c
# metrohash64crc_1         19 byte keys       37.000 c/h        1.947 c/b        0.514 b/c
# metrohash64crc_1         20 byte keys       30.413 c/h        1.521 c/b        0.658 b/c
# metrohash64crc_1         21 byte keys       37.000 c/h        1.762 c/b        0.568 b/c
# metrohash64crc_1         22 byte keys       37.000 c/h        1.682 c/b        0.595 b/c
# metrohash64crc_1         23 byte keys       45.000 c/h        1.957 c/b        0.511 b/c
# metrohash64crc_1         24 byte keys       27.465 c/h        1.144 c/b        0.874 b/c
# metrohash64crc_1         25 byte keys       35.000 c/h        1.400 c/b        0.714 b/c
# metrohash64crc_1         26 byte keys       35.000 c/h        1.346 c/b        0.743 b/c
# metrohash64crc_1         27 byte keys       42.641 c/h        1.579 c/b        0.633 b/c
# metrohash64crc_1         28 byte keys       35.000 c/h        1.250 c/b        0.800 b/c
# metrohash64crc_1         29 byte keys       42.000 c/h        1.448 c/b        0.690 b/c
# metrohash64crc_1         30 byte keys       42.943 c/h        1.431 c/b        0.699 b/c
# metrohash64crc_1         31 byte keys       50.000 c/h        1.613 c/b        0.620 b/c
#                          Average < 32       29.797 c/h        1.922 c/b        0.520 b/c
# metrohash64crc_1         32 byte keys       37.262 c/h        1.164 c/b        0.859 b/c
# metrohash64crc_1         36 byte keys       45.000 c/h        1.250 c/b        0.800 b/c
# metrohash64crc_1         40 byte keys       43.215 c/h        1.080 c/b        0.926 b/c
# metrohash64crc_1         44 byte keys       50.000 c/h        1.136 c/b        0.880 b/c
# metrohash64crc_1         48 byte keys       49.000 c/h        1.021 c/b        0.980 b/c
# metrohash64crc_1         52 byte keys       56.594 c/h        1.088 c/b        0.919 b/c
# metrohash64crc_1         56 byte keys       54.000 c/h        0.964 c/b        1.037 b/c
# metrohash64crc_1         60 byte keys       62.412 c/h        1.040 c/b        0.961 b/c
# metrohash64crc_1         64 byte keys       41.000 c/h        0.641 c/b        1.561 b/c
# metrohash64crc_1         68 byte keys       48.000 c/h        0.706 c/b        1.417 b/c
# metrohash64crc_1         72 byte keys       46.134 c/h        0.641 c/b        1.561 b/c
# metrohash64crc_1         76 byte keys       53.000 c/h        0.697 c/b        1.434 b/c
# metrohash64crc_1         80 byte keys       52.000 c/h        0.650 c/b        1.538 b/c
# metrohash64crc_1         84 byte keys       61.149 c/h        0.728 c/b        1.374 b/c
# metrohash64crc_1         88 byte keys       57.784 c/h        0.657 c/b        1.523 b/c
# metrohash64crc_1         92 byte keys       65.000 c/h        0.707 c/b        1.415 b/c
# metrohash64crc_1         96 byte keys       44.000 c/h        0.458 c/b        2.182 b/c
# metrohash64crc_1        100 byte keys       51.995 c/h        0.520 c/b        1.923 b/c
# metrohash64crc_1        104 byte keys       49.244 c/h        0.473 c/b        2.112 b/c
# metrohash64crc_1        108 byte keys       56.773 c/h        0.526 c/b        1.902 b/c
# metrohash64crc_1        112 byte keys       56.000 c/h        0.500 c/b        2.000 b/c
# metrohash64crc_1        116 byte keys       63.000 c/h        0.543 c/b        1.841 b/c
# metrohash64crc_1        120 byte keys       61.000 c/h        0.508 c/b        1.967 b/c
# metrohash64crc_1        124 byte keys       68.530 c/h        0.553 c/b        1.809 b/c
#                         Average < 128       39.743 c/h        0.940 c/b        1.064 b/c
# metrohash64crc_1        128 byte keys       48.047 c/h        0.375 c/b        2.664 b/c
# metrohash64crc_1        256 byte keys       52.109 c/h        0.204 c/b        4.913 b/c
# metrohash64crc_1        512 byte keys       76.878 c/h        0.150 c/b        6.660 b/c
# metrohash64crc_1       1024 byte keys      145.292 c/h        0.142 c/b        7.048 b/c
# metrohash64crc_1       2048 byte keys      255.363 c/h        0.125 c/b        8.020 b/c
# metrohash64crc_1       4096 byte keys      466.335 c/h        0.114 c/b        8.783 b/c
# metrohash64crc_1       8192 byte keys      892.526 c/h        0.109 c/b        9.178 b/c
# metrohash64crc_1      16384 byte keys     1746.422 c/h        0.107 c/b        9.381 b/c
# metrohash64crc_1      32768 byte keys     3454.597 c/h        0.105 c/b        9.485 b/c
# metrohash64crc_1      65536 byte keys     6876.254 c/h        0.105 c/b        9.531 b/c
#                       Overall Average      246.052 c/h        0.122 c/b        8.209 b/c
ok 7 - Speed (always passes) # metrohash64crc_1
### Differential Tests ###
# Testing 8303632 up-to-5-bit differentials in 64-bit keys -> 64 bit hashes.
# 1000 reps, 8303632000 total tests, expecting 0.00 random collisions..........
ok 8 - Differential collisions # metrohash64crc_1
ok 9 - Nothing skipped during differential collision check # metrohash64crc_1
# 0 total collisions, of which 0 single collisions were ignored
ok 10 - ProcessDifferentials
# Testing 11017632 up-to-4-bit differentials in 128-bit keys -> 64 bit hashes.
# 1000 reps, 11017632000 total tests, expecting 0.00 random collisions..........
ok 11 - Differential collisions # metrohash64crc_1
ok 12 - Nothing skipped during differential collision check # metrohash64crc_1
# 0 total collisions, of which 0 single collisions were ignored
ok 13 - ProcessDifferentials
# Testing 2796416 up-to-3-bit differentials in 256-bit keys -> 64 bit hashes.
# 1000 reps, 2796416000 total tests, expecting 0.00 random collisions..........
ok 14 - Differential collisions # metrohash64crc_1
ok 15 - Nothing skipped during differential collision check # metrohash64crc_1
# 0 total collisions, of which 0 single collisions were ignored
ok 16 - ProcessDifferentials
ok 17 - Differential # metrohash64crc_1
### Avalanche Tests ### - seed-bits: 64 hash-bits: 64
# Samples 500000, expected error 0.00051200, confidence level 99.99994267%
# Testing   0-bit keys.......... ok.     # worst-bit:   0.491% error-ratio: 9.979093e-01
ok 18 - Strict Avalanche Criteria - 0 bit keys
# Testing   8-bit keys.......... ok.     # worst-bit:   0.517% error-ratio: 1.001112e+00
ok 19 - Strict Avalanche Criteria - 8 bit keys
# Testing  16-bit keys.......... ok.     # worst-bit:   0.626% error-ratio: 1.005238e+00
ok 20 - Strict Avalanche Criteria - 16 bit keys
# Testing  24-bit keys.......... ok.     # worst-bit:   0.527% error-ratio: 9.848540e-01
ok 21 - Strict Avalanche Criteria - 24 bit keys
# Testing  32-bit keys.......... ok.     # worst-bit:   0.489% error-ratio: 1.025728e+00
ok 22 - Strict Avalanche Criteria - 32 bit keys
# Testing  40-bit keys.......... ok.     # worst-bit:   0.542% error-ratio: 9.968420e-01
ok 23 - Strict Avalanche Criteria - 40 bit keys
# Testing  48-bit keys.......... ok.     # worst-bit:   0.560% error-ratio: 1.024673e+00
ok 24 - Strict Avalanche Criteria - 48 bit keys
# Testing  56-bit keys.......... ok.     # worst-bit:   0.566% error-ratio: 1.014839e+00
ok 25 - Strict Avalanche Criteria - 56 bit keys
# Testing  64-bit keys.......... ok.     # worst-bit:   0.510% error-ratio: 9.953150e-01
ok 26 - Strict Avalanche Criteria - 64 bit keys
# Testing  72-bit keys.......... ok.     # worst-bit:   0.505% error-ratio: 1.000111e+00
ok 27 - Strict Avalanche Criteria - 72 bit keys
# Testing  80-bit keys.......... ok.     # worst-bit:   0.529% error-ratio: 9.957629e-01
ok 28 - Strict Avalanche Criteria - 80 bit keys
# Testing  88-bit keys.......... ok.     # worst-bit:   0.509% error-ratio: 1.009408e+00
ok 29 - Strict Avalanche Criteria - 88 bit keys
# Testing  96-bit keys.......... ok.     # worst-bit:   0.584% error-ratio: 1.005706e+00
ok 30 - Strict Avalanche Criteria - 96 bit keys
# Testing 104-bit keys.......... ok.     # worst-bit:   0.648% error-ratio: 9.908983e-01
ok 31 - Strict Avalanche Criteria - 104 bit keys
# Testing 112-bit keys.......... ok.     # worst-bit:   0.546% error-ratio: 9.955332e-01
ok 32 - Strict Avalanche Criteria - 112 bit keys
# Testing 120-bit keys.......... ok.     # worst-bit:   0.532% error-ratio: 9.578899e-01
ok 33 - Strict Avalanche Criteria - 120 bit keys
# Testing 128-bit keys.......... ok.     # worst-bit:   0.549% error-ratio: 9.954686e-01
ok 34 - Strict Avalanche Criteria - 128 bit keys
# Testing 136-bit keys.......... ok.     # worst-bit:   0.586% error-ratio: 9.839905e-01
ok 35 - Strict Avalanche Criteria - 136 bit keys
# Testing 144-bit keys.......... ok.     # worst-bit:   0.614% error-ratio: 9.980625e-01
ok 36 - Strict Avalanche Criteria - 144 bit keys
# Testing 152-bit keys.......... ok.     # worst-bit:   0.533% error-ratio: 9.857191e-01
ok 37 - Strict Avalanche Criteria - 152 bit keys
# Testing 152-bit keys.......... ok.     # worst-bit:   0.591% error-ratio: 1.007307e+00
ok 38 - Strict Avalanche Criteria - 160 bit keys
# Testing 256-bit keys.......... ok.     # worst-bit:   0.612% error-ratio: 1.026096e+00
ok 39 - Strict Avalanche Criteria - 256 bit keys
ok 40 - Strict Avalanche Criteria # metrohash64crc_1
### Keyset 'Cyclic' Tests ###
# Keyset 'Cyclic' - 8 cycles of 8 bytes - 10000000 keys
# Testing collisions   - Expected     0.00, actual    11564 - Excessive keys in collision - failed
not ok 41 - Collision Rate for Keyset 'Cyclic' - 8 cycles of 8 bytes - 10000000 keys
ok 42 - Distribution Bias Check for Keyset 'Cyclic' - 8 cycles of 8 bytes - 10000000 keys
# Keyset 'Cyclic' - 8 cycles of 9 bytes - 10000000 keys
# Testing collisions   - Expected     0.00, actual        0 ( 0.00x) - passed
ok 43 - Collision Rate for Keyset 'Cyclic' - 8 cycles of 9 bytes - 10000000 keys
ok 44 - Distribution Bias Check for Keyset 'Cyclic' - 8 cycles of 9 bytes - 10000000 keys
# Keyset 'Cyclic' - 8 cycles of 10 bytes - 10000000 keys
# Testing collisions   - Expected     0.00, actual        0 ( 0.00x) - passed
ok 45 - Collision Rate for Keyset 'Cyclic' - 8 cycles of 10 bytes - 10000000 keys
ok 46 - Distribution Bias Check for Keyset 'Cyclic' - 8 cycles of 10 bytes - 10000000 keys
# Keyset 'Cyclic' - 8 cycles of 11 bytes - 10000000 keys
# Testing collisions   - Expected     0.00, actual        0 ( 0.00x) - passed
ok 47 - Collision Rate for Keyset 'Cyclic' - 8 cycles of 11 bytes - 10000000 keys
ok 48 - Distribution Bias Check for Keyset 'Cyclic' - 8 cycles of 11 bytes - 10000000 keys
# Keyset 'Cyclic' - 8 cycles of 12 bytes - 10000000 keys
# Testing collisions   - Expected     0.00, actual        0 ( 0.00x) - passed
ok 49 - Collision Rate for Keyset 'Cyclic' - 8 cycles of 12 bytes - 10000000 keys
ok 50 - Distribution Bias Check for Keyset 'Cyclic' - 8 cycles of 12 bytes - 10000000 keys
not ok 51 - Keyset 'Cyclic' # metrohash64crc_1
### Keyset 'TwoBytes' Tests ###
# Testing collisions   - Expected     0.00, actual        0 ( 0.00x) - passed
ok 52 - Collision Rate for Keyset 'TwoBytes' - up-to-4-byte keys, 652545 total keys
ok 53 - Distribution Bias Check for Keyset 'TwoBytes' - up-to-4-byte keys, 652545 total keys
# Testing collisions   - Expected     0.00, actual        0 ( 0.00x) - passed
ok 54 - Collision Rate for Keyset 'TwoBytes' - up-to-8-byte keys, 5471025 total keys
ok 55 - Distribution Bias Check for Keyset 'TwoBytes' - up-to-8-byte keys, 5471025 total keys
# Testing collisions   - Expected     0.00, actual        0 ( 0.00x) - passed
ok 56 - Collision Rate for Keyset 'TwoBytes' - up-to-12-byte keys, 18616785 total keys
ok 57 - Distribution Bias Check for Keyset 'TwoBytes' - up-to-12-byte keys, 18616785 total keys
# Testing collisions   - Expected     0.00, actual        0 ( 0.00x) - passed
ok 58 - Collision Rate for Keyset 'TwoBytes' - up-to-16-byte keys, 44251425 total keys
ok 59 - Distribution Bias Check for Keyset 'TwoBytes' - up-to-16-byte keys, 44251425 total keys
# Testing collisions   - Expected     0.00, actual        0 ( 0.00x) - passed
ok 60 - Collision Rate for Keyset 'TwoBytes' - up-to-20-byte keys, 86536545 total keys
ok 61 - Distribution Bias Check for Keyset 'TwoBytes' - up-to-20-byte keys, 86536545 total keys
ok 62 - Keyset 'TwoBytes' # metrohash64crc_1
### Keyset 'Sparse' Tests ###
# Keyset 'Sparse' - 32-bit keys with up to 6 bits set - 1149017 keys
# Testing collisions   - Expected     0.00, actual        0 ( 0.00x) - passed
ok 63 - Collision Rate for Keyset 'Sparse' - 32-bit keys with up to 6 bits set
ok 64 - Distribution Bias Check for Keyset 'Sparse' - 32-bit keys with up to 6 bits set
# Keyset 'Sparse' - 40-bit keys with up to 6 bits set - 4598479 keys
# Testing collisions   - Expected     0.00, actual        0 ( 0.00x) - passed
ok 65 - Collision Rate for Keyset 'Sparse' - 40-bit keys with up to 6 bits set
ok 66 - Distribution Bias Check for Keyset 'Sparse' - 40-bit keys with up to 6 bits set
# Keyset 'Sparse' - 48-bit keys with up to 5 bits set - 1925357 keys
# Testing collisions   - Expected     0.00, actual        0 ( 0.00x) - passed
ok 67 - Collision Rate for Keyset 'Sparse' - 48-bit keys with up to 5 bits set
ok 68 - Distribution Bias Check for Keyset 'Sparse' - 48-bit keys with up to 5 bits set
# Keyset 'Sparse' - 56-bit keys with up to 5 bits set - 4216423 keys
# Testing collisions   - Expected     0.00, actual        0 ( 0.00x) - passed
ok 69 - Collision Rate for Keyset 'Sparse' - 56-bit keys with up to 5 bits set
ok 70 - Distribution Bias Check for Keyset 'Sparse' - 56-bit keys with up to 5 bits set
# Keyset 'Sparse' - 64-bit keys with up to 5 bits set - 8303633 keys
# Testing collisions   - Expected     0.00, actual        0 ( 0.00x) - passed
ok 71 - Collision Rate for Keyset 'Sparse' - 64-bit keys with up to 5 bits set
ok 72 - Distribution Bias Check for Keyset 'Sparse' - 64-bit keys with up to 5 bits set
# Keyset 'Sparse' - 96-bit keys with up to 4 bits set - 3469497 keys
# Testing collisions   - Expected     0.00, actual        0 ( 0.00x) - passed
ok 73 - Collision Rate for Keyset 'Sparse' - 96-bit keys with up to 4 bits set
ok 74 - Distribution Bias Check for Keyset 'Sparse' - 96-bit keys with up to 4 bits set
# Keyset 'Sparse' - 256-bit keys with up to 3 bits set - 2796417 keys
# Testing collisions   - Expected     0.00, actual        0 ( 0.00x) - passed
ok 75 - Collision Rate for Keyset 'Sparse' - 256-bit keys with up to 3 bits set
ok 76 - Distribution Bias Check for Keyset 'Sparse' - 256-bit keys with up to 3 bits set
# Keyset 'Sparse' - 2048-bit keys with up to 2 bits set - 2098177 keys
# Testing collisions   - Expected     0.00, actual        0 ( 0.00x) - passed
ok 77 - Collision Rate for Keyset 'Sparse' - 2048-bit keys with up to 2 bits set
ok 78 - Distribution Bias Check for Keyset 'Sparse' - 2048-bit keys with up to 2 bits set
ok 79 - Keyset 'Sparse' # metrohash64crc_1
# Keyset 'CRC-MultiCollision' - 1048575 x 16 block keys - 128-bytes long - 10 seeds
# Testing collisions   - Expected     0.00, actual  1048574 - ALL keys were in collision - failed
not ok 80 - Collision Rate for Keyset 'CRC-MultiCollision' - seed 1 # metrohash64crc_1
# Testing collisions   - Expected     0.00, actual  1048574 - ALL keys were in collision - failed
not ok 81 - Collision Rate for Keyset 'CRC-MultiCollision' - seed 2 # metrohash64crc_1
# Testing collisions   - Expected     0.00, actual  1048574 - ALL keys were in collision - failed
not ok 82 - Collision Rate for Keyset 'CRC-MultiCollision' - seed 3 # metrohash64crc_1
# Testing collisions   - Expected     0.00, actual  1048574 - ALL keys were in collision - failed
not ok 83 - Collision Rate for Keyset 'CRC-MultiCollision' - seed 4 # metrohash64crc_1
# Testing collisions   - Expected     0.00, actual  1048574 - ALL keys were in collision - failed
not ok 84 - Collision Rate for Keyset 'CRC-MultiCollision' - seed 5 # metrohash64crc_1
# Testing collisions   - Expected     0.00, actual  1048574 - ALL keys were in collision - failed
not ok 85 - Collision Rate for Keyset 'CRC-MultiCollision' - seed 6 # metrohash64crc_1
# Testing collisions   - Expected     0.00, actual  1048574 - ALL keys were in collision - failed
not ok 86 - Collision Rate for Keyset 'CRC-MultiCollision' - seed 7 # metrohash64crc_1
# Testing collisions   - Expected     0.00, actual  1048574 - ALL keys were in collision - failed
not ok 87 - Collision Rate for Keyset 'CRC-MultiCollision' - seed 8 # metrohash64crc_1
# Testing collisions   - Expected     0.00, actual  1048574 - ALL keys were in collision - failed
not ok 88 - Collision Rate for Keyset 'CRC-MultiCollision' - seed 9 # metrohash64crc_1
# Testing collisions   - Expected     0.00, actual  1048574 - ALL keys were in collision - failed
not ok 89 - Collision Rate for Keyset 'CRC-MultiCollision' - seed 10 # metrohash64crc_1
### Keyset 'Combination Lowbits' Tests ###
# Keyset 'Combination' - up to 8 blocks from a set of 8 - 19173960 keys
# Testing collisions   - Expected     0.00, actual        0 ( 0.00x) - passed
ok 90 - Collision Rate for Keyset 'Combination Lowbits'
ok 91 - Distribution Bias Check for Keyset 'Combination Lowbits'
ok 92 - Keyset 'Combination Lowbits' # metrohash64crc_1
### Keyset 'Combination Highbits' Tests ###
# Keyset 'Combination' - up to 8 blocks from a set of 8 - 19173960 keys
# Testing collisions   - Expected     0.00, actual        0 ( 0.00x) - passed
ok 93 - Collision Rate for Keyset 'Combination Highbits'
ok 94 - Distribution Bias Check for Keyset 'Combination Highbits'
ok 95 - Keyset 'Combination Highbits' # metrohash64crc_1
### Keyset 'Combination Highbits2' Tests ###
# Keyset 'Combination' - up to 8 blocks from a set of 8 - 19173960 keys
# Testing collisions   - Expected     0.00, actual        0 ( 0.00x) - passed
ok 96 - Collision Rate for Keyset 'Combination Highbits2'
ok 97 - Distribution Bias Check for Keyset 'Combination Highbits2'
ok 98 - Keyset 'Combination Highbits2' # metrohash64crc_1
### Keyset 'Combination 0x80000000' Tests ###
# Keyset 'Combination' - up to 20 blocks from a set of 2 - 2097150 keys
# Testing collisions   - Expected     0.00, actual        0 ( 0.00x) - passed
ok 99 - Collision Rate for Keyset 'Combination 0x80000000'
ok 100 - Distribution Bias Check for Keyset 'Combination 0x80000000'
ok 101 - Keyset 'Combination 0x80000000' # metrohash64crc_1
### Keyset 'Combination 0x00000001' Tests ###
# Keyset 'Combination' - up to 20 blocks from a set of 2 - 2097150 keys
# Testing collisions   - Expected     0.00, actual        0 ( 0.00x) - passed
ok 102 - Collision Rate for Keyset 'Combination 0x00000001'
ok 103 - Distribution Bias Check for Keyset 'Combination 0x00000001'
ok 104 - Keyset 'Combination 0x00000001' # metrohash64crc_1
### Keyset 'Combination Hi-Lo' Tests ###
# Keyset 'Combination' - up to 6 blocks from a set of 15 - 12204240 keys
# Testing collisions   - Expected     0.00, actual        0 ( 0.00x) - passed
ok 105 - Collision Rate for Keyset 'Combination Hi-Lo'
ok 106 - Distribution Bias Check for Keyset 'Combination Hi-Lo'
ok 107 - Keyset 'Combination Hi-Lo' # metrohash64crc_1
### Keyset 'Text' Tests ###
# Keyset 'Text' - keys of form "Foo[XXXX]Bar" - 14776336 keys
# Testing collisions   - Expected     0.00, actual        0 ( 0.00x) - passed
ok 108 - Collision Rate for Keyset 'Text' - keys of form "Foo[XXXX]Bar" - 14776336 keys
ok 109 - Distribution Bias Check for Keyset 'Text' - keys of form "Foo[XXXX]Bar" - 14776336 keys
# Keyset 'Text' - keys of form "FooBar[XXXX]" - 14776336 keys
# Testing collisions   - Expected     0.00, actual        0 ( 0.00x) - passed
ok 110 - Collision Rate for Keyset 'Text' - keys of form "FooBar[XXXX]" - 14776336 keys
ok 111 - Distribution Bias Check for Keyset 'Text' - keys of form "FooBar[XXXX]" - 14776336 keys
# Keyset 'Text' - keys of form "[XXXX]FooBar" - 14776336 keys
# Testing collisions   - Expected     0.00, actual        0 ( 0.00x) - passed
ok 112 - Collision Rate for Keyset 'Text' - keys of form "[XXXX]FooBar" - 14776336 keys
ok 113 - Distribution Bias Check for Keyset 'Text' - keys of form "[XXXX]FooBar" - 14776336 keys
ok 114 - Keyset 'Text' # metrohash64crc_1
### Keyset 'Zeroes' Tests ###
# Keyset 'Zeroes' - 262144 keys
# Testing collisions   - Expected     0.00, actual        0 ( 0.00x) - passed
ok 115 - Collision Rate for Keyset 'Zeroes' - 262144 keys
ok 116 - Distribution Bias Check for Keyset 'Zeroes' - 262144 keys
ok 117 - Keyset 'Zeroes' # metrohash64crc_1
### Keyset 'Seed' Tests ###
# Keyset 'Seed' - 2000000 seeds, Key "The quick brown fox "...
# Testing collisions   - Expected     0.00, actual        0 ( 0.00x) - passed
ok 118 - Collision Rate for Keyset 'Seed' - 2000000 seeds, Key "The quick brown fox "...
ok 119 - Distribution Bias Check for Keyset 'Seed' - 2000000 seeds, Key "The quick brown fox "...
# Keyset 'Seed' - 2000000 seeds, Key ""
# Testing collisions   - Expected     0.00, actual        0 ( 0.00x) - passed
ok 120 - Collision Rate for Keyset 'Seed' - 2000000 seeds, Key ""
ok 121 - Distribution Bias Check for Keyset 'Seed' - 2000000 seeds, Key ""
# Keyset 'Seed' - 2000000 seeds, Key "00101100110101101"
# Testing collisions   - Expected     0.00, actual        0 ( 0.00x) - passed
ok 122 - Collision Rate for Keyset 'Seed' - 2000000 seeds, Key "00101100110101101"
ok 123 - Distribution Bias Check for Keyset 'Seed' - 2000000 seeds, Key "00101100110101101"
# Keyset 'Seed' - 2000000 seeds, Key "abcbcddbdebdcaaabaaa"...
# Testing collisions   - Expected     0.00, actual        0 ( 0.00x) - passed
ok 124 - Collision Rate for Keyset 'Seed' - 2000000 seeds, Key "abcbcddbdebdcaaabaaa"...
ok 125 - Distribution Bias Check for Keyset 'Seed' - 2000000 seeds, Key "abcbcddbdebdcaaabaaa"...
ok 126 - Keyset 'Seed' # metrohash64crc_1
### Keyset 'Effs' Tests ###
# Keyset 'Effs' - 262144 keys
# Testing collisions   - Expected     0.00, actual        0 ( 0.00x) - passed
ok 127 - Collision Rate for Keyset 'Effs' - 262144 keys
ok 128 - Distribution Bias Check for Keyset 'Effs' - 262144 keys
ok 129 - Keyset 'Effs' # metrohash64crc_1
not ok 130 - all tests passed # metrohash64crc_1
1..130
# Tests Failed. metrohash64crc_1 failed 13 of 130 tests.
# Testing took 1670.839306 seconds
# This is SMHasher version v1.0-demerphq-5-g86440f3 - built on Mar 10 2017.
