ok 1 - Found Hash # MicroOAAT
###################################################################
### Testing MicroOAAT - no seed_state
### - Small non-mul one-at-a-time by funny-falcon -
### seedbits: 32 statebits: 32 hashbits: 32
###################################################################
ok 2 - Verification code # MicroOAAT
# MicroOAAT            - Verification value 0x9735B83E : Passed.
### Sanity Tests ###
# Sanity check simple key bit flips and consistency..........
ok 3 - SanityTest # MicroOAAT
# Sanity check null suffixes change the hash (simple)..........
ok 4 - Appended Zeroes Test # MicroOAAT
ok 5 - Sanity Test # MicroOAAT
### Speed Tests ###
## Bulk speed test - 262144-byte keys
# Alignment  7 -  0.355 bytes/cycle - 1015.85 MiB/sec @ 3 ghz
# Alignment  6 -  0.355 bytes/cycle - 1015.92 MiB/sec @ 3 ghz
# Alignment  5 -  0.355 bytes/cycle - 1015.86 MiB/sec @ 3 ghz
# Alignment  4 -  0.355 bytes/cycle - 1015.88 MiB/sec @ 3 ghz
# Alignment  3 -  0.355 bytes/cycle - 1015.83 MiB/sec @ 3 ghz
# Alignment  2 -  0.355 bytes/cycle - 1015.92 MiB/sec @ 3 ghz
# Alignment  1 -  0.355 bytes/cycle - 1015.81 MiB/sec @ 3 ghz
# Alignment  0 -  0.355 bytes/cycle - 1015.86 MiB/sec @ 3 ghz
# Average      -  0.355 bytes/cycle - 1015.87 MiB/sec @ 3 ghz
## KeySpeed tests
# MicroOAAT                 0 byte keys        5.000 c/h
# MicroOAAT                 1 byte keys       10.897 c/h       10.897 c/b        0.092 b/c
# MicroOAAT                 2 byte keys        8.000 c/h        4.000 c/b        0.250 b/c
# MicroOAAT                 3 byte keys       11.000 c/h        3.667 c/b        0.273 b/c
# MicroOAAT                 4 byte keys       13.994 c/h        3.498 c/b        0.286 b/c
# MicroOAAT                 5 byte keys       16.000 c/h        3.200 c/b        0.312 b/c
# MicroOAAT                 6 byte keys       19.000 c/h        3.167 c/b        0.316 b/c
# MicroOAAT                 7 byte keys       21.903 c/h        3.129 c/b        0.320 b/c
# MicroOAAT                 8 byte keys       31.307 c/h        3.913 c/b        0.256 b/c
# MicroOAAT                 9 byte keys       27.000 c/h        3.000 c/b        0.333 b/c
# MicroOAAT                10 byte keys       29.917 c/h        2.992 c/b        0.334 b/c
# MicroOAAT                11 byte keys       32.000 c/h        2.909 c/b        0.344 b/c
# MicroOAAT                12 byte keys       35.000 c/h        2.917 c/b        0.343 b/c
# MicroOAAT                13 byte keys       37.682 c/h        2.899 c/b        0.345 b/c
# MicroOAAT                14 byte keys       40.983 c/h        2.927 c/b        0.342 b/c
# MicroOAAT                15 byte keys       46.292 c/h        3.086 c/b        0.324 b/c
# MicroOAAT                16 byte keys       46.121 c/h        2.883 c/b        0.347 b/c
# MicroOAAT                17 byte keys       48.000 c/h        2.824 c/b        0.354 b/c
# MicroOAAT                18 byte keys       51.000 c/h        2.833 c/b        0.353 b/c
# MicroOAAT                19 byte keys       57.167 c/h        3.009 c/b        0.332 b/c
# MicroOAAT                20 byte keys       60.817 c/h        3.041 c/b        0.329 b/c
# MicroOAAT                21 byte keys       62.340 c/h        2.969 c/b        0.337 b/c
# MicroOAAT                22 byte keys       65.075 c/h        2.958 c/b        0.338 b/c
# MicroOAAT                23 byte keys       66.462 c/h        2.890 c/b        0.346 b/c
# MicroOAAT                24 byte keys       69.662 c/h        2.903 c/b        0.345 b/c
# MicroOAAT                25 byte keys       71.093 c/h        2.844 c/b        0.352 b/c
# MicroOAAT                26 byte keys       72.995 c/h        2.807 c/b        0.356 b/c
# MicroOAAT                27 byte keys       75.990 c/h        2.814 c/b        0.355 b/c
# MicroOAAT                28 byte keys       78.588 c/h        2.807 c/b        0.356 b/c
# MicroOAAT                29 byte keys       81.000 c/h        2.793 c/b        0.358 b/c
# MicroOAAT                30 byte keys       83.971 c/h        2.799 c/b        0.357 b/c
# MicroOAAT                31 byte keys       86.598 c/h        2.793 c/b        0.358 b/c
#                          Average < 32       45.714 c/h        2.949 c/b        0.339 b/c
# MicroOAAT                32 byte keys       89.371 c/h        2.793 c/b        0.358 b/c
# MicroOAAT                36 byte keys      100.447 c/h        2.790 c/b        0.358 b/c
# MicroOAAT                40 byte keys      111.681 c/h        2.792 c/b        0.358 b/c
# MicroOAAT                44 byte keys      124.073 c/h        2.820 c/b        0.355 b/c
# MicroOAAT                48 byte keys      133.996 c/h        2.792 c/b        0.358 b/c
# MicroOAAT                52 byte keys      145.000 c/h        2.788 c/b        0.359 b/c
# MicroOAAT                56 byte keys      156.692 c/h        2.798 c/b        0.357 b/c
# MicroOAAT                60 byte keys      168.028 c/h        2.800 c/b        0.357 b/c
# MicroOAAT                64 byte keys      179.278 c/h        2.801 c/b        0.357 b/c
# MicroOAAT                68 byte keys      192.179 c/h        2.826 c/b        0.354 b/c
# MicroOAAT                72 byte keys      201.789 c/h        2.803 c/b        0.357 b/c
# MicroOAAT                76 byte keys      212.891 c/h        2.801 c/b        0.357 b/c
# MicroOAAT                80 byte keys      223.979 c/h        2.800 c/b        0.357 b/c
# MicroOAAT                84 byte keys      237.821 c/h        2.831 c/b        0.353 b/c
# MicroOAAT                88 byte keys      246.880 c/h        2.805 c/b        0.356 b/c
# MicroOAAT                92 byte keys      258.131 c/h        2.806 c/b        0.356 b/c
# MicroOAAT                96 byte keys      269.408 c/h        2.806 c/b        0.356 b/c
# MicroOAAT               100 byte keys      280.677 c/h        2.807 c/b        0.356 b/c
# MicroOAAT               104 byte keys      291.901 c/h        2.807 c/b        0.356 b/c
# MicroOAAT               108 byte keys      303.201 c/h        2.807 c/b        0.356 b/c
# MicroOAAT               112 byte keys      314.504 c/h        2.808 c/b        0.356 b/c
# MicroOAAT               116 byte keys      325.759 c/h        2.808 c/b        0.356 b/c
# MicroOAAT               120 byte keys      337.008 c/h        2.808 c/b        0.356 b/c
# MicroOAAT               124 byte keys      348.345 c/h        2.809 c/b        0.356 b/c
#                         Average < 128      119.927 c/h        2.836 c/b        0.353 b/c
# MicroOAAT               128 byte keys      359.635 c/h        2.810 c/b        0.356 b/c
# MicroOAAT               256 byte keys      742.984 c/h        2.902 c/b        0.345 b/c
# MicroOAAT               512 byte keys     1464.227 c/h        2.860 c/b        0.350 b/c
# MicroOAAT              1024 byte keys     2906.209 c/h        2.838 c/b        0.352 b/c
# MicroOAAT              2048 byte keys     5789.338 c/h        2.827 c/b        0.354 b/c
# MicroOAAT              4096 byte keys    11559.303 c/h        2.822 c/b        0.354 b/c
# MicroOAAT              8192 byte keys    23092.503 c/h        2.819 c/b        0.355 b/c
# MicroOAAT             16384 byte keys    46165.590 c/h        2.818 c/b        0.355 b/c
# MicroOAAT             32768 byte keys    92300.738 c/h        2.817 c/b        0.355 b/c
# MicroOAAT             65536 byte keys   184532.950 c/h        2.816 c/b        0.355 b/c
#                       Overall Average     5691.354 c/h        2.818 c/b        0.355 b/c
ok 6 - Speed (always passes) # MicroOAAT
### Differential Tests ###
# Testing 8303632 up-to-5-bit differentials in 64-bit keys -> 32 bit hashes.
# 1000 reps, 8303632000 total tests, expecting 1.93 random collisions..........
ok 7 - Differential collisions # MicroOAAT
ok 8 - Nothing skipped during differential collision check # MicroOAAT
# 2 total collisions, of which 2 single collisions were ignored
ok 9 - ProcessDifferentials
# Testing 11017632 up-to-4-bit differentials in 128-bit keys -> 32 bit hashes.
# 1000 reps, 11017632000 total tests, expecting 2.57 random collisions..........
ok 10 - Differential collisions # MicroOAAT
ok 11 - Nothing skipped during differential collision check # MicroOAAT
# 1 total collisions, of which 1 single collisions were ignored
ok 12 - ProcessDifferentials
# Testing 2796416 up-to-3-bit differentials in 256-bit keys -> 32 bit hashes.
# 1000 reps, 2796416000 total tests, expecting 0.65 random collisions..........
ok 13 - Differential collisions # MicroOAAT
ok 14 - Nothing skipped during differential collision check # MicroOAAT
# 2 total collisions, of which 2 single collisions were ignored
ok 15 - ProcessDifferentials
ok 16 - Differential # MicroOAAT
### Avalanche Tests ### - seed-bits: 32 hash-bits: 32
# Samples 1000000, expected error 0.00025600, confidence level 99.99994267%
# Testing   0-bit keys.......... not ok! # worst-bit:   0.186% error-ratio: 7.025528e-01
#              +---------------------------------------------------+
#              |012345678901234567890123456789012345678901234567890|
#              +---------------------------------------------------+
# Scale:       |.1234567890abcdefghijklmnopqrstuvwxyzãäåêëîïðñôõöûü|
#              |üÿABCDEFGHIJKLMNOPQRSTUVWXYZÂÃÄÅÊËÑÔÕÖÛÜÝø¤*©®¶&%@#|
#              +---------------------------------------------------+
#              |pct diff from 50%: abs((0.5-(changed/reps))*2) *100|
#              +--------------------------------+
#              |0         1         2         3 |
#              |01234567890123456789012345678901|
#              +--------------------------------+
# seed     0.0 |................................| x 32
#              +--------------------------------+
#              +---------------------------------------------------+
#              |012345678901234567890123456789012345678901234567890|
#              +---------------------------------------------------+
# Scale:       |.1234567890abcdefghijklmnopqrstuvwxyzãäåêëîïðñôõöûü|
#              |üÿABCDEFGHIJKLMNOPQRSTUVWXYZÂÃÄÅÊËÑÔÕÖÛÜÝø¤*©®¶&%@#|
#              +---------------------------------------------------+
#              |scaled p-value above confidence level (zero is ok) |
#              +--------------------------------+
#              |0         1         2         3 |
#              |01234567890123456789012345678901|
#              +--------------------------------+
# seed     0.0 |................................| x 32
#              +--------------------------------+
# 0 of 1024 bits failed (0.00%) failed at 99.999943 confidence
#     g-test: 0.000000%
#     sum-error-square: 0.00017985
#     hash bit-level errors: 7/32
#     - hash bit 8 gtest-prob not-random: 100.0000 (15976788/16023212)
#     - hash bit 13 gtest-prob not-random: 100.0000 (16019012/15980988)
#     - hash bit 15 gtest-prob not-random: 100.0000 (15973904/16026096)
#     - with 4 more hash bit errors not described above.
not ok 17 - Strict Avalanche Criteria - 0 bit keys
# Testing   8-bit keys.......... not ok! # worst-bit:   0.317% error-ratio: 1.109974e+00
#              +---------------------------------------------------+
#              |012345678901234567890123456789012345678901234567890|
#              +---------------------------------------------------+
# Scale:       |.1234567890abcdefghijklmnopqrstuvwxyzãäåêëîïðñôõöûü|
#              |üÿABCDEFGHIJKLMNOPQRSTUVWXYZÂÃÄÅÊËÑÔÕÖÛÜÝø¤*©®¶&%@#|
#              +---------------------------------------------------+
#              |pct diff from 50%: abs((0.5-(changed/reps))*2) *100|
#              +--------------------------------+
#              |0         1         2         3 |
#              |01234567890123456789012345678901|
#              +--------------------------------+
# seed     0.0 |................................| x 32
# key      0.0 |................................| x 8
#              +--------------------------------+
#              +---------------------------------------------------+
#              |012345678901234567890123456789012345678901234567890|
#              +---------------------------------------------------+
# Scale:       |.1234567890abcdefghijklmnopqrstuvwxyzãäåêëîïðñôõöûü|
#              |üÿABCDEFGHIJKLMNOPQRSTUVWXYZÂÃÄÅÊËÑÔÕÖÛÜÝø¤*©®¶&%@#|
#              +---------------------------------------------------+
#              |scaled p-value above confidence level (zero is ok) |
#              +--------------------------------+
#              |0         1         2         3 |
#              |01234567890123456789012345678901|
#              +--------------------------------+
# seed     0.0 |................................| x 32
# key      0.0 |................................| x 8
#              +--------------------------------+
# 0 of 1280 bits failed (0.00%) failed at 99.999943 confidence
#     g-test: 0.000000%
#     sum-error-square: 0.00028415
#     hash bit-level errors: 6/32
#     - hash bit 1 gtest-prob not-random: 100.0000 (20024188/19975812)
#     - hash bit 2 gtest-prob not-random: 100.0000 (19981809/20018191)
#     - hash bit 7 gtest-prob not-random: 100.0000 (19980270/20019730)
#     - with 3 more hash bit errors not described above.
not ok 18 - Strict Avalanche Criteria - 8 bit keys
# Testing  16-bit keys.......... not ok! # worst-bit:   0.294% error-ratio: 1.040359e+00
#              +---------------------------------------------------+
#              |012345678901234567890123456789012345678901234567890|
#              +---------------------------------------------------+
# Scale:       |.1234567890abcdefghijklmnopqrstuvwxyzãäåêëîïðñôõöûü|
#              |üÿABCDEFGHIJKLMNOPQRSTUVWXYZÂÃÄÅÊËÑÔÕÖÛÜÝø¤*©®¶&%@#|
#              +---------------------------------------------------+
#              |pct diff from 50%: abs((0.5-(changed/reps))*2) *100|
#              +--------------------------------+
#              |0         1         2         3 |
#              |01234567890123456789012345678901|
#              +--------------------------------+
# seed     0.0 |................................| x 32
# key      0.0 |................................| x 16
#              +--------------------------------+
#              +---------------------------------------------------+
#              |012345678901234567890123456789012345678901234567890|
#              +---------------------------------------------------+
# Scale:       |.1234567890abcdefghijklmnopqrstuvwxyzãäåêëîïðñôõöûü|
#              |üÿABCDEFGHIJKLMNOPQRSTUVWXYZÂÃÄÅÊËÑÔÕÖÛÜÝø¤*©®¶&%@#|
#              +---------------------------------------------------+
#              |scaled p-value above confidence level (zero is ok) |
#              +--------------------------------+
#              |0         1         2         3 |
#              |01234567890123456789012345678901|
#              +--------------------------------+
# seed     0.0 |................................| x 32
# key      0.0 |................................| x 16
#              +--------------------------------+
# 0 of 1536 bits failed (0.00%) failed at 99.999943 confidence
#     g-test: 0.000000%
#     sum-error-square: 0.00026633
#     hash bit-level errors: 2/32
#     - hash bit 20 gtest-prob not-random: 100.0000 (24019780/23980220)
#     - hash bit 31 gtest-prob not-random: 100.0000 (23979983/24020017)
not ok 19 - Strict Avalanche Criteria - 16 bit keys
# Testing  24-bit keys.......... ok.     # worst-bit:   0.357% error-ratio: 1.054437e+00
ok 20 - Strict Avalanche Criteria - 24 bit keys
# Testing  32-bit keys.......... ok.     # worst-bit:   0.469% error-ratio: 1.064190e+00
ok 21 - Strict Avalanche Criteria - 32 bit keys
# Testing  40-bit keys.......... ok.     # worst-bit:   0.343% error-ratio: 9.106027e-01
ok 22 - Strict Avalanche Criteria - 40 bit keys
# Testing  48-bit keys.......... ok.     # worst-bit:   0.381% error-ratio: 9.784274e-01
ok 23 - Strict Avalanche Criteria - 48 bit keys
# Testing  56-bit keys.......... ok.     # worst-bit:   0.347% error-ratio: 9.326835e-01
ok 24 - Strict Avalanche Criteria - 56 bit keys
# Testing  64-bit keys.......... ok.     # worst-bit:   0.372% error-ratio: 9.547350e-01
ok 25 - Strict Avalanche Criteria - 64 bit keys
# Testing  72-bit keys.......... ok.     # worst-bit:   0.353% error-ratio: 9.830920e-01
ok 26 - Strict Avalanche Criteria - 72 bit keys
# Testing  80-bit keys.......... ok.     # worst-bit:   0.472% error-ratio: 9.625283e-01
ok 27 - Strict Avalanche Criteria - 80 bit keys
# Testing  88-bit keys.......... ok.     # worst-bit:   0.365% error-ratio: 9.481688e-01
ok 28 - Strict Avalanche Criteria - 88 bit keys
# Testing  96-bit keys.......... ok.     # worst-bit:   0.373% error-ratio: 1.000222e+00
ok 29 - Strict Avalanche Criteria - 96 bit keys
# Testing 104-bit keys.......... ok.     # worst-bit:   0.440% error-ratio: 1.018132e+00
ok 30 - Strict Avalanche Criteria - 104 bit keys
# Testing 112-bit keys.......... ok.     # worst-bit:   0.409% error-ratio: 1.003299e+00
ok 31 - Strict Avalanche Criteria - 112 bit keys
# Testing 120-bit keys.......... ok.     # worst-bit:   0.406% error-ratio: 1.009505e+00
ok 32 - Strict Avalanche Criteria - 120 bit keys
# Testing 128-bit keys.......... ok.     # worst-bit:   0.382% error-ratio: 9.825290e-01
ok 33 - Strict Avalanche Criteria - 128 bit keys
# Testing 136-bit keys.......... ok.     # worst-bit:   0.377% error-ratio: 1.009954e+00
ok 34 - Strict Avalanche Criteria - 136 bit keys
# Testing 144-bit keys.......... ok.     # worst-bit:   0.346% error-ratio: 9.946657e-01
ok 35 - Strict Avalanche Criteria - 144 bit keys
# Testing 152-bit keys.......... ok.     # worst-bit:   0.377% error-ratio: 9.909991e-01
ok 36 - Strict Avalanche Criteria - 152 bit keys
# Testing 152-bit keys.......... ok.     # worst-bit:   0.483% error-ratio: 9.828763e-01
ok 37 - Strict Avalanche Criteria - 160 bit keys
# Testing 256-bit keys.......... ok.     # worst-bit:   0.389% error-ratio: 9.683113e-01
ok 38 - Strict Avalanche Criteria - 256 bit keys
not ok 39 - Strict Avalanche Criteria # MicroOAAT
### Keyset 'Cyclic' Tests ###
# Keyset 'Cyclic' - 8 cycles of 4 bytes - 10000000 keys
# Testing collisions   - Expected 11641.53, actual    11495 ( 0.99x) - passed
ok 40 - Collision Rate for Keyset 'Cyclic' - 8 cycles of 4 bytes - 10000000 keys
ok 41 - Distribution Bias Check for Keyset 'Cyclic' - 8 cycles of 4 bytes - 10000000 keys
# Keyset 'Cyclic' - 8 cycles of 5 bytes - 10000000 keys
# Testing collisions   - Expected 11641.53, actual    11691 ( 1.00x) - passed
ok 42 - Collision Rate for Keyset 'Cyclic' - 8 cycles of 5 bytes - 10000000 keys
ok 43 - Distribution Bias Check for Keyset 'Cyclic' - 8 cycles of 5 bytes - 10000000 keys
# Keyset 'Cyclic' - 8 cycles of 6 bytes - 10000000 keys
# Testing collisions   - Expected 11641.53, actual    11441 ( 0.98x) - passed
ok 44 - Collision Rate for Keyset 'Cyclic' - 8 cycles of 6 bytes - 10000000 keys
ok 45 - Distribution Bias Check for Keyset 'Cyclic' - 8 cycles of 6 bytes - 10000000 keys
# Keyset 'Cyclic' - 8 cycles of 7 bytes - 10000000 keys
# Testing collisions   - Expected 11641.53, actual    11786 ( 1.01x) - passed
ok 46 - Collision Rate for Keyset 'Cyclic' - 8 cycles of 7 bytes - 10000000 keys
ok 47 - Distribution Bias Check for Keyset 'Cyclic' - 8 cycles of 7 bytes - 10000000 keys
# Keyset 'Cyclic' - 8 cycles of 8 bytes - 10000000 keys
# Testing collisions   - Expected 11641.53, actual    11469 ( 0.99x) - passed
ok 48 - Collision Rate for Keyset 'Cyclic' - 8 cycles of 8 bytes - 10000000 keys
ok 49 - Distribution Bias Check for Keyset 'Cyclic' - 8 cycles of 8 bytes - 10000000 keys
ok 50 - Keyset 'Cyclic' # MicroOAAT
### Keyset 'TwoBytes' Tests ###
# Testing collisions   - Expected    49.57, actual       43 ( 0.87x) - passed
ok 51 - Collision Rate for Keyset 'TwoBytes' - up-to-4-byte keys, 652545 total keys
# worst bias is the  15-bit window at bit  17 - 344.649% (288)
not ok 52 - Distribution Bias Check for Keyset 'TwoBytes' - up-to-4-byte keys, 652545 total keys
# Testing collisions   - Expected  3484.56, actual    15804 ( 4.54x) - failed
not ok 53 - Collision Rate for Keyset 'TwoBytes' - up-to-8-byte keys, 5471025 total keys
# worst bias is the  17-bit window at bit  15 - 22.575% (416)
not ok 54 - Distribution Bias Check for Keyset 'TwoBytes' - up-to-8-byte keys, 5471025 total keys
# Testing collisions   - Expected 40347.77, actual    53360 ( 1.32x) - passed
ok 55 - Collision Rate for Keyset 'TwoBytes' - up-to-12-byte keys, 18616785 total keys
# worst bias is the  17-bit window at bit  15 - 4.478% (416)
not ok 56 - Distribution Bias Check for Keyset 'TwoBytes' - up-to-12-byte keys, 18616785 total keys
# Testing collisions   - Expected 227963.15, actual   241705 ( 1.06x) - passed
ok 57 - Collision Rate for Keyset 'TwoBytes' - up-to-16-byte keys, 44251425 total keys
# worst bias is the  17-bit window at bit  15 - 1.454% (416)
not ok 58 - Distribution Bias Check for Keyset 'TwoBytes' - up-to-16-byte keys, 44251425 total keys
# Testing collisions   - Expected 871784.70, actual   882270 ( 1.01x) - passed
ok 59 - Collision Rate for Keyset 'TwoBytes' - up-to-20-byte keys, 86536545 total keys
ok 60 - Distribution Bias Check for Keyset 'TwoBytes' - up-to-20-byte keys, 86536545 total keys
not ok 61 - Keyset 'TwoBytes' # MicroOAAT
### Keyset 'Sparse' Tests ###
# Keyset 'Sparse' - 32-bit keys with up to 6 bits set - 1149017 keys
# Testing collisions   - Expected   153.70, actual      158 ( 1.03x) - passed
ok 62 - Collision Rate for Keyset 'Sparse' - 32-bit keys with up to 6 bits set
# worst bias is the  17-bit window at bit  18 - 14.864% (320)
not ok 63 - Distribution Bias Check for Keyset 'Sparse' - 32-bit keys with up to 6 bits set
# Keyset 'Sparse' - 40-bit keys with up to 6 bits set - 4598479 keys
# Testing collisions   - Expected  2461.72, actual     2427 ( 0.99x) - passed
ok 64 - Collision Rate for Keyset 'Sparse' - 40-bit keys with up to 6 bits set
# worst bias is the  19-bit window at bit  17 - 5.385% (384)
not ok 65 - Distribution Bias Check for Keyset 'Sparse' - 40-bit keys with up to 6 bits set
# Keyset 'Sparse' - 48-bit keys with up to 5 bits set - 1925357 keys
# Testing collisions   - Expected   431.55, actual      443 ( 1.03x) - passed
ok 66 - Collision Rate for Keyset 'Sparse' - 48-bit keys with up to 5 bits set
# worst bias is the  18-bit window at bit  17 - 8.271% (352)
not ok 67 - Distribution Bias Check for Keyset 'Sparse' - 48-bit keys with up to 5 bits set
# Keyset 'Sparse' - 56-bit keys with up to 5 bits set - 4216423 keys
# Testing collisions   - Expected  2069.66, actual     2058 ( 0.99x) - passed
ok 68 - Collision Rate for Keyset 'Sparse' - 56-bit keys with up to 5 bits set
# worst bias is the  19-bit window at bit  17 - 4.077% (384)
not ok 69 - Distribution Bias Check for Keyset 'Sparse' - 56-bit keys with up to 5 bits set
# Keyset 'Sparse' - 64-bit keys with up to 5 bits set - 8303633 keys
# Testing collisions   - Expected  8026.87, actual     8228 ( 1.03x) - passed
ok 70 - Collision Rate for Keyset 'Sparse' - 64-bit keys with up to 5 bits set
# worst bias is the  19-bit window at bit  17 - 2.036% (416)
not ok 71 - Distribution Bias Check for Keyset 'Sparse' - 64-bit keys with up to 5 bits set
# Keyset 'Sparse' - 96-bit keys with up to 4 bits set - 3469497 keys
# Testing collisions   - Expected  1401.34, actual     1391 ( 0.99x) - passed
ok 72 - Collision Rate for Keyset 'Sparse' - 96-bit keys with up to 4 bits set
# worst bias is the  19-bit window at bit  17 - 2.418% (384)
not ok 73 - Distribution Bias Check for Keyset 'Sparse' - 96-bit keys with up to 4 bits set
# Keyset 'Sparse' - 256-bit keys with up to 3 bits set - 2796417 keys
# Testing collisions   - Expected   910.36, actual      902 ( 0.99x) - passed
ok 74 - Collision Rate for Keyset 'Sparse' - 256-bit keys with up to 3 bits set
ok 75 - Distribution Bias Check for Keyset 'Sparse' - 256-bit keys with up to 3 bits set
# Keyset 'Sparse' - 2048-bit keys with up to 2 bits set - 2098177 keys
# Testing collisions   - Expected   512.50, actual      517 ( 1.01x) - passed
ok 76 - Collision Rate for Keyset 'Sparse' - 2048-bit keys with up to 2 bits set
ok 77 - Distribution Bias Check for Keyset 'Sparse' - 2048-bit keys with up to 2 bits set
not ok 78 - Keyset 'Sparse' # MicroOAAT
# Keyset 'CRC-MultiCollision' - 1048575 x 16 block keys - 128-bytes long - 10 seeds
# Testing collisions   - Expected   128.00, actual      117 ( 0.91x) - passed
ok 79 - Collision Rate for Keyset 'CRC-MultiCollision' - seed 1 # MicroOAAT
# Testing collisions   - Expected   128.00, actual      130 ( 1.02x) - passed
ok 80 - Collision Rate for Keyset 'CRC-MultiCollision' - seed 2 # MicroOAAT
# Testing collisions   - Expected   128.00, actual      120 ( 0.94x) - passed
ok 81 - Collision Rate for Keyset 'CRC-MultiCollision' - seed 3 # MicroOAAT
# Testing collisions   - Expected   128.00, actual      128 ( 1.00x) - passed
ok 82 - Collision Rate for Keyset 'CRC-MultiCollision' - seed 4 # MicroOAAT
# Testing collisions   - Expected   128.00, actual      147 ( 1.15x) - passed
ok 83 - Collision Rate for Keyset 'CRC-MultiCollision' - seed 5 # MicroOAAT
# Testing collisions   - Expected   128.00, actual      116 ( 0.91x) - passed
ok 84 - Collision Rate for Keyset 'CRC-MultiCollision' - seed 6 # MicroOAAT
# Testing collisions   - Expected   128.00, actual      125 ( 0.98x) - passed
ok 85 - Collision Rate for Keyset 'CRC-MultiCollision' - seed 7 # MicroOAAT
# Testing collisions   - Expected   128.00, actual      142 ( 1.11x) - passed
ok 86 - Collision Rate for Keyset 'CRC-MultiCollision' - seed 8 # MicroOAAT
# Testing collisions   - Expected   128.00, actual      112 ( 0.88x) - passed
ok 87 - Collision Rate for Keyset 'CRC-MultiCollision' - seed 9 # MicroOAAT
# Testing collisions   - Expected   128.00, actual      135 ( 1.05x) - passed
ok 88 - Collision Rate for Keyset 'CRC-MultiCollision' - seed 10 # MicroOAAT
### Keyset 'Combination Lowbits' Tests ###
# Keyset 'Combination' - up to 8 blocks from a set of 8 - 19173960 keys
# Testing collisions   - Expected 42799.01, actual    42889 ( 1.00x) - passed
ok 89 - Collision Rate for Keyset 'Combination Lowbits'
ok 90 - Distribution Bias Check for Keyset 'Combination Lowbits'
ok 91 - Keyset 'Combination Lowbits' # MicroOAAT
### Keyset 'Combination Highbits' Tests ###
# Keyset 'Combination' - up to 8 blocks from a set of 8 - 19173960 keys
# Testing collisions   - Expected 42799.01, actual    43422 ( 1.01x) - passed
ok 92 - Collision Rate for Keyset 'Combination Highbits'
# worst bias is the  19-bit window at bit  18 - 10.500% (416)
not ok 93 - Distribution Bias Check for Keyset 'Combination Highbits'
not ok 94 - Keyset 'Combination Highbits' # MicroOAAT
### Keyset 'Combination Highbits2' Tests ###
# Keyset 'Combination' - up to 8 blocks from a set of 8 - 19173960 keys
# Testing collisions   - Expected 42799.01, actual    43519 ( 1.02x) - passed
ok 95 - Collision Rate for Keyset 'Combination Highbits2'
# worst bias is the  19-bit window at bit  17 - 10.485% (416)
not ok 96 - Distribution Bias Check for Keyset 'Combination Highbits2'
not ok 97 - Keyset 'Combination Highbits2' # MicroOAAT
### Keyset 'Combination 0x80000000' Tests ###
# Keyset 'Combination' - up to 20 blocks from a set of 2 - 2097150 keys
# Testing collisions   - Expected   512.00, actual      509 ( 0.99x) - passed
ok 98 - Collision Rate for Keyset 'Combination 0x80000000'
# worst bias is the  18-bit window at bit  21 - 9.268% (352)
not ok 99 - Distribution Bias Check for Keyset 'Combination 0x80000000'
not ok 100 - Keyset 'Combination 0x80000000' # MicroOAAT
### Keyset 'Combination 0x00000001' Tests ###
# Keyset 'Combination' - up to 20 blocks from a set of 2 - 2097150 keys
# Testing collisions   - Expected   512.00, actual      526 ( 1.03x) - passed
ok 101 - Collision Rate for Keyset 'Combination 0x00000001'
ok 102 - Distribution Bias Check for Keyset 'Combination 0x00000001'
ok 103 - Keyset 'Combination 0x00000001' # MicroOAAT
### Keyset 'Combination Hi-Lo' Tests ###
# Keyset 'Combination' - up to 6 blocks from a set of 15 - 12204240 keys
# Testing collisions   - Expected 17339.30, actual    17333 ( 1.00x) - passed
ok 104 - Collision Rate for Keyset 'Combination Hi-Lo'
# worst bias is the  19-bit window at bit  18 - 8.562% (416)
not ok 105 - Distribution Bias Check for Keyset 'Combination Hi-Lo'
not ok 106 - Keyset 'Combination Hi-Lo' # MicroOAAT
### Keyset 'Text' Tests ###
# Keyset 'Text' - keys of form "Foo[XXXX]Bar" - 14776336 keys
# Testing collisions   - Expected 25418.13, actual    25831 ( 1.02x) - passed
ok 107 - Collision Rate for Keyset 'Text' - keys of form "Foo[XXXX]Bar" - 14776336 keys
# worst bias is the  20-bit window at bit   7 - 3.703% (416)
not ok 108 - Distribution Bias Check for Keyset 'Text' - keys of form "Foo[XXXX]Bar" - 14776336 keys
# Keyset 'Text' - keys of form "FooBar[XXXX]" - 14776336 keys
# Testing collisions   - Expected 25418.13, actual    25991 ( 1.02x) - passed
ok 109 - Collision Rate for Keyset 'Text' - keys of form "FooBar[XXXX]" - 14776336 keys
# worst bias is the  20-bit window at bit   2 - 18.438% (416)
not ok 110 - Distribution Bias Check for Keyset 'Text' - keys of form "FooBar[XXXX]" - 14776336 keys
# Keyset 'Text' - keys of form "[XXXX]FooBar" - 14776336 keys
# Testing collisions   - Expected 25418.13, actual    25543 ( 1.00x) - passed
ok 111 - Collision Rate for Keyset 'Text' - keys of form "[XXXX]FooBar" - 14776336 keys
# worst bias is the  20-bit window at bit   7 - 2.157% (416)
not ok 112 - Distribution Bias Check for Keyset 'Text' - keys of form "[XXXX]FooBar" - 14776336 keys
not ok 113 - Keyset 'Text' # MicroOAAT
### Keyset 'Zeroes' Tests ###
# Keyset 'Zeroes' - 262144 keys
# Testing collisions   - Expected     8.00, actual        6 ( 0.75x) - passed
ok 114 - Collision Rate for Keyset 'Zeroes' - 262144 keys
ok 115 - Distribution Bias Check for Keyset 'Zeroes' - 262144 keys
ok 116 - Keyset 'Zeroes' # MicroOAAT
### Keyset 'Seed' Tests ###
# Keyset 'Seed' - 2000000 seeds, Key "The quick brown fox "...
# Testing collisions   - Expected   465.46, actual      469 ( 1.01x) - passed
ok 117 - Collision Rate for Keyset 'Seed' - 2000000 seeds, Key "The quick brown fox "...
ok 118 - Distribution Bias Check for Keyset 'Seed' - 2000000 seeds, Key "The quick brown fox "...
# Keyset 'Seed' - 2000000 seeds, Key ""
# Testing collisions   - Expected   465.44, actual      480 ( 1.03x) - passed
ok 119 - Collision Rate for Keyset 'Seed' - 2000000 seeds, Key ""
ok 120 - Distribution Bias Check for Keyset 'Seed' - 2000000 seeds, Key ""
# Keyset 'Seed' - 2000000 seeds, Key "00101100110101101"
# Testing collisions   - Expected   465.46, actual      439 ( 0.94x) - passed
ok 121 - Collision Rate for Keyset 'Seed' - 2000000 seeds, Key "00101100110101101"
ok 122 - Distribution Bias Check for Keyset 'Seed' - 2000000 seeds, Key "00101100110101101"
# Keyset 'Seed' - 2000000 seeds, Key "abcbcddbdebdcaaabaaa"...
# Testing collisions   - Expected   465.45, actual      466 ( 1.00x) - passed
ok 123 - Collision Rate for Keyset 'Seed' - 2000000 seeds, Key "abcbcddbdebdcaaabaaa"...
ok 124 - Distribution Bias Check for Keyset 'Seed' - 2000000 seeds, Key "abcbcddbdebdcaaabaaa"...
ok 125 - Keyset 'Seed' # MicroOAAT
### Keyset 'Effs' Tests ###
# Keyset 'Effs' - 262144 keys
# Testing collisions   - Expected     8.00, actual        3 ( 0.38x) - passed
ok 126 - Collision Rate for Keyset 'Effs' - 262144 keys
ok 127 - Distribution Bias Check for Keyset 'Effs' - 262144 keys
ok 128 - Keyset 'Effs' # MicroOAAT
not ok 129 - all tests passed # MicroOAAT
1..129
# Tests Failed. MicroOAAT failed 30 of 129 tests.
# Testing took 1375.759132 seconds
# This is SMHasher version v1.0-demerphq-5-g86440f3 - built on Mar 10 2017.
