ok 1 - Found Hash # MUM
###################################################################
### Testing MUM - no seed_state
### - github.com/vnmakarov/mum-hash -
### seedbits: 64 statebits: 64 hashbits: 64
###################################################################
ok 2 - Verification code # MUM
# MUM                  - Verification value 0x73F6BFD7 : Passed.
### Sanity Tests ###
# Sanity check simple key bit flips and consistency..........
ok 3 - SanityTest # MUM
# Sanity check null suffixes change the hash (simple)..........
ok 4 - Appended Zeroes Test # MUM
ok 5 - Sanity Test # MUM
### Speed Tests ###
## Bulk speed test - 262144-byte keys
# Alignment  7 -  2.114 bytes/cycle - 6049.63 MiB/sec @ 3 ghz
# Alignment  6 -  2.106 bytes/cycle - 6024.44 MiB/sec @ 3 ghz
# Alignment  5 -  2.030 bytes/cycle - 5807.96 MiB/sec @ 3 ghz
# Alignment  4 -  2.001 bytes/cycle - 5725.23 MiB/sec @ 3 ghz
# Alignment  3 -  2.005 bytes/cycle - 5735.40 MiB/sec @ 3 ghz
# Alignment  2 -  1.990 bytes/cycle - 5694.03 MiB/sec @ 3 ghz
# Alignment  1 -  2.070 bytes/cycle - 5923.13 MiB/sec @ 3 ghz
# Alignment  0 -  1.982 bytes/cycle - 5670.73 MiB/sec @ 3 ghz
# Average      -  2.037 bytes/cycle - 5828.82 MiB/sec @ 3 ghz
## KeySpeed tests
# MUM                       0 byte keys       27.162 c/h
# MUM                       1 byte keys       31.780 c/h       31.780 c/b        0.031 b/c
# MUM                       2 byte keys       38.224 c/h       19.112 c/b        0.052 b/c
# MUM                       3 byte keys       37.580 c/h       12.527 c/b        0.080 b/c
# MUM                       4 byte keys       31.792 c/h        7.948 c/b        0.126 b/c
# MUM                       5 byte keys       32.961 c/h        6.592 c/b        0.152 b/c
# MUM                       6 byte keys       33.058 c/h        5.510 c/b        0.182 b/c
# MUM                       7 byte keys       37.548 c/h        5.364 c/b        0.186 b/c
# MUM                       8 byte keys       32.481 c/h        4.060 c/b        0.246 b/c
# MUM                       9 byte keys       32.896 c/h        3.655 c/b        0.274 b/c
# MUM                      10 byte keys       28.997 c/h        2.900 c/b        0.345 b/c
# MUM                      11 byte keys       30.417 c/h        2.765 c/b        0.362 b/c
# MUM                      12 byte keys       29.193 c/h        2.433 c/b        0.411 b/c
# MUM                      13 byte keys       29.105 c/h        2.239 c/b        0.447 b/c
# MUM                      14 byte keys       29.625 c/h        2.116 c/b        0.473 b/c
# MUM                      15 byte keys       28.813 c/h        1.921 c/b        0.521 b/c
# MUM                      16 byte keys       32.145 c/h        2.009 c/b        0.498 b/c
# MUM                      17 byte keys       31.048 c/h        1.826 c/b        0.548 b/c
# MUM                      18 byte keys       42.194 c/h        2.344 c/b        0.427 b/c
# MUM                      19 byte keys       30.563 c/h        1.609 c/b        0.622 b/c
# MUM                      20 byte keys       31.722 c/h        1.586 c/b        0.630 b/c
# MUM                      21 byte keys       31.947 c/h        1.521 c/b        0.657 b/c
# MUM                      22 byte keys       31.964 c/h        1.453 c/b        0.688 b/c
# MUM                      23 byte keys       35.971 c/h        1.564 c/b        0.639 b/c
# MUM                      24 byte keys       31.491 c/h        1.312 c/b        0.762 b/c
# MUM                      25 byte keys       32.815 c/h        1.313 c/b        0.762 b/c
# MUM                      26 byte keys       34.052 c/h        1.310 c/b        0.764 b/c
# MUM                      27 byte keys       33.836 c/h        1.253 c/b        0.798 b/c
# MUM                      28 byte keys       37.039 c/h        1.323 c/b        0.756 b/c
# MUM                      29 byte keys       33.522 c/h        1.156 c/b        0.865 b/c
# MUM                      30 byte keys       34.182 c/h        1.139 c/b        0.878 b/c
# MUM                      31 byte keys       34.432 c/h        1.111 c/b        0.900 b/c
#                          Average < 32       32.830 c/h        2.118 c/b        0.472 b/c
# MUM                      32 byte keys       37.911 c/h        1.185 c/b        0.844 b/c
# MUM                      36 byte keys       50.042 c/h        1.390 c/b        0.719 b/c
# MUM                      40 byte keys       53.616 c/h        1.340 c/b        0.746 b/c
# MUM                      44 byte keys       53.330 c/h        1.212 c/b        0.825 b/c
# MUM                      48 byte keys       53.181 c/h        1.108 c/b        0.903 b/c
# MUM                      52 byte keys       48.665 c/h        0.936 c/b        1.069 b/c
# MUM                      56 byte keys       47.966 c/h        0.857 c/b        1.167 b/c
# MUM                      60 byte keys       56.808 c/h        0.947 c/b        1.056 b/c
# MUM                      64 byte keys       55.123 c/h        0.861 c/b        1.161 b/c
# MUM                      68 byte keys       60.342 c/h        0.887 c/b        1.127 b/c
# MUM                      72 byte keys       58.015 c/h        0.806 c/b        1.241 b/c
# MUM                      76 byte keys       69.375 c/h        0.913 c/b        1.095 b/c
# MUM                      80 byte keys       52.093 c/h        0.651 c/b        1.536 b/c
# MUM                      84 byte keys       59.070 c/h        0.703 c/b        1.422 b/c
# MUM                      88 byte keys       57.729 c/h        0.656 c/b        1.524 b/c
# MUM                      92 byte keys       59.861 c/h        0.651 c/b        1.537 b/c
# MUM                      96 byte keys       51.234 c/h        0.534 c/b        1.874 b/c
# MUM                     100 byte keys       55.267 c/h        0.553 c/b        1.809 b/c
# MUM                     104 byte keys       60.025 c/h        0.577 c/b        1.733 b/c
# MUM                     108 byte keys       64.848 c/h        0.600 c/b        1.665 b/c
# MUM                     112 byte keys       61.836 c/h        0.552 c/b        1.811 b/c
# MUM                     116 byte keys       66.417 c/h        0.573 c/b        1.747 b/c
# MUM                     120 byte keys       70.311 c/h        0.586 c/b        1.707 b/c
# MUM                     124 byte keys       69.546 c/h        0.561 c/b        1.783 b/c
#                         Average < 128       43.271 c/h        1.023 c/b        0.977 b/c
# MUM                     128 byte keys       58.159 c/h        0.454 c/b        2.201 b/c
# MUM                     256 byte keys      115.450 c/h        0.451 c/b        2.217 b/c
# MUM                     512 byte keys      165.814 c/h        0.324 c/b        3.088 b/c
# MUM                    1024 byte keys      416.350 c/h        0.407 c/b        2.459 b/c
# MUM                    2048 byte keys      636.307 c/h        0.311 c/b        3.219 b/c
# MUM                    4096 byte keys     1372.537 c/h        0.335 c/b        2.984 b/c
# MUM                    8192 byte keys     2282.006 c/h        0.279 c/b        3.590 b/c
# MUM                   16384 byte keys     5460.981 c/h        0.333 c/b        3.000 b/c
# MUM                   32768 byte keys    11514.635 c/h        0.351 c/b        2.846 b/c
# MUM                   65536 byte keys    25337.239 c/h        0.387 c/b        2.587 b/c
#                       Overall Average      754.282 c/h        0.373 c/b        2.678 b/c
ok 6 - Speed (always passes) # MUM
### Differential Tests ###
# Testing 8303632 up-to-5-bit differentials in 64-bit keys -> 64 bit hashes.
# 1000 reps, 8303632000 total tests, expecting 0.00 random collisions..........
ok 7 - Differential collisions # MUM
ok 8 - Nothing skipped during differential collision check # MUM
# 0 total collisions, of which 0 single collisions were ignored
ok 9 - ProcessDifferentials
# Testing 11017632 up-to-4-bit differentials in 128-bit keys -> 64 bit hashes.
# 1000 reps, 11017632000 total tests, expecting 0.00 random collisions..........
ok 10 - Differential collisions # MUM
ok 11 - Nothing skipped during differential collision check # MUM
# 0 total collisions, of which 0 single collisions were ignored
ok 12 - ProcessDifferentials
# Testing 2796416 up-to-3-bit differentials in 256-bit keys -> 64 bit hashes.
# 1000 reps, 2796416000 total tests, expecting 0.00 random collisions..........
ok 13 - Differential collisions # MUM
ok 14 - Nothing skipped during differential collision check # MUM
# 0 total collisions, of which 0 single collisions were ignored
ok 15 - ProcessDifferentials
ok 16 - Differential # MUM
### Avalanche Tests ### - seed-bits: 64 hash-bits: 64
# Samples 500000, expected error 0.00051200, confidence level 99.99994267%
# Testing   0-bit keys.......... ok.     # worst-bit:   0.470% error-ratio: 1.014815e+00
ok 17 - Strict Avalanche Criteria - 0 bit keys
# Testing   8-bit keys.......... ok.     # worst-bit:   0.508% error-ratio: 1.003165e+00
ok 18 - Strict Avalanche Criteria - 8 bit keys
# Testing  16-bit keys.......... ok.     # worst-bit:   0.534% error-ratio: 9.452584e-01
ok 19 - Strict Avalanche Criteria - 16 bit keys
# Testing  24-bit keys.......... ok.     # worst-bit:   0.550% error-ratio: 9.745932e-01
ok 20 - Strict Avalanche Criteria - 24 bit keys
# Testing  32-bit keys.......... ok.     # worst-bit:   0.552% error-ratio: 9.916994e-01
ok 21 - Strict Avalanche Criteria - 32 bit keys
# Testing  40-bit keys.......... ok.     # worst-bit:   0.600% error-ratio: 9.974012e-01
ok 22 - Strict Avalanche Criteria - 40 bit keys
# Testing  48-bit keys.......... ok.     # worst-bit:   0.538% error-ratio: 1.006906e+00
ok 23 - Strict Avalanche Criteria - 48 bit keys
# Testing  56-bit keys.......... ok.     # worst-bit:   0.538% error-ratio: 1.018644e+00
ok 24 - Strict Avalanche Criteria - 56 bit keys
# Testing  64-bit keys.......... ok.     # worst-bit:   0.561% error-ratio: 1.001919e+00
ok 25 - Strict Avalanche Criteria - 64 bit keys
# Testing  72-bit keys.......... ok.     # worst-bit:   0.622% error-ratio: 1.020765e+00
ok 26 - Strict Avalanche Criteria - 72 bit keys
# Testing  80-bit keys.......... ok.     # worst-bit:   0.544% error-ratio: 9.936104e-01
ok 27 - Strict Avalanche Criteria - 80 bit keys
# Testing  88-bit keys.......... ok.     # worst-bit:   0.706% error-ratio: 9.893377e-01
ok 28 - Strict Avalanche Criteria - 88 bit keys
# Testing  96-bit keys.......... ok.     # worst-bit:   0.636% error-ratio: 1.027181e+00
ok 29 - Strict Avalanche Criteria - 96 bit keys
# Testing 104-bit keys.......... ok.     # worst-bit:   0.606% error-ratio: 1.002993e+00
ok 30 - Strict Avalanche Criteria - 104 bit keys
# Testing 112-bit keys.......... ok.     # worst-bit:   0.576% error-ratio: 9.990551e-01
ok 31 - Strict Avalanche Criteria - 112 bit keys
# Testing 120-bit keys.......... ok.     # worst-bit:   0.602% error-ratio: 1.017118e+00
ok 32 - Strict Avalanche Criteria - 120 bit keys
# Testing 128-bit keys.......... ok.     # worst-bit:   0.686% error-ratio: 1.006483e+00
ok 33 - Strict Avalanche Criteria - 128 bit keys
# Testing 136-bit keys.......... ok.     # worst-bit:   0.523% error-ratio: 1.004937e+00
ok 34 - Strict Avalanche Criteria - 136 bit keys
# Testing 144-bit keys.......... ok.     # worst-bit:   0.515% error-ratio: 9.812534e-01
ok 35 - Strict Avalanche Criteria - 144 bit keys
# Testing 152-bit keys.......... ok.     # worst-bit:   0.550% error-ratio: 1.012421e+00
ok 36 - Strict Avalanche Criteria - 152 bit keys
# Testing 152-bit keys.......... ok.     # worst-bit:   0.526% error-ratio: 9.961297e-01
ok 37 - Strict Avalanche Criteria - 160 bit keys
# Testing 200-bit keys.......... ok.     # worst-bit:   0.586% error-ratio: 9.914653e-01
ok 38 - Strict Avalanche Criteria - 200 bit keys
# Testing 256-bit keys.......... ok.     # worst-bit:   0.596% error-ratio: 1.011263e+00
ok 39 - Strict Avalanche Criteria - 256 bit keys
# Testing 512-bit keys.......... ok.     # worst-bit:   0.583% error-ratio: 1.007060e+00
ok 40 - Strict Avalanche Criteria - 512 bit keys
ok 41 - Strict Avalanche Criteria # MUM
### Keyset 'Cyclic' Tests ###
# Keyset 'Cyclic' - 8 cycles of 8 bytes - 10000000 keys
# Testing collisions   - Expected     0.00, actual        0 ( 0.00x) - passed
ok 42 - Collision Rate for Keyset 'Cyclic' - 8 cycles of 8 bytes - 10000000 keys
ok 43 - Distribution Bias Check for Keyset 'Cyclic' - 8 cycles of 8 bytes - 10000000 keys
# Keyset 'Cyclic' - 8 cycles of 9 bytes - 10000000 keys
# Testing collisions   - Expected     0.00, actual        0 ( 0.00x) - passed
ok 44 - Collision Rate for Keyset 'Cyclic' - 8 cycles of 9 bytes - 10000000 keys
ok 45 - Distribution Bias Check for Keyset 'Cyclic' - 8 cycles of 9 bytes - 10000000 keys
# Keyset 'Cyclic' - 8 cycles of 10 bytes - 10000000 keys
# Testing collisions   - Expected     0.00, actual        0 ( 0.00x) - passed
ok 46 - Collision Rate for Keyset 'Cyclic' - 8 cycles of 10 bytes - 10000000 keys
ok 47 - Distribution Bias Check for Keyset 'Cyclic' - 8 cycles of 10 bytes - 10000000 keys
# Keyset 'Cyclic' - 8 cycles of 11 bytes - 10000000 keys
# Testing collisions   - Expected     0.00, actual        0 ( 0.00x) - passed
ok 48 - Collision Rate for Keyset 'Cyclic' - 8 cycles of 11 bytes - 10000000 keys
ok 49 - Distribution Bias Check for Keyset 'Cyclic' - 8 cycles of 11 bytes - 10000000 keys
# Keyset 'Cyclic' - 8 cycles of 12 bytes - 10000000 keys
# Testing collisions   - Expected     0.00, actual        0 ( 0.00x) - passed
ok 50 - Collision Rate for Keyset 'Cyclic' - 8 cycles of 12 bytes - 10000000 keys
ok 51 - Distribution Bias Check for Keyset 'Cyclic' - 8 cycles of 12 bytes - 10000000 keys
ok 52 - Keyset 'Cyclic' # MUM
### Keyset 'TwoBytes' Tests ###
# Testing collisions   - Expected     0.00, actual        0 ( 0.00x) - passed
ok 53 - Collision Rate for Keyset 'TwoBytes' - up-to-4-byte keys, 652545 total keys
ok 54 - Distribution Bias Check for Keyset 'TwoBytes' - up-to-4-byte keys, 652545 total keys
# Testing collisions   - Expected     0.00, actual        0 ( 0.00x) - passed
ok 55 - Collision Rate for Keyset 'TwoBytes' - up-to-8-byte keys, 5471025 total keys
ok 56 - Distribution Bias Check for Keyset 'TwoBytes' - up-to-8-byte keys, 5471025 total keys
# Testing collisions   - Expected     0.00, actual        0 ( 0.00x) - passed
ok 57 - Collision Rate for Keyset 'TwoBytes' - up-to-12-byte keys, 18616785 total keys
ok 58 - Distribution Bias Check for Keyset 'TwoBytes' - up-to-12-byte keys, 18616785 total keys
# Testing collisions   - Expected     0.00, actual        0 ( 0.00x) - passed
ok 59 - Collision Rate for Keyset 'TwoBytes' - up-to-16-byte keys, 44251425 total keys
ok 60 - Distribution Bias Check for Keyset 'TwoBytes' - up-to-16-byte keys, 44251425 total keys
# Testing collisions   - Expected     0.00, actual        0 ( 0.00x) - passed
ok 61 - Collision Rate for Keyset 'TwoBytes' - up-to-20-byte keys, 86536545 total keys
ok 62 - Distribution Bias Check for Keyset 'TwoBytes' - up-to-20-byte keys, 86536545 total keys
ok 63 - Keyset 'TwoBytes' # MUM
### Keyset 'Sparse' Tests ###
# Keyset 'Sparse' - 32-bit keys with up to 6 bits set - 1149017 keys
# Testing collisions   - Expected     0.00, actual        0 ( 0.00x) - passed
ok 64 - Collision Rate for Keyset 'Sparse' - 32-bit keys with up to 6 bits set
ok 65 - Distribution Bias Check for Keyset 'Sparse' - 32-bit keys with up to 6 bits set
# Keyset 'Sparse' - 40-bit keys with up to 6 bits set - 4598479 keys
# Testing collisions   - Expected     0.00, actual        0 ( 0.00x) - passed
ok 66 - Collision Rate for Keyset 'Sparse' - 40-bit keys with up to 6 bits set
ok 67 - Distribution Bias Check for Keyset 'Sparse' - 40-bit keys with up to 6 bits set
# Keyset 'Sparse' - 48-bit keys with up to 5 bits set - 1925357 keys
# Testing collisions   - Expected     0.00, actual        0 ( 0.00x) - passed
ok 68 - Collision Rate for Keyset 'Sparse' - 48-bit keys with up to 5 bits set
ok 69 - Distribution Bias Check for Keyset 'Sparse' - 48-bit keys with up to 5 bits set
# Keyset 'Sparse' - 56-bit keys with up to 5 bits set - 4216423 keys
# Testing collisions   - Expected     0.00, actual        0 ( 0.00x) - passed
ok 70 - Collision Rate for Keyset 'Sparse' - 56-bit keys with up to 5 bits set
ok 71 - Distribution Bias Check for Keyset 'Sparse' - 56-bit keys with up to 5 bits set
# Keyset 'Sparse' - 64-bit keys with up to 5 bits set - 8303633 keys
# Testing collisions   - Expected     0.00, actual        0 ( 0.00x) - passed
ok 72 - Collision Rate for Keyset 'Sparse' - 64-bit keys with up to 5 bits set
ok 73 - Distribution Bias Check for Keyset 'Sparse' - 64-bit keys with up to 5 bits set
# Keyset 'Sparse' - 96-bit keys with up to 4 bits set - 3469497 keys
# Testing collisions   - Expected     0.00, actual        0 ( 0.00x) - passed
ok 74 - Collision Rate for Keyset 'Sparse' - 96-bit keys with up to 4 bits set
ok 75 - Distribution Bias Check for Keyset 'Sparse' - 96-bit keys with up to 4 bits set
# Keyset 'Sparse' - 256-bit keys with up to 3 bits set - 2796417 keys
# Testing collisions   - Expected     0.00, actual        0 ( 0.00x) - passed
ok 76 - Collision Rate for Keyset 'Sparse' - 256-bit keys with up to 3 bits set
ok 77 - Distribution Bias Check for Keyset 'Sparse' - 256-bit keys with up to 3 bits set
# Keyset 'Sparse' - 2048-bit keys with up to 2 bits set - 2098177 keys
# Testing collisions   - Expected     0.00, actual        0 ( 0.00x) - passed
ok 78 - Collision Rate for Keyset 'Sparse' - 2048-bit keys with up to 2 bits set
ok 79 - Distribution Bias Check for Keyset 'Sparse' - 2048-bit keys with up to 2 bits set
ok 80 - Keyset 'Sparse' # MUM
# Keyset 'CRC-MultiCollision' - 1048575 x 16 block keys - 128-bytes long - 10 seeds
# Testing collisions   - Expected     0.00, actual        0 ( 0.00x) - passed
ok 81 - Collision Rate for Keyset 'CRC-MultiCollision' - seed 1 # MUM
# Testing collisions   - Expected     0.00, actual        0 ( 0.00x) - passed
ok 82 - Collision Rate for Keyset 'CRC-MultiCollision' - seed 2 # MUM
# Testing collisions   - Expected     0.00, actual        0 ( 0.00x) - passed
ok 83 - Collision Rate for Keyset 'CRC-MultiCollision' - seed 3 # MUM
# Testing collisions   - Expected     0.00, actual        0 ( 0.00x) - passed
ok 84 - Collision Rate for Keyset 'CRC-MultiCollision' - seed 4 # MUM
# Testing collisions   - Expected     0.00, actual        0 ( 0.00x) - passed
ok 85 - Collision Rate for Keyset 'CRC-MultiCollision' - seed 5 # MUM
# Testing collisions   - Expected     0.00, actual        0 ( 0.00x) - passed
ok 86 - Collision Rate for Keyset 'CRC-MultiCollision' - seed 6 # MUM
# Testing collisions   - Expected     0.00, actual        0 ( 0.00x) - passed
ok 87 - Collision Rate for Keyset 'CRC-MultiCollision' - seed 7 # MUM
# Testing collisions   - Expected     0.00, actual        0 ( 0.00x) - passed
ok 88 - Collision Rate for Keyset 'CRC-MultiCollision' - seed 8 # MUM
# Testing collisions   - Expected     0.00, actual        0 ( 0.00x) - passed
ok 89 - Collision Rate for Keyset 'CRC-MultiCollision' - seed 9 # MUM
# Testing collisions   - Expected     0.00, actual        0 ( 0.00x) - passed
ok 90 - Collision Rate for Keyset 'CRC-MultiCollision' - seed 10 # MUM
### Keyset 'Combination Lowbits' Tests ###
# Keyset 'Combination' - up to 8 blocks from a set of 8 - 19173960 keys
# Testing collisions   - Expected     0.00, actual        0 ( 0.00x) - passed
ok 91 - Collision Rate for Keyset 'Combination Lowbits'
ok 92 - Distribution Bias Check for Keyset 'Combination Lowbits'
ok 93 - Keyset 'Combination Lowbits' # MUM
### Keyset 'Combination Highbits' Tests ###
# Keyset 'Combination' - up to 8 blocks from a set of 8 - 19173960 keys
# Testing collisions   - Expected     0.00, actual        0 ( 0.00x) - passed
ok 94 - Collision Rate for Keyset 'Combination Highbits'
ok 95 - Distribution Bias Check for Keyset 'Combination Highbits'
ok 96 - Keyset 'Combination Highbits' # MUM
### Keyset 'Combination Highbits2' Tests ###
# Keyset 'Combination' - up to 8 blocks from a set of 8 - 19173960 keys
# Testing collisions   - Expected     0.00, actual        0 ( 0.00x) - passed
ok 97 - Collision Rate for Keyset 'Combination Highbits2'
ok 98 - Distribution Bias Check for Keyset 'Combination Highbits2'
ok 99 - Keyset 'Combination Highbits2' # MUM
### Keyset 'Combination 0x80000000' Tests ###
# Keyset 'Combination' - up to 20 blocks from a set of 2 - 2097150 keys
# Testing collisions   - Expected     0.00, actual        0 ( 0.00x) - passed
ok 100 - Collision Rate for Keyset 'Combination 0x80000000'
ok 101 - Distribution Bias Check for Keyset 'Combination 0x80000000'
ok 102 - Keyset 'Combination 0x80000000' # MUM
### Keyset 'Combination 0x00000001' Tests ###
# Keyset 'Combination' - up to 20 blocks from a set of 2 - 2097150 keys
# Testing collisions   - Expected     0.00, actual        0 ( 0.00x) - passed
ok 103 - Collision Rate for Keyset 'Combination 0x00000001'
ok 104 - Distribution Bias Check for Keyset 'Combination 0x00000001'
ok 105 - Keyset 'Combination 0x00000001' # MUM
### Keyset 'Combination Hi-Lo' Tests ###
# Keyset 'Combination' - up to 6 blocks from a set of 15 - 12204240 keys
# Testing collisions   - Expected     0.00, actual        0 ( 0.00x) - passed
ok 106 - Collision Rate for Keyset 'Combination Hi-Lo'
ok 107 - Distribution Bias Check for Keyset 'Combination Hi-Lo'
ok 108 - Keyset 'Combination Hi-Lo' # MUM
### Keyset 'Text' Tests ###
# Keyset 'Text' - keys of form "Foo[XXXX]Bar" - 14776336 keys
# Testing collisions   - Expected     0.00, actual        0 ( 0.00x) - passed
ok 109 - Collision Rate for Keyset 'Text' - keys of form "Foo[XXXX]Bar" - 14776336 keys
ok 110 - Distribution Bias Check for Keyset 'Text' - keys of form "Foo[XXXX]Bar" - 14776336 keys
# Keyset 'Text' - keys of form "FooBar[XXXX]" - 14776336 keys
# Testing collisions   - Expected     0.00, actual        0 ( 0.00x) - passed
ok 111 - Collision Rate for Keyset 'Text' - keys of form "FooBar[XXXX]" - 14776336 keys
ok 112 - Distribution Bias Check for Keyset 'Text' - keys of form "FooBar[XXXX]" - 14776336 keys
# Keyset 'Text' - keys of form "[XXXX]FooBar" - 14776336 keys
# Testing collisions   - Expected     0.00, actual        0 ( 0.00x) - passed
ok 113 - Collision Rate for Keyset 'Text' - keys of form "[XXXX]FooBar" - 14776336 keys
ok 114 - Distribution Bias Check for Keyset 'Text' - keys of form "[XXXX]FooBar" - 14776336 keys
ok 115 - Keyset 'Text' # MUM
### Keyset 'Zeroes' Tests ###
# Keyset 'Zeroes' - 262144 keys
# Testing collisions   - Expected     0.00, actual        0 ( 0.00x) - passed
ok 116 - Collision Rate for Keyset 'Zeroes' - 262144 keys
ok 117 - Distribution Bias Check for Keyset 'Zeroes' - 262144 keys
ok 118 - Keyset 'Zeroes' # MUM
### Keyset 'Seed' Tests ###
# Keyset 'Seed' - 2000000 seeds, Key "The quick brown fox "...
# Testing collisions   - Expected     0.00, actual        0 ( 0.00x) - passed
ok 119 - Collision Rate for Keyset 'Seed' - 2000000 seeds, Key "The quick brown fox "...
ok 120 - Distribution Bias Check for Keyset 'Seed' - 2000000 seeds, Key "The quick brown fox "...
# Keyset 'Seed' - 2000000 seeds, Key ""
# Testing collisions   - Expected     0.00, actual        0 ( 0.00x) - passed
ok 121 - Collision Rate for Keyset 'Seed' - 2000000 seeds, Key ""
ok 122 - Distribution Bias Check for Keyset 'Seed' - 2000000 seeds, Key ""
# Keyset 'Seed' - 2000000 seeds, Key "00101100110101101"
# Testing collisions   - Expected     0.00, actual        0 ( 0.00x) - passed
ok 123 - Collision Rate for Keyset 'Seed' - 2000000 seeds, Key "00101100110101101"
ok 124 - Distribution Bias Check for Keyset 'Seed' - 2000000 seeds, Key "00101100110101101"
# Keyset 'Seed' - 2000000 seeds, Key "abcbcddbdebdcaaabaaa"...
# Testing collisions   - Expected     0.00, actual        0 ( 0.00x) - passed
ok 125 - Collision Rate for Keyset 'Seed' - 2000000 seeds, Key "abcbcddbdebdcaaabaaa"...
ok 126 - Distribution Bias Check for Keyset 'Seed' - 2000000 seeds, Key "abcbcddbdebdcaaabaaa"...
ok 127 - Keyset 'Seed' # MUM
### Keyset 'Effs' Tests ###
# Keyset 'Effs' - 262144 keys
# Testing collisions   - Expected     0.00, actual        0 ( 0.00x) - passed
ok 128 - Collision Rate for Keyset 'Effs' - 262144 keys
ok 129 - Distribution Bias Check for Keyset 'Effs' - 262144 keys
ok 130 - Keyset 'Effs' # MUM
ok 131 - all tests passed # MUM
1..131
# All Tests Passed. MUM passed all 131 tests run.
# Testing took 3192.471835 seconds
# This is SMHasher version v1.0-demerphq-15-geac5db9 - built on Mar 13 2017.
