ok 1 - SelfTest - Verify 89 Hashes
ok 2 - Found Hash # Murmur2B
###################################################################
### Testing Murmur2B - no seed_state
### - MurmurHash2 for x64, 64-bit -
### seedbits: 64 statebits: 64 hashbits: 64
###################################################################
### Sanity Tests ###
ok 3 - Verification code # Murmur2B
# Sanity check simple key bit flips and consistency..........
ok 4 - SanityTest # Murmur2B
# Sanity check null suffixes change the hash (simple)..........
ok 5 - Appended Zeroes Test # Murmur2B
ok 6 - Sanity Test # Murmur2B
### Speed Tests ###
## Bulk speed test - 262144-byte keys
# Alignment  7 -  2.397 bytes/cycle - 6857.89 MiB/sec @ 3 ghz
# Alignment  6 -  2.397 bytes/cycle - 6857.90 MiB/sec @ 3 ghz
# Alignment  5 -  2.397 bytes/cycle - 6857.89 MiB/sec @ 3 ghz
# Alignment  4 -  2.375 bytes/cycle - 6796.22 MiB/sec @ 3 ghz
# Alignment  3 -  2.397 bytes/cycle - 6857.90 MiB/sec @ 3 ghz
# Alignment  2 -  2.397 bytes/cycle - 6857.90 MiB/sec @ 3 ghz
# Alignment  1 -  2.397 bytes/cycle - 6857.88 MiB/sec @ 3 ghz
# Alignment  0 -  2.379 bytes/cycle - 6806.04 MiB/sec @ 3 ghz
# Average      -  2.392 bytes/cycle - 6843.70 MiB/sec @ 3 ghz
## KeySpeed tests
# Murmur2B                  0 byte keys       11.179 c/h
# Murmur2B                  1 byte keys       11.145 c/h       11.145 c/b        0.090 b/c
# Murmur2B                  2 byte keys       15.000 c/h        7.500 c/b        0.133 b/c
# Murmur2B                  3 byte keys       16.000 c/h        5.333 c/b        0.188 b/c
# Murmur2B                  4 byte keys       16.999 c/h        4.250 c/b        0.235 b/c
# Murmur2B                  5 byte keys       17.000 c/h        3.400 c/b        0.294 b/c
# Murmur2B                  6 byte keys       18.000 c/h        3.000 c/b        0.333 b/c
# Murmur2B                  7 byte keys       19.112 c/h        2.730 c/b        0.366 b/c
# Murmur2B                  8 byte keys       19.148 c/h        2.393 c/b        0.418 b/c
# Murmur2B                  9 byte keys       22.000 c/h        2.444 c/b        0.409 b/c
# Murmur2B                 10 byte keys       23.107 c/h        2.311 c/b        0.433 b/c
# Murmur2B                 11 byte keys       24.000 c/h        2.182 c/b        0.458 b/c
# Murmur2B                 12 byte keys       25.000 c/h        2.083 c/b        0.480 b/c
# Murmur2B                 13 byte keys       25.798 c/h        1.984 c/b        0.504 b/c
# Murmur2B                 14 byte keys       26.459 c/h        1.890 c/b        0.529 b/c
# Murmur2B                 15 byte keys       27.511 c/h        1.834 c/b        0.545 b/c
# Murmur2B                 16 byte keys       22.553 c/h        1.410 c/b        0.709 b/c
# Murmur2B                 17 byte keys       25.633 c/h        1.508 c/b        0.663 b/c
# Murmur2B                 18 byte keys       26.000 c/h        1.444 c/b        0.692 b/c
# Murmur2B                 19 byte keys       27.118 c/h        1.427 c/b        0.701 b/c
# Murmur2B                 20 byte keys       28.292 c/h        1.415 c/b        0.707 b/c
# Murmur2B                 21 byte keys       29.000 c/h        1.381 c/b        0.724 b/c
# Murmur2B                 22 byte keys       30.000 c/h        1.364 c/b        0.733 b/c
# Murmur2B                 23 byte keys       30.999 c/h        1.348 c/b        0.742 b/c
# Murmur2B                 24 byte keys       25.852 c/h        1.077 c/b        0.928 b/c
# Murmur2B                 25 byte keys       29.000 c/h        1.160 c/b        0.862 b/c
# Murmur2B                 26 byte keys       30.130 c/h        1.159 c/b        0.863 b/c
# Murmur2B                 27 byte keys       30.838 c/h        1.142 c/b        0.876 b/c
# Murmur2B                 28 byte keys       31.000 c/h        1.107 c/b        0.903 b/c
# Murmur2B                 29 byte keys       33.391 c/h        1.151 c/b        0.868 b/c
# Murmur2B                 30 byte keys       33.000 c/h        1.100 c/b        0.909 b/c
# Murmur2B                 31 byte keys       34.000 c/h        1.097 c/b        0.912 b/c
#                          Average < 32       24.508 c/h        1.581 c/b        0.632 b/c
# Murmur2B                 32 byte keys       29.130 c/h        0.910 c/b        1.099 b/c
# Murmur2B                 36 byte keys       35.000 c/h        0.972 c/b        1.029 b/c
# Murmur2B                 40 byte keys       32.000 c/h        0.800 c/b        1.250 b/c
# Murmur2B                 44 byte keys       38.000 c/h        0.864 c/b        1.158 b/c
# Murmur2B                 48 byte keys       35.881 c/h        0.748 c/b        1.338 b/c
# Murmur2B                 52 byte keys       41.282 c/h        0.794 c/b        1.260 b/c
# Murmur2B                 56 byte keys       39.000 c/h        0.696 c/b        1.436 b/c
# Murmur2B                 60 byte keys       45.000 c/h        0.750 c/b        1.333 b/c
# Murmur2B                 64 byte keys       42.612 c/h        0.666 c/b        1.502 b/c
# Murmur2B                 68 byte keys       48.000 c/h        0.706 c/b        1.417 b/c
# Murmur2B                 72 byte keys       45.996 c/h        0.639 c/b        1.565 b/c
# Murmur2B                 76 byte keys       51.000 c/h        0.671 c/b        1.490 b/c
# Murmur2B                 80 byte keys       49.287 c/h        0.616 c/b        1.623 b/c
# Murmur2B                 84 byte keys       55.000 c/h        0.655 c/b        1.527 b/c
# Murmur2B                 88 byte keys       52.000 c/h        0.591 c/b        1.692 b/c
# Murmur2B                 92 byte keys       60.000 c/h        0.652 c/b        1.533 b/c
# Murmur2B                 96 byte keys       55.984 c/h        0.583 c/b        1.715 b/c
# Murmur2B                100 byte keys       61.924 c/h        0.619 c/b        1.615 b/c
# Murmur2B                104 byte keys       59.000 c/h        0.567 c/b        1.763 b/c
# Murmur2B                108 byte keys       65.249 c/h        0.604 c/b        1.655 b/c
# Murmur2B                112 byte keys       62.000 c/h        0.554 c/b        1.806 b/c
# Murmur2B                116 byte keys       68.000 c/h        0.586 c/b        1.706 b/c
# Murmur2B                120 byte keys       66.271 c/h        0.552 c/b        1.811 b/c
# Murmur2B                124 byte keys       71.973 c/h        0.580 c/b        1.723 b/c
#                         Average < 128       35.605 c/h        0.842 c/b        1.188 b/c
# Murmur2B                128 byte keys       69.000 c/h        0.539 c/b        1.855 b/c
# Murmur2B                256 byte keys      109.505 c/h        0.428 c/b        2.338 b/c
# Murmur2B                512 byte keys      248.448 c/h        0.485 c/b        2.061 b/c
# Murmur2B               1024 byte keys      461.461 c/h        0.451 c/b        2.219 b/c
# Murmur2B               2048 byte keys      898.236 c/h        0.439 c/b        2.280 b/c
# Murmur2B               4096 byte keys     1742.276 c/h        0.425 c/b        2.351 b/c
# Murmur2B               8192 byte keys     3450.293 c/h        0.421 c/b        2.374 b/c
# Murmur2B              16384 byte keys     6866.193 c/h        0.419 c/b        2.386 b/c
# Murmur2B              32768 byte keys    13696.285 c/h        0.418 c/b        2.392 b/c
# Murmur2B              65536 byte keys    27365.999 c/h        0.418 c/b        2.395 b/c
#                       Overall Average      862.145 c/h        0.427 c/b        2.343 b/c
ok 7 - Speed (always passes) # Murmur2B
### Differential Tests ###
# Testing 8303632 up-to-5-bit differentials in 64-bit keys -> 64 bit hashes.
# 1000 reps, 8303632000 total tests, expecting 0.00 random collisions..........
ok 8 - Differential collisions # Murmur2B
ok 9 - Nothing skipped during differential collision check # Murmur2B
# 0 total collisions, of which 0 single collisions were ignored
ok 10 - ProcessDifferentials
# Testing 11017632 up-to-4-bit differentials in 128-bit keys -> 64 bit hashes.
# 1000 reps, 11017632000 total tests, expecting 0.00 random collisions..........
ok 11 - Differential collisions # Murmur2B
ok 12 - Nothing skipped during differential collision check # Murmur2B
# 0 total collisions, of which 0 single collisions were ignored
ok 13 - ProcessDifferentials
# Testing 2796416 up-to-3-bit differentials in 256-bit keys -> 64 bit hashes.
# 1000 reps, 2796416000 total tests, expecting 0.00 random collisions..........
ok 14 - Differential collisions # Murmur2B
ok 15 - Nothing skipped during differential collision check # Murmur2B
# 0 total collisions, of which 0 single collisions were ignored
ok 16 - ProcessDifferentials
ok 17 - Differential # Murmur2B
### Avalanche Tests ### - seed-bits: 64 hash-bits: 64
# Samples 500000, expected error 0.00051200, confidence level 99.99994267%
# Testing   0-bit keys.......... not ok! # worst-bit:   0.491% error-ratio: 9.126060e-01
#              +---------------------------------------------------+
#              |012345678901234567890123456789012345678901234567890|
#              +---------------------------------------------------+
# Scale:       |.1234567890abcdefghijklmnopqrstuvwxyzãäåêëîïðñôõöûü|
#              |üÿABCDEFGHIJKLMNOPQRSTUVWXYZÂÃÄÅÊËÑÔÕÖÛÜÝø¤*©®¶&%@#|
#              +---------------------------------------------------+
#              |pct diff from 50%: abs((0.5-(changed/reps))*2) *100|
#              +----------------------------------------------------------------+
#              |0         1         2         3         4         5         6   |
#              |0123456789012345678901234567890123456789012345678901234567890123|
#              +----------------------------------------------------------------+
# seed     0.0 |................................................................| x 64
#              +----------------------------------------------------------------+
#              +---------------------------------------------------+
#              |012345678901234567890123456789012345678901234567890|
#              +---------------------------------------------------+
# Scale:       |.1234567890abcdefghijklmnopqrstuvwxyzãäåêëîïðñôõöûü|
#              |üÿABCDEFGHIJKLMNOPQRSTUVWXYZÂÃÄÅÊËÑÔÕÖÛÜÝø¤*©®¶&%@#|
#              +---------------------------------------------------+
#              |scaled p-value above confidence level (zero is ok) |
#              +----------------------------------------------------------------+
#              |0         1         2         3         4         5         6   |
#              |0123456789012345678901234567890123456789012345678901234567890123|
#              +----------------------------------------------------------------+
# seed     0.0 |................................................................| x 64
#              +----------------------------------------------------------------+
# 0 of 4096 bits failed (0.00%) failed at 99.999943 confidence
#     g-test: 0.000000%
#     sum-error-square: 0.00046725
#     hash bit-level errors: 1/64
#     - hash bit 25 gtest-prob not-random: 100.0000 (15985139/16014861)
not ok 18 - Strict Avalanche Criteria - 0 bit keys
# Testing   8-bit keys.......... ok.     # worst-bit:   0.524% error-ratio: 1.044401e+00
ok 19 - Strict Avalanche Criteria - 8 bit keys
# Testing  16-bit keys.......... ok.     # worst-bit:   0.480% error-ratio: 1.004511e+00
ok 20 - Strict Avalanche Criteria - 16 bit keys
# Testing  24-bit keys.......... ok.     # worst-bit:   0.575% error-ratio: 1.002822e+00
ok 21 - Strict Avalanche Criteria - 24 bit keys
# Testing  32-bit keys.......... ok.     # worst-bit:   0.559% error-ratio: 9.768327e-01
ok 22 - Strict Avalanche Criteria - 32 bit keys
# Testing  40-bit keys.......... ok.     # worst-bit:   0.542% error-ratio: 9.897607e-01
ok 23 - Strict Avalanche Criteria - 40 bit keys
# Testing  48-bit keys.......... ok.     # worst-bit:   0.502% error-ratio: 9.936691e-01
ok 24 - Strict Avalanche Criteria - 48 bit keys
# Testing  56-bit keys.......... ok.     # worst-bit:   0.521% error-ratio: 1.035305e+00
ok 25 - Strict Avalanche Criteria - 56 bit keys
# Testing  64-bit keys.......... ok.     # worst-bit:   0.568% error-ratio: 9.915358e-01
ok 26 - Strict Avalanche Criteria - 64 bit keys
# Testing  72-bit keys.......... ok.     # worst-bit:   0.565% error-ratio: 1.005563e+00
ok 27 - Strict Avalanche Criteria - 72 bit keys
# Testing  80-bit keys.......... ok.     # worst-bit:   0.569% error-ratio: 1.005239e+00
ok 28 - Strict Avalanche Criteria - 80 bit keys
# Testing  88-bit keys.......... ok.     # worst-bit:   0.532% error-ratio: 1.008888e+00
ok 29 - Strict Avalanche Criteria - 88 bit keys
# Testing  96-bit keys.......... ok.     # worst-bit:   0.597% error-ratio: 1.020269e+00
ok 30 - Strict Avalanche Criteria - 96 bit keys
# Testing 104-bit keys.......... ok.     # worst-bit:   0.534% error-ratio: 9.916352e-01
ok 31 - Strict Avalanche Criteria - 104 bit keys
# Testing 112-bit keys.......... ok.     # worst-bit:   0.536% error-ratio: 1.000887e+00
ok 32 - Strict Avalanche Criteria - 112 bit keys
# Testing 120-bit keys.......... ok.     # worst-bit:   0.589% error-ratio: 1.006220e+00
ok 33 - Strict Avalanche Criteria - 120 bit keys
# Testing 128-bit keys.......... ok.     # worst-bit:   0.534% error-ratio: 9.904765e-01
ok 34 - Strict Avalanche Criteria - 128 bit keys
# Testing 136-bit keys.......... ok.     # worst-bit:   0.580% error-ratio: 1.023296e+00
ok 35 - Strict Avalanche Criteria - 136 bit keys
# Testing 144-bit keys.......... ok.     # worst-bit:   0.562% error-ratio: 9.995143e-01
ok 36 - Strict Avalanche Criteria - 144 bit keys
# Testing 152-bit keys.......... ok.     # worst-bit:   0.573% error-ratio: 1.006096e+00
ok 37 - Strict Avalanche Criteria - 152 bit keys
# Testing 152-bit keys.......... ok.     # worst-bit:   0.637% error-ratio: 9.955031e-01
ok 38 - Strict Avalanche Criteria - 160 bit keys
# Testing 256-bit keys.......... ok.     # worst-bit:   0.589% error-ratio: 1.026832e+00
ok 39 - Strict Avalanche Criteria - 256 bit keys
not ok 40 - Strict Avalanche Criteria # Murmur2B
### Keyset 'Cyclic' Tests ###
# Keyset 'Cyclic' - 8 cycles of 8 bytes - 10000000 keys
# Testing collisions   - Expected     0.00, actual        0 ( 0.00x) - passed
ok 41 - Collision Rate for Keyset 'Cyclic' - 8 cycles of 8 bytes - 10000000 keys
ok 42 - Distribution Bias Check for Keyset 'Cyclic' - 8 cycles of 8 bytes - 10000000 keys
# Keyset 'Cyclic' - 8 cycles of 9 bytes - 10000000 keys
# Testing collisions   - Expected     0.00, actual        0 ( 0.00x) - passed
ok 43 - Collision Rate for Keyset 'Cyclic' - 8 cycles of 9 bytes - 10000000 keys
ok 44 - Distribution Bias Check for Keyset 'Cyclic' - 8 cycles of 9 bytes - 10000000 keys
# Keyset 'Cyclic' - 8 cycles of 10 bytes - 10000000 keys
# Testing collisions   - Expected     0.00, actual        0 ( 0.00x) - passed
ok 45 - Collision Rate for Keyset 'Cyclic' - 8 cycles of 10 bytes - 10000000 keys
ok 46 - Distribution Bias Check for Keyset 'Cyclic' - 8 cycles of 10 bytes - 10000000 keys
# Keyset 'Cyclic' - 8 cycles of 11 bytes - 10000000 keys
# Testing collisions   - Expected     0.00, actual        0 ( 0.00x) - passed
ok 47 - Collision Rate for Keyset 'Cyclic' - 8 cycles of 11 bytes - 10000000 keys
ok 48 - Distribution Bias Check for Keyset 'Cyclic' - 8 cycles of 11 bytes - 10000000 keys
# Keyset 'Cyclic' - 8 cycles of 12 bytes - 10000000 keys
# Testing collisions   - Expected     0.00, actual        0 ( 0.00x) - passed
ok 49 - Collision Rate for Keyset 'Cyclic' - 8 cycles of 12 bytes - 10000000 keys
ok 50 - Distribution Bias Check for Keyset 'Cyclic' - 8 cycles of 12 bytes - 10000000 keys
ok 51 - Keyset 'Cyclic' # Murmur2B
### Keyset 'TwoBytes' Tests ###
# Testing collisions   - Expected     0.00, actual        0 ( 0.00x) - passed
ok 52 - Collision Rate for Keyset 'TwoBytes' - up-to-4-byte keys, 652545 total keys
ok 53 - Distribution Bias Check for Keyset 'TwoBytes' - up-to-4-byte keys, 652545 total keys
# Testing collisions   - Expected     0.00, actual        0 ( 0.00x) - passed
ok 54 - Collision Rate for Keyset 'TwoBytes' - up-to-8-byte keys, 5471025 total keys
ok 55 - Distribution Bias Check for Keyset 'TwoBytes' - up-to-8-byte keys, 5471025 total keys
# Testing collisions   - Expected     0.00, actual        0 ( 0.00x) - passed
ok 56 - Collision Rate for Keyset 'TwoBytes' - up-to-12-byte keys, 18616785 total keys
ok 57 - Distribution Bias Check for Keyset 'TwoBytes' - up-to-12-byte keys, 18616785 total keys
# Testing collisions   - Expected     0.00, actual        0 ( 0.00x) - passed
ok 58 - Collision Rate for Keyset 'TwoBytes' - up-to-16-byte keys, 44251425 total keys
ok 59 - Distribution Bias Check for Keyset 'TwoBytes' - up-to-16-byte keys, 44251425 total keys
# Testing collisions   - Expected     0.00, actual        0 ( 0.00x) - passed
ok 60 - Collision Rate for Keyset 'TwoBytes' - up-to-20-byte keys, 86536545 total keys
ok 61 - Distribution Bias Check for Keyset 'TwoBytes' - up-to-20-byte keys, 86536545 total keys
ok 62 - Keyset 'TwoBytes' # Murmur2B
### Keyset 'Sparse' Tests ###
# Keyset 'Sparse' - 32-bit keys with up to 6 bits set - 1149017 keys
# Testing collisions   - Expected     0.00, actual        0 ( 0.00x) - passed
ok 63 - Collision Rate for Keyset 'Sparse' - 32-bit keys with up to 6 bits set
ok 64 - Distribution Bias Check for Keyset 'Sparse' - 32-bit keys with up to 6 bits set
# Keyset 'Sparse' - 40-bit keys with up to 6 bits set - 4598479 keys
# Testing collisions   - Expected     0.00, actual        0 ( 0.00x) - passed
ok 65 - Collision Rate for Keyset 'Sparse' - 40-bit keys with up to 6 bits set
ok 66 - Distribution Bias Check for Keyset 'Sparse' - 40-bit keys with up to 6 bits set
# Keyset 'Sparse' - 48-bit keys with up to 5 bits set - 1925357 keys
# Testing collisions   - Expected     0.00, actual        0 ( 0.00x) - passed
ok 67 - Collision Rate for Keyset 'Sparse' - 48-bit keys with up to 5 bits set
ok 68 - Distribution Bias Check for Keyset 'Sparse' - 48-bit keys with up to 5 bits set
# Keyset 'Sparse' - 56-bit keys with up to 5 bits set - 4216423 keys
# Testing collisions   - Expected     0.00, actual        0 ( 0.00x) - passed
ok 69 - Collision Rate for Keyset 'Sparse' - 56-bit keys with up to 5 bits set
ok 70 - Distribution Bias Check for Keyset 'Sparse' - 56-bit keys with up to 5 bits set
# Keyset 'Sparse' - 64-bit keys with up to 5 bits set - 8303633 keys
# Testing collisions   - Expected     0.00, actual        0 ( 0.00x) - passed
ok 71 - Collision Rate for Keyset 'Sparse' - 64-bit keys with up to 5 bits set
ok 72 - Distribution Bias Check for Keyset 'Sparse' - 64-bit keys with up to 5 bits set
# Keyset 'Sparse' - 96-bit keys with up to 4 bits set - 3469497 keys
# Testing collisions   - Expected     0.00, actual        0 ( 0.00x) - passed
ok 73 - Collision Rate for Keyset 'Sparse' - 96-bit keys with up to 4 bits set
ok 74 - Distribution Bias Check for Keyset 'Sparse' - 96-bit keys with up to 4 bits set
# Keyset 'Sparse' - 256-bit keys with up to 3 bits set - 2796417 keys
# Testing collisions   - Expected     0.00, actual        0 ( 0.00x) - passed
ok 75 - Collision Rate for Keyset 'Sparse' - 256-bit keys with up to 3 bits set
ok 76 - Distribution Bias Check for Keyset 'Sparse' - 256-bit keys with up to 3 bits set
# Keyset 'Sparse' - 2048-bit keys with up to 2 bits set - 2098177 keys
# Testing collisions   - Expected     0.00, actual        0 ( 0.00x) - passed
ok 77 - Collision Rate for Keyset 'Sparse' - 2048-bit keys with up to 2 bits set
ok 78 - Distribution Bias Check for Keyset 'Sparse' - 2048-bit keys with up to 2 bits set
ok 79 - Keyset 'Sparse' # Murmur2B
# Keyset 'CRC-MultiCollision' - 1048575 x 16 block keys - 128-bytes long - 10 seeds
# Testing collisions   - Expected     0.00, actual        0 ( 0.00x) - passed
ok 80 - Collision Rate for Keyset 'CRC-MultiCollision' - seed 1 # Murmur2B
# Testing collisions   - Expected     0.00, actual        0 ( 0.00x) - passed
ok 81 - Collision Rate for Keyset 'CRC-MultiCollision' - seed 2 # Murmur2B
# Testing collisions   - Expected     0.00, actual        0 ( 0.00x) - passed
ok 82 - Collision Rate for Keyset 'CRC-MultiCollision' - seed 3 # Murmur2B
# Testing collisions   - Expected     0.00, actual        0 ( 0.00x) - passed
ok 83 - Collision Rate for Keyset 'CRC-MultiCollision' - seed 4 # Murmur2B
# Testing collisions   - Expected     0.00, actual        0 ( 0.00x) - passed
ok 84 - Collision Rate for Keyset 'CRC-MultiCollision' - seed 5 # Murmur2B
# Testing collisions   - Expected     0.00, actual        0 ( 0.00x) - passed
ok 85 - Collision Rate for Keyset 'CRC-MultiCollision' - seed 6 # Murmur2B
# Testing collisions   - Expected     0.00, actual        0 ( 0.00x) - passed
ok 86 - Collision Rate for Keyset 'CRC-MultiCollision' - seed 7 # Murmur2B
# Testing collisions   - Expected     0.00, actual        0 ( 0.00x) - passed
ok 87 - Collision Rate for Keyset 'CRC-MultiCollision' - seed 8 # Murmur2B
# Testing collisions   - Expected     0.00, actual        0 ( 0.00x) - passed
ok 88 - Collision Rate for Keyset 'CRC-MultiCollision' - seed 9 # Murmur2B
# Testing collisions   - Expected     0.00, actual        0 ( 0.00x) - passed
ok 89 - Collision Rate for Keyset 'CRC-MultiCollision' - seed 10 # Murmur2B
### Keyset 'Combination Lowbits' Tests ###
# Keyset 'Combination' - up to 8 blocks from a set of 8 - 19173960 keys
# Testing collisions   - Expected     0.00, actual        0 ( 0.00x) - passed
ok 90 - Collision Rate for Keyset 'Combination Lowbits'
ok 91 - Distribution Bias Check for Keyset 'Combination Lowbits'
ok 92 - Keyset 'Combination Lowbits' # Murmur2B
### Keyset 'Combination Highbits' Tests ###
# Keyset 'Combination' - up to 8 blocks from a set of 8 - 19173960 keys
# Testing collisions   - Expected     0.00, actual        0 ( 0.00x) - passed
ok 93 - Collision Rate for Keyset 'Combination Highbits'
ok 94 - Distribution Bias Check for Keyset 'Combination Highbits'
ok 95 - Keyset 'Combination Highbits' # Murmur2B
### Keyset 'Combination Highbits2' Tests ###
# Keyset 'Combination' - up to 8 blocks from a set of 8 - 19173960 keys
# Testing collisions   - Expected     0.00, actual        0 ( 0.00x) - passed
ok 96 - Collision Rate for Keyset 'Combination Highbits2'
ok 97 - Distribution Bias Check for Keyset 'Combination Highbits2'
ok 98 - Keyset 'Combination Highbits2' # Murmur2B
### Keyset 'Combination 0x80000000' Tests ###
# Keyset 'Combination' - up to 20 blocks from a set of 2 - 2097150 keys
# Testing collisions   - Expected     0.00, actual        0 ( 0.00x) - passed
ok 99 - Collision Rate for Keyset 'Combination 0x80000000'
ok 100 - Distribution Bias Check for Keyset 'Combination 0x80000000'
ok 101 - Keyset 'Combination 0x80000000' # Murmur2B
### Keyset 'Combination 0x00000001' Tests ###
# Keyset 'Combination' - up to 20 blocks from a set of 2 - 2097150 keys
# Testing collisions   - Expected     0.00, actual        0 ( 0.00x) - passed
ok 102 - Collision Rate for Keyset 'Combination 0x00000001'
ok 103 - Distribution Bias Check for Keyset 'Combination 0x00000001'
ok 104 - Keyset 'Combination 0x00000001' # Murmur2B
### Keyset 'Combination Hi-Lo' Tests ###
# Keyset 'Combination' - up to 6 blocks from a set of 15 - 12204240 keys
# Testing collisions   - Expected     0.00, actual        0 ( 0.00x) - passed
ok 105 - Collision Rate for Keyset 'Combination Hi-Lo'
ok 106 - Distribution Bias Check for Keyset 'Combination Hi-Lo'
ok 107 - Keyset 'Combination Hi-Lo' # Murmur2B
### Keyset 'Text' Tests ###
# Keyset 'Text' - keys of form "Foo[XXXX]Bar" - 14776336 keys
# Testing collisions   - Expected     0.00, actual        0 ( 0.00x) - passed
ok 108 - Collision Rate for Keyset 'Text' - keys of form "Foo[XXXX]Bar" - 14776336 keys
ok 109 - Distribution Bias Check for Keyset 'Text' - keys of form "Foo[XXXX]Bar" - 14776336 keys
# Keyset 'Text' - keys of form "FooBar[XXXX]" - 14776336 keys
# Testing collisions   - Expected     0.00, actual        0 ( 0.00x) - passed
ok 110 - Collision Rate for Keyset 'Text' - keys of form "FooBar[XXXX]" - 14776336 keys
ok 111 - Distribution Bias Check for Keyset 'Text' - keys of form "FooBar[XXXX]" - 14776336 keys
# Keyset 'Text' - keys of form "[XXXX]FooBar" - 14776336 keys
# Testing collisions   - Expected     0.00, actual        0 ( 0.00x) - passed
ok 112 - Collision Rate for Keyset 'Text' - keys of form "[XXXX]FooBar" - 14776336 keys
ok 113 - Distribution Bias Check for Keyset 'Text' - keys of form "[XXXX]FooBar" - 14776336 keys
ok 114 - Keyset 'Text' # Murmur2B
### Keyset 'Zeroes' Tests ###
# Keyset 'Zeroes' - 262144 keys
# Testing collisions   - Expected     0.00, actual        0 ( 0.00x) - passed
ok 115 - Collision Rate for Keyset 'Zeroes' - 262144 keys
ok 116 - Distribution Bias Check for Keyset 'Zeroes' - 262144 keys
ok 117 - Keyset 'Zeroes' # Murmur2B
### Keyset 'Seed' Tests ###
# Keyset 'Seed' - 2000000 seeds, Key "The quick brown fox "...
# Testing collisions   - Expected     0.00, actual        0 ( 0.00x) - passed
ok 118 - Collision Rate for Keyset 'Seed' - 2000000 seeds, Key "The quick brown fox "...
ok 119 - Distribution Bias Check for Keyset 'Seed' - 2000000 seeds, Key "The quick brown fox "...
# Keyset 'Seed' - 2000000 seeds, Key ""
# Testing collisions   - Expected     0.00, actual        0 ( 0.00x) - passed
ok 120 - Collision Rate for Keyset 'Seed' - 2000000 seeds, Key ""
ok 121 - Distribution Bias Check for Keyset 'Seed' - 2000000 seeds, Key ""
# Keyset 'Seed' - 2000000 seeds, Key "00101100110101101"
# Testing collisions   - Expected     0.00, actual        0 ( 0.00x) - passed
ok 122 - Collision Rate for Keyset 'Seed' - 2000000 seeds, Key "00101100110101101"
ok 123 - Distribution Bias Check for Keyset 'Seed' - 2000000 seeds, Key "00101100110101101"
# Keyset 'Seed' - 2000000 seeds, Key "abcbcddbdebdcaaabaaa"...
# Testing collisions   - Expected     0.00, actual        0 ( 0.00x) - passed
ok 124 - Collision Rate for Keyset 'Seed' - 2000000 seeds, Key "abcbcddbdebdcaaabaaa"...
ok 125 - Distribution Bias Check for Keyset 'Seed' - 2000000 seeds, Key "abcbcddbdebdcaaabaaa"...
ok 126 - Keyset 'Seed' # Murmur2B
### Keyset 'Effs' Tests ###
# Keyset 'Effs' - 262144 keys
# Testing collisions   - Expected     0.00, actual        0 ( 0.00x) - passed
ok 127 - Collision Rate for Keyset 'Effs' - 262144 keys
ok 128 - Distribution Bias Check for Keyset 'Effs' - 262144 keys
ok 129 - Keyset 'Effs' # Murmur2B
not ok 130 - all tests passed # Murmur2B
1..130
# Tests Failed. Murmur2B failed 3 of 130 tests.
# Testing took 1660.223728 seconds
# This is SMHasher version v1.0-demerphq-5-g86440f3 - built on Mar 10 2017.
