ok 1 - SelfTest - Verify 89 Hashes
ok 2 - Found Hash # Murmur3C
###################################################################
### Testing Murmur3C - no seed_state
### - MurmurHash3 for x86, 128-bit -
### seedbits: 32 statebits: 32 hashbits: 128
###################################################################
### Sanity Tests ###
ok 3 - Verification code # Murmur3C
# Sanity check simple key bit flips and consistency..........
ok 4 - SanityTest # Murmur3C
# Sanity check null suffixes change the hash (simple)..........
ok 5 - Appended Zeroes Test # Murmur3C
ok 6 - Sanity Test # Murmur3C
### Speed Tests ###
## Bulk speed test - 262144-byte keys
# Alignment  7 -  1.598 bytes/cycle - 4570.50 MiB/sec @ 3 ghz
# Alignment  6 -  1.598 bytes/cycle - 4570.50 MiB/sec @ 3 ghz
# Alignment  5 -  1.598 bytes/cycle - 4570.50 MiB/sec @ 3 ghz
# Alignment  4 -  1.598 bytes/cycle - 4571.65 MiB/sec @ 3 ghz
# Alignment  3 -  1.598 bytes/cycle - 4570.91 MiB/sec @ 3 ghz
# Alignment  2 -  1.598 bytes/cycle - 4570.92 MiB/sec @ 3 ghz
# Alignment  1 -  1.598 bytes/cycle - 4570.91 MiB/sec @ 3 ghz
# Alignment  0 -  1.598 bytes/cycle - 4571.58 MiB/sec @ 3 ghz
# Average      -  1.598 bytes/cycle - 4570.93 MiB/sec @ 3 ghz
## KeySpeed tests
# Murmur3C                  0 byte keys       21.000 c/h
# Murmur3C                  1 byte keys       33.000 c/h       33.000 c/b        0.030 b/c
# Murmur3C                  2 byte keys       35.973 c/h       17.987 c/b        0.056 b/c
# Murmur3C                  3 byte keys       36.916 c/h       12.305 c/b        0.081 b/c
# Murmur3C                  4 byte keys       37.533 c/h        9.383 c/b        0.107 b/c
# Murmur3C                  5 byte keys       38.895 c/h        7.779 c/b        0.129 b/c
# Murmur3C                  6 byte keys       39.526 c/h        6.588 c/b        0.152 b/c
# Murmur3C                  7 byte keys       39.996 c/h        5.714 c/b        0.175 b/c
# Murmur3C                  8 byte keys       40.530 c/h        5.066 c/b        0.197 b/c
# Murmur3C                  9 byte keys       41.315 c/h        4.591 c/b        0.218 b/c
# Murmur3C                 10 byte keys       41.818 c/h        4.182 c/b        0.239 b/c
# Murmur3C                 11 byte keys       42.313 c/h        3.847 c/b        0.260 b/c
# Murmur3C                 12 byte keys       42.975 c/h        3.581 c/b        0.279 b/c
# Murmur3C                 13 byte keys       44.000 c/h        3.385 c/b        0.295 b/c
# Murmur3C                 14 byte keys       44.995 c/h        3.214 c/b        0.311 b/c
# Murmur3C                 15 byte keys       44.988 c/h        2.999 c/b        0.333 b/c
# Murmur3C                 16 byte keys       39.999 c/h        2.500 c/b        0.400 b/c
# Murmur3C                 17 byte keys       41.263 c/h        2.427 c/b        0.412 b/c
# Murmur3C                 18 byte keys       41.978 c/h        2.332 c/b        0.429 b/c
# Murmur3C                 19 byte keys       42.491 c/h        2.236 c/b        0.447 b/c
# Murmur3C                 20 byte keys       41.994 c/h        2.100 c/b        0.476 b/c
# Murmur3C                 21 byte keys       43.000 c/h        2.048 c/b        0.488 b/c
# Murmur3C                 22 byte keys       43.981 c/h        1.999 c/b        0.500 b/c
# Murmur3C                 23 byte keys       44.000 c/h        1.913 c/b        0.523 b/c
# Murmur3C                 24 byte keys       43.988 c/h        1.833 c/b        0.546 b/c
# Murmur3C                 25 byte keys       46.619 c/h        1.865 c/b        0.536 b/c
# Murmur3C                 26 byte keys       47.514 c/h        1.827 c/b        0.547 b/c
# Murmur3C                 27 byte keys       47.000 c/h        1.741 c/b        0.574 b/c
# Murmur3C                 28 byte keys       47.765 c/h        1.706 c/b        0.586 b/c
# Murmur3C                 29 byte keys       49.130 c/h        1.694 c/b        0.590 b/c
# Murmur3C                 30 byte keys       49.968 c/h        1.666 c/b        0.600 b/c
# Murmur3C                 31 byte keys       49.983 c/h        1.612 c/b        0.620 b/c
#                          Average < 32       42.076 c/h        2.715 c/b        0.368 b/c
# Murmur3C                 32 byte keys       51.450 c/h        1.608 c/b        0.622 b/c
# Murmur3C                 36 byte keys       54.218 c/h        1.506 c/b        0.664 b/c
# Murmur3C                 40 byte keys       57.978 c/h        1.449 c/b        0.690 b/c
# Murmur3C                 44 byte keys       60.140 c/h        1.367 c/b        0.732 b/c
# Murmur3C                 48 byte keys       61.473 c/h        1.281 c/b        0.781 b/c
# Murmur3C                 52 byte keys       63.737 c/h        1.226 c/b        0.816 b/c
# Murmur3C                 56 byte keys       66.820 c/h        1.193 c/b        0.838 b/c
# Murmur3C                 60 byte keys       69.271 c/h        1.155 c/b        0.866 b/c
# Murmur3C                 64 byte keys       70.725 c/h        1.105 c/b        0.905 b/c
# Murmur3C                 68 byte keys       73.962 c/h        1.088 c/b        0.919 b/c
# Murmur3C                 72 byte keys       77.701 c/h        1.079 c/b        0.927 b/c
# Murmur3C                 76 byte keys       80.703 c/h        1.062 c/b        0.942 b/c
# Murmur3C                 80 byte keys       80.618 c/h        1.008 c/b        0.992 b/c
# Murmur3C                 84 byte keys       83.899 c/h        0.999 c/b        1.001 b/c
# Murmur3C                 88 byte keys       87.527 c/h        0.995 c/b        1.005 b/c
# Murmur3C                 92 byte keys       89.928 c/h        0.977 c/b        1.023 b/c
# Murmur3C                 96 byte keys       90.970 c/h        0.948 c/b        1.055 b/c
# Murmur3C                100 byte keys       94.011 c/h        0.940 c/b        1.064 b/c
# Murmur3C                104 byte keys       97.734 c/h        0.940 c/b        1.064 b/c
# Murmur3C                108 byte keys      100.061 c/h        0.926 c/b        1.079 b/c
# Murmur3C                112 byte keys      100.571 c/h        0.898 c/b        1.114 b/c
# Murmur3C                116 byte keys      103.871 c/h        0.895 c/b        1.117 b/c
# Murmur3C                120 byte keys      107.501 c/h        0.896 c/b        1.116 b/c
# Murmur3C                124 byte keys      109.937 c/h        0.887 c/b        1.128 b/c
#                         Average < 128       58.594 c/h        1.386 c/b        0.722 b/c
# Murmur3C                128 byte keys      110.968 c/h        0.867 c/b        1.153 b/c
# Murmur3C                256 byte keys      203.053 c/h        0.793 c/b        1.261 b/c
# Murmur3C                512 byte keys      363.360 c/h        0.710 c/b        1.409 b/c
# Murmur3C               1024 byte keys      682.662 c/h        0.667 c/b        1.500 b/c
# Murmur3C               2048 byte keys     1323.159 c/h        0.646 c/b        1.548 b/c
# Murmur3C               4096 byte keys     2626.126 c/h        0.641 c/b        1.560 b/c
# Murmur3C               8192 byte keys     5196.700 c/h        0.634 c/b        1.576 b/c
# Murmur3C              16384 byte keys    10291.565 c/h        0.628 c/b        1.592 b/c
# Murmur3C              32768 byte keys    20546.139 c/h        0.627 c/b        1.595 b/c
# Murmur3C              65536 byte keys    41046.332 c/h        0.626 c/b        1.597 b/c
#                       Overall Average     1298.050 c/h        0.643 c/b        1.556 b/c
ok 7 - Speed (always passes) # Murmur3C
### Differential Tests ###
# Testing 8303632 up-to-5-bit differentials in 64-bit keys -> 128 bit hashes.
# 1000 reps, 8303632000 total tests, expecting 0.00 random collisions..........
ok 8 - Differential collisions # Murmur3C
ok 9 - Nothing skipped during differential collision check # Murmur3C
# 0 total collisions, of which 0 single collisions were ignored
ok 10 - ProcessDifferentials
# Testing 11017632 up-to-4-bit differentials in 128-bit keys -> 128 bit hashes.
# 1000 reps, 11017632000 total tests, expecting 0.00 random collisions..........
ok 11 - Differential collisions # Murmur3C
ok 12 - Nothing skipped during differential collision check # Murmur3C
# 0 total collisions, of which 0 single collisions were ignored
ok 13 - ProcessDifferentials
# Testing 2796416 up-to-3-bit differentials in 256-bit keys -> 128 bit hashes.
# 1000 reps, 2796416000 total tests, expecting 0.00 random collisions..........
ok 14 - Differential collisions # Murmur3C
ok 15 - Nothing skipped during differential collision check # Murmur3C
# 0 total collisions, of which 0 single collisions were ignored
ok 16 - ProcessDifferentials
ok 17 - Differential # Murmur3C
### Avalanche Tests ### - seed-bits: 32 hash-bits: 128
# Samples 250000, expected error 0.00102400, confidence level 99.99994267%
# Testing   0-bit keys.......... ok.     # worst-bit:   0.654% error-ratio: 9.951938e-01
ok 18 - Strict Avalanche Criteria - 0 bit keys
# Testing   8-bit keys.......... not ok! # worst-bit:   0.788% error-ratio: 1.032117e+00
#              +---------------------------------------------------+
#              |012345678901234567890123456789012345678901234567890|
#              +---------------------------------------------------+
# Scale:       |.1234567890abcdefghijklmnopqrstuvwxyzãäåêëîïðñôõöûü|
#              |üÿABCDEFGHIJKLMNOPQRSTUVWXYZÂÃÄÅÊËÑÔÕÖÛÜÝø¤*©®¶&%@#|
#              +---------------------------------------------------+
#              |pct diff from 50%: abs((0.5-(changed/reps))*2) *100|
#              +----------------------------------------------------------------+
#              |0         1         2         3         4         5         6   |
#              |0123456789012345678901234567890123456789012345678901234567890123|
#              +----------------------------------------------------------------+
# seed     0.0 |...........1............................................1.......|
# seed     0.1 |........................1...............................1.......|
# seed     1.0 |...........................1............1.......................|
# seed     1.1 |........1...............................1.......................|
# seed     2.0 |...1.............1..............................................|
# seed     2.1 |................................................................| x 6
# seed     3.0 |................................................................|
# seed     4.0 |.....1..........................................................|
# seed     5.0 |................................................................| x 3
# seed     8.0 |.......................................1........................|
# seed     8.1 |.......1...............................1........................|
# seed     9.0 |..........1.....................................................|
# seed     9.1 |................................................................| x 2
# seed    10.0 |.................1..............................................|
# seed    11.0 |..................................1.............................|
# seed    11.1 |..1...............................1.............................|
# seed    12.0 |................................................................| x 2
# seed    12.1 |................................................................| x 2
# seed    14.0 |.......................................1........................|
# seed    14.1 |.......1...............................1........................|
# seed    15.0 |.....................................1..........................|
# seed    15.1 |.....1...............................1..........................|
# seed    16.0 |.......................1........................................|
# seed    16.1 |................................................................| x 3
# seed    17.0 |..........1.....................................................|
# seed    18.0 |................................................................|
# seed    19.0 |.............................1.......1..........................|
# seed    19.1 |.....1...............................1..........................|
# seed    20.0 |...............................................1................|
# seed    20.1 |...............1...............................1................|
# seed    21.0 |..............................1.................................|
# seed    21.1 |................................................................|
# seed    22.0 |............................1................1..................|
# seed    22.1 |.............1...............................1..................|
# seed    23.0 |.......................................................1........|
# seed    23.1 |.......................1...............................1........|
# seed    24.0 |.........................................................11.....|
# seed    24.1 |.........................11..............................11.....|
# seed    25.0 |.....................................................1..........|
# seed    25.1 |.....................1...............................1..........|
# seed    26.0 |..........1.......................1.......................1.....|
# seed    26.1 |..1.......................1.......1.......................1.....|
# seed    27.0 |...........................................1....................|
# seed    27.1 |...........1...............................1....................|
# seed    28.0 |................................................................| x 3
# seed    28.1 |................................................................| x 4
# seed    31.0 |.....................1..........................................|
# key      0.0 |..............................1.................................|
# key      0.1 |................................................................|
# key      1.0 |.....................................1........1.................|
# key      1.1 |.....1........1......................1........1.................|
# key      2.0 |......................................................1.1.......|
# key      2.1 |......................1.1.............................1.1.......|
# key      3.0 |................................................................|
# key      3.1 |................................................................| x 2
# key      4.0 |..1.............................................................|
# key      5.0 |...................................1............................|
# key      5.1 |...1...............................1............................|
# key      6.0 |.....................................................1..1.......|
# key      6.1 |.....................1..1............................1..1.......|
# key      7.0 |.............1........................................1.........|
# key      7.1 |......................1...............................1.........|
#              +-------------------------------------------------------------------+
#              +---------------------------------------------------+
#              |012345678901234567890123456789012345678901234567890|
#              +---------------------------------------------------+
# Scale:       |.1234567890abcdefghijklmnopqrstuvwxyzãäåêëîïðñôõöûü|
#              |üÿABCDEFGHIJKLMNOPQRSTUVWXYZÂÃÄÅÊËÑÔÕÖÛÜÝø¤*©®¶&%@#|
#              +---------------------------------------------------+
#              |scaled p-value above confidence level (zero is ok) |
#              +----------------------------------------------------------------+
#              |0         1         2         3         4         5         6   |
#              |0123456789012345678901234567890123456789012345678901234567890123|
#              +----------------------------------------------------------------+
# seed     0.0 |................................................................| x 32
# seed     0.1 |................................................................| x 32
# key      0.0 |................................................................| x 8
# key      0.1 |................................................................| x 8
#              +-------------------------------------------------------------------+
# 0 of 5120 bits failed (0.00%) failed at 99.999943 confidence
#     g-test: 0.000000%
#     sum-error-square: 0.00105689
#     key/seed errors: 1/40
#     - seed bit 27 gtest probability not random: 100.0000 (16017157/15982843)
not ok 19 - Strict Avalanche Criteria - 8 bit keys
# Testing  16-bit keys.......... ok.     # worst-bit:   0.685% error-ratio: 9.788202e-01
ok 20 - Strict Avalanche Criteria - 16 bit keys
# Testing  24-bit keys.......... ok.     # worst-bit:   0.850% error-ratio: 1.010080e+00
ok 21 - Strict Avalanche Criteria - 24 bit keys
# Testing  32-bit keys.......... ok.     # worst-bit:   0.683% error-ratio: 1.016211e+00
ok 22 - Strict Avalanche Criteria - 32 bit keys
# Testing  40-bit keys.......... ok.     # worst-bit:   0.868% error-ratio: 1.011936e+00
ok 23 - Strict Avalanche Criteria - 40 bit keys
# Testing  48-bit keys.......... ok.     # worst-bit:   0.734% error-ratio: 9.949386e-01
ok 24 - Strict Avalanche Criteria - 48 bit keys
# Testing  56-bit keys.......... ok.     # worst-bit:   0.846% error-ratio: 9.955813e-01
ok 25 - Strict Avalanche Criteria - 56 bit keys
# Testing  64-bit keys.......... ok.     # worst-bit:   0.888% error-ratio: 9.977238e-01
ok 26 - Strict Avalanche Criteria - 64 bit keys
# Testing  72-bit keys.......... ok.     # worst-bit:   0.887% error-ratio: 9.814307e-01
ok 27 - Strict Avalanche Criteria - 72 bit keys
# Testing  80-bit keys.......... ok.     # worst-bit:   0.766% error-ratio: 9.806337e-01
ok 28 - Strict Avalanche Criteria - 80 bit keys
# Testing  88-bit keys.......... ok.     # worst-bit:   0.779% error-ratio: 9.947310e-01
ok 29 - Strict Avalanche Criteria - 88 bit keys
# Testing  96-bit keys.......... not ok! # worst-bit:   1.028% error-ratio: 1.013879e+00
#              +---------------------------------------------------+
#              |012345678901234567890123456789012345678901234567890|
#              +---------------------------------------------------+
# Scale:       |.1234567890abcdefghijklmnopqrstuvwxyzãäåêëîïðñôõöûü|
#              |üÿABCDEFGHIJKLMNOPQRSTUVWXYZÂÃÄÅÊËÑÔÕÖÛÜÝø¤*©®¶&%@#|
#              +---------------------------------------------------+
#              |pct diff from 50%: abs((0.5-(changed/reps))*2) *100|
#              +----------------------------------------------------------------+
#              |0         1         2         3         4         5         6   |
#              |0123456789012345678901234567890123456789012345678901234567890123|
#              +----------------------------------------------------------------+
# seed     0.0 |................................................................| x 2
# seed     0.1 |................................................................| x 4
# seed     2.0 |.........1.....................................1................|
# seed     3.0 |.............................1....1...1.........................|
# seed     4.0 |...................1............................................|
# seed     4.1 |...1............................................................|
# seed     5.0 |1...............................................................|
# seed     5.1 |................................................................|
# seed     6.0 |..................................1.............................|
# seed     6.1 |.......................................1.................1......|
# seed     7.0 |..............................1.......................1.........|
# seed     7.1 |.....1..........................................................|
# seed     8.0 |................................................................|
# seed     8.1 |........................1.......................................|
# seed     9.0 |....................1...........................................|
# seed     9.1 |.....1......................1...................................|
# seed    10.0 |.......................................1...........1........1...|
# seed    10.1 |................................................................| x 4
# seed    11.0 |.........1.....................1................................|
# seed    12.0 |...................................1............................|
# seed    13.0 |................................................................|
# seed    14.0 |........................1.......................................|
# seed    14.1 |....1...........................................................|
# seed    15.0 |................................................................|
# seed    15.1 |................................................................| x 2
# seed    16.0 |...................................................1............|
# seed    17.0 |.....................................................1..........|
# seed    17.1 |..................1..1..........................................|
# seed    18.0 |................................................................|
# seed    18.1 |....................................................1...........|
# seed    19.0 |............1...................................................|
# seed    19.1 |................................................................|
# seed    20.0 |.........................................................1......|
# seed    20.1 |............1.....................................1.............|
# seed    21.0 |................................................................|
# seed    21.1 |...............................1................................|
# seed    22.0 |...............................1................................|
# seed    22.1 |.......1........................................................|
# seed    23.0 |...............1.........................1......................|
# seed    23.1 |................................................................| x 2
# seed    24.0 |................................................................| x 2
# seed    25.1 |............................1...................................|
# seed    26.0 |..............................................................1.|
# seed    26.1 |................................................................| x 3
# seed    27.0 |....1...........................................................|
# seed    28.0 |................................................................|
# seed    29.0 |........1.............................1...........1.......1.....|
# seed    29.1 |............................................................1...|
# seed    30.0 |.................................11...........1.................|
# seed    30.1 |..................1........................................1....|
# seed    31.0 |....................1...........................................|
# seed    31.1 |................................................................|
# key      0.0 |......................................................1.........|
# key      0.1 |.....................................1..........................|
# key      1.0 |..............1.............................................1...|
# key      1.1 |...............................................................1|
# key      2.0 |............................................1...................|
# key      2.1 |................................................................| x 2
# key      3.0 |................................................................|
# key      4.0 |.....1..........................................................|
# key      4.1 |..............................1....................1............|
# key      5.0 |...1................................1...........................|
# key      5.1 |................1............................1..................|
# key      6.0 |................................................................| x 2
# key      6.1 |................................................................| x 3
# key      8.0 |...1..................................1.........................|
# key      9.0 |................................................................| x 2
# key      9.1 |................1...1...........................................|
# key     10.1 |.....1.......................................1..................|
# key     11.0 |.................................................1..............|
# key     11.1 |........................................1.......................|
# key     12.0 |.......1...............................1........................|
# key     12.1 |....1...........................1...............................|
# key     13.0 |......................................1.........................|
# key     13.1 |.............1..................................................|
# key     14.0 |................................................................|
# key     14.1 |...1............................................................|
# key     15.0 |.....................................................1..........|
# key     15.1 |................................................................|
# key     16.0 |..................1.............................................|
# key     16.1 |.........................1............................1.........|
# key     17.0 |.......................................1........................|
# key     17.1 |................................................................|
# key     18.0 |.................1..............................................|
# key     18.1 |...................1......................................1.....|
# key     19.0 |..........................................................1.....|
# key     19.1 |..............................................1.................|
# key     20.0 |..................1...............1.............................|
# key     20.1 |.......................................................1........|
# key     21.0 |................1...............................................|
# key     21.1 |......................1..........1..............................|
# key     22.0 |..........1.....................................................|
# key     22.1 |.......................................1........................|
# key     23.0 |........................1......................1................|
# key     23.1 |................................................................|
# key     24.0 |................................................................| x 3
# key     24.1 |................................................1...............|
# key     25.1 |................................................................|
# key     26.1 |..............1....................1............................|
# key     27.0 |............1...................................................|
# key     27.1 |................................................................|
# key     28.0 |................................................................| x 2
# key     28.1 |....1.............................................1.............|
# key     29.1 |..........................1.....................................|
# key     30.0 |.................................1..............................|
# key     30.1 |...............1................................................|
# key     31.0 |...................................1............................|
# key     31.1 |1...............................1............................1..|
# key     32.0 |...................................1....1.......................|
# key     32.1 |................................................................|
# key     33.0 |..1.............................................................|
# key     33.1 |.....................................................1...1......|
# key     34.0 |.........1......................................................|
# key     34.1 |...............................................1................|
# key     35.0 |................................................................|
# key     35.1 |...................1............................................|
# key     36.0 |.........................................................1......|
# key     36.1 |................................................................|
# key     37.0 |................................................................| x 2
# key     37.1 |..........................................1.....................|
# key     38.1 |................................................................|
# key     39.0 |...................................1...1........................|
# key     39.1 |..........................1.....................................|
# key     40.0 |..................................1.............................|
# key     40.1 |...11...........................................................|
# key     41.0 |................................................................|
# key     41.1 |................................................................| x 2
# key     42.0 |.........................1.....1.....1..........................|
# key     43.0 |.............................1..................................|
# key     43.1 |...............1................................................|
# key     44.0 |......1......................1.......1..........................|
# key     44.1 |...........................................................1....|
# key     45.0 |.............................................1..................|
# key     45.1 |..........................................1..........1..........|
# key     46.0 |................................................................| x 2
# key     46.1 |..................1.1...........................................|
# key     47.1 |................................................................| x 4
# key     48.0 |...........................................................1....|
# key     49.0 |.................................................1.....1........|
# key     50.0 |.........................1..................1...................|
# key     51.0 |.................................................1.........1....|
# key     51.1 |..1......................................................1......|
# key     52.0 |................................................................|
# key     52.1 |.................................1...1..........................|
# key     53.0 |.....................................1........1.................|
# key     53.1 |................................................................|
# key     54.0 |...................................................1............|
# key     54.1 |.................................................1..............|
# key     55.0 |................................................................|
# key     55.1 |...............................1................................|
# key     56.0 |...............1.............................................1..|
# key     56.1 |......................1........1................................|
# key     57.0 |......................1.....................................1...|
# key     57.1 |...............................................1................|
# key     58.0 |.............................................................1..|
# key     58.1 |...........................................................1....|
# key     59.0 |................1.................1..........1..................|
# key     59.1 |...1............................................................|
# key     60.0 |..................1.............................................|
# key     60.1 |...................1............................................|
# key     61.0 |................................................................| x 2
# key     61.1 |......................................................1.........|
# key     62.1 |..............................................................1.|
# key     63.0 |............1...................................................|
# key     63.1 |..........1.....................................................|
# key     64.0 |.1..............................................................|
# key     64.1 |................................................................|
# key     65.0 |...............................................1................|
# key     65.1 |......................1......................1..................|
# key     66.0 |...1..............................................1.............|
# key     66.1 |................................................................| x 3
# key     67.0 |................................................................|
# key     68.0 |.............................1..1...............................|
# key     69.0 |.................1..............................................|
# key     69.1 |..........1.....................................................|
# key     70.0 |.1..............................................................|
# key     70.1 |.....................................................1..........|
# key     71.0 |........................................1.......................|
# key     71.1 |................................................................|
# key     72.0 |......11.....................1.................................1|
# key     72.1 |................1.....1.........................................|
# key     73.0 |.....1......................................1...................|
# key     73.1 |................................................................|
# key     74.0 |....................................1...........................|
# key     74.1 |........................................................11......|
# key     75.0 |................................................................| x 3
# key     75.1 |......1.........................................................|
# key     76.1 |.....1..........................................................|
# key     77.1 |..............................1...............................1.|
# key     78.0 |.............................................................1..|
# key     78.1 |....................1...........................................|
# key     79.0 |................................................................|
# key     79.1 |.........................................1......................|
# key     80.0 |1...........................................................1...|
# key     80.1 |................................................................| x 3
# key     81.0 |.........................................................1......|
# key     82.0 |..............1.................................................|
# key     83.0 |...................1....................1.............1.........|
# key     83.1 |..........1.....................................................|
# key     84.0 |..1.........................................1...................|
# key     84.1 |................................................................|
# key     85.0 |................................................................|
# key     85.1 |...................................1............................|
# key     86.0 |..........1....................1................1...............|
# key     86.1 |................................................................|
# key     87.0 |................................1...............................|
# key     87.1 |.................................1..............................|
# key     88.0 |.......................1........................................|
# key     88.1 |......1.........................................................|
# key     89.0 |........................1...1...11...............1..............|
# key     89.1 |.......................................1........................|
# key     90.0 |................................................................| x 3
# key     90.1 |.1........................................1.....................|
# key     91.1 |................................................................| x 4
# key     93.0 |........................................1.......................|
# key     94.0 |................................................................|
# key     95.0 |.........................1......................................|
# key     95.1 |...........................................................1....|
#              +-------------------------------------------------------------------+
#              +---------------------------------------------------+
#              |012345678901234567890123456789012345678901234567890|
#              +---------------------------------------------------+
# Scale:       |.1234567890abcdefghijklmnopqrstuvwxyzãäåêëîïðñôõöûü|
#              |üÿABCDEFGHIJKLMNOPQRSTUVWXYZÂÃÄÅÊËÑÔÕÖÛÜÝø¤*©®¶&%@#|
#              +---------------------------------------------------+
#              |scaled p-value above confidence level (zero is ok) |
#              +----------------------------------------------------------------+
#              |0         1         2         3         4         5         6   |
#              |0123456789012345678901234567890123456789012345678901234567890123|
#              +----------------------------------------------------------------+
# seed     0.0 |................................................................| x 32
# seed     0.1 |................................................................| x 32
# key      0.0 |................................................................| x 49
# key      0.1 |................................................................| x 96
# key     49.0 |.......................................................A........|
# key     50.0 |................................................................| x 46
#              +-------------------------------------------------------------------+
# 1 of 16384 bits failed (0.01%) failed at 99.999943 confidence
#     g-test: 0.000000%
#     sum-error-square: 0.00103821
not ok 30 - Strict Avalanche Criteria - 96 bit keys
# Testing 104-bit keys.......... ok.     # worst-bit:   0.823% error-ratio: 1.001419e+00
ok 31 - Strict Avalanche Criteria - 104 bit keys
# Testing 112-bit keys.......... ok.     # worst-bit:   0.726% error-ratio: 1.004017e+00
ok 32 - Strict Avalanche Criteria - 112 bit keys
# Testing 120-bit keys.......... ok.     # worst-bit:   0.790% error-ratio: 9.892670e-01
ok 33 - Strict Avalanche Criteria - 120 bit keys
# Testing 128-bit keys.......... ok.     # worst-bit:   0.842% error-ratio: 1.016194e+00
ok 34 - Strict Avalanche Criteria - 128 bit keys
# Testing 136-bit keys.......... ok.     # worst-bit:   0.910% error-ratio: 9.971046e-01
ok 35 - Strict Avalanche Criteria - 136 bit keys
# Testing 144-bit keys.......... ok.     # worst-bit:   0.929% error-ratio: 1.000806e+00
ok 36 - Strict Avalanche Criteria - 144 bit keys
# Testing 152-bit keys.......... ok.     # worst-bit:   0.845% error-ratio: 1.009095e+00
ok 37 - Strict Avalanche Criteria - 152 bit keys
# Testing 152-bit keys.......... ok.     # worst-bit:   0.889% error-ratio: 9.927511e-01
ok 38 - Strict Avalanche Criteria - 160 bit keys
# Testing 256-bit keys.......... ok.     # worst-bit:   0.875% error-ratio: 9.956958e-01
ok 39 - Strict Avalanche Criteria - 256 bit keys
not ok 40 - Strict Avalanche Criteria # Murmur3C
### Keyset 'Cyclic' Tests ###
# Keyset 'Cyclic' - 8 cycles of 16 bytes - 10000000 keys
# Testing collisions   - Expected     0.00, actual        0 ( 0.00x) - passed
ok 41 - Collision Rate for Keyset 'Cyclic' - 8 cycles of 16 bytes - 10000000 keys
ok 42 - Distribution Bias Check for Keyset 'Cyclic' - 8 cycles of 16 bytes - 10000000 keys
# Keyset 'Cyclic' - 8 cycles of 17 bytes - 10000000 keys
# Testing collisions   - Expected     0.00, actual        0 ( 0.00x) - passed
ok 43 - Collision Rate for Keyset 'Cyclic' - 8 cycles of 17 bytes - 10000000 keys
ok 44 - Distribution Bias Check for Keyset 'Cyclic' - 8 cycles of 17 bytes - 10000000 keys
# Keyset 'Cyclic' - 8 cycles of 18 bytes - 10000000 keys
# Testing collisions   - Expected     0.00, actual        0 ( 0.00x) - passed
ok 45 - Collision Rate for Keyset 'Cyclic' - 8 cycles of 18 bytes - 10000000 keys
ok 46 - Distribution Bias Check for Keyset 'Cyclic' - 8 cycles of 18 bytes - 10000000 keys
# Keyset 'Cyclic' - 8 cycles of 19 bytes - 10000000 keys
# Testing collisions   - Expected     0.00, actual        0 ( 0.00x) - passed
ok 47 - Collision Rate for Keyset 'Cyclic' - 8 cycles of 19 bytes - 10000000 keys
ok 48 - Distribution Bias Check for Keyset 'Cyclic' - 8 cycles of 19 bytes - 10000000 keys
# Keyset 'Cyclic' - 8 cycles of 20 bytes - 10000000 keys
# Testing collisions   - Expected     0.00, actual        0 ( 0.00x) - passed
ok 49 - Collision Rate for Keyset 'Cyclic' - 8 cycles of 20 bytes - 10000000 keys
ok 50 - Distribution Bias Check for Keyset 'Cyclic' - 8 cycles of 20 bytes - 10000000 keys
ok 51 - Keyset 'Cyclic' # Murmur3C
### Keyset 'TwoBytes' Tests ###
# Testing collisions   - Expected     0.00, actual        0 ( 0.00x) - passed
ok 52 - Collision Rate for Keyset 'TwoBytes' - up-to-4-byte keys, 652545 total keys
ok 53 - Distribution Bias Check for Keyset 'TwoBytes' - up-to-4-byte keys, 652545 total keys
# Testing collisions   - Expected     0.00, actual        0 ( 0.00x) - passed
ok 54 - Collision Rate for Keyset 'TwoBytes' - up-to-8-byte keys, 5471025 total keys
ok 55 - Distribution Bias Check for Keyset 'TwoBytes' - up-to-8-byte keys, 5471025 total keys
# Testing collisions   - Expected     0.00, actual        0 ( 0.00x) - passed
ok 56 - Collision Rate for Keyset 'TwoBytes' - up-to-12-byte keys, 18616785 total keys
ok 57 - Distribution Bias Check for Keyset 'TwoBytes' - up-to-12-byte keys, 18616785 total keys
# Testing collisions   - Expected     0.00, actual        0 ( 0.00x) - passed
ok 58 - Collision Rate for Keyset 'TwoBytes' - up-to-16-byte keys, 44251425 total keys
ok 59 - Distribution Bias Check for Keyset 'TwoBytes' - up-to-16-byte keys, 44251425 total keys
# Testing collisions   - Expected     0.00, actual        0 ( 0.00x) - passed
ok 60 - Collision Rate for Keyset 'TwoBytes' - up-to-20-byte keys, 86536545 total keys
ok 61 - Distribution Bias Check for Keyset 'TwoBytes' - up-to-20-byte keys, 86536545 total keys
ok 62 - Keyset 'TwoBytes' # Murmur3C
### Keyset 'Sparse' Tests ###
# Keyset 'Sparse' - 32-bit keys with up to 6 bits set - 1149017 keys
# Testing collisions   - Expected     0.00, actual        0 ( 0.00x) - passed
ok 63 - Collision Rate for Keyset 'Sparse' - 32-bit keys with up to 6 bits set
ok 64 - Distribution Bias Check for Keyset 'Sparse' - 32-bit keys with up to 6 bits set
# Keyset 'Sparse' - 40-bit keys with up to 6 bits set - 4598479 keys
# Testing collisions   - Expected     0.00, actual        0 ( 0.00x) - passed
ok 65 - Collision Rate for Keyset 'Sparse' - 40-bit keys with up to 6 bits set
ok 66 - Distribution Bias Check for Keyset 'Sparse' - 40-bit keys with up to 6 bits set
# Keyset 'Sparse' - 48-bit keys with up to 5 bits set - 1925357 keys
# Testing collisions   - Expected     0.00, actual        0 ( 0.00x) - passed
ok 67 - Collision Rate for Keyset 'Sparse' - 48-bit keys with up to 5 bits set
ok 68 - Distribution Bias Check for Keyset 'Sparse' - 48-bit keys with up to 5 bits set
# Keyset 'Sparse' - 56-bit keys with up to 5 bits set - 4216423 keys
# Testing collisions   - Expected     0.00, actual        0 ( 0.00x) - passed
ok 69 - Collision Rate for Keyset 'Sparse' - 56-bit keys with up to 5 bits set
ok 70 - Distribution Bias Check for Keyset 'Sparse' - 56-bit keys with up to 5 bits set
# Keyset 'Sparse' - 64-bit keys with up to 5 bits set - 8303633 keys
# Testing collisions   - Expected     0.00, actual        0 ( 0.00x) - passed
ok 71 - Collision Rate for Keyset 'Sparse' - 64-bit keys with up to 5 bits set
ok 72 - Distribution Bias Check for Keyset 'Sparse' - 64-bit keys with up to 5 bits set
# Keyset 'Sparse' - 96-bit keys with up to 4 bits set - 3469497 keys
# Testing collisions   - Expected     0.00, actual        0 ( 0.00x) - passed
ok 73 - Collision Rate for Keyset 'Sparse' - 96-bit keys with up to 4 bits set
ok 74 - Distribution Bias Check for Keyset 'Sparse' - 96-bit keys with up to 4 bits set
# Keyset 'Sparse' - 256-bit keys with up to 3 bits set - 2796417 keys
# Testing collisions   - Expected     0.00, actual        0 ( 0.00x) - passed
ok 75 - Collision Rate for Keyset 'Sparse' - 256-bit keys with up to 3 bits set
ok 76 - Distribution Bias Check for Keyset 'Sparse' - 256-bit keys with up to 3 bits set
# Keyset 'Sparse' - 2048-bit keys with up to 2 bits set - 2098177 keys
# Testing collisions   - Expected     0.00, actual        0 ( 0.00x) - passed
ok 77 - Collision Rate for Keyset 'Sparse' - 2048-bit keys with up to 2 bits set
ok 78 - Distribution Bias Check for Keyset 'Sparse' - 2048-bit keys with up to 2 bits set
ok 79 - Keyset 'Sparse' # Murmur3C
# Keyset 'CRC-MultiCollision' - 100000 x 16 block keys - 128-bytes long - 10 seeds
# Testing collisions   - Expected     0.00, actual        0 ( 0.00x) - passed
ok 80 - Collision Rate for Keyset 'CRC-MultiCollision' - seed 1 # Murmur3C
# Testing collisions   - Expected     0.00, actual        0 ( 0.00x) - passed
ok 81 - Collision Rate for Keyset 'CRC-MultiCollision' - seed 2 # Murmur3C
# Testing collisions   - Expected     0.00, actual        0 ( 0.00x) - passed
ok 82 - Collision Rate for Keyset 'CRC-MultiCollision' - seed 3 # Murmur3C
# Testing collisions   - Expected     0.00, actual        0 ( 0.00x) - passed
ok 83 - Collision Rate for Keyset 'CRC-MultiCollision' - seed 4 # Murmur3C
# Testing collisions   - Expected     0.00, actual        0 ( 0.00x) - passed
ok 84 - Collision Rate for Keyset 'CRC-MultiCollision' - seed 5 # Murmur3C
# Testing collisions   - Expected     0.00, actual        0 ( 0.00x) - passed
ok 85 - Collision Rate for Keyset 'CRC-MultiCollision' - seed 6 # Murmur3C
# Testing collisions   - Expected     0.00, actual        0 ( 0.00x) - passed
ok 86 - Collision Rate for Keyset 'CRC-MultiCollision' - seed 7 # Murmur3C
# Testing collisions   - Expected     0.00, actual        0 ( 0.00x) - passed
ok 87 - Collision Rate for Keyset 'CRC-MultiCollision' - seed 8 # Murmur3C
# Testing collisions   - Expected     0.00, actual        0 ( 0.00x) - passed
ok 88 - Collision Rate for Keyset 'CRC-MultiCollision' - seed 9 # Murmur3C
# Testing collisions   - Expected     0.00, actual        0 ( 0.00x) - passed
ok 89 - Collision Rate for Keyset 'CRC-MultiCollision' - seed 10 # Murmur3C
### Keyset 'Combination Lowbits' Tests ###
# Keyset 'Combination' - up to 8 blocks from a set of 8 - 19173960 keys
# Testing collisions   - Expected     0.00, actual        0 ( 0.00x) - passed
ok 90 - Collision Rate for Keyset 'Combination Lowbits'
ok 91 - Distribution Bias Check for Keyset 'Combination Lowbits'
ok 92 - Keyset 'Combination Lowbits' # Murmur3C
### Keyset 'Combination Highbits' Tests ###
# Keyset 'Combination' - up to 8 blocks from a set of 8 - 19173960 keys
# Testing collisions   - Expected     0.00, actual        0 ( 0.00x) - passed
ok 93 - Collision Rate for Keyset 'Combination Highbits'
ok 94 - Distribution Bias Check for Keyset 'Combination Highbits'
ok 95 - Keyset 'Combination Highbits' # Murmur3C
### Keyset 'Combination Highbits2' Tests ###
# Keyset 'Combination' - up to 8 blocks from a set of 8 - 19173960 keys
# Testing collisions   - Expected     0.00, actual        0 ( 0.00x) - passed
ok 96 - Collision Rate for Keyset 'Combination Highbits2'
ok 97 - Distribution Bias Check for Keyset 'Combination Highbits2'
ok 98 - Keyset 'Combination Highbits2' # Murmur3C
### Keyset 'Combination 0x80000000' Tests ###
# Keyset 'Combination' - up to 20 blocks from a set of 2 - 2097150 keys
# Testing collisions   - Expected     0.00, actual        0 ( 0.00x) - passed
ok 99 - Collision Rate for Keyset 'Combination 0x80000000'
ok 100 - Distribution Bias Check for Keyset 'Combination 0x80000000'
ok 101 - Keyset 'Combination 0x80000000' # Murmur3C
### Keyset 'Combination 0x00000001' Tests ###
# Keyset 'Combination' - up to 20 blocks from a set of 2 - 2097150 keys
# Testing collisions   - Expected     0.00, actual        0 ( 0.00x) - passed
ok 102 - Collision Rate for Keyset 'Combination 0x00000001'
ok 103 - Distribution Bias Check for Keyset 'Combination 0x00000001'
ok 104 - Keyset 'Combination 0x00000001' # Murmur3C
### Keyset 'Combination Hi-Lo' Tests ###
# Keyset 'Combination' - up to 6 blocks from a set of 15 - 12204240 keys
# Testing collisions   - Expected     0.00, actual        0 ( 0.00x) - passed
ok 105 - Collision Rate for Keyset 'Combination Hi-Lo'
ok 106 - Distribution Bias Check for Keyset 'Combination Hi-Lo'
ok 107 - Keyset 'Combination Hi-Lo' # Murmur3C
### Keyset 'Text' Tests ###
# Keyset 'Text' - keys of form "Foo[XXXX]Bar" - 14776336 keys
# Testing collisions   - Expected     0.00, actual        0 ( 0.00x) - passed
ok 108 - Collision Rate for Keyset 'Text' - keys of form "Foo[XXXX]Bar" - 14776336 keys
ok 109 - Distribution Bias Check for Keyset 'Text' - keys of form "Foo[XXXX]Bar" - 14776336 keys
# Keyset 'Text' - keys of form "FooBar[XXXX]" - 14776336 keys
# Testing collisions   - Expected     0.00, actual        0 ( 0.00x) - passed
ok 110 - Collision Rate for Keyset 'Text' - keys of form "FooBar[XXXX]" - 14776336 keys
ok 111 - Distribution Bias Check for Keyset 'Text' - keys of form "FooBar[XXXX]" - 14776336 keys
# Keyset 'Text' - keys of form "[XXXX]FooBar" - 14776336 keys
# Testing collisions   - Expected     0.00, actual        0 ( 0.00x) - passed
ok 112 - Collision Rate for Keyset 'Text' - keys of form "[XXXX]FooBar" - 14776336 keys
ok 113 - Distribution Bias Check for Keyset 'Text' - keys of form "[XXXX]FooBar" - 14776336 keys
ok 114 - Keyset 'Text' # Murmur3C
### Keyset 'Zeroes' Tests ###
# Keyset 'Zeroes' - 262144 keys
# Testing collisions   - Expected     0.00, actual        0 ( 0.00x) - passed
ok 115 - Collision Rate for Keyset 'Zeroes' - 262144 keys
ok 116 - Distribution Bias Check for Keyset 'Zeroes' - 262144 keys
ok 117 - Keyset 'Zeroes' # Murmur3C
### Keyset 'Seed' Tests ###
# Keyset 'Seed' - 2000000 seeds, Key "The quick brown fox "...
# Testing collisions   - Expected     0.00, actual        0 ( 0.00x) - passed
ok 118 - Collision Rate for Keyset 'Seed' - 2000000 seeds, Key "The quick brown fox "...
ok 119 - Distribution Bias Check for Keyset 'Seed' - 2000000 seeds, Key "The quick brown fox "...
# Keyset 'Seed' - 2000000 seeds, Key ""
# Testing collisions   - Expected     0.00, actual        0 ( 0.00x) - passed
ok 120 - Collision Rate for Keyset 'Seed' - 2000000 seeds, Key ""
ok 121 - Distribution Bias Check for Keyset 'Seed' - 2000000 seeds, Key ""
# Keyset 'Seed' - 2000000 seeds, Key "00101100110101101"
# Testing collisions   - Expected     0.00, actual        0 ( 0.00x) - passed
ok 122 - Collision Rate for Keyset 'Seed' - 2000000 seeds, Key "00101100110101101"
ok 123 - Distribution Bias Check for Keyset 'Seed' - 2000000 seeds, Key "00101100110101101"
# Keyset 'Seed' - 2000000 seeds, Key "abcbcddbdebdcaaabaaa"...
# Testing collisions   - Expected     0.00, actual        0 ( 0.00x) - passed
ok 124 - Collision Rate for Keyset 'Seed' - 2000000 seeds, Key "abcbcddbdebdcaaabaaa"...
ok 125 - Distribution Bias Check for Keyset 'Seed' - 2000000 seeds, Key "abcbcddbdebdcaaabaaa"...
ok 126 - Keyset 'Seed' # Murmur3C
### Keyset 'Effs' Tests ###
# Keyset 'Effs' - 262144 keys
# Testing collisions   - Expected     0.00, actual        0 ( 0.00x) - passed
ok 127 - Collision Rate for Keyset 'Effs' - 262144 keys
ok 128 - Distribution Bias Check for Keyset 'Effs' - 262144 keys
ok 129 - Keyset 'Effs' # Murmur3C
not ok 130 - all tests passed # Murmur3C
1..130
# Tests Failed. Murmur3C failed 4 of 130 tests.
# Testing took 2524.557705 seconds
# This is SMHasher version v1.0-demerphq-5-g86440f3 - built on Mar 10 2017.
