ok 1 - SelfTest - Verify 89 Hashes
ok 2 - Found Hash # Murmur2C
###################################################################
### Testing Murmur2C - no seed_state
### - MurmurHash2 for x86, 64-bit -
### seedbits: 64 statebits: 64 hashbits: 64
###################################################################
### Sanity Tests ###
ok 3 - Verification code # Murmur2C
# Sanity check simple key bit flips and consistency..........
ok 4 - SanityTest # Murmur2C
# Sanity check null suffixes change the hash (simple)..........
ok 5 - Appended Zeroes Test # Murmur2C
ok 6 - Sanity Test # Murmur2C
### Speed Tests ###
## Bulk speed test - 262144-byte keys
# Alignment  7 -  1.588 bytes/cycle - 4542.63 MiB/sec @ 3 ghz
# Alignment  6 -  1.598 bytes/cycle - 4573.07 MiB/sec @ 3 ghz
# Alignment  5 -  1.598 bytes/cycle - 4573.07 MiB/sec @ 3 ghz
# Alignment  4 -  1.587 bytes/cycle - 4540.34 MiB/sec @ 3 ghz
# Alignment  3 -  1.598 bytes/cycle - 4573.07 MiB/sec @ 3 ghz
# Alignment  2 -  1.598 bytes/cycle - 4573.08 MiB/sec @ 3 ghz
# Alignment  1 -  1.598 bytes/cycle - 4573.08 MiB/sec @ 3 ghz
# Alignment  0 -  1.586 bytes/cycle - 4538.35 MiB/sec @ 3 ghz
# Average      -  1.594 bytes/cycle - 4560.84 MiB/sec @ 3 ghz
## KeySpeed tests
# Murmur2C                  0 byte keys       10.863 c/h
# Murmur2C                  1 byte keys       24.000 c/h       24.000 c/b        0.042 b/c
# Murmur2C                  2 byte keys       27.000 c/h       13.500 c/b        0.074 b/c
# Murmur2C                  3 byte keys       28.000 c/h        9.333 c/b        0.107 b/c
# Murmur2C                  4 byte keys       27.123 c/h        6.781 c/b        0.147 b/c
# Murmur2C                  5 byte keys       27.167 c/h        5.433 c/b        0.184 b/c
# Murmur2C                  6 byte keys       27.897 c/h        4.649 c/b        0.215 b/c
# Murmur2C                  7 byte keys       28.000 c/h        4.000 c/b        0.250 b/c
# Murmur2C                  8 byte keys       29.000 c/h        3.625 c/b        0.276 b/c
# Murmur2C                  9 byte keys       32.000 c/h        3.556 c/b        0.281 b/c
# Murmur2C                 10 byte keys       33.443 c/h        3.344 c/b        0.299 b/c
# Murmur2C                 11 byte keys       34.000 c/h        3.091 c/b        0.324 b/c
# Murmur2C                 12 byte keys       30.000 c/h        2.500 c/b        0.400 b/c
# Murmur2C                 13 byte keys       33.016 c/h        2.540 c/b        0.394 b/c
# Murmur2C                 14 byte keys       33.414 c/h        2.387 c/b        0.419 b/c
# Murmur2C                 15 byte keys       34.248 c/h        2.283 c/b        0.438 b/c
# Murmur2C                 16 byte keys       32.000 c/h        2.000 c/b        0.500 b/c
# Murmur2C                 17 byte keys       36.270 c/h        2.134 c/b        0.469 b/c
# Murmur2C                 18 byte keys       36.273 c/h        2.015 c/b        0.496 b/c
# Murmur2C                 19 byte keys       37.000 c/h        1.947 c/b        0.514 b/c
# Murmur2C                 20 byte keys       33.000 c/h        1.650 c/b        0.606 b/c
# Murmur2C                 21 byte keys       36.000 c/h        1.714 c/b        0.583 b/c
# Murmur2C                 22 byte keys       37.000 c/h        1.682 c/b        0.595 b/c
# Murmur2C                 23 byte keys       37.735 c/h        1.641 c/b        0.610 b/c
# Murmur2C                 24 byte keys       36.000 c/h        1.500 c/b        0.667 b/c
# Murmur2C                 25 byte keys       39.000 c/h        1.560 c/b        0.641 b/c
# Murmur2C                 26 byte keys       40.000 c/h        1.538 c/b        0.650 b/c
# Murmur2C                 27 byte keys       41.237 c/h        1.527 c/b        0.655 b/c
# Murmur2C                 28 byte keys       37.000 c/h        1.321 c/b        0.757 b/c
# Murmur2C                 29 byte keys       39.000 c/h        1.345 c/b        0.744 b/c
# Murmur2C                 30 byte keys       40.000 c/h        1.333 c/b        0.750 b/c
# Murmur2C                 31 byte keys       41.747 c/h        1.347 c/b        0.743 b/c
#                          Average < 32       33.076 c/h        2.134 c/b        0.469 b/c
# Murmur2C                 32 byte keys       39.254 c/h        1.227 c/b        0.815 b/c
# Murmur2C                 36 byte keys       40.000 c/h        1.111 c/b        0.900 b/c
# Murmur2C                 40 byte keys       42.551 c/h        1.064 c/b        0.940 b/c
# Murmur2C                 44 byte keys       43.388 c/h        0.986 c/b        1.014 b/c
# Murmur2C                 48 byte keys       46.000 c/h        0.958 c/b        1.043 b/c
# Murmur2C                 52 byte keys       47.000 c/h        0.904 c/b        1.106 b/c
# Murmur2C                 56 byte keys       49.000 c/h        0.875 c/b        1.143 b/c
# Murmur2C                 60 byte keys       50.294 c/h        0.838 c/b        1.193 b/c
# Murmur2C                 64 byte keys       52.000 c/h        0.812 c/b        1.231 b/c
# Murmur2C                 68 byte keys       54.060 c/h        0.795 c/b        1.258 b/c
# Murmur2C                 72 byte keys       56.000 c/h        0.778 c/b        1.286 b/c
# Murmur2C                 76 byte keys       57.847 c/h        0.761 c/b        1.314 b/c
# Murmur2C                 80 byte keys       59.263 c/h        0.741 c/b        1.350 b/c
# Murmur2C                 84 byte keys       62.000 c/h        0.738 c/b        1.355 b/c
# Murmur2C                 88 byte keys       63.000 c/h        0.716 c/b        1.397 b/c
# Murmur2C                 92 byte keys       69.066 c/h        0.751 c/b        1.332 b/c
# Murmur2C                 96 byte keys       67.997 c/h        0.708 c/b        1.412 b/c
# Murmur2C                100 byte keys       72.553 c/h        0.726 c/b        1.378 b/c
# Murmur2C                104 byte keys       72.978 c/h        0.702 c/b        1.425 b/c
# Murmur2C                108 byte keys       78.000 c/h        0.722 c/b        1.385 b/c
# Murmur2C                112 byte keys       77.940 c/h        0.696 c/b        1.437 b/c
# Murmur2C                116 byte keys       83.991 c/h        0.724 c/b        1.381 b/c
# Murmur2C                120 byte keys       82.973 c/h        0.691 c/b        1.446 b/c
# Murmur2C                124 byte keys       88.000 c/h        0.710 c/b        1.409 b/c
#                         Average < 128       44.885 c/h        1.061 c/b        0.942 b/c
# Murmur2C                128 byte keys       88.000 c/h        0.687 c/b        1.455 b/c
# Murmur2C                256 byte keys      191.268 c/h        0.747 c/b        1.338 b/c
# Murmur2C                512 byte keys      358.113 c/h        0.699 c/b        1.430 b/c
# Murmur2C               1024 byte keys      676.080 c/h        0.660 c/b        1.515 b/c
# Murmur2C               2048 byte keys     1311.668 c/h        0.640 c/b        1.561 b/c
# Murmur2C               4096 byte keys     2592.527 c/h        0.633 c/b        1.580 b/c
# Murmur2C               8192 byte keys     5156.283 c/h        0.629 c/b        1.589 b/c
# Murmur2C              16384 byte keys    10280.163 c/h        0.627 c/b        1.594 b/c
# Murmur2C              32768 byte keys    20528.981 c/h        0.626 c/b        1.596 b/c
# Murmur2C              65536 byte keys    41026.487 c/h        0.626 c/b        1.597 b/c
#                       Overall Average     1283.684 c/h        0.636 c/b        1.574 b/c
ok 7 - Speed (always passes) # Murmur2C
### Differential Tests ###
# Testing 8303632 up-to-5-bit differentials in 64-bit keys -> 64 bit hashes.
# 1000 reps, 8303632000 total tests, expecting 0.00 random collisions..........
ok 8 - Differential collisions # Murmur2C
ok 9 - Nothing skipped during differential collision check # Murmur2C
# 0 total collisions, of which 0 single collisions were ignored
ok 10 - ProcessDifferentials
# Testing 11017632 up-to-4-bit differentials in 128-bit keys -> 64 bit hashes.
# 1000 reps, 11017632000 total tests, expecting 0.00 random collisions..........
ok 11 - Differential collisions # Murmur2C
ok 12 - Nothing skipped during differential collision check # Murmur2C
# 1 total collisions, of which 1 single collisions were ignored
ok 13 - ProcessDifferentials
# Testing 2796416 up-to-3-bit differentials in 256-bit keys -> 64 bit hashes.
# 1000 reps, 2796416000 total tests, expecting 0.00 random collisions..........
ok 14 - Differential collisions # Murmur2C
ok 15 - Nothing skipped during differential collision check # Murmur2C
# 0 total collisions, of which 0 single collisions were ignored
ok 16 - ProcessDifferentials
ok 17 - Differential # Murmur2C
### Avalanche Tests ### - seed-bits: 64 hash-bits: 64
# Samples 500000, expected error 0.00051200, confidence level 99.99994267%
# Testing   0-bit keys.......... ok.     # worst-bit:   0.529% error-ratio: 1.011392e+00
ok 18 - Strict Avalanche Criteria - 0 bit keys
# Testing   8-bit keys.......... ok.     # worst-bit:   0.536% error-ratio: 1.030802e+00
ok 19 - Strict Avalanche Criteria - 8 bit keys
# Testing  16-bit keys.......... ok.     # worst-bit:   0.526% error-ratio: 1.007129e+00
ok 20 - Strict Avalanche Criteria - 16 bit keys
# Testing  24-bit keys.......... ok.     # worst-bit:   0.508% error-ratio: 9.739026e-01
ok 21 - Strict Avalanche Criteria - 24 bit keys
# Testing  32-bit keys.......... ok.     # worst-bit:   0.515% error-ratio: 1.019385e+00
ok 22 - Strict Avalanche Criteria - 32 bit keys
# Testing  40-bit keys.......... ok.     # worst-bit:   0.541% error-ratio: 9.972784e-01
ok 23 - Strict Avalanche Criteria - 40 bit keys
# Testing  48-bit keys.......... ok.     # worst-bit:   0.566% error-ratio: 1.032869e+00
ok 24 - Strict Avalanche Criteria - 48 bit keys
# Testing  56-bit keys.......... ok.     # worst-bit:   0.576% error-ratio: 1.027750e+00
ok 25 - Strict Avalanche Criteria - 56 bit keys
# Testing  64-bit keys.......... ok.     # worst-bit:   0.577% error-ratio: 1.003274e+00
ok 26 - Strict Avalanche Criteria - 64 bit keys
# Testing  72-bit keys.......... ok.     # worst-bit:   0.518% error-ratio: 1.012719e+00
ok 27 - Strict Avalanche Criteria - 72 bit keys
# Testing  80-bit keys.......... ok.     # worst-bit:   0.588% error-ratio: 9.975079e-01
ok 28 - Strict Avalanche Criteria - 80 bit keys
# Testing  88-bit keys.......... ok.     # worst-bit:   0.534% error-ratio: 9.925670e-01
ok 29 - Strict Avalanche Criteria - 88 bit keys
# Testing  96-bit keys.......... ok.     # worst-bit:   0.578% error-ratio: 1.018458e+00
ok 30 - Strict Avalanche Criteria - 96 bit keys
# Testing 104-bit keys.......... ok.     # worst-bit:   0.549% error-ratio: 9.921578e-01
ok 31 - Strict Avalanche Criteria - 104 bit keys
# Testing 112-bit keys.......... ok.     # worst-bit:   0.635% error-ratio: 1.003872e+00
ok 32 - Strict Avalanche Criteria - 112 bit keys
# Testing 120-bit keys.......... ok.     # worst-bit:   0.564% error-ratio: 9.851598e-01
ok 33 - Strict Avalanche Criteria - 120 bit keys
# Testing 128-bit keys.......... ok.     # worst-bit:   0.568% error-ratio: 1.006062e+00
ok 34 - Strict Avalanche Criteria - 128 bit keys
# Testing 136-bit keys.......... ok.     # worst-bit:   0.514% error-ratio: 9.876050e-01
ok 35 - Strict Avalanche Criteria - 136 bit keys
# Testing 144-bit keys.......... ok.     # worst-bit:   0.607% error-ratio: 9.886908e-01
ok 36 - Strict Avalanche Criteria - 144 bit keys
# Testing 152-bit keys.......... ok.     # worst-bit:   0.599% error-ratio: 1.008604e+00
ok 37 - Strict Avalanche Criteria - 152 bit keys
# Testing 152-bit keys.......... ok.     # worst-bit:   0.525% error-ratio: 9.869763e-01
ok 38 - Strict Avalanche Criteria - 160 bit keys
# Testing 256-bit keys.......... ok.     # worst-bit:   0.590% error-ratio: 1.003446e+00
ok 39 - Strict Avalanche Criteria - 256 bit keys
ok 40 - Strict Avalanche Criteria # Murmur2C
### Keyset 'Cyclic' Tests ###
# Keyset 'Cyclic' - 8 cycles of 8 bytes - 10000000 keys
# Testing collisions   - Expected     0.00, actual        0 ( 0.00x) - passed
ok 41 - Collision Rate for Keyset 'Cyclic' - 8 cycles of 8 bytes - 10000000 keys
ok 42 - Distribution Bias Check for Keyset 'Cyclic' - 8 cycles of 8 bytes - 10000000 keys
# Keyset 'Cyclic' - 8 cycles of 9 bytes - 10000000 keys
# Testing collisions   - Expected     0.00, actual        0 ( 0.00x) - passed
ok 43 - Collision Rate for Keyset 'Cyclic' - 8 cycles of 9 bytes - 10000000 keys
ok 44 - Distribution Bias Check for Keyset 'Cyclic' - 8 cycles of 9 bytes - 10000000 keys
# Keyset 'Cyclic' - 8 cycles of 10 bytes - 10000000 keys
# Testing collisions   - Expected     0.00, actual        0 ( 0.00x) - passed
ok 45 - Collision Rate for Keyset 'Cyclic' - 8 cycles of 10 bytes - 10000000 keys
ok 46 - Distribution Bias Check for Keyset 'Cyclic' - 8 cycles of 10 bytes - 10000000 keys
# Keyset 'Cyclic' - 8 cycles of 11 bytes - 10000000 keys
# Testing collisions   - Expected     0.00, actual        0 ( 0.00x) - passed
ok 47 - Collision Rate for Keyset 'Cyclic' - 8 cycles of 11 bytes - 10000000 keys
ok 48 - Distribution Bias Check for Keyset 'Cyclic' - 8 cycles of 11 bytes - 10000000 keys
# Keyset 'Cyclic' - 8 cycles of 12 bytes - 10000000 keys
# Testing collisions   - Expected     0.00, actual        0 ( 0.00x) - passed
ok 49 - Collision Rate for Keyset 'Cyclic' - 8 cycles of 12 bytes - 10000000 keys
ok 50 - Distribution Bias Check for Keyset 'Cyclic' - 8 cycles of 12 bytes - 10000000 keys
ok 51 - Keyset 'Cyclic' # Murmur2C
### Keyset 'TwoBytes' Tests ###
# Testing collisions   - Expected     0.00, actual        0 ( 0.00x) - passed
ok 52 - Collision Rate for Keyset 'TwoBytes' - up-to-4-byte keys, 652545 total keys
ok 53 - Distribution Bias Check for Keyset 'TwoBytes' - up-to-4-byte keys, 652545 total keys
# Testing collisions   - Expected     0.00, actual      461 - Excessive keys in collision - failed
not ok 54 - Collision Rate for Keyset 'TwoBytes' - up-to-8-byte keys, 5471025 total keys
# worst bias is the  20-bit window at bit  10 - 2.569% (832)
not ok 55 - Distribution Bias Check for Keyset 'TwoBytes' - up-to-8-byte keys, 5471025 total keys
# Testing collisions   - Expected     0.00, actual     3546 - Excessive keys in collision - failed
not ok 56 - Collision Rate for Keyset 'TwoBytes' - up-to-12-byte keys, 18616785 total keys
# worst bias is the  20-bit window at bit  10 - 1.770% (832)
not ok 57 - Distribution Bias Check for Keyset 'TwoBytes' - up-to-12-byte keys, 18616785 total keys
# Testing collisions   - Expected     0.00, actual    19146 - Excessive keys in collision - failed
not ok 58 - Collision Rate for Keyset 'TwoBytes' - up-to-16-byte keys, 44251425 total keys
# worst bias is the  20-bit window at bit  10 - 2.028% (832)
not ok 59 - Distribution Bias Check for Keyset 'TwoBytes' - up-to-16-byte keys, 44251425 total keys
# Testing collisions   - Expected     0.00, actual    62115 - Excessive keys in collision - failed
not ok 60 - Collision Rate for Keyset 'TwoBytes' - up-to-20-byte keys, 86536545 total keys
# worst bias is the  20-bit window at bit  10 - 1.757% (832)
not ok 61 - Distribution Bias Check for Keyset 'TwoBytes' - up-to-20-byte keys, 86536545 total keys
not ok 62 - Keyset 'TwoBytes' # Murmur2C
### Keyset 'Sparse' Tests ###
# Keyset 'Sparse' - 32-bit keys with up to 6 bits set - 1149017 keys
# Testing collisions   - Expected     0.00, actual        0 ( 0.00x) - passed
ok 63 - Collision Rate for Keyset 'Sparse' - 32-bit keys with up to 6 bits set
ok 64 - Distribution Bias Check for Keyset 'Sparse' - 32-bit keys with up to 6 bits set
# Keyset 'Sparse' - 40-bit keys with up to 6 bits set - 4598479 keys
# Testing collisions   - Expected     0.00, actual        0 ( 0.00x) - passed
ok 65 - Collision Rate for Keyset 'Sparse' - 40-bit keys with up to 6 bits set
ok 66 - Distribution Bias Check for Keyset 'Sparse' - 40-bit keys with up to 6 bits set
# Keyset 'Sparse' - 48-bit keys with up to 5 bits set - 1925357 keys
# Testing collisions   - Expected     0.00, actual        0 ( 0.00x) - passed
ok 67 - Collision Rate for Keyset 'Sparse' - 48-bit keys with up to 5 bits set
ok 68 - Distribution Bias Check for Keyset 'Sparse' - 48-bit keys with up to 5 bits set
# Keyset 'Sparse' - 56-bit keys with up to 5 bits set - 4216423 keys
# Testing collisions   - Expected     0.00, actual        0 ( 0.00x) - passed
ok 69 - Collision Rate for Keyset 'Sparse' - 56-bit keys with up to 5 bits set
ok 70 - Distribution Bias Check for Keyset 'Sparse' - 56-bit keys with up to 5 bits set
# Keyset 'Sparse' - 64-bit keys with up to 5 bits set - 8303633 keys
# Testing collisions   - Expected     0.00, actual        0 ( 0.00x) - passed
ok 71 - Collision Rate for Keyset 'Sparse' - 64-bit keys with up to 5 bits set
ok 72 - Distribution Bias Check for Keyset 'Sparse' - 64-bit keys with up to 5 bits set
# Keyset 'Sparse' - 96-bit keys with up to 4 bits set - 3469497 keys
# Testing collisions   - Expected     0.00, actual        0 ( 0.00x) - passed
ok 73 - Collision Rate for Keyset 'Sparse' - 96-bit keys with up to 4 bits set
ok 74 - Distribution Bias Check for Keyset 'Sparse' - 96-bit keys with up to 4 bits set
# Keyset 'Sparse' - 256-bit keys with up to 3 bits set - 2796417 keys
# Testing collisions   - Expected     0.00, actual        0 ( 0.00x) - passed
ok 75 - Collision Rate for Keyset 'Sparse' - 256-bit keys with up to 3 bits set
ok 76 - Distribution Bias Check for Keyset 'Sparse' - 256-bit keys with up to 3 bits set
# Keyset 'Sparse' - 2048-bit keys with up to 2 bits set - 2098177 keys
# Testing collisions   - Expected     0.00, actual        1 - Excessive keys in collision - failed
not ok 77 - Collision Rate for Keyset 'Sparse' - 2048-bit keys with up to 2 bits set
ok 78 - Distribution Bias Check for Keyset 'Sparse' - 2048-bit keys with up to 2 bits set
not ok 79 - Keyset 'Sparse' # Murmur2C
# Keyset 'CRC-MultiCollision' - 1048575 x 16 block keys - 128-bytes long - 10 seeds
# Testing collisions   - Expected     0.00, actual        0 ( 0.00x) - passed
ok 80 - Collision Rate for Keyset 'CRC-MultiCollision' - seed 1 # Murmur2C
# Testing collisions   - Expected     0.00, actual        0 ( 0.00x) - passed
ok 81 - Collision Rate for Keyset 'CRC-MultiCollision' - seed 2 # Murmur2C
# Testing collisions   - Expected     0.00, actual        0 ( 0.00x) - passed
ok 82 - Collision Rate for Keyset 'CRC-MultiCollision' - seed 3 # Murmur2C
# Testing collisions   - Expected     0.00, actual        0 ( 0.00x) - passed
ok 83 - Collision Rate for Keyset 'CRC-MultiCollision' - seed 4 # Murmur2C
# Testing collisions   - Expected     0.00, actual        0 ( 0.00x) - passed
ok 84 - Collision Rate for Keyset 'CRC-MultiCollision' - seed 5 # Murmur2C
# Testing collisions   - Expected     0.00, actual        0 ( 0.00x) - passed
ok 85 - Collision Rate for Keyset 'CRC-MultiCollision' - seed 6 # Murmur2C
# Testing collisions   - Expected     0.00, actual        0 ( 0.00x) - passed
ok 86 - Collision Rate for Keyset 'CRC-MultiCollision' - seed 7 # Murmur2C
# Testing collisions   - Expected     0.00, actual        0 ( 0.00x) - passed
ok 87 - Collision Rate for Keyset 'CRC-MultiCollision' - seed 8 # Murmur2C
# Testing collisions   - Expected     0.00, actual        0 ( 0.00x) - passed
ok 88 - Collision Rate for Keyset 'CRC-MultiCollision' - seed 9 # Murmur2C
# Testing collisions   - Expected     0.00, actual        0 ( 0.00x) - passed
ok 89 - Collision Rate for Keyset 'CRC-MultiCollision' - seed 10 # Murmur2C
### Keyset 'Combination Lowbits' Tests ###
# Keyset 'Combination' - up to 8 blocks from a set of 8 - 19173960 keys
# Testing collisions   - Expected     0.00, actual        0 ( 0.00x) - passed
ok 90 - Collision Rate for Keyset 'Combination Lowbits'
ok 91 - Distribution Bias Check for Keyset 'Combination Lowbits'
ok 92 - Keyset 'Combination Lowbits' # Murmur2C
### Keyset 'Combination Highbits' Tests ###
# Keyset 'Combination' - up to 8 blocks from a set of 8 - 19173960 keys
# Testing collisions   - Expected     0.00, actual        0 ( 0.00x) - passed
ok 93 - Collision Rate for Keyset 'Combination Highbits'
ok 94 - Distribution Bias Check for Keyset 'Combination Highbits'
ok 95 - Keyset 'Combination Highbits' # Murmur2C
### Keyset 'Combination Highbits2' Tests ###
# Keyset 'Combination' - up to 8 blocks from a set of 8 - 19173960 keys
# Testing collisions   - Expected     0.00, actual        0 ( 0.00x) - passed
ok 96 - Collision Rate for Keyset 'Combination Highbits2'
ok 97 - Distribution Bias Check for Keyset 'Combination Highbits2'
ok 98 - Keyset 'Combination Highbits2' # Murmur2C
### Keyset 'Combination 0x80000000' Tests ###
# Keyset 'Combination' - up to 20 blocks from a set of 2 - 2097150 keys
# Testing collisions   - Expected     0.00, actual        0 ( 0.00x) - passed
ok 99 - Collision Rate for Keyset 'Combination 0x80000000'
ok 100 - Distribution Bias Check for Keyset 'Combination 0x80000000'
ok 101 - Keyset 'Combination 0x80000000' # Murmur2C
### Keyset 'Combination 0x00000001' Tests ###
# Keyset 'Combination' - up to 20 blocks from a set of 2 - 2097150 keys
# Testing collisions   - Expected     0.00, actual        0 ( 0.00x) - passed
ok 102 - Collision Rate for Keyset 'Combination 0x00000001'
ok 103 - Distribution Bias Check for Keyset 'Combination 0x00000001'
ok 104 - Keyset 'Combination 0x00000001' # Murmur2C
### Keyset 'Combination Hi-Lo' Tests ###
# Keyset 'Combination' - up to 6 blocks from a set of 15 - 12204240 keys
# Testing collisions   - Expected     0.00, actual        0 ( 0.00x) - passed
ok 105 - Collision Rate for Keyset 'Combination Hi-Lo'
ok 106 - Distribution Bias Check for Keyset 'Combination Hi-Lo'
ok 107 - Keyset 'Combination Hi-Lo' # Murmur2C
### Keyset 'Text' Tests ###
# Keyset 'Text' - keys of form "Foo[XXXX]Bar" - 14776336 keys
# Testing collisions   - Expected     0.00, actual        0 ( 0.00x) - passed
ok 108 - Collision Rate for Keyset 'Text' - keys of form "Foo[XXXX]Bar" - 14776336 keys
ok 109 - Distribution Bias Check for Keyset 'Text' - keys of form "Foo[XXXX]Bar" - 14776336 keys
# Keyset 'Text' - keys of form "FooBar[XXXX]" - 14776336 keys
# Testing collisions   - Expected     0.00, actual     5220 - Excessive keys in collision - failed
not ok 110 - Collision Rate for Keyset 'Text' - keys of form "FooBar[XXXX]" - 14776336 keys
ok 111 - Distribution Bias Check for Keyset 'Text' - keys of form "FooBar[XXXX]" - 14776336 keys
# Keyset 'Text' - keys of form "[XXXX]FooBar" - 14776336 keys
# Testing collisions   - Expected     0.00, actual        0 ( 0.00x) - passed
ok 112 - Collision Rate for Keyset 'Text' - keys of form "[XXXX]FooBar" - 14776336 keys
# worst bias is the  20-bit window at bit  10 - 24.043% (832)
not ok 113 - Distribution Bias Check for Keyset 'Text' - keys of form "[XXXX]FooBar" - 14776336 keys
not ok 114 - Keyset 'Text' # Murmur2C
### Keyset 'Zeroes' Tests ###
# Keyset 'Zeroes' - 262144 keys
# Testing collisions   - Expected     0.00, actual        0 ( 0.00x) - passed
ok 115 - Collision Rate for Keyset 'Zeroes' - 262144 keys
ok 116 - Distribution Bias Check for Keyset 'Zeroes' - 262144 keys
ok 117 - Keyset 'Zeroes' # Murmur2C
### Keyset 'Seed' Tests ###
# Keyset 'Seed' - 2000000 seeds, Key "The quick brown fox "...
# Testing collisions   - Expected     0.00, actual        0 ( 0.00x) - passed
ok 118 - Collision Rate for Keyset 'Seed' - 2000000 seeds, Key "The quick brown fox "...
ok 119 - Distribution Bias Check for Keyset 'Seed' - 2000000 seeds, Key "The quick brown fox "...
# Keyset 'Seed' - 2000000 seeds, Key ""
# Testing collisions   - Expected     0.00, actual        0 ( 0.00x) - passed
ok 120 - Collision Rate for Keyset 'Seed' - 2000000 seeds, Key ""
ok 121 - Distribution Bias Check for Keyset 'Seed' - 2000000 seeds, Key ""
# Keyset 'Seed' - 2000000 seeds, Key "00101100110101101"
# Testing collisions   - Expected     0.00, actual        0 ( 0.00x) - passed
ok 122 - Collision Rate for Keyset 'Seed' - 2000000 seeds, Key "00101100110101101"
ok 123 - Distribution Bias Check for Keyset 'Seed' - 2000000 seeds, Key "00101100110101101"
# Keyset 'Seed' - 2000000 seeds, Key "abcbcddbdebdcaaabaaa"...
# Testing collisions   - Expected     0.00, actual        0 ( 0.00x) - passed
ok 124 - Collision Rate for Keyset 'Seed' - 2000000 seeds, Key "abcbcddbdebdcaaabaaa"...
ok 125 - Distribution Bias Check for Keyset 'Seed' - 2000000 seeds, Key "abcbcddbdebdcaaabaaa"...
ok 126 - Keyset 'Seed' # Murmur2C
### Keyset 'Effs' Tests ###
# Keyset 'Effs' - 262144 keys
# Testing collisions   - Expected     0.00, actual        0 ( 0.00x) - passed
ok 127 - Collision Rate for Keyset 'Effs' - 262144 keys
ok 128 - Distribution Bias Check for Keyset 'Effs' - 262144 keys
ok 129 - Keyset 'Effs' # Murmur2C
not ok 130 - all tests passed # Murmur2C
1..130
# Tests Failed. Murmur2C failed 15 of 130 tests.
# Testing took 1758.043896 seconds
# This is SMHasher version v1.0-demerphq-5-g86440f3 - built on Mar 10 2017.
