ok 1 - Found Hash # Murmur3F
###################################################################
### Testing Murmur3F - no seed_state
### - MurmurHash3 for x64, 128-bit -
### seedbits: 64 statebits: 64 hashbits: 128
###################################################################
ok 2 - Verification code # Murmur3F
# Murmur3F             - Verification value 0x8731131B : Passed.
### Sanity Tests ###
# Sanity check simple key bit flips and consistency..........
ok 3 - SanityTest # Murmur3F
# Sanity check null suffixes change the hash (simple)..........
ok 4 - Appended Zeroes Test # Murmur3F
ok 5 - Sanity Test # Murmur3F
### Speed Tests ###
## Bulk speed test - 262144-byte keys
# Alignment  7 -  2.397 bytes/cycle - 6858.58 MiB/sec @ 3 ghz
# Alignment  6 -  2.397 bytes/cycle - 6858.58 MiB/sec @ 3 ghz
# Alignment  5 -  2.397 bytes/cycle - 6858.60 MiB/sec @ 3 ghz
# Alignment  4 -  2.364 bytes/cycle - 6764.40 MiB/sec @ 3 ghz
# Alignment  3 -  2.397 bytes/cycle - 6858.58 MiB/sec @ 3 ghz
# Alignment  2 -  2.397 bytes/cycle - 6858.59 MiB/sec @ 3 ghz
# Alignment  1 -  2.397 bytes/cycle - 6858.60 MiB/sec @ 3 ghz
# Alignment  0 -  2.397 bytes/cycle - 6858.64 MiB/sec @ 3 ghz
# Average      -  2.393 bytes/cycle - 6846.82 MiB/sec @ 3 ghz
## KeySpeed tests
# Murmur3F                  0 byte keys       14.000 c/h
# Murmur3F                  1 byte keys       24.000 c/h       24.000 c/b        0.042 b/c
# Murmur3F                  2 byte keys       27.000 c/h       13.500 c/b        0.074 b/c
# Murmur3F                  3 byte keys       28.000 c/h        9.333 c/b        0.107 b/c
# Murmur3F                  4 byte keys       29.000 c/h        7.250 c/b        0.138 b/c
# Murmur3F                  5 byte keys       29.991 c/h        5.998 c/b        0.167 b/c
# Murmur3F                  6 byte keys       30.989 c/h        5.165 c/b        0.194 b/c
# Murmur3F                  7 byte keys       31.000 c/h        4.429 c/b        0.226 b/c
# Murmur3F                  8 byte keys       32.000 c/h        4.000 c/b        0.250 b/c
# Murmur3F                  9 byte keys       37.858 c/h        4.206 c/b        0.238 b/c
# Murmur3F                 10 byte keys       34.000 c/h        3.400 c/b        0.294 b/c
# Murmur3F                 11 byte keys       34.999 c/h        3.182 c/b        0.314 b/c
# Murmur3F                 12 byte keys       35.449 c/h        2.954 c/b        0.339 b/c
# Murmur3F                 13 byte keys       36.000 c/h        2.769 c/b        0.361 b/c
# Murmur3F                 14 byte keys       36.000 c/h        2.571 c/b        0.389 b/c
# Murmur3F                 15 byte keys       37.000 c/h        2.467 c/b        0.405 b/c
# Murmur3F                 16 byte keys       30.982 c/h        1.936 c/b        0.516 b/c
# Murmur3F                 17 byte keys       30.986 c/h        1.823 c/b        0.549 b/c
# Murmur3F                 18 byte keys       30.849 c/h        1.714 c/b        0.583 b/c
# Murmur3F                 19 byte keys       31.443 c/h        1.655 c/b        0.604 b/c
# Murmur3F                 20 byte keys       31.245 c/h        1.562 c/b        0.640 b/c
# Murmur3F                 21 byte keys       31.152 c/h        1.483 c/b        0.674 b/c
# Murmur3F                 22 byte keys       31.000 c/h        1.409 c/b        0.710 b/c
# Murmur3F                 23 byte keys       31.000 c/h        1.348 c/b        0.742 b/c
# Murmur3F                 24 byte keys       31.000 c/h        1.292 c/b        0.774 b/c
# Murmur3F                 25 byte keys       32.000 c/h        1.280 c/b        0.781 b/c
# Murmur3F                 26 byte keys       32.226 c/h        1.239 c/b        0.807 b/c
# Murmur3F                 27 byte keys       39.151 c/h        1.450 c/b        0.690 b/c
# Murmur3F                 28 byte keys       33.000 c/h        1.179 c/b        0.848 b/c
# Murmur3F                 29 byte keys       34.035 c/h        1.174 c/b        0.852 b/c
# Murmur3F                 30 byte keys       34.000 c/h        1.133 c/b        0.882 b/c
# Murmur3F                 31 byte keys       47.171 c/h        1.522 c/b        0.657 b/c
#                          Average < 32       32.141 c/h        2.074 c/b        0.482 b/c
# Murmur3F                 32 byte keys       37.000 c/h        1.156 c/b        0.865 b/c
# Murmur3F                 36 byte keys       38.000 c/h        1.056 c/b        0.947 b/c
# Murmur3F                 40 byte keys       39.219 c/h        0.980 c/b        1.020 b/c
# Murmur3F                 44 byte keys       39.000 c/h        0.886 c/b        1.128 b/c
# Murmur3F                 48 byte keys       44.000 c/h        0.917 c/b        1.091 b/c
# Murmur3F                 52 byte keys       45.000 c/h        0.865 c/b        1.156 b/c
# Murmur3F                 56 byte keys       45.991 c/h        0.821 c/b        1.218 b/c
# Murmur3F                 60 byte keys       46.000 c/h        0.767 c/b        1.304 b/c
# Murmur3F                 64 byte keys       50.991 c/h        0.797 c/b        1.255 b/c
# Murmur3F                 68 byte keys       52.000 c/h        0.765 c/b        1.308 b/c
# Murmur3F                 72 byte keys       52.999 c/h        0.736 c/b        1.359 b/c
# Murmur3F                 76 byte keys       52.591 c/h        0.692 c/b        1.445 b/c
# Murmur3F                 80 byte keys       58.000 c/h        0.725 c/b        1.379 b/c
# Murmur3F                 84 byte keys       59.000 c/h        0.702 c/b        1.424 b/c
# Murmur3F                 88 byte keys       59.956 c/h        0.681 c/b        1.468 b/c
# Murmur3F                 92 byte keys       59.637 c/h        0.648 c/b        1.543 b/c
# Murmur3F                 96 byte keys       66.590 c/h        0.694 c/b        1.442 b/c
# Murmur3F                100 byte keys       65.544 c/h        0.655 c/b        1.526 b/c
# Murmur3F                104 byte keys       65.916 c/h        0.634 c/b        1.578 b/c
# Murmur3F                108 byte keys       65.998 c/h        0.611 c/b        1.636 b/c
# Murmur3F                112 byte keys       71.949 c/h        0.642 c/b        1.557 b/c
# Murmur3F                116 byte keys       72.948 c/h        0.629 c/b        1.590 b/c
# Murmur3F                120 byte keys       72.805 c/h        0.607 c/b        1.648 b/c
# Murmur3F                124 byte keys       72.000 c/h        0.581 c/b        1.722 b/c
#                         Average < 128       42.173 c/h        0.997 c/b        1.003 b/c
# Murmur3F                128 byte keys       78.000 c/h        0.609 c/b        1.641 b/c
# Murmur3F                256 byte keys      114.772 c/h        0.448 c/b        2.231 b/c
# Murmur3F                512 byte keys      250.123 c/h        0.489 c/b        2.047 b/c
# Murmur3F               1024 byte keys      463.648 c/h        0.453 c/b        2.209 b/c
# Murmur3F               2048 byte keys      890.656 c/h        0.435 c/b        2.299 b/c
# Murmur3F               4096 byte keys     1769.043 c/h        0.432 c/b        2.315 b/c
# Murmur3F               8192 byte keys     3452.600 c/h        0.421 c/b        2.373 b/c
# Murmur3F              16384 byte keys     6868.413 c/h        0.419 c/b        2.385 b/c
# Murmur3F              32768 byte keys    13700.283 c/h        0.418 c/b        2.392 b/c
# Murmur3F              65536 byte keys    27646.460 c/h        0.422 c/b        2.371 b/c
#                       Overall Average      872.661 c/h        0.432 c/b        2.315 b/c
ok 6 - Speed (always passes) # Murmur3F
### Differential Tests ###
# Testing 8303632 up-to-5-bit differentials in 64-bit keys -> 128 bit hashes.
# 1000 reps, 8303632000 total tests, expecting 0.00 random collisions..........
ok 7 - Differential collisions # Murmur3F
ok 8 - Nothing skipped during differential collision check # Murmur3F
# 0 total collisions, of which 0 single collisions were ignored
ok 9 - ProcessDifferentials
# Testing 11017632 up-to-4-bit differentials in 128-bit keys -> 128 bit hashes.
# 1000 reps, 11017632000 total tests, expecting 0.00 random collisions..........
ok 10 - Differential collisions # Murmur3F
ok 11 - Nothing skipped during differential collision check # Murmur3F
# 0 total collisions, of which 0 single collisions were ignored
ok 12 - ProcessDifferentials
# Testing 2796416 up-to-3-bit differentials in 256-bit keys -> 128 bit hashes.
# 1000 reps, 2796416000 total tests, expecting 0.00 random collisions..........
ok 13 - Differential collisions # Murmur3F
ok 14 - Nothing skipped during differential collision check # Murmur3F
# 0 total collisions, of which 0 single collisions were ignored
ok 15 - ProcessDifferentials
ok 16 - Differential # Murmur3F
### Avalanche Tests ### - seed-bits: 64 hash-bits: 128
# Samples 250000, expected error 0.00102400, confidence level 99.99994267%
# Testing   0-bit keys.......... ok.     # worst-bit:   0.749% error-ratio: 9.914350e-01
ok 17 - Strict Avalanche Criteria - 0 bit keys
# Testing   8-bit keys.......... not ok! # worst-bit:   0.750% error-ratio: 1.004049e+00
#              +---------------------------------------------------+
#              |012345678901234567890123456789012345678901234567890|
#              +---------------------------------------------------+
# Scale:       |.1234567890abcdefghijklmnopqrstuvwxyzãäåêëîïðñôõöûü|
#              |üÿABCDEFGHIJKLMNOPQRSTUVWXYZÂÃÄÅÊËÑÔÕÖÛÜÝø¤*©®¶&%@#|
#              +---------------------------------------------------+
#              |pct diff from 50%: abs((0.5-(changed/reps))*2) *100|
#              +----------------------------------------------------------------+
#              |0         1         2         3         4         5         6   |
#              |0123456789012345678901234567890123456789012345678901234567890123|
#              +----------------------------------------------------------------+
# seed     0.0 |.............1..1...............................................|
# seed     0.1 |...........1....................................................|
# seed     1.0 |..1.1.................................................1.........|
# seed     1.1 |................................................................|
# seed     2.0 |................................................................| x 2
# seed     2.1 |..................................................1.............|
# seed     3.1 |.............................1..................................|
# seed     4.0 |......................................................1.........|
# seed     4.1 |................................................................|
# seed     5.0 |..........................................................1.....|
# seed     5.1 |........................................1.....1.................|
# seed     6.0 |.....1..........................1...............................|
# seed     6.1 |................................................................|
# seed     7.0 |...............................1................................|
# seed     7.1 |...............1......................................1....1....|
# seed     8.0 |......1.........................................................|
# seed     8.1 |.....................................1....................1.....|
# seed     9.0 |................................................................| x 2
# seed     9.1 |................................................................| x 2
# seed    11.0 |............1...................................................|
# seed    11.1 |.....................................................11.........|
# seed    12.0 |.............1..................1...............................|
# seed    12.1 |.........................1.........................1............|
# seed    13.0 |..........................................1.....................|
# seed    13.1 |...........1....................................................|
# seed    14.0 |................................................................| x 2
# seed    14.1 |....1......................1....................................|
# seed    15.1 |......................................................11........|
# seed    16.0 |...............................................................1|
# seed    16.1 |................................................................|
# seed    17.0 |................................................................|
# seed    17.1 |....................................1...........................|
# seed    18.0 |...............................1................................|
# seed    18.1 |.........................................................1......|
# seed    19.0 |..............1.................................................|
# seed    19.1 |................................................................| x 3
# seed    20.0 |................................................................| x 2
# seed    22.0 |........................................1......................1|
# seed    22.1 |.................................................1........1.....|
# seed    23.0 |................................................................| x 3
# seed    23.1 |................................................................| x 2
# seed    25.1 |............................................................1...|
# seed    26.0 |.....1..........................................................|
# seed    26.1 |..........................................................1.....|
# seed    27.0 |............................................1...................|
# seed    27.1 |................................................................|
# seed    28.0 |................................................................| x 2
# seed    28.1 |..............................1.................................|
# seed    29.1 |................................................................|
# seed    30.0 |....1...........................................................|
# seed    30.1 |...................................................1............|
# seed    31.0 |.1........................................1.....................|
# seed    31.1 |1...........................................................1...|
# seed    32.0 |................................................................|
# seed    32.1 |..............1.................................................|
# seed    33.0 |....................................1....1.........1............|
# seed    33.1 |...................................................1............|
# seed    34.0 |............................1...................................|
# seed    34.1 |................................................................| x 2
# seed    35.0 |................................................................|
# seed    36.0 |...................1...........1.........1.....1................|
# seed    36.1 |.............................1..................................|
# seed    37.0 |.............1..................................................|
# seed    37.1 |.............................................1..................|
# seed    38.0 |................................................................| x 4
# seed    38.1 |....1...........................................1...............|
# seed    39.1 |...........1..........................................1.........|
# seed    40.1 |................................1.......1.......................|
# seed    41.1 |..................1.....1..............1..................1.....|
# seed    42.0 |.........................1......................................|
# seed    42.1 |...1...................1........................................|
# seed    43.0 |..........1.....................................................|
# seed    43.1 |................................................................| x 2
# seed    44.0 |...............................1................................|
# seed    45.0 |............................................1...................|
# seed    45.1 |1.......................1.......................................|
# seed    46.0 |....................................1...........................|
# seed    46.1 |................................................................| x 2
# seed    47.0 |................1...............................................|
# seed    48.0 |................................................................|
# seed    48.1 |........1.....................1.................................|
# seed    49.0 |............................................................1...|
# seed    49.1 |................................................................| x 2
# seed    50.0 |................................................................|
# seed    51.0 |........1.......................................................|
# seed    51.1 |..................1.........1...................................|
# seed    52.0 |................................................................|
# seed    52.1 |................................................................|
# seed    53.0 |....1...........................................................|
# seed    53.1 |.....1......................................1......1............|
# seed    54.0 |................................................................|
# seed    54.1 |................................................................| x 2
# seed    55.0 |.........................................1......................|
# seed    56.0 |................................................................|
# seed    56.1 |.............................1................................1.|
# seed    57.0 |..........1.....................................................|
# seed    57.1 |................................................................| x 2
# seed    58.0 |................................................................|
# seed    59.0 |........................................................1.......|
# seed    59.1 |.......................................1........................|
# seed    60.0 |...................1............................................|
# seed    60.1 |................................................................|
# seed    61.0 |........1.......................................................|
# seed    61.1 |.............................................................1..|
# seed    62.0 |................................................................|
# seed    62.1 |................................................................| x 2
# seed    63.0 |......................................1........1................|
# key      0.0 |................................................................| x 3
# key      0.1 |................................................................| x 2
# key      2.1 |.........................1......................................|
# key      3.0 |..............1............................1....................|
# key      3.1 |................................................................| x 3
# key      4.0 |................................................................| x 3
# key      6.1 |.............................1..................................|
# key      7.0 |.........1......................................................|
# key      7.1 |................................................................|
#              +-------------------------------------------------------------------+
#              +---------------------------------------------------+
#              |012345678901234567890123456789012345678901234567890|
#              +---------------------------------------------------+
# Scale:       |.1234567890abcdefghijklmnopqrstuvwxyzãäåêëîïðñôõöûü|
#              |üÿABCDEFGHIJKLMNOPQRSTUVWXYZÂÃÄÅÊËÑÔÕÖÛÜÝø¤*©®¶&%@#|
#              +---------------------------------------------------+
#              |scaled p-value above confidence level (zero is ok) |
#              +----------------------------------------------------------------+
#              |0         1         2         3         4         5         6   |
#              |0123456789012345678901234567890123456789012345678901234567890123|
#              +----------------------------------------------------------------+
# seed     0.0 |................................................................| x 64
# seed     0.1 |................................................................| x 64
# key      0.0 |................................................................| x 8
# key      0.1 |................................................................| x 8
#              +-------------------------------------------------------------------+
# 0 of 9216 bits failed (0.00%) failed at 99.999943 confidence
#     g-test: 0.000000%
#     sum-error-square: 0.00102815
#     hash bit-level errors: 1/128
#     - hash bit 64 gtest-prob not-random: 100.0000 (9011699/8988301)
not ok 18 - Strict Avalanche Criteria - 8 bit keys
# Testing  16-bit keys.......... ok.     # worst-bit:   0.840% error-ratio: 9.961165e-01
ok 19 - Strict Avalanche Criteria - 16 bit keys
# Testing  24-bit keys.......... ok.     # worst-bit:   0.843% error-ratio: 1.009959e+00
ok 20 - Strict Avalanche Criteria - 24 bit keys
# Testing  32-bit keys.......... ok.     # worst-bit:   0.798% error-ratio: 1.008190e+00
ok 21 - Strict Avalanche Criteria - 32 bit keys
# Testing  40-bit keys.......... ok.     # worst-bit:   0.815% error-ratio: 1.008148e+00
ok 22 - Strict Avalanche Criteria - 40 bit keys
# Testing  48-bit keys.......... ok.     # worst-bit:   0.880% error-ratio: 9.938461e-01
ok 23 - Strict Avalanche Criteria - 48 bit keys
# Testing  56-bit keys.......... ok.     # worst-bit:   0.834% error-ratio: 1.008623e+00
ok 24 - Strict Avalanche Criteria - 56 bit keys
# Testing  64-bit keys.......... ok.     # worst-bit:   0.790% error-ratio: 1.003427e+00
ok 25 - Strict Avalanche Criteria - 64 bit keys
# Testing  72-bit keys.......... ok.     # worst-bit:   0.792% error-ratio: 9.903928e-01
ok 26 - Strict Avalanche Criteria - 72 bit keys
# Testing  80-bit keys.......... ok.     # worst-bit:   0.838% error-ratio: 9.954360e-01
ok 27 - Strict Avalanche Criteria - 80 bit keys
# Testing  88-bit keys.......... ok.     # worst-bit:   0.791% error-ratio: 1.015445e+00
ok 28 - Strict Avalanche Criteria - 88 bit keys
# Testing  96-bit keys.......... ok.     # worst-bit:   0.742% error-ratio: 9.834051e-01
ok 29 - Strict Avalanche Criteria - 96 bit keys
# Testing 104-bit keys.......... ok.     # worst-bit:   0.814% error-ratio: 1.008467e+00
ok 30 - Strict Avalanche Criteria - 104 bit keys
# Testing 112-bit keys.......... not ok! # worst-bit:   0.834% error-ratio: 1.003690e+00
#              +---------------------------------------------------+
#              |012345678901234567890123456789012345678901234567890|
#              +---------------------------------------------------+
# Scale:       |.1234567890abcdefghijklmnopqrstuvwxyzãäåêëîïðñôõöûü|
#              |üÿABCDEFGHIJKLMNOPQRSTUVWXYZÂÃÄÅÊËÑÔÕÖÛÜÝø¤*©®¶&%@#|
#              +---------------------------------------------------+
#              |pct diff from 50%: abs((0.5-(changed/reps))*2) *100|
#              +----------------------------------------------------------------+
#              |0         1         2         3         4         5         6   |
#              |0123456789012345678901234567890123456789012345678901234567890123|
#              +----------------------------------------------------------------+
# seed     0.0 |................................................................| x 3
# seed     0.1 |................................................................|
# seed     1.1 |..........1..........................1......................1...|
# seed     2.1 |.............................................1..1...............|
# seed     3.0 |...............1..................................1.............|
# seed     3.1 |................................................................|
# seed     4.0 |................................................................| x 5
# seed     4.1 |...............1................................................|
# seed     5.1 |................................................................| x 3
# seed     8.1 |.................................................1..............|
# seed     9.0 |..............................1.............1.......1...........|
# seed     9.1 |............1...................................................|
# seed    10.0 |................................................................| x 4
# seed    10.1 |................................................................|
# seed    11.1 |.......1..................................1.....................|
# seed    12.1 |................................................................| x 2
# seed    14.0 |.........................1......................................|
# seed    14.1 |....................1............................1..............|
# seed    15.0 |......................1...................................1.....|
# seed    15.1 |1...............................................................|
# seed    16.0 |................................................................| x 2
# seed    16.1 |........................................1......1................|
# seed    17.1 |...........................1....................................|
# seed    18.0 |...............................................................1|
# seed    18.1 |................................................................| x 4
# seed    19.0 |................................................................|
# seed    20.0 |.............................................1..................|
# seed    21.0 |.......................................................1..1.....|
# seed    22.0 |................................................................|
# seed    22.1 |....................................1...........................|
# seed    23.0 |................1...................1...........................|
# seed    23.1 |.......1........................................................|
# seed    24.0 |.........................1....................................1.|
# seed    24.1 |....1...........................................................|
# seed    25.0 |.....................1..........................................|
# seed    25.1 |................................................................|
# seed    26.0 |................................................................| x 2
# seed    26.1 |..................................1.............................|
# seed    27.1 |................................1..................1..........1.|
# seed    28.0 |.........................1......................................|
# seed    28.1 |...........................................................1....|
# seed    29.0 |................................................................| x 4
# seed    29.1 |...........................1....................................|
# seed    30.1 |................................................................|
# seed    31.1 |......1.........................................................|
# seed    32.1 |1...............................................................|
# seed    33.0 |.........................................................1......|
# seed    33.1 |............................................................1..1|
# seed    34.0 |................................................................|
# seed    34.1 |................................................................| x 4
# seed    35.0 |...........................................................1....|
# seed    36.0 |................................................................| x 4
# seed    38.1 |...............................................1................|
# seed    39.1 |.......................................................1........|
# seed    40.0 |...1.................................................1.....1....|
# seed    40.1 |....................1....................1.....1........1.......|
# seed    41.0 |................................................................| x 2
# seed    41.1 |................................................................|
# seed    42.1 |...........1....................................................|
# seed    43.0 |...1............................................................|
# seed    43.1 |...........1..................................................1.|
# seed    44.0 |................................................................| x 2
# seed    44.1 |................................................................| x 2
# seed    46.0 |....................................................1...........|
# seed    46.1 |........................1.......................................|
# seed    47.0 |................................................................| x 5
# seed    47.1 |................................................................|
# seed    48.1 |........................1...........1...........................|
# seed    49.1 |......................................1.........................|
# seed    50.1 |................................................................| x 2
# seed    52.0 |........1.............1.........................................|
# seed    52.1 |............................................................1...|
# seed    53.0 |...............................1................................|
# seed    53.1 |................................................................|
# seed    54.0 |...............1.....................................1..........|
# seed    54.1 |....................1.......................1...................|
# seed    55.0 |................................................................| x 2
# seed    55.1 |........1.......................................................|
# seed    56.1 |..1.............................1...............................|
# seed    57.0 |..............................1.................................|
# seed    57.1 |..................1..........1..................................|
# seed    58.0 |............1...................................................|
# seed    58.1 |..........................................1.....................|
# seed    59.0 |................................................................| x 2
# seed    59.1 |................................................................|
# seed    60.1 |..........................................1.....................|
# seed    61.0 |..................................................1.............|
# seed    61.1 |................................................................| x 3
# seed    62.0 |........................................1.......................|
# seed    63.0 |................................................................|
# key      0.0 |...............1................................................|
# key      0.1 |............................................................1...|
# key      1.0 |................................................................| x 2
# key      1.1 |....1......................1....................................|
# key      2.1 |................................................................| x 3
# key      3.0 |.......................................1........................|
# key      4.0 |..........1.....................................................|
# key      5.0 |................................................................| x 3
# key      5.1 |.........................................................1......|
# key      6.1 |.............................1...........................1......|
# key      7.1 |................................................................|
# key      8.0 |............1....................................1..............|
# key      8.1 |.............................................1..................|
# key      9.0 |................................1...............................|
# key      9.1 |................................................11...........1..|
# key     10.0 |..................................................1.............|
# key     10.1 |...........................1....................................|
# key     11.0 |...........................................................1....|
# key     11.1 |........1..............................................1.......1|
# key     12.0 |..........1...............1.....................................|
# key     12.1 |........................1.......................................|
# key     13.0 |................................................................| x 2
# key     13.1 |................................................................| x 2
# key     15.0 |.............................................................1..|
# key     15.1 |..........................................................1.....|
# key     16.0 |........................................................1.......|
# key     16.1 |.........................................1......................|
# key     17.0 |................................................................|
# key     17.1 |.......................................1........................|
# key     18.0 |.............1.1......................................1.........|
# key     18.1 |.........1......................1...............................|
# key     19.0 |................................................................| x 3
# key     19.1 |................................................................|
# key     20.1 |..................1.............................................|
# key     21.1 |................................................................|
# key     22.0 |..............................................1.................|
# key     22.1 |.................1..............................................|
# key     23.0 |..................1.............................................|
# key     23.1 |..............................1.................................|
# key     24.0 |................1.....1................................1........|
# key     24.1 |................................................................|
# key     25.0 |...............1.......1........................................|
# key     25.1 |.................................................1......1......1|
# key     26.0 |........................1.......................................|
# key     26.1 |.............................1..................................|
# key     27.0 |.........1......................................................|
# key     27.1 |............................1...................................|
# key     28.0 |..........................................................1.....|
# key     28.1 |................................................................|
# key     29.0 |.............................................................1..|
# key     29.1 |..........1.........1.................1.........................|
# key     30.0 |................................................................| x 4
# key     30.1 |...................................................1............|
# key     31.1 |...............1................................................|
# key     32.1 |................................................................|
# key     33.1 |...................1.........................1..................|
# key     34.0 |...........................................1....................|
# key     34.1 |................................................................|
# key     35.0 |........1....................................................1..|
# key     35.1 |.......1....................................1...................|
# key     36.0 |......................................................1.........|
# key     36.1 |............................1...................................|
# key     37.0 |..1....................................................1........|
# key     37.1 |.............................................1..................|
# key     38.0 |................................................................|
# key     38.1 |................................................................|
# key     39.0 |...............1................................................|
# key     39.1 |..........1.....................................................|
# key     40.0 |................................................................|
# key     40.1 |................................................................| x 2
# key     41.0 |..............................1.................................|
# key     42.0 |................................................................|
# key     42.1 |.............................................................1..|
# key     43.0 |..................................1.............................|
# key     43.1 |................................................................|
# key     44.0 |................................................................| x 2
# key     44.1 |............................................1...................|
# key     45.1 |................................................................| x 2
# key     46.0 |.....................................1..........................|
# key     47.0 |................................................................|
# key     47.1 |....................1..1........................................|
# key     48.0 |.........................................................1......|
# key     48.1 |..................................................1.....1.......|
# key     49.0 |..........................................1.....................|
# key     49.1 |................................................................|
# key     50.0 |................................................................| x 3
# key     50.1 |...........1....................................................|
# key     51.1 |.....................................1..........................|
# key     52.1 |..............1.....................1...........................|
# key     53.0 |.....................1.........1................................|
# key     53.1 |.......................................................1........|
# key     54.0 |................................................................|
# key     54.1 |................................................................|
# key     55.0 |.....................11.........................................|
# key     55.1 |...............................................1.1..............|
# key     56.0 |................................................................|
# key     56.1 |................................................................| x 4
# key     57.0 |..................1.............................................|
# key     58.0 |................................................................| x 3
# key     60.1 |...........................................................1....|
# key     61.0 |...........1.................................................1..|
# key     61.1 |................................................................|
# key     62.0 |................................................................| x 2
# key     62.1 |.....1..........................................................|
# key     63.1 |................................................................|
# key     64.0 |.................................................1..............|
# key     64.1 |..................................................1.............|
# key     65.0 |...............................................1................|
# key     65.1 |...........................................................1....|
# key     66.0 |................................................................| x 2
# key     66.1 |......................1.........................................|
# key     67.1 |.........1.........1...............1............................|
# key     68.0 |........1........1..............................................|
# key     68.1 |.......................................................1......1.|
# key     69.0 |................................................................| x 3
# key     69.1 |................................................................| x 3
# key     72.0 |................................................1...............|
# key     72.1 |..............1.................................................|
# key     73.0 |................................................................|
# key     73.1 |.........................................................1......|
# key     74.0 |...1....1.......................................................|
# key     74.1 |................................................................| x 4
# key     75.0 |.............1....................1.............................|
# key     76.0 |...........................................1....................|
# key     77.0 |............................1...................................|
# key     78.0 |1.....................................................1.........|
# key     78.1 |...............................1................................|
# key     79.0 |................................................................| x 2
# key     79.1 |.......................................................1........|
# key     80.1 |................................................................|
# key     81.0 |........1.......................................................|
# key     81.1 |...................1............................................|
# key     82.0 |...................1...........................1................|
# key     82.1 |................................................................|
# key     83.0 |...................1............................................|
# key     83.1 |...........................................................1....|
# key     84.0 |................................................................| x 2
# key     84.1 |................................................................|
# key     85.1 |...............1........1.......................................|
# key     86.0 |........................................................1.......|
# key     86.1 |................................................................|
# key     87.0 |................................................................| x 4
# key     87.1 |............1...................................................|
# key     88.1 |................................................................| x 2
# key     90.1 |...........................................1....................|
# key     91.0 |........1.......................................................|
# key     91.1 |........................................................1......1|
# key     92.0 |................................................................|
# key     92.1 |...............................................1..1.............|
# key     93.0 |.......................................................1........|
# key     93.1 |.......1...........................1............................|
# key     94.0 |................................................................| x 2
# key     94.1 |................................................................| x 2
# key     96.0 |.........................................1......................|
# key     96.1 |................................................1...............|
# key     97.0 |................................1...............................|
# key     97.1 |................................................................| x 4
# key     98.0 |.......1........................................................|
# key     99.0 |................................................................| x 2
# key    101.0 |............................................................1...|
# key    101.1 |..........1.....................................................|
# key    102.0 |......1.........................................................|
# key    102.1 |......................1.........................................|
# key    103.0 |..........................1...................................1.|
# key    103.1 |..............1.................................1...............|
# key    104.0 |..................................................1.............|
# key    104.1 |................................................................| x 2
# key    105.0 |............................................1...................|
# key    106.0 |1...............................................................|
# key    106.1 |..............1.......................1.........................|
# key    107.0 |................................................................| x 2
# key    107.1 |.........................1......................................|
# key    108.1 |................................................................| x 3
# key    109.0 |............................1...................................|
# key    110.0 |................................................................| x 2
# key    111.1 |................1.....1..........1..............................|
#              +-------------------------------------------------------------------+
#              +---------------------------------------------------+
#              |012345678901234567890123456789012345678901234567890|
#              +---------------------------------------------------+
# Scale:       |.1234567890abcdefghijklmnopqrstuvwxyzãäåêëîïðñôõöûü|
#              |üÿABCDEFGHIJKLMNOPQRSTUVWXYZÂÃÄÅÊËÑÔÕÖÛÜÝø¤*©®¶&%@#|
#              +---------------------------------------------------+
#              |scaled p-value above confidence level (zero is ok) |
#              +----------------------------------------------------------------+
#              |0         1         2         3         4         5         6   |
#              |0123456789012345678901234567890123456789012345678901234567890123|
#              +----------------------------------------------------------------+
# seed     0.0 |................................................................| x 64
# seed     0.1 |................................................................| x 64
# key      0.0 |................................................................| x 112
# key      0.1 |................................................................| x 112
#              +-------------------------------------------------------------------+
# 0 of 22528 bits failed (0.00%) failed at 99.999943 confidence
#     g-test: 0.000000%
#     sum-error-square: 0.00102778
#     hash bit-level errors: 1/128
#     - hash bit 64 gtest-prob not-random: 100.0000 (21981946/22018054)
not ok 31 - Strict Avalanche Criteria - 112 bit keys
# Testing 120-bit keys.......... ok.     # worst-bit:   0.776% error-ratio: 1.002533e+00
ok 32 - Strict Avalanche Criteria - 120 bit keys
# Testing 128-bit keys.......... ok.     # worst-bit:   0.827% error-ratio: 9.826406e-01
ok 33 - Strict Avalanche Criteria - 128 bit keys
# Testing 136-bit keys.......... ok.     # worst-bit:   0.831% error-ratio: 1.015990e+00
ok 34 - Strict Avalanche Criteria - 136 bit keys
# Testing 144-bit keys.......... ok.     # worst-bit:   0.812% error-ratio: 1.006288e+00
ok 35 - Strict Avalanche Criteria - 144 bit keys
# Testing 152-bit keys.......... ok.     # worst-bit:   0.829% error-ratio: 1.002265e+00
ok 36 - Strict Avalanche Criteria - 152 bit keys
# Testing 152-bit keys.......... ok.     # worst-bit:   0.824% error-ratio: 1.002091e+00
ok 37 - Strict Avalanche Criteria - 160 bit keys
# Testing 256-bit keys.......... ok.     # worst-bit:   0.810% error-ratio: 9.993200e-01
ok 38 - Strict Avalanche Criteria - 256 bit keys
not ok 39 - Strict Avalanche Criteria # Murmur3F
### Keyset 'Cyclic' Tests ###
# Keyset 'Cyclic' - 8 cycles of 16 bytes - 10000000 keys
# Testing collisions   - Expected     0.00, actual        0 ( 0.00x) - passed
ok 40 - Collision Rate for Keyset 'Cyclic' - 8 cycles of 16 bytes - 10000000 keys
ok 41 - Distribution Bias Check for Keyset 'Cyclic' - 8 cycles of 16 bytes - 10000000 keys
# Keyset 'Cyclic' - 8 cycles of 17 bytes - 10000000 keys
# Testing collisions   - Expected     0.00, actual        0 ( 0.00x) - passed
ok 42 - Collision Rate for Keyset 'Cyclic' - 8 cycles of 17 bytes - 10000000 keys
ok 43 - Distribution Bias Check for Keyset 'Cyclic' - 8 cycles of 17 bytes - 10000000 keys
# Keyset 'Cyclic' - 8 cycles of 18 bytes - 10000000 keys
# Testing collisions   - Expected     0.00, actual        0 ( 0.00x) - passed
ok 44 - Collision Rate for Keyset 'Cyclic' - 8 cycles of 18 bytes - 10000000 keys
ok 45 - Distribution Bias Check for Keyset 'Cyclic' - 8 cycles of 18 bytes - 10000000 keys
# Keyset 'Cyclic' - 8 cycles of 19 bytes - 10000000 keys
# Testing collisions   - Expected     0.00, actual        0 ( 0.00x) - passed
ok 46 - Collision Rate for Keyset 'Cyclic' - 8 cycles of 19 bytes - 10000000 keys
ok 47 - Distribution Bias Check for Keyset 'Cyclic' - 8 cycles of 19 bytes - 10000000 keys
# Keyset 'Cyclic' - 8 cycles of 20 bytes - 10000000 keys
# Testing collisions   - Expected     0.00, actual        0 ( 0.00x) - passed
ok 48 - Collision Rate for Keyset 'Cyclic' - 8 cycles of 20 bytes - 10000000 keys
ok 49 - Distribution Bias Check for Keyset 'Cyclic' - 8 cycles of 20 bytes - 10000000 keys
ok 50 - Keyset 'Cyclic' # Murmur3F
### Keyset 'TwoBytes' Tests ###
# Testing collisions   - Expected     0.00, actual        0 ( 0.00x) - passed
ok 51 - Collision Rate for Keyset 'TwoBytes' - up-to-4-byte keys, 652545 total keys
ok 52 - Distribution Bias Check for Keyset 'TwoBytes' - up-to-4-byte keys, 652545 total keys
# Testing collisions   - Expected     0.00, actual        0 ( 0.00x) - passed
ok 53 - Collision Rate for Keyset 'TwoBytes' - up-to-8-byte keys, 5471025 total keys
ok 54 - Distribution Bias Check for Keyset 'TwoBytes' - up-to-8-byte keys, 5471025 total keys
# Testing collisions   - Expected     0.00, actual        0 ( 0.00x) - passed
ok 55 - Collision Rate for Keyset 'TwoBytes' - up-to-12-byte keys, 18616785 total keys
ok 56 - Distribution Bias Check for Keyset 'TwoBytes' - up-to-12-byte keys, 18616785 total keys
# Testing collisions   - Expected     0.00, actual        0 ( 0.00x) - passed
ok 57 - Collision Rate for Keyset 'TwoBytes' - up-to-16-byte keys, 44251425 total keys
ok 58 - Distribution Bias Check for Keyset 'TwoBytes' - up-to-16-byte keys, 44251425 total keys
# Testing collisions   - Expected     0.00, actual        0 ( 0.00x) - passed
ok 59 - Collision Rate for Keyset 'TwoBytes' - up-to-20-byte keys, 86536545 total keys
ok 60 - Distribution Bias Check for Keyset 'TwoBytes' - up-to-20-byte keys, 86536545 total keys
ok 61 - Keyset 'TwoBytes' # Murmur3F
### Keyset 'Sparse' Tests ###
# Keyset 'Sparse' - 32-bit keys with up to 6 bits set - 1149017 keys
# Testing collisions   - Expected     0.00, actual        0 ( 0.00x) - passed
ok 62 - Collision Rate for Keyset 'Sparse' - 32-bit keys with up to 6 bits set
ok 63 - Distribution Bias Check for Keyset 'Sparse' - 32-bit keys with up to 6 bits set
# Keyset 'Sparse' - 40-bit keys with up to 6 bits set - 4598479 keys
# Testing collisions   - Expected     0.00, actual        0 ( 0.00x) - passed
ok 64 - Collision Rate for Keyset 'Sparse' - 40-bit keys with up to 6 bits set
ok 65 - Distribution Bias Check for Keyset 'Sparse' - 40-bit keys with up to 6 bits set
# Keyset 'Sparse' - 48-bit keys with up to 5 bits set - 1925357 keys
# Testing collisions   - Expected     0.00, actual        0 ( 0.00x) - passed
ok 66 - Collision Rate for Keyset 'Sparse' - 48-bit keys with up to 5 bits set
ok 67 - Distribution Bias Check for Keyset 'Sparse' - 48-bit keys with up to 5 bits set
# Keyset 'Sparse' - 56-bit keys with up to 5 bits set - 4216423 keys
# Testing collisions   - Expected     0.00, actual        0 ( 0.00x) - passed
ok 68 - Collision Rate for Keyset 'Sparse' - 56-bit keys with up to 5 bits set
ok 69 - Distribution Bias Check for Keyset 'Sparse' - 56-bit keys with up to 5 bits set
# Keyset 'Sparse' - 64-bit keys with up to 5 bits set - 8303633 keys
# Testing collisions   - Expected     0.00, actual        0 ( 0.00x) - passed
ok 70 - Collision Rate for Keyset 'Sparse' - 64-bit keys with up to 5 bits set
ok 71 - Distribution Bias Check for Keyset 'Sparse' - 64-bit keys with up to 5 bits set
# Keyset 'Sparse' - 96-bit keys with up to 4 bits set - 3469497 keys
# Testing collisions   - Expected     0.00, actual        0 ( 0.00x) - passed
ok 72 - Collision Rate for Keyset 'Sparse' - 96-bit keys with up to 4 bits set
ok 73 - Distribution Bias Check for Keyset 'Sparse' - 96-bit keys with up to 4 bits set
# Keyset 'Sparse' - 256-bit keys with up to 3 bits set - 2796417 keys
# Testing collisions   - Expected     0.00, actual        0 ( 0.00x) - passed
ok 74 - Collision Rate for Keyset 'Sparse' - 256-bit keys with up to 3 bits set
ok 75 - Distribution Bias Check for Keyset 'Sparse' - 256-bit keys with up to 3 bits set
# Keyset 'Sparse' - 2048-bit keys with up to 2 bits set - 2098177 keys
# Testing collisions   - Expected     0.00, actual        0 ( 0.00x) - passed
ok 76 - Collision Rate for Keyset 'Sparse' - 2048-bit keys with up to 2 bits set
ok 77 - Distribution Bias Check for Keyset 'Sparse' - 2048-bit keys with up to 2 bits set
ok 78 - Keyset 'Sparse' # Murmur3F
# Keyset 'CRC-MultiCollision' - 1048575 x 16 block keys - 128-bytes long - 10 seeds
# Testing collisions   - Expected     0.00, actual        0 ( 0.00x) - passed
ok 79 - Collision Rate for Keyset 'CRC-MultiCollision' - seed 1 # Murmur3F
# Testing collisions   - Expected     0.00, actual        0 ( 0.00x) - passed
ok 80 - Collision Rate for Keyset 'CRC-MultiCollision' - seed 2 # Murmur3F
# Testing collisions   - Expected     0.00, actual        0 ( 0.00x) - passed
ok 81 - Collision Rate for Keyset 'CRC-MultiCollision' - seed 3 # Murmur3F
# Testing collisions   - Expected     0.00, actual        0 ( 0.00x) - passed
ok 82 - Collision Rate for Keyset 'CRC-MultiCollision' - seed 4 # Murmur3F
# Testing collisions   - Expected     0.00, actual        0 ( 0.00x) - passed
ok 83 - Collision Rate for Keyset 'CRC-MultiCollision' - seed 5 # Murmur3F
# Testing collisions   - Expected     0.00, actual        0 ( 0.00x) - passed
ok 84 - Collision Rate for Keyset 'CRC-MultiCollision' - seed 6 # Murmur3F
# Testing collisions   - Expected     0.00, actual        0 ( 0.00x) - passed
ok 85 - Collision Rate for Keyset 'CRC-MultiCollision' - seed 7 # Murmur3F
# Testing collisions   - Expected     0.00, actual        0 ( 0.00x) - passed
ok 86 - Collision Rate for Keyset 'CRC-MultiCollision' - seed 8 # Murmur3F
# Testing collisions   - Expected     0.00, actual        0 ( 0.00x) - passed
ok 87 - Collision Rate for Keyset 'CRC-MultiCollision' - seed 9 # Murmur3F
# Testing collisions   - Expected     0.00, actual        0 ( 0.00x) - passed
ok 88 - Collision Rate for Keyset 'CRC-MultiCollision' - seed 10 # Murmur3F
### Keyset 'Combination Lowbits' Tests ###
# Keyset 'Combination' - up to 8 blocks from a set of 8 - 19173960 keys
# Testing collisions   - Expected     0.00, actual        0 ( 0.00x) - passed
ok 89 - Collision Rate for Keyset 'Combination Lowbits'
ok 90 - Distribution Bias Check for Keyset 'Combination Lowbits'
ok 91 - Keyset 'Combination Lowbits' # Murmur3F
### Keyset 'Combination Highbits' Tests ###
# Keyset 'Combination' - up to 8 blocks from a set of 8 - 19173960 keys
# Testing collisions   - Expected     0.00, actual        0 ( 0.00x) - passed
ok 92 - Collision Rate for Keyset 'Combination Highbits'
ok 93 - Distribution Bias Check for Keyset 'Combination Highbits'
ok 94 - Keyset 'Combination Highbits' # Murmur3F
### Keyset 'Combination Highbits2' Tests ###
# Keyset 'Combination' - up to 8 blocks from a set of 8 - 19173960 keys
# Testing collisions   - Expected     0.00, actual        0 ( 0.00x) - passed
ok 95 - Collision Rate for Keyset 'Combination Highbits2'
ok 96 - Distribution Bias Check for Keyset 'Combination Highbits2'
ok 97 - Keyset 'Combination Highbits2' # Murmur3F
### Keyset 'Combination 0x80000000' Tests ###
# Keyset 'Combination' - up to 20 blocks from a set of 2 - 2097150 keys
# Testing collisions   - Expected     0.00, actual        0 ( 0.00x) - passed
ok 98 - Collision Rate for Keyset 'Combination 0x80000000'
ok 99 - Distribution Bias Check for Keyset 'Combination 0x80000000'
ok 100 - Keyset 'Combination 0x80000000' # Murmur3F
### Keyset 'Combination 0x00000001' Tests ###
# Keyset 'Combination' - up to 20 blocks from a set of 2 - 2097150 keys
# Testing collisions   - Expected     0.00, actual        0 ( 0.00x) - passed
ok 101 - Collision Rate for Keyset 'Combination 0x00000001'
ok 102 - Distribution Bias Check for Keyset 'Combination 0x00000001'
ok 103 - Keyset 'Combination 0x00000001' # Murmur3F
### Keyset 'Combination Hi-Lo' Tests ###
# Keyset 'Combination' - up to 6 blocks from a set of 15 - 12204240 keys
# Testing collisions   - Expected     0.00, actual        0 ( 0.00x) - passed
ok 104 - Collision Rate for Keyset 'Combination Hi-Lo'
ok 105 - Distribution Bias Check for Keyset 'Combination Hi-Lo'
ok 106 - Keyset 'Combination Hi-Lo' # Murmur3F
### Keyset 'Text' Tests ###
# Keyset 'Text' - keys of form "Foo[XXXX]Bar" - 14776336 keys
# Testing collisions   - Expected     0.00, actual        0 ( 0.00x) - passed
ok 107 - Collision Rate for Keyset 'Text' - keys of form "Foo[XXXX]Bar" - 14776336 keys
ok 108 - Distribution Bias Check for Keyset 'Text' - keys of form "Foo[XXXX]Bar" - 14776336 keys
# Keyset 'Text' - keys of form "FooBar[XXXX]" - 14776336 keys
# Testing collisions   - Expected     0.00, actual        0 ( 0.00x) - passed
ok 109 - Collision Rate for Keyset 'Text' - keys of form "FooBar[XXXX]" - 14776336 keys
ok 110 - Distribution Bias Check for Keyset 'Text' - keys of form "FooBar[XXXX]" - 14776336 keys
# Keyset 'Text' - keys of form "[XXXX]FooBar" - 14776336 keys
# Testing collisions   - Expected     0.00, actual        0 ( 0.00x) - passed
ok 111 - Collision Rate for Keyset 'Text' - keys of form "[XXXX]FooBar" - 14776336 keys
ok 112 - Distribution Bias Check for Keyset 'Text' - keys of form "[XXXX]FooBar" - 14776336 keys
ok 113 - Keyset 'Text' # Murmur3F
### Keyset 'Zeroes' Tests ###
# Keyset 'Zeroes' - 262144 keys
# Testing collisions   - Expected     0.00, actual        0 ( 0.00x) - passed
ok 114 - Collision Rate for Keyset 'Zeroes' - 262144 keys
ok 115 - Distribution Bias Check for Keyset 'Zeroes' - 262144 keys
ok 116 - Keyset 'Zeroes' # Murmur3F
### Keyset 'Seed' Tests ###
# Keyset 'Seed' - 2000000 seeds, Key "The quick brown fox "...
# Testing collisions   - Expected     0.00, actual        0 ( 0.00x) - passed
ok 117 - Collision Rate for Keyset 'Seed' - 2000000 seeds, Key "The quick brown fox "...
ok 118 - Distribution Bias Check for Keyset 'Seed' - 2000000 seeds, Key "The quick brown fox "...
# Keyset 'Seed' - 2000000 seeds, Key ""
# Testing collisions   - Expected     0.00, actual        0 ( 0.00x) - passed
ok 119 - Collision Rate for Keyset 'Seed' - 2000000 seeds, Key ""
ok 120 - Distribution Bias Check for Keyset 'Seed' - 2000000 seeds, Key ""
# Keyset 'Seed' - 2000000 seeds, Key "00101100110101101"
# Testing collisions   - Expected     0.00, actual        0 ( 0.00x) - passed
ok 121 - Collision Rate for Keyset 'Seed' - 2000000 seeds, Key "00101100110101101"
ok 122 - Distribution Bias Check for Keyset 'Seed' - 2000000 seeds, Key "00101100110101101"
# Keyset 'Seed' - 2000000 seeds, Key "abcbcddbdebdcaaabaaa"...
# Testing collisions   - Expected     0.00, actual        0 ( 0.00x) - passed
ok 123 - Collision Rate for Keyset 'Seed' - 2000000 seeds, Key "abcbcddbdebdcaaabaaa"...
ok 124 - Distribution Bias Check for Keyset 'Seed' - 2000000 seeds, Key "abcbcddbdebdcaaabaaa"...
ok 125 - Keyset 'Seed' # Murmur3F
### Keyset 'Effs' Tests ###
# Keyset 'Effs' - 262144 keys
# Testing collisions   - Expected     0.00, actual        0 ( 0.00x) - passed
ok 126 - Collision Rate for Keyset 'Effs' - 262144 keys
ok 127 - Distribution Bias Check for Keyset 'Effs' - 262144 keys
ok 128 - Keyset 'Effs' # Murmur3F
not ok 129 - all tests passed # Murmur3F
1..129
# Tests Failed. Murmur3F failed 4 of 129 tests.
# Testing took 2612.701717 seconds
# This is SMHasher version v1.0-demerphq-5-g86440f3 - built on Mar 10 2017.
