ok 1 - SelfTest - Verify 89 Hashes
ok 2 - Found Hash # Murmur2
###################################################################
### Testing Murmur2 - no seed_state
### - MurmurHash2 for x86, 32-bit -
### seedbits: 32 statebits: 32 hashbits: 32
###################################################################
### Sanity Tests ###
ok 3 - Verification code # Murmur2
# Sanity check simple key bit flips and consistency..........
ok 4 - SanityTest # Murmur2
# Sanity check null suffixes change the hash (simple)..........
ok 5 - Appended Zeroes Test # Murmur2
ok 6 - Sanity Test # Murmur2
### Speed Tests ###
## Bulk speed test - 262144-byte keys
# Alignment  7 -  1.199 bytes/cycle - 3429.78 MiB/sec @ 3 ghz
# Alignment  6 -  1.199 bytes/cycle - 3429.76 MiB/sec @ 3 ghz
# Alignment  5 -  1.199 bytes/cycle - 3429.79 MiB/sec @ 3 ghz
# Alignment  4 -  1.199 bytes/cycle - 3429.80 MiB/sec @ 3 ghz
# Alignment  3 -  1.199 bytes/cycle - 3429.78 MiB/sec @ 3 ghz
# Alignment  2 -  1.199 bytes/cycle - 3429.79 MiB/sec @ 3 ghz
# Alignment  1 -  1.199 bytes/cycle - 3429.75 MiB/sec @ 3 ghz
# Alignment  0 -  1.199 bytes/cycle - 3429.75 MiB/sec @ 3 ghz
# Average      -  1.199 bytes/cycle - 3429.78 MiB/sec @ 3 ghz
## KeySpeed tests
# Murmur2                   0 byte keys       12.001 c/h
# Murmur2                   1 byte keys       14.997 c/h       14.997 c/b        0.067 b/c
# Murmur2                   2 byte keys       15.000 c/h        7.500 c/b        0.133 b/c
# Murmur2                   3 byte keys       16.000 c/h        5.333 c/b        0.188 b/c
# Murmur2                   4 byte keys       20.874 c/h        5.218 c/b        0.192 b/c
# Murmur2                   5 byte keys       19.138 c/h        3.828 c/b        0.261 b/c
# Murmur2                   6 byte keys       20.000 c/h        3.333 c/b        0.300 b/c
# Murmur2                   7 byte keys       21.000 c/h        3.000 c/b        0.333 b/c
# Murmur2                   8 byte keys       19.000 c/h        2.375 c/b        0.421 b/c
# Murmur2                   9 byte keys       22.000 c/h        2.444 c/b        0.409 b/c
# Murmur2                  10 byte keys       24.000 c/h        2.400 c/b        0.417 b/c
# Murmur2                  11 byte keys       24.451 c/h        2.223 c/b        0.450 b/c
# Murmur2                  12 byte keys       22.231 c/h        1.853 c/b        0.540 b/c
# Murmur2                  13 byte keys       25.627 c/h        1.971 c/b        0.507 b/c
# Murmur2                  14 byte keys       27.491 c/h        1.964 c/b        0.509 b/c
# Murmur2                  15 byte keys       28.000 c/h        1.867 c/b        0.536 b/c
# Murmur2                  16 byte keys       25.612 c/h        1.601 c/b        0.625 b/c
# Murmur2                  17 byte keys       29.000 c/h        1.706 c/b        0.586 b/c
# Murmur2                  18 byte keys       30.569 c/h        1.698 c/b        0.589 b/c
# Murmur2                  19 byte keys       31.000 c/h        1.632 c/b        0.613 b/c
# Murmur2                  20 byte keys       29.000 c/h        1.450 c/b        0.690 b/c
# Murmur2                  21 byte keys       32.000 c/h        1.524 c/b        0.656 b/c
# Murmur2                  22 byte keys       34.000 c/h        1.545 c/b        0.647 b/c
# Murmur2                  23 byte keys       34.000 c/h        1.478 c/b        0.676 b/c
# Murmur2                  24 byte keys       32.000 c/h        1.333 c/b        0.750 b/c
# Murmur2                  25 byte keys       35.872 c/h        1.435 c/b        0.697 b/c
# Murmur2                  26 byte keys       37.000 c/h        1.423 c/b        0.703 b/c
# Murmur2                  27 byte keys       38.000 c/h        1.407 c/b        0.711 b/c
# Murmur2                  28 byte keys       35.754 c/h        1.277 c/b        0.783 b/c
# Murmur2                  29 byte keys       39.000 c/h        1.345 c/b        0.744 b/c
# Murmur2                  30 byte keys       40.000 c/h        1.333 c/b        0.750 b/c
# Murmur2                  31 byte keys       41.000 c/h        1.323 c/b        0.756 b/c
#                          Average < 32       27.363 c/h        1.765 c/b        0.566 b/c
# Murmur2                  32 byte keys       39.141 c/h        1.223 c/b        0.818 b/c
# Murmur2                  36 byte keys       42.000 c/h        1.167 c/b        0.857 b/c
# Murmur2                  40 byte keys       45.892 c/h        1.147 c/b        0.872 b/c
# Murmur2                  44 byte keys       49.237 c/h        1.119 c/b        0.894 b/c
# Murmur2                  48 byte keys       52.000 c/h        1.083 c/b        0.923 b/c
# Murmur2                  52 byte keys       55.811 c/h        1.073 c/b        0.932 b/c
# Murmur2                  56 byte keys       59.516 c/h        1.063 c/b        0.941 b/c
# Murmur2                  60 byte keys       62.000 c/h        1.033 c/b        0.968 b/c
# Murmur2                  64 byte keys       66.041 c/h        1.032 c/b        0.969 b/c
# Murmur2                  68 byte keys       69.000 c/h        1.015 c/b        0.986 b/c
# Murmur2                  72 byte keys       72.000 c/h        1.000 c/b        1.000 b/c
# Murmur2                  76 byte keys       77.282 c/h        1.017 c/b        0.983 b/c
# Murmur2                  80 byte keys       79.000 c/h        0.988 c/b        1.013 b/c
# Murmur2                  84 byte keys       82.212 c/h        0.979 c/b        1.022 b/c
# Murmur2                  88 byte keys       85.912 c/h        0.976 c/b        1.024 b/c
# Murmur2                  92 byte keys       89.000 c/h        0.967 c/b        1.034 b/c
# Murmur2                  96 byte keys       92.171 c/h        0.960 c/b        1.042 b/c
# Murmur2                 100 byte keys       95.939 c/h        0.959 c/b        1.042 b/c
# Murmur2                 104 byte keys       99.000 c/h        0.952 c/b        1.051 b/c
# Murmur2                 108 byte keys      103.670 c/h        0.960 c/b        1.042 b/c
# Murmur2                 112 byte keys      105.993 c/h        0.946 c/b        1.057 b/c
# Murmur2                 116 byte keys      109.201 c/h        0.941 c/b        1.062 b/c
# Murmur2                 120 byte keys      112.529 c/h        0.938 c/b        1.066 b/c
# Murmur2                 124 byte keys      122.970 c/h        0.992 c/b        1.008 b/c
#                         Average < 128       48.985 c/h        1.158 c/b        0.863 b/c
# Murmur2                 128 byte keys      123.716 c/h        0.967 c/b        1.035 b/c
# Murmur2                 256 byte keys      244.604 c/h        0.955 c/b        1.047 b/c
# Murmur2                 512 byte keys      470.259 c/h        0.918 c/b        1.089 b/c
# Murmur2                1024 byte keys      885.408 c/h        0.865 c/b        1.157 b/c
# Murmur2                2048 byte keys     1739.951 c/h        0.850 c/b        1.177 b/c
# Murmur2                4096 byte keys     3448.326 c/h        0.842 c/b        1.188 b/c
# Murmur2                8192 byte keys     6863.863 c/h        0.838 c/b        1.193 b/c
# Murmur2               16384 byte keys    13695.355 c/h        0.836 c/b        1.196 b/c
# Murmur2               32768 byte keys    27358.214 c/h        0.835 c/b        1.198 b/c
# Murmur2               65536 byte keys    54690.598 c/h        0.835 c/b        1.198 b/c
#                       Overall Average     1700.961 c/h        0.842 c/b        1.187 b/c
ok 7 - Speed (always passes) # Murmur2
### Differential Tests ###
# Testing 8303632 up-to-5-bit differentials in 64-bit keys -> 32 bit hashes.
# 1000 reps, 8303632000 total tests, expecting 1.93 random collisions..........
ok 8 - Differential collisions # Murmur2
ok 9 - Nothing skipped during differential collision check # Murmur2
# 0 total collisions, of which 0 single collisions were ignored
ok 10 - ProcessDifferentials
# Testing 11017632 up-to-4-bit differentials in 128-bit keys -> 32 bit hashes.
# 1000 reps, 11017632000 total tests, expecting 2.57 random collisions..........
ok 11 - Differential collisions # Murmur2
ok 12 - Nothing skipped during differential collision check # Murmur2
# 2 total collisions, of which 2 single collisions were ignored
ok 13 - ProcessDifferentials
# Testing 2796416 up-to-3-bit differentials in 256-bit keys -> 32 bit hashes.
# 1000 reps, 2796416000 total tests, expecting 0.65 random collisions..........
ok 14 - Differential collisions # Murmur2
ok 15 - Nothing skipped during differential collision check # Murmur2
# 2 total collisions, of which 2 single collisions were ignored
ok 16 - ProcessDifferentials
ok 17 - Differential # Murmur2
### Avalanche Tests ### - seed-bits: 32 hash-bits: 32
# Samples 1000000, expected error 0.00025600, confidence level 99.99994267%
# Testing   0-bit keys.......... ok.     # worst-bit:   0.377% error-ratio: 9.715761e-01
ok 18 - Strict Avalanche Criteria - 0 bit keys
# Testing   8-bit keys.......... ok.     # worst-bit:   0.392% error-ratio: 1.063168e+00
ok 19 - Strict Avalanche Criteria - 8 bit keys
# Testing  16-bit keys.......... ok.     # worst-bit:   0.319% error-ratio: 9.571577e-01
ok 20 - Strict Avalanche Criteria - 16 bit keys
# Testing  24-bit keys.......... ok.     # worst-bit:   0.358% error-ratio: 1.051200e+00
ok 21 - Strict Avalanche Criteria - 24 bit keys
# Testing  32-bit keys.......... ok.     # worst-bit:   0.348% error-ratio: 1.014677e+00
ok 22 - Strict Avalanche Criteria - 32 bit keys
# Testing  40-bit keys.......... ok.     # worst-bit:   0.349% error-ratio: 1.037148e+00
ok 23 - Strict Avalanche Criteria - 40 bit keys
# Testing  48-bit keys.......... ok.     # worst-bit:   0.397% error-ratio: 1.009408e+00
ok 24 - Strict Avalanche Criteria - 48 bit keys
# Testing  56-bit keys.......... ok.     # worst-bit:   0.396% error-ratio: 1.013334e+00
ok 25 - Strict Avalanche Criteria - 56 bit keys
# Testing  64-bit keys.......... ok.     # worst-bit:   0.354% error-ratio: 1.054836e+00
ok 26 - Strict Avalanche Criteria - 64 bit keys
# Testing  72-bit keys.......... ok.     # worst-bit:   0.301% error-ratio: 9.982312e-01
ok 27 - Strict Avalanche Criteria - 72 bit keys
# Testing  80-bit keys.......... ok.     # worst-bit:   0.385% error-ratio: 1.004582e+00
ok 28 - Strict Avalanche Criteria - 80 bit keys
# Testing  88-bit keys.......... ok.     # worst-bit:   0.352% error-ratio: 9.706767e-01
ok 29 - Strict Avalanche Criteria - 88 bit keys
# Testing  96-bit keys.......... ok.     # worst-bit:   0.431% error-ratio: 1.006308e+00
ok 30 - Strict Avalanche Criteria - 96 bit keys
# Testing 104-bit keys.......... ok.     # worst-bit:   0.422% error-ratio: 9.908285e-01
ok 31 - Strict Avalanche Criteria - 104 bit keys
# Testing 112-bit keys.......... ok.     # worst-bit:   0.382% error-ratio: 9.965041e-01
ok 32 - Strict Avalanche Criteria - 112 bit keys
# Testing 120-bit keys.......... ok.     # worst-bit:   0.370% error-ratio: 9.657756e-01
ok 33 - Strict Avalanche Criteria - 120 bit keys
# Testing 128-bit keys.......... ok.     # worst-bit:   0.354% error-ratio: 1.006452e+00
ok 34 - Strict Avalanche Criteria - 128 bit keys
# Testing 136-bit keys.......... ok.     # worst-bit:   0.362% error-ratio: 9.878726e-01
ok 35 - Strict Avalanche Criteria - 136 bit keys
# Testing 144-bit keys.......... ok.     # worst-bit:   0.361% error-ratio: 1.006911e+00
ok 36 - Strict Avalanche Criteria - 144 bit keys
# Testing 152-bit keys.......... ok.     # worst-bit:   0.377% error-ratio: 1.007224e+00
ok 37 - Strict Avalanche Criteria - 152 bit keys
# Testing 152-bit keys.......... ok.     # worst-bit:   0.349% error-ratio: 9.995854e-01
ok 38 - Strict Avalanche Criteria - 160 bit keys
# Testing 256-bit keys.......... ok.     # worst-bit:   0.410% error-ratio: 1.009496e+00
ok 39 - Strict Avalanche Criteria - 256 bit keys
ok 40 - Strict Avalanche Criteria # Murmur2
### Keyset 'Cyclic' Tests ###
# Keyset 'Cyclic' - 8 cycles of 4 bytes - 10000000 keys
# Testing collisions   - Expected 11641.53, actual   774848 (66.56x) - failed
not ok 41 - Collision Rate for Keyset 'Cyclic' - 8 cycles of 4 bytes - 10000000 keys
# worst bias is the  20-bit window at bit  23 - 1.536% (416)
not ok 42 - Distribution Bias Check for Keyset 'Cyclic' - 8 cycles of 4 bytes - 10000000 keys
# Keyset 'Cyclic' - 8 cycles of 5 bytes - 10000000 keys
# Testing collisions   - Expected 11641.53, actual    47843 ( 4.11x) - failed
not ok 43 - Collision Rate for Keyset 'Cyclic' - 8 cycles of 5 bytes - 10000000 keys
ok 44 - Distribution Bias Check for Keyset 'Cyclic' - 8 cycles of 5 bytes - 10000000 keys
# Keyset 'Cyclic' - 8 cycles of 6 bytes - 10000000 keys
# Testing collisions   - Expected 11641.53, actual    96363 ( 8.28x) - failed
not ok 45 - Collision Rate for Keyset 'Cyclic' - 8 cycles of 6 bytes - 10000000 keys
ok 46 - Distribution Bias Check for Keyset 'Cyclic' - 8 cycles of 6 bytes - 10000000 keys
# Keyset 'Cyclic' - 8 cycles of 7 bytes - 10000000 keys
# Testing collisions   - Expected 11641.53, actual    47257 ( 4.06x) - failed
not ok 47 - Collision Rate for Keyset 'Cyclic' - 8 cycles of 7 bytes - 10000000 keys
ok 48 - Distribution Bias Check for Keyset 'Cyclic' - 8 cycles of 7 bytes - 10000000 keys
# Keyset 'Cyclic' - 8 cycles of 8 bytes - 10000000 keys
# Testing collisions   - Expected 11641.53, actual   390731 (33.56x) - failed
not ok 49 - Collision Rate for Keyset 'Cyclic' - 8 cycles of 8 bytes - 10000000 keys
ok 50 - Distribution Bias Check for Keyset 'Cyclic' - 8 cycles of 8 bytes - 10000000 keys
not ok 51 - Keyset 'Cyclic' # Murmur2
### Keyset 'TwoBytes' Tests ###
# Testing collisions   - Expected    49.57, actual    65549 - Excessive keys in collision - failed
not ok 52 - Collision Rate for Keyset 'TwoBytes' - up-to-4-byte keys, 652545 total keys
# worst bias is the  16-bit window at bit  14 - 1.777% (288)
not ok 53 - Distribution Bias Check for Keyset 'TwoBytes' - up-to-4-byte keys, 652545 total keys
# Testing collisions   - Expected  3484.56, actual    69038 (19.81x) - failed
not ok 54 - Collision Rate for Keyset 'TwoBytes' - up-to-8-byte keys, 5471025 total keys
ok 55 - Distribution Bias Check for Keyset 'TwoBytes' - up-to-8-byte keys, 5471025 total keys
# Testing collisions   - Expected 40347.77, actual   106589 ( 2.64x) - failed
not ok 56 - Collision Rate for Keyset 'TwoBytes' - up-to-12-byte keys, 18616785 total keys
ok 57 - Distribution Bias Check for Keyset 'TwoBytes' - up-to-12-byte keys, 18616785 total keys
# Testing collisions   - Expected 227963.15, actual   294999 ( 1.29x) - passed
ok 58 - Collision Rate for Keyset 'TwoBytes' - up-to-16-byte keys, 44251425 total keys
ok 59 - Distribution Bias Check for Keyset 'TwoBytes' - up-to-16-byte keys, 44251425 total keys
# Testing collisions   - Expected 871784.70, actual   932493 ( 1.07x) - passed
ok 60 - Collision Rate for Keyset 'TwoBytes' - up-to-20-byte keys, 86536545 total keys
ok 61 - Distribution Bias Check for Keyset 'TwoBytes' - up-to-20-byte keys, 86536545 total keys
not ok 62 - Keyset 'TwoBytes' # Murmur2
### Keyset 'Sparse' Tests ###
# Keyset 'Sparse' - 32-bit keys with up to 6 bits set - 1149017 keys
# Testing collisions   - Expected   153.70, actual      148 ( 0.96x) - passed
ok 63 - Collision Rate for Keyset 'Sparse' - 32-bit keys with up to 6 bits set
ok 64 - Distribution Bias Check for Keyset 'Sparse' - 32-bit keys with up to 6 bits set
# Keyset 'Sparse' - 40-bit keys with up to 6 bits set - 4598479 keys
# Testing collisions   - Expected  2461.72, actual     2498 ( 1.01x) - passed
ok 65 - Collision Rate for Keyset 'Sparse' - 40-bit keys with up to 6 bits set
ok 66 - Distribution Bias Check for Keyset 'Sparse' - 40-bit keys with up to 6 bits set
# Keyset 'Sparse' - 48-bit keys with up to 5 bits set - 1925357 keys
# Testing collisions   - Expected   431.55, actual      478 ( 1.11x) - passed
ok 67 - Collision Rate for Keyset 'Sparse' - 48-bit keys with up to 5 bits set
ok 68 - Distribution Bias Check for Keyset 'Sparse' - 48-bit keys with up to 5 bits set
# Keyset 'Sparse' - 56-bit keys with up to 5 bits set - 4216423 keys
# Testing collisions   - Expected  2069.66, actual     2038 ( 0.98x) - passed
ok 69 - Collision Rate for Keyset 'Sparse' - 56-bit keys with up to 5 bits set
ok 70 - Distribution Bias Check for Keyset 'Sparse' - 56-bit keys with up to 5 bits set
# Keyset 'Sparse' - 64-bit keys with up to 5 bits set - 8303633 keys
# Testing collisions   - Expected  8026.87, actual     8079 ( 1.01x) - passed
ok 71 - Collision Rate for Keyset 'Sparse' - 64-bit keys with up to 5 bits set
ok 72 - Distribution Bias Check for Keyset 'Sparse' - 64-bit keys with up to 5 bits set
# Keyset 'Sparse' - 96-bit keys with up to 4 bits set - 3469497 keys
# Testing collisions   - Expected  1401.34, actual     1335 ( 0.95x) - passed
ok 73 - Collision Rate for Keyset 'Sparse' - 96-bit keys with up to 4 bits set
ok 74 - Distribution Bias Check for Keyset 'Sparse' - 96-bit keys with up to 4 bits set
# Keyset 'Sparse' - 256-bit keys with up to 3 bits set - 2796417 keys
# Testing collisions   - Expected   910.36, actual      939 ( 1.03x) - passed
ok 75 - Collision Rate for Keyset 'Sparse' - 256-bit keys with up to 3 bits set
ok 76 - Distribution Bias Check for Keyset 'Sparse' - 256-bit keys with up to 3 bits set
# Keyset 'Sparse' - 2048-bit keys with up to 2 bits set - 2098177 keys
# Testing collisions   - Expected   512.50, actual      501 ( 0.98x) - passed
ok 77 - Collision Rate for Keyset 'Sparse' - 2048-bit keys with up to 2 bits set
ok 78 - Distribution Bias Check for Keyset 'Sparse' - 2048-bit keys with up to 2 bits set
ok 79 - Keyset 'Sparse' # Murmur2
# Keyset 'CRC-MultiCollision' - 1048575 x 16 block keys - 128-bytes long - 10 seeds
# Testing collisions   - Expected   128.00, actual      112 ( 0.88x) - passed
ok 80 - Collision Rate for Keyset 'CRC-MultiCollision' - seed 1 # Murmur2
# Testing collisions   - Expected   128.00, actual      134 ( 1.05x) - passed
ok 81 - Collision Rate for Keyset 'CRC-MultiCollision' - seed 2 # Murmur2
# Testing collisions   - Expected   128.00, actual      125 ( 0.98x) - passed
ok 82 - Collision Rate for Keyset 'CRC-MultiCollision' - seed 3 # Murmur2
# Testing collisions   - Expected   128.00, actual      136 ( 1.06x) - passed
ok 83 - Collision Rate for Keyset 'CRC-MultiCollision' - seed 4 # Murmur2
# Testing collisions   - Expected   128.00, actual      118 ( 0.92x) - passed
ok 84 - Collision Rate for Keyset 'CRC-MultiCollision' - seed 5 # Murmur2
# Testing collisions   - Expected   128.00, actual      162 ( 1.27x) - passed
ok 85 - Collision Rate for Keyset 'CRC-MultiCollision' - seed 6 # Murmur2
# Testing collisions   - Expected   128.00, actual      111 ( 0.87x) - passed
ok 86 - Collision Rate for Keyset 'CRC-MultiCollision' - seed 7 # Murmur2
# Testing collisions   - Expected   128.00, actual      132 ( 1.03x) - passed
ok 87 - Collision Rate for Keyset 'CRC-MultiCollision' - seed 8 # Murmur2
# Testing collisions   - Expected   128.00, actual      137 ( 1.07x) - passed
ok 88 - Collision Rate for Keyset 'CRC-MultiCollision' - seed 9 # Murmur2
# Testing collisions   - Expected   128.00, actual      123 ( 0.96x) - passed
ok 89 - Collision Rate for Keyset 'CRC-MultiCollision' - seed 10 # Murmur2
### Keyset 'Combination Lowbits' Tests ###
# Keyset 'Combination' - up to 8 blocks from a set of 8 - 19173960 keys
# Testing collisions   - Expected 42799.01, actual    42810 ( 1.00x) - passed
ok 90 - Collision Rate for Keyset 'Combination Lowbits'
ok 91 - Distribution Bias Check for Keyset 'Combination Lowbits'
ok 92 - Keyset 'Combination Lowbits' # Murmur2
### Keyset 'Combination Highbits' Tests ###
# Keyset 'Combination' - up to 8 blocks from a set of 8 - 19173960 keys
# Testing collisions   - Expected 42799.01, actual  1056612 (24.69x) - failed
not ok 93 - Collision Rate for Keyset 'Combination Highbits'
ok 94 - Distribution Bias Check for Keyset 'Combination Highbits'
not ok 95 - Keyset 'Combination Highbits' # Murmur2
### Keyset 'Combination Highbits2' Tests ###
# Keyset 'Combination' - up to 8 blocks from a set of 8 - 19173960 keys
# Testing collisions   - Expected 42799.01, actual   668626 (15.62x) - failed
not ok 96 - Collision Rate for Keyset 'Combination Highbits2'
ok 97 - Distribution Bias Check for Keyset 'Combination Highbits2'
not ok 98 - Keyset 'Combination Highbits2' # Murmur2
### Keyset 'Combination 0x80000000' Tests ###
# Keyset 'Combination' - up to 20 blocks from a set of 2 - 2097150 keys
# Testing collisions   - Expected   512.00, actual    20886 (40.79x) - failed
not ok 99 - Collision Rate for Keyset 'Combination 0x80000000'
ok 100 - Distribution Bias Check for Keyset 'Combination 0x80000000'
not ok 101 - Keyset 'Combination 0x80000000' # Murmur2
### Keyset 'Combination 0x00000001' Tests ###
# Keyset 'Combination' - up to 20 blocks from a set of 2 - 2097150 keys
# Testing collisions   - Expected   512.00, actual     2366 ( 4.62x) - failed
not ok 102 - Collision Rate for Keyset 'Combination 0x00000001'
ok 103 - Distribution Bias Check for Keyset 'Combination 0x00000001'
not ok 104 - Keyset 'Combination 0x00000001' # Murmur2
### Keyset 'Combination Hi-Lo' Tests ###
# Keyset 'Combination' - up to 6 blocks from a set of 15 - 12204240 keys
# Testing collisions   - Expected 17339.30, actual    17697 ( 1.02x) - passed
ok 105 - Collision Rate for Keyset 'Combination Hi-Lo'
ok 106 - Distribution Bias Check for Keyset 'Combination Hi-Lo'
ok 107 - Keyset 'Combination Hi-Lo' # Murmur2
### Keyset 'Text' Tests ###
# Keyset 'Text' - keys of form "Foo[XXXX]Bar" - 14776336 keys
# Testing collisions   - Expected 25418.13, actual    24858 ( 0.98x) - passed
ok 108 - Collision Rate for Keyset 'Text' - keys of form "Foo[XXXX]Bar" - 14776336 keys
ok 109 - Distribution Bias Check for Keyset 'Text' - keys of form "Foo[XXXX]Bar" - 14776336 keys
# Keyset 'Text' - keys of form "FooBar[XXXX]" - 14776336 keys
# Testing collisions   - Expected 25418.13, actual     5220 ( 0.21x) - passed
ok 110 - Collision Rate for Keyset 'Text' - keys of form "FooBar[XXXX]" - 14776336 keys
ok 111 - Distribution Bias Check for Keyset 'Text' - keys of form "FooBar[XXXX]" - 14776336 keys
# Keyset 'Text' - keys of form "[XXXX]FooBar" - 14776336 keys
# Testing collisions   - Expected 25418.13, actual        0 ( 0.00x) - passed
ok 112 - Collision Rate for Keyset 'Text' - keys of form "[XXXX]FooBar" - 14776336 keys
ok 113 - Distribution Bias Check for Keyset 'Text' - keys of form "[XXXX]FooBar" - 14776336 keys
ok 114 - Keyset 'Text' # Murmur2
### Keyset 'Zeroes' Tests ###
# Keyset 'Zeroes' - 262144 keys
# Testing collisions   - Expected     8.00, actual       66 ( 8.25x) - failed
not ok 115 - Collision Rate for Keyset 'Zeroes' - 262144 keys
ok 116 - Distribution Bias Check for Keyset 'Zeroes' - 262144 keys
not ok 117 - Keyset 'Zeroes' # Murmur2
### Keyset 'Seed' Tests ###
# Keyset 'Seed' - 2000000 seeds, Key "The quick brown fox "...
# Testing collisions   - Expected   465.46, actual        0 ( 0.00x) - passed
ok 118 - Collision Rate for Keyset 'Seed' - 2000000 seeds, Key "The quick brown fox "...
ok 119 - Distribution Bias Check for Keyset 'Seed' - 2000000 seeds, Key "The quick brown fox "...
# Keyset 'Seed' - 2000000 seeds, Key ""
# Testing collisions   - Expected   465.44, actual        0 ( 0.00x) - passed
ok 120 - Collision Rate for Keyset 'Seed' - 2000000 seeds, Key ""
ok 121 - Distribution Bias Check for Keyset 'Seed' - 2000000 seeds, Key ""
# Keyset 'Seed' - 2000000 seeds, Key "00101100110101101"
# Testing collisions   - Expected   465.46, actual        0 ( 0.00x) - passed
ok 122 - Collision Rate for Keyset 'Seed' - 2000000 seeds, Key "00101100110101101"
ok 123 - Distribution Bias Check for Keyset 'Seed' - 2000000 seeds, Key "00101100110101101"
# Keyset 'Seed' - 2000000 seeds, Key "abcbcddbdebdcaaabaaa"...
# Testing collisions   - Expected   465.45, actual        0 ( 0.00x) - passed
ok 124 - Collision Rate for Keyset 'Seed' - 2000000 seeds, Key "abcbcddbdebdcaaabaaa"...
ok 125 - Distribution Bias Check for Keyset 'Seed' - 2000000 seeds, Key "abcbcddbdebdcaaabaaa"...
ok 126 - Keyset 'Seed' # Murmur2
### Keyset 'Effs' Tests ###
# Keyset 'Effs' - 262144 keys
# Testing collisions   - Expected     8.00, actual        7 ( 0.88x) - passed
ok 127 - Collision Rate for Keyset 'Effs' - 262144 keys
ok 128 - Distribution Bias Check for Keyset 'Effs' - 262144 keys
ok 129 - Keyset 'Effs' # Murmur2
not ok 130 - all tests passed # Murmur2
1..130
# Tests Failed. Murmur2 failed 23 of 130 tests.
# Testing took 1200.697904 seconds
# This is SMHasher version v1.0-demerphq-5-g86440f3 - built on Mar 10 2017.
