ok 1 - SelfTest - Verify 89 Hashes
ok 2 - Found Hash # Phat4
###################################################################
### Testing Phat4 - no seed_state
### - Evolved hash with 128-bit state (4x32) - Yves Orton -
### seedbits: 96 statebits: 96 hashbits: 32
###################################################################
### Sanity Tests ###
ok 3 - Verification code # Phat4
# Sanity check simple key bit flips and consistency..........
ok 4 - SanityTest # Phat4
# Sanity check null suffixes change the hash (simple)..........
ok 5 - Appended Zeroes Test # Phat4
ok 6 - Sanity Test # Phat4
### Speed Tests ###
## Bulk speed test - 262144-byte keys
# Alignment  7 -  1.586 bytes/cycle - 4538.21 MiB/sec @ 3 ghz
# Alignment  6 -  1.588 bytes/cycle - 4542.59 MiB/sec @ 3 ghz
# Alignment  5 -  1.609 bytes/cycle - 4603.61 MiB/sec @ 3 ghz
# Alignment  4 -  1.610 bytes/cycle - 4607.25 MiB/sec @ 3 ghz
# Alignment  3 -  1.586 bytes/cycle - 4537.36 MiB/sec @ 3 ghz
# Alignment  2 -  1.610 bytes/cycle - 4605.23 MiB/sec @ 3 ghz
# Alignment  1 -  1.610 bytes/cycle - 4605.13 MiB/sec @ 3 ghz
# Alignment  0 -  1.610 bytes/cycle - 4607.22 MiB/sec @ 3 ghz
# Average      -  1.601 bytes/cycle - 4580.82 MiB/sec @ 3 ghz
## KeySpeed tests
# Phat4                     0 byte keys       14.493 c/h
# Phat4                     1 byte keys       18.612 c/h       18.612 c/b        0.054 b/c
# Phat4                     2 byte keys       20.000 c/h       10.000 c/b        0.100 b/c
# Phat4                     3 byte keys       20.997 c/h        6.999 c/b        0.143 b/c
# Phat4                     4 byte keys       21.000 c/h        5.250 c/b        0.190 b/c
# Phat4                     5 byte keys       21.675 c/h        4.335 c/b        0.231 b/c
# Phat4                     6 byte keys       21.226 c/h        3.538 c/b        0.283 b/c
# Phat4                     7 byte keys       21.559 c/h        3.080 c/b        0.325 b/c
# Phat4                     8 byte keys       22.000 c/h        2.750 c/b        0.364 b/c
# Phat4                     9 byte keys       22.235 c/h        2.471 c/b        0.405 b/c
# Phat4                    10 byte keys       22.000 c/h        2.200 c/b        0.455 b/c
# Phat4                    11 byte keys       22.979 c/h        2.089 c/b        0.479 b/c
# Phat4                    12 byte keys       23.000 c/h        1.917 c/b        0.522 b/c
# Phat4                    13 byte keys       30.999 c/h        2.385 c/b        0.419 b/c
# Phat4                    14 byte keys       32.120 c/h        2.294 c/b        0.436 b/c
# Phat4                    15 byte keys       32.918 c/h        2.195 c/b        0.456 b/c
# Phat4                    16 byte keys       35.000 c/h        2.187 c/b        0.457 b/c
# Phat4                    17 byte keys       35.000 c/h        2.059 c/b        0.486 b/c
# Phat4                    18 byte keys       36.000 c/h        2.000 c/b        0.500 b/c
# Phat4                    19 byte keys       37.000 c/h        1.947 c/b        0.514 b/c
# Phat4                    20 byte keys       35.000 c/h        1.750 c/b        0.571 b/c
# Phat4                    21 byte keys       35.443 c/h        1.688 c/b        0.592 b/c
# Phat4                    22 byte keys       35.931 c/h        1.633 c/b        0.612 b/c
# Phat4                    23 byte keys       36.966 c/h        1.607 c/b        0.622 b/c
# Phat4                    24 byte keys       40.000 c/h        1.667 c/b        0.600 b/c
# Phat4                    25 byte keys       40.198 c/h        1.608 c/b        0.622 b/c
# Phat4                    26 byte keys       41.574 c/h        1.599 c/b        0.625 b/c
# Phat4                    27 byte keys       41.942 c/h        1.553 c/b        0.644 b/c
# Phat4                    28 byte keys       41.072 c/h        1.467 c/b        0.682 b/c
# Phat4                    29 byte keys       41.656 c/h        1.436 c/b        0.696 b/c
# Phat4                    30 byte keys       41.885 c/h        1.396 c/b        0.716 b/c
# Phat4                    31 byte keys       42.572 c/h        1.373 c/b        0.728 b/c
#                          Average < 32       30.783 c/h        1.986 c/b        0.504 b/c
# Phat4                    32 byte keys       48.961 c/h        1.530 c/b        0.654 b/c
# Phat4                    36 byte keys       48.987 c/h        1.361 c/b        0.735 b/c
# Phat4                    40 byte keys       53.843 c/h        1.346 c/b        0.743 b/c
# Phat4                    44 byte keys       54.990 c/h        1.250 c/b        0.800 b/c
# Phat4                    48 byte keys       58.225 c/h        1.213 c/b        0.824 b/c
# Phat4                    52 byte keys       59.051 c/h        1.136 c/b        0.881 b/c
# Phat4                    56 byte keys       63.627 c/h        1.136 c/b        0.880 b/c
# Phat4                    60 byte keys       63.989 c/h        1.066 c/b        0.938 b/c
# Phat4                    64 byte keys       68.000 c/h        1.062 c/b        0.941 b/c
# Phat4                    68 byte keys       68.999 c/h        1.015 c/b        0.986 b/c
# Phat4                    72 byte keys       72.999 c/h        1.014 c/b        0.986 b/c
# Phat4                    76 byte keys       76.817 c/h        1.011 c/b        0.989 b/c
# Phat4                    80 byte keys       78.946 c/h        0.987 c/b        1.013 b/c
# Phat4                    84 byte keys       78.998 c/h        0.940 c/b        1.063 b/c
# Phat4                    88 byte keys       84.574 c/h        0.961 c/b        1.041 b/c
# Phat4                    92 byte keys       85.698 c/h        0.932 c/b        1.074 b/c
# Phat4                    96 byte keys       88.992 c/h        0.927 c/b        1.079 b/c
# Phat4                   100 byte keys       92.403 c/h        0.924 c/b        1.082 b/c
# Phat4                   104 byte keys       95.607 c/h        0.919 c/b        1.088 b/c
# Phat4                   108 byte keys       96.779 c/h        0.896 c/b        1.116 b/c
# Phat4                   112 byte keys       99.920 c/h        0.892 c/b        1.121 b/c
# Phat4                   116 byte keys      100.526 c/h        0.867 c/b        1.154 b/c
# Phat4                   120 byte keys      105.467 c/h        0.879 c/b        1.138 b/c
# Phat4                   124 byte keys      106.161 c/h        0.856 c/b        1.168 b/c
#                         Average < 128       50.672 c/h        1.198 c/b        0.835 b/c
# Phat4                   128 byte keys      110.770 c/h        0.865 c/b        1.156 b/c
# Phat4                   256 byte keys      191.472 c/h        0.748 c/b        1.337 b/c
# Phat4                   512 byte keys      366.752 c/h        0.716 c/b        1.396 b/c
# Phat4                  1024 byte keys      689.393 c/h        0.673 c/b        1.485 b/c
# Phat4                  2048 byte keys     1321.388 c/h        0.645 c/b        1.550 b/c
# Phat4                  4096 byte keys     2592.322 c/h        0.633 c/b        1.580 b/c
# Phat4                  8192 byte keys     5133.815 c/h        0.627 c/b        1.596 b/c
# Phat4                 16384 byte keys    10324.787 c/h        0.630 c/b        1.587 b/c
# Phat4                 32768 byte keys    20419.084 c/h        0.623 c/b        1.605 b/c
# Phat4                 65536 byte keys    41224.745 c/h        0.629 c/b        1.590 b/c
#                       Overall Average     1291.093 c/h        0.639 c/b        1.564 b/c
ok 7 - Speed (always passes) # Phat4
### Differential Tests ###
# Testing 8303632 up-to-5-bit differentials in 64-bit keys -> 32 bit hashes.
# 1000 reps, 8303632000 total tests, expecting 1.93 random collisions..........
ok 8 - Differential collisions # Phat4
ok 9 - Nothing skipped during differential collision check # Phat4
# 0 total collisions, of which 0 single collisions were ignored
ok 10 - ProcessDifferentials
# Testing 11017632 up-to-4-bit differentials in 128-bit keys -> 32 bit hashes.
# 1000 reps, 11017632000 total tests, expecting 2.57 random collisions..........
ok 11 - Differential collisions # Phat4
ok 12 - Nothing skipped during differential collision check # Phat4
# 7 total collisions, of which 7 single collisions were ignored
ok 13 - ProcessDifferentials
# Testing 2796416 up-to-3-bit differentials in 256-bit keys -> 32 bit hashes.
# 1000 reps, 2796416000 total tests, expecting 0.65 random collisions..........
ok 14 - Differential collisions # Phat4
ok 15 - Nothing skipped during differential collision check # Phat4
# 0 total collisions, of which 0 single collisions were ignored
ok 16 - ProcessDifferentials
ok 17 - Differential # Phat4
### Avalanche Tests ### - seed-bits: 96 hash-bits: 32
# Samples 1000000, expected error 0.00025600, confidence level 99.99994267%
# Testing   0-bit keys.......... ok.     # worst-bit:   0.402% error-ratio: 1.022672e+00
ok 18 - Strict Avalanche Criteria - 0 bit keys
# Testing   8-bit keys.......... ok.     # worst-bit:   0.417% error-ratio: 1.021133e+00
ok 19 - Strict Avalanche Criteria - 8 bit keys
# Testing  16-bit keys.......... ok.     # worst-bit:   0.357% error-ratio: 9.786123e-01
ok 20 - Strict Avalanche Criteria - 16 bit keys
# Testing  24-bit keys.......... ok.     # worst-bit:   0.391% error-ratio: 1.038387e+00
ok 21 - Strict Avalanche Criteria - 24 bit keys
# Testing  32-bit keys.......... ok.     # worst-bit:   0.357% error-ratio: 9.745497e-01
ok 22 - Strict Avalanche Criteria - 32 bit keys
# Testing  40-bit keys.......... ok.     # worst-bit:   0.381% error-ratio: 9.950511e-01
ok 23 - Strict Avalanche Criteria - 40 bit keys
# Testing  48-bit keys.......... ok.     # worst-bit:   0.349% error-ratio: 1.036504e+00
ok 24 - Strict Avalanche Criteria - 48 bit keys
# Testing  56-bit keys.......... ok.     # worst-bit:   0.421% error-ratio: 9.928380e-01
ok 25 - Strict Avalanche Criteria - 56 bit keys
# Testing  64-bit keys.......... ok.     # worst-bit:   0.364% error-ratio: 1.031441e+00
ok 26 - Strict Avalanche Criteria - 64 bit keys
# Testing  72-bit keys.......... ok.     # worst-bit:   0.405% error-ratio: 9.677268e-01
ok 27 - Strict Avalanche Criteria - 72 bit keys
# Testing  80-bit keys.......... ok.     # worst-bit:   0.415% error-ratio: 1.001974e+00
ok 28 - Strict Avalanche Criteria - 80 bit keys
# Testing  88-bit keys.......... ok.     # worst-bit:   0.448% error-ratio: 1.003887e+00
ok 29 - Strict Avalanche Criteria - 88 bit keys
# Testing  96-bit keys.......... ok.     # worst-bit:   0.379% error-ratio: 1.011064e+00
ok 30 - Strict Avalanche Criteria - 96 bit keys
# Testing 104-bit keys.......... ok.     # worst-bit:   0.351% error-ratio: 9.978377e-01
ok 31 - Strict Avalanche Criteria - 104 bit keys
# Testing 112-bit keys.......... ok.     # worst-bit:   0.377% error-ratio: 9.842625e-01
ok 32 - Strict Avalanche Criteria - 112 bit keys
# Testing 120-bit keys.......... ok.     # worst-bit:   0.351% error-ratio: 1.005594e+00
ok 33 - Strict Avalanche Criteria - 120 bit keys
# Testing 128-bit keys.......... ok.     # worst-bit:   0.409% error-ratio: 1.020036e+00
ok 34 - Strict Avalanche Criteria - 128 bit keys
# Testing 136-bit keys.......... ok.     # worst-bit:   0.385% error-ratio: 1.002700e+00
ok 35 - Strict Avalanche Criteria - 136 bit keys
# Testing 144-bit keys.......... ok.     # worst-bit:   0.381% error-ratio: 9.736794e-01
ok 36 - Strict Avalanche Criteria - 144 bit keys
# Testing 152-bit keys.......... ok.     # worst-bit:   0.405% error-ratio: 9.891837e-01
ok 37 - Strict Avalanche Criteria - 152 bit keys
# Testing 152-bit keys.......... ok.     # worst-bit:   0.440% error-ratio: 1.004910e+00
ok 38 - Strict Avalanche Criteria - 160 bit keys
# Testing 256-bit keys.......... ok.     # worst-bit:   0.366% error-ratio: 1.012969e+00
ok 39 - Strict Avalanche Criteria - 256 bit keys
ok 40 - Strict Avalanche Criteria # Phat4
### Keyset 'Cyclic' Tests ###
# Keyset 'Cyclic' - 8 cycles of 4 bytes - 10000000 keys
# Testing collisions   - Expected 11641.53, actual    11627 ( 1.00x) - passed
ok 41 - Collision Rate for Keyset 'Cyclic' - 8 cycles of 4 bytes - 10000000 keys
ok 42 - Distribution Bias Check for Keyset 'Cyclic' - 8 cycles of 4 bytes - 10000000 keys
# Keyset 'Cyclic' - 8 cycles of 5 bytes - 10000000 keys
# Testing collisions   - Expected 11641.53, actual    11490 ( 0.99x) - passed
ok 43 - Collision Rate for Keyset 'Cyclic' - 8 cycles of 5 bytes - 10000000 keys
ok 44 - Distribution Bias Check for Keyset 'Cyclic' - 8 cycles of 5 bytes - 10000000 keys
# Keyset 'Cyclic' - 8 cycles of 6 bytes - 10000000 keys
# Testing collisions   - Expected 11641.53, actual    11569 ( 0.99x) - passed
ok 45 - Collision Rate for Keyset 'Cyclic' - 8 cycles of 6 bytes - 10000000 keys
ok 46 - Distribution Bias Check for Keyset 'Cyclic' - 8 cycles of 6 bytes - 10000000 keys
# Keyset 'Cyclic' - 8 cycles of 7 bytes - 10000000 keys
# Testing collisions   - Expected 11641.53, actual    11641 ( 1.00x) - passed
ok 47 - Collision Rate for Keyset 'Cyclic' - 8 cycles of 7 bytes - 10000000 keys
ok 48 - Distribution Bias Check for Keyset 'Cyclic' - 8 cycles of 7 bytes - 10000000 keys
# Keyset 'Cyclic' - 8 cycles of 8 bytes - 10000000 keys
# Testing collisions   - Expected 11641.53, actual    11616 ( 1.00x) - passed
ok 49 - Collision Rate for Keyset 'Cyclic' - 8 cycles of 8 bytes - 10000000 keys
ok 50 - Distribution Bias Check for Keyset 'Cyclic' - 8 cycles of 8 bytes - 10000000 keys
ok 51 - Keyset 'Cyclic' # Phat4
### Keyset 'TwoBytes' Tests ###
# Testing collisions   - Expected    49.57, actual       38 ( 0.77x) - passed
ok 52 - Collision Rate for Keyset 'TwoBytes' - up-to-4-byte keys, 652545 total keys
ok 53 - Distribution Bias Check for Keyset 'TwoBytes' - up-to-4-byte keys, 652545 total keys
# Testing collisions   - Expected  3484.56, actual     3383 ( 0.97x) - passed
ok 54 - Collision Rate for Keyset 'TwoBytes' - up-to-8-byte keys, 5471025 total keys
ok 55 - Distribution Bias Check for Keyset 'TwoBytes' - up-to-8-byte keys, 5471025 total keys
# Testing collisions   - Expected 40347.77, actual    40168 ( 1.00x) - passed
ok 56 - Collision Rate for Keyset 'TwoBytes' - up-to-12-byte keys, 18616785 total keys
ok 57 - Distribution Bias Check for Keyset 'TwoBytes' - up-to-12-byte keys, 18616785 total keys
# Testing collisions   - Expected 227963.15, actual   227233 ( 1.00x) - passed
ok 58 - Collision Rate for Keyset 'TwoBytes' - up-to-16-byte keys, 44251425 total keys
ok 59 - Distribution Bias Check for Keyset 'TwoBytes' - up-to-16-byte keys, 44251425 total keys
# Testing collisions   - Expected 871784.70, actual   866864 ( 0.99x) - passed
ok 60 - Collision Rate for Keyset 'TwoBytes' - up-to-20-byte keys, 86536545 total keys
ok 61 - Distribution Bias Check for Keyset 'TwoBytes' - up-to-20-byte keys, 86536545 total keys
ok 62 - Keyset 'TwoBytes' # Phat4
### Keyset 'Sparse' Tests ###
# Keyset 'Sparse' - 32-bit keys with up to 6 bits set - 1149017 keys
# Testing collisions   - Expected   153.70, actual      153 ( 1.00x) - passed
ok 63 - Collision Rate for Keyset 'Sparse' - 32-bit keys with up to 6 bits set
ok 64 - Distribution Bias Check for Keyset 'Sparse' - 32-bit keys with up to 6 bits set
# Keyset 'Sparse' - 40-bit keys with up to 6 bits set - 4598479 keys
# Testing collisions   - Expected  2461.72, actual     2495 ( 1.01x) - passed
ok 65 - Collision Rate for Keyset 'Sparse' - 40-bit keys with up to 6 bits set
ok 66 - Distribution Bias Check for Keyset 'Sparse' - 40-bit keys with up to 6 bits set
# Keyset 'Sparse' - 48-bit keys with up to 5 bits set - 1925357 keys
# Testing collisions   - Expected   431.55, actual      421 ( 0.98x) - passed
ok 67 - Collision Rate for Keyset 'Sparse' - 48-bit keys with up to 5 bits set
ok 68 - Distribution Bias Check for Keyset 'Sparse' - 48-bit keys with up to 5 bits set
# Keyset 'Sparse' - 56-bit keys with up to 5 bits set - 4216423 keys
# Testing collisions   - Expected  2069.66, actual     2100 ( 1.01x) - passed
ok 69 - Collision Rate for Keyset 'Sparse' - 56-bit keys with up to 5 bits set
ok 70 - Distribution Bias Check for Keyset 'Sparse' - 56-bit keys with up to 5 bits set
# Keyset 'Sparse' - 64-bit keys with up to 5 bits set - 8303633 keys
# Testing collisions   - Expected  8026.87, actual     8057 ( 1.00x) - passed
ok 71 - Collision Rate for Keyset 'Sparse' - 64-bit keys with up to 5 bits set
ok 72 - Distribution Bias Check for Keyset 'Sparse' - 64-bit keys with up to 5 bits set
# Keyset 'Sparse' - 96-bit keys with up to 4 bits set - 3469497 keys
# Testing collisions   - Expected  1401.34, actual     1463 ( 1.04x) - passed
ok 73 - Collision Rate for Keyset 'Sparse' - 96-bit keys with up to 4 bits set
ok 74 - Distribution Bias Check for Keyset 'Sparse' - 96-bit keys with up to 4 bits set
# Keyset 'Sparse' - 256-bit keys with up to 3 bits set - 2796417 keys
# Testing collisions   - Expected   910.36, actual      869 ( 0.95x) - passed
ok 75 - Collision Rate for Keyset 'Sparse' - 256-bit keys with up to 3 bits set
ok 76 - Distribution Bias Check for Keyset 'Sparse' - 256-bit keys with up to 3 bits set
# Keyset 'Sparse' - 2048-bit keys with up to 2 bits set - 2098177 keys
# Testing collisions   - Expected   512.50, actual      535 ( 1.04x) - passed
ok 77 - Collision Rate for Keyset 'Sparse' - 2048-bit keys with up to 2 bits set
ok 78 - Distribution Bias Check for Keyset 'Sparse' - 2048-bit keys with up to 2 bits set
ok 79 - Keyset 'Sparse' # Phat4
# Keyset 'CRC-MultiCollision' - 1048575 x 16 block keys - 128-bytes long - 10 seeds
# Testing collisions   - Expected   128.00, actual      130 ( 1.02x) - passed
ok 80 - Collision Rate for Keyset 'CRC-MultiCollision' - seed 1 # Phat4
# Testing collisions   - Expected   128.00, actual      128 ( 1.00x) - passed
ok 81 - Collision Rate for Keyset 'CRC-MultiCollision' - seed 2 # Phat4
# Testing collisions   - Expected   128.00, actual      117 ( 0.91x) - passed
ok 82 - Collision Rate for Keyset 'CRC-MultiCollision' - seed 3 # Phat4
# Testing collisions   - Expected   128.00, actual      108 ( 0.84x) - passed
ok 83 - Collision Rate for Keyset 'CRC-MultiCollision' - seed 4 # Phat4
# Testing collisions   - Expected   128.00, actual      127 ( 0.99x) - passed
ok 84 - Collision Rate for Keyset 'CRC-MultiCollision' - seed 5 # Phat4
# Testing collisions   - Expected   128.00, actual      119 ( 0.93x) - passed
ok 85 - Collision Rate for Keyset 'CRC-MultiCollision' - seed 6 # Phat4
# Testing collisions   - Expected   128.00, actual      125 ( 0.98x) - passed
ok 86 - Collision Rate for Keyset 'CRC-MultiCollision' - seed 7 # Phat4
# Testing collisions   - Expected   128.00, actual      129 ( 1.01x) - passed
ok 87 - Collision Rate for Keyset 'CRC-MultiCollision' - seed 8 # Phat4
# Testing collisions   - Expected   128.00, actual      138 ( 1.08x) - passed
ok 88 - Collision Rate for Keyset 'CRC-MultiCollision' - seed 9 # Phat4
# Testing collisions   - Expected   128.00, actual      119 ( 0.93x) - passed
ok 89 - Collision Rate for Keyset 'CRC-MultiCollision' - seed 10 # Phat4
### Keyset 'Combination Lowbits' Tests ###
# Keyset 'Combination' - up to 8 blocks from a set of 8 - 19173960 keys
# Testing collisions   - Expected 42799.01, actual    42756 ( 1.00x) - passed
ok 90 - Collision Rate for Keyset 'Combination Lowbits'
ok 91 - Distribution Bias Check for Keyset 'Combination Lowbits'
ok 92 - Keyset 'Combination Lowbits' # Phat4
### Keyset 'Combination Highbits' Tests ###
# Keyset 'Combination' - up to 8 blocks from a set of 8 - 19173960 keys
# Testing collisions   - Expected 42799.01, actual    42885 ( 1.00x) - passed
ok 93 - Collision Rate for Keyset 'Combination Highbits'
ok 94 - Distribution Bias Check for Keyset 'Combination Highbits'
ok 95 - Keyset 'Combination Highbits' # Phat4
### Keyset 'Combination Highbits2' Tests ###
# Keyset 'Combination' - up to 8 blocks from a set of 8 - 19173960 keys
# Testing collisions   - Expected 42799.01, actual    42589 ( 1.00x) - passed
ok 96 - Collision Rate for Keyset 'Combination Highbits2'
ok 97 - Distribution Bias Check for Keyset 'Combination Highbits2'
ok 98 - Keyset 'Combination Highbits2' # Phat4
### Keyset 'Combination 0x80000000' Tests ###
# Keyset 'Combination' - up to 20 blocks from a set of 2 - 2097150 keys
# Testing collisions   - Expected   512.00, actual      509 ( 0.99x) - passed
ok 99 - Collision Rate for Keyset 'Combination 0x80000000'
ok 100 - Distribution Bias Check for Keyset 'Combination 0x80000000'
ok 101 - Keyset 'Combination 0x80000000' # Phat4
### Keyset 'Combination 0x00000001' Tests ###
# Keyset 'Combination' - up to 20 blocks from a set of 2 - 2097150 keys
# Testing collisions   - Expected   512.00, actual      456 ( 0.89x) - passed
ok 102 - Collision Rate for Keyset 'Combination 0x00000001'
ok 103 - Distribution Bias Check for Keyset 'Combination 0x00000001'
ok 104 - Keyset 'Combination 0x00000001' # Phat4
### Keyset 'Combination Hi-Lo' Tests ###
# Keyset 'Combination' - up to 6 blocks from a set of 15 - 12204240 keys
# Testing collisions   - Expected 17339.30, actual    17429 ( 1.01x) - passed
ok 105 - Collision Rate for Keyset 'Combination Hi-Lo'
ok 106 - Distribution Bias Check for Keyset 'Combination Hi-Lo'
ok 107 - Keyset 'Combination Hi-Lo' # Phat4
### Keyset 'Text' Tests ###
# Keyset 'Text' - keys of form "Foo[XXXX]Bar" - 14776336 keys
# Testing collisions   - Expected 25418.13, actual    25433 ( 1.00x) - passed
ok 108 - Collision Rate for Keyset 'Text' - keys of form "Foo[XXXX]Bar" - 14776336 keys
ok 109 - Distribution Bias Check for Keyset 'Text' - keys of form "Foo[XXXX]Bar" - 14776336 keys
# Keyset 'Text' - keys of form "FooBar[XXXX]" - 14776336 keys
# Testing collisions   - Expected 25418.13, actual    25603 ( 1.01x) - passed
ok 110 - Collision Rate for Keyset 'Text' - keys of form "FooBar[XXXX]" - 14776336 keys
ok 111 - Distribution Bias Check for Keyset 'Text' - keys of form "FooBar[XXXX]" - 14776336 keys
# Keyset 'Text' - keys of form "[XXXX]FooBar" - 14776336 keys
# Testing collisions   - Expected 25418.13, actual    25302 ( 1.00x) - passed
ok 112 - Collision Rate for Keyset 'Text' - keys of form "[XXXX]FooBar" - 14776336 keys
ok 113 - Distribution Bias Check for Keyset 'Text' - keys of form "[XXXX]FooBar" - 14776336 keys
ok 114 - Keyset 'Text' # Phat4
### Keyset 'Zeroes' Tests ###
# Keyset 'Zeroes' - 262144 keys
# Testing collisions   - Expected     8.00, actual       10 ( 1.25x) - passed
ok 115 - Collision Rate for Keyset 'Zeroes' - 262144 keys
ok 116 - Distribution Bias Check for Keyset 'Zeroes' - 262144 keys
ok 117 - Keyset 'Zeroes' # Phat4
### Keyset 'Seed' Tests ###
# Keyset 'Seed' - 2000000 seeds, Key "The quick brown fox "...
# Testing collisions   - Expected   465.66, actual      453 ( 0.97x) - passed
ok 118 - Collision Rate for Keyset 'Seed' - 2000000 seeds, Key "The quick brown fox "...
ok 119 - Distribution Bias Check for Keyset 'Seed' - 2000000 seeds, Key "The quick brown fox "...
# Keyset 'Seed' - 2000000 seeds, Key ""
# Testing collisions   - Expected   465.66, actual      464 ( 1.00x) - passed
ok 120 - Collision Rate for Keyset 'Seed' - 2000000 seeds, Key ""
ok 121 - Distribution Bias Check for Keyset 'Seed' - 2000000 seeds, Key ""
# Keyset 'Seed' - 2000000 seeds, Key "00101100110101101"
# Testing collisions   - Expected   465.66, actual      450 ( 0.97x) - passed
ok 122 - Collision Rate for Keyset 'Seed' - 2000000 seeds, Key "00101100110101101"
ok 123 - Distribution Bias Check for Keyset 'Seed' - 2000000 seeds, Key "00101100110101101"
# Keyset 'Seed' - 2000000 seeds, Key "abcbcddbdebdcaaabaaa"...
# Testing collisions   - Expected   465.66, actual      482 ( 1.04x) - passed
ok 124 - Collision Rate for Keyset 'Seed' - 2000000 seeds, Key "abcbcddbdebdcaaabaaa"...
ok 125 - Distribution Bias Check for Keyset 'Seed' - 2000000 seeds, Key "abcbcddbdebdcaaabaaa"...
ok 126 - Keyset 'Seed' # Phat4
### Keyset 'Effs' Tests ###
# Keyset 'Effs' - 262144 keys
# Testing collisions   - Expected     8.00, actual        2 ( 0.25x) - passed
ok 127 - Collision Rate for Keyset 'Effs' - 262144 keys
ok 128 - Distribution Bias Check for Keyset 'Effs' - 262144 keys
ok 129 - Keyset 'Effs' # Phat4
ok 130 - all tests passed # Phat4
1..130
# All Tests Passed. Phat4 passed all 130 tests run.
# Testing took 1502.101424 seconds
# This is SMHasher version v1.0-demerphq-5-g86440f3 - built on Mar 10 2017.
