ok 1 - SelfTest - Verify 89 Hashes
ok 2 - Found Hash # sha1_32a
###################################################################
### Testing sha1_32a - no seed_state
### - SHA1, 32 bit seed, returning first 32 bits -
### seedbits: 32 statebits: 32 hashbits: 32
###################################################################
### Sanity Tests ###
ok 3 - Verification code # sha1_32a
# Sanity check simple key bit flips and consistency..........
ok 4 - SanityTest # sha1_32a
# Sanity check null suffixes change the hash (simple)..........
ok 5 - Appended Zeroes Test # sha1_32a
ok 6 - Sanity Test # sha1_32a
### Speed Tests ###
## Bulk speed test - 262144-byte keys
# Alignment  7 -  0.241 bytes/cycle -  690.64 MiB/sec @ 3 ghz
# Alignment  6 -  0.241 bytes/cycle -  690.58 MiB/sec @ 3 ghz
# Alignment  5 -  0.241 bytes/cycle -  690.60 MiB/sec @ 3 ghz
# Alignment  4 -  0.241 bytes/cycle -  690.74 MiB/sec @ 3 ghz
# Alignment  3 -  0.241 bytes/cycle -  690.61 MiB/sec @ 3 ghz
# Alignment  2 -  0.241 bytes/cycle -  690.49 MiB/sec @ 3 ghz
# Alignment  1 -  0.241 bytes/cycle -  690.61 MiB/sec @ 3 ghz
# Alignment  0 -  0.238 bytes/cycle -  679.83 MiB/sec @ 3 ghz
# Average      -  0.241 bytes/cycle -  689.26 MiB/sec @ 3 ghz
## KeySpeed tests
# sha1_32a                  0 byte keys     1225.435 c/h
# sha1_32a                  1 byte keys     1211.990 c/h     1211.990 c/b        0.001 b/c
# sha1_32a                  2 byte keys     1198.785 c/h      599.393 c/b        0.002 b/c
# sha1_32a                  3 byte keys     1184.594 c/h      394.865 c/b        0.003 b/c
# sha1_32a                  4 byte keys     1169.411 c/h      292.353 c/b        0.003 b/c
# sha1_32a                  5 byte keys     1155.204 c/h      231.041 c/b        0.004 b/c
# sha1_32a                  6 byte keys     1141.015 c/h      190.169 c/b        0.005 b/c
# sha1_32a                  7 byte keys     1126.894 c/h      160.985 c/b        0.006 b/c
# sha1_32a                  8 byte keys     1112.249 c/h      139.031 c/b        0.007 b/c
# sha1_32a                  9 byte keys     1098.129 c/h      122.014 c/b        0.008 b/c
# sha1_32a                 10 byte keys     1083.978 c/h      108.398 c/b        0.009 b/c
# sha1_32a                 11 byte keys     1069.883 c/h       97.262 c/b        0.010 b/c
# sha1_32a                 12 byte keys     1055.673 c/h       87.973 c/b        0.011 b/c
# sha1_32a                 13 byte keys     1041.440 c/h       80.111 c/b        0.012 b/c
# sha1_32a                 14 byte keys     1027.332 c/h       73.381 c/b        0.014 b/c
# sha1_32a                 15 byte keys     1013.022 c/h       67.535 c/b        0.015 b/c
# sha1_32a                 16 byte keys      998.895 c/h       62.431 c/b        0.016 b/c
# sha1_32a                 17 byte keys      984.358 c/h       57.903 c/b        0.017 b/c
# sha1_32a                 18 byte keys      970.260 c/h       53.903 c/b        0.019 b/c
# sha1_32a                 19 byte keys      956.061 c/h       50.319 c/b        0.020 b/c
# sha1_32a                 20 byte keys      942.032 c/h       47.102 c/b        0.021 b/c
# sha1_32a                 21 byte keys      927.678 c/h       44.175 c/b        0.023 b/c
# sha1_32a                 22 byte keys      913.517 c/h       41.523 c/b        0.024 b/c
# sha1_32a                 23 byte keys      899.322 c/h       39.101 c/b        0.026 b/c
# sha1_32a                 24 byte keys      885.051 c/h       36.877 c/b        0.027 b/c
# sha1_32a                 25 byte keys      870.921 c/h       34.837 c/b        0.029 b/c
# sha1_32a                 26 byte keys      856.858 c/h       32.956 c/b        0.030 b/c
# sha1_32a                 27 byte keys      842.644 c/h       31.209 c/b        0.032 b/c
# sha1_32a                 28 byte keys      828.478 c/h       29.588 c/b        0.034 b/c
# sha1_32a                 29 byte keys      814.305 c/h       28.079 c/b        0.036 b/c
# sha1_32a                 30 byte keys      800.139 c/h       26.671 c/b        0.037 b/c
# sha1_32a                 31 byte keys      785.966 c/h       25.354 c/b        0.039 b/c
#                          Average < 32     1005.985 c/h       64.902 c/b        0.015 b/c
# sha1_32a                 32 byte keys      771.777 c/h       24.118 c/b        0.041 b/c
# sha1_32a                 36 byte keys      719.537 c/h       19.987 c/b        0.050 b/c
# sha1_32a                 40 byte keys      662.848 c/h       16.571 c/b        0.060 b/c
# sha1_32a                 44 byte keys      585.311 c/h       13.303 c/b        0.075 b/c
# sha1_32a                 48 byte keys      528.302 c/h       11.006 c/b        0.091 b/c
# sha1_32a                 52 byte keys      471.764 c/h        9.072 c/b        0.110 b/c
# sha1_32a                 56 byte keys     1626.173 c/h       29.039 c/b        0.034 b/c
# sha1_32a                 60 byte keys     1569.887 c/h       26.165 c/b        0.038 b/c
# sha1_32a                 64 byte keys     1515.087 c/h       23.673 c/b        0.042 b/c
# sha1_32a                 68 byte keys     1458.254 c/h       21.445 c/b        0.047 b/c
# sha1_32a                 72 byte keys     1401.865 c/h       19.470 c/b        0.051 b/c
# sha1_32a                 76 byte keys     1345.082 c/h       17.698 c/b        0.057 b/c
# sha1_32a                 80 byte keys     1288.435 c/h       16.105 c/b        0.062 b/c
# sha1_32a                 84 byte keys     1229.738 c/h       14.640 c/b        0.068 b/c
# sha1_32a                 88 byte keys     1173.177 c/h       13.332 c/b        0.075 b/c
# sha1_32a                 92 byte keys     1116.447 c/h       12.135 c/b        0.082 b/c
# sha1_32a                 96 byte keys     1059.549 c/h       11.037 c/b        0.091 b/c
# sha1_32a                100 byte keys     1010.213 c/h       10.102 c/b        0.099 b/c
# sha1_32a                104 byte keys      953.420 c/h        9.168 c/b        0.109 b/c
# sha1_32a                108 byte keys      870.743 c/h        8.062 c/b        0.124 b/c
# sha1_32a                112 byte keys      814.280 c/h        7.270 c/b        0.138 b/c
# sha1_32a                116 byte keys      757.179 c/h        6.527 c/b        0.153 b/c
# sha1_32a                120 byte keys     1914.535 c/h       15.954 c/b        0.063 b/c
# sha1_32a                124 byte keys     1857.873 c/h       14.983 c/b        0.067 b/c
#                         Average < 128     1051.661 c/h       24.870 c/b        0.040 b/c
# sha1_32a                128 byte keys     1787.329 c/h       13.964 c/b        0.072 b/c
# sha1_32a                256 byte keys     2367.556 c/h        9.248 c/b        0.108 b/c
# sha1_32a                512 byte keys     3457.637 c/h        6.753 c/b        0.148 b/c
# sha1_32a               1024 byte keys     5654.528 c/h        5.522 c/b        0.181 b/c
# sha1_32a               2048 byte keys     9905.365 c/h        4.837 c/b        0.207 b/c
# sha1_32a               4096 byte keys    18479.384 c/h        4.512 c/b        0.222 b/c
# sha1_32a               8192 byte keys    35382.521 c/h        4.319 c/b        0.232 b/c
# sha1_32a              16384 byte keys    69168.981 c/h        4.222 c/b        0.237 b/c
# sha1_32a              32768 byte keys   137583.556 c/h        4.199 c/b        0.238 b/c
# sha1_32a              65536 byte keys   275921.715 c/h        4.210 c/b        0.238 b/c
#                       Overall Average     9372.751 c/h        4.640 c/b        0.216 b/c
ok 7 - Speed (always passes) # sha1_32a
### Differential Tests ###
# Testing 8303632 up-to-5-bit differentials in 64-bit keys -> 32 bit hashes.
# 1000 reps, 8303632000 total tests, expecting 1.93 random collisions..........
ok 8 - Differential collisions # sha1_32a
ok 9 - Nothing skipped during differential collision check # sha1_32a
# 0 total collisions, of which 0 single collisions were ignored
ok 10 - ProcessDifferentials
# Testing 11017632 up-to-4-bit differentials in 128-bit keys -> 32 bit hashes.
# 1000 reps, 11017632000 total tests, expecting 2.57 random collisions..........
ok 11 - Differential collisions # sha1_32a
ok 12 - Nothing skipped during differential collision check # sha1_32a
# 2 total collisions, of which 2 single collisions were ignored
ok 13 - ProcessDifferentials
# Testing 2796416 up-to-3-bit differentials in 256-bit keys -> 32 bit hashes.
# 1000 reps, 2796416000 total tests, expecting 0.65 random collisions..........
ok 14 - Differential collisions # sha1_32a
ok 15 - Nothing skipped during differential collision check # sha1_32a
# 1 total collisions, of which 1 single collisions were ignored
ok 16 - ProcessDifferentials
ok 17 - Differential # sha1_32a
### Avalanche Tests ### - seed-bits: 32 hash-bits: 32
# Samples 1000000, expected error 0.00025600, confidence level 99.99994267%
# Testing   0-bit keys.......... ok.     # worst-bit:   0.346% error-ratio: 1.039529e+00
ok 18 - Strict Avalanche Criteria - 0 bit keys
# Testing   8-bit keys.......... ok.     # worst-bit:   0.450% error-ratio: 9.676420e-01
ok 19 - Strict Avalanche Criteria - 8 bit keys
# Testing  16-bit keys.......... ok.     # worst-bit:   0.371% error-ratio: 1.063549e+00
ok 20 - Strict Avalanche Criteria - 16 bit keys
# Testing  24-bit keys.......... ok.     # worst-bit:   0.415% error-ratio: 1.023538e+00
ok 21 - Strict Avalanche Criteria - 24 bit keys
# Testing  32-bit keys.......... ok.     # worst-bit:   0.374% error-ratio: 1.022577e+00
ok 22 - Strict Avalanche Criteria - 32 bit keys
# Testing  40-bit keys.......... ok.     # worst-bit:   0.431% error-ratio: 9.591799e-01
ok 23 - Strict Avalanche Criteria - 40 bit keys
# Testing  48-bit keys.......... ok.     # worst-bit:   0.373% error-ratio: 9.817305e-01
ok 24 - Strict Avalanche Criteria - 48 bit keys
# Testing  56-bit keys.......... ok.     # worst-bit:   0.358% error-ratio: 1.012947e+00
ok 25 - Strict Avalanche Criteria - 56 bit keys
# Testing  64-bit keys.......... ok.     # worst-bit:   0.361% error-ratio: 9.750331e-01
ok 26 - Strict Avalanche Criteria - 64 bit keys
# Testing  72-bit keys.......... ok.     # worst-bit:   0.380% error-ratio: 1.000581e+00
ok 27 - Strict Avalanche Criteria - 72 bit keys
# Testing  80-bit keys.......... ok.     # worst-bit:   0.398% error-ratio: 1.004888e+00
ok 28 - Strict Avalanche Criteria - 80 bit keys
# Testing  88-bit keys.......... ok.     # worst-bit:   0.385% error-ratio: 9.830041e-01
ok 29 - Strict Avalanche Criteria - 88 bit keys
# Testing  96-bit keys.......... ok.     # worst-bit:   0.376% error-ratio: 1.050026e+00
ok 30 - Strict Avalanche Criteria - 96 bit keys
# Testing 104-bit keys.......... ok.     # worst-bit:   0.356% error-ratio: 1.025756e+00
ok 31 - Strict Avalanche Criteria - 104 bit keys
# Testing 112-bit keys.......... ok.     # worst-bit:   0.385% error-ratio: 1.012954e+00
ok 32 - Strict Avalanche Criteria - 112 bit keys
# Testing 120-bit keys.......... ok.     # worst-bit:   0.384% error-ratio: 1.036203e+00
ok 33 - Strict Avalanche Criteria - 120 bit keys
# Testing 128-bit keys.......... ok.     # worst-bit:   0.383% error-ratio: 9.804261e-01
ok 34 - Strict Avalanche Criteria - 128 bit keys
# Testing 136-bit keys.......... ok.     # worst-bit:   0.365% error-ratio: 9.911919e-01
ok 35 - Strict Avalanche Criteria - 136 bit keys
# Testing 144-bit keys.......... ok.     # worst-bit:   0.359% error-ratio: 9.861350e-01
ok 36 - Strict Avalanche Criteria - 144 bit keys
# Testing 152-bit keys.......... ok.     # worst-bit:   0.345% error-ratio: 1.007081e+00
ok 37 - Strict Avalanche Criteria - 152 bit keys
# Testing 152-bit keys.......... ok.     # worst-bit:   0.411% error-ratio: 1.011092e+00
ok 38 - Strict Avalanche Criteria - 160 bit keys
# Testing 256-bit keys.......... ok.     # worst-bit:   0.394% error-ratio: 9.980520e-01
ok 39 - Strict Avalanche Criteria - 256 bit keys
ok 40 - Strict Avalanche Criteria # sha1_32a
### Keyset 'Cyclic' Tests ###
# Keyset 'Cyclic' - 8 cycles of 4 bytes - 10000000 keys
# Testing collisions   - Expected 11641.53, actual    11539 ( 0.99x) - passed
ok 41 - Collision Rate for Keyset 'Cyclic' - 8 cycles of 4 bytes - 10000000 keys
ok 42 - Distribution Bias Check for Keyset 'Cyclic' - 8 cycles of 4 bytes - 10000000 keys
# Keyset 'Cyclic' - 8 cycles of 5 bytes - 10000000 keys
# Testing collisions   - Expected 11641.53, actual    11425 ( 0.98x) - passed
ok 43 - Collision Rate for Keyset 'Cyclic' - 8 cycles of 5 bytes - 10000000 keys
ok 44 - Distribution Bias Check for Keyset 'Cyclic' - 8 cycles of 5 bytes - 10000000 keys
# Keyset 'Cyclic' - 8 cycles of 6 bytes - 10000000 keys
# Testing collisions   - Expected 11641.53, actual    11653 ( 1.00x) - passed
ok 45 - Collision Rate for Keyset 'Cyclic' - 8 cycles of 6 bytes - 10000000 keys
ok 46 - Distribution Bias Check for Keyset 'Cyclic' - 8 cycles of 6 bytes - 10000000 keys
# Keyset 'Cyclic' - 8 cycles of 7 bytes - 10000000 keys
# Testing collisions   - Expected 11641.53, actual    11700 ( 1.01x) - passed
ok 47 - Collision Rate for Keyset 'Cyclic' - 8 cycles of 7 bytes - 10000000 keys
ok 48 - Distribution Bias Check for Keyset 'Cyclic' - 8 cycles of 7 bytes - 10000000 keys
# Keyset 'Cyclic' - 8 cycles of 8 bytes - 10000000 keys
# Testing collisions   - Expected 11641.53, actual    11771 ( 1.01x) - passed
ok 49 - Collision Rate for Keyset 'Cyclic' - 8 cycles of 8 bytes - 10000000 keys
ok 50 - Distribution Bias Check for Keyset 'Cyclic' - 8 cycles of 8 bytes - 10000000 keys
ok 51 - Keyset 'Cyclic' # sha1_32a
### Keyset 'TwoBytes' Tests ###
# Testing collisions   - Expected    49.57, actual       55 ( 1.11x) - passed
ok 52 - Collision Rate for Keyset 'TwoBytes' - up-to-4-byte keys, 652545 total keys
ok 53 - Distribution Bias Check for Keyset 'TwoBytes' - up-to-4-byte keys, 652545 total keys
# Testing collisions   - Expected  3484.56, actual     3465 ( 0.99x) - passed
ok 54 - Collision Rate for Keyset 'TwoBytes' - up-to-8-byte keys, 5471025 total keys
ok 55 - Distribution Bias Check for Keyset 'TwoBytes' - up-to-8-byte keys, 5471025 total keys
# Testing collisions   - Expected 40347.77, actual    40332 ( 1.00x) - passed
ok 56 - Collision Rate for Keyset 'TwoBytes' - up-to-12-byte keys, 18616785 total keys
ok 57 - Distribution Bias Check for Keyset 'TwoBytes' - up-to-12-byte keys, 18616785 total keys
# Testing collisions   - Expected 227963.15, actual   227110 ( 1.00x) - passed
ok 58 - Collision Rate for Keyset 'TwoBytes' - up-to-16-byte keys, 44251425 total keys
ok 59 - Distribution Bias Check for Keyset 'TwoBytes' - up-to-16-byte keys, 44251425 total keys
# Testing collisions   - Expected 871784.70, actual   866613 ( 0.99x) - passed
ok 60 - Collision Rate for Keyset 'TwoBytes' - up-to-20-byte keys, 86536545 total keys
ok 61 - Distribution Bias Check for Keyset 'TwoBytes' - up-to-20-byte keys, 86536545 total keys
ok 62 - Keyset 'TwoBytes' # sha1_32a
### Keyset 'Sparse' Tests ###
# Keyset 'Sparse' - 32-bit keys with up to 6 bits set - 1149017 keys
# Testing collisions   - Expected   153.70, actual      161 ( 1.05x) - passed
ok 63 - Collision Rate for Keyset 'Sparse' - 32-bit keys with up to 6 bits set
ok 64 - Distribution Bias Check for Keyset 'Sparse' - 32-bit keys with up to 6 bits set
# Keyset 'Sparse' - 40-bit keys with up to 6 bits set - 4598479 keys
# Testing collisions   - Expected  2461.72, actual     2439 ( 0.99x) - passed
ok 65 - Collision Rate for Keyset 'Sparse' - 40-bit keys with up to 6 bits set
ok 66 - Distribution Bias Check for Keyset 'Sparse' - 40-bit keys with up to 6 bits set
# Keyset 'Sparse' - 48-bit keys with up to 5 bits set - 1925357 keys
# Testing collisions   - Expected   431.55, actual      454 ( 1.05x) - passed
ok 67 - Collision Rate for Keyset 'Sparse' - 48-bit keys with up to 5 bits set
ok 68 - Distribution Bias Check for Keyset 'Sparse' - 48-bit keys with up to 5 bits set
# Keyset 'Sparse' - 56-bit keys with up to 5 bits set - 4216423 keys
# Testing collisions   - Expected  2069.66, actual     2116 ( 1.02x) - passed
ok 69 - Collision Rate for Keyset 'Sparse' - 56-bit keys with up to 5 bits set
ok 70 - Distribution Bias Check for Keyset 'Sparse' - 56-bit keys with up to 5 bits set
# Keyset 'Sparse' - 64-bit keys with up to 5 bits set - 8303633 keys
# Testing collisions   - Expected  8026.87, actual     8003 ( 1.00x) - passed
ok 71 - Collision Rate for Keyset 'Sparse' - 64-bit keys with up to 5 bits set
ok 72 - Distribution Bias Check for Keyset 'Sparse' - 64-bit keys with up to 5 bits set
# Keyset 'Sparse' - 96-bit keys with up to 4 bits set - 3469497 keys
# Testing collisions   - Expected  1401.34, actual     1448 ( 1.03x) - passed
ok 73 - Collision Rate for Keyset 'Sparse' - 96-bit keys with up to 4 bits set
ok 74 - Distribution Bias Check for Keyset 'Sparse' - 96-bit keys with up to 4 bits set
# Keyset 'Sparse' - 256-bit keys with up to 3 bits set - 2796417 keys
# Testing collisions   - Expected   910.36, actual      968 ( 1.06x) - passed
ok 75 - Collision Rate for Keyset 'Sparse' - 256-bit keys with up to 3 bits set
ok 76 - Distribution Bias Check for Keyset 'Sparse' - 256-bit keys with up to 3 bits set
# Keyset 'Sparse' - 2048-bit keys with up to 2 bits set - 2098177 keys
# Testing collisions   - Expected   512.50, actual      474 ( 0.92x) - passed
ok 77 - Collision Rate for Keyset 'Sparse' - 2048-bit keys with up to 2 bits set
ok 78 - Distribution Bias Check for Keyset 'Sparse' - 2048-bit keys with up to 2 bits set
ok 79 - Keyset 'Sparse' # sha1_32a
# Keyset 'CRC-MultiCollision' - 100000 x 16 block keys - 128-bytes long - 10 seeds
# Testing collisions   - Expected     1.16, actual        2 ( 1.72x) - passed
ok 80 - Collision Rate for Keyset 'CRC-MultiCollision' - seed 1 # sha1_32a
# Testing collisions   - Expected     1.16, actual        1 ( 0.86x) - passed
ok 81 - Collision Rate for Keyset 'CRC-MultiCollision' - seed 2 # sha1_32a
# Testing collisions   - Expected     1.16, actual        2 ( 1.72x) - passed
ok 82 - Collision Rate for Keyset 'CRC-MultiCollision' - seed 3 # sha1_32a
# Testing collisions   - Expected     1.16, actual        0 ( 0.00x) - passed
ok 83 - Collision Rate for Keyset 'CRC-MultiCollision' - seed 4 # sha1_32a
# Testing collisions   - Expected     1.16, actual        2 ( 1.72x) - passed
ok 84 - Collision Rate for Keyset 'CRC-MultiCollision' - seed 5 # sha1_32a
# Testing collisions   - Expected     1.16, actual        0 ( 0.00x) - passed
ok 85 - Collision Rate for Keyset 'CRC-MultiCollision' - seed 6 # sha1_32a
# Testing collisions   - Expected     1.16, actual        0 ( 0.00x) - passed
ok 86 - Collision Rate for Keyset 'CRC-MultiCollision' - seed 7 # sha1_32a
# Testing collisions   - Expected     1.16, actual        7 ( 6.01x) - failed
not ok 87 - Collision Rate for Keyset 'CRC-MultiCollision' - seed 8 # sha1_32a
# Testing collisions   - Expected     1.16, actual        2 ( 1.72x) - passed
ok 88 - Collision Rate for Keyset 'CRC-MultiCollision' - seed 9 # sha1_32a
# Testing collisions   - Expected     1.16, actual        0 ( 0.00x) - passed
ok 89 - Collision Rate for Keyset 'CRC-MultiCollision' - seed 10 # sha1_32a
### Keyset 'Combination Lowbits' Tests ###
# Keyset 'Combination' - up to 8 blocks from a set of 8 - 19173960 keys
# Testing collisions   - Expected 42799.01, actual    42425 ( 0.99x) - passed
ok 90 - Collision Rate for Keyset 'Combination Lowbits'
ok 91 - Distribution Bias Check for Keyset 'Combination Lowbits'
ok 92 - Keyset 'Combination Lowbits' # sha1_32a
### Keyset 'Combination Highbits' Tests ###
# Keyset 'Combination' - up to 8 blocks from a set of 8 - 19173960 keys
# Testing collisions   - Expected 42799.01, actual    42418 ( 0.99x) - passed
ok 93 - Collision Rate for Keyset 'Combination Highbits'
ok 94 - Distribution Bias Check for Keyset 'Combination Highbits'
ok 95 - Keyset 'Combination Highbits' # sha1_32a
### Keyset 'Combination Highbits2' Tests ###
# Keyset 'Combination' - up to 8 blocks from a set of 8 - 19173960 keys
# Testing collisions   - Expected 42799.01, actual    42656 ( 1.00x) - passed
ok 96 - Collision Rate for Keyset 'Combination Highbits2'
ok 97 - Distribution Bias Check for Keyset 'Combination Highbits2'
ok 98 - Keyset 'Combination Highbits2' # sha1_32a
### Keyset 'Combination 0x80000000' Tests ###
# Keyset 'Combination' - up to 20 blocks from a set of 2 - 2097150 keys
# Testing collisions   - Expected   512.00, actual      509 ( 0.99x) - passed
ok 99 - Collision Rate for Keyset 'Combination 0x80000000'
ok 100 - Distribution Bias Check for Keyset 'Combination 0x80000000'
ok 101 - Keyset 'Combination 0x80000000' # sha1_32a
### Keyset 'Combination 0x00000001' Tests ###
# Keyset 'Combination' - up to 20 blocks from a set of 2 - 2097150 keys
# Testing collisions   - Expected   512.00, actual      476 ( 0.93x) - passed
ok 102 - Collision Rate for Keyset 'Combination 0x00000001'
ok 103 - Distribution Bias Check for Keyset 'Combination 0x00000001'
ok 104 - Keyset 'Combination 0x00000001' # sha1_32a
### Keyset 'Combination Hi-Lo' Tests ###
# Keyset 'Combination' - up to 6 blocks from a set of 15 - 12204240 keys
# Testing collisions   - Expected 17339.30, actual    17374 ( 1.00x) - passed
ok 105 - Collision Rate for Keyset 'Combination Hi-Lo'
ok 106 - Distribution Bias Check for Keyset 'Combination Hi-Lo'
ok 107 - Keyset 'Combination Hi-Lo' # sha1_32a
### Keyset 'Text' Tests ###
# Keyset 'Text' - keys of form "Foo[XXXX]Bar" - 14776336 keys
# Testing collisions   - Expected 25418.13, actual    25458 ( 1.00x) - passed
ok 108 - Collision Rate for Keyset 'Text' - keys of form "Foo[XXXX]Bar" - 14776336 keys
ok 109 - Distribution Bias Check for Keyset 'Text' - keys of form "Foo[XXXX]Bar" - 14776336 keys
# Keyset 'Text' - keys of form "FooBar[XXXX]" - 14776336 keys
# Testing collisions   - Expected 25418.13, actual    24890 ( 0.98x) - passed
ok 110 - Collision Rate for Keyset 'Text' - keys of form "FooBar[XXXX]" - 14776336 keys
ok 111 - Distribution Bias Check for Keyset 'Text' - keys of form "FooBar[XXXX]" - 14776336 keys
# Keyset 'Text' - keys of form "[XXXX]FooBar" - 14776336 keys
# Testing collisions   - Expected 25418.13, actual    25261 ( 0.99x) - passed
ok 112 - Collision Rate for Keyset 'Text' - keys of form "[XXXX]FooBar" - 14776336 keys
ok 113 - Distribution Bias Check for Keyset 'Text' - keys of form "[XXXX]FooBar" - 14776336 keys
ok 114 - Keyset 'Text' # sha1_32a
### Keyset 'Zeroes' Tests ###
# Keyset 'Zeroes' - 262144 keys
# Testing collisions   - Expected     8.00, actual        9 ( 1.13x) - passed
ok 115 - Collision Rate for Keyset 'Zeroes' - 262144 keys
ok 116 - Distribution Bias Check for Keyset 'Zeroes' - 262144 keys
ok 117 - Keyset 'Zeroes' # sha1_32a
### Keyset 'Seed' Tests ###
# Keyset 'Seed' - 2000000 seeds, Key "The quick brown fox "...
# Testing collisions   - Expected   465.46, actual      470 ( 1.01x) - passed
ok 118 - Collision Rate for Keyset 'Seed' - 2000000 seeds, Key "The quick brown fox "...
ok 119 - Distribution Bias Check for Keyset 'Seed' - 2000000 seeds, Key "The quick brown fox "...
# Keyset 'Seed' - 2000000 seeds, Key ""
# Testing collisions   - Expected   465.44, actual      484 ( 1.04x) - passed
ok 120 - Collision Rate for Keyset 'Seed' - 2000000 seeds, Key ""
ok 121 - Distribution Bias Check for Keyset 'Seed' - 2000000 seeds, Key ""
# Keyset 'Seed' - 2000000 seeds, Key "00101100110101101"
# Testing collisions   - Expected   465.46, actual      504 ( 1.08x) - passed
ok 122 - Collision Rate for Keyset 'Seed' - 2000000 seeds, Key "00101100110101101"
ok 123 - Distribution Bias Check for Keyset 'Seed' - 2000000 seeds, Key "00101100110101101"
# Keyset 'Seed' - 2000000 seeds, Key "abcbcddbdebdcaaabaaa"...
# Testing collisions   - Expected   465.45, actual      474 ( 1.02x) - passed
ok 124 - Collision Rate for Keyset 'Seed' - 2000000 seeds, Key "abcbcddbdebdcaaabaaa"...
ok 125 - Distribution Bias Check for Keyset 'Seed' - 2000000 seeds, Key "abcbcddbdebdcaaabaaa"...
ok 126 - Keyset 'Seed' # sha1_32a
### Keyset 'Effs' Tests ###
# Keyset 'Effs' - 262144 keys
# Testing collisions   - Expected     8.00, actual       15 ( 1.88x) - passed
ok 127 - Collision Rate for Keyset 'Effs' - 262144 keys
ok 128 - Distribution Bias Check for Keyset 'Effs' - 262144 keys
ok 129 - Keyset 'Effs' # sha1_32a
not ok 130 - all tests passed # sha1_32a
1..130
# Tests Failed. sha1_32a failed 2 of 130 tests.
# Testing took 12031.093843 seconds
# This is SMHasher version v1.0-demerphq-5-g86440f3 - built on Mar 10 2017.
