ok 1 - Found Hash # sha1_64a
###################################################################
### Testing sha1_64a - no seed_state
### - SHA1, 32 bit seed, returning first 64 bits -
### seedbits: 32 statebits: 32 hashbits: 64
###################################################################
ok 2 - Verification code # sha1_64a
# sha1_64a             - Verification value 0xBE59879F : Passed.
### Sanity Tests ###
# Sanity check simple key bit flips and consistency..........
ok 3 - SanityTest # sha1_64a
# Sanity check null suffixes change the hash (simple)..........
ok 4 - Appended Zeroes Test # sha1_64a
ok 5 - Sanity Test # sha1_64a
### Speed Tests ###
## Bulk speed test - 262144-byte keys
# Alignment  7 -  0.240 bytes/cycle -  687.66 MiB/sec @ 3 ghz
# Alignment  6 -  0.240 bytes/cycle -  687.72 MiB/sec @ 3 ghz
# Alignment  5 -  0.240 bytes/cycle -  687.73 MiB/sec @ 3 ghz
# Alignment  4 -  0.240 bytes/cycle -  687.70 MiB/sec @ 3 ghz
# Alignment  3 -  0.240 bytes/cycle -  687.56 MiB/sec @ 3 ghz
# Alignment  2 -  0.240 bytes/cycle -  687.52 MiB/sec @ 3 ghz
# Alignment  1 -  0.240 bytes/cycle -  687.58 MiB/sec @ 3 ghz
# Alignment  0 -  0.237 bytes/cycle -  676.92 MiB/sec @ 3 ghz
# Average      -  0.240 bytes/cycle -  686.30 MiB/sec @ 3 ghz
## KeySpeed tests
# sha1_64a                  0 byte keys     1212.931 c/h
# sha1_64a                  1 byte keys     1199.889 c/h     1199.889 c/b        0.001 b/c
# sha1_64a                  2 byte keys     1185.909 c/h      592.955 c/b        0.002 b/c
# sha1_64a                  3 byte keys     1171.637 c/h      390.546 c/b        0.003 b/c
# sha1_64a                  4 byte keys     1157.368 c/h      289.342 c/b        0.003 b/c
# sha1_64a                  5 byte keys     1142.996 c/h      228.599 c/b        0.004 b/c
# sha1_64a                  6 byte keys     1128.984 c/h      188.164 c/b        0.005 b/c
# sha1_64a                  7 byte keys     1114.899 c/h      159.271 c/b        0.006 b/c
# sha1_64a                  8 byte keys     1100.881 c/h      137.610 c/b        0.007 b/c
# sha1_64a                  9 byte keys     1086.606 c/h      120.734 c/b        0.008 b/c
# sha1_64a                 10 byte keys     1072.438 c/h      107.244 c/b        0.009 b/c
# sha1_64a                 11 byte keys     1057.977 c/h       96.180 c/b        0.010 b/c
# sha1_64a                 12 byte keys     1044.097 c/h       87.008 c/b        0.011 b/c
# sha1_64a                 13 byte keys     1029.909 c/h       79.224 c/b        0.013 b/c
# sha1_64a                 14 byte keys     1015.647 c/h       72.546 c/b        0.014 b/c
# sha1_64a                 15 byte keys     1001.534 c/h       66.769 c/b        0.015 b/c
# sha1_64a                 16 byte keys      987.422 c/h       61.714 c/b        0.016 b/c
# sha1_64a                 17 byte keys      971.273 c/h       57.134 c/b        0.018 b/c
# sha1_64a                 18 byte keys      956.973 c/h       53.165 c/b        0.019 b/c
# sha1_64a                 19 byte keys      942.949 c/h       49.629 c/b        0.020 b/c
# sha1_64a                 20 byte keys      928.785 c/h       46.439 c/b        0.022 b/c
# sha1_64a                 21 byte keys      914.552 c/h       43.550 c/b        0.023 b/c
# sha1_64a                 22 byte keys      899.999 c/h       40.909 c/b        0.024 b/c
# sha1_64a                 23 byte keys      885.989 c/h       38.521 c/b        0.026 b/c
# sha1_64a                 24 byte keys      871.972 c/h       36.332 c/b        0.028 b/c
# sha1_64a                 25 byte keys      857.912 c/h       34.316 c/b        0.029 b/c
# sha1_64a                 26 byte keys      843.680 c/h       32.449 c/b        0.031 b/c
# sha1_64a                 27 byte keys      829.531 c/h       30.723 c/b        0.033 b/c
# sha1_64a                 28 byte keys      814.996 c/h       29.107 c/b        0.034 b/c
# sha1_64a                 29 byte keys      801.165 c/h       27.626 c/b        0.036 b/c
# sha1_64a                 30 byte keys      786.907 c/h       26.230 c/b        0.038 b/c
# sha1_64a                 31 byte keys      772.828 c/h       24.930 c/b        0.040 b/c
#                          Average < 32      993.457 c/h       64.094 c/b        0.016 b/c
# sha1_64a                 32 byte keys      758.760 c/h       23.711 c/b        0.042 b/c
# sha1_64a                 36 byte keys      703.722 c/h       19.548 c/b        0.051 b/c
# sha1_64a                 40 byte keys      646.898 c/h       16.172 c/b        0.062 b/c
# sha1_64a                 44 byte keys      567.667 c/h       12.902 c/b        0.078 b/c
# sha1_64a                 48 byte keys      511.093 c/h       10.648 c/b        0.094 b/c
# sha1_64a                 52 byte keys      453.877 c/h        8.728 c/b        0.115 b/c
# sha1_64a                 56 byte keys     1605.134 c/h       28.663 c/b        0.035 b/c
# sha1_64a                 60 byte keys     1547.904 c/h       25.798 c/b        0.039 b/c
# sha1_64a                 64 byte keys     1493.205 c/h       23.331 c/b        0.043 b/c
# sha1_64a                 68 byte keys     1436.666 c/h       21.127 c/b        0.047 b/c
# sha1_64a                 72 byte keys     1379.774 c/h       19.164 c/b        0.052 b/c
# sha1_64a                 76 byte keys     1323.017 c/h       17.408 c/b        0.057 b/c
# sha1_64a                 80 byte keys     1266.372 c/h       15.830 c/b        0.063 b/c
# sha1_64a                 84 byte keys     1209.678 c/h       14.401 c/b        0.069 b/c
# sha1_64a                 88 byte keys     1153.064 c/h       13.103 c/b        0.076 b/c
# sha1_64a                 92 byte keys     1096.228 c/h       11.916 c/b        0.084 b/c
# sha1_64a                 96 byte keys     1039.420 c/h       10.827 c/b        0.092 b/c
# sha1_64a                100 byte keys      982.447 c/h        9.824 c/b        0.102 b/c
# sha1_64a                104 byte keys      925.845 c/h        8.902 c/b        0.112 b/c
# sha1_64a                108 byte keys      847.171 c/h        7.844 c/b        0.127 b/c
# sha1_64a                112 byte keys      790.384 c/h        7.057 c/b        0.142 b/c
# sha1_64a                116 byte keys      733.416 c/h        6.323 c/b        0.158 b/c
# sha1_64a                120 byte keys     1884.260 c/h       15.702 c/b        0.064 b/c
# sha1_64a                124 byte keys     1826.534 c/h       14.730 c/b        0.068 b/c
#                         Average < 128     1035.235 c/h       24.482 c/b        0.041 b/c
# sha1_64a                128 byte keys     1764.765 c/h       13.787 c/b        0.073 b/c
# sha1_64a                256 byte keys     2368.524 c/h        9.252 c/b        0.108 b/c
# sha1_64a                512 byte keys     3417.044 c/h        6.674 c/b        0.150 b/c
# sha1_64a               1024 byte keys     5596.682 c/h        5.466 c/b        0.183 b/c
# sha1_64a               2048 byte keys     9918.649 c/h        4.843 c/b        0.206 b/c
# sha1_64a               4096 byte keys    18484.929 c/h        4.513 c/b        0.222 b/c
# sha1_64a               8192 byte keys    35511.086 c/h        4.335 c/b        0.231 b/c
# sha1_64a              16384 byte keys    69541.448 c/h        4.244 c/b        0.236 b/c
# sha1_64a              32768 byte keys   138550.345 c/h        4.228 c/b        0.237 b/c
# sha1_64a              65536 byte keys   277729.241 c/h        4.238 c/b        0.236 b/c
#                       Overall Average     9406.907 c/h        4.657 c/b        0.215 b/c
ok 6 - Speed (always passes) # sha1_64a
### Differential Tests ###
# Testing 8303632 up-to-5-bit differentials in 64-bit keys -> 64 bit hashes.
# 1000 reps, 8303632000 total tests, expecting 0.00 random collisions..........
ok 7 - Differential collisions # sha1_64a
ok 8 - Nothing skipped during differential collision check # sha1_64a
# 0 total collisions, of which 0 single collisions were ignored
ok 9 - ProcessDifferentials
# Testing 11017632 up-to-4-bit differentials in 128-bit keys -> 64 bit hashes.
# 1000 reps, 11017632000 total tests, expecting 0.00 random collisions..........
ok 10 - Differential collisions # sha1_64a
ok 11 - Nothing skipped during differential collision check # sha1_64a
# 0 total collisions, of which 0 single collisions were ignored
ok 12 - ProcessDifferentials
# Testing 2796416 up-to-3-bit differentials in 256-bit keys -> 64 bit hashes.
# 1000 reps, 2796416000 total tests, expecting 0.00 random collisions..........
ok 13 - Differential collisions # sha1_64a
ok 14 - Nothing skipped during differential collision check # sha1_64a
# 0 total collisions, of which 0 single collisions were ignored
ok 15 - ProcessDifferentials
ok 16 - Differential # sha1_64a
### Avalanche Tests ### - seed-bits: 32 hash-bits: 64
# Samples 500000, expected error 0.00051200, confidence level 99.99994267%
# Testing   0-bit keys.......... ok.     # worst-bit:   0.591% error-ratio: 1.024085e+00
ok 17 - Strict Avalanche Criteria - 0 bit keys
# Testing   8-bit keys.......... ok.     # worst-bit:   0.645% error-ratio: 1.030040e+00
ok 18 - Strict Avalanche Criteria - 8 bit keys
# Testing  16-bit keys.......... ok.     # worst-bit:   0.589% error-ratio: 1.023178e+00
ok 19 - Strict Avalanche Criteria - 16 bit keys
# Testing  24-bit keys.......... ok.     # worst-bit:   0.562% error-ratio: 1.011383e+00
ok 20 - Strict Avalanche Criteria - 24 bit keys
# Testing  32-bit keys.......... ok.     # worst-bit:   0.561% error-ratio: 9.999621e-01
ok 21 - Strict Avalanche Criteria - 32 bit keys
# Testing  40-bit keys.......... ok.     # worst-bit:   0.556% error-ratio: 1.020112e+00
ok 22 - Strict Avalanche Criteria - 40 bit keys
# Testing  48-bit keys.......... ok.     # worst-bit:   0.546% error-ratio: 1.002800e+00
ok 23 - Strict Avalanche Criteria - 48 bit keys
# Testing  56-bit keys.......... ok.     # worst-bit:   0.509% error-ratio: 1.014578e+00
ok 24 - Strict Avalanche Criteria - 56 bit keys
# Testing  64-bit keys.......... ok.     # worst-bit:   0.481% error-ratio: 9.999706e-01
ok 25 - Strict Avalanche Criteria - 64 bit keys
# Testing  72-bit keys.......... ok.     # worst-bit:   0.544% error-ratio: 1.024995e+00
ok 26 - Strict Avalanche Criteria - 72 bit keys
# Testing  80-bit keys.......... ok.     # worst-bit:   0.598% error-ratio: 9.838610e-01
ok 27 - Strict Avalanche Criteria - 80 bit keys
# Testing  88-bit keys.......... ok.     # worst-bit:   0.588% error-ratio: 1.004591e+00
ok 28 - Strict Avalanche Criteria - 88 bit keys
# Testing  96-bit keys.......... ok.     # worst-bit:   0.581% error-ratio: 1.013575e+00
ok 29 - Strict Avalanche Criteria - 96 bit keys
# Testing 104-bit keys.......... ok.     # worst-bit:   0.631% error-ratio: 1.023367e+00
ok 30 - Strict Avalanche Criteria - 104 bit keys
# Testing 112-bit keys.......... ok.     # worst-bit:   0.579% error-ratio: 9.914568e-01
ok 31 - Strict Avalanche Criteria - 112 bit keys
# Testing 120-bit keys.......... ok.     # worst-bit:   0.560% error-ratio: 1.009341e+00
ok 32 - Strict Avalanche Criteria - 120 bit keys
# Testing 128-bit keys.......... ok.     # worst-bit:   0.565% error-ratio: 9.796249e-01
ok 33 - Strict Avalanche Criteria - 128 bit keys
# Testing 136-bit keys.......... ok.     # worst-bit:   0.527% error-ratio: 1.017224e+00
ok 34 - Strict Avalanche Criteria - 136 bit keys
# Testing 144-bit keys.......... ok.     # worst-bit:   0.562% error-ratio: 9.986177e-01
ok 35 - Strict Avalanche Criteria - 144 bit keys
# Testing 152-bit keys.......... ok.     # worst-bit:   0.548% error-ratio: 1.006058e+00
ok 36 - Strict Avalanche Criteria - 152 bit keys
# Testing 152-bit keys.......... ok.     # worst-bit:   0.585% error-ratio: 9.870070e-01
ok 37 - Strict Avalanche Criteria - 160 bit keys
# Testing 256-bit keys.......... ok.     # worst-bit:   0.531% error-ratio: 1.013868e+00
ok 38 - Strict Avalanche Criteria - 256 bit keys
ok 39 - Strict Avalanche Criteria # sha1_64a
### Keyset 'Cyclic' Tests ###
# Keyset 'Cyclic' - 8 cycles of 8 bytes - 10000000 keys
# Testing collisions   - Expected     0.00, actual        0 ( 0.00x) - passed
ok 40 - Collision Rate for Keyset 'Cyclic' - 8 cycles of 8 bytes - 10000000 keys
ok 41 - Distribution Bias Check for Keyset 'Cyclic' - 8 cycles of 8 bytes - 10000000 keys
# Keyset 'Cyclic' - 8 cycles of 9 bytes - 10000000 keys
# Testing collisions   - Expected     0.00, actual        0 ( 0.00x) - passed
ok 42 - Collision Rate for Keyset 'Cyclic' - 8 cycles of 9 bytes - 10000000 keys
ok 43 - Distribution Bias Check for Keyset 'Cyclic' - 8 cycles of 9 bytes - 10000000 keys
# Keyset 'Cyclic' - 8 cycles of 10 bytes - 10000000 keys
# Testing collisions   - Expected     0.00, actual        0 ( 0.00x) - passed
ok 44 - Collision Rate for Keyset 'Cyclic' - 8 cycles of 10 bytes - 10000000 keys
ok 45 - Distribution Bias Check for Keyset 'Cyclic' - 8 cycles of 10 bytes - 10000000 keys
# Keyset 'Cyclic' - 8 cycles of 11 bytes - 10000000 keys
# Testing collisions   - Expected     0.00, actual        0 ( 0.00x) - passed
ok 46 - Collision Rate for Keyset 'Cyclic' - 8 cycles of 11 bytes - 10000000 keys
ok 47 - Distribution Bias Check for Keyset 'Cyclic' - 8 cycles of 11 bytes - 10000000 keys
# Keyset 'Cyclic' - 8 cycles of 12 bytes - 10000000 keys
# Testing collisions   - Expected     0.00, actual        0 ( 0.00x) - passed
ok 48 - Collision Rate for Keyset 'Cyclic' - 8 cycles of 12 bytes - 10000000 keys
ok 49 - Distribution Bias Check for Keyset 'Cyclic' - 8 cycles of 12 bytes - 10000000 keys
ok 50 - Keyset 'Cyclic' # sha1_64a
### Keyset 'TwoBytes' Tests ###
# Testing collisions   - Expected     0.00, actual        0 ( 0.00x) - passed
ok 51 - Collision Rate for Keyset 'TwoBytes' - up-to-4-byte keys, 652545 total keys
ok 52 - Distribution Bias Check for Keyset 'TwoBytes' - up-to-4-byte keys, 652545 total keys
# Testing collisions   - Expected     0.00, actual        0 ( 0.00x) - passed
ok 53 - Collision Rate for Keyset 'TwoBytes' - up-to-8-byte keys, 5471025 total keys
ok 54 - Distribution Bias Check for Keyset 'TwoBytes' - up-to-8-byte keys, 5471025 total keys
# Testing collisions   - Expected     0.00, actual        0 ( 0.00x) - passed
ok 55 - Collision Rate for Keyset 'TwoBytes' - up-to-12-byte keys, 18616785 total keys
ok 56 - Distribution Bias Check for Keyset 'TwoBytes' - up-to-12-byte keys, 18616785 total keys
# Testing collisions   - Expected     0.00, actual        0 ( 0.00x) - passed
ok 57 - Collision Rate for Keyset 'TwoBytes' - up-to-16-byte keys, 44251425 total keys
ok 58 - Distribution Bias Check for Keyset 'TwoBytes' - up-to-16-byte keys, 44251425 total keys
# Testing collisions   - Expected     0.00, actual        0 ( 0.00x) - passed
ok 59 - Collision Rate for Keyset 'TwoBytes' - up-to-20-byte keys, 86536545 total keys
ok 60 - Distribution Bias Check for Keyset 'TwoBytes' - up-to-20-byte keys, 86536545 total keys
ok 61 - Keyset 'TwoBytes' # sha1_64a
### Keyset 'Sparse' Tests ###
# Keyset 'Sparse' - 32-bit keys with up to 6 bits set - 1149017 keys
# Testing collisions   - Expected     0.00, actual        0 ( 0.00x) - passed
ok 62 - Collision Rate for Keyset 'Sparse' - 32-bit keys with up to 6 bits set
ok 63 - Distribution Bias Check for Keyset 'Sparse' - 32-bit keys with up to 6 bits set
# Keyset 'Sparse' - 40-bit keys with up to 6 bits set - 4598479 keys
# Testing collisions   - Expected     0.00, actual        0 ( 0.00x) - passed
ok 64 - Collision Rate for Keyset 'Sparse' - 40-bit keys with up to 6 bits set
ok 65 - Distribution Bias Check for Keyset 'Sparse' - 40-bit keys with up to 6 bits set
# Keyset 'Sparse' - 48-bit keys with up to 5 bits set - 1925357 keys
# Testing collisions   - Expected     0.00, actual        0 ( 0.00x) - passed
ok 66 - Collision Rate for Keyset 'Sparse' - 48-bit keys with up to 5 bits set
ok 67 - Distribution Bias Check for Keyset 'Sparse' - 48-bit keys with up to 5 bits set
# Keyset 'Sparse' - 56-bit keys with up to 5 bits set - 4216423 keys
# Testing collisions   - Expected     0.00, actual        0 ( 0.00x) - passed
ok 68 - Collision Rate for Keyset 'Sparse' - 56-bit keys with up to 5 bits set
ok 69 - Distribution Bias Check for Keyset 'Sparse' - 56-bit keys with up to 5 bits set
# Keyset 'Sparse' - 64-bit keys with up to 5 bits set - 8303633 keys
# Testing collisions   - Expected     0.00, actual        0 ( 0.00x) - passed
ok 70 - Collision Rate for Keyset 'Sparse' - 64-bit keys with up to 5 bits set
ok 71 - Distribution Bias Check for Keyset 'Sparse' - 64-bit keys with up to 5 bits set
# Keyset 'Sparse' - 96-bit keys with up to 4 bits set - 3469497 keys
# Testing collisions   - Expected     0.00, actual        0 ( 0.00x) - passed
ok 72 - Collision Rate for Keyset 'Sparse' - 96-bit keys with up to 4 bits set
ok 73 - Distribution Bias Check for Keyset 'Sparse' - 96-bit keys with up to 4 bits set
# Keyset 'Sparse' - 256-bit keys with up to 3 bits set - 2796417 keys
# Testing collisions   - Expected     0.00, actual        0 ( 0.00x) - passed
ok 74 - Collision Rate for Keyset 'Sparse' - 256-bit keys with up to 3 bits set
ok 75 - Distribution Bias Check for Keyset 'Sparse' - 256-bit keys with up to 3 bits set
# Keyset 'Sparse' - 2048-bit keys with up to 2 bits set - 2098177 keys
# Testing collisions   - Expected     0.00, actual        0 ( 0.00x) - passed
ok 76 - Collision Rate for Keyset 'Sparse' - 2048-bit keys with up to 2 bits set
ok 77 - Distribution Bias Check for Keyset 'Sparse' - 2048-bit keys with up to 2 bits set
ok 78 - Keyset 'Sparse' # sha1_64a
# Keyset 'CRC-MultiCollision' - 1048575 x 16 block keys - 128-bytes long - 10 seeds
# Testing collisions   - Expected     0.00, actual        0 ( 0.00x) - passed
ok 79 - Collision Rate for Keyset 'CRC-MultiCollision' - seed 1 # sha1_64a
# Testing collisions   - Expected     0.00, actual        0 ( 0.00x) - passed
ok 80 - Collision Rate for Keyset 'CRC-MultiCollision' - seed 2 # sha1_64a
# Testing collisions   - Expected     0.00, actual        0 ( 0.00x) - passed
ok 81 - Collision Rate for Keyset 'CRC-MultiCollision' - seed 3 # sha1_64a
# Testing collisions   - Expected     0.00, actual        0 ( 0.00x) - passed
ok 82 - Collision Rate for Keyset 'CRC-MultiCollision' - seed 4 # sha1_64a
# Testing collisions   - Expected     0.00, actual        0 ( 0.00x) - passed
ok 83 - Collision Rate for Keyset 'CRC-MultiCollision' - seed 5 # sha1_64a
# Testing collisions   - Expected     0.00, actual        0 ( 0.00x) - passed
ok 84 - Collision Rate for Keyset 'CRC-MultiCollision' - seed 6 # sha1_64a
# Testing collisions   - Expected     0.00, actual        0 ( 0.00x) - passed
ok 85 - Collision Rate for Keyset 'CRC-MultiCollision' - seed 7 # sha1_64a
# Testing collisions   - Expected     0.00, actual        0 ( 0.00x) - passed
ok 86 - Collision Rate for Keyset 'CRC-MultiCollision' - seed 8 # sha1_64a
# Testing collisions   - Expected     0.00, actual        0 ( 0.00x) - passed
ok 87 - Collision Rate for Keyset 'CRC-MultiCollision' - seed 9 # sha1_64a
# Testing collisions   - Expected     0.00, actual        0 ( 0.00x) - passed
ok 88 - Collision Rate for Keyset 'CRC-MultiCollision' - seed 10 # sha1_64a
### Keyset 'Combination Lowbits' Tests ###
# Keyset 'Combination' - up to 8 blocks from a set of 8 - 19173960 keys
# Testing collisions   - Expected     0.00, actual        0 ( 0.00x) - passed
ok 89 - Collision Rate for Keyset 'Combination Lowbits'
ok 90 - Distribution Bias Check for Keyset 'Combination Lowbits'
ok 91 - Keyset 'Combination Lowbits' # sha1_64a
### Keyset 'Combination Highbits' Tests ###
# Keyset 'Combination' - up to 8 blocks from a set of 8 - 19173960 keys
# Testing collisions   - Expected     0.00, actual        0 ( 0.00x) - passed
ok 92 - Collision Rate for Keyset 'Combination Highbits'
ok 93 - Distribution Bias Check for Keyset 'Combination Highbits'
ok 94 - Keyset 'Combination Highbits' # sha1_64a
### Keyset 'Combination Highbits2' Tests ###
# Keyset 'Combination' - up to 8 blocks from a set of 8 - 19173960 keys
# Testing collisions   - Expected     0.00, actual        0 ( 0.00x) - passed
ok 95 - Collision Rate for Keyset 'Combination Highbits2'
ok 96 - Distribution Bias Check for Keyset 'Combination Highbits2'
ok 97 - Keyset 'Combination Highbits2' # sha1_64a
### Keyset 'Combination 0x80000000' Tests ###
# Keyset 'Combination' - up to 20 blocks from a set of 2 - 2097150 keys
# Testing collisions   - Expected     0.00, actual        0 ( 0.00x) - passed
ok 98 - Collision Rate for Keyset 'Combination 0x80000000'
ok 99 - Distribution Bias Check for Keyset 'Combination 0x80000000'
ok 100 - Keyset 'Combination 0x80000000' # sha1_64a
### Keyset 'Combination 0x00000001' Tests ###
# Keyset 'Combination' - up to 20 blocks from a set of 2 - 2097150 keys
# Testing collisions   - Expected     0.00, actual        0 ( 0.00x) - passed
ok 101 - Collision Rate for Keyset 'Combination 0x00000001'
ok 102 - Distribution Bias Check for Keyset 'Combination 0x00000001'
ok 103 - Keyset 'Combination 0x00000001' # sha1_64a
### Keyset 'Combination Hi-Lo' Tests ###
# Keyset 'Combination' - up to 6 blocks from a set of 15 - 12204240 keys
# Testing collisions   - Expected     0.00, actual        0 ( 0.00x) - passed
ok 104 - Collision Rate for Keyset 'Combination Hi-Lo'
ok 105 - Distribution Bias Check for Keyset 'Combination Hi-Lo'
ok 106 - Keyset 'Combination Hi-Lo' # sha1_64a
### Keyset 'Text' Tests ###
# Keyset 'Text' - keys of form "Foo[XXXX]Bar" - 14776336 keys
# Testing collisions   - Expected     0.00, actual        0 ( 0.00x) - passed
ok 107 - Collision Rate for Keyset 'Text' - keys of form "Foo[XXXX]Bar" - 14776336 keys
ok 108 - Distribution Bias Check for Keyset 'Text' - keys of form "Foo[XXXX]Bar" - 14776336 keys
# Keyset 'Text' - keys of form "FooBar[XXXX]" - 14776336 keys
# Testing collisions   - Expected     0.00, actual        0 ( 0.00x) - passed
ok 109 - Collision Rate for Keyset 'Text' - keys of form "FooBar[XXXX]" - 14776336 keys
ok 110 - Distribution Bias Check for Keyset 'Text' - keys of form "FooBar[XXXX]" - 14776336 keys
# Keyset 'Text' - keys of form "[XXXX]FooBar" - 14776336 keys
# Testing collisions   - Expected     0.00, actual        0 ( 0.00x) - passed
ok 111 - Collision Rate for Keyset 'Text' - keys of form "[XXXX]FooBar" - 14776336 keys
ok 112 - Distribution Bias Check for Keyset 'Text' - keys of form "[XXXX]FooBar" - 14776336 keys
ok 113 - Keyset 'Text' # sha1_64a
### Keyset 'Zeroes' Tests ###
# Keyset 'Zeroes' - 262144 keys
# Testing collisions   - Expected     0.00, actual        0 ( 0.00x) - passed
ok 114 - Collision Rate for Keyset 'Zeroes' - 262144 keys
ok 115 - Distribution Bias Check for Keyset 'Zeroes' - 262144 keys
ok 116 - Keyset 'Zeroes' # sha1_64a
### Keyset 'Seed' Tests ###
# Keyset 'Seed' - 2000000 seeds, Key "The quick brown fox "...
# Testing collisions   - Expected     0.00, actual        0 ( 0.00x) - passed
ok 117 - Collision Rate for Keyset 'Seed' - 2000000 seeds, Key "The quick brown fox "...
ok 118 - Distribution Bias Check for Keyset 'Seed' - 2000000 seeds, Key "The quick brown fox "...
# Keyset 'Seed' - 2000000 seeds, Key ""
# Testing collisions   - Expected     0.00, actual        0 ( 0.00x) - passed
ok 119 - Collision Rate for Keyset 'Seed' - 2000000 seeds, Key ""
ok 120 - Distribution Bias Check for Keyset 'Seed' - 2000000 seeds, Key ""
# Keyset 'Seed' - 2000000 seeds, Key "00101100110101101"
# Testing collisions   - Expected     0.00, actual        0 ( 0.00x) - passed
ok 121 - Collision Rate for Keyset 'Seed' - 2000000 seeds, Key "00101100110101101"
ok 122 - Distribution Bias Check for Keyset 'Seed' - 2000000 seeds, Key "00101100110101101"
# Keyset 'Seed' - 2000000 seeds, Key "abcbcddbdebdcaaabaaa"...
# Testing collisions   - Expected     0.00, actual        0 ( 0.00x) - passed
ok 123 - Collision Rate for Keyset 'Seed' - 2000000 seeds, Key "abcbcddbdebdcaaabaaa"...
ok 124 - Distribution Bias Check for Keyset 'Seed' - 2000000 seeds, Key "abcbcddbdebdcaaabaaa"...
ok 125 - Keyset 'Seed' # sha1_64a
### Keyset 'Effs' Tests ###
# Keyset 'Effs' - 262144 keys
# Testing collisions   - Expected     0.00, actual        0 ( 0.00x) - passed
ok 126 - Collision Rate for Keyset 'Effs' - 262144 keys
ok 127 - Distribution Bias Check for Keyset 'Effs' - 262144 keys
ok 128 - Keyset 'Effs' # sha1_64a
ok 129 - all tests passed # sha1_64a
1..129
# All Tests Passed. sha1_64a passed all 129 tests run.
# Testing took 11731.965510 seconds
# This is SMHasher version v1.0-demerphq-5-g86440f3 - built on Mar 10 2017.
