ok 1 - Found Hash # SipHash
###################################################################
### Testing SipHash - with seed_state
### - SipHash 2-4 -
### seedbits: 128 statebits: 256 hashbits: 64
###################################################################
ok 2 - Verification code # SipHash
# SipHash              - Verification value 0x5F4173E0 : Passed.
### Sanity Tests ###
# Sanity check simple key bit flips and consistency..........
ok 3 - SanityTest # SipHash
# Sanity check null suffixes change the hash (simple)..........
ok 4 - Appended Zeroes Test # SipHash
ok 5 - Sanity Test # SipHash
### Speed Tests ###
## Bulk speed test - 262144-byte keys
# Alignment  7 -  0.821 bytes/cycle - 2349.12 MiB/sec @ 3 ghz
# Alignment  6 -  0.821 bytes/cycle - 2349.09 MiB/sec @ 3 ghz
# Alignment  5 -  0.821 bytes/cycle - 2349.07 MiB/sec @ 3 ghz
# Alignment  4 -  0.821 bytes/cycle - 2349.07 MiB/sec @ 3 ghz
# Alignment  3 -  0.821 bytes/cycle - 2349.10 MiB/sec @ 3 ghz
# Alignment  2 -  0.821 bytes/cycle - 2349.10 MiB/sec @ 3 ghz
# Alignment  1 -  0.821 bytes/cycle - 2349.08 MiB/sec @ 3 ghz
# Alignment  0 -  0.821 bytes/cycle - 2349.69 MiB/sec @ 3 ghz
# Average      -  0.821 bytes/cycle - 2349.17 MiB/sec @ 3 ghz
## KeySpeed tests
# SipHash                   0 byte keys       28.938 c/h
# SipHash                   1 byte keys       33.000 c/h       33.000 c/b        0.030 b/c
# SipHash                   2 byte keys       36.696 c/h       18.348 c/b        0.055 b/c
# SipHash                   3 byte keys       38.000 c/h       12.667 c/b        0.079 b/c
# SipHash                   4 byte keys       39.279 c/h        9.820 c/b        0.102 b/c
# SipHash                   5 byte keys       40.000 c/h        8.000 c/b        0.125 b/c
# SipHash                   6 byte keys       41.622 c/h        6.937 c/b        0.144 b/c
# SipHash                   7 byte keys       41.967 c/h        5.995 c/b        0.167 b/c
# SipHash                   8 byte keys       42.000 c/h        5.250 c/b        0.190 b/c
# SipHash                   9 byte keys       42.245 c/h        4.694 c/b        0.213 b/c
# SipHash                  10 byte keys       42.000 c/h        4.200 c/b        0.238 b/c
# SipHash                  11 byte keys       42.739 c/h        3.885 c/b        0.257 b/c
# SipHash                  12 byte keys       42.996 c/h        3.583 c/b        0.279 b/c
# SipHash                  13 byte keys       43.651 c/h        3.358 c/b        0.298 b/c
# SipHash                  14 byte keys       44.000 c/h        3.143 c/b        0.318 b/c
# SipHash                  15 byte keys       45.000 c/h        3.000 c/b        0.333 b/c
# SipHash                  16 byte keys       52.555 c/h        3.285 c/b        0.304 b/c
# SipHash                  17 byte keys       52.000 c/h        3.059 c/b        0.327 b/c
# SipHash                  18 byte keys       52.307 c/h        2.906 c/b        0.344 b/c
# SipHash                  19 byte keys       52.999 c/h        2.789 c/b        0.358 b/c
# SipHash                  20 byte keys       53.978 c/h        2.699 c/b        0.371 b/c
# SipHash                  21 byte keys       55.450 c/h        2.640 c/b        0.379 b/c
# SipHash                  22 byte keys       55.000 c/h        2.500 c/b        0.400 b/c
# SipHash                  23 byte keys       56.834 c/h        2.471 c/b        0.405 b/c
# SipHash                  24 byte keys       61.996 c/h        2.583 c/b        0.387 b/c
# SipHash                  25 byte keys       61.999 c/h        2.480 c/b        0.403 b/c
# SipHash                  26 byte keys       62.409 c/h        2.400 c/b        0.417 b/c
# SipHash                  27 byte keys       62.909 c/h        2.330 c/b        0.429 b/c
# SipHash                  28 byte keys       63.827 c/h        2.280 c/b        0.439 b/c
# SipHash                  29 byte keys       64.135 c/h        2.212 c/b        0.452 b/c
# SipHash                  30 byte keys       64.991 c/h        2.166 c/b        0.462 b/c
# SipHash                  31 byte keys       65.878 c/h        2.125 c/b        0.471 b/c
#                          Average < 32       49.481 c/h        3.192 c/b        0.313 b/c
# SipHash                  32 byte keys       73.322 c/h        2.291 c/b        0.436 b/c
# SipHash                  36 byte keys       73.000 c/h        2.028 c/b        0.493 b/c
# SipHash                  40 byte keys       82.264 c/h        2.057 c/b        0.486 b/c
# SipHash                  44 byte keys       82.999 c/h        1.886 c/b        0.530 b/c
# SipHash                  48 byte keys       92.300 c/h        1.923 c/b        0.520 b/c
# SipHash                  52 byte keys       92.991 c/h        1.788 c/b        0.559 b/c
# SipHash                  56 byte keys      102.295 c/h        1.827 c/b        0.547 b/c
# SipHash                  60 byte keys      102.918 c/h        1.715 c/b        0.583 b/c
# SipHash                  64 byte keys      112.331 c/h        1.755 c/b        0.570 b/c
# SipHash                  68 byte keys      112.918 c/h        1.661 c/b        0.602 b/c
# SipHash                  72 byte keys      122.700 c/h        1.704 c/b        0.587 b/c
# SipHash                  76 byte keys      122.840 c/h        1.616 c/b        0.619 b/c
# SipHash                  80 byte keys      132.431 c/h        1.655 c/b        0.604 b/c
# SipHash                  84 byte keys      132.785 c/h        1.581 c/b        0.633 b/c
# SipHash                  88 byte keys      144.638 c/h        1.644 c/b        0.608 b/c
# SipHash                  92 byte keys      142.726 c/h        1.551 c/b        0.645 b/c
# SipHash                  96 byte keys      152.651 c/h        1.590 c/b        0.629 b/c
# SipHash                 100 byte keys      154.172 c/h        1.542 c/b        0.649 b/c
# SipHash                 104 byte keys      162.812 c/h        1.565 c/b        0.639 b/c
# SipHash                 108 byte keys      163.571 c/h        1.515 c/b        0.660 b/c
# SipHash                 112 byte keys      172.759 c/h        1.542 c/b        0.648 b/c
# SipHash                 116 byte keys      172.551 c/h        1.488 c/b        0.672 b/c
# SipHash                 120 byte keys      184.710 c/h        1.539 c/b        0.650 b/c
# SipHash                 124 byte keys      182.824 c/h        1.474 c/b        0.678 b/c
#                         Average < 128       83.123 c/h        1.966 c/b        0.509 b/c
# SipHash                 128 byte keys      192.212 c/h        1.502 c/b        0.666 b/c
# SipHash                 256 byte keys      366.109 c/h        1.430 c/b        0.699 b/c
# SipHash                 512 byte keys      676.547 c/h        1.321 c/b        0.757 b/c
# SipHash                1024 byte keys     1299.195 c/h        1.269 c/b        0.788 b/c
# SipHash                2048 byte keys     2546.815 c/h        1.244 c/b        0.804 b/c
# SipHash                4096 byte keys     5039.412 c/h        1.230 c/b        0.813 b/c
# SipHash                8192 byte keys    10135.171 c/h        1.237 c/b        0.808 b/c
# SipHash               16384 byte keys    19996.985 c/h        1.221 c/b        0.819 b/c
# SipHash               32768 byte keys    39939.948 c/h        1.219 c/b        0.820 b/c
# SipHash               65536 byte keys    79831.616 c/h        1.218 c/b        0.821 b/c
#                       Overall Average     2495.135 c/h        1.235 c/b        0.810 b/c
ok 6 - Speed (always passes) # SipHash
### Differential Tests ###
# Testing 8303632 up-to-5-bit differentials in 64-bit keys -> 64 bit hashes.
# 1000 reps, 8303632000 total tests, expecting 0.00 random collisions..........
ok 7 - Differential collisions # SipHash
ok 8 - Nothing skipped during differential collision check # SipHash
# 0 total collisions, of which 0 single collisions were ignored
ok 9 - ProcessDifferentials
# Testing 11017632 up-to-4-bit differentials in 128-bit keys -> 64 bit hashes.
# 1000 reps, 11017632000 total tests, expecting 0.00 random collisions..........
ok 10 - Differential collisions # SipHash
ok 11 - Nothing skipped during differential collision check # SipHash
# 0 total collisions, of which 0 single collisions were ignored
ok 12 - ProcessDifferentials
# Testing 2796416 up-to-3-bit differentials in 256-bit keys -> 64 bit hashes.
# 1000 reps, 2796416000 total tests, expecting 0.00 random collisions..........
ok 13 - Differential collisions # SipHash
ok 14 - Nothing skipped during differential collision check # SipHash
# 0 total collisions, of which 0 single collisions were ignored
ok 15 - ProcessDifferentials
ok 16 - Differential # SipHash
### Avalanche Tests ### - seed-bits: 128 hash-bits: 64
# Samples 500000, expected error 0.00051200, confidence level 99.99994267%
# Testing   0-bit keys.......... ok.     # worst-bit:   0.555% error-ratio: 1.003290e+00
ok 17 - Strict Avalanche Criteria - 0 bit keys
# Testing   8-bit keys.......... ok.     # worst-bit:   0.542% error-ratio: 1.004359e+00
ok 18 - Strict Avalanche Criteria - 8 bit keys
# Testing  16-bit keys.......... ok.     # worst-bit:   0.539% error-ratio: 1.000760e+00
ok 19 - Strict Avalanche Criteria - 16 bit keys
# Testing  24-bit keys.......... ok.     # worst-bit:   0.599% error-ratio: 9.829748e-01
ok 20 - Strict Avalanche Criteria - 24 bit keys
# Testing  32-bit keys.......... ok.     # worst-bit:   0.541% error-ratio: 9.862310e-01
ok 21 - Strict Avalanche Criteria - 32 bit keys
# Testing  40-bit keys.......... ok.     # worst-bit:   0.582% error-ratio: 1.005106e+00
ok 22 - Strict Avalanche Criteria - 40 bit keys
# Testing  48-bit keys.......... ok.     # worst-bit:   0.646% error-ratio: 9.999640e-01
ok 23 - Strict Avalanche Criteria - 48 bit keys
# Testing  56-bit keys.......... ok.     # worst-bit:   0.556% error-ratio: 9.848309e-01
ok 24 - Strict Avalanche Criteria - 56 bit keys
# Testing  64-bit keys.......... ok.     # worst-bit:   0.578% error-ratio: 1.007170e+00
ok 25 - Strict Avalanche Criteria - 64 bit keys
# Testing  72-bit keys.......... ok.     # worst-bit:   0.528% error-ratio: 9.823010e-01
ok 26 - Strict Avalanche Criteria - 72 bit keys
# Testing  80-bit keys.......... ok.     # worst-bit:   0.577% error-ratio: 1.003006e+00
ok 27 - Strict Avalanche Criteria - 80 bit keys
# Testing  88-bit keys.......... ok.     # worst-bit:   0.560% error-ratio: 9.934587e-01
ok 28 - Strict Avalanche Criteria - 88 bit keys
# Testing  96-bit keys.......... ok.     # worst-bit:   0.625% error-ratio: 1.003428e+00
ok 29 - Strict Avalanche Criteria - 96 bit keys
# Testing 104-bit keys.......... ok.     # worst-bit:   0.590% error-ratio: 9.751068e-01
ok 30 - Strict Avalanche Criteria - 104 bit keys
# Testing 112-bit keys.......... ok.     # worst-bit:   0.570% error-ratio: 9.943254e-01
ok 31 - Strict Avalanche Criteria - 112 bit keys
# Testing 120-bit keys.......... ok.     # worst-bit:   0.662% error-ratio: 1.005747e+00
ok 32 - Strict Avalanche Criteria - 120 bit keys
# Testing 128-bit keys.......... ok.     # worst-bit:   0.577% error-ratio: 1.002042e+00
ok 33 - Strict Avalanche Criteria - 128 bit keys
# Testing 136-bit keys.......... ok.     # worst-bit:   0.612% error-ratio: 1.013549e+00
ok 34 - Strict Avalanche Criteria - 136 bit keys
# Testing 144-bit keys.......... ok.     # worst-bit:   0.617% error-ratio: 1.008424e+00
ok 35 - Strict Avalanche Criteria - 144 bit keys
# Testing 152-bit keys.......... ok.     # worst-bit:   0.589% error-ratio: 9.861765e-01
ok 36 - Strict Avalanche Criteria - 152 bit keys
# Testing 152-bit keys.......... ok.     # worst-bit:   0.640% error-ratio: 1.010826e+00
ok 37 - Strict Avalanche Criteria - 160 bit keys
# Testing 200-bit keys.......... ok.     # worst-bit:   0.659% error-ratio: 9.900601e-01
ok 38 - Strict Avalanche Criteria - 200 bit keys
# Testing 256-bit keys.......... ok.     # worst-bit:   0.596% error-ratio: 1.005889e+00
ok 39 - Strict Avalanche Criteria - 256 bit keys
# Testing 512-bit keys.......... ok.     # worst-bit:   0.560% error-ratio: 1.002677e+00
ok 40 - Strict Avalanche Criteria - 512 bit keys
ok 41 - Strict Avalanche Criteria # SipHash
### Keyset 'Cyclic' Tests ###
# Keyset 'Cyclic' - 8 cycles of 8 bytes - 10000000 keys
# Testing collisions   - Expected     0.00, actual        0 ( 0.00x) - passed
ok 42 - Collision Rate for Keyset 'Cyclic' - 8 cycles of 8 bytes - 10000000 keys
ok 43 - Distribution Bias Check for Keyset 'Cyclic' - 8 cycles of 8 bytes - 10000000 keys
# Keyset 'Cyclic' - 8 cycles of 9 bytes - 10000000 keys
# Testing collisions   - Expected     0.00, actual        0 ( 0.00x) - passed
ok 44 - Collision Rate for Keyset 'Cyclic' - 8 cycles of 9 bytes - 10000000 keys
ok 45 - Distribution Bias Check for Keyset 'Cyclic' - 8 cycles of 9 bytes - 10000000 keys
# Keyset 'Cyclic' - 8 cycles of 10 bytes - 10000000 keys
# Testing collisions   - Expected     0.00, actual        0 ( 0.00x) - passed
ok 46 - Collision Rate for Keyset 'Cyclic' - 8 cycles of 10 bytes - 10000000 keys
ok 47 - Distribution Bias Check for Keyset 'Cyclic' - 8 cycles of 10 bytes - 10000000 keys
# Keyset 'Cyclic' - 8 cycles of 11 bytes - 10000000 keys
# Testing collisions   - Expected     0.00, actual        0 ( 0.00x) - passed
ok 48 - Collision Rate for Keyset 'Cyclic' - 8 cycles of 11 bytes - 10000000 keys
ok 49 - Distribution Bias Check for Keyset 'Cyclic' - 8 cycles of 11 bytes - 10000000 keys
# Keyset 'Cyclic' - 8 cycles of 12 bytes - 10000000 keys
# Testing collisions   - Expected     0.00, actual        0 ( 0.00x) - passed
ok 50 - Collision Rate for Keyset 'Cyclic' - 8 cycles of 12 bytes - 10000000 keys
ok 51 - Distribution Bias Check for Keyset 'Cyclic' - 8 cycles of 12 bytes - 10000000 keys
ok 52 - Keyset 'Cyclic' # SipHash
### Keyset 'TwoBytes' Tests ###
# Testing collisions   - Expected     0.00, actual        0 ( 0.00x) - passed
ok 53 - Collision Rate for Keyset 'TwoBytes' - up-to-4-byte keys, 652545 total keys
ok 54 - Distribution Bias Check for Keyset 'TwoBytes' - up-to-4-byte keys, 652545 total keys
# Testing collisions   - Expected     0.00, actual        0 ( 0.00x) - passed
ok 55 - Collision Rate for Keyset 'TwoBytes' - up-to-8-byte keys, 5471025 total keys
ok 56 - Distribution Bias Check for Keyset 'TwoBytes' - up-to-8-byte keys, 5471025 total keys
# Testing collisions   - Expected     0.00, actual        0 ( 0.00x) - passed
ok 57 - Collision Rate for Keyset 'TwoBytes' - up-to-12-byte keys, 18616785 total keys
ok 58 - Distribution Bias Check for Keyset 'TwoBytes' - up-to-12-byte keys, 18616785 total keys
# Testing collisions   - Expected     0.00, actual        0 ( 0.00x) - passed
ok 59 - Collision Rate for Keyset 'TwoBytes' - up-to-16-byte keys, 44251425 total keys
ok 60 - Distribution Bias Check for Keyset 'TwoBytes' - up-to-16-byte keys, 44251425 total keys
# Testing collisions   - Expected     0.00, actual        0 ( 0.00x) - passed
ok 61 - Collision Rate for Keyset 'TwoBytes' - up-to-20-byte keys, 86536545 total keys
ok 62 - Distribution Bias Check for Keyset 'TwoBytes' - up-to-20-byte keys, 86536545 total keys
ok 63 - Keyset 'TwoBytes' # SipHash
### Keyset 'Sparse' Tests ###
# Keyset 'Sparse' - 32-bit keys with up to 6 bits set - 1149017 keys
# Testing collisions   - Expected     0.00, actual        0 ( 0.00x) - passed
ok 64 - Collision Rate for Keyset 'Sparse' - 32-bit keys with up to 6 bits set
ok 65 - Distribution Bias Check for Keyset 'Sparse' - 32-bit keys with up to 6 bits set
# Keyset 'Sparse' - 40-bit keys with up to 6 bits set - 4598479 keys
# Testing collisions   - Expected     0.00, actual        0 ( 0.00x) - passed
ok 66 - Collision Rate for Keyset 'Sparse' - 40-bit keys with up to 6 bits set
ok 67 - Distribution Bias Check for Keyset 'Sparse' - 40-bit keys with up to 6 bits set
# Keyset 'Sparse' - 48-bit keys with up to 5 bits set - 1925357 keys
# Testing collisions   - Expected     0.00, actual        0 ( 0.00x) - passed
ok 68 - Collision Rate for Keyset 'Sparse' - 48-bit keys with up to 5 bits set
ok 69 - Distribution Bias Check for Keyset 'Sparse' - 48-bit keys with up to 5 bits set
# Keyset 'Sparse' - 56-bit keys with up to 5 bits set - 4216423 keys
# Testing collisions   - Expected     0.00, actual        0 ( 0.00x) - passed
ok 70 - Collision Rate for Keyset 'Sparse' - 56-bit keys with up to 5 bits set
ok 71 - Distribution Bias Check for Keyset 'Sparse' - 56-bit keys with up to 5 bits set
# Keyset 'Sparse' - 64-bit keys with up to 5 bits set - 8303633 keys
# Testing collisions   - Expected     0.00, actual        0 ( 0.00x) - passed
ok 72 - Collision Rate for Keyset 'Sparse' - 64-bit keys with up to 5 bits set
ok 73 - Distribution Bias Check for Keyset 'Sparse' - 64-bit keys with up to 5 bits set
# Keyset 'Sparse' - 96-bit keys with up to 4 bits set - 3469497 keys
# Testing collisions   - Expected     0.00, actual        0 ( 0.00x) - passed
ok 74 - Collision Rate for Keyset 'Sparse' - 96-bit keys with up to 4 bits set
ok 75 - Distribution Bias Check for Keyset 'Sparse' - 96-bit keys with up to 4 bits set
# Keyset 'Sparse' - 256-bit keys with up to 3 bits set - 2796417 keys
# Testing collisions   - Expected     0.00, actual        0 ( 0.00x) - passed
ok 76 - Collision Rate for Keyset 'Sparse' - 256-bit keys with up to 3 bits set
ok 77 - Distribution Bias Check for Keyset 'Sparse' - 256-bit keys with up to 3 bits set
# Keyset 'Sparse' - 2048-bit keys with up to 2 bits set - 2098177 keys
# Testing collisions   - Expected     0.00, actual        0 ( 0.00x) - passed
ok 78 - Collision Rate for Keyset 'Sparse' - 2048-bit keys with up to 2 bits set
ok 79 - Distribution Bias Check for Keyset 'Sparse' - 2048-bit keys with up to 2 bits set
ok 80 - Keyset 'Sparse' # SipHash
### Keyset 'Crc-MultiCollision' Tests ###
# Keyset 'Crc(a)-MultiCollision' - 1048575 x 16 block keys - 128-bytes long - 10 seeds
# Testing collisions   - Expected     0.00, actual        0 ( 0.00x) - passed
ok 81 - Collision Rate for Keyset 'Crc(a)-MultiCollision' - seed 1 # SipHash
# Testing collisions   - Expected     0.00, actual        0 ( 0.00x) - passed
ok 82 - Collision Rate for Keyset 'Crc(a)-MultiCollision' - seed 2 # SipHash
# Testing collisions   - Expected     0.00, actual        0 ( 0.00x) - passed
ok 83 - Collision Rate for Keyset 'Crc(a)-MultiCollision' - seed 3 # SipHash
# Testing collisions   - Expected     0.00, actual        0 ( 0.00x) - passed
ok 84 - Collision Rate for Keyset 'Crc(a)-MultiCollision' - seed 4 # SipHash
# Testing collisions   - Expected     0.00, actual        0 ( 0.00x) - passed
ok 85 - Collision Rate for Keyset 'Crc(a)-MultiCollision' - seed 5 # SipHash
# Testing collisions   - Expected     0.00, actual        0 ( 0.00x) - passed
ok 86 - Collision Rate for Keyset 'Crc(a)-MultiCollision' - seed 6 # SipHash
# Testing collisions   - Expected     0.00, actual        0 ( 0.00x) - passed
ok 87 - Collision Rate for Keyset 'Crc(a)-MultiCollision' - seed 7 # SipHash
# Testing collisions   - Expected     0.00, actual        0 ( 0.00x) - passed
ok 88 - Collision Rate for Keyset 'Crc(a)-MultiCollision' - seed 8 # SipHash
# Testing collisions   - Expected     0.00, actual        0 ( 0.00x) - passed
ok 89 - Collision Rate for Keyset 'Crc(a)-MultiCollision' - seed 9 # SipHash
# Testing collisions   - Expected     0.00, actual        0 ( 0.00x) - passed
ok 90 - Collision Rate for Keyset 'Crc(a)-MultiCollision' - seed 10 # SipHash
# Keyset 'Crc(b)-MultiCollision' - 1048575 x 16 block keys - 128-bytes long - 10 seeds
# Testing collisions   - Expected     0.00, actual        0 ( 0.00x) - passed
ok 91 - Collision Rate for Keyset 'Crc(b)-MultiCollision' - seed 1 # SipHash
# Testing collisions   - Expected     0.00, actual        0 ( 0.00x) - passed
ok 92 - Collision Rate for Keyset 'Crc(b)-MultiCollision' - seed 2 # SipHash
# Testing collisions   - Expected     0.00, actual        0 ( 0.00x) - passed
ok 93 - Collision Rate for Keyset 'Crc(b)-MultiCollision' - seed 3 # SipHash
# Testing collisions   - Expected     0.00, actual        0 ( 0.00x) - passed
ok 94 - Collision Rate for Keyset 'Crc(b)-MultiCollision' - seed 4 # SipHash
# Testing collisions   - Expected     0.00, actual        0 ( 0.00x) - passed
ok 95 - Collision Rate for Keyset 'Crc(b)-MultiCollision' - seed 5 # SipHash
# Testing collisions   - Expected     0.00, actual        0 ( 0.00x) - passed
ok 96 - Collision Rate for Keyset 'Crc(b)-MultiCollision' - seed 6 # SipHash
# Testing collisions   - Expected     0.00, actual        0 ( 0.00x) - passed
ok 97 - Collision Rate for Keyset 'Crc(b)-MultiCollision' - seed 7 # SipHash
# Testing collisions   - Expected     0.00, actual        0 ( 0.00x) - passed
ok 98 - Collision Rate for Keyset 'Crc(b)-MultiCollision' - seed 8 # SipHash
# Testing collisions   - Expected     0.00, actual        0 ( 0.00x) - passed
ok 99 - Collision Rate for Keyset 'Crc(b)-MultiCollision' - seed 9 # SipHash
# Testing collisions   - Expected     0.00, actual        0 ( 0.00x) - passed
ok 100 - Collision Rate for Keyset 'Crc(b)-MultiCollision' - seed 10 # SipHash
### Keyset 'Murmur2-MultiCollision' Tests ###
# Keyset 'Murmur2-MultiCollision' - 1048575 x 16 block keys - 128-bytes long - 10 seeds
# Testing collisions   - Expected     0.00, actual        0 ( 0.00x) - passed
ok 101 - Collision Rate for Keyset 'Murmur2-MultiCollision' - seed 1 # SipHash
# Testing collisions   - Expected     0.00, actual        0 ( 0.00x) - passed
ok 102 - Collision Rate for Keyset 'Murmur2-MultiCollision' - seed 2 # SipHash
# Testing collisions   - Expected     0.00, actual        0 ( 0.00x) - passed
ok 103 - Collision Rate for Keyset 'Murmur2-MultiCollision' - seed 3 # SipHash
# Testing collisions   - Expected     0.00, actual        0 ( 0.00x) - passed
ok 104 - Collision Rate for Keyset 'Murmur2-MultiCollision' - seed 4 # SipHash
# Testing collisions   - Expected     0.00, actual        0 ( 0.00x) - passed
ok 105 - Collision Rate for Keyset 'Murmur2-MultiCollision' - seed 5 # SipHash
# Testing collisions   - Expected     0.00, actual        0 ( 0.00x) - passed
ok 106 - Collision Rate for Keyset 'Murmur2-MultiCollision' - seed 6 # SipHash
# Testing collisions   - Expected     0.00, actual        0 ( 0.00x) - passed
ok 107 - Collision Rate for Keyset 'Murmur2-MultiCollision' - seed 7 # SipHash
# Testing collisions   - Expected     0.00, actual        0 ( 0.00x) - passed
ok 108 - Collision Rate for Keyset 'Murmur2-MultiCollision' - seed 8 # SipHash
# Testing collisions   - Expected     0.00, actual        0 ( 0.00x) - passed
ok 109 - Collision Rate for Keyset 'Murmur2-MultiCollision' - seed 9 # SipHash
# Testing collisions   - Expected     0.00, actual        0 ( 0.00x) - passed
ok 110 - Collision Rate for Keyset 'Murmur2-MultiCollision' - seed 10 # SipHash
### Keyset 'Murmur3A-MultiCollision' Tests ###
# Keyset 'Murmur3A-MultiCollision' - 1048575 x 16 block keys - 128-bytes long - 10 seeds
# Testing collisions   - Expected     0.00, actual        0 ( 0.00x) - passed
ok 111 - Collision Rate for Keyset 'Murmur3A-MultiCollision' - seed 1 # SipHash
# Testing collisions   - Expected     0.00, actual        0 ( 0.00x) - passed
ok 112 - Collision Rate for Keyset 'Murmur3A-MultiCollision' - seed 2 # SipHash
# Testing collisions   - Expected     0.00, actual        0 ( 0.00x) - passed
ok 113 - Collision Rate for Keyset 'Murmur3A-MultiCollision' - seed 3 # SipHash
# Testing collisions   - Expected     0.00, actual        0 ( 0.00x) - passed
ok 114 - Collision Rate for Keyset 'Murmur3A-MultiCollision' - seed 4 # SipHash
# Testing collisions   - Expected     0.00, actual        0 ( 0.00x) - passed
ok 115 - Collision Rate for Keyset 'Murmur3A-MultiCollision' - seed 5 # SipHash
# Testing collisions   - Expected     0.00, actual        0 ( 0.00x) - passed
ok 116 - Collision Rate for Keyset 'Murmur3A-MultiCollision' - seed 6 # SipHash
# Testing collisions   - Expected     0.00, actual        0 ( 0.00x) - passed
ok 117 - Collision Rate for Keyset 'Murmur3A-MultiCollision' - seed 7 # SipHash
# Testing collisions   - Expected     0.00, actual        0 ( 0.00x) - passed
ok 118 - Collision Rate for Keyset 'Murmur3A-MultiCollision' - seed 8 # SipHash
# Testing collisions   - Expected     0.00, actual        0 ( 0.00x) - passed
ok 119 - Collision Rate for Keyset 'Murmur3A-MultiCollision' - seed 9 # SipHash
# Testing collisions   - Expected     0.00, actual        0 ( 0.00x) - passed
ok 120 - Collision Rate for Keyset 'Murmur3A-MultiCollision' - seed 10 # SipHash
### Keyset 'Murmur3F-MultiCollision' Tests ###
# Keyset 'Murmur3F-MultiCollision' - 1048575 x 16 block keys - 512-bytes long - 10 seeds
# Testing collisions   - Expected     0.00, actual        0 ( 0.00x) - passed
ok 121 - Collision Rate for Keyset 'Murmur3F-MultiCollision' - seed 1 # SipHash
# Testing collisions   - Expected     0.00, actual        0 ( 0.00x) - passed
ok 122 - Collision Rate for Keyset 'Murmur3F-MultiCollision' - seed 2 # SipHash
# Testing collisions   - Expected     0.00, actual        0 ( 0.00x) - passed
ok 123 - Collision Rate for Keyset 'Murmur3F-MultiCollision' - seed 3 # SipHash
# Testing collisions   - Expected     0.00, actual        0 ( 0.00x) - passed
ok 124 - Collision Rate for Keyset 'Murmur3F-MultiCollision' - seed 4 # SipHash
# Testing collisions   - Expected     0.00, actual        0 ( 0.00x) - passed
ok 125 - Collision Rate for Keyset 'Murmur3F-MultiCollision' - seed 5 # SipHash
# Testing collisions   - Expected     0.00, actual        0 ( 0.00x) - passed
ok 126 - Collision Rate for Keyset 'Murmur3F-MultiCollision' - seed 6 # SipHash
# Testing collisions   - Expected     0.00, actual        0 ( 0.00x) - passed
ok 127 - Collision Rate for Keyset 'Murmur3F-MultiCollision' - seed 7 # SipHash
# Testing collisions   - Expected     0.00, actual        0 ( 0.00x) - passed
ok 128 - Collision Rate for Keyset 'Murmur3F-MultiCollision' - seed 8 # SipHash
# Testing collisions   - Expected     0.00, actual        0 ( 0.00x) - passed
ok 129 - Collision Rate for Keyset 'Murmur3F-MultiCollision' - seed 9 # SipHash
# Testing collisions   - Expected     0.00, actual        0 ( 0.00x) - passed
ok 130 - Collision Rate for Keyset 'Murmur3F-MultiCollision' - seed 10 # SipHash
### Keyset 'City64-MultiCollision' Tests ###
# Keyset 'City64-MultiCollision' - 10 x 2 block keys - 16-bytes long - 10 seeds
# Testing collisions   - Expected     0.00, actual        0 ( 0.00x) - passed
ok 131 - Collision Rate for Keyset 'City64-MultiCollision' - seed 1 # SipHash
# Testing collisions   - Expected     0.00, actual        0 ( 0.00x) - passed
ok 132 - Collision Rate for Keyset 'City64-MultiCollision' - seed 2 # SipHash
# Testing collisions   - Expected     0.00, actual        0 ( 0.00x) - passed
ok 133 - Collision Rate for Keyset 'City64-MultiCollision' - seed 3 # SipHash
# Testing collisions   - Expected     0.00, actual        0 ( 0.00x) - passed
ok 134 - Collision Rate for Keyset 'City64-MultiCollision' - seed 4 # SipHash
# Testing collisions   - Expected     0.00, actual        0 ( 0.00x) - passed
ok 135 - Collision Rate for Keyset 'City64-MultiCollision' - seed 5 # SipHash
# Testing collisions   - Expected     0.00, actual        0 ( 0.00x) - passed
ok 136 - Collision Rate for Keyset 'City64-MultiCollision' - seed 6 # SipHash
# Testing collisions   - Expected     0.00, actual        0 ( 0.00x) - passed
ok 137 - Collision Rate for Keyset 'City64-MultiCollision' - seed 7 # SipHash
# Testing collisions   - Expected     0.00, actual        0 ( 0.00x) - passed
ok 138 - Collision Rate for Keyset 'City64-MultiCollision' - seed 8 # SipHash
# Testing collisions   - Expected     0.00, actual        0 ( 0.00x) - passed
ok 139 - Collision Rate for Keyset 'City64-MultiCollision' - seed 9 # SipHash
# Testing collisions   - Expected     0.00, actual        0 ( 0.00x) - passed
ok 140 - Collision Rate for Keyset 'City64-MultiCollision' - seed 10 # SipHash
### Keyset 'Combination Lowbits' Tests ###
# Keyset 'Combination' - up to 8 blocks from a set of 8 - 19173960 keys
# Testing collisions   - Expected     0.00, actual        0 ( 0.00x) - passed
ok 141 - Collision Rate for Keyset 'Combination Lowbits'
ok 142 - Distribution Bias Check for Keyset 'Combination Lowbits'
ok 143 - Keyset 'Combination Lowbits' # SipHash
### Keyset 'Combination Highbits' Tests ###
# Keyset 'Combination' - up to 8 blocks from a set of 8 - 19173960 keys
# Testing collisions   - Expected     0.00, actual        0 ( 0.00x) - passed
ok 144 - Collision Rate for Keyset 'Combination Highbits'
ok 145 - Distribution Bias Check for Keyset 'Combination Highbits'
ok 146 - Keyset 'Combination Highbits' # SipHash
### Keyset 'Combination Highbits2' Tests ###
# Keyset 'Combination' - up to 8 blocks from a set of 8 - 19173960 keys
# Testing collisions   - Expected     0.00, actual        0 ( 0.00x) - passed
ok 147 - Collision Rate for Keyset 'Combination Highbits2'
ok 148 - Distribution Bias Check for Keyset 'Combination Highbits2'
ok 149 - Keyset 'Combination Highbits2' # SipHash
### Keyset 'Combination HiBit-Null' Tests ###
# Keyset 'Combination' - up to 20 blocks from a set of 2 - 2097150 keys
# Testing collisions   - Expected     0.00, actual        0 ( 0.00x) - passed
ok 150 - Collision Rate for Keyset 'Combination HiBit-Null'
ok 151 - Distribution Bias Check for Keyset 'Combination HiBit-Null'
ok 152 - Keyset 'Combination HiBit-Null' # SipHash
### Keyset 'Combination LowBit-Null' Tests ###
# Keyset 'Combination' - up to 20 blocks from a set of 2 - 2097150 keys
# Testing collisions   - Expected     0.00, actual        0 ( 0.00x) - passed
ok 153 - Collision Rate for Keyset 'Combination LowBit-Null'
ok 154 - Distribution Bias Check for Keyset 'Combination LowBit-Null'
ok 155 - Keyset 'Combination LowBit-Null' # SipHash
### Keyset 'Combination Hi-Lo' Tests ###
# Keyset 'Combination' - up to 6 blocks from a set of 15 - 12204240 keys
# Testing collisions   - Expected     0.00, actual        0 ( 0.00x) - passed
ok 156 - Collision Rate for Keyset 'Combination Hi-Lo'
ok 157 - Distribution Bias Check for Keyset 'Combination Hi-Lo'
ok 158 - Keyset 'Combination Hi-Lo' # SipHash
### Keyset 'Text' Tests ###
# Keyset 'Text' - keys of form "Foo[XXXX]Bar" - 14776336 keys
# Testing collisions   - Expected     0.00, actual        0 ( 0.00x) - passed
ok 159 - Collision Rate for Keyset 'Text' - keys of form "Foo[XXXX]Bar" - 14776336 keys
ok 160 - Distribution Bias Check for Keyset 'Text' - keys of form "Foo[XXXX]Bar" - 14776336 keys
# Keyset 'Text' - keys of form "FooBar[XXXX]" - 14776336 keys
# Testing collisions   - Expected     0.00, actual        0 ( 0.00x) - passed
ok 161 - Collision Rate for Keyset 'Text' - keys of form "FooBar[XXXX]" - 14776336 keys
ok 162 - Distribution Bias Check for Keyset 'Text' - keys of form "FooBar[XXXX]" - 14776336 keys
# Keyset 'Text' - keys of form "[XXXX]FooBar" - 14776336 keys
# Testing collisions   - Expected     0.00, actual        0 ( 0.00x) - passed
ok 163 - Collision Rate for Keyset 'Text' - keys of form "[XXXX]FooBar" - 14776336 keys
ok 164 - Distribution Bias Check for Keyset 'Text' - keys of form "[XXXX]FooBar" - 14776336 keys
ok 165 - Keyset 'Text' # SipHash
### Keyset 'Zeroes' Tests ###
# Keyset 'Zeroes' - 262144 keys
# Testing collisions   - Expected     0.00, actual        0 ( 0.00x) - passed
ok 166 - Collision Rate for Keyset 'Zeroes' - 262144 keys
ok 167 - Distribution Bias Check for Keyset 'Zeroes' - 262144 keys
ok 168 - Keyset 'Zeroes' # SipHash
### Keyset 'Seed' Tests ###
# Keyset 'Seed' - 2000000 seeds, Key "The quick brown fox "...
# Testing collisions   - Expected     0.00, actual        0 ( 0.00x) - passed
ok 169 - Collision Rate for Keyset 'Seed' - 2000000 seeds, Key "The quick brown fox "...
ok 170 - Distribution Bias Check for Keyset 'Seed' - 2000000 seeds, Key "The quick brown fox "...
# Keyset 'Seed' - 2000000 seeds, Key ""
# Testing collisions   - Expected     0.00, actual        0 ( 0.00x) - passed
ok 171 - Collision Rate for Keyset 'Seed' - 2000000 seeds, Key ""
ok 172 - Distribution Bias Check for Keyset 'Seed' - 2000000 seeds, Key ""
# Keyset 'Seed' - 2000000 seeds, Key "00101100110101101"
# Testing collisions   - Expected     0.00, actual        0 ( 0.00x) - passed
ok 173 - Collision Rate for Keyset 'Seed' - 2000000 seeds, Key "00101100110101101"
ok 174 - Distribution Bias Check for Keyset 'Seed' - 2000000 seeds, Key "00101100110101101"
# Keyset 'Seed' - 2000000 seeds, Key "abcbcddbdebdcaaabaaa"...
# Testing collisions   - Expected     0.00, actual        0 ( 0.00x) - passed
ok 175 - Collision Rate for Keyset 'Seed' - 2000000 seeds, Key "abcbcddbdebdcaaabaaa"...
ok 176 - Distribution Bias Check for Keyset 'Seed' - 2000000 seeds, Key "abcbcddbdebdcaaabaaa"...
ok 177 - Keyset 'Seed' # SipHash
### Keyset 'Effs' Tests ###
# Keyset 'Effs' - 262144 keys
# Testing collisions   - Expected     0.00, actual        0 ( 0.00x) - passed
ok 178 - Collision Rate for Keyset 'Effs' - 262144 keys
ok 179 - Distribution Bias Check for Keyset 'Effs' - 262144 keys
ok 180 - Keyset 'Effs' # SipHash
### Keyset 'Words' Tests ###
# Hashed 99171 keys from 297513 words from file '/usr/share/dict/words'
# Testing collisions   - Expected     0.00, actual        0 ( 0.00x) - passed
ok 181 - Collision Rate for Keyset 'Words'
ok 182 - Distribution Bias Check for Keyset 'Words'
ok 183 - all tests passed # SipHash
1..183
# All Tests Passed. SipHash passed all 183 tests run.
# Testing took 2283.321742 seconds
# This is SMHasher version v1.1-demerphq-20-g7c461c7 - built on Mar 15 2017.
