ok 1 - Found Hash # SipHash13
###################################################################
### Testing SipHash13 - with seed_state
### - SipHash 1-3 -
### seedbits: 128 statebits: 256 hashbits: 64
###################################################################
ok 2 - Verification code # SipHash13
# SipHash13            - Verification value 0xD03C3A2C : Passed.
### Sanity Tests ###
# Sanity check simple key bit flips and consistency..........
ok 3 - SanityTest # SipHash13
# Sanity check null suffixes change the hash (simple)..........
ok 4 - Appended Zeroes Test # SipHash13
ok 5 - Sanity Test # SipHash13
### Speed Tests ###
## Bulk speed test - 262144-byte keys
# Alignment  7 -  1.500 bytes/cycle - 4291.45 MiB/sec @ 3 ghz
# Alignment  6 -  1.500 bytes/cycle - 4291.67 MiB/sec @ 3 ghz
# Alignment  5 -  1.500 bytes/cycle - 4291.61 MiB/sec @ 3 ghz
# Alignment  4 -  1.500 bytes/cycle - 4291.65 MiB/sec @ 3 ghz
# Alignment  3 -  1.500 bytes/cycle - 4291.71 MiB/sec @ 3 ghz
# Alignment  2 -  1.500 bytes/cycle - 4291.77 MiB/sec @ 3 ghz
# Alignment  1 -  1.500 bytes/cycle - 4291.70 MiB/sec @ 3 ghz
# Alignment  0 -  1.502 bytes/cycle - 4295.95 MiB/sec @ 3 ghz
# Average      -  1.500 bytes/cycle - 4292.19 MiB/sec @ 3 ghz
## KeySpeed tests
# SipHash13                 0 byte keys       20.000 c/h
# SipHash13                 1 byte keys       24.000 c/h       24.000 c/b        0.042 b/c
# SipHash13                 2 byte keys       26.992 c/h       13.496 c/b        0.074 b/c
# SipHash13                 3 byte keys       28.178 c/h        9.393 c/b        0.106 b/c
# SipHash13                 4 byte keys       30.028 c/h        7.507 c/b        0.133 b/c
# SipHash13                 5 byte keys       30.000 c/h        6.000 c/b        0.167 b/c
# SipHash13                 6 byte keys       30.998 c/h        5.166 c/b        0.194 b/c
# SipHash13                 7 byte keys       32.000 c/h        4.571 c/b        0.219 b/c
# SipHash13                 8 byte keys       28.000 c/h        3.500 c/b        0.286 b/c
# SipHash13                 9 byte keys       28.826 c/h        3.203 c/b        0.312 b/c
# SipHash13                10 byte keys       29.281 c/h        2.928 c/b        0.342 b/c
# SipHash13                11 byte keys       29.099 c/h        2.645 c/b        0.378 b/c
# SipHash13                12 byte keys       29.971 c/h        2.498 c/b        0.400 b/c
# SipHash13                13 byte keys       30.000 c/h        2.308 c/b        0.433 b/c
# SipHash13                14 byte keys       30.995 c/h        2.214 c/b        0.452 b/c
# SipHash13                15 byte keys       31.000 c/h        2.067 c/b        0.484 b/c
# SipHash13                16 byte keys       33.000 c/h        2.062 c/b        0.485 b/c
# SipHash13                17 byte keys       34.156 c/h        2.009 c/b        0.498 b/c
# SipHash13                18 byte keys       34.000 c/h        1.889 c/b        0.529 b/c
# SipHash13                19 byte keys       34.815 c/h        1.832 c/b        0.546 b/c
# SipHash13                20 byte keys       35.000 c/h        1.750 c/b        0.571 b/c
# SipHash13                21 byte keys       36.533 c/h        1.740 c/b        0.575 b/c
# SipHash13                22 byte keys       36.892 c/h        1.677 c/b        0.596 b/c
# SipHash13                23 byte keys       37.000 c/h        1.609 c/b        0.622 b/c
# SipHash13                24 byte keys       39.000 c/h        1.625 c/b        0.615 b/c
# SipHash13                25 byte keys       39.876 c/h        1.595 c/b        0.627 b/c
# SipHash13                26 byte keys       39.883 c/h        1.534 c/b        0.652 b/c
# SipHash13                27 byte keys       40.000 c/h        1.481 c/b        0.675 b/c
# SipHash13                28 byte keys       40.349 c/h        1.441 c/b        0.694 b/c
# SipHash13                29 byte keys       40.988 c/h        1.413 c/b        0.708 b/c
# SipHash13                30 byte keys       41.657 c/h        1.389 c/b        0.720 b/c
# SipHash13                31 byte keys       42.858 c/h        1.383 c/b        0.723 b/c
#                          Average < 32       33.293 c/h        2.148 c/b        0.466 b/c
# SipHash13                32 byte keys       44.997 c/h        1.406 c/b        0.711 b/c
# SipHash13                36 byte keys       46.778 c/h        1.299 c/b        0.770 b/c
# SipHash13                40 byte keys       50.984 c/h        1.275 c/b        0.785 b/c
# SipHash13                44 byte keys       52.000 c/h        1.182 c/b        0.846 b/c
# SipHash13                48 byte keys       56.370 c/h        1.174 c/b        0.852 b/c
# SipHash13                52 byte keys       57.000 c/h        1.096 c/b        0.912 b/c
# SipHash13                56 byte keys       61.991 c/h        1.107 c/b        0.903 b/c
# SipHash13                60 byte keys       62.904 c/h        1.048 c/b        0.954 b/c
# SipHash13                64 byte keys       68.575 c/h        1.071 c/b        0.933 b/c
# SipHash13                68 byte keys       68.254 c/h        1.004 c/b        0.996 b/c
# SipHash13                72 byte keys       73.723 c/h        1.024 c/b        0.977 b/c
# SipHash13                76 byte keys       73.982 c/h        0.973 c/b        1.027 b/c
# SipHash13                80 byte keys       80.921 c/h        1.012 c/b        0.989 b/c
# SipHash13                84 byte keys       79.363 c/h        0.945 c/b        1.058 b/c
# SipHash13                88 byte keys       84.925 c/h        0.965 c/b        1.036 b/c
# SipHash13                92 byte keys       84.925 c/h        0.923 c/b        1.083 b/c
# SipHash13                96 byte keys       90.667 c/h        0.944 c/b        1.059 b/c
# SipHash13               100 byte keys       90.494 c/h        0.905 c/b        1.105 b/c
# SipHash13               104 byte keys       96.332 c/h        0.926 c/b        1.080 b/c
# SipHash13               108 byte keys       95.977 c/h        0.889 c/b        1.125 b/c
# SipHash13               112 byte keys      102.073 c/h        0.911 c/b        1.097 b/c
# SipHash13               116 byte keys      101.721 c/h        0.877 c/b        1.140 b/c
# SipHash13               120 byte keys      107.766 c/h        0.898 c/b        1.114 b/c
# SipHash13               124 byte keys      106.959 c/h        0.863 c/b        1.159 b/c
#                         Average < 128       51.876 c/h        1.227 c/b        0.815 b/c
# SipHash13               128 byte keys      112.530 c/h        0.879 c/b        1.137 b/c
# SipHash13               256 byte keys      214.146 c/h        0.837 c/b        1.195 b/c
# SipHash13               512 byte keys      390.661 c/h        0.763 c/b        1.311 b/c
# SipHash13              1024 byte keys      726.570 c/h        0.710 c/b        1.409 b/c
# SipHash13              2048 byte keys     1409.260 c/h        0.688 c/b        1.453 b/c
# SipHash13              4096 byte keys     2858.200 c/h        0.698 c/b        1.433 b/c
# SipHash13              8192 byte keys     5500.875 c/h        0.671 c/b        1.489 b/c
# SipHash13             16384 byte keys    10953.802 c/h        0.669 c/b        1.496 b/c
# SipHash13             32768 byte keys    21862.876 c/h        0.667 c/b        1.499 b/c
# SipHash13             65536 byte keys    43679.576 c/h        0.666 c/b        1.500 b/c
#                       Overall Average     1372.933 c/h        0.680 c/b        1.471 b/c
ok 6 - Speed (always passes) # SipHash13
### Differential Tests ###
# Testing 8303632 up-to-5-bit differentials in 64-bit keys -> 64 bit hashes.
# 1000 reps, 8303632000 total tests, expecting 0.00 random collisions..........
ok 7 - Differential collisions # SipHash13
ok 8 - Nothing skipped during differential collision check # SipHash13
# 0 total collisions, of which 0 single collisions were ignored
ok 9 - ProcessDifferentials
# Testing 11017632 up-to-4-bit differentials in 128-bit keys -> 64 bit hashes.
# 1000 reps, 11017632000 total tests, expecting 0.00 random collisions..........
ok 10 - Differential collisions # SipHash13
ok 11 - Nothing skipped during differential collision check # SipHash13
# 0 total collisions, of which 0 single collisions were ignored
ok 12 - ProcessDifferentials
# Testing 2796416 up-to-3-bit differentials in 256-bit keys -> 64 bit hashes.
# 1000 reps, 2796416000 total tests, expecting 0.00 random collisions..........
ok 13 - Differential collisions # SipHash13
ok 14 - Nothing skipped during differential collision check # SipHash13
# 0 total collisions, of which 0 single collisions were ignored
ok 15 - ProcessDifferentials
ok 16 - Differential # SipHash13
### Avalanche Tests ### - seed-bits: 128 hash-bits: 64
# Samples 500000, expected error 0.00051200, confidence level 99.99994267%
# Testing   0-bit keys.......... ok.     # worst-bit:   0.566% error-ratio: 9.859472e-01
ok 17 - Strict Avalanche Criteria - 0 bit keys
# Testing   8-bit keys.......... ok.     # worst-bit:   0.567% error-ratio: 9.918199e-01
ok 18 - Strict Avalanche Criteria - 8 bit keys
# Testing  16-bit keys.......... ok.     # worst-bit:   0.512% error-ratio: 1.003831e+00
ok 19 - Strict Avalanche Criteria - 16 bit keys
# Testing  24-bit keys.......... ok.     # worst-bit:   0.596% error-ratio: 9.947918e-01
ok 20 - Strict Avalanche Criteria - 24 bit keys
# Testing  32-bit keys.......... ok.     # worst-bit:   0.574% error-ratio: 9.635263e-01
ok 21 - Strict Avalanche Criteria - 32 bit keys
# Testing  40-bit keys.......... ok.     # worst-bit:   0.565% error-ratio: 1.003620e+00
ok 22 - Strict Avalanche Criteria - 40 bit keys
# Testing  48-bit keys.......... ok.     # worst-bit:   0.550% error-ratio: 1.039214e+00
ok 23 - Strict Avalanche Criteria - 48 bit keys
# Testing  56-bit keys.......... ok.     # worst-bit:   0.600% error-ratio: 9.981614e-01
ok 24 - Strict Avalanche Criteria - 56 bit keys
# Testing  64-bit keys.......... ok.     # worst-bit:   0.552% error-ratio: 1.010493e+00
ok 25 - Strict Avalanche Criteria - 64 bit keys
# Testing  72-bit keys.......... ok.     # worst-bit:   0.623% error-ratio: 1.006686e+00
ok 26 - Strict Avalanche Criteria - 72 bit keys
# Testing  80-bit keys.......... ok.     # worst-bit:   0.583% error-ratio: 1.006331e+00
ok 27 - Strict Avalanche Criteria - 80 bit keys
# Testing  88-bit keys.......... ok.     # worst-bit:   0.544% error-ratio: 9.916119e-01
ok 28 - Strict Avalanche Criteria - 88 bit keys
# Testing  96-bit keys.......... ok.     # worst-bit:   0.584% error-ratio: 9.957559e-01
ok 29 - Strict Avalanche Criteria - 96 bit keys
# Testing 104-bit keys.......... ok.     # worst-bit:   0.592% error-ratio: 9.765748e-01
ok 30 - Strict Avalanche Criteria - 104 bit keys
# Testing 112-bit keys.......... ok.     # worst-bit:   0.579% error-ratio: 1.003174e+00
ok 31 - Strict Avalanche Criteria - 112 bit keys
# Testing 120-bit keys.......... ok.     # worst-bit:   0.567% error-ratio: 9.955414e-01
ok 32 - Strict Avalanche Criteria - 120 bit keys
# Testing 128-bit keys.......... ok.     # worst-bit:   0.567% error-ratio: 9.961809e-01
ok 33 - Strict Avalanche Criteria - 128 bit keys
# Testing 136-bit keys.......... ok.     # worst-bit:   0.600% error-ratio: 1.012026e+00
ok 34 - Strict Avalanche Criteria - 136 bit keys
# Testing 144-bit keys.......... ok.     # worst-bit:   0.589% error-ratio: 1.008591e+00
ok 35 - Strict Avalanche Criteria - 144 bit keys
# Testing 152-bit keys.......... ok.     # worst-bit:   0.604% error-ratio: 9.964952e-01
ok 36 - Strict Avalanche Criteria - 152 bit keys
# Testing 152-bit keys.......... ok.     # worst-bit:   0.558% error-ratio: 1.003747e+00
ok 37 - Strict Avalanche Criteria - 160 bit keys
# Testing 256-bit keys.......... ok.     # worst-bit:   0.547% error-ratio: 1.004296e+00
ok 38 - Strict Avalanche Criteria - 256 bit keys
ok 39 - Strict Avalanche Criteria # SipHash13
### Keyset 'Cyclic' Tests ###
# Keyset 'Cyclic' - 8 cycles of 8 bytes - 10000000 keys
# Testing collisions   - Expected     0.00, actual        0 ( 0.00x) - passed
ok 40 - Collision Rate for Keyset 'Cyclic' - 8 cycles of 8 bytes - 10000000 keys
ok 41 - Distribution Bias Check for Keyset 'Cyclic' - 8 cycles of 8 bytes - 10000000 keys
# Keyset 'Cyclic' - 8 cycles of 9 bytes - 10000000 keys
# Testing collisions   - Expected     0.00, actual        0 ( 0.00x) - passed
ok 42 - Collision Rate for Keyset 'Cyclic' - 8 cycles of 9 bytes - 10000000 keys
ok 43 - Distribution Bias Check for Keyset 'Cyclic' - 8 cycles of 9 bytes - 10000000 keys
# Keyset 'Cyclic' - 8 cycles of 10 bytes - 10000000 keys
# Testing collisions   - Expected     0.00, actual        0 ( 0.00x) - passed
ok 44 - Collision Rate for Keyset 'Cyclic' - 8 cycles of 10 bytes - 10000000 keys
ok 45 - Distribution Bias Check for Keyset 'Cyclic' - 8 cycles of 10 bytes - 10000000 keys
# Keyset 'Cyclic' - 8 cycles of 11 bytes - 10000000 keys
# Testing collisions   - Expected     0.00, actual        0 ( 0.00x) - passed
ok 46 - Collision Rate for Keyset 'Cyclic' - 8 cycles of 11 bytes - 10000000 keys
ok 47 - Distribution Bias Check for Keyset 'Cyclic' - 8 cycles of 11 bytes - 10000000 keys
# Keyset 'Cyclic' - 8 cycles of 12 bytes - 10000000 keys
# Testing collisions   - Expected     0.00, actual        0 ( 0.00x) - passed
ok 48 - Collision Rate for Keyset 'Cyclic' - 8 cycles of 12 bytes - 10000000 keys
ok 49 - Distribution Bias Check for Keyset 'Cyclic' - 8 cycles of 12 bytes - 10000000 keys
ok 50 - Keyset 'Cyclic' # SipHash13
### Keyset 'TwoBytes' Tests ###
# Testing collisions   - Expected     0.00, actual        0 ( 0.00x) - passed
ok 51 - Collision Rate for Keyset 'TwoBytes' - up-to-4-byte keys, 652545 total keys
ok 52 - Distribution Bias Check for Keyset 'TwoBytes' - up-to-4-byte keys, 652545 total keys
# Testing collisions   - Expected     0.00, actual        0 ( 0.00x) - passed
ok 53 - Collision Rate for Keyset 'TwoBytes' - up-to-8-byte keys, 5471025 total keys
ok 54 - Distribution Bias Check for Keyset 'TwoBytes' - up-to-8-byte keys, 5471025 total keys
# Testing collisions   - Expected     0.00, actual        0 ( 0.00x) - passed
ok 55 - Collision Rate for Keyset 'TwoBytes' - up-to-12-byte keys, 18616785 total keys
ok 56 - Distribution Bias Check for Keyset 'TwoBytes' - up-to-12-byte keys, 18616785 total keys
# Testing collisions   - Expected     0.00, actual        0 ( 0.00x) - passed
ok 57 - Collision Rate for Keyset 'TwoBytes' - up-to-16-byte keys, 44251425 total keys
ok 58 - Distribution Bias Check for Keyset 'TwoBytes' - up-to-16-byte keys, 44251425 total keys
# Testing collisions   - Expected     0.00, actual        0 ( 0.00x) - passed
ok 59 - Collision Rate for Keyset 'TwoBytes' - up-to-20-byte keys, 86536545 total keys
ok 60 - Distribution Bias Check for Keyset 'TwoBytes' - up-to-20-byte keys, 86536545 total keys
ok 61 - Keyset 'TwoBytes' # SipHash13
### Keyset 'Sparse' Tests ###
# Keyset 'Sparse' - 32-bit keys with up to 6 bits set - 1149017 keys
# Testing collisions   - Expected     0.00, actual        0 ( 0.00x) - passed
ok 62 - Collision Rate for Keyset 'Sparse' - 32-bit keys with up to 6 bits set
ok 63 - Distribution Bias Check for Keyset 'Sparse' - 32-bit keys with up to 6 bits set
# Keyset 'Sparse' - 40-bit keys with up to 6 bits set - 4598479 keys
# Testing collisions   - Expected     0.00, actual        0 ( 0.00x) - passed
ok 64 - Collision Rate for Keyset 'Sparse' - 40-bit keys with up to 6 bits set
ok 65 - Distribution Bias Check for Keyset 'Sparse' - 40-bit keys with up to 6 bits set
# Keyset 'Sparse' - 48-bit keys with up to 5 bits set - 1925357 keys
# Testing collisions   - Expected     0.00, actual        0 ( 0.00x) - passed
ok 66 - Collision Rate for Keyset 'Sparse' - 48-bit keys with up to 5 bits set
ok 67 - Distribution Bias Check for Keyset 'Sparse' - 48-bit keys with up to 5 bits set
# Keyset 'Sparse' - 56-bit keys with up to 5 bits set - 4216423 keys
# Testing collisions   - Expected     0.00, actual        0 ( 0.00x) - passed
ok 68 - Collision Rate for Keyset 'Sparse' - 56-bit keys with up to 5 bits set
ok 69 - Distribution Bias Check for Keyset 'Sparse' - 56-bit keys with up to 5 bits set
# Keyset 'Sparse' - 64-bit keys with up to 5 bits set - 8303633 keys
# Testing collisions   - Expected     0.00, actual        0 ( 0.00x) - passed
ok 70 - Collision Rate for Keyset 'Sparse' - 64-bit keys with up to 5 bits set
ok 71 - Distribution Bias Check for Keyset 'Sparse' - 64-bit keys with up to 5 bits set
# Keyset 'Sparse' - 96-bit keys with up to 4 bits set - 3469497 keys
# Testing collisions   - Expected     0.00, actual        0 ( 0.00x) - passed
ok 72 - Collision Rate for Keyset 'Sparse' - 96-bit keys with up to 4 bits set
ok 73 - Distribution Bias Check for Keyset 'Sparse' - 96-bit keys with up to 4 bits set
# Keyset 'Sparse' - 256-bit keys with up to 3 bits set - 2796417 keys
# Testing collisions   - Expected     0.00, actual        0 ( 0.00x) - passed
ok 74 - Collision Rate for Keyset 'Sparse' - 256-bit keys with up to 3 bits set
ok 75 - Distribution Bias Check for Keyset 'Sparse' - 256-bit keys with up to 3 bits set
# Keyset 'Sparse' - 2048-bit keys with up to 2 bits set - 2098177 keys
# Testing collisions   - Expected     0.00, actual        0 ( 0.00x) - passed
ok 76 - Collision Rate for Keyset 'Sparse' - 2048-bit keys with up to 2 bits set
ok 77 - Distribution Bias Check for Keyset 'Sparse' - 2048-bit keys with up to 2 bits set
ok 78 - Keyset 'Sparse' # SipHash13
# Keyset 'CRC-MultiCollision' - 1048575 x 16 block keys - 128-bytes long - 10 seeds
# Testing collisions   - Expected     0.00, actual        0 ( 0.00x) - passed
ok 79 - Collision Rate for Keyset 'CRC-MultiCollision' - seed 1 # SipHash13
# Testing collisions   - Expected     0.00, actual        0 ( 0.00x) - passed
ok 80 - Collision Rate for Keyset 'CRC-MultiCollision' - seed 2 # SipHash13
# Testing collisions   - Expected     0.00, actual        0 ( 0.00x) - passed
ok 81 - Collision Rate for Keyset 'CRC-MultiCollision' - seed 3 # SipHash13
# Testing collisions   - Expected     0.00, actual        0 ( 0.00x) - passed
ok 82 - Collision Rate for Keyset 'CRC-MultiCollision' - seed 4 # SipHash13
# Testing collisions   - Expected     0.00, actual        0 ( 0.00x) - passed
ok 83 - Collision Rate for Keyset 'CRC-MultiCollision' - seed 5 # SipHash13
# Testing collisions   - Expected     0.00, actual        0 ( 0.00x) - passed
ok 84 - Collision Rate for Keyset 'CRC-MultiCollision' - seed 6 # SipHash13
# Testing collisions   - Expected     0.00, actual        0 ( 0.00x) - passed
ok 85 - Collision Rate for Keyset 'CRC-MultiCollision' - seed 7 # SipHash13
# Testing collisions   - Expected     0.00, actual        0 ( 0.00x) - passed
ok 86 - Collision Rate for Keyset 'CRC-MultiCollision' - seed 8 # SipHash13
# Testing collisions   - Expected     0.00, actual        0 ( 0.00x) - passed
ok 87 - Collision Rate for Keyset 'CRC-MultiCollision' - seed 9 # SipHash13
# Testing collisions   - Expected     0.00, actual        0 ( 0.00x) - passed
ok 88 - Collision Rate for Keyset 'CRC-MultiCollision' - seed 10 # SipHash13
### Keyset 'Combination Lowbits' Tests ###
# Keyset 'Combination' - up to 8 blocks from a set of 8 - 19173960 keys
# Testing collisions   - Expected     0.00, actual        0 ( 0.00x) - passed
ok 89 - Collision Rate for Keyset 'Combination Lowbits'
ok 90 - Distribution Bias Check for Keyset 'Combination Lowbits'
ok 91 - Keyset 'Combination Lowbits' # SipHash13
### Keyset 'Combination Highbits' Tests ###
# Keyset 'Combination' - up to 8 blocks from a set of 8 - 19173960 keys
# Testing collisions   - Expected     0.00, actual        0 ( 0.00x) - passed
ok 92 - Collision Rate for Keyset 'Combination Highbits'
ok 93 - Distribution Bias Check for Keyset 'Combination Highbits'
ok 94 - Keyset 'Combination Highbits' # SipHash13
### Keyset 'Combination Highbits2' Tests ###
# Keyset 'Combination' - up to 8 blocks from a set of 8 - 19173960 keys
# Testing collisions   - Expected     0.00, actual        0 ( 0.00x) - passed
ok 95 - Collision Rate for Keyset 'Combination Highbits2'
ok 96 - Distribution Bias Check for Keyset 'Combination Highbits2'
ok 97 - Keyset 'Combination Highbits2' # SipHash13
### Keyset 'Combination 0x80000000' Tests ###
# Keyset 'Combination' - up to 20 blocks from a set of 2 - 2097150 keys
# Testing collisions   - Expected     0.00, actual        0 ( 0.00x) - passed
ok 98 - Collision Rate for Keyset 'Combination 0x80000000'
ok 99 - Distribution Bias Check for Keyset 'Combination 0x80000000'
ok 100 - Keyset 'Combination 0x80000000' # SipHash13
### Keyset 'Combination 0x00000001' Tests ###
# Keyset 'Combination' - up to 20 blocks from a set of 2 - 2097150 keys
# Testing collisions   - Expected     0.00, actual        0 ( 0.00x) - passed
ok 101 - Collision Rate for Keyset 'Combination 0x00000001'
ok 102 - Distribution Bias Check for Keyset 'Combination 0x00000001'
ok 103 - Keyset 'Combination 0x00000001' # SipHash13
### Keyset 'Combination Hi-Lo' Tests ###
# Keyset 'Combination' - up to 6 blocks from a set of 15 - 12204240 keys
# Testing collisions   - Expected     0.00, actual        0 ( 0.00x) - passed
ok 104 - Collision Rate for Keyset 'Combination Hi-Lo'
ok 105 - Distribution Bias Check for Keyset 'Combination Hi-Lo'
ok 106 - Keyset 'Combination Hi-Lo' # SipHash13
### Keyset 'Text' Tests ###
# Keyset 'Text' - keys of form "Foo[XXXX]Bar" - 14776336 keys
# Testing collisions   - Expected     0.00, actual        0 ( 0.00x) - passed
ok 107 - Collision Rate for Keyset 'Text' - keys of form "Foo[XXXX]Bar" - 14776336 keys
ok 108 - Distribution Bias Check for Keyset 'Text' - keys of form "Foo[XXXX]Bar" - 14776336 keys
# Keyset 'Text' - keys of form "FooBar[XXXX]" - 14776336 keys
# Testing collisions   - Expected     0.00, actual        0 ( 0.00x) - passed
ok 109 - Collision Rate for Keyset 'Text' - keys of form "FooBar[XXXX]" - 14776336 keys
ok 110 - Distribution Bias Check for Keyset 'Text' - keys of form "FooBar[XXXX]" - 14776336 keys
# Keyset 'Text' - keys of form "[XXXX]FooBar" - 14776336 keys
# Testing collisions   - Expected     0.00, actual        0 ( 0.00x) - passed
ok 111 - Collision Rate for Keyset 'Text' - keys of form "[XXXX]FooBar" - 14776336 keys
ok 112 - Distribution Bias Check for Keyset 'Text' - keys of form "[XXXX]FooBar" - 14776336 keys
ok 113 - Keyset 'Text' # SipHash13
### Keyset 'Zeroes' Tests ###
# Keyset 'Zeroes' - 262144 keys
# Testing collisions   - Expected     0.00, actual        0 ( 0.00x) - passed
ok 114 - Collision Rate for Keyset 'Zeroes' - 262144 keys
ok 115 - Distribution Bias Check for Keyset 'Zeroes' - 262144 keys
ok 116 - Keyset 'Zeroes' # SipHash13
### Keyset 'Seed' Tests ###
# Keyset 'Seed' - 2000000 seeds, Key "The quick brown fox "...
# Testing collisions   - Expected     0.00, actual        0 ( 0.00x) - passed
ok 117 - Collision Rate for Keyset 'Seed' - 2000000 seeds, Key "The quick brown fox "...
ok 118 - Distribution Bias Check for Keyset 'Seed' - 2000000 seeds, Key "The quick brown fox "...
# Keyset 'Seed' - 2000000 seeds, Key ""
# Testing collisions   - Expected     0.00, actual        0 ( 0.00x) - passed
ok 119 - Collision Rate for Keyset 'Seed' - 2000000 seeds, Key ""
ok 120 - Distribution Bias Check for Keyset 'Seed' - 2000000 seeds, Key ""
# Keyset 'Seed' - 2000000 seeds, Key "00101100110101101"
# Testing collisions   - Expected     0.00, actual        0 ( 0.00x) - passed
ok 121 - Collision Rate for Keyset 'Seed' - 2000000 seeds, Key "00101100110101101"
ok 122 - Distribution Bias Check for Keyset 'Seed' - 2000000 seeds, Key "00101100110101101"
# Keyset 'Seed' - 2000000 seeds, Key "abcbcddbdebdcaaabaaa"...
# Testing collisions   - Expected     0.00, actual        0 ( 0.00x) - passed
ok 123 - Collision Rate for Keyset 'Seed' - 2000000 seeds, Key "abcbcddbdebdcaaabaaa"...
ok 124 - Distribution Bias Check for Keyset 'Seed' - 2000000 seeds, Key "abcbcddbdebdcaaabaaa"...
ok 125 - Keyset 'Seed' # SipHash13
### Keyset 'Effs' Tests ###
# Keyset 'Effs' - 262144 keys
# Testing collisions   - Expected     0.00, actual        0 ( 0.00x) - passed
ok 126 - Collision Rate for Keyset 'Effs' - 262144 keys
ok 127 - Distribution Bias Check for Keyset 'Effs' - 262144 keys
ok 128 - Keyset 'Effs' # SipHash13
ok 129 - all tests passed # SipHash13
1..129
# All Tests Passed. SipHash13 passed all 129 tests run.
# Testing took 2007.675583 seconds
# This is SMHasher version v1.0-demerphq-5-g86440f3 - built on Mar 10 2017.
