ok 1 - Found Hash # Spooky128
###################################################################
### Testing Spooky128 - with seed_state
### - Bob Jenkins' SpookyHash, 128-bit seed, 128-bit result -
### seedbits: 128 statebits: 128 hashbits: 128
###################################################################
ok 2 - Verification code # Spooky128
# Spooky128            - Verification value 0x5DF3C836 : Passed.
### Sanity Tests ###
# Sanity check simple key bit flips and consistency..........
ok 3 - SanityTest # Spooky128
# Sanity check null suffixes change the hash (simple)..........
ok 4 - Appended Zeroes Test # Spooky128
ok 5 - Sanity Test # Spooky128
### Speed Tests ###
## Bulk speed test - 262144-byte keys
# Alignment  7 -  4.985 bytes/cycle - 14261.53 MiB/sec @ 3 ghz
# Alignment  6 -  4.985 bytes/cycle - 14261.46 MiB/sec @ 3 ghz
# Alignment  5 -  4.984 bytes/cycle - 14259.30 MiB/sec @ 3 ghz
# Alignment  4 -  4.954 bytes/cycle - 14174.67 MiB/sec @ 3 ghz
# Alignment  3 -  4.985 bytes/cycle - 14262.61 MiB/sec @ 3 ghz
# Alignment  2 -  4.986 bytes/cycle - 14265.23 MiB/sec @ 3 ghz
# Alignment  1 -  4.984 bytes/cycle - 14257.98 MiB/sec @ 3 ghz
# Alignment  0 -  5.044 bytes/cycle - 14432.36 MiB/sec @ 3 ghz
# Average      -  4.988 bytes/cycle - 14271.89 MiB/sec @ 3 ghz
## KeySpeed tests
# Spooky128                 0 byte keys       20.000 c/h
# Spooky128                 1 byte keys       20.000 c/h       20.000 c/b        0.050 b/c
# Spooky128                 2 byte keys       20.995 c/h       10.497 c/b        0.095 b/c
# Spooky128                 3 byte keys       21.000 c/h        7.000 c/b        0.143 b/c
# Spooky128                 4 byte keys       20.000 c/h        5.000 c/b        0.200 b/c
# Spooky128                 5 byte keys       20.995 c/h        4.199 c/b        0.238 b/c
# Spooky128                 6 byte keys       21.290 c/h        3.548 c/b        0.282 b/c
# Spooky128                 7 byte keys       21.124 c/h        3.018 c/b        0.331 b/c
# Spooky128                 8 byte keys       20.000 c/h        2.500 c/b        0.400 b/c
# Spooky128                 9 byte keys       25.352 c/h        2.817 c/b        0.355 b/c
# Spooky128                10 byte keys       21.000 c/h        2.100 c/b        0.476 b/c
# Spooky128                11 byte keys       21.269 c/h        1.934 c/b        0.517 b/c
# Spooky128                12 byte keys       20.000 c/h        1.667 c/b        0.600 b/c
# Spooky128                13 byte keys       21.000 c/h        1.615 c/b        0.619 b/c
# Spooky128                14 byte keys       21.523 c/h        1.537 c/b        0.650 b/c
# Spooky128                15 byte keys       22.558 c/h        1.504 c/b        0.665 b/c
# Spooky128                16 byte keys       35.991 c/h        2.249 c/b        0.445 b/c
# Spooky128                17 byte keys       35.855 c/h        2.109 c/b        0.474 b/c
# Spooky128                18 byte keys       35.998 c/h        2.000 c/b        0.500 b/c
# Spooky128                19 byte keys       37.000 c/h        1.947 c/b        0.514 b/c
# Spooky128                20 byte keys       35.873 c/h        1.794 c/b        0.558 b/c
# Spooky128                21 byte keys       35.974 c/h        1.713 c/b        0.584 b/c
# Spooky128                22 byte keys       37.000 c/h        1.682 c/b        0.595 b/c
# Spooky128                23 byte keys       37.898 c/h        1.648 c/b        0.607 b/c
# Spooky128                24 byte keys       35.948 c/h        1.498 c/b        0.668 b/c
# Spooky128                25 byte keys       36.489 c/h        1.460 c/b        0.685 b/c
# Spooky128                26 byte keys       35.902 c/h        1.381 c/b        0.724 b/c
# Spooky128                27 byte keys       35.988 c/h        1.333 c/b        0.750 b/c
# Spooky128                28 byte keys       35.932 c/h        1.283 c/b        0.779 b/c
# Spooky128                29 byte keys       35.893 c/h        1.238 c/b        0.808 b/c
# Spooky128                30 byte keys       35.961 c/h        1.199 c/b        0.834 b/c
# Spooky128                31 byte keys       36.000 c/h        1.161 c/b        0.861 b/c
#                          Average < 32       28.682 c/h        1.850 c/b        0.540 b/c
# Spooky128                32 byte keys       37.391 c/h        1.168 c/b        0.856 b/c
# Spooky128                36 byte keys       46.152 c/h        1.282 c/b        0.780 b/c
# Spooky128                40 byte keys       38.124 c/h        0.953 c/b        1.049 b/c
# Spooky128                44 byte keys       37.677 c/h        0.856 c/b        1.168 b/c
# Spooky128                48 byte keys       58.000 c/h        1.208 c/b        0.828 b/c
# Spooky128                52 byte keys       58.404 c/h        1.123 c/b        0.890 b/c
# Spooky128                56 byte keys       69.699 c/h        1.245 c/b        0.803 b/c
# Spooky128                60 byte keys       58.000 c/h        0.967 c/b        1.034 b/c
# Spooky128                64 byte keys       59.995 c/h        0.937 c/b        1.067 b/c
# Spooky128                68 byte keys       60.120 c/h        0.884 c/b        1.131 b/c
# Spooky128                72 byte keys       59.944 c/h        0.833 c/b        1.201 b/c
# Spooky128                76 byte keys       60.230 c/h        0.793 c/b        1.262 b/c
# Spooky128                80 byte keys       80.373 c/h        1.005 c/b        0.995 b/c
# Spooky128                84 byte keys       80.931 c/h        0.963 c/b        1.038 b/c
# Spooky128                88 byte keys       80.665 c/h        0.917 c/b        1.091 b/c
# Spooky128                92 byte keys       80.958 c/h        0.880 c/b        1.136 b/c
# Spooky128                96 byte keys       81.909 c/h        0.853 c/b        1.172 b/c
# Spooky128               100 byte keys       82.339 c/h        0.823 c/b        1.214 b/c
# Spooky128               104 byte keys       81.958 c/h        0.788 c/b        1.269 b/c
# Spooky128               108 byte keys       81.963 c/h        0.759 c/b        1.318 b/c
# Spooky128               112 byte keys      104.766 c/h        0.935 c/b        1.069 b/c
# Spooky128               116 byte keys      102.664 c/h        0.885 c/b        1.130 b/c
# Spooky128               120 byte keys      102.749 c/h        0.856 c/b        1.168 b/c
# Spooky128               124 byte keys      102.325 c/h        0.825 c/b        1.212 b/c
#                         Average < 128       46.878 c/h        1.109 c/b        0.902 b/c
# Spooky128               128 byte keys      104.393 c/h        0.816 c/b        1.226 b/c
# Spooky128               256 byte keys      137.250 c/h        0.536 c/b        1.865 b/c
# Spooky128               512 byte keys      194.662 c/h        0.380 c/b        2.630 b/c
# Spooky128              1024 byte keys      286.576 c/h        0.280 c/b        3.573 b/c
# Spooky128              2048 byte keys      506.944 c/h        0.248 c/b        4.040 b/c
# Spooky128              4096 byte keys      886.013 c/h        0.216 c/b        4.623 b/c
# Spooky128              8192 byte keys     1691.569 c/h        0.206 c/b        4.843 b/c
# Spooky128             16384 byte keys     3297.994 c/h        0.201 c/b        4.968 b/c
# Spooky128             32768 byte keys     6508.091 c/h        0.199 c/b        5.035 b/c
# Spooky128             65536 byte keys    12889.086 c/h        0.197 c/b        5.085 b/c
#                       Overall Average      441.329 c/h        0.218 c/b        4.577 b/c
ok 6 - Speed (always passes) # Spooky128
### Differential Tests ###
# Testing 8303632 up-to-5-bit differentials in 64-bit keys -> 128 bit hashes.
# 1000 reps, 8303632000 total tests, expecting 0.00 random collisions..........
ok 7 - Differential collisions # Spooky128
ok 8 - Nothing skipped during differential collision check # Spooky128
# 0 total collisions, of which 0 single collisions were ignored
ok 9 - ProcessDifferentials
# Testing 11017632 up-to-4-bit differentials in 128-bit keys -> 128 bit hashes.
# 1000 reps, 11017632000 total tests, expecting 0.00 random collisions..........
ok 10 - Differential collisions # Spooky128
ok 11 - Nothing skipped during differential collision check # Spooky128
# 0 total collisions, of which 0 single collisions were ignored
ok 12 - ProcessDifferentials
# Testing 2796416 up-to-3-bit differentials in 256-bit keys -> 128 bit hashes.
# 1000 reps, 2796416000 total tests, expecting 0.00 random collisions..........
ok 13 - Differential collisions # Spooky128
ok 14 - Nothing skipped during differential collision check # Spooky128
# 0 total collisions, of which 0 single collisions were ignored
ok 15 - ProcessDifferentials
ok 16 - Differential # Spooky128
### Avalanche Tests ### - seed-bits: 128 hash-bits: 128
# Samples 250000, expected error 0.00102400, confidence level 99.99994267%
# Testing   0-bit keys.......... ok.     # worst-bit:   0.760% error-ratio: 1.024456e+00
ok 17 - Strict Avalanche Criteria - 0 bit keys
# Testing   8-bit keys.......... ok.     # worst-bit:   0.738% error-ratio: 9.898455e-01
ok 18 - Strict Avalanche Criteria - 8 bit keys
# Testing  16-bit keys.......... ok.     # worst-bit:   0.879% error-ratio: 1.000431e+00
ok 19 - Strict Avalanche Criteria - 16 bit keys
# Testing  24-bit keys.......... ok.     # worst-bit:   0.764% error-ratio: 1.006383e+00
ok 20 - Strict Avalanche Criteria - 24 bit keys
# Testing  32-bit keys.......... ok.     # worst-bit:   0.742% error-ratio: 1.013144e+00
ok 21 - Strict Avalanche Criteria - 32 bit keys
# Testing  40-bit keys.......... ok.     # worst-bit:   0.840% error-ratio: 1.003822e+00
ok 22 - Strict Avalanche Criteria - 40 bit keys
# Testing  48-bit keys.......... ok.     # worst-bit:   0.904% error-ratio: 1.004198e+00
ok 23 - Strict Avalanche Criteria - 48 bit keys
# Testing  56-bit keys.......... ok.     # worst-bit:   0.953% error-ratio: 9.849691e-01
ok 24 - Strict Avalanche Criteria - 56 bit keys
# Testing  64-bit keys.......... ok.     # worst-bit:   0.889% error-ratio: 1.011992e+00
ok 25 - Strict Avalanche Criteria - 64 bit keys
# Testing  72-bit keys.......... ok.     # worst-bit:   0.945% error-ratio: 1.006243e+00
ok 26 - Strict Avalanche Criteria - 72 bit keys
# Testing  80-bit keys.......... ok.     # worst-bit:   0.878% error-ratio: 9.873122e-01
ok 27 - Strict Avalanche Criteria - 80 bit keys
# Testing  88-bit keys.......... ok.     # worst-bit:   0.834% error-ratio: 1.000373e+00
ok 28 - Strict Avalanche Criteria - 88 bit keys
# Testing  96-bit keys.......... ok.     # worst-bit:   0.796% error-ratio: 1.008737e+00
ok 29 - Strict Avalanche Criteria - 96 bit keys
# Testing 104-bit keys.......... ok.     # worst-bit:   0.855% error-ratio: 9.985443e-01
ok 30 - Strict Avalanche Criteria - 104 bit keys
# Testing 112-bit keys.......... ok.     # worst-bit:   0.870% error-ratio: 1.009915e+00
ok 31 - Strict Avalanche Criteria - 112 bit keys
# Testing 120-bit keys.......... ok.     # worst-bit:   0.970% error-ratio: 1.002345e+00
ok 32 - Strict Avalanche Criteria - 120 bit keys
# Testing 128-bit keys.......... ok.     # worst-bit:   0.834% error-ratio: 9.778747e-01
ok 33 - Strict Avalanche Criteria - 128 bit keys
# Testing 136-bit keys.......... ok.     # worst-bit:   0.902% error-ratio: 1.002548e+00
ok 34 - Strict Avalanche Criteria - 136 bit keys
# Testing 144-bit keys.......... ok.     # worst-bit:   0.754% error-ratio: 9.968138e-01
ok 35 - Strict Avalanche Criteria - 144 bit keys
# Testing 152-bit keys.......... ok.     # worst-bit:   0.875% error-ratio: 9.891170e-01
ok 36 - Strict Avalanche Criteria - 152 bit keys
# Testing 152-bit keys.......... ok.     # worst-bit:   0.835% error-ratio: 1.001157e+00
ok 37 - Strict Avalanche Criteria - 160 bit keys
# Testing 256-bit keys.......... ok.     # worst-bit:   0.974% error-ratio: 9.988432e-01
ok 38 - Strict Avalanche Criteria - 256 bit keys
ok 39 - Strict Avalanche Criteria # Spooky128
### Keyset 'Cyclic' Tests ###
# Keyset 'Cyclic' - 8 cycles of 16 bytes - 10000000 keys
# Testing collisions   - Expected     0.00, actual        0 ( 0.00x) - passed
ok 40 - Collision Rate for Keyset 'Cyclic' - 8 cycles of 16 bytes - 10000000 keys
ok 41 - Distribution Bias Check for Keyset 'Cyclic' - 8 cycles of 16 bytes - 10000000 keys
# Keyset 'Cyclic' - 8 cycles of 17 bytes - 10000000 keys
# Testing collisions   - Expected     0.00, actual        0 ( 0.00x) - passed
ok 42 - Collision Rate for Keyset 'Cyclic' - 8 cycles of 17 bytes - 10000000 keys
ok 43 - Distribution Bias Check for Keyset 'Cyclic' - 8 cycles of 17 bytes - 10000000 keys
# Keyset 'Cyclic' - 8 cycles of 18 bytes - 10000000 keys
# Testing collisions   - Expected     0.00, actual        0 ( 0.00x) - passed
ok 44 - Collision Rate for Keyset 'Cyclic' - 8 cycles of 18 bytes - 10000000 keys
ok 45 - Distribution Bias Check for Keyset 'Cyclic' - 8 cycles of 18 bytes - 10000000 keys
# Keyset 'Cyclic' - 8 cycles of 19 bytes - 10000000 keys
# Testing collisions   - Expected     0.00, actual        0 ( 0.00x) - passed
ok 46 - Collision Rate for Keyset 'Cyclic' - 8 cycles of 19 bytes - 10000000 keys
ok 47 - Distribution Bias Check for Keyset 'Cyclic' - 8 cycles of 19 bytes - 10000000 keys
# Keyset 'Cyclic' - 8 cycles of 20 bytes - 10000000 keys
# Testing collisions   - Expected     0.00, actual        0 ( 0.00x) - passed
ok 48 - Collision Rate for Keyset 'Cyclic' - 8 cycles of 20 bytes - 10000000 keys
ok 49 - Distribution Bias Check for Keyset 'Cyclic' - 8 cycles of 20 bytes - 10000000 keys
ok 50 - Keyset 'Cyclic' # Spooky128
### Keyset 'TwoBytes' Tests ###
# Testing collisions   - Expected     0.00, actual        0 ( 0.00x) - passed
ok 51 - Collision Rate for Keyset 'TwoBytes' - up-to-4-byte keys, 652545 total keys
ok 52 - Distribution Bias Check for Keyset 'TwoBytes' - up-to-4-byte keys, 652545 total keys
# Testing collisions   - Expected     0.00, actual        0 ( 0.00x) - passed
ok 53 - Collision Rate for Keyset 'TwoBytes' - up-to-8-byte keys, 5471025 total keys
ok 54 - Distribution Bias Check for Keyset 'TwoBytes' - up-to-8-byte keys, 5471025 total keys
# Testing collisions   - Expected     0.00, actual        0 ( 0.00x) - passed
ok 55 - Collision Rate for Keyset 'TwoBytes' - up-to-12-byte keys, 18616785 total keys
ok 56 - Distribution Bias Check for Keyset 'TwoBytes' - up-to-12-byte keys, 18616785 total keys
# Testing collisions   - Expected     0.00, actual        0 ( 0.00x) - passed
ok 57 - Collision Rate for Keyset 'TwoBytes' - up-to-16-byte keys, 44251425 total keys
ok 58 - Distribution Bias Check for Keyset 'TwoBytes' - up-to-16-byte keys, 44251425 total keys
# Testing collisions   - Expected     0.00, actual        0 ( 0.00x) - passed
ok 59 - Collision Rate for Keyset 'TwoBytes' - up-to-20-byte keys, 86536545 total keys
ok 60 - Distribution Bias Check for Keyset 'TwoBytes' - up-to-20-byte keys, 86536545 total keys
ok 61 - Keyset 'TwoBytes' # Spooky128
### Keyset 'Sparse' Tests ###
# Keyset 'Sparse' - 32-bit keys with up to 6 bits set - 1149017 keys
# Testing collisions   - Expected     0.00, actual        0 ( 0.00x) - passed
ok 62 - Collision Rate for Keyset 'Sparse' - 32-bit keys with up to 6 bits set
ok 63 - Distribution Bias Check for Keyset 'Sparse' - 32-bit keys with up to 6 bits set
# Keyset 'Sparse' - 40-bit keys with up to 6 bits set - 4598479 keys
# Testing collisions   - Expected     0.00, actual        0 ( 0.00x) - passed
ok 64 - Collision Rate for Keyset 'Sparse' - 40-bit keys with up to 6 bits set
ok 65 - Distribution Bias Check for Keyset 'Sparse' - 40-bit keys with up to 6 bits set
# Keyset 'Sparse' - 48-bit keys with up to 5 bits set - 1925357 keys
# Testing collisions   - Expected     0.00, actual        0 ( 0.00x) - passed
ok 66 - Collision Rate for Keyset 'Sparse' - 48-bit keys with up to 5 bits set
ok 67 - Distribution Bias Check for Keyset 'Sparse' - 48-bit keys with up to 5 bits set
# Keyset 'Sparse' - 56-bit keys with up to 5 bits set - 4216423 keys
# Testing collisions   - Expected     0.00, actual        0 ( 0.00x) - passed
ok 68 - Collision Rate for Keyset 'Sparse' - 56-bit keys with up to 5 bits set
ok 69 - Distribution Bias Check for Keyset 'Sparse' - 56-bit keys with up to 5 bits set
# Keyset 'Sparse' - 64-bit keys with up to 5 bits set - 8303633 keys
# Testing collisions   - Expected     0.00, actual        0 ( 0.00x) - passed
ok 70 - Collision Rate for Keyset 'Sparse' - 64-bit keys with up to 5 bits set
ok 71 - Distribution Bias Check for Keyset 'Sparse' - 64-bit keys with up to 5 bits set
# Keyset 'Sparse' - 96-bit keys with up to 4 bits set - 3469497 keys
# Testing collisions   - Expected     0.00, actual        0 ( 0.00x) - passed
ok 72 - Collision Rate for Keyset 'Sparse' - 96-bit keys with up to 4 bits set
ok 73 - Distribution Bias Check for Keyset 'Sparse' - 96-bit keys with up to 4 bits set
# Keyset 'Sparse' - 256-bit keys with up to 3 bits set - 2796417 keys
# Testing collisions   - Expected     0.00, actual        0 ( 0.00x) - passed
ok 74 - Collision Rate for Keyset 'Sparse' - 256-bit keys with up to 3 bits set
ok 75 - Distribution Bias Check for Keyset 'Sparse' - 256-bit keys with up to 3 bits set
# Keyset 'Sparse' - 2048-bit keys with up to 2 bits set - 2098177 keys
# Testing collisions   - Expected     0.00, actual        0 ( 0.00x) - passed
ok 76 - Collision Rate for Keyset 'Sparse' - 2048-bit keys with up to 2 bits set
ok 77 - Distribution Bias Check for Keyset 'Sparse' - 2048-bit keys with up to 2 bits set
ok 78 - Keyset 'Sparse' # Spooky128
# Keyset 'CRC-MultiCollision' - 1048575 x 16 block keys - 128-bytes long - 10 seeds
# Testing collisions   - Expected     0.00, actual        0 ( 0.00x) - passed
ok 79 - Collision Rate for Keyset 'CRC-MultiCollision' - seed 1 # Spooky128
# Testing collisions   - Expected     0.00, actual        0 ( 0.00x) - passed
ok 80 - Collision Rate for Keyset 'CRC-MultiCollision' - seed 2 # Spooky128
# Testing collisions   - Expected     0.00, actual        0 ( 0.00x) - passed
ok 81 - Collision Rate for Keyset 'CRC-MultiCollision' - seed 3 # Spooky128
# Testing collisions   - Expected     0.00, actual        0 ( 0.00x) - passed
ok 82 - Collision Rate for Keyset 'CRC-MultiCollision' - seed 4 # Spooky128
# Testing collisions   - Expected     0.00, actual        0 ( 0.00x) - passed
ok 83 - Collision Rate for Keyset 'CRC-MultiCollision' - seed 5 # Spooky128
# Testing collisions   - Expected     0.00, actual        0 ( 0.00x) - passed
ok 84 - Collision Rate for Keyset 'CRC-MultiCollision' - seed 6 # Spooky128
# Testing collisions   - Expected     0.00, actual        0 ( 0.00x) - passed
ok 85 - Collision Rate for Keyset 'CRC-MultiCollision' - seed 7 # Spooky128
# Testing collisions   - Expected     0.00, actual        0 ( 0.00x) - passed
ok 86 - Collision Rate for Keyset 'CRC-MultiCollision' - seed 8 # Spooky128
# Testing collisions   - Expected     0.00, actual        0 ( 0.00x) - passed
ok 87 - Collision Rate for Keyset 'CRC-MultiCollision' - seed 9 # Spooky128
# Testing collisions   - Expected     0.00, actual        0 ( 0.00x) - passed
ok 88 - Collision Rate for Keyset 'CRC-MultiCollision' - seed 10 # Spooky128
### Keyset 'Combination Lowbits' Tests ###
# Keyset 'Combination' - up to 8 blocks from a set of 8 - 19173960 keys
# Testing collisions   - Expected     0.00, actual        0 ( 0.00x) - passed
ok 89 - Collision Rate for Keyset 'Combination Lowbits'
ok 90 - Distribution Bias Check for Keyset 'Combination Lowbits'
ok 91 - Keyset 'Combination Lowbits' # Spooky128
### Keyset 'Combination Highbits' Tests ###
# Keyset 'Combination' - up to 8 blocks from a set of 8 - 19173960 keys
# Testing collisions   - Expected     0.00, actual        0 ( 0.00x) - passed
ok 92 - Collision Rate for Keyset 'Combination Highbits'
ok 93 - Distribution Bias Check for Keyset 'Combination Highbits'
ok 94 - Keyset 'Combination Highbits' # Spooky128
### Keyset 'Combination Highbits2' Tests ###
# Keyset 'Combination' - up to 8 blocks from a set of 8 - 19173960 keys
# Testing collisions   - Expected     0.00, actual        0 ( 0.00x) - passed
ok 95 - Collision Rate for Keyset 'Combination Highbits2'
ok 96 - Distribution Bias Check for Keyset 'Combination Highbits2'
ok 97 - Keyset 'Combination Highbits2' # Spooky128
### Keyset 'Combination 0x80000000' Tests ###
# Keyset 'Combination' - up to 20 blocks from a set of 2 - 2097150 keys
# Testing collisions   - Expected     0.00, actual        0 ( 0.00x) - passed
ok 98 - Collision Rate for Keyset 'Combination 0x80000000'
ok 99 - Distribution Bias Check for Keyset 'Combination 0x80000000'
ok 100 - Keyset 'Combination 0x80000000' # Spooky128
### Keyset 'Combination 0x00000001' Tests ###
# Keyset 'Combination' - up to 20 blocks from a set of 2 - 2097150 keys
# Testing collisions   - Expected     0.00, actual        0 ( 0.00x) - passed
ok 101 - Collision Rate for Keyset 'Combination 0x00000001'
ok 102 - Distribution Bias Check for Keyset 'Combination 0x00000001'
ok 103 - Keyset 'Combination 0x00000001' # Spooky128
### Keyset 'Combination Hi-Lo' Tests ###
# Keyset 'Combination' - up to 6 blocks from a set of 15 - 12204240 keys
# Testing collisions   - Expected     0.00, actual        0 ( 0.00x) - passed
ok 104 - Collision Rate for Keyset 'Combination Hi-Lo'
ok 105 - Distribution Bias Check for Keyset 'Combination Hi-Lo'
ok 106 - Keyset 'Combination Hi-Lo' # Spooky128
### Keyset 'Text' Tests ###
# Keyset 'Text' - keys of form "Foo[XXXX]Bar" - 14776336 keys
# Testing collisions   - Expected     0.00, actual        0 ( 0.00x) - passed
ok 107 - Collision Rate for Keyset 'Text' - keys of form "Foo[XXXX]Bar" - 14776336 keys
ok 108 - Distribution Bias Check for Keyset 'Text' - keys of form "Foo[XXXX]Bar" - 14776336 keys
# Keyset 'Text' - keys of form "FooBar[XXXX]" - 14776336 keys
# Testing collisions   - Expected     0.00, actual        0 ( 0.00x) - passed
ok 109 - Collision Rate for Keyset 'Text' - keys of form "FooBar[XXXX]" - 14776336 keys
ok 110 - Distribution Bias Check for Keyset 'Text' - keys of form "FooBar[XXXX]" - 14776336 keys
# Keyset 'Text' - keys of form "[XXXX]FooBar" - 14776336 keys
# Testing collisions   - Expected     0.00, actual        0 ( 0.00x) - passed
ok 111 - Collision Rate for Keyset 'Text' - keys of form "[XXXX]FooBar" - 14776336 keys
ok 112 - Distribution Bias Check for Keyset 'Text' - keys of form "[XXXX]FooBar" - 14776336 keys
ok 113 - Keyset 'Text' # Spooky128
### Keyset 'Zeroes' Tests ###
# Keyset 'Zeroes' - 262144 keys
# Testing collisions   - Expected     0.00, actual        0 ( 0.00x) - passed
ok 114 - Collision Rate for Keyset 'Zeroes' - 262144 keys
ok 115 - Distribution Bias Check for Keyset 'Zeroes' - 262144 keys
ok 116 - Keyset 'Zeroes' # Spooky128
### Keyset 'Seed' Tests ###
# Keyset 'Seed' - 2000000 seeds, Key "The quick brown fox "...
# Testing collisions   - Expected     0.00, actual        0 ( 0.00x) - passed
ok 117 - Collision Rate for Keyset 'Seed' - 2000000 seeds, Key "The quick brown fox "...
ok 118 - Distribution Bias Check for Keyset 'Seed' - 2000000 seeds, Key "The quick brown fox "...
# Keyset 'Seed' - 2000000 seeds, Key ""
# Testing collisions   - Expected     0.00, actual        0 ( 0.00x) - passed
ok 119 - Collision Rate for Keyset 'Seed' - 2000000 seeds, Key ""
ok 120 - Distribution Bias Check for Keyset 'Seed' - 2000000 seeds, Key ""
# Keyset 'Seed' - 2000000 seeds, Key "00101100110101101"
# Testing collisions   - Expected     0.00, actual        0 ( 0.00x) - passed
ok 121 - Collision Rate for Keyset 'Seed' - 2000000 seeds, Key "00101100110101101"
ok 122 - Distribution Bias Check for Keyset 'Seed' - 2000000 seeds, Key "00101100110101101"
# Keyset 'Seed' - 2000000 seeds, Key "abcbcddbdebdcaaabaaa"...
# Testing collisions   - Expected     0.00, actual        0 ( 0.00x) - passed
ok 123 - Collision Rate for Keyset 'Seed' - 2000000 seeds, Key "abcbcddbdebdcaaabaaa"...
ok 124 - Distribution Bias Check for Keyset 'Seed' - 2000000 seeds, Key "abcbcddbdebdcaaabaaa"...
ok 125 - Keyset 'Seed' # Spooky128
### Keyset 'Effs' Tests ###
# Keyset 'Effs' - 262144 keys
# Testing collisions   - Expected     0.00, actual        0 ( 0.00x) - passed
ok 126 - Collision Rate for Keyset 'Effs' - 262144 keys
ok 127 - Distribution Bias Check for Keyset 'Effs' - 262144 keys
ok 128 - Keyset 'Effs' # Spooky128
ok 129 - all tests passed # Spooky128
1..129
# All Tests Passed. Spooky128 passed all 129 tests run.
# Testing took 2820.579818 seconds
# This is SMHasher version v1.0-demerphq-5-g86440f3 - built on Mar 10 2017.
