ok 1 - SelfTest - Verify 89 Hashes
ok 2 - Found Hash # Spooky32
###################################################################
### Testing Spooky32 - with seed_state
### - Bob Jenkins' SpookyHash, 32-bit seed, 32-bit result -
### seedbits: 32 statebits: 128 hashbits: 32
###################################################################
### Sanity Tests ###
ok 3 - Verification code # Spooky32
# Sanity check simple key bit flips and consistency..........
ok 4 - SanityTest # Spooky32
# Sanity check null suffixes change the hash (simple)..........
ok 5 - Appended Zeroes Test # Spooky32
ok 6 - Sanity Test # Spooky32
### Speed Tests ###
## Bulk speed test - 262144-byte keys
# Alignment  7 -  4.976 bytes/cycle - 14236.51 MiB/sec @ 3 ghz
# Alignment  6 -  4.985 bytes/cycle - 14263.20 MiB/sec @ 3 ghz
# Alignment  5 -  4.980 bytes/cycle - 14248.80 MiB/sec @ 3 ghz
# Alignment  4 -  4.993 bytes/cycle - 14286.46 MiB/sec @ 3 ghz
# Alignment  3 -  4.956 bytes/cycle - 14178.10 MiB/sec @ 3 ghz
# Alignment  2 -  4.982 bytes/cycle - 14253.69 MiB/sec @ 3 ghz
# Alignment  1 -  4.984 bytes/cycle - 14258.19 MiB/sec @ 3 ghz
# Alignment  0 -  5.034 bytes/cycle - 14403.37 MiB/sec @ 3 ghz
# Average      -  4.986 bytes/cycle - 14266.04 MiB/sec @ 3 ghz
## KeySpeed tests
# Spooky32                  0 byte keys       24.879 c/h
# Spooky32                  1 byte keys       26.000 c/h       26.000 c/b        0.038 b/c
# Spooky32                  2 byte keys       29.399 c/h       14.699 c/b        0.068 b/c
# Spooky32                  3 byte keys       29.987 c/h        9.996 c/b        0.100 b/c
# Spooky32                  4 byte keys       26.240 c/h        6.560 c/b        0.152 b/c
# Spooky32                  5 byte keys       26.000 c/h        5.200 c/b        0.192 b/c
# Spooky32                  6 byte keys       27.132 c/h        4.522 c/b        0.221 b/c
# Spooky32                  7 byte keys       27.000 c/h        3.857 c/b        0.259 b/c
# Spooky32                  8 byte keys       35.000 c/h        4.375 c/b        0.229 b/c
# Spooky32                  9 byte keys       35.000 c/h        3.889 c/b        0.257 b/c
# Spooky32                 10 byte keys       35.287 c/h        3.529 c/b        0.283 b/c
# Spooky32                 11 byte keys       35.368 c/h        3.215 c/b        0.311 b/c
# Spooky32                 12 byte keys       34.999 c/h        2.917 c/b        0.343 b/c
# Spooky32                 13 byte keys       35.286 c/h        2.714 c/b        0.368 b/c
# Spooky32                 14 byte keys       35.694 c/h        2.550 c/b        0.392 b/c
# Spooky32                 15 byte keys       35.000 c/h        2.333 c/b        0.429 b/c
# Spooky32                 16 byte keys       56.000 c/h        3.500 c/b        0.286 b/c
# Spooky32                 17 byte keys       55.875 c/h        3.287 c/b        0.304 b/c
# Spooky32                 18 byte keys       57.504 c/h        3.195 c/b        0.313 b/c
# Spooky32                 19 byte keys       57.415 c/h        3.022 c/b        0.331 b/c
# Spooky32                 20 byte keys       55.884 c/h        2.794 c/b        0.358 b/c
# Spooky32                 21 byte keys       57.520 c/h        2.739 c/b        0.365 b/c
# Spooky32                 22 byte keys       57.373 c/h        2.608 c/b        0.383 b/c
# Spooky32                 23 byte keys       58.590 c/h        2.547 c/b        0.393 b/c
# Spooky32                 24 byte keys       57.650 c/h        2.402 c/b        0.416 b/c
# Spooky32                 25 byte keys       55.999 c/h        2.240 c/b        0.446 b/c
# Spooky32                 26 byte keys       55.784 c/h        2.146 c/b        0.466 b/c
# Spooky32                 27 byte keys       56.854 c/h        2.106 c/b        0.475 b/c
# Spooky32                 28 byte keys       56.000 c/h        2.000 c/b        0.500 b/c
# Spooky32                 29 byte keys       55.641 c/h        1.919 c/b        0.521 b/c
# Spooky32                 30 byte keys       56.835 c/h        1.895 c/b        0.528 b/c
# Spooky32                 31 byte keys       55.893 c/h        1.803 c/b        0.555 b/c
#                          Average < 32       43.909 c/h        2.833 c/b        0.353 b/c
# Spooky32                 32 byte keys       56.840 c/h        1.776 c/b        0.563 b/c
# Spooky32                 36 byte keys       57.657 c/h        1.602 c/b        0.624 b/c
# Spooky32                 40 byte keys       57.219 c/h        1.430 c/b        0.699 b/c
# Spooky32                 44 byte keys       56.912 c/h        1.293 c/b        0.773 b/c
# Spooky32                 48 byte keys       78.691 c/h        1.639 c/b        0.610 b/c
# Spooky32                 52 byte keys       80.075 c/h        1.540 c/b        0.649 b/c
# Spooky32                 56 byte keys       78.522 c/h        1.402 c/b        0.713 b/c
# Spooky32                 60 byte keys       79.409 c/h        1.323 c/b        0.756 b/c
# Spooky32                 64 byte keys       80.276 c/h        1.254 c/b        0.797 b/c
# Spooky32                 68 byte keys       79.610 c/h        1.171 c/b        0.854 b/c
# Spooky32                 72 byte keys       79.626 c/h        1.106 c/b        0.904 b/c
# Spooky32                 76 byte keys       79.964 c/h        1.052 c/b        0.950 b/c
# Spooky32                 80 byte keys      100.999 c/h        1.262 c/b        0.792 b/c
# Spooky32                 84 byte keys      100.982 c/h        1.202 c/b        0.832 b/c
# Spooky32                 88 byte keys      100.989 c/h        1.148 c/b        0.871 b/c
# Spooky32                 92 byte keys      101.227 c/h        1.100 c/b        0.909 b/c
# Spooky32                 96 byte keys      103.014 c/h        1.073 c/b        0.932 b/c
# Spooky32                100 byte keys      101.734 c/h        1.017 c/b        0.983 b/c
# Spooky32                104 byte keys      101.916 c/h        0.980 c/b        1.020 b/c
# Spooky32                108 byte keys      101.857 c/h        0.943 c/b        1.060 b/c
# Spooky32                112 byte keys      124.501 c/h        1.112 c/b        0.900 b/c
# Spooky32                116 byte keys      122.996 c/h        1.060 c/b        0.943 b/c
# Spooky32                120 byte keys      123.866 c/h        1.032 c/b        0.969 b/c
# Spooky32                124 byte keys      125.258 c/h        1.010 c/b        0.990 b/c
#                         Average < 128       63.915 c/h        1.511 c/b        0.662 b/c
# Spooky32                128 byte keys      123.978 c/h        0.969 c/b        1.032 b/c
# Spooky32                256 byte keys      142.126 c/h        0.555 c/b        1.801 b/c
# Spooky32                512 byte keys      199.606 c/h        0.390 c/b        2.565 b/c
# Spooky32               1024 byte keys      294.737 c/h        0.288 c/b        3.474 b/c
# Spooky32               2048 byte keys      505.721 c/h        0.247 c/b        4.050 b/c
# Spooky32               4096 byte keys      898.588 c/h        0.219 c/b        4.558 b/c
# Spooky32               8192 byte keys     1730.293 c/h        0.211 c/b        4.734 b/c
# Spooky32              16384 byte keys     3331.919 c/h        0.203 c/b        4.917 b/c
# Spooky32              32768 byte keys     6627.106 c/h        0.202 c/b        4.945 b/c
# Spooky32              65536 byte keys    12996.753 c/h        0.198 c/b        5.042 b/c
#                       Overall Average      461.061 c/h        0.228 c/b        4.381 b/c
ok 7 - Speed (always passes) # Spooky32
### Differential Tests ###
# Testing 8303632 up-to-5-bit differentials in 64-bit keys -> 32 bit hashes.
# 1000 reps, 8303632000 total tests, expecting 1.93 random collisions..........
ok 8 - Differential collisions # Spooky32
ok 9 - Nothing skipped during differential collision check # Spooky32
# 3 total collisions, of which 3 single collisions were ignored
ok 10 - ProcessDifferentials
# Testing 11017632 up-to-4-bit differentials in 128-bit keys -> 32 bit hashes.
# 1000 reps, 11017632000 total tests, expecting 2.57 random collisions..........
ok 11 - Differential collisions # Spooky32
ok 12 - Nothing skipped during differential collision check # Spooky32
# 0 total collisions, of which 0 single collisions were ignored
ok 13 - ProcessDifferentials
# Testing 2796416 up-to-3-bit differentials in 256-bit keys -> 32 bit hashes.
# 1000 reps, 2796416000 total tests, expecting 0.65 random collisions..........
ok 14 - Differential collisions # Spooky32
ok 15 - Nothing skipped during differential collision check # Spooky32
# 2 total collisions, of which 2 single collisions were ignored
ok 16 - ProcessDifferentials
ok 17 - Differential # Spooky32
### Avalanche Tests ### - seed-bits: 32 hash-bits: 32
# Samples 1000000, expected error 0.00025600, confidence level 99.99994267%
# Testing   0-bit keys.......... ok.     # worst-bit:   0.301% error-ratio: 9.806163e-01
ok 18 - Strict Avalanche Criteria - 0 bit keys
# Testing   8-bit keys.......... ok.     # worst-bit:   0.340% error-ratio: 9.837498e-01
ok 19 - Strict Avalanche Criteria - 8 bit keys
# Testing  16-bit keys.......... ok.     # worst-bit:   0.339% error-ratio: 1.027383e+00
ok 20 - Strict Avalanche Criteria - 16 bit keys
# Testing  24-bit keys.......... ok.     # worst-bit:   0.322% error-ratio: 9.960463e-01
ok 21 - Strict Avalanche Criteria - 24 bit keys
# Testing  32-bit keys.......... ok.     # worst-bit:   0.416% error-ratio: 9.902628e-01
ok 22 - Strict Avalanche Criteria - 32 bit keys
# Testing  40-bit keys.......... ok.     # worst-bit:   0.326% error-ratio: 1.009937e+00
ok 23 - Strict Avalanche Criteria - 40 bit keys
# Testing  48-bit keys.......... ok.     # worst-bit:   0.342% error-ratio: 9.644555e-01
ok 24 - Strict Avalanche Criteria - 48 bit keys
# Testing  56-bit keys.......... ok.     # worst-bit:   0.353% error-ratio: 1.020404e+00
ok 25 - Strict Avalanche Criteria - 56 bit keys
# Testing  64-bit keys.......... ok.     # worst-bit:   0.357% error-ratio: 1.023722e+00
ok 26 - Strict Avalanche Criteria - 64 bit keys
# Testing  72-bit keys.......... ok.     # worst-bit:   0.385% error-ratio: 1.018791e+00
ok 27 - Strict Avalanche Criteria - 72 bit keys
# Testing  80-bit keys.......... ok.     # worst-bit:   0.330% error-ratio: 1.004215e+00
ok 28 - Strict Avalanche Criteria - 80 bit keys
# Testing  88-bit keys.......... ok.     # worst-bit:   0.334% error-ratio: 1.014936e+00
ok 29 - Strict Avalanche Criteria - 88 bit keys
# Testing  96-bit keys.......... ok.     # worst-bit:   0.383% error-ratio: 1.063800e+00
ok 30 - Strict Avalanche Criteria - 96 bit keys
# Testing 104-bit keys.......... ok.     # worst-bit:   0.377% error-ratio: 1.030717e+00
ok 31 - Strict Avalanche Criteria - 104 bit keys
# Testing 112-bit keys.......... ok.     # worst-bit:   0.449% error-ratio: 9.933138e-01
ok 32 - Strict Avalanche Criteria - 112 bit keys
# Testing 120-bit keys.......... ok.     # worst-bit:   0.360% error-ratio: 9.894381e-01
ok 33 - Strict Avalanche Criteria - 120 bit keys
# Testing 128-bit keys.......... ok.     # worst-bit:   0.391% error-ratio: 9.931060e-01
ok 34 - Strict Avalanche Criteria - 128 bit keys
# Testing 136-bit keys.......... ok.     # worst-bit:   0.410% error-ratio: 9.818829e-01
ok 35 - Strict Avalanche Criteria - 136 bit keys
# Testing 144-bit keys.......... ok.     # worst-bit:   0.392% error-ratio: 1.011397e+00
ok 36 - Strict Avalanche Criteria - 144 bit keys
# Testing 152-bit keys.......... ok.     # worst-bit:   0.364% error-ratio: 1.001772e+00
ok 37 - Strict Avalanche Criteria - 152 bit keys
# Testing 152-bit keys.......... ok.     # worst-bit:   0.396% error-ratio: 1.004683e+00
ok 38 - Strict Avalanche Criteria - 160 bit keys
# Testing 256-bit keys.......... ok.     # worst-bit:   0.481% error-ratio: 9.917711e-01
ok 39 - Strict Avalanche Criteria - 256 bit keys
ok 40 - Strict Avalanche Criteria # Spooky32
### Keyset 'Cyclic' Tests ###
# Keyset 'Cyclic' - 8 cycles of 4 bytes - 10000000 keys
# Testing collisions   - Expected 11641.53, actual    11700 ( 1.01x) - passed
ok 41 - Collision Rate for Keyset 'Cyclic' - 8 cycles of 4 bytes - 10000000 keys
ok 42 - Distribution Bias Check for Keyset 'Cyclic' - 8 cycles of 4 bytes - 10000000 keys
# Keyset 'Cyclic' - 8 cycles of 5 bytes - 10000000 keys
# Testing collisions   - Expected 11641.53, actual    11538 ( 0.99x) - passed
ok 43 - Collision Rate for Keyset 'Cyclic' - 8 cycles of 5 bytes - 10000000 keys
ok 44 - Distribution Bias Check for Keyset 'Cyclic' - 8 cycles of 5 bytes - 10000000 keys
# Keyset 'Cyclic' - 8 cycles of 6 bytes - 10000000 keys
# Testing collisions   - Expected 11641.53, actual    11506 ( 0.99x) - passed
ok 45 - Collision Rate for Keyset 'Cyclic' - 8 cycles of 6 bytes - 10000000 keys
ok 46 - Distribution Bias Check for Keyset 'Cyclic' - 8 cycles of 6 bytes - 10000000 keys
# Keyset 'Cyclic' - 8 cycles of 7 bytes - 10000000 keys
# Testing collisions   - Expected 11641.53, actual    11682 ( 1.00x) - passed
ok 47 - Collision Rate for Keyset 'Cyclic' - 8 cycles of 7 bytes - 10000000 keys
ok 48 - Distribution Bias Check for Keyset 'Cyclic' - 8 cycles of 7 bytes - 10000000 keys
# Keyset 'Cyclic' - 8 cycles of 8 bytes - 10000000 keys
# Testing collisions   - Expected 11641.53, actual    11496 ( 0.99x) - passed
ok 49 - Collision Rate for Keyset 'Cyclic' - 8 cycles of 8 bytes - 10000000 keys
ok 50 - Distribution Bias Check for Keyset 'Cyclic' - 8 cycles of 8 bytes - 10000000 keys
ok 51 - Keyset 'Cyclic' # Spooky32
### Keyset 'TwoBytes' Tests ###
# Testing collisions   - Expected    49.57, actual       53 ( 1.07x) - passed
ok 52 - Collision Rate for Keyset 'TwoBytes' - up-to-4-byte keys, 652545 total keys
ok 53 - Distribution Bias Check for Keyset 'TwoBytes' - up-to-4-byte keys, 652545 total keys
# Testing collisions   - Expected  3484.56, actual     3539 ( 1.02x) - passed
ok 54 - Collision Rate for Keyset 'TwoBytes' - up-to-8-byte keys, 5471025 total keys
ok 55 - Distribution Bias Check for Keyset 'TwoBytes' - up-to-8-byte keys, 5471025 total keys
# Testing collisions   - Expected 40347.77, actual    40347 ( 1.00x) - passed
ok 56 - Collision Rate for Keyset 'TwoBytes' - up-to-12-byte keys, 18616785 total keys
ok 57 - Distribution Bias Check for Keyset 'TwoBytes' - up-to-12-byte keys, 18616785 total keys
# Testing collisions   - Expected 227963.15, actual   227116 ( 1.00x) - passed
ok 58 - Collision Rate for Keyset 'TwoBytes' - up-to-16-byte keys, 44251425 total keys
ok 59 - Distribution Bias Check for Keyset 'TwoBytes' - up-to-16-byte keys, 44251425 total keys
# Testing collisions   - Expected 871784.70, actual   865956 ( 0.99x) - passed
ok 60 - Collision Rate for Keyset 'TwoBytes' - up-to-20-byte keys, 86536545 total keys
ok 61 - Distribution Bias Check for Keyset 'TwoBytes' - up-to-20-byte keys, 86536545 total keys
ok 62 - Keyset 'TwoBytes' # Spooky32
### Keyset 'Sparse' Tests ###
# Keyset 'Sparse' - 32-bit keys with up to 6 bits set - 1149017 keys
# Testing collisions   - Expected   153.70, actual      173 ( 1.13x) - passed
ok 63 - Collision Rate for Keyset 'Sparse' - 32-bit keys with up to 6 bits set
ok 64 - Distribution Bias Check for Keyset 'Sparse' - 32-bit keys with up to 6 bits set
# Keyset 'Sparse' - 40-bit keys with up to 6 bits set - 4598479 keys
# Testing collisions   - Expected  2461.72, actual     2496 ( 1.01x) - passed
ok 65 - Collision Rate for Keyset 'Sparse' - 40-bit keys with up to 6 bits set
ok 66 - Distribution Bias Check for Keyset 'Sparse' - 40-bit keys with up to 6 bits set
# Keyset 'Sparse' - 48-bit keys with up to 5 bits set - 1925357 keys
# Testing collisions   - Expected   431.55, actual      490 ( 1.14x) - passed
ok 67 - Collision Rate for Keyset 'Sparse' - 48-bit keys with up to 5 bits set
ok 68 - Distribution Bias Check for Keyset 'Sparse' - 48-bit keys with up to 5 bits set
# Keyset 'Sparse' - 56-bit keys with up to 5 bits set - 4216423 keys
# Testing collisions   - Expected  2069.66, actual     2006 ( 0.97x) - passed
ok 69 - Collision Rate for Keyset 'Sparse' - 56-bit keys with up to 5 bits set
ok 70 - Distribution Bias Check for Keyset 'Sparse' - 56-bit keys with up to 5 bits set
# Keyset 'Sparse' - 64-bit keys with up to 5 bits set - 8303633 keys
# Testing collisions   - Expected  8026.87, actual     8083 ( 1.01x) - passed
ok 71 - Collision Rate for Keyset 'Sparse' - 64-bit keys with up to 5 bits set
ok 72 - Distribution Bias Check for Keyset 'Sparse' - 64-bit keys with up to 5 bits set
# Keyset 'Sparse' - 96-bit keys with up to 4 bits set - 3469497 keys
# Testing collisions   - Expected  1401.34, actual     1422 ( 1.01x) - passed
ok 73 - Collision Rate for Keyset 'Sparse' - 96-bit keys with up to 4 bits set
ok 74 - Distribution Bias Check for Keyset 'Sparse' - 96-bit keys with up to 4 bits set
# Keyset 'Sparse' - 256-bit keys with up to 3 bits set - 2796417 keys
# Testing collisions   - Expected   910.36, actual      894 ( 0.98x) - passed
ok 75 - Collision Rate for Keyset 'Sparse' - 256-bit keys with up to 3 bits set
ok 76 - Distribution Bias Check for Keyset 'Sparse' - 256-bit keys with up to 3 bits set
# Keyset 'Sparse' - 2048-bit keys with up to 2 bits set - 2098177 keys
# Testing collisions   - Expected   512.50, actual      508 ( 0.99x) - passed
ok 77 - Collision Rate for Keyset 'Sparse' - 2048-bit keys with up to 2 bits set
ok 78 - Distribution Bias Check for Keyset 'Sparse' - 2048-bit keys with up to 2 bits set
ok 79 - Keyset 'Sparse' # Spooky32
# Keyset 'CRC-MultiCollision' - 1048575 x 16 block keys - 128-bytes long - 10 seeds
# Testing collisions   - Expected   128.00, actual      140 ( 1.09x) - passed
ok 80 - Collision Rate for Keyset 'CRC-MultiCollision' - seed 1 # Spooky32
# Testing collisions   - Expected   128.00, actual      118 ( 0.92x) - passed
ok 81 - Collision Rate for Keyset 'CRC-MultiCollision' - seed 2 # Spooky32
# Testing collisions   - Expected   128.00, actual      128 ( 1.00x) - passed
ok 82 - Collision Rate for Keyset 'CRC-MultiCollision' - seed 3 # Spooky32
# Testing collisions   - Expected   128.00, actual      130 ( 1.02x) - passed
ok 83 - Collision Rate for Keyset 'CRC-MultiCollision' - seed 4 # Spooky32
# Testing collisions   - Expected   128.00, actual      138 ( 1.08x) - passed
ok 84 - Collision Rate for Keyset 'CRC-MultiCollision' - seed 5 # Spooky32
# Testing collisions   - Expected   128.00, actual      113 ( 0.88x) - passed
ok 85 - Collision Rate for Keyset 'CRC-MultiCollision' - seed 6 # Spooky32
# Testing collisions   - Expected   128.00, actual      123 ( 0.96x) - passed
ok 86 - Collision Rate for Keyset 'CRC-MultiCollision' - seed 7 # Spooky32
# Testing collisions   - Expected   128.00, actual      127 ( 0.99x) - passed
ok 87 - Collision Rate for Keyset 'CRC-MultiCollision' - seed 8 # Spooky32
# Testing collisions   - Expected   128.00, actual      136 ( 1.06x) - passed
ok 88 - Collision Rate for Keyset 'CRC-MultiCollision' - seed 9 # Spooky32
# Testing collisions   - Expected   128.00, actual      141 ( 1.10x) - passed
ok 89 - Collision Rate for Keyset 'CRC-MultiCollision' - seed 10 # Spooky32
### Keyset 'Combination Lowbits' Tests ###
# Keyset 'Combination' - up to 8 blocks from a set of 8 - 19173960 keys
# Testing collisions   - Expected 42799.01, actual    42793 ( 1.00x) - passed
ok 90 - Collision Rate for Keyset 'Combination Lowbits'
ok 91 - Distribution Bias Check for Keyset 'Combination Lowbits'
ok 92 - Keyset 'Combination Lowbits' # Spooky32
### Keyset 'Combination Highbits' Tests ###
# Keyset 'Combination' - up to 8 blocks from a set of 8 - 19173960 keys
# Testing collisions   - Expected 42799.01, actual    42721 ( 1.00x) - passed
ok 93 - Collision Rate for Keyset 'Combination Highbits'
ok 94 - Distribution Bias Check for Keyset 'Combination Highbits'
ok 95 - Keyset 'Combination Highbits' # Spooky32
### Keyset 'Combination Highbits2' Tests ###
# Keyset 'Combination' - up to 8 blocks from a set of 8 - 19173960 keys
# Testing collisions   - Expected 42799.01, actual    42447 ( 0.99x) - passed
ok 96 - Collision Rate for Keyset 'Combination Highbits2'
ok 97 - Distribution Bias Check for Keyset 'Combination Highbits2'
ok 98 - Keyset 'Combination Highbits2' # Spooky32
### Keyset 'Combination 0x80000000' Tests ###
# Keyset 'Combination' - up to 20 blocks from a set of 2 - 2097150 keys
# Testing collisions   - Expected   512.00, actual      561 ( 1.10x) - passed
ok 99 - Collision Rate for Keyset 'Combination 0x80000000'
ok 100 - Distribution Bias Check for Keyset 'Combination 0x80000000'
ok 101 - Keyset 'Combination 0x80000000' # Spooky32
### Keyset 'Combination 0x00000001' Tests ###
# Keyset 'Combination' - up to 20 blocks from a set of 2 - 2097150 keys
# Testing collisions   - Expected   512.00, actual      516 ( 1.01x) - passed
ok 102 - Collision Rate for Keyset 'Combination 0x00000001'
ok 103 - Distribution Bias Check for Keyset 'Combination 0x00000001'
ok 104 - Keyset 'Combination 0x00000001' # Spooky32
### Keyset 'Combination Hi-Lo' Tests ###
# Keyset 'Combination' - up to 6 blocks from a set of 15 - 12204240 keys
# Testing collisions   - Expected 17339.30, actual    17315 ( 1.00x) - passed
ok 105 - Collision Rate for Keyset 'Combination Hi-Lo'
ok 106 - Distribution Bias Check for Keyset 'Combination Hi-Lo'
ok 107 - Keyset 'Combination Hi-Lo' # Spooky32
### Keyset 'Text' Tests ###
# Keyset 'Text' - keys of form "Foo[XXXX]Bar" - 14776336 keys
# Testing collisions   - Expected 25418.13, actual    25551 ( 1.01x) - passed
ok 108 - Collision Rate for Keyset 'Text' - keys of form "Foo[XXXX]Bar" - 14776336 keys
ok 109 - Distribution Bias Check for Keyset 'Text' - keys of form "Foo[XXXX]Bar" - 14776336 keys
# Keyset 'Text' - keys of form "FooBar[XXXX]" - 14776336 keys
# Testing collisions   - Expected 25418.13, actual    25587 ( 1.01x) - passed
ok 110 - Collision Rate for Keyset 'Text' - keys of form "FooBar[XXXX]" - 14776336 keys
ok 111 - Distribution Bias Check for Keyset 'Text' - keys of form "FooBar[XXXX]" - 14776336 keys
# Keyset 'Text' - keys of form "[XXXX]FooBar" - 14776336 keys
# Testing collisions   - Expected 25418.13, actual    25502 ( 1.00x) - passed
ok 112 - Collision Rate for Keyset 'Text' - keys of form "[XXXX]FooBar" - 14776336 keys
ok 113 - Distribution Bias Check for Keyset 'Text' - keys of form "[XXXX]FooBar" - 14776336 keys
ok 114 - Keyset 'Text' # Spooky32
### Keyset 'Zeroes' Tests ###
# Keyset 'Zeroes' - 262144 keys
# Testing collisions   - Expected     8.00, actual        9 ( 1.13x) - passed
ok 115 - Collision Rate for Keyset 'Zeroes' - 262144 keys
ok 116 - Distribution Bias Check for Keyset 'Zeroes' - 262144 keys
ok 117 - Keyset 'Zeroes' # Spooky32
### Keyset 'Seed' Tests ###
# Keyset 'Seed' - 2000000 seeds, Key "The quick brown fox "...
# Testing collisions   - Expected   465.46, actual      487 ( 1.05x) - passed
ok 118 - Collision Rate for Keyset 'Seed' - 2000000 seeds, Key "The quick brown fox "...
ok 119 - Distribution Bias Check for Keyset 'Seed' - 2000000 seeds, Key "The quick brown fox "...
# Keyset 'Seed' - 2000000 seeds, Key ""
# Testing collisions   - Expected   465.44, actual      475 ( 1.02x) - passed
ok 120 - Collision Rate for Keyset 'Seed' - 2000000 seeds, Key ""
ok 121 - Distribution Bias Check for Keyset 'Seed' - 2000000 seeds, Key ""
# Keyset 'Seed' - 2000000 seeds, Key "00101100110101101"
# Testing collisions   - Expected   465.46, actual      458 ( 0.98x) - passed
ok 122 - Collision Rate for Keyset 'Seed' - 2000000 seeds, Key "00101100110101101"
ok 123 - Distribution Bias Check for Keyset 'Seed' - 2000000 seeds, Key "00101100110101101"
# Keyset 'Seed' - 2000000 seeds, Key "abcbcddbdebdcaaabaaa"...
# Testing collisions   - Expected   465.45, actual      432 ( 0.93x) - passed
ok 124 - Collision Rate for Keyset 'Seed' - 2000000 seeds, Key "abcbcddbdebdcaaabaaa"...
ok 125 - Distribution Bias Check for Keyset 'Seed' - 2000000 seeds, Key "abcbcddbdebdcaaabaaa"...
ok 126 - Keyset 'Seed' # Spooky32
### Keyset 'Effs' Tests ###
# Keyset 'Effs' - 262144 keys
# Testing collisions   - Expected     8.00, actual        7 ( 0.88x) - passed
ok 127 - Collision Rate for Keyset 'Effs' - 262144 keys
ok 128 - Distribution Bias Check for Keyset 'Effs' - 262144 keys
ok 129 - Keyset 'Effs' # Spooky32
ok 130 - all tests passed # Spooky32
1..130
# All Tests Passed. Spooky32 passed all 130 tests run.
# Testing took 1391.653544 seconds
# This is SMHasher version v1.0-demerphq-5-g86440f3 - built on Mar 10 2017.
