ok 1 - Found Hash # StadtX
###################################################################
### Testing StadtX - with seed_state
### - Evolved hash with 256-bit state (4x64) - Yves Orton -
### seedbits: 128 statebits: 256 hashbits: 64
###################################################################
ok 2 - Verification code # StadtX
# StadtX               - Verification value 0x4A1ABB67 : Passed.
### Sanity Tests ###
# Sanity check simple key bit flips and consistency..........
ok 3 - SanityTest # StadtX
# Sanity check null suffixes change the hash (simple)..........
ok 4 - Appended Zeroes Test # StadtX
ok 5 - Sanity Test # StadtX
### Speed Tests ###
## Bulk speed test - 262144-byte keys
# Alignment  7 -  5.067 bytes/cycle - 14496.23 MiB/sec @ 3 ghz
# Alignment  6 -  5.066 bytes/cycle - 14494.77 MiB/sec @ 3 ghz
# Alignment  5 -  5.066 bytes/cycle - 14494.83 MiB/sec @ 3 ghz
# Alignment  4 -  5.066 bytes/cycle - 14495.00 MiB/sec @ 3 ghz
# Alignment  3 -  5.067 bytes/cycle - 14495.42 MiB/sec @ 3 ghz
# Alignment  2 -  5.067 bytes/cycle - 14495.61 MiB/sec @ 3 ghz
# Alignment  1 -  5.067 bytes/cycle - 14496.95 MiB/sec @ 3 ghz
# Alignment  0 -  5.258 bytes/cycle - 15043.64 MiB/sec @ 3 ghz
# Average      -  5.091 bytes/cycle - 14564.06 MiB/sec @ 3 ghz
## KeySpeed tests
# StadtX                    0 byte keys       18.920 c/h
# StadtX                    1 byte keys       25.000 c/h       25.000 c/b        0.040 b/c
# StadtX                    2 byte keys       27.000 c/h       13.500 c/b        0.074 b/c
# StadtX                    3 byte keys       27.663 c/h        9.221 c/b        0.108 b/c
# StadtX                    4 byte keys       26.000 c/h        6.500 c/b        0.154 b/c
# StadtX                    5 byte keys       27.000 c/h        5.400 c/b        0.185 b/c
# StadtX                    6 byte keys       29.213 c/h        4.869 c/b        0.205 b/c
# StadtX                    7 byte keys       30.000 c/h        4.286 c/b        0.233 b/c
# StadtX                    8 byte keys       26.715 c/h        3.339 c/b        0.299 b/c
# StadtX                    9 byte keys       27.929 c/h        3.103 c/b        0.322 b/c
# StadtX                   10 byte keys       26.717 c/h        2.672 c/b        0.374 b/c
# StadtX                   11 byte keys       26.996 c/h        2.454 c/b        0.407 b/c
# StadtX                   12 byte keys       26.640 c/h        2.220 c/b        0.450 b/c
# StadtX                   13 byte keys       27.446 c/h        2.111 c/b        0.474 b/c
# StadtX                   14 byte keys       27.904 c/h        1.993 c/b        0.502 b/c
# StadtX                   15 byte keys       28.000 c/h        1.867 c/b        0.536 b/c
# StadtX                   16 byte keys       31.162 c/h        1.948 c/b        0.513 b/c
# StadtX                   17 byte keys       30.986 c/h        1.823 c/b        0.549 b/c
# StadtX                   18 byte keys       30.000 c/h        1.667 c/b        0.600 b/c
# StadtX                   19 byte keys       30.000 c/h        1.579 c/b        0.633 b/c
# StadtX                   20 byte keys       30.245 c/h        1.512 c/b        0.661 b/c
# StadtX                   21 byte keys       30.628 c/h        1.458 c/b        0.686 b/c
# StadtX                   22 byte keys       30.997 c/h        1.409 c/b        0.710 b/c
# StadtX                   23 byte keys       31.000 c/h        1.348 c/b        0.742 b/c
# StadtX                   24 byte keys       28.000 c/h        1.167 c/b        0.857 b/c
# StadtX                   25 byte keys       29.000 c/h        1.160 c/b        0.862 b/c
# StadtX                   26 byte keys       28.000 c/h        1.077 c/b        0.929 b/c
# StadtX                   27 byte keys       28.996 c/h        1.074 c/b        0.931 b/c
# StadtX                   28 byte keys       28.287 c/h        1.010 c/b        0.990 b/c
# StadtX                   29 byte keys       29.571 c/h        1.020 c/b        0.981 b/c
# StadtX                   30 byte keys       29.963 c/h        0.999 c/b        1.001 b/c
# StadtX                   31 byte keys       30.000 c/h        0.968 c/b        1.033 b/c
#                          Average < 32       28.312 c/h        1.827 c/b        0.547 b/c
# StadtX                   32 byte keys       30.000 c/h        0.938 c/b        1.067 b/c
# StadtX                   36 byte keys       30.000 c/h        0.833 c/b        1.200 b/c
# StadtX                   40 byte keys       32.173 c/h        0.804 c/b        1.243 b/c
# StadtX                   44 byte keys       32.354 c/h        0.735 c/b        1.360 b/c
# StadtX                   48 byte keys       35.073 c/h        0.731 c/b        1.369 b/c
# StadtX                   52 byte keys       35.201 c/h        0.677 c/b        1.477 b/c
# StadtX                   56 byte keys       36.154 c/h        0.646 c/b        1.549 b/c
# StadtX                   60 byte keys       35.990 c/h        0.600 c/b        1.667 b/c
# StadtX                   64 byte keys       39.933 c/h        0.624 c/b        1.603 b/c
# StadtX                   68 byte keys       39.347 c/h        0.579 c/b        1.728 b/c
# StadtX                   72 byte keys       38.998 c/h        0.542 c/b        1.846 b/c
# StadtX                   76 byte keys       39.918 c/h        0.525 c/b        1.904 b/c
# StadtX                   80 byte keys       40.998 c/h        0.512 c/b        1.951 b/c
# StadtX                   84 byte keys       41.723 c/h        0.497 c/b        2.013 b/c
# StadtX                   88 byte keys       42.373 c/h        0.482 c/b        2.077 b/c
# StadtX                   92 byte keys       42.527 c/h        0.462 c/b        2.163 b/c
# StadtX                   96 byte keys       47.218 c/h        0.492 c/b        2.033 b/c
# StadtX                  100 byte keys       46.704 c/h        0.467 c/b        2.141 b/c
# StadtX                  104 byte keys       46.657 c/h        0.449 c/b        2.229 b/c
# StadtX                  108 byte keys       46.548 c/h        0.431 c/b        2.320 b/c
# StadtX                  112 byte keys       47.669 c/h        0.426 c/b        2.350 b/c
# StadtX                  116 byte keys       49.613 c/h        0.428 c/b        2.338 b/c
# StadtX                  120 byte keys       49.423 c/h        0.412 c/b        2.428 b/c
# StadtX                  124 byte keys       48.927 c/h        0.395 c/b        2.534 b/c
#                         Average < 128       33.598 c/h        0.795 c/b        1.259 b/c
# StadtX                  128 byte keys       51.041 c/h        0.399 c/b        2.508 b/c
# StadtX                  256 byte keys       82.488 c/h        0.322 c/b        3.103 b/c
# StadtX                  512 byte keys      123.652 c/h        0.242 c/b        4.141 b/c
# StadtX                 1024 byte keys      235.951 c/h        0.230 c/b        4.340 b/c
# StadtX                 2048 byte keys      425.409 c/h        0.208 c/b        4.814 b/c
# StadtX                 4096 byte keys      808.793 c/h        0.197 c/b        5.064 b/c
# StadtX                 8192 byte keys     1575.506 c/h        0.192 c/b        5.200 b/c
# StadtX                16384 byte keys     3090.040 c/h        0.189 c/b        5.302 b/c
# StadtX                32768 byte keys     6190.429 c/h        0.189 c/b        5.293 b/c
# StadtX                65536 byte keys    12407.856 c/h        0.189 c/b        5.282 b/c
#                       Overall Average      407.162 c/h        0.202 c/b        4.961 b/c
ok 6 - Speed (always passes) # StadtX
### Differential Tests ###
# Testing 8303632 up-to-5-bit differentials in 64-bit keys -> 64 bit hashes.
# 1000 reps, 8303632000 total tests, expecting 0.00 random collisions..........
ok 7 - Differential collisions # StadtX
ok 8 - Nothing skipped during differential collision check # StadtX
# 0 total collisions, of which 0 single collisions were ignored
ok 9 - ProcessDifferentials
# Testing 11017632 up-to-4-bit differentials in 128-bit keys -> 64 bit hashes.
# 1000 reps, 11017632000 total tests, expecting 0.00 random collisions..........
ok 10 - Differential collisions # StadtX
ok 11 - Nothing skipped during differential collision check # StadtX
# 0 total collisions, of which 0 single collisions were ignored
ok 12 - ProcessDifferentials
# Testing 2796416 up-to-3-bit differentials in 256-bit keys -> 64 bit hashes.
# 1000 reps, 2796416000 total tests, expecting 0.00 random collisions..........
ok 13 - Differential collisions # StadtX
ok 14 - Nothing skipped during differential collision check # StadtX
# 0 total collisions, of which 0 single collisions were ignored
ok 15 - ProcessDifferentials
ok 16 - Differential # StadtX
### Avalanche Tests ### - seed-bits: 128 hash-bits: 64
# Samples 500000, expected error 0.00051200, confidence level 99.99994267%
# Testing   0-bit keys.......... ok.     # worst-bit:   0.516% error-ratio: 9.942320e-01
ok 17 - Strict Avalanche Criteria - 0 bit keys
# Testing   8-bit keys.......... ok.     # worst-bit:   0.518% error-ratio: 1.003155e+00
ok 18 - Strict Avalanche Criteria - 8 bit keys
# Testing  16-bit keys.......... ok.     # worst-bit:   0.684% error-ratio: 9.930732e-01
ok 19 - Strict Avalanche Criteria - 16 bit keys
# Testing  24-bit keys.......... ok.     # worst-bit:   0.561% error-ratio: 9.945135e-01
ok 20 - Strict Avalanche Criteria - 24 bit keys
# Testing  32-bit keys.......... ok.     # worst-bit:   0.493% error-ratio: 9.881384e-01
ok 21 - Strict Avalanche Criteria - 32 bit keys
# Testing  40-bit keys.......... ok.     # worst-bit:   0.625% error-ratio: 1.003117e+00
ok 22 - Strict Avalanche Criteria - 40 bit keys
# Testing  48-bit keys.......... ok.     # worst-bit:   0.578% error-ratio: 9.942898e-01
ok 23 - Strict Avalanche Criteria - 48 bit keys
# Testing  56-bit keys.......... ok.     # worst-bit:   0.522% error-ratio: 1.014355e+00
ok 24 - Strict Avalanche Criteria - 56 bit keys
# Testing  64-bit keys.......... ok.     # worst-bit:   0.525% error-ratio: 1.006944e+00
ok 25 - Strict Avalanche Criteria - 64 bit keys
# Testing  72-bit keys.......... ok.     # worst-bit:   0.598% error-ratio: 9.927709e-01
ok 26 - Strict Avalanche Criteria - 72 bit keys
# Testing  80-bit keys.......... ok.     # worst-bit:   0.544% error-ratio: 1.004216e+00
ok 27 - Strict Avalanche Criteria - 80 bit keys
# Testing  88-bit keys.......... ok.     # worst-bit:   0.555% error-ratio: 9.932354e-01
ok 28 - Strict Avalanche Criteria - 88 bit keys
# Testing  96-bit keys.......... ok.     # worst-bit:   0.580% error-ratio: 9.942478e-01
ok 29 - Strict Avalanche Criteria - 96 bit keys
# Testing 104-bit keys.......... ok.     # worst-bit:   0.593% error-ratio: 1.009557e+00
ok 30 - Strict Avalanche Criteria - 104 bit keys
# Testing 112-bit keys.......... ok.     # worst-bit:   0.548% error-ratio: 9.922784e-01
ok 31 - Strict Avalanche Criteria - 112 bit keys
# Testing 120-bit keys.......... ok.     # worst-bit:   0.577% error-ratio: 9.949895e-01
ok 32 - Strict Avalanche Criteria - 120 bit keys
# Testing 128-bit keys.......... ok.     # worst-bit:   0.638% error-ratio: 1.011961e+00
ok 33 - Strict Avalanche Criteria - 128 bit keys
# Testing 136-bit keys.......... ok.     # worst-bit:   0.571% error-ratio: 1.003518e+00
ok 34 - Strict Avalanche Criteria - 136 bit keys
# Testing 144-bit keys.......... ok.     # worst-bit:   0.622% error-ratio: 1.004493e+00
ok 35 - Strict Avalanche Criteria - 144 bit keys
# Testing 152-bit keys.......... ok.     # worst-bit:   0.573% error-ratio: 1.005340e+00
ok 36 - Strict Avalanche Criteria - 152 bit keys
# Testing 152-bit keys.......... ok.     # worst-bit:   0.608% error-ratio: 9.922033e-01
ok 37 - Strict Avalanche Criteria - 160 bit keys
# Testing 256-bit keys.......... ok.     # worst-bit:   0.535% error-ratio: 1.003085e+00
ok 38 - Strict Avalanche Criteria - 256 bit keys
ok 39 - Strict Avalanche Criteria # StadtX
### Keyset 'Cyclic' Tests ###
# Keyset 'Cyclic' - 8 cycles of 8 bytes - 10000000 keys
# Testing collisions   - Expected     0.00, actual        0 ( 0.00x) - passed
ok 40 - Collision Rate for Keyset 'Cyclic' - 8 cycles of 8 bytes - 10000000 keys
ok 41 - Distribution Bias Check for Keyset 'Cyclic' - 8 cycles of 8 bytes - 10000000 keys
# Keyset 'Cyclic' - 8 cycles of 9 bytes - 10000000 keys
# Testing collisions   - Expected     0.00, actual        0 ( 0.00x) - passed
ok 42 - Collision Rate for Keyset 'Cyclic' - 8 cycles of 9 bytes - 10000000 keys
ok 43 - Distribution Bias Check for Keyset 'Cyclic' - 8 cycles of 9 bytes - 10000000 keys
# Keyset 'Cyclic' - 8 cycles of 10 bytes - 10000000 keys
# Testing collisions   - Expected     0.00, actual        0 ( 0.00x) - passed
ok 44 - Collision Rate for Keyset 'Cyclic' - 8 cycles of 10 bytes - 10000000 keys
ok 45 - Distribution Bias Check for Keyset 'Cyclic' - 8 cycles of 10 bytes - 10000000 keys
# Keyset 'Cyclic' - 8 cycles of 11 bytes - 10000000 keys
# Testing collisions   - Expected     0.00, actual        0 ( 0.00x) - passed
ok 46 - Collision Rate for Keyset 'Cyclic' - 8 cycles of 11 bytes - 10000000 keys
ok 47 - Distribution Bias Check for Keyset 'Cyclic' - 8 cycles of 11 bytes - 10000000 keys
# Keyset 'Cyclic' - 8 cycles of 12 bytes - 10000000 keys
# Testing collisions   - Expected     0.00, actual        0 ( 0.00x) - passed
ok 48 - Collision Rate for Keyset 'Cyclic' - 8 cycles of 12 bytes - 10000000 keys
ok 49 - Distribution Bias Check for Keyset 'Cyclic' - 8 cycles of 12 bytes - 10000000 keys
ok 50 - Keyset 'Cyclic' # StadtX
### Keyset 'TwoBytes' Tests ###
# Testing collisions   - Expected     0.00, actual        0 ( 0.00x) - passed
ok 51 - Collision Rate for Keyset 'TwoBytes' - up-to-4-byte keys, 652545 total keys
ok 52 - Distribution Bias Check for Keyset 'TwoBytes' - up-to-4-byte keys, 652545 total keys
# Testing collisions   - Expected     0.00, actual        0 ( 0.00x) - passed
ok 53 - Collision Rate for Keyset 'TwoBytes' - up-to-8-byte keys, 5471025 total keys
ok 54 - Distribution Bias Check for Keyset 'TwoBytes' - up-to-8-byte keys, 5471025 total keys
# Testing collisions   - Expected     0.00, actual        0 ( 0.00x) - passed
ok 55 - Collision Rate for Keyset 'TwoBytes' - up-to-12-byte keys, 18616785 total keys
ok 56 - Distribution Bias Check for Keyset 'TwoBytes' - up-to-12-byte keys, 18616785 total keys
# Testing collisions   - Expected     0.00, actual        0 ( 0.00x) - passed
ok 57 - Collision Rate for Keyset 'TwoBytes' - up-to-16-byte keys, 44251425 total keys
ok 58 - Distribution Bias Check for Keyset 'TwoBytes' - up-to-16-byte keys, 44251425 total keys
# Testing collisions   - Expected     0.00, actual        0 ( 0.00x) - passed
ok 59 - Collision Rate for Keyset 'TwoBytes' - up-to-20-byte keys, 86536545 total keys
ok 60 - Distribution Bias Check for Keyset 'TwoBytes' - up-to-20-byte keys, 86536545 total keys
ok 61 - Keyset 'TwoBytes' # StadtX
### Keyset 'Sparse' Tests ###
# Keyset 'Sparse' - 32-bit keys with up to 6 bits set - 1149017 keys
# Testing collisions   - Expected     0.00, actual        0 ( 0.00x) - passed
ok 62 - Collision Rate for Keyset 'Sparse' - 32-bit keys with up to 6 bits set
ok 63 - Distribution Bias Check for Keyset 'Sparse' - 32-bit keys with up to 6 bits set
# Keyset 'Sparse' - 40-bit keys with up to 6 bits set - 4598479 keys
# Testing collisions   - Expected     0.00, actual        0 ( 0.00x) - passed
ok 64 - Collision Rate for Keyset 'Sparse' - 40-bit keys with up to 6 bits set
ok 65 - Distribution Bias Check for Keyset 'Sparse' - 40-bit keys with up to 6 bits set
# Keyset 'Sparse' - 48-bit keys with up to 5 bits set - 1925357 keys
# Testing collisions   - Expected     0.00, actual        0 ( 0.00x) - passed
ok 66 - Collision Rate for Keyset 'Sparse' - 48-bit keys with up to 5 bits set
ok 67 - Distribution Bias Check for Keyset 'Sparse' - 48-bit keys with up to 5 bits set
# Keyset 'Sparse' - 56-bit keys with up to 5 bits set - 4216423 keys
# Testing collisions   - Expected     0.00, actual        0 ( 0.00x) - passed
ok 68 - Collision Rate for Keyset 'Sparse' - 56-bit keys with up to 5 bits set
ok 69 - Distribution Bias Check for Keyset 'Sparse' - 56-bit keys with up to 5 bits set
# Keyset 'Sparse' - 64-bit keys with up to 5 bits set - 8303633 keys
# Testing collisions   - Expected     0.00, actual        0 ( 0.00x) - passed
ok 70 - Collision Rate for Keyset 'Sparse' - 64-bit keys with up to 5 bits set
ok 71 - Distribution Bias Check for Keyset 'Sparse' - 64-bit keys with up to 5 bits set
# Keyset 'Sparse' - 96-bit keys with up to 4 bits set - 3469497 keys
# Testing collisions   - Expected     0.00, actual        0 ( 0.00x) - passed
ok 72 - Collision Rate for Keyset 'Sparse' - 96-bit keys with up to 4 bits set
ok 73 - Distribution Bias Check for Keyset 'Sparse' - 96-bit keys with up to 4 bits set
# Keyset 'Sparse' - 256-bit keys with up to 3 bits set - 2796417 keys
# Testing collisions   - Expected     0.00, actual        0 ( 0.00x) - passed
ok 74 - Collision Rate for Keyset 'Sparse' - 256-bit keys with up to 3 bits set
ok 75 - Distribution Bias Check for Keyset 'Sparse' - 256-bit keys with up to 3 bits set
# Keyset 'Sparse' - 2048-bit keys with up to 2 bits set - 2098177 keys
# Testing collisions   - Expected     0.00, actual        0 ( 0.00x) - passed
ok 76 - Collision Rate for Keyset 'Sparse' - 2048-bit keys with up to 2 bits set
ok 77 - Distribution Bias Check for Keyset 'Sparse' - 2048-bit keys with up to 2 bits set
ok 78 - Keyset 'Sparse' # StadtX
# Keyset 'CRC-MultiCollision' - 1048575 x 16 block keys - 128-bytes long - 10 seeds
# Testing collisions   - Expected     0.00, actual        0 ( 0.00x) - passed
ok 79 - Collision Rate for Keyset 'CRC-MultiCollision' - seed 1 # StadtX
# Testing collisions   - Expected     0.00, actual        0 ( 0.00x) - passed
ok 80 - Collision Rate for Keyset 'CRC-MultiCollision' - seed 2 # StadtX
# Testing collisions   - Expected     0.00, actual        0 ( 0.00x) - passed
ok 81 - Collision Rate for Keyset 'CRC-MultiCollision' - seed 3 # StadtX
# Testing collisions   - Expected     0.00, actual        0 ( 0.00x) - passed
ok 82 - Collision Rate for Keyset 'CRC-MultiCollision' - seed 4 # StadtX
# Testing collisions   - Expected     0.00, actual        0 ( 0.00x) - passed
ok 83 - Collision Rate for Keyset 'CRC-MultiCollision' - seed 5 # StadtX
# Testing collisions   - Expected     0.00, actual        0 ( 0.00x) - passed
ok 84 - Collision Rate for Keyset 'CRC-MultiCollision' - seed 6 # StadtX
# Testing collisions   - Expected     0.00, actual        0 ( 0.00x) - passed
ok 85 - Collision Rate for Keyset 'CRC-MultiCollision' - seed 7 # StadtX
# Testing collisions   - Expected     0.00, actual        0 ( 0.00x) - passed
ok 86 - Collision Rate for Keyset 'CRC-MultiCollision' - seed 8 # StadtX
# Testing collisions   - Expected     0.00, actual        0 ( 0.00x) - passed
ok 87 - Collision Rate for Keyset 'CRC-MultiCollision' - seed 9 # StadtX
# Testing collisions   - Expected     0.00, actual        0 ( 0.00x) - passed
ok 88 - Collision Rate for Keyset 'CRC-MultiCollision' - seed 10 # StadtX
### Keyset 'Combination Lowbits' Tests ###
# Keyset 'Combination' - up to 8 blocks from a set of 8 - 19173960 keys
# Testing collisions   - Expected     0.00, actual        0 ( 0.00x) - passed
ok 89 - Collision Rate for Keyset 'Combination Lowbits'
ok 90 - Distribution Bias Check for Keyset 'Combination Lowbits'
ok 91 - Keyset 'Combination Lowbits' # StadtX
### Keyset 'Combination Highbits' Tests ###
# Keyset 'Combination' - up to 8 blocks from a set of 8 - 19173960 keys
# Testing collisions   - Expected     0.00, actual        0 ( 0.00x) - passed
ok 92 - Collision Rate for Keyset 'Combination Highbits'
ok 93 - Distribution Bias Check for Keyset 'Combination Highbits'
ok 94 - Keyset 'Combination Highbits' # StadtX
### Keyset 'Combination Highbits2' Tests ###
# Keyset 'Combination' - up to 8 blocks from a set of 8 - 19173960 keys
# Testing collisions   - Expected     0.00, actual        0 ( 0.00x) - passed
ok 95 - Collision Rate for Keyset 'Combination Highbits2'
ok 96 - Distribution Bias Check for Keyset 'Combination Highbits2'
ok 97 - Keyset 'Combination Highbits2' # StadtX
### Keyset 'Combination 0x80000000' Tests ###
# Keyset 'Combination' - up to 20 blocks from a set of 2 - 2097150 keys
# Testing collisions   - Expected     0.00, actual        0 ( 0.00x) - passed
ok 98 - Collision Rate for Keyset 'Combination 0x80000000'
ok 99 - Distribution Bias Check for Keyset 'Combination 0x80000000'
ok 100 - Keyset 'Combination 0x80000000' # StadtX
### Keyset 'Combination 0x00000001' Tests ###
# Keyset 'Combination' - up to 20 blocks from a set of 2 - 2097150 keys
# Testing collisions   - Expected     0.00, actual        0 ( 0.00x) - passed
ok 101 - Collision Rate for Keyset 'Combination 0x00000001'
ok 102 - Distribution Bias Check for Keyset 'Combination 0x00000001'
ok 103 - Keyset 'Combination 0x00000001' # StadtX
### Keyset 'Combination Hi-Lo' Tests ###
# Keyset 'Combination' - up to 6 blocks from a set of 15 - 12204240 keys
# Testing collisions   - Expected     0.00, actual        0 ( 0.00x) - passed
ok 104 - Collision Rate for Keyset 'Combination Hi-Lo'
ok 105 - Distribution Bias Check for Keyset 'Combination Hi-Lo'
ok 106 - Keyset 'Combination Hi-Lo' # StadtX
### Keyset 'Text' Tests ###
# Keyset 'Text' - keys of form "Foo[XXXX]Bar" - 14776336 keys
# Testing collisions   - Expected     0.00, actual        0 ( 0.00x) - passed
ok 107 - Collision Rate for Keyset 'Text' - keys of form "Foo[XXXX]Bar" - 14776336 keys
ok 108 - Distribution Bias Check for Keyset 'Text' - keys of form "Foo[XXXX]Bar" - 14776336 keys
# Keyset 'Text' - keys of form "FooBar[XXXX]" - 14776336 keys
# Testing collisions   - Expected     0.00, actual        0 ( 0.00x) - passed
ok 109 - Collision Rate for Keyset 'Text' - keys of form "FooBar[XXXX]" - 14776336 keys
ok 110 - Distribution Bias Check for Keyset 'Text' - keys of form "FooBar[XXXX]" - 14776336 keys
# Keyset 'Text' - keys of form "[XXXX]FooBar" - 14776336 keys
# Testing collisions   - Expected     0.00, actual        0 ( 0.00x) - passed
ok 111 - Collision Rate for Keyset 'Text' - keys of form "[XXXX]FooBar" - 14776336 keys
ok 112 - Distribution Bias Check for Keyset 'Text' - keys of form "[XXXX]FooBar" - 14776336 keys
ok 113 - Keyset 'Text' # StadtX
### Keyset 'Zeroes' Tests ###
# Keyset 'Zeroes' - 262144 keys
# Testing collisions   - Expected     0.00, actual        0 ( 0.00x) - passed
ok 114 - Collision Rate for Keyset 'Zeroes' - 262144 keys
ok 115 - Distribution Bias Check for Keyset 'Zeroes' - 262144 keys
ok 116 - Keyset 'Zeroes' # StadtX
### Keyset 'Seed' Tests ###
# Keyset 'Seed' - 2000000 seeds, Key "The quick brown fox "...
# Testing collisions   - Expected     0.00, actual        0 ( 0.00x) - passed
ok 117 - Collision Rate for Keyset 'Seed' - 2000000 seeds, Key "The quick brown fox "...
ok 118 - Distribution Bias Check for Keyset 'Seed' - 2000000 seeds, Key "The quick brown fox "...
# Keyset 'Seed' - 2000000 seeds, Key ""
# Testing collisions   - Expected     0.00, actual        0 ( 0.00x) - passed
ok 119 - Collision Rate for Keyset 'Seed' - 2000000 seeds, Key ""
ok 120 - Distribution Bias Check for Keyset 'Seed' - 2000000 seeds, Key ""
# Keyset 'Seed' - 2000000 seeds, Key "00101100110101101"
# Testing collisions   - Expected     0.00, actual        0 ( 0.00x) - passed
ok 121 - Collision Rate for Keyset 'Seed' - 2000000 seeds, Key "00101100110101101"
ok 122 - Distribution Bias Check for Keyset 'Seed' - 2000000 seeds, Key "00101100110101101"
# Keyset 'Seed' - 2000000 seeds, Key "abcbcddbdebdcaaabaaa"...
# Testing collisions   - Expected     0.00, actual        0 ( 0.00x) - passed
ok 123 - Collision Rate for Keyset 'Seed' - 2000000 seeds, Key "abcbcddbdebdcaaabaaa"...
ok 124 - Distribution Bias Check for Keyset 'Seed' - 2000000 seeds, Key "abcbcddbdebdcaaabaaa"...
ok 125 - Keyset 'Seed' # StadtX
### Keyset 'Effs' Tests ###
# Keyset 'Effs' - 262144 keys
# Testing collisions   - Expected     0.00, actual        0 ( 0.00x) - passed
ok 126 - Collision Rate for Keyset 'Effs' - 262144 keys
ok 127 - Distribution Bias Check for Keyset 'Effs' - 262144 keys
ok 128 - Keyset 'Effs' # StadtX
ok 129 - all tests passed # StadtX
1..129
# All Tests Passed. StadtX passed all 129 tests run.
# Testing took 1940.870167 seconds
# This is SMHasher version v1.0-demerphq-5-g86440f3 - built on Mar 10 2017.
