ok 1 - SelfTest - Verify 89 Hashes
ok 2 - Found Hash # superfast
###################################################################
### Testing superfast - no seed_state
### - Paul Hsieh's SuperFastHash -
### seedbits: 32 statebits: 32 hashbits: 32
###################################################################
### Sanity Tests ###
ok 3 - Verification code # superfast
# Sanity check simple key bit flips and consistency..........
ok 4 - SanityTest # superfast
# Sanity check null suffixes change the hash (simple)..........
ok 5 - Appended Zeroes Test # superfast
ok 6 - Sanity Test # superfast
### Speed Tests ###
## Bulk speed test - 262144-byte keys
# Alignment  7 -  0.794 bytes/cycle - 2272.89 MiB/sec @ 3 ghz
# Alignment  6 -  0.799 bytes/cycle - 2286.80 MiB/sec @ 3 ghz
# Alignment  5 -  0.799 bytes/cycle - 2286.80 MiB/sec @ 3 ghz
# Alignment  4 -  0.785 bytes/cycle - 2245.67 MiB/sec @ 3 ghz
# Alignment  3 -  0.799 bytes/cycle - 2286.80 MiB/sec @ 3 ghz
# Alignment  2 -  0.793 bytes/cycle - 2267.86 MiB/sec @ 3 ghz
# Alignment  1 -  0.799 bytes/cycle - 2286.80 MiB/sec @ 3 ghz
# Alignment  0 -  0.799 bytes/cycle - 2286.80 MiB/sec @ 3 ghz
# Average      -  0.796 bytes/cycle - 2277.55 MiB/sec @ 3 ghz
## KeySpeed tests
# superfast                 0 byte keys        9.999 c/h
# superfast                 1 byte keys       19.000 c/h       19.000 c/b        0.053 b/c
# superfast                 2 byte keys       17.000 c/h        8.500 c/b        0.118 b/c
# superfast                 3 byte keys       19.000 c/h        6.333 c/b        0.158 b/c
# superfast                 4 byte keys       19.158 c/h        4.790 c/b        0.209 b/c
# superfast                 5 byte keys       23.000 c/h        4.600 c/b        0.217 b/c
# superfast                 6 byte keys       23.664 c/h        3.944 c/b        0.254 b/c
# superfast                 7 byte keys       24.000 c/h        3.429 c/b        0.292 b/c
# superfast                 8 byte keys       23.889 c/h        2.986 c/b        0.335 b/c
# superfast                 9 byte keys       28.996 c/h        3.222 c/b        0.310 b/c
# superfast                10 byte keys       28.000 c/h        2.800 c/b        0.357 b/c
# superfast                11 byte keys       29.000 c/h        2.636 c/b        0.379 b/c
# superfast                12 byte keys       29.000 c/h        2.417 c/b        0.414 b/c
# superfast                13 byte keys       33.862 c/h        2.605 c/b        0.384 b/c
# superfast                14 byte keys       33.000 c/h        2.357 c/b        0.424 b/c
# superfast                15 byte keys       34.492 c/h        2.299 c/b        0.435 b/c
# superfast                16 byte keys       34.000 c/h        2.125 c/b        0.471 b/c
# superfast                17 byte keys       38.000 c/h        2.235 c/b        0.447 b/c
# superfast                18 byte keys       38.000 c/h        2.111 c/b        0.474 b/c
# superfast                19 byte keys       39.000 c/h        2.053 c/b        0.487 b/c
# superfast                20 byte keys       39.000 c/h        1.950 c/b        0.513 b/c
# superfast                21 byte keys       43.631 c/h        2.078 c/b        0.481 b/c
# superfast                22 byte keys       43.000 c/h        1.955 c/b        0.512 b/c
# superfast                23 byte keys       44.000 c/h        1.913 c/b        0.523 b/c
# superfast                24 byte keys       44.295 c/h        1.846 c/b        0.542 b/c
# superfast                25 byte keys       48.995 c/h        1.960 c/b        0.510 b/c
# superfast                26 byte keys       48.000 c/h        1.846 c/b        0.542 b/c
# superfast                27 byte keys       49.000 c/h        1.815 c/b        0.551 b/c
# superfast                28 byte keys       49.000 c/h        1.750 c/b        0.571 b/c
# superfast                29 byte keys       53.000 c/h        1.828 c/b        0.547 b/c
# superfast                30 byte keys       53.000 c/h        1.767 c/b        0.566 b/c
# superfast                31 byte keys       54.000 c/h        1.742 c/b        0.574 b/c
#                          Average < 32       34.781 c/h        2.244 c/b        0.446 b/c
# superfast                32 byte keys       56.917 c/h        1.779 c/b        0.562 b/c
# superfast                36 byte keys       61.308 c/h        1.703 c/b        0.587 b/c
# superfast                40 byte keys       66.513 c/h        1.663 c/b        0.601 b/c
# superfast                44 byte keys       70.650 c/h        1.606 c/b        0.623 b/c
# superfast                48 byte keys       76.762 c/h        1.599 c/b        0.625 b/c
# superfast                52 byte keys       79.000 c/h        1.519 c/b        0.658 b/c
# superfast                56 byte keys       87.005 c/h        1.554 c/b        0.644 b/c
# superfast                60 byte keys       90.640 c/h        1.511 c/b        0.662 b/c
# superfast                64 byte keys       96.509 c/h        1.508 c/b        0.663 b/c
# superfast                68 byte keys       99.000 c/h        1.456 c/b        0.687 b/c
# superfast                72 byte keys      107.046 c/h        1.487 c/b        0.673 b/c
# superfast                76 byte keys      109.000 c/h        1.434 c/b        0.697 b/c
# superfast                80 byte keys      116.804 c/h        1.460 c/b        0.685 b/c
# superfast                84 byte keys      120.246 c/h        1.431 c/b        0.699 b/c
# superfast                88 byte keys      126.873 c/h        1.442 c/b        0.694 b/c
# superfast                92 byte keys      130.203 c/h        1.415 c/b        0.707 b/c
# superfast                96 byte keys      136.647 c/h        1.423 c/b        0.703 b/c
# superfast               100 byte keys      139.986 c/h        1.400 c/b        0.714 b/c
# superfast               104 byte keys      146.604 c/h        1.410 c/b        0.709 b/c
# superfast               108 byte keys      149.730 c/h        1.386 c/b        0.721 b/c
# superfast               112 byte keys      157.000 c/h        1.402 c/b        0.713 b/c
# superfast               116 byte keys      161.678 c/h        1.394 c/b        0.717 b/c
# superfast               120 byte keys      165.931 c/h        1.383 c/b        0.723 b/c
# superfast               124 byte keys      170.105 c/h        1.372 c/b        0.729 b/c
#                         Average < 128       68.485 c/h        1.620 c/b        0.617 b/c
# superfast               128 byte keys      175.256 c/h        1.369 c/b        0.730 b/c
# superfast               256 byte keys      346.337 c/h        1.353 c/b        0.739 b/c
# superfast               512 byte keys      666.726 c/h        1.302 c/b        0.768 b/c
# superfast              1024 byte keys     1307.053 c/h        1.276 c/b        0.783 b/c
# superfast              2048 byte keys     2657.864 c/h        1.298 c/b        0.771 b/c
# superfast              4096 byte keys     5149.983 c/h        1.257 c/b        0.795 b/c
# superfast              8192 byte keys    10273.798 c/h        1.254 c/b        0.797 b/c
# superfast             16384 byte keys    20521.237 c/h        1.253 c/b        0.798 b/c
# superfast             32768 byte keys    41535.118 c/h        1.268 c/b        0.789 b/c
# superfast             65536 byte keys    82010.739 c/h        1.251 c/b        0.799 b/c
#                       Overall Average     2552.716 c/h        1.264 c/b        0.791 b/c
ok 7 - Speed (always passes) # superfast
### Differential Tests ###
# Testing 8303632 up-to-5-bit differentials in 64-bit keys -> 32 bit hashes.
# 1000 reps, 8303632000 total tests, expecting 1.93 random collisions..........
ok 8 - Differential collisions # superfast
ok 9 - Nothing skipped during differential collision check # superfast
# 46291 total collisions, of which 41 single collisions were ignored
not ok 10 - ProcessDifferentials
# Testing 11017632 up-to-4-bit differentials in 128-bit keys -> 32 bit hashes.
# 1000 reps, 11017632000 total tests, expecting 2.57 random collisions..........
not ok 11 - Differential collisions # superfast
not ok 12 - Nothing skipped during differential collision check # superfast
# Testing 2796416 up-to-3-bit differentials in 256-bit keys -> 32 bit hashes.
# 1000 reps, 2796416000 total tests, expecting 0.65 random collisions..........
ok 13 - Differential collisions # superfast
ok 14 - Nothing skipped during differential collision check # superfast
# 72896 total collisions, of which 1326 single collisions were ignored
not ok 15 - ProcessDifferentials
not ok 16 - Differential # superfast
### Avalanche Tests ### - seed-bits: 32 hash-bits: 32
# Samples 1000000, expected error 0.00025600, confidence level 99.99994267%
# Testing   0-bit keys.......... not ok! # worst-bit: 100.000% error-ratio: 1.000000e+06
#              +---------------------------------------------------+
#              |012345678901234567890123456789012345678901234567890|
#              +---------------------------------------------------+
# Scale:       |.1234567890abcdefghijklmnopqrstuvwxyzãäåêëîïðñôõöûü|
#              |üÿABCDEFGHIJKLMNOPQRSTUVWXYZÂÃÄÅÊËÑÔÕÖÛÜÝø¤*©®¶&%@#|
#              +---------------------------------------------------+
#              |pct diff from 50%: abs((0.5-(changed/reps))*2) *100|
#              +--------------------------------+
#              |0         1         2         3 |
#              |01234567890123456789012345678901|
#              +--------------------------------+
# seed     0.0 |################################| x 32
#              +--------------------------------+
#              +---------------------------------------------------+
#              |012345678901234567890123456789012345678901234567890|
#              +---------------------------------------------------+
# Scale:       |.1234567890abcdefghijklmnopqrstuvwxyzãäåêëîïðñôõöûü|
#              |üÿABCDEFGHIJKLMNOPQRSTUVWXYZÂÃÄÅÊËÑÔÕÖÛÜÝø¤*©®¶&%@#|
#              +---------------------------------------------------+
#              |scaled p-value above confidence level (zero is ok) |
#              +--------------------------------+
#              |0         1         2         3 |
#              |01234567890123456789012345678901|
#              +--------------------------------+
# seed     0.0 |################################| x 32
#              +--------------------------------+
# 1024 of 1024 bits failed (100.00%) failed at 99.999943 confidence
#     g-test: 100.000000%
#     sum-error-square: 256.00000000
#     key/seed errors: 32/32
#     - seed bit 0 gtest probability not random: 100.0000 (0/32000000)
#     - seed bit 1 gtest probability not random: 100.0000 (0/32000000)
#     - with 30 more seed errors not described above.
#     hash bit-level errors: 32/32
#     - hash bit 0 gtest-prob not-random: 100.0000 (0/32000000)
#     - hash bit 1 gtest-prob not-random: 100.0000 (0/32000000)
#     - hash bit 2 gtest-prob not-random: 100.0000 (0/32000000)
#     - with 29 more hash bit errors not described above.
not ok 17 - Strict Avalanche Criteria - 0 bit keys
# Testing   8-bit keys.......... not ok! # worst-bit:   0.322% error-ratio: 1.011395e+00
#              +---------------------------------------------------+
#              |012345678901234567890123456789012345678901234567890|
#              +---------------------------------------------------+
# Scale:       |.1234567890abcdefghijklmnopqrstuvwxyzãäåêëîïðñôõöûü|
#              |üÿABCDEFGHIJKLMNOPQRSTUVWXYZÂÃÄÅÊËÑÔÕÖÛÜÝø¤*©®¶&%@#|
#              +---------------------------------------------------+
#              |pct diff from 50%: abs((0.5-(changed/reps))*2) *100|
#              +--------------------------------+
#              |0         1         2         3 |
#              |01234567890123456789012345678901|
#              +--------------------------------+
# seed     0.0 |................................| x 32
# key      0.0 |................................| x 8
#              +--------------------------------+
#              +---------------------------------------------------+
#              |012345678901234567890123456789012345678901234567890|
#              +---------------------------------------------------+
# Scale:       |.1234567890abcdefghijklmnopqrstuvwxyzãäåêëîïðñôõöûü|
#              |üÿABCDEFGHIJKLMNOPQRSTUVWXYZÂÃÄÅÊËÑÔÕÖÛÜÝø¤*©®¶&%@#|
#              +---------------------------------------------------+
#              |scaled p-value above confidence level (zero is ok) |
#              +--------------------------------+
#              |0         1         2         3 |
#              |01234567890123456789012345678901|
#              +--------------------------------+
# seed     0.0 |................................| x 32
# key      0.0 |................................| x 8
#              +--------------------------------+
# 0 of 1280 bits failed (0.00%) failed at 99.999943 confidence
#     g-test: 0.000000%
#     sum-error-square: 0.00025892
#     hash bit-level errors: 1/32
#     - hash bit 29 gtest-prob not-random: 100.0000 (19980972/20019028)
not ok 18 - Strict Avalanche Criteria - 8 bit keys
# Testing  16-bit keys.......... ok.     # worst-bit:   0.372% error-ratio: 9.788514e-01
ok 19 - Strict Avalanche Criteria - 16 bit keys
# Testing  24-bit keys.......... ok.     # worst-bit:   0.376% error-ratio: 1.069208e+00
ok 20 - Strict Avalanche Criteria - 24 bit keys
# Testing  32-bit keys.......... ok.     # worst-bit:   0.381% error-ratio: 1.073983e+00
ok 21 - Strict Avalanche Criteria - 32 bit keys
# Testing  40-bit keys.......... ok.     # worst-bit:   0.368% error-ratio: 1.016356e+00
ok 22 - Strict Avalanche Criteria - 40 bit keys
# Testing  48-bit keys.......... ok.     # worst-bit:   0.326% error-ratio: 1.012130e+00
ok 23 - Strict Avalanche Criteria - 48 bit keys
# Testing  56-bit keys.......... ok.     # worst-bit:   0.398% error-ratio: 9.549743e-01
ok 24 - Strict Avalanche Criteria - 56 bit keys
# Testing  64-bit keys.......... ok.     # worst-bit:   0.385% error-ratio: 1.011721e+00
ok 25 - Strict Avalanche Criteria - 64 bit keys
# Testing  72-bit keys.......... ok.     # worst-bit:   0.340% error-ratio: 1.004888e+00
ok 26 - Strict Avalanche Criteria - 72 bit keys
# Testing  80-bit keys.......... ok.     # worst-bit:   0.396% error-ratio: 1.020677e+00
ok 27 - Strict Avalanche Criteria - 80 bit keys
# Testing  88-bit keys.......... ok.     # worst-bit:   0.346% error-ratio: 9.831262e-01
ok 28 - Strict Avalanche Criteria - 88 bit keys
# Testing  96-bit keys.......... ok.     # worst-bit:   0.333% error-ratio: 9.844795e-01
ok 29 - Strict Avalanche Criteria - 96 bit keys
# Testing 104-bit keys.......... ok.     # worst-bit:   0.348% error-ratio: 1.028877e+00
ok 30 - Strict Avalanche Criteria - 104 bit keys
# Testing 112-bit keys.......... ok.     # worst-bit:   0.350% error-ratio: 1.037738e+00
ok 31 - Strict Avalanche Criteria - 112 bit keys
# Testing 120-bit keys.......... ok.     # worst-bit:   0.344% error-ratio: 1.000549e+00
ok 32 - Strict Avalanche Criteria - 120 bit keys
# Testing 128-bit keys.......... ok.     # worst-bit:   0.397% error-ratio: 9.886717e-01
ok 33 - Strict Avalanche Criteria - 128 bit keys
# Testing 136-bit keys.......... ok.     # worst-bit:   0.369% error-ratio: 1.007846e+00
ok 34 - Strict Avalanche Criteria - 136 bit keys
# Testing 144-bit keys.......... ok.     # worst-bit:   0.393% error-ratio: 1.014396e+00
ok 35 - Strict Avalanche Criteria - 144 bit keys
# Testing 152-bit keys.......... not ok! # worst-bit:   0.380% error-ratio: 1.001485e+00
#              +---------------------------------------------------+
#              |012345678901234567890123456789012345678901234567890|
#              +---------------------------------------------------+
# Scale:       |.1234567890abcdefghijklmnopqrstuvwxyzãäåêëîïðñôõöûü|
#              |üÿABCDEFGHIJKLMNOPQRSTUVWXYZÂÃÄÅÊËÑÔÕÖÛÜÝø¤*©®¶&%@#|
#              +---------------------------------------------------+
#              |pct diff from 50%: abs((0.5-(changed/reps))*2) *100|
#              +--------------------------------+
#              |0         1         2         3 |
#              |01234567890123456789012345678901|
#              +--------------------------------+
# seed     0.0 |................................| x 32
# key      0.0 |................................| x 152
#              +--------------------------------+
#              +---------------------------------------------------+
#              |012345678901234567890123456789012345678901234567890|
#              +---------------------------------------------------+
# Scale:       |.1234567890abcdefghijklmnopqrstuvwxyzãäåêëîïðñôõöûü|
#              |üÿABCDEFGHIJKLMNOPQRSTUVWXYZÂÃÄÅÊËÑÔÕÖÛÜÝø¤*©®¶&%@#|
#              +---------------------------------------------------+
#              |scaled p-value above confidence level (zero is ok) |
#              +--------------------------------+
#              |0         1         2         3 |
#              |01234567890123456789012345678901|
#              +--------------------------------+
# seed     0.0 |................................| x 32
# key      0.0 |................................| x 152
#              +--------------------------------+
# 0 of 5888 bits failed (0.00%) failed at 99.999943 confidence
#     g-test: 0.000000%
#     sum-error-square: 0.00025638
#     hash bit-level errors: 1/32
#     - hash bit 31 gtest-prob not-random: 100.0000 (91963004/92036996)
not ok 36 - Strict Avalanche Criteria - 152 bit keys
# Testing 152-bit keys.......... ok.     # worst-bit:   0.361% error-ratio: 1.009195e+00
ok 37 - Strict Avalanche Criteria - 160 bit keys
# Testing 256-bit keys.......... not ok! # worst-bit:   0.388% error-ratio: 1.027408e+00
#              +---------------------------------------------------+
#              |012345678901234567890123456789012345678901234567890|
#              +---------------------------------------------------+
# Scale:       |.1234567890abcdefghijklmnopqrstuvwxyzãäåêëîïðñôõöûü|
#              |üÿABCDEFGHIJKLMNOPQRSTUVWXYZÂÃÄÅÊËÑÔÕÖÛÜÝø¤*©®¶&%@#|
#              +---------------------------------------------------+
#              |pct diff from 50%: abs((0.5-(changed/reps))*2) *100|
#              +--------------------------------+
#              |0         1         2         3 |
#              |01234567890123456789012345678901|
#              +--------------------------------+
# seed     0.0 |................................| x 32
# key      0.0 |................................| x 256
#              +--------------------------------+
#              +---------------------------------------------------+
#              |012345678901234567890123456789012345678901234567890|
#              +---------------------------------------------------+
# Scale:       |.1234567890abcdefghijklmnopqrstuvwxyzãäåêëîïðñôõöûü|
#              |üÿABCDEFGHIJKLMNOPQRSTUVWXYZÂÃÄÅÊËÑÔÕÖÛÜÝø¤*©®¶&%@#|
#              +---------------------------------------------------+
#              |scaled p-value above confidence level (zero is ok) |
#              +--------------------------------+
#              |0         1         2         3 |
#              |01234567890123456789012345678901|
#              +--------------------------------+
# seed     0.0 |................................| x 32
# key      0.0 |................................| x 256
#              +--------------------------------+
# 0 of 9216 bits failed (0.00%) failed at 99.999943 confidence
#     g-test: 0.000000%
#     sum-error-square: 0.00026302
#     hash bit-level errors: 3/32
#     - hash bit 27 gtest-prob not-random: 100.0000 (143943408/144056592)
#     - hash bit 28 gtest-prob not-random: 100.0000 (143953034/144046966)
#     - hash bit 29 gtest-prob not-random: 100.0000 (143956153/144043847)
not ok 38 - Strict Avalanche Criteria - 256 bit keys
not ok 39 - Strict Avalanche Criteria # superfast
### Keyset 'Cyclic' Tests ###
# Keyset 'Cyclic' - 8 cycles of 4 bytes - 10000000 keys
# Testing collisions   - Expected 11641.53, actual    22794 ( 1.96x) - passed
ok 40 - Collision Rate for Keyset 'Cyclic' - 8 cycles of 4 bytes - 10000000 keys
# worst bias is the   9-bit window at bit  26 - 1.498% (416)
not ok 41 - Distribution Bias Check for Keyset 'Cyclic' - 8 cycles of 4 bytes - 10000000 keys
# Keyset 'Cyclic' - 8 cycles of 5 bytes - 10000000 keys
# Testing collisions   - Expected 11641.53, actual    21175 ( 1.82x) - passed
ok 42 - Collision Rate for Keyset 'Cyclic' - 8 cycles of 5 bytes - 10000000 keys
# worst bias is the   8-bit window at bit  24 - 1.499% (416)
not ok 43 - Distribution Bias Check for Keyset 'Cyclic' - 8 cycles of 5 bytes - 10000000 keys
# Keyset 'Cyclic' - 8 cycles of 6 bytes - 10000000 keys
# Testing collisions   - Expected 11641.53, actual    20632 ( 1.77x) - passed
ok 44 - Collision Rate for Keyset 'Cyclic' - 8 cycles of 6 bytes - 10000000 keys
# worst bias is the   9-bit window at bit  25 - 1.502% (416)
not ok 45 - Distribution Bias Check for Keyset 'Cyclic' - 8 cycles of 6 bytes - 10000000 keys
# Keyset 'Cyclic' - 8 cycles of 7 bytes - 10000000 keys
# Testing collisions   - Expected 11641.53, actual    20394 ( 1.75x) - passed
ok 46 - Collision Rate for Keyset 'Cyclic' - 8 cycles of 7 bytes - 10000000 keys
# worst bias is the  11-bit window at bit  26 - 1.484% (416)
not ok 47 - Distribution Bias Check for Keyset 'Cyclic' - 8 cycles of 7 bytes - 10000000 keys
# Keyset 'Cyclic' - 8 cycles of 8 bytes - 10000000 keys
# Testing collisions   - Expected 11641.53, actual    19581 ( 1.68x) - passed
ok 48 - Collision Rate for Keyset 'Cyclic' - 8 cycles of 8 bytes - 10000000 keys
# worst bias is the  12-bit window at bit  21 - 1.486% (416)
not ok 49 - Distribution Bias Check for Keyset 'Cyclic' - 8 cycles of 8 bytes - 10000000 keys
not ok 50 - Keyset 'Cyclic' # superfast
### Keyset 'TwoBytes' Tests ###
# Testing collisions   - Expected    49.57, actual    82188 - Excessive keys in collision - failed
not ok 51 - Collision Rate for Keyset 'TwoBytes' - up-to-4-byte keys, 652545 total keys
# worst bias is the  16-bit window at bit  17 - 3.719% (288)
not ok 52 - Distribution Bias Check for Keyset 'TwoBytes' - up-to-4-byte keys, 652545 total keys
# Testing collisions   - Expected  3484.56, actual   769231 (220.75x) - failed
not ok 53 - Collision Rate for Keyset 'TwoBytes' - up-to-8-byte keys, 5471025 total keys
# worst bias is the  20-bit window at bit  13 - 5.701% (416)
not ok 54 - Distribution Bias Check for Keyset 'TwoBytes' - up-to-8-byte keys, 5471025 total keys
# Testing collisions   - Expected 40347.77, actual  2932587 (72.68x) - failed
not ok 55 - Collision Rate for Keyset 'TwoBytes' - up-to-12-byte keys, 18616785 total keys
# worst bias is the  20-bit window at bit  13 - 3.346% (416)
not ok 56 - Distribution Bias Check for Keyset 'TwoBytes' - up-to-12-byte keys, 18616785 total keys
# Testing collisions   - Expected 227963.15, actual  6272420 (27.52x) - failed
not ok 57 - Collision Rate for Keyset 'TwoBytes' - up-to-16-byte keys, 44251425 total keys
# worst bias is the  20-bit window at bit  21 - 2.224% (416)
not ok 58 - Distribution Bias Check for Keyset 'TwoBytes' - up-to-16-byte keys, 44251425 total keys
# Testing collisions   - Expected 871784.70, actual 11504835 (13.20x) - failed
not ok 59 - Collision Rate for Keyset 'TwoBytes' - up-to-20-byte keys, 86536545 total keys
# worst bias is the  20-bit window at bit  13 - 1.836% (416)
not ok 60 - Distribution Bias Check for Keyset 'TwoBytes' - up-to-20-byte keys, 86536545 total keys
not ok 61 - Keyset 'TwoBytes' # superfast
### Keyset 'Sparse' Tests ###
# Keyset 'Sparse' - 32-bit keys with up to 6 bits set - 1149017 keys
# Testing collisions   - Expected   153.70, actual      199 ( 1.29x) - passed
ok 62 - Collision Rate for Keyset 'Sparse' - 32-bit keys with up to 6 bits set
# worst bias is the   8-bit window at bit  25 - 1.502% (320)
not ok 63 - Distribution Bias Check for Keyset 'Sparse' - 32-bit keys with up to 6 bits set
# Keyset 'Sparse' - 40-bit keys with up to 6 bits set - 4598479 keys
# Testing collisions   - Expected  2461.72, actual     3540 ( 1.44x) - passed
ok 64 - Collision Rate for Keyset 'Sparse' - 40-bit keys with up to 6 bits set
# worst bias is the  11-bit window at bit  26 - 1.485% (384)
not ok 65 - Distribution Bias Check for Keyset 'Sparse' - 40-bit keys with up to 6 bits set
# Keyset 'Sparse' - 48-bit keys with up to 5 bits set - 1925357 keys
# Testing collisions   - Expected   431.55, actual      429 ( 0.99x) - passed
ok 66 - Collision Rate for Keyset 'Sparse' - 48-bit keys with up to 5 bits set
# worst bias is the   8-bit window at bit  24 - 1.486% (352)
not ok 67 - Distribution Bias Check for Keyset 'Sparse' - 48-bit keys with up to 5 bits set
# Keyset 'Sparse' - 56-bit keys with up to 5 bits set - 4216423 keys
# Testing collisions   - Expected  2069.66, actual     2219 ( 1.07x) - passed
ok 68 - Collision Rate for Keyset 'Sparse' - 56-bit keys with up to 5 bits set
# worst bias is the  11-bit window at bit  23 - 1.484% (384)
not ok 69 - Distribution Bias Check for Keyset 'Sparse' - 56-bit keys with up to 5 bits set
# Keyset 'Sparse' - 64-bit keys with up to 5 bits set - 8303633 keys
# Testing collisions   - Expected  8026.87, actual     8853 ( 1.10x) - passed
ok 70 - Collision Rate for Keyset 'Sparse' - 64-bit keys with up to 5 bits set
# worst bias is the   8-bit window at bit  26 - 1.504% (416)
not ok 71 - Distribution Bias Check for Keyset 'Sparse' - 64-bit keys with up to 5 bits set
# Keyset 'Sparse' - 96-bit keys with up to 4 bits set - 3469497 keys
# Testing collisions   - Expected  1401.34, actual     1586 ( 1.13x) - passed
ok 72 - Collision Rate for Keyset 'Sparse' - 96-bit keys with up to 4 bits set
# worst bias is the  12-bit window at bit  26 - 1.462% (384)
not ok 73 - Distribution Bias Check for Keyset 'Sparse' - 96-bit keys with up to 4 bits set
# Keyset 'Sparse' - 256-bit keys with up to 3 bits set - 2796417 keys
# Testing collisions   - Expected   910.36, actual     1508 ( 1.66x) - passed
ok 74 - Collision Rate for Keyset 'Sparse' - 256-bit keys with up to 3 bits set
# worst bias is the  11-bit window at bit  26 - 1.497% (384)
not ok 75 - Distribution Bias Check for Keyset 'Sparse' - 256-bit keys with up to 3 bits set
# Keyset 'Sparse' - 2048-bit keys with up to 2 bits set - 2098177 keys
# Testing collisions   - Expected   512.50, actual     2254 ( 4.40x) - failed
not ok 76 - Collision Rate for Keyset 'Sparse' - 2048-bit keys with up to 2 bits set
# worst bias is the  11-bit window at bit  23 - 1.499% (352)
not ok 77 - Distribution Bias Check for Keyset 'Sparse' - 2048-bit keys with up to 2 bits set
not ok 78 - Keyset 'Sparse' # superfast
# Keyset 'CRC-MultiCollision' - 1048575 x 16 block keys - 128-bytes long - 10 seeds
# Testing collisions   - Expected   128.00, actual      130 ( 1.02x) - passed
ok 79 - Collision Rate for Keyset 'CRC-MultiCollision' - seed 1 # superfast
# Testing collisions   - Expected   128.00, actual      125 ( 0.98x) - passed
ok 80 - Collision Rate for Keyset 'CRC-MultiCollision' - seed 2 # superfast
# Testing collisions   - Expected   128.00, actual      149 ( 1.16x) - passed
ok 81 - Collision Rate for Keyset 'CRC-MultiCollision' - seed 3 # superfast
# Testing collisions   - Expected   128.00, actual      147 ( 1.15x) - passed
ok 82 - Collision Rate for Keyset 'CRC-MultiCollision' - seed 4 # superfast
# Testing collisions   - Expected   128.00, actual      159 ( 1.24x) - passed
ok 83 - Collision Rate for Keyset 'CRC-MultiCollision' - seed 5 # superfast
# Testing collisions   - Expected   128.00, actual      136 ( 1.06x) - passed
ok 84 - Collision Rate for Keyset 'CRC-MultiCollision' - seed 6 # superfast
# Testing collisions   - Expected   128.00, actual      122 ( 0.95x) - passed
ok 85 - Collision Rate for Keyset 'CRC-MultiCollision' - seed 7 # superfast
# Testing collisions   - Expected   128.00, actual      124 ( 0.97x) - passed
ok 86 - Collision Rate for Keyset 'CRC-MultiCollision' - seed 8 # superfast
# Testing collisions   - Expected   128.00, actual      132 ( 1.03x) - passed
ok 87 - Collision Rate for Keyset 'CRC-MultiCollision' - seed 9 # superfast
# Testing collisions   - Expected   128.00, actual      165 ( 1.29x) - passed
ok 88 - Collision Rate for Keyset 'CRC-MultiCollision' - seed 10 # superfast
### Keyset 'Combination Lowbits' Tests ###
# Keyset 'Combination' - up to 8 blocks from a set of 8 - 19173960 keys
# Testing collisions   - Expected 42799.01, actual   766367 (17.91x) - failed
not ok 89 - Collision Rate for Keyset 'Combination Lowbits'
# worst bias is the  20-bit window at bit  17 - 1.743% (416)
not ok 90 - Distribution Bias Check for Keyset 'Combination Lowbits'
not ok 91 - Keyset 'Combination Lowbits' # superfast
### Keyset 'Combination Highbits' Tests ###
# Keyset 'Combination' - up to 8 blocks from a set of 8 - 19173960 keys
# Testing collisions   - Expected 42799.01, actual  7990766 (186.70x) - failed
not ok 92 - Collision Rate for Keyset 'Combination Highbits'
# worst bias is the  20-bit window at bit  19 - 10.183% (416)
not ok 93 - Distribution Bias Check for Keyset 'Combination Highbits'
not ok 94 - Keyset 'Combination Highbits' # superfast
### Keyset 'Combination Highbits2' Tests ###
# Keyset 'Combination' - up to 8 blocks from a set of 8 - 19173960 keys
# Testing collisions   - Expected 42799.01, actual  6725198 (157.13x) - failed
not ok 95 - Collision Rate for Keyset 'Combination Highbits2'
# worst bias is the  20-bit window at bit  12 - 8.339% (416)
not ok 96 - Distribution Bias Check for Keyset 'Combination Highbits2'
not ok 97 - Keyset 'Combination Highbits2' # superfast
### Keyset 'Combination 0x80000000' Tests ###
# Keyset 'Combination' - up to 20 blocks from a set of 2 - 2097150 keys
# Testing collisions   - Expected   512.00, actual   264497 (516.60x) - failed
not ok 98 - Collision Rate for Keyset 'Combination 0x80000000'
# worst bias is the  18-bit window at bit  14 - 4.269% (352)
not ok 99 - Distribution Bias Check for Keyset 'Combination 0x80000000'
not ok 100 - Keyset 'Combination 0x80000000' # superfast
### Keyset 'Combination 0x00000001' Tests ###
# Keyset 'Combination' - up to 20 blocks from a set of 2 - 2097150 keys
# Testing collisions   - Expected   512.00, actual     1107 ( 2.16x) - failed
not ok 101 - Collision Rate for Keyset 'Combination 0x00000001'
# worst bias is the  12-bit window at bit  26 - 1.488% (352)
not ok 102 - Distribution Bias Check for Keyset 'Combination 0x00000001'
not ok 103 - Keyset 'Combination 0x00000001' # superfast
### Keyset 'Combination Hi-Lo' Tests ###
# Keyset 'Combination' - up to 6 blocks from a set of 15 - 12204240 keys
# Testing collisions   - Expected 17339.30, actual   520202 (30.00x) - failed
not ok 104 - Collision Rate for Keyset 'Combination Hi-Lo'
# worst bias is the  20-bit window at bit  17 - 2.118% (416)
not ok 105 - Distribution Bias Check for Keyset 'Combination Hi-Lo'
not ok 106 - Keyset 'Combination Hi-Lo' # superfast
### Keyset 'Text' Tests ###
# Keyset 'Text' - keys of form "Foo[XXXX]Bar" - 14776336 keys
# Testing collisions   - Expected 25418.13, actual     2246 ( 0.09x) - passed
ok 107 - Collision Rate for Keyset 'Text' - keys of form "Foo[XXXX]Bar" - 14776336 keys
# worst bias is the   8-bit window at bit  24 - 1.500% (416)
not ok 108 - Distribution Bias Check for Keyset 'Text' - keys of form "Foo[XXXX]Bar" - 14776336 keys
# Keyset 'Text' - keys of form "FooBar[XXXX]" - 14776336 keys
# Testing collisions   - Expected 25418.13, actual 11429490 (449.66x) - failed
not ok 109 - Collision Rate for Keyset 'Text' - keys of form "FooBar[XXXX]" - 14776336 keys
# worst bias is the  20-bit window at bit  26 - 29.858% (416)
not ok 110 - Distribution Bias Check for Keyset 'Text' - keys of form "FooBar[XXXX]" - 14776336 keys
# Keyset 'Text' - keys of form "[XXXX]FooBar" - 14776336 keys
# Testing collisions   - Expected 25418.13, actual     2295 ( 0.09x) - passed
ok 111 - Collision Rate for Keyset 'Text' - keys of form "[XXXX]FooBar" - 14776336 keys
# worst bias is the   9-bit window at bit  23 - 1.486% (416)
not ok 112 - Distribution Bias Check for Keyset 'Text' - keys of form "[XXXX]FooBar" - 14776336 keys
not ok 113 - Keyset 'Text' # superfast
### Keyset 'Zeroes' Tests ###
# Keyset 'Zeroes' - 262144 keys
# Testing collisions   - Expected     8.00, actual      102 (12.75x) - failed
not ok 114 - Collision Rate for Keyset 'Zeroes' - 262144 keys
# worst bias is the  12-bit window at bit  25 - 1.557% (256)
not ok 115 - Distribution Bias Check for Keyset 'Zeroes' - 262144 keys
not ok 116 - Keyset 'Zeroes' # superfast
### Keyset 'Seed' Tests ###
# Keyset 'Seed' - 2000000 seeds, Key "The quick brown fox "...
# Testing collisions   - Expected   465.46, actual       52 ( 0.11x) - passed
ok 117 - Collision Rate for Keyset 'Seed' - 2000000 seeds, Key "The quick brown fox "...
# worst bias is the   9-bit window at bit  26 - 1.496% (352)
not ok 118 - Distribution Bias Check for Keyset 'Seed' - 2000000 seeds, Key "The quick brown fox "...
# Keyset 'Seed' - 2000000 seeds, Key ""
# Testing collisions   - Expected   465.44, actual  1999533 - ALL keys were in collision - failed
not ok 119 - Collision Rate for Keyset 'Seed' - 2000000 seeds, Key ""
# worst bias is the  18-bit window at bit   0 - 20768651.153% (352)
not ok 120 - Distribution Bias Check for Keyset 'Seed' - 2000000 seeds, Key ""
# Keyset 'Seed' - 2000000 seeds, Key "00101100110101101"
# Testing collisions   - Expected   465.46, actual      204 ( 0.44x) - passed
ok 121 - Collision Rate for Keyset 'Seed' - 2000000 seeds, Key "00101100110101101"
# worst bias is the   9-bit window at bit  23 - 1.488% (352)
not ok 122 - Distribution Bias Check for Keyset 'Seed' - 2000000 seeds, Key "00101100110101101"
# Keyset 'Seed' - 2000000 seeds, Key "abcbcddbdebdcaaabaaa"...
# Testing collisions   - Expected   465.45, actual       47 ( 0.10x) - passed
ok 123 - Collision Rate for Keyset 'Seed' - 2000000 seeds, Key "abcbcddbdebdcaaabaaa"...
# worst bias is the  13-bit window at bit  19 - 1.479% (352)
not ok 124 - Distribution Bias Check for Keyset 'Seed' - 2000000 seeds, Key "abcbcddbdebdcaaabaaa"...
not ok 125 - Keyset 'Seed' # superfast
### Keyset 'Effs' Tests ###
# Keyset 'Effs' - 262144 keys
# Testing collisions   - Expected     8.00, actual       54 ( 6.75x) - failed
not ok 126 - Collision Rate for Keyset 'Effs' - 262144 keys
# worst bias is the  10-bit window at bit  22 - 1.525% (256)
not ok 127 - Distribution Bias Check for Keyset 'Effs' - 262144 keys
not ok 128 - Keyset 'Effs' # superfast
not ok 129 - all tests passed # superfast
1..129
# Tests Failed. superfast failed 73 of 129 tests.
# Testing took 1256.813090 seconds
# This is SMHasher version v1.0-demerphq-5-g86440f3 - built on Mar 10 2017.
