ok 1 - SelfTest - Verify 89 Hashes
ok 2 - Found Hash # t1ha_32le
###################################################################
### Testing t1ha_32le - no seed_state
### - Fast Positive Hash - portable, 32-bit, little-endian -
### seedbits: 64 statebits: 64 hashbits: 64
###################################################################
### Sanity Tests ###
ok 3 - Verification code # t1ha_32le
# Sanity check simple key bit flips and consistency..........
ok 4 - SanityTest # t1ha_32le
# Sanity check null suffixes change the hash (simple)..........
ok 5 - Appended Zeroes Test # t1ha_32le
ok 6 - Sanity Test # t1ha_32le
### Speed Tests ###
## Bulk speed test - 262144-byte keys
# Alignment  7 -  2.816 bytes/cycle - 8057.35 MiB/sec @ 3 ghz
# Alignment  6 -  2.816 bytes/cycle - 8057.00 MiB/sec @ 3 ghz
# Alignment  5 -  2.816 bytes/cycle - 8057.10 MiB/sec @ 3 ghz
# Alignment  4 -  2.816 bytes/cycle - 8057.48 MiB/sec @ 3 ghz
# Alignment  3 -  2.816 bytes/cycle - 8056.49 MiB/sec @ 3 ghz
# Alignment  2 -  2.816 bytes/cycle - 8056.70 MiB/sec @ 3 ghz
# Alignment  1 -  2.816 bytes/cycle - 8056.48 MiB/sec @ 3 ghz
# Alignment  0 -  2.816 bytes/cycle - 8057.14 MiB/sec @ 3 ghz
# Average      -  2.816 bytes/cycle - 8056.97 MiB/sec @ 3 ghz
## KeySpeed tests
# t1ha_32le                 0 byte keys       10.000 c/h
# t1ha_32le                 1 byte keys       13.000 c/h       13.000 c/b        0.077 b/c
# t1ha_32le                 2 byte keys       14.725 c/h        7.362 c/b        0.136 b/c
# t1ha_32le                 3 byte keys       17.000 c/h        5.667 c/b        0.176 b/c
# t1ha_32le                 4 byte keys       13.480 c/h        3.370 c/b        0.297 b/c
# t1ha_32le                 5 byte keys       18.000 c/h        3.600 c/b        0.278 b/c
# t1ha_32le                 6 byte keys       18.000 c/h        3.000 c/b        0.333 b/c
# t1ha_32le                 7 byte keys       18.000 c/h        2.571 c/b        0.389 b/c
# t1ha_32le                 8 byte keys       18.000 c/h        2.250 c/b        0.444 b/c
# t1ha_32le                 9 byte keys       22.000 c/h        2.444 c/b        0.409 b/c
# t1ha_32le                10 byte keys       23.235 c/h        2.323 c/b        0.430 b/c
# t1ha_32le                11 byte keys       22.283 c/h        2.026 c/b        0.494 b/c
# t1ha_32le                12 byte keys       22.493 c/h        1.874 c/b        0.533 b/c
# t1ha_32le                13 byte keys       26.993 c/h        2.076 c/b        0.482 b/c
# t1ha_32le                14 byte keys       27.000 c/h        1.929 c/b        0.519 b/c
# t1ha_32le                15 byte keys       27.250 c/h        1.817 c/b        0.550 b/c
# t1ha_32le                16 byte keys       27.000 c/h        1.688 c/b        0.593 b/c
# t1ha_32le                17 byte keys       26.953 c/h        1.585 c/b        0.631 b/c
# t1ha_32le                18 byte keys       26.820 c/h        1.490 c/b        0.671 b/c
# t1ha_32le                19 byte keys       26.258 c/h        1.382 c/b        0.724 b/c
# t1ha_32le                20 byte keys       26.000 c/h        1.300 c/b        0.769 b/c
# t1ha_32le                21 byte keys       30.870 c/h        1.470 c/b        0.680 b/c
# t1ha_32le                22 byte keys       30.983 c/h        1.408 c/b        0.710 b/c
# t1ha_32le                23 byte keys       30.863 c/h        1.342 c/b        0.745 b/c
# t1ha_32le                24 byte keys       31.462 c/h        1.311 c/b        0.763 b/c
# t1ha_32le                25 byte keys       35.910 c/h        1.436 c/b        0.696 b/c
# t1ha_32le                26 byte keys       35.800 c/h        1.377 c/b        0.726 b/c
# t1ha_32le                27 byte keys       35.659 c/h        1.321 c/b        0.757 b/c
# t1ha_32le                28 byte keys       36.000 c/h        1.286 c/b        0.778 b/c
# t1ha_32le                29 byte keys       40.000 c/h        1.379 c/b        0.725 b/c
# t1ha_32le                30 byte keys       40.000 c/h        1.333 c/b        0.750 b/c
# t1ha_32le                31 byte keys       39.999 c/h        1.290 c/b        0.775 b/c
#                          Average < 32       26.001 c/h        1.677 c/b        0.596 b/c
# t1ha_32le                32 byte keys       28.000 c/h        0.875 c/b        1.143 b/c
# t1ha_32le                36 byte keys       32.989 c/h        0.916 c/b        1.091 b/c
# t1ha_32le                40 byte keys       37.837 c/h        0.946 c/b        1.057 b/c
# t1ha_32le                44 byte keys       41.839 c/h        0.951 c/b        1.052 b/c
# t1ha_32le                48 byte keys       34.000 c/h        0.708 c/b        1.412 b/c
# t1ha_32le                52 byte keys       38.000 c/h        0.731 c/b        1.368 b/c
# t1ha_32le                56 byte keys       42.556 c/h        0.760 c/b        1.316 b/c
# t1ha_32le                60 byte keys       47.000 c/h        0.783 c/b        1.277 b/c
# t1ha_32le                64 byte keys       39.501 c/h        0.617 c/b        1.620 b/c
# t1ha_32le                68 byte keys       43.999 c/h        0.647 c/b        1.545 b/c
# t1ha_32le                72 byte keys       48.000 c/h        0.667 c/b        1.500 b/c
# t1ha_32le                76 byte keys       52.000 c/h        0.684 c/b        1.462 b/c
# t1ha_32le                80 byte keys       45.000 c/h        0.562 c/b        1.778 b/c
# t1ha_32le                84 byte keys       49.893 c/h        0.594 c/b        1.684 b/c
# t1ha_32le                88 byte keys       54.000 c/h        0.614 c/b        1.630 b/c
# t1ha_32le                92 byte keys       58.997 c/h        0.641 c/b        1.559 b/c
# t1ha_32le                96 byte keys       51.000 c/h        0.531 c/b        1.882 b/c
# t1ha_32le               100 byte keys       56.767 c/h        0.568 c/b        1.762 b/c
# t1ha_32le               104 byte keys       61.570 c/h        0.592 c/b        1.689 b/c
# t1ha_32le               108 byte keys       64.000 c/h        0.593 c/b        1.688 b/c
# t1ha_32le               112 byte keys       57.128 c/h        0.510 c/b        1.960 b/c
# t1ha_32le               116 byte keys       61.708 c/h        0.532 c/b        1.880 b/c
# t1ha_32le               120 byte keys       65.859 c/h        0.549 c/b        1.822 b/c
# t1ha_32le               124 byte keys       69.994 c/h        0.564 c/b        1.772 b/c
#                         Average < 128       35.958 c/h        0.850 c/b        1.176 b/c
# t1ha_32le               128 byte keys       62.557 c/h        0.489 c/b        2.046 b/c
# t1ha_32le               256 byte keys      105.157 c/h        0.411 c/b        2.434 b/c
# t1ha_32le               512 byte keys      212.099 c/h        0.414 c/b        2.414 b/c
# t1ha_32le              1024 byte keys      393.543 c/h        0.384 c/b        2.602 b/c
# t1ha_32le              2048 byte keys      756.568 c/h        0.369 c/b        2.707 b/c
# t1ha_32le              4096 byte keys     1493.490 c/h        0.365 c/b        2.743 b/c
# t1ha_32le              8192 byte keys     2999.090 c/h        0.366 c/b        2.731 b/c
# t1ha_32le             16384 byte keys     5843.872 c/h        0.357 c/b        2.804 b/c
# t1ha_32le             32768 byte keys    11666.382 c/h        0.356 c/b        2.809 b/c
# t1ha_32le             65536 byte keys    23294.191 c/h        0.355 c/b        2.813 b/c
#                       Overall Average      740.009 c/h        0.366 c/b        2.730 b/c
ok 7 - Speed (always passes) # t1ha_32le
### Differential Tests ###
# Testing 8303632 up-to-5-bit differentials in 64-bit keys -> 64 bit hashes.
# 1000 reps, 8303632000 total tests, expecting 0.00 random collisions..........
ok 8 - Differential collisions # t1ha_32le
ok 9 - Nothing skipped during differential collision check # t1ha_32le
# 0 total collisions, of which 0 single collisions were ignored
ok 10 - ProcessDifferentials
# Testing 11017632 up-to-4-bit differentials in 128-bit keys -> 64 bit hashes.
# 1000 reps, 11017632000 total tests, expecting 0.00 random collisions..........
ok 11 - Differential collisions # t1ha_32le
ok 12 - Nothing skipped during differential collision check # t1ha_32le
# 0 total collisions, of which 0 single collisions were ignored
ok 13 - ProcessDifferentials
# Testing 2796416 up-to-3-bit differentials in 256-bit keys -> 64 bit hashes.
# 1000 reps, 2796416000 total tests, expecting 0.00 random collisions..........
ok 14 - Differential collisions # t1ha_32le
ok 15 - Nothing skipped during differential collision check # t1ha_32le
# 0 total collisions, of which 0 single collisions were ignored
ok 16 - ProcessDifferentials
ok 17 - Differential # t1ha_32le
### Avalanche Tests ### - seed-bits: 64 hash-bits: 64
# Samples 500000, expected error 0.00051200, confidence level 99.99994267%
# Testing   0-bit keys.......... ok.     # worst-bit:   0.540% error-ratio: 9.775012e-01
ok 18 - Strict Avalanche Criteria - 0 bit keys
# Testing   8-bit keys.......... ok.     # worst-bit:   0.529% error-ratio: 1.008962e+00
ok 19 - Strict Avalanche Criteria - 8 bit keys
# Testing  16-bit keys.......... ok.     # worst-bit:   0.565% error-ratio: 1.016421e+00
ok 20 - Strict Avalanche Criteria - 16 bit keys
# Testing  24-bit keys.......... ok.     # worst-bit:   0.565% error-ratio: 1.029172e+00
ok 21 - Strict Avalanche Criteria - 24 bit keys
# Testing  32-bit keys.......... ok.     # worst-bit:   0.621% error-ratio: 1.038859e+00
ok 22 - Strict Avalanche Criteria - 32 bit keys
# Testing  40-bit keys.......... ok.     # worst-bit:   0.512% error-ratio: 9.864036e-01
ok 23 - Strict Avalanche Criteria - 40 bit keys
# Testing  48-bit keys.......... ok.     # worst-bit:   0.606% error-ratio: 9.806475e-01
ok 24 - Strict Avalanche Criteria - 48 bit keys
# Testing  56-bit keys.......... ok.     # worst-bit:   0.575% error-ratio: 1.000346e+00
ok 25 - Strict Avalanche Criteria - 56 bit keys
# Testing  64-bit keys.......... ok.     # worst-bit:   0.677% error-ratio: 1.008333e+00
ok 26 - Strict Avalanche Criteria - 64 bit keys
# Testing  72-bit keys.......... ok.     # worst-bit:   0.536% error-ratio: 1.003420e+00
ok 27 - Strict Avalanche Criteria - 72 bit keys
# Testing  80-bit keys.......... ok.     # worst-bit:   0.526% error-ratio: 1.016068e+00
ok 28 - Strict Avalanche Criteria - 80 bit keys
# Testing  88-bit keys.......... ok.     # worst-bit:   0.548% error-ratio: 9.930828e-01
ok 29 - Strict Avalanche Criteria - 88 bit keys
# Testing  96-bit keys.......... ok.     # worst-bit:   0.544% error-ratio: 1.008779e+00
ok 30 - Strict Avalanche Criteria - 96 bit keys
# Testing 104-bit keys.......... ok.     # worst-bit:   0.716% error-ratio: 1.002525e+00
ok 31 - Strict Avalanche Criteria - 104 bit keys
# Testing 112-bit keys.......... ok.     # worst-bit:   0.740% error-ratio: 9.979186e-01
ok 32 - Strict Avalanche Criteria - 112 bit keys
# Testing 120-bit keys.......... ok.     # worst-bit:   0.545% error-ratio: 9.919923e-01
ok 33 - Strict Avalanche Criteria - 120 bit keys
# Testing 128-bit keys.......... ok.     # worst-bit:   0.711% error-ratio: 1.016435e+00
ok 34 - Strict Avalanche Criteria - 128 bit keys
# Testing 136-bit keys.......... ok.     # worst-bit:   0.562% error-ratio: 9.949741e-01
ok 35 - Strict Avalanche Criteria - 136 bit keys
# Testing 144-bit keys.......... ok.     # worst-bit:   0.600% error-ratio: 1.005318e+00
ok 36 - Strict Avalanche Criteria - 144 bit keys
# Testing 152-bit keys.......... ok.     # worst-bit:   0.635% error-ratio: 9.901042e-01
ok 37 - Strict Avalanche Criteria - 152 bit keys
# Testing 152-bit keys.......... ok.     # worst-bit:   0.590% error-ratio: 9.816998e-01
ok 38 - Strict Avalanche Criteria - 160 bit keys
# Testing 256-bit keys.......... ok.     # worst-bit:   0.593% error-ratio: 9.942637e-01
ok 39 - Strict Avalanche Criteria - 256 bit keys
ok 40 - Strict Avalanche Criteria # t1ha_32le
### Keyset 'Cyclic' Tests ###
# Keyset 'Cyclic' - 8 cycles of 8 bytes - 10000000 keys
# Testing collisions   - Expected     0.00, actual        0 ( 0.00x) - passed
ok 41 - Collision Rate for Keyset 'Cyclic' - 8 cycles of 8 bytes - 10000000 keys
ok 42 - Distribution Bias Check for Keyset 'Cyclic' - 8 cycles of 8 bytes - 10000000 keys
# Keyset 'Cyclic' - 8 cycles of 9 bytes - 10000000 keys
# Testing collisions   - Expected     0.00, actual        0 ( 0.00x) - passed
ok 43 - Collision Rate for Keyset 'Cyclic' - 8 cycles of 9 bytes - 10000000 keys
ok 44 - Distribution Bias Check for Keyset 'Cyclic' - 8 cycles of 9 bytes - 10000000 keys
# Keyset 'Cyclic' - 8 cycles of 10 bytes - 10000000 keys
# Testing collisions   - Expected     0.00, actual        0 ( 0.00x) - passed
ok 45 - Collision Rate for Keyset 'Cyclic' - 8 cycles of 10 bytes - 10000000 keys
ok 46 - Distribution Bias Check for Keyset 'Cyclic' - 8 cycles of 10 bytes - 10000000 keys
# Keyset 'Cyclic' - 8 cycles of 11 bytes - 10000000 keys
# Testing collisions   - Expected     0.00, actual        0 ( 0.00x) - passed
ok 47 - Collision Rate for Keyset 'Cyclic' - 8 cycles of 11 bytes - 10000000 keys
ok 48 - Distribution Bias Check for Keyset 'Cyclic' - 8 cycles of 11 bytes - 10000000 keys
# Keyset 'Cyclic' - 8 cycles of 12 bytes - 10000000 keys
# Testing collisions   - Expected     0.00, actual        0 ( 0.00x) - passed
ok 49 - Collision Rate for Keyset 'Cyclic' - 8 cycles of 12 bytes - 10000000 keys
ok 50 - Distribution Bias Check for Keyset 'Cyclic' - 8 cycles of 12 bytes - 10000000 keys
ok 51 - Keyset 'Cyclic' # t1ha_32le
### Keyset 'TwoBytes' Tests ###
# Testing collisions   - Expected     0.00, actual        0 ( 0.00x) - passed
ok 52 - Collision Rate for Keyset 'TwoBytes' - up-to-4-byte keys, 652545 total keys
ok 53 - Distribution Bias Check for Keyset 'TwoBytes' - up-to-4-byte keys, 652545 total keys
# Testing collisions   - Expected     0.00, actual        0 ( 0.00x) - passed
ok 54 - Collision Rate for Keyset 'TwoBytes' - up-to-8-byte keys, 5471025 total keys
ok 55 - Distribution Bias Check for Keyset 'TwoBytes' - up-to-8-byte keys, 5471025 total keys
# Testing collisions   - Expected     0.00, actual        0 ( 0.00x) - passed
ok 56 - Collision Rate for Keyset 'TwoBytes' - up-to-12-byte keys, 18616785 total keys
ok 57 - Distribution Bias Check for Keyset 'TwoBytes' - up-to-12-byte keys, 18616785 total keys
# Testing collisions   - Expected     0.00, actual        0 ( 0.00x) - passed
ok 58 - Collision Rate for Keyset 'TwoBytes' - up-to-16-byte keys, 44251425 total keys
ok 59 - Distribution Bias Check for Keyset 'TwoBytes' - up-to-16-byte keys, 44251425 total keys
# Testing collisions   - Expected     0.00, actual        0 ( 0.00x) - passed
ok 60 - Collision Rate for Keyset 'TwoBytes' - up-to-20-byte keys, 86536545 total keys
ok 61 - Distribution Bias Check for Keyset 'TwoBytes' - up-to-20-byte keys, 86536545 total keys
ok 62 - Keyset 'TwoBytes' # t1ha_32le
### Keyset 'Sparse' Tests ###
# Keyset 'Sparse' - 32-bit keys with up to 6 bits set - 1149017 keys
# Testing collisions   - Expected     0.00, actual        0 ( 0.00x) - passed
ok 63 - Collision Rate for Keyset 'Sparse' - 32-bit keys with up to 6 bits set
ok 64 - Distribution Bias Check for Keyset 'Sparse' - 32-bit keys with up to 6 bits set
# Keyset 'Sparse' - 40-bit keys with up to 6 bits set - 4598479 keys
# Testing collisions   - Expected     0.00, actual        0 ( 0.00x) - passed
ok 65 - Collision Rate for Keyset 'Sparse' - 40-bit keys with up to 6 bits set
ok 66 - Distribution Bias Check for Keyset 'Sparse' - 40-bit keys with up to 6 bits set
# Keyset 'Sparse' - 48-bit keys with up to 5 bits set - 1925357 keys
# Testing collisions   - Expected     0.00, actual        0 ( 0.00x) - passed
ok 67 - Collision Rate for Keyset 'Sparse' - 48-bit keys with up to 5 bits set
ok 68 - Distribution Bias Check for Keyset 'Sparse' - 48-bit keys with up to 5 bits set
# Keyset 'Sparse' - 56-bit keys with up to 5 bits set - 4216423 keys
# Testing collisions   - Expected     0.00, actual        0 ( 0.00x) - passed
ok 69 - Collision Rate for Keyset 'Sparse' - 56-bit keys with up to 5 bits set
ok 70 - Distribution Bias Check for Keyset 'Sparse' - 56-bit keys with up to 5 bits set
# Keyset 'Sparse' - 64-bit keys with up to 5 bits set - 8303633 keys
# Testing collisions   - Expected     0.00, actual        0 ( 0.00x) - passed
ok 71 - Collision Rate for Keyset 'Sparse' - 64-bit keys with up to 5 bits set
ok 72 - Distribution Bias Check for Keyset 'Sparse' - 64-bit keys with up to 5 bits set
# Keyset 'Sparse' - 96-bit keys with up to 4 bits set - 3469497 keys
# Testing collisions   - Expected     0.00, actual        0 ( 0.00x) - passed
ok 73 - Collision Rate for Keyset 'Sparse' - 96-bit keys with up to 4 bits set
ok 74 - Distribution Bias Check for Keyset 'Sparse' - 96-bit keys with up to 4 bits set
# Keyset 'Sparse' - 256-bit keys with up to 3 bits set - 2796417 keys
# Testing collisions   - Expected     0.00, actual        0 ( 0.00x) - passed
ok 75 - Collision Rate for Keyset 'Sparse' - 256-bit keys with up to 3 bits set
ok 76 - Distribution Bias Check for Keyset 'Sparse' - 256-bit keys with up to 3 bits set
# Keyset 'Sparse' - 2048-bit keys with up to 2 bits set - 2098177 keys
# Testing collisions   - Expected     0.00, actual        0 ( 0.00x) - passed
ok 77 - Collision Rate for Keyset 'Sparse' - 2048-bit keys with up to 2 bits set
ok 78 - Distribution Bias Check for Keyset 'Sparse' - 2048-bit keys with up to 2 bits set
ok 79 - Keyset 'Sparse' # t1ha_32le
# Keyset 'CRC-MultiCollision' - 100000 x 16 block keys - 128-bytes long - 10 seeds
# Testing collisions   - Expected     0.00, actual        0 ( 0.00x) - passed
ok 80 - Collision Rate for Keyset 'CRC-MultiCollision' - seed 1 # t1ha_32le
# Testing collisions   - Expected     0.00, actual        0 ( 0.00x) - passed
ok 81 - Collision Rate for Keyset 'CRC-MultiCollision' - seed 2 # t1ha_32le
# Testing collisions   - Expected     0.00, actual        0 ( 0.00x) - passed
ok 82 - Collision Rate for Keyset 'CRC-MultiCollision' - seed 3 # t1ha_32le
# Testing collisions   - Expected     0.00, actual        0 ( 0.00x) - passed
ok 83 - Collision Rate for Keyset 'CRC-MultiCollision' - seed 4 # t1ha_32le
# Testing collisions   - Expected     0.00, actual        0 ( 0.00x) - passed
ok 84 - Collision Rate for Keyset 'CRC-MultiCollision' - seed 5 # t1ha_32le
# Testing collisions   - Expected     0.00, actual        0 ( 0.00x) - passed
ok 85 - Collision Rate for Keyset 'CRC-MultiCollision' - seed 6 # t1ha_32le
# Testing collisions   - Expected     0.00, actual        0 ( 0.00x) - passed
ok 86 - Collision Rate for Keyset 'CRC-MultiCollision' - seed 7 # t1ha_32le
# Testing collisions   - Expected     0.00, actual        0 ( 0.00x) - passed
ok 87 - Collision Rate for Keyset 'CRC-MultiCollision' - seed 8 # t1ha_32le
# Testing collisions   - Expected     0.00, actual        0 ( 0.00x) - passed
ok 88 - Collision Rate for Keyset 'CRC-MultiCollision' - seed 9 # t1ha_32le
# Testing collisions   - Expected     0.00, actual        0 ( 0.00x) - passed
ok 89 - Collision Rate for Keyset 'CRC-MultiCollision' - seed 10 # t1ha_32le
### Keyset 'Combination Lowbits' Tests ###
# Keyset 'Combination' - up to 8 blocks from a set of 8 - 19173960 keys
# Testing collisions   - Expected     0.00, actual        0 ( 0.00x) - passed
ok 90 - Collision Rate for Keyset 'Combination Lowbits'
ok 91 - Distribution Bias Check for Keyset 'Combination Lowbits'
ok 92 - Keyset 'Combination Lowbits' # t1ha_32le
### Keyset 'Combination Highbits' Tests ###
# Keyset 'Combination' - up to 8 blocks from a set of 8 - 19173960 keys
# Testing collisions   - Expected     0.00, actual        0 ( 0.00x) - passed
ok 93 - Collision Rate for Keyset 'Combination Highbits'
ok 94 - Distribution Bias Check for Keyset 'Combination Highbits'
ok 95 - Keyset 'Combination Highbits' # t1ha_32le
### Keyset 'Combination Highbits2' Tests ###
# Keyset 'Combination' - up to 8 blocks from a set of 8 - 19173960 keys
# Testing collisions   - Expected     0.00, actual        0 ( 0.00x) - passed
ok 96 - Collision Rate for Keyset 'Combination Highbits2'
ok 97 - Distribution Bias Check for Keyset 'Combination Highbits2'
ok 98 - Keyset 'Combination Highbits2' # t1ha_32le
### Keyset 'Combination 0x80000000' Tests ###
# Keyset 'Combination' - up to 20 blocks from a set of 2 - 2097150 keys
# Testing collisions   - Expected     0.00, actual        0 ( 0.00x) - passed
ok 99 - Collision Rate for Keyset 'Combination 0x80000000'
ok 100 - Distribution Bias Check for Keyset 'Combination 0x80000000'
ok 101 - Keyset 'Combination 0x80000000' # t1ha_32le
### Keyset 'Combination 0x00000001' Tests ###
# Keyset 'Combination' - up to 20 blocks from a set of 2 - 2097150 keys
# Testing collisions   - Expected     0.00, actual        0 ( 0.00x) - passed
ok 102 - Collision Rate for Keyset 'Combination 0x00000001'
ok 103 - Distribution Bias Check for Keyset 'Combination 0x00000001'
ok 104 - Keyset 'Combination 0x00000001' # t1ha_32le
### Keyset 'Combination Hi-Lo' Tests ###
# Keyset 'Combination' - up to 6 blocks from a set of 15 - 12204240 keys
# Testing collisions   - Expected     0.00, actual        0 ( 0.00x) - passed
ok 105 - Collision Rate for Keyset 'Combination Hi-Lo'
ok 106 - Distribution Bias Check for Keyset 'Combination Hi-Lo'
ok 107 - Keyset 'Combination Hi-Lo' # t1ha_32le
### Keyset 'Text' Tests ###
# Keyset 'Text' - keys of form "Foo[XXXX]Bar" - 14776336 keys
# Testing collisions   - Expected     0.00, actual        0 ( 0.00x) - passed
ok 108 - Collision Rate for Keyset 'Text' - keys of form "Foo[XXXX]Bar" - 14776336 keys
ok 109 - Distribution Bias Check for Keyset 'Text' - keys of form "Foo[XXXX]Bar" - 14776336 keys
# Keyset 'Text' - keys of form "FooBar[XXXX]" - 14776336 keys
# Testing collisions   - Expected     0.00, actual        0 ( 0.00x) - passed
ok 110 - Collision Rate for Keyset 'Text' - keys of form "FooBar[XXXX]" - 14776336 keys
ok 111 - Distribution Bias Check for Keyset 'Text' - keys of form "FooBar[XXXX]" - 14776336 keys
# Keyset 'Text' - keys of form "[XXXX]FooBar" - 14776336 keys
# Testing collisions   - Expected     0.00, actual        0 ( 0.00x) - passed
ok 112 - Collision Rate for Keyset 'Text' - keys of form "[XXXX]FooBar" - 14776336 keys
ok 113 - Distribution Bias Check for Keyset 'Text' - keys of form "[XXXX]FooBar" - 14776336 keys
ok 114 - Keyset 'Text' # t1ha_32le
### Keyset 'Zeroes' Tests ###
# Keyset 'Zeroes' - 262144 keys
# Testing collisions   - Expected     0.00, actual        0 ( 0.00x) - passed
ok 115 - Collision Rate for Keyset 'Zeroes' - 262144 keys
ok 116 - Distribution Bias Check for Keyset 'Zeroes' - 262144 keys
ok 117 - Keyset 'Zeroes' # t1ha_32le
### Keyset 'Seed' Tests ###
# Keyset 'Seed' - 2000000 seeds, Key "The quick brown fox "...
# Testing collisions   - Expected     0.00, actual        0 ( 0.00x) - passed
ok 118 - Collision Rate for Keyset 'Seed' - 2000000 seeds, Key "The quick brown fox "...
ok 119 - Distribution Bias Check for Keyset 'Seed' - 2000000 seeds, Key "The quick brown fox "...
# Keyset 'Seed' - 2000000 seeds, Key ""
# Testing collisions   - Expected     0.00, actual        0 ( 0.00x) - passed
ok 120 - Collision Rate for Keyset 'Seed' - 2000000 seeds, Key ""
ok 121 - Distribution Bias Check for Keyset 'Seed' - 2000000 seeds, Key ""
# Keyset 'Seed' - 2000000 seeds, Key "00101100110101101"
# Testing collisions   - Expected     0.00, actual        0 ( 0.00x) - passed
ok 122 - Collision Rate for Keyset 'Seed' - 2000000 seeds, Key "00101100110101101"
ok 123 - Distribution Bias Check for Keyset 'Seed' - 2000000 seeds, Key "00101100110101101"
# Keyset 'Seed' - 2000000 seeds, Key "abcbcddbdebdcaaabaaa"...
# Testing collisions   - Expected     0.00, actual        0 ( 0.00x) - passed
ok 124 - Collision Rate for Keyset 'Seed' - 2000000 seeds, Key "abcbcddbdebdcaaabaaa"...
ok 125 - Distribution Bias Check for Keyset 'Seed' - 2000000 seeds, Key "abcbcddbdebdcaaabaaa"...
ok 126 - Keyset 'Seed' # t1ha_32le
### Keyset 'Effs' Tests ###
# Keyset 'Effs' - 262144 keys
# Testing collisions   - Expected     0.00, actual        0 ( 0.00x) - passed
ok 127 - Collision Rate for Keyset 'Effs' - 262144 keys
ok 128 - Distribution Bias Check for Keyset 'Effs' - 262144 keys
ok 129 - Keyset 'Effs' # t1ha_32le
ok 130 - all tests passed # t1ha_32le
1..130
# All Tests Passed. t1ha_32le passed all 130 tests run.
# Testing took 1586.612477 seconds
# This is SMHasher version v1.0-demerphq-5-g86440f3 - built on Mar 10 2017.
