ok 1 - SelfTest - Verify 89 Hashes
ok 2 - Found Hash # x17
###################################################################
### Testing x17 - no seed_state
### - x17 -
### seedbits: 32 statebits: 32 hashbits: 32
###################################################################
### Sanity Tests ###
ok 3 - Verification code # x17
# Sanity check simple key bit flips and consistency..........
ok 4 - SanityTest # x17
# Sanity check null suffixes change the hash (simple)..........
ok 5 - Appended Zeroes Test # x17
ok 6 - Sanity Test # x17
### Speed Tests ###
## Bulk speed test - 262144-byte keys
# Alignment  7 -  0.240 bytes/cycle -  686.13 MiB/sec @ 3 ghz
# Alignment  6 -  0.240 bytes/cycle -  686.13 MiB/sec @ 3 ghz
# Alignment  5 -  0.240 bytes/cycle -  686.13 MiB/sec @ 3 ghz
# Alignment  4 -  0.240 bytes/cycle -  686.13 MiB/sec @ 3 ghz
# Alignment  3 -  0.240 bytes/cycle -  686.13 MiB/sec @ 3 ghz
# Alignment  2 -  0.240 bytes/cycle -  686.13 MiB/sec @ 3 ghz
# Alignment  1 -  0.240 bytes/cycle -  686.13 MiB/sec @ 3 ghz
# Alignment  0 -  0.240 bytes/cycle -  686.13 MiB/sec @ 3 ghz
# Average      -  0.240 bytes/cycle -  686.13 MiB/sec @ 3 ghz
## KeySpeed tests
# x17                       0 byte keys        8.000 c/h
# x17                       1 byte keys        8.000 c/h        8.000 c/b        0.125 b/c
# x17                       2 byte keys       10.843 c/h        5.421 c/b        0.184 b/c
# x17                       3 byte keys       13.489 c/h        4.496 c/b        0.222 b/c
# x17                       4 byte keys       17.000 c/h        4.250 c/b        0.235 b/c
# x17                       5 byte keys       21.396 c/h        4.279 c/b        0.234 b/c
# x17                       6 byte keys       25.896 c/h        4.316 c/b        0.232 b/c
# x17                       7 byte keys       30.000 c/h        4.286 c/b        0.233 b/c
# x17                       8 byte keys       34.000 c/h        4.250 c/b        0.235 b/c
# x17                       9 byte keys       38.000 c/h        4.222 c/b        0.237 b/c
# x17                      10 byte keys       42.000 c/h        4.200 c/b        0.238 b/c
# x17                      11 byte keys       46.000 c/h        4.182 c/b        0.239 b/c
# x17                      12 byte keys       50.680 c/h        4.223 c/b        0.237 b/c
# x17                      13 byte keys       55.000 c/h        4.231 c/b        0.236 b/c
# x17                      14 byte keys       59.000 c/h        4.214 c/b        0.237 b/c
# x17                      15 byte keys       63.000 c/h        4.200 c/b        0.238 b/c
# x17                      16 byte keys       67.000 c/h        4.188 c/b        0.239 b/c
# x17                      17 byte keys       71.000 c/h        4.176 c/b        0.239 b/c
# x17                      18 byte keys       75.651 c/h        4.203 c/b        0.238 b/c
# x17                      19 byte keys       80.000 c/h        4.211 c/b        0.237 b/c
# x17                      20 byte keys       84.000 c/h        4.200 c/b        0.238 b/c
# x17                      21 byte keys       88.000 c/h        4.190 c/b        0.239 b/c
# x17                      22 byte keys       92.000 c/h        4.182 c/b        0.239 b/c
# x17                      23 byte keys       96.273 c/h        4.186 c/b        0.239 b/c
# x17                      24 byte keys      100.666 c/h        4.194 c/b        0.238 b/c
# x17                      25 byte keys      105.000 c/h        4.200 c/b        0.238 b/c
# x17                      26 byte keys      109.000 c/h        4.192 c/b        0.239 b/c
# x17                      27 byte keys      113.000 c/h        4.185 c/b        0.239 b/c
# x17                      28 byte keys      117.000 c/h        4.179 c/b        0.239 b/c
# x17                      29 byte keys      121.349 c/h        4.184 c/b        0.239 b/c
# x17                      30 byte keys      125.645 c/h        4.188 c/b        0.239 b/c
# x17                      31 byte keys      130.000 c/h        4.194 c/b        0.238 b/c
#                          Average < 32       65.559 c/h        4.230 c/b        0.236 b/c
# x17                      32 byte keys      134.000 c/h        4.188 c/b        0.239 b/c
# x17                      36 byte keys      151.975 c/h        4.222 c/b        0.237 b/c
# x17                      40 byte keys      167.226 c/h        4.181 c/b        0.239 b/c
# x17                      44 byte keys      184.000 c/h        4.182 c/b        0.239 b/c
# x17                      48 byte keys      200.682 c/h        4.181 c/b        0.239 b/c
# x17                      52 byte keys      219.549 c/h        4.222 c/b        0.237 b/c
# x17                      56 byte keys      234.000 c/h        4.179 c/b        0.239 b/c
# x17                      60 byte keys      250.708 c/h        4.178 c/b        0.239 b/c
# x17                      64 byte keys      267.421 c/h        4.178 c/b        0.239 b/c
# x17                      68 byte keys      284.000 c/h        4.176 c/b        0.239 b/c
# x17                      72 byte keys      300.743 c/h        4.177 c/b        0.239 b/c
# x17                      76 byte keys      317.469 c/h        4.177 c/b        0.239 b/c
# x17                      80 byte keys      334.141 c/h        4.177 c/b        0.239 b/c
# x17                      84 byte keys      350.786 c/h        4.176 c/b        0.239 b/c
# x17                      88 byte keys      367.512 c/h        4.176 c/b        0.239 b/c
# x17                      92 byte keys      384.282 c/h        4.177 c/b        0.239 b/c
# x17                      96 byte keys      400.823 c/h        4.175 c/b        0.240 b/c
# x17                     100 byte keys      417.546 c/h        4.175 c/b        0.239 b/c
# x17                     104 byte keys      434.365 c/h        4.177 c/b        0.239 b/c
# x17                     108 byte keys      450.850 c/h        4.175 c/b        0.240 b/c
# x17                     112 byte keys      467.580 c/h        4.175 c/b        0.240 b/c
# x17                     116 byte keys      484.000 c/h        4.172 c/b        0.240 b/c
# x17                     120 byte keys      501.103 c/h        4.176 c/b        0.239 b/c
# x17                     124 byte keys      520.082 c/h        4.194 c/b        0.238 b/c
#                         Average < 128      177.192 c/h        4.190 c/b        0.239 b/c
# x17                     128 byte keys      534.471 c/h        4.176 c/b        0.239 b/c
# x17                     256 byte keys     1089.651 c/h        4.256 c/b        0.235 b/c
# x17                     512 byte keys     2179.330 c/h        4.257 c/b        0.235 b/c
# x17                    1024 byte keys     4291.744 c/h        4.191 c/b        0.239 b/c
# x17                    2048 byte keys     8561.724 c/h        4.181 c/b        0.239 b/c
# x17                    4096 byte keys    17101.310 c/h        4.175 c/b        0.240 b/c
# x17                    8192 byte keys    34180.575 c/h        4.172 c/b        0.240 b/c
# x17                   16384 byte keys    68338.821 c/h        4.171 c/b        0.240 b/c
# x17                   32768 byte keys   136655.589 c/h        4.170 c/b        0.240 b/c
# x17                   65536 byte keys   273290.607 c/h        4.170 c/b        0.240 b/c
#                       Overall Average     8426.463 c/h        4.172 c/b        0.240 b/c
ok 7 - Speed (always passes) # x17
### Differential Tests ###
# Testing 8303632 up-to-5-bit differentials in 64-bit keys -> 32 bit hashes.
# 1000 reps, 8303632000 total tests, expecting 1.93 random collisions..........
ok 8 - Differential collisions # x17
ok 9 - Nothing skipped during differential collision check # x17
# 39506 total collisions, of which 0 single collisions were ignored
not ok 10 - ProcessDifferentials
# Testing 11017632 up-to-4-bit differentials in 128-bit keys -> 32 bit hashes.
# 1000 reps, 11017632000 total tests, expecting 2.57 random collisions..........
ok 11 - Differential collisions # x17
ok 12 - Nothing skipped during differential collision check # x17
# 42689 total collisions, of which 0 single collisions were ignored
not ok 13 - ProcessDifferentials
# Testing 2796416 up-to-3-bit differentials in 256-bit keys -> 32 bit hashes.
# 1000 reps, 2796416000 total tests, expecting 0.65 random collisions..........
ok 14 - Differential collisions # x17
ok 15 - Nothing skipped during differential collision check # x17
# 31034 total collisions, of which 0 single collisions were ignored
not ok 16 - ProcessDifferentials
not ok 17 - Differential # x17
### Avalanche Tests ### - seed-bits: 32 hash-bits: 32
# Samples 1000000, expected error 0.00025600, confidence level 99.99994267%
# Testing   0-bit keys.......... not ok! # worst-bit:   0.288% error-ratio: 1.104639e+00
#              +---------------------------------------------------+
#              |012345678901234567890123456789012345678901234567890|
#              +---------------------------------------------------+
# Scale:       |.1234567890abcdefghijklmnopqrstuvwxyzãäåêëîïðñôõöûü|
#              |üÿABCDEFGHIJKLMNOPQRSTUVWXYZÂÃÄÅÊËÑÔÕÖÛÜÝø¤*©®¶&%@#|
#              +---------------------------------------------------+
#              |pct diff from 50%: abs((0.5-(changed/reps))*2) *100|
#              +--------------------------------+
#              |0         1         2         3 |
#              |01234567890123456789012345678901|
#              +--------------------------------+
# seed     0.0 |................................| x 32
#              +--------------------------------+
#              +---------------------------------------------------+
#              |012345678901234567890123456789012345678901234567890|
#              +---------------------------------------------------+
# Scale:       |.1234567890abcdefghijklmnopqrstuvwxyzãäåêëîïðñôõöûü|
#              |üÿABCDEFGHIJKLMNOPQRSTUVWXYZÂÃÄÅÊËÑÔÕÖÛÜÝø¤*©®¶&%@#|
#              +---------------------------------------------------+
#              |scaled p-value above confidence level (zero is ok) |
#              +--------------------------------+
#              |0         1         2         3 |
#              |01234567890123456789012345678901|
#              +--------------------------------+
# seed     0.0 |................................| x 32
#              +--------------------------------+
# 0 of 1024 bits failed (0.00%) failed at 99.999943 confidence
#     g-test: 0.000000%
#     sum-error-square: 0.00028279
#     hash bit-level errors: 11/32
#     - hash bit 5 gtest-prob not-random: 100.0000 (15985048/16014952)
#     - hash bit 8 gtest-prob not-random: 100.0000 (15978664/16021336)
#     - hash bit 10 gtest-prob not-random: 100.0000 (15979308/16020692)
#     - with 8 more hash bit errors not described above.
not ok 18 - Strict Avalanche Criteria - 0 bit keys
# Testing   8-bit keys.......... not ok! # worst-bit:   0.288% error-ratio: 9.898589e-01
#              +---------------------------------------------------+
#              |012345678901234567890123456789012345678901234567890|
#              +---------------------------------------------------+
# Scale:       |.1234567890abcdefghijklmnopqrstuvwxyzãäåêëîïðñôõöûü|
#              |üÿABCDEFGHIJKLMNOPQRSTUVWXYZÂÃÄÅÊËÑÔÕÖÛÜÝø¤*©®¶&%@#|
#              +---------------------------------------------------+
#              |pct diff from 50%: abs((0.5-(changed/reps))*2) *100|
#              +--------------------------------+
#              |0         1         2         3 |
#              |01234567890123456789012345678901|
#              +--------------------------------+
# seed     0.0 |................................| x 32
# key      0.0 |................................| x 8
#              +--------------------------------+
#              +---------------------------------------------------+
#              |012345678901234567890123456789012345678901234567890|
#              +---------------------------------------------------+
# Scale:       |.1234567890abcdefghijklmnopqrstuvwxyzãäåêëîïðñôõöûü|
#              |üÿABCDEFGHIJKLMNOPQRSTUVWXYZÂÃÄÅÊËÑÔÕÖÛÜÝø¤*©®¶&%@#|
#              +---------------------------------------------------+
#              |scaled p-value above confidence level (zero is ok) |
#              +--------------------------------+
#              |0         1         2         3 |
#              |01234567890123456789012345678901|
#              +--------------------------------+
# seed     0.0 |................................| x 32
# key      0.0 |................................| x 8
#              +--------------------------------+
# 0 of 1280 bits failed (0.00%) failed at 99.999943 confidence
#     g-test: 0.000000%
#     sum-error-square: 0.00025340
#     hash bit-level errors: 8/32
#     - hash bit 0 gtest-prob not-random: 100.0000 (19969805/20030195)
#     - hash bit 2 gtest-prob not-random: 100.0000 (19982864/20017136)
#     - hash bit 6 gtest-prob not-random: 100.0000 (20018796/19981204)
#     - with 5 more hash bit errors not described above.
not ok 19 - Strict Avalanche Criteria - 8 bit keys
# Testing  16-bit keys.......... not ok! # worst-bit:   0.370% error-ratio: 9.457702e-01
#              +---------------------------------------------------+
#              |012345678901234567890123456789012345678901234567890|
#              +---------------------------------------------------+
# Scale:       |.1234567890abcdefghijklmnopqrstuvwxyzãäåêëîïðñôõöûü|
#              |üÿABCDEFGHIJKLMNOPQRSTUVWXYZÂÃÄÅÊËÑÔÕÖÛÜÝø¤*©®¶&%@#|
#              +---------------------------------------------------+
#              |pct diff from 50%: abs((0.5-(changed/reps))*2) *100|
#              +--------------------------------+
#              |0         1         2         3 |
#              |01234567890123456789012345678901|
#              +--------------------------------+
# seed     0.0 |................................| x 32
# key      0.0 |................................| x 16
#              +--------------------------------+
#              +---------------------------------------------------+
#              |012345678901234567890123456789012345678901234567890|
#              +---------------------------------------------------+
# Scale:       |.1234567890abcdefghijklmnopqrstuvwxyzãäåêëîïðñôõöûü|
#              |üÿABCDEFGHIJKLMNOPQRSTUVWXYZÂÃÄÅÊËÑÔÕÖÛÜÝø¤*©®¶&%@#|
#              +---------------------------------------------------+
#              |scaled p-value above confidence level (zero is ok) |
#              +--------------------------------+
#              |0         1         2         3 |
#              |01234567890123456789012345678901|
#              +--------------------------------+
# seed     0.0 |................................| x 32
# key      0.0 |................................| x 16
#              +--------------------------------+
# 0 of 1536 bits failed (0.00%) failed at 99.999943 confidence
#     g-test: 0.000000%
#     sum-error-square: 0.00024212
#     hash bit-level errors: 7/32
#     - hash bit 1 gtest-prob not-random: 100.0000 (24027423/23972577)
#     - hash bit 13 gtest-prob not-random: 100.0000 (24026673/23973327)
#     - hash bit 17 gtest-prob not-random: 100.0000 (23978505/24021495)
#     - with 4 more hash bit errors not described above.
not ok 20 - Strict Avalanche Criteria - 16 bit keys
# Testing  24-bit keys.......... not ok! # worst-bit:   0.334% error-ratio: 6.640739e-01
#              +---------------------------------------------------+
#              |012345678901234567890123456789012345678901234567890|
#              +---------------------------------------------------+
# Scale:       |.1234567890abcdefghijklmnopqrstuvwxyzãäåêëîïðñôõöûü|
#              |üÿABCDEFGHIJKLMNOPQRSTUVWXYZÂÃÄÅÊËÑÔÕÖÛÜÝø¤*©®¶&%@#|
#              +---------------------------------------------------+
#              |pct diff from 50%: abs((0.5-(changed/reps))*2) *100|
#              +--------------------------------+
#              |0         1         2         3 |
#              |01234567890123456789012345678901|
#              +--------------------------------+
# seed     0.0 |................................| x 32
# key      0.0 |................................| x 24
#              +--------------------------------+
#              +---------------------------------------------------+
#              |012345678901234567890123456789012345678901234567890|
#              +---------------------------------------------------+
# Scale:       |.1234567890abcdefghijklmnopqrstuvwxyzãäåêëîïðñôõöûü|
#              |üÿABCDEFGHIJKLMNOPQRSTUVWXYZÂÃÄÅÊËÑÔÕÖÛÜÝø¤*©®¶&%@#|
#              +---------------------------------------------------+
#              |scaled p-value above confidence level (zero is ok) |
#              +--------------------------------+
#              |0         1         2         3 |
#              |01234567890123456789012345678901|
#              +--------------------------------+
# seed     0.0 |................................| x 32
# key      0.0 |................................| x 24
#              +--------------------------------+
# 0 of 1792 bits failed (0.00%) failed at 99.999943 confidence
#     g-test: 0.000000%
#     sum-error-square: 0.00017000
#     hash bit-level errors: 2/32
#     - hash bit 19 gtest-prob not-random: 100.0000 (27978681/28021319)
#     - hash bit 29 gtest-prob not-random: 100.0000 (28024915/27975085)
not ok 21 - Strict Avalanche Criteria - 24 bit keys
# Testing  32-bit keys.......... not ok! # worst-bit:   0.375% error-ratio: 1.152249e+00
#              +---------------------------------------------------+
#              |012345678901234567890123456789012345678901234567890|
#              +---------------------------------------------------+
# Scale:       |.1234567890abcdefghijklmnopqrstuvwxyzãäåêëîïðñôõöûü|
#              |üÿABCDEFGHIJKLMNOPQRSTUVWXYZÂÃÄÅÊËÑÔÕÖÛÜÝø¤*©®¶&%@#|
#              +---------------------------------------------------+
#              |pct diff from 50%: abs((0.5-(changed/reps))*2) *100|
#              +--------------------------------+
#              |0         1         2         3 |
#              |01234567890123456789012345678901|
#              +--------------------------------+
# seed     0.0 |................................| x 32
# key      0.0 |................................| x 32
#              +--------------------------------+
#              +---------------------------------------------------+
#              |012345678901234567890123456789012345678901234567890|
#              +---------------------------------------------------+
# Scale:       |.1234567890abcdefghijklmnopqrstuvwxyzãäåêëîïðñôõöûü|
#              |üÿABCDEFGHIJKLMNOPQRSTUVWXYZÂÃÄÅÊËÑÔÕÖÛÜÝø¤*©®¶&%@#|
#              +---------------------------------------------------+
#              |scaled p-value above confidence level (zero is ok) |
#              +--------------------------------+
#              |0         1         2         3 |
#              |01234567890123456789012345678901|
#              +--------------------------------+
# seed     0.0 |................................| x 32
# key      0.0 |................................| x 32
#              +--------------------------------+
# 0 of 2048 bits failed (0.00%) failed at 99.999943 confidence
#     g-test: 0.000000%
#     sum-error-square: 0.00029498
#     hash bit-level errors: 8/32
#     - hash bit 1 gtest-prob not-random: 100.0000 (31978003/32021997)
#     - hash bit 5 gtest-prob not-random: 100.0000 (31974400/32025600)
#     - hash bit 16 gtest-prob not-random: 100.0000 (31968018/32031982)
#     - with 5 more hash bit errors not described above.
not ok 22 - Strict Avalanche Criteria - 32 bit keys
# Testing  40-bit keys.......... not ok! # worst-bit:   0.319% error-ratio: 1.041465e+00
#              +---------------------------------------------------+
#              |012345678901234567890123456789012345678901234567890|
#              +---------------------------------------------------+
# Scale:       |.1234567890abcdefghijklmnopqrstuvwxyzãäåêëîïðñôõöûü|
#              |üÿABCDEFGHIJKLMNOPQRSTUVWXYZÂÃÄÅÊËÑÔÕÖÛÜÝø¤*©®¶&%@#|
#              +---------------------------------------------------+
#              |pct diff from 50%: abs((0.5-(changed/reps))*2) *100|
#              +--------------------------------+
#              |0         1         2         3 |
#              |01234567890123456789012345678901|
#              +--------------------------------+
# seed     0.0 |................................| x 32
# key      0.0 |................................| x 40
#              +--------------------------------+
#              +---------------------------------------------------+
#              |012345678901234567890123456789012345678901234567890|
#              +---------------------------------------------------+
# Scale:       |.1234567890abcdefghijklmnopqrstuvwxyzãäåêëîïðñôõöûü|
#              |üÿABCDEFGHIJKLMNOPQRSTUVWXYZÂÃÄÅÊËÑÔÕÖÛÜÝø¤*©®¶&%@#|
#              +---------------------------------------------------+
#              |scaled p-value above confidence level (zero is ok) |
#              +--------------------------------+
#              |0         1         2         3 |
#              |01234567890123456789012345678901|
#              +--------------------------------+
# seed     0.0 |................................| x 32
# key      0.0 |................................| x 40
#              +--------------------------------+
# 0 of 2304 bits failed (0.00%) failed at 99.999943 confidence
#     g-test: 0.000000%
#     sum-error-square: 0.00026662
#     hash bit-level errors: 5/32
#     - hash bit 18 gtest-prob not-random: 100.0000 (36026601/35973399)
#     - hash bit 21 gtest-prob not-random: 100.0000 (36023508/35976492)
#     - hash bit 27 gtest-prob not-random: 100.0000 (35955737/36044263)
#     - with 2 more hash bit errors not described above.
not ok 23 - Strict Avalanche Criteria - 40 bit keys
# Testing  48-bit keys.......... not ok! # worst-bit:   0.328% error-ratio: 9.319331e-01
#              +---------------------------------------------------+
#              |012345678901234567890123456789012345678901234567890|
#              +---------------------------------------------------+
# Scale:       |.1234567890abcdefghijklmnopqrstuvwxyzãäåêëîïðñôõöûü|
#              |üÿABCDEFGHIJKLMNOPQRSTUVWXYZÂÃÄÅÊËÑÔÕÖÛÜÝø¤*©®¶&%@#|
#              +---------------------------------------------------+
#              |pct diff from 50%: abs((0.5-(changed/reps))*2) *100|
#              +--------------------------------+
#              |0         1         2         3 |
#              |01234567890123456789012345678901|
#              +--------------------------------+
# seed     0.0 |................................| x 32
# key      0.0 |................................| x 48
#              +--------------------------------+
#              +---------------------------------------------------+
#              |012345678901234567890123456789012345678901234567890|
#              +---------------------------------------------------+
# Scale:       |.1234567890abcdefghijklmnopqrstuvwxyzãäåêëîïðñôõöûü|
#              |üÿABCDEFGHIJKLMNOPQRSTUVWXYZÂÃÄÅÊËÑÔÕÖÛÜÝø¤*©®¶&%@#|
#              +---------------------------------------------------+
#              |scaled p-value above confidence level (zero is ok) |
#              +--------------------------------+
#              |0         1         2         3 |
#              |01234567890123456789012345678901|
#              +--------------------------------+
# seed     0.0 |................................| x 32
# key      0.0 |................................| x 48
#              +--------------------------------+
# 0 of 2560 bits failed (0.00%) failed at 99.999943 confidence
#     g-test: 0.000000%
#     sum-error-square: 0.00023857
#     hash bit-level errors: 5/32
#     - hash bit 3 gtest-prob not-random: 100.0000 (40025936/39974064)
#     - hash bit 20 gtest-prob not-random: 100.0000 (39963371/40036629)
#     - hash bit 23 gtest-prob not-random: 100.0000 (39960227/40039773)
#     - with 2 more hash bit errors not described above.
not ok 24 - Strict Avalanche Criteria - 48 bit keys
# Testing  56-bit keys.......... not ok! # worst-bit:   0.328% error-ratio: 1.103202e+00
#              +---------------------------------------------------+
#              |012345678901234567890123456789012345678901234567890|
#              +---------------------------------------------------+
# Scale:       |.1234567890abcdefghijklmnopqrstuvwxyzãäåêëîïðñôõöûü|
#              |üÿABCDEFGHIJKLMNOPQRSTUVWXYZÂÃÄÅÊËÑÔÕÖÛÜÝø¤*©®¶&%@#|
#              +---------------------------------------------------+
#              |pct diff from 50%: abs((0.5-(changed/reps))*2) *100|
#              +--------------------------------+
#              |0         1         2         3 |
#              |01234567890123456789012345678901|
#              +--------------------------------+
# seed     0.0 |................................| x 32
# key      0.0 |................................| x 56
#              +--------------------------------+
#              +---------------------------------------------------+
#              |012345678901234567890123456789012345678901234567890|
#              +---------------------------------------------------+
# Scale:       |.1234567890abcdefghijklmnopqrstuvwxyzãäåêëîïðñôõöûü|
#              |üÿABCDEFGHIJKLMNOPQRSTUVWXYZÂÃÄÅÊËÑÔÕÖÛÜÝø¤*©®¶&%@#|
#              +---------------------------------------------------+
#              |scaled p-value above confidence level (zero is ok) |
#              +--------------------------------+
#              |0         1         2         3 |
#              |01234567890123456789012345678901|
#              +--------------------------------+
# seed     0.0 |................................| x 32
# key      0.0 |................................| x 56
#              +--------------------------------+
# 0 of 2816 bits failed (0.00%) failed at 99.999943 confidence
#     g-test: 0.000000%
#     sum-error-square: 0.00028242
#     hash bit-level errors: 8/32
#     - hash bit 18 gtest-prob not-random: 100.0000 (43965992/44034008)
#     - hash bit 20 gtest-prob not-random: 100.0000 (43963162/44036838)
#     - hash bit 22 gtest-prob not-random: 100.0000 (44044216/43955784)
#     - with 5 more hash bit errors not described above.
not ok 25 - Strict Avalanche Criteria - 56 bit keys
# Testing  64-bit keys.......... not ok! # worst-bit:   0.323% error-ratio: 8.211626e-01
#              +---------------------------------------------------+
#              |012345678901234567890123456789012345678901234567890|
#              +---------------------------------------------------+
# Scale:       |.1234567890abcdefghijklmnopqrstuvwxyzãäåêëîïðñôõöûü|
#              |üÿABCDEFGHIJKLMNOPQRSTUVWXYZÂÃÄÅÊËÑÔÕÖÛÜÝø¤*©®¶&%@#|
#              +---------------------------------------------------+
#              |pct diff from 50%: abs((0.5-(changed/reps))*2) *100|
#              +--------------------------------+
#              |0         1         2         3 |
#              |01234567890123456789012345678901|
#              +--------------------------------+
# seed     0.0 |................................| x 32
# key      0.0 |................................| x 64
#              +--------------------------------+
#              +---------------------------------------------------+
#              |012345678901234567890123456789012345678901234567890|
#              +---------------------------------------------------+
# Scale:       |.1234567890abcdefghijklmnopqrstuvwxyzãäåêëîïðñôõöûü|
#              |üÿABCDEFGHIJKLMNOPQRSTUVWXYZÂÃÄÅÊËÑÔÕÖÛÜÝø¤*©®¶&%@#|
#              +---------------------------------------------------+
#              |scaled p-value above confidence level (zero is ok) |
#              +--------------------------------+
#              |0         1         2         3 |
#              |01234567890123456789012345678901|
#              +--------------------------------+
# seed     0.0 |................................| x 32
# key      0.0 |................................| x 64
#              +--------------------------------+
# 0 of 3072 bits failed (0.00%) failed at 99.999943 confidence
#     g-test: 0.000000%
#     sum-error-square: 0.00021022
#     hash bit-level errors: 1/32
#     - hash bit 25 gtest-prob not-random: 100.0000 (48033348/47966652)
not ok 26 - Strict Avalanche Criteria - 64 bit keys
# Testing  72-bit keys.......... not ok! # worst-bit:   0.420% error-ratio: 7.614324e-01
#              +---------------------------------------------------+
#              |012345678901234567890123456789012345678901234567890|
#              +---------------------------------------------------+
# Scale:       |.1234567890abcdefghijklmnopqrstuvwxyzãäåêëîïðñôõöûü|
#              |üÿABCDEFGHIJKLMNOPQRSTUVWXYZÂÃÄÅÊËÑÔÕÖÛÜÝø¤*©®¶&%@#|
#              +---------------------------------------------------+
#              |pct diff from 50%: abs((0.5-(changed/reps))*2) *100|
#              +--------------------------------+
#              |0         1         2         3 |
#              |01234567890123456789012345678901|
#              +--------------------------------+
# seed     0.0 |................................| x 32
# key      0.0 |................................| x 72
#              +--------------------------------+
#              +---------------------------------------------------+
#              |012345678901234567890123456789012345678901234567890|
#              +---------------------------------------------------+
# Scale:       |.1234567890abcdefghijklmnopqrstuvwxyzãäåêëîïðñôõöûü|
#              |üÿABCDEFGHIJKLMNOPQRSTUVWXYZÂÃÄÅÊËÑÔÕÖÛÜÝø¤*©®¶&%@#|
#              +---------------------------------------------------+
#              |scaled p-value above confidence level (zero is ok) |
#              +--------------------------------+
#              |0         1         2         3 |
#              |01234567890123456789012345678901|
#              +--------------------------------+
# seed     0.0 |................................| x 32
# key      0.0 |................................| x 72
#              +--------------------------------+
# 0 of 3328 bits failed (0.00%) failed at 99.999943 confidence
#     g-test: 0.000000%
#     sum-error-square: 0.00019493
#     hash bit-level errors: 2/32
#     - hash bit 23 gtest-prob not-random: 99.9999 (52025520/51974480)
#     - hash bit 26 gtest-prob not-random: 100.0000 (51967784/52032216)
not ok 27 - Strict Avalanche Criteria - 72 bit keys
# Testing  80-bit keys.......... not ok! # worst-bit:   0.399% error-ratio: 1.005927e+00
#              +---------------------------------------------------+
#              |012345678901234567890123456789012345678901234567890|
#              +---------------------------------------------------+
# Scale:       |.1234567890abcdefghijklmnopqrstuvwxyzãäåêëîïðñôõöûü|
#              |üÿABCDEFGHIJKLMNOPQRSTUVWXYZÂÃÄÅÊËÑÔÕÖÛÜÝø¤*©®¶&%@#|
#              +---------------------------------------------------+
#              |pct diff from 50%: abs((0.5-(changed/reps))*2) *100|
#              +--------------------------------+
#              |0         1         2         3 |
#              |01234567890123456789012345678901|
#              +--------------------------------+
# seed     0.0 |................................| x 32
# key      0.0 |................................| x 80
#              +--------------------------------+
#              +---------------------------------------------------+
#              |012345678901234567890123456789012345678901234567890|
#              +---------------------------------------------------+
# Scale:       |.1234567890abcdefghijklmnopqrstuvwxyzãäåêëîïðñôõöûü|
#              |üÿABCDEFGHIJKLMNOPQRSTUVWXYZÂÃÄÅÊËÑÔÕÖÛÜÝø¤*©®¶&%@#|
#              +---------------------------------------------------+
#              |scaled p-value above confidence level (zero is ok) |
#              +--------------------------------+
#              |0         1         2         3 |
#              |01234567890123456789012345678901|
#              +--------------------------------+
# seed     0.0 |................................| x 32
# key      0.0 |................................| x 80
#              +--------------------------------+
# 0 of 3584 bits failed (0.00%) failed at 99.999943 confidence
#     g-test: 0.000000%
#     sum-error-square: 0.00025752
#     hash bit-level errors: 3/32
#     - hash bit 19 gtest-prob not-random: 100.0000 (56042345/55957655)
#     - hash bit 27 gtest-prob not-random: 100.0000 (56065456/55934544)
#     - hash bit 31 gtest-prob not-random: 100.0000 (55970658/56029342)
not ok 28 - Strict Avalanche Criteria - 80 bit keys
# Testing  88-bit keys.......... not ok! # worst-bit:   0.343% error-ratio: 1.130025e+00
#              +---------------------------------------------------+
#              |012345678901234567890123456789012345678901234567890|
#              +---------------------------------------------------+
# Scale:       |.1234567890abcdefghijklmnopqrstuvwxyzãäåêëîïðñôõöûü|
#              |üÿABCDEFGHIJKLMNOPQRSTUVWXYZÂÃÄÅÊËÑÔÕÖÛÜÝø¤*©®¶&%@#|
#              +---------------------------------------------------+
#              |pct diff from 50%: abs((0.5-(changed/reps))*2) *100|
#              +--------------------------------+
#              |0         1         2         3 |
#              |01234567890123456789012345678901|
#              +--------------------------------+
# seed     0.0 |................................| x 32
# key      0.0 |................................| x 88
#              +--------------------------------+
#              +---------------------------------------------------+
#              |012345678901234567890123456789012345678901234567890|
#              +---------------------------------------------------+
# Scale:       |.1234567890abcdefghijklmnopqrstuvwxyzãäåêëîïðñôõöûü|
#              |üÿABCDEFGHIJKLMNOPQRSTUVWXYZÂÃÄÅÊËÑÔÕÖÛÜÝø¤*©®¶&%@#|
#              +---------------------------------------------------+
#              |scaled p-value above confidence level (zero is ok) |
#              +--------------------------------+
#              |0         1         2         3 |
#              |01234567890123456789012345678901|
#              +--------------------------------+
# seed     0.0 |................................| x 32
# key      0.0 |................................| x 88
#              +--------------------------------+
# 0 of 3840 bits failed (0.00%) failed at 99.999943 confidence
#     g-test: 0.000000%
#     sum-error-square: 0.00028929
#     hash bit-level errors: 5/32
#     - hash bit 3 gtest-prob not-random: 100.0000 (60031195/59968805)
#     - hash bit 21 gtest-prob not-random: 100.0000 (59971707/60028293)
#     - hash bit 25 gtest-prob not-random: 100.0000 (60042131/59957869)
#     - with 2 more hash bit errors not described above.
not ok 29 - Strict Avalanche Criteria - 88 bit keys
# Testing  96-bit keys.......... not ok! # worst-bit:   0.334% error-ratio: 1.045475e+00
#              +---------------------------------------------------+
#              |012345678901234567890123456789012345678901234567890|
#              +---------------------------------------------------+
# Scale:       |.1234567890abcdefghijklmnopqrstuvwxyzãäåêëîïðñôõöûü|
#              |üÿABCDEFGHIJKLMNOPQRSTUVWXYZÂÃÄÅÊËÑÔÕÖÛÜÝø¤*©®¶&%@#|
#              +---------------------------------------------------+
#              |pct diff from 50%: abs((0.5-(changed/reps))*2) *100|
#              +--------------------------------+
#              |0         1         2         3 |
#              |01234567890123456789012345678901|
#              +--------------------------------+
# seed     0.0 |................................| x 32
# key      0.0 |................................| x 96
#              +--------------------------------+
#              +---------------------------------------------------+
#              |012345678901234567890123456789012345678901234567890|
#              +---------------------------------------------------+
# Scale:       |.1234567890abcdefghijklmnopqrstuvwxyzãäåêëîïðñôõöûü|
#              |üÿABCDEFGHIJKLMNOPQRSTUVWXYZÂÃÄÅÊËÑÔÕÖÛÜÝø¤*©®¶&%@#|
#              +---------------------------------------------------+
#              |scaled p-value above confidence level (zero is ok) |
#              +--------------------------------+
#              |0         1         2         3 |
#              |01234567890123456789012345678901|
#              +--------------------------------+
# seed     0.0 |................................| x 32
# key      0.0 |................................| x 96
#              +--------------------------------+
# 0 of 4096 bits failed (0.00%) failed at 99.999943 confidence
#     g-test: 0.000000%
#     sum-error-square: 0.00026764
#     hash bit-level errors: 4/32
#     - hash bit 16 gtest-prob not-random: 100.0000 (63966836/64033164)
#     - hash bit 24 gtest-prob not-random: 100.0000 (64047483/63952517)
#     - hash bit 27 gtest-prob not-random: 100.0000 (64036520/63963480)
#     - with 1 more hash bit errors not described above.
not ok 30 - Strict Avalanche Criteria - 96 bit keys
# Testing 104-bit keys.......... not ok! # worst-bit:   0.342% error-ratio: 8.631884e-01
#              +---------------------------------------------------+
#              |012345678901234567890123456789012345678901234567890|
#              +---------------------------------------------------+
# Scale:       |.1234567890abcdefghijklmnopqrstuvwxyzãäåêëîïðñôõöûü|
#              |üÿABCDEFGHIJKLMNOPQRSTUVWXYZÂÃÄÅÊËÑÔÕÖÛÜÝø¤*©®¶&%@#|
#              +---------------------------------------------------+
#              |pct diff from 50%: abs((0.5-(changed/reps))*2) *100|
#              +--------------------------------+
#              |0         1         2         3 |
#              |01234567890123456789012345678901|
#              +--------------------------------+
# seed     0.0 |................................| x 32
# key      0.0 |................................| x 104
#              +--------------------------------+
#              +---------------------------------------------------+
#              |012345678901234567890123456789012345678901234567890|
#              +---------------------------------------------------+
# Scale:       |.1234567890abcdefghijklmnopqrstuvwxyzãäåêëîïðñôõöûü|
#              |üÿABCDEFGHIJKLMNOPQRSTUVWXYZÂÃÄÅÊËÑÔÕÖÛÜÝø¤*©®¶&%@#|
#              +---------------------------------------------------+
#              |scaled p-value above confidence level (zero is ok) |
#              +--------------------------------+
#              |0         1         2         3 |
#              |01234567890123456789012345678901|
#              +--------------------------------+
# seed     0.0 |................................| x 32
# key      0.0 |................................| x 104
#              +--------------------------------+
# 0 of 4352 bits failed (0.00%) failed at 99.999943 confidence
#     g-test: 0.000000%
#     sum-error-square: 0.00022098
#     hash bit-level errors: 3/32
#     - hash bit 26 gtest-prob not-random: 100.0000 (68041390/67958610)
#     - hash bit 29 gtest-prob not-random: 100.0000 (68029531/67970469)
#     - hash bit 31 gtest-prob not-random: 100.0000 (67962360/68037640)
not ok 31 - Strict Avalanche Criteria - 104 bit keys
# Testing 112-bit keys.......... not ok! # worst-bit:   0.365% error-ratio: 8.918228e-01
#              +---------------------------------------------------+
#              |012345678901234567890123456789012345678901234567890|
#              +---------------------------------------------------+
# Scale:       |.1234567890abcdefghijklmnopqrstuvwxyzãäåêëîïðñôõöûü|
#              |üÿABCDEFGHIJKLMNOPQRSTUVWXYZÂÃÄÅÊËÑÔÕÖÛÜÝø¤*©®¶&%@#|
#              +---------------------------------------------------+
#              |pct diff from 50%: abs((0.5-(changed/reps))*2) *100|
#              +--------------------------------+
#              |0         1         2         3 |
#              |01234567890123456789012345678901|
#              +--------------------------------+
# seed     0.0 |................................| x 32
# key      0.0 |................................| x 112
#              +--------------------------------+
#              +---------------------------------------------------+
#              |012345678901234567890123456789012345678901234567890|
#              +---------------------------------------------------+
# Scale:       |.1234567890abcdefghijklmnopqrstuvwxyzãäåêëîïðñôõöûü|
#              |üÿABCDEFGHIJKLMNOPQRSTUVWXYZÂÃÄÅÊËÑÔÕÖÛÜÝø¤*©®¶&%@#|
#              +---------------------------------------------------+
#              |scaled p-value above confidence level (zero is ok) |
#              +--------------------------------+
#              |0         1         2         3 |
#              |01234567890123456789012345678901|
#              +--------------------------------+
# seed     0.0 |................................| x 32
# key      0.0 |................................| x 112
#              +--------------------------------+
# 0 of 4608 bits failed (0.00%) failed at 99.999943 confidence
#     g-test: 0.000000%
#     sum-error-square: 0.00022831
#     hash bit-level errors: 2/32
#     - hash bit 26 gtest-prob not-random: 100.0000 (72036926/71963074)
#     - hash bit 29 gtest-prob not-random: 100.0000 (71941913/72058087)
not ok 32 - Strict Avalanche Criteria - 112 bit keys
# Testing 120-bit keys.......... not ok! # worst-bit:   0.387% error-ratio: 1.260630e+00
#              +---------------------------------------------------+
#              |012345678901234567890123456789012345678901234567890|
#              +---------------------------------------------------+
# Scale:       |.1234567890abcdefghijklmnopqrstuvwxyzãäåêëîïðñôõöûü|
#              |üÿABCDEFGHIJKLMNOPQRSTUVWXYZÂÃÄÅÊËÑÔÕÖÛÜÝø¤*©®¶&%@#|
#              +---------------------------------------------------+
#              |pct diff from 50%: abs((0.5-(changed/reps))*2) *100|
#              +--------------------------------+
#              |0         1         2         3 |
#              |01234567890123456789012345678901|
#              +--------------------------------+
# seed     0.0 |................................| x 32
# key      0.0 |................................| x 120
#              +--------------------------------+
#              +---------------------------------------------------+
#              |012345678901234567890123456789012345678901234567890|
#              +---------------------------------------------------+
# Scale:       |.1234567890abcdefghijklmnopqrstuvwxyzãäåêëîïðñôõöûü|
#              |üÿABCDEFGHIJKLMNOPQRSTUVWXYZÂÃÄÅÊËÑÔÕÖÛÜÝø¤*©®¶&%@#|
#              +---------------------------------------------------+
#              |scaled p-value above confidence level (zero is ok) |
#              +--------------------------------+
#              |0         1         2         3 |
#              |01234567890123456789012345678901|
#              +--------------------------------+
# seed     0.0 |................................| x 32
# key      0.0 |................................| x 120
#              +--------------------------------+
# 0 of 4864 bits failed (0.00%) failed at 99.999943 confidence
#     g-test: 0.000000%
#     sum-error-square: 0.00032272
#     hash bit-level errors: 4/32
#     - hash bit 9 gtest-prob not-random: 100.0000 (75964003/76035997)
#     - hash bit 18 gtest-prob not-random: 100.0000 (75949223/76050777)
#     - hash bit 26 gtest-prob not-random: 100.0000 (76037812/75962188)
#     - with 1 more hash bit errors not described above.
not ok 33 - Strict Avalanche Criteria - 120 bit keys
# Testing 128-bit keys.......... not ok! # worst-bit:   0.373% error-ratio: 8.683906e-01
#              +---------------------------------------------------+
#              |012345678901234567890123456789012345678901234567890|
#              +---------------------------------------------------+
# Scale:       |.1234567890abcdefghijklmnopqrstuvwxyzãäåêëîïðñôõöûü|
#              |üÿABCDEFGHIJKLMNOPQRSTUVWXYZÂÃÄÅÊËÑÔÕÖÛÜÝø¤*©®¶&%@#|
#              +---------------------------------------------------+
#              |pct diff from 50%: abs((0.5-(changed/reps))*2) *100|
#              +--------------------------------+
#              |0         1         2         3 |
#              |01234567890123456789012345678901|
#              +--------------------------------+
# seed     0.0 |................................| x 32
# key      0.0 |................................| x 128
#              +--------------------------------+
#              +---------------------------------------------------+
#              |012345678901234567890123456789012345678901234567890|
#              +---------------------------------------------------+
# Scale:       |.1234567890abcdefghijklmnopqrstuvwxyzãäåêëîïðñôõöûü|
#              |üÿABCDEFGHIJKLMNOPQRSTUVWXYZÂÃÄÅÊËÑÔÕÖÛÜÝø¤*©®¶&%@#|
#              +---------------------------------------------------+
#              |scaled p-value above confidence level (zero is ok) |
#              +--------------------------------+
#              |0         1         2         3 |
#              |01234567890123456789012345678901|
#              +--------------------------------+
# seed     0.0 |................................| x 32
# key      0.0 |................................| x 128
#              +--------------------------------+
# 0 of 5120 bits failed (0.00%) failed at 99.999943 confidence
#     g-test: 0.000000%
#     sum-error-square: 0.00022231
#     hash bit-level errors: 3/32
#     - hash bit 19 gtest-prob not-random: 100.0000 (79961394/80038606)
#     - hash bit 23 gtest-prob not-random: 100.0000 (80061545/79938455)
#     - hash bit 25 gtest-prob not-random: 100.0000 (79938131/80061869)
not ok 34 - Strict Avalanche Criteria - 128 bit keys
# Testing 136-bit keys.......... not ok! # worst-bit:   0.343% error-ratio: 9.771399e-01
#              +---------------------------------------------------+
#              |012345678901234567890123456789012345678901234567890|
#              +---------------------------------------------------+
# Scale:       |.1234567890abcdefghijklmnopqrstuvwxyzãäåêëîïðñôõöûü|
#              |üÿABCDEFGHIJKLMNOPQRSTUVWXYZÂÃÄÅÊËÑÔÕÖÛÜÝø¤*©®¶&%@#|
#              +---------------------------------------------------+
#              |pct diff from 50%: abs((0.5-(changed/reps))*2) *100|
#              +--------------------------------+
#              |0         1         2         3 |
#              |01234567890123456789012345678901|
#              +--------------------------------+
# seed     0.0 |................................| x 32
# key      0.0 |................................| x 136
#              +--------------------------------+
#              +---------------------------------------------------+
#              |012345678901234567890123456789012345678901234567890|
#              +---------------------------------------------------+
# Scale:       |.1234567890abcdefghijklmnopqrstuvwxyzãäåêëîïðñôõöûü|
#              |üÿABCDEFGHIJKLMNOPQRSTUVWXYZÂÃÄÅÊËÑÔÕÖÛÜÝø¤*©®¶&%@#|
#              +---------------------------------------------------+
#              |scaled p-value above confidence level (zero is ok) |
#              +--------------------------------+
#              |0         1         2         3 |
#              |01234567890123456789012345678901|
#              +--------------------------------+
# seed     0.0 |................................| x 32
# key      0.0 |................................| x 136
#              +--------------------------------+
# 0 of 5376 bits failed (0.00%) failed at 99.999943 confidence
#     g-test: 0.000000%
#     sum-error-square: 0.00025015
#     hash bit-level errors: 1/32
#     - hash bit 26 gtest-prob not-random: 100.0000 (83953438/84046562)
not ok 35 - Strict Avalanche Criteria - 136 bit keys
# Testing 144-bit keys.......... not ok! # worst-bit:   0.321% error-ratio: 1.009075e+00
#              +---------------------------------------------------+
#              |012345678901234567890123456789012345678901234567890|
#              +---------------------------------------------------+
# Scale:       |.1234567890abcdefghijklmnopqrstuvwxyzãäåêëîïðñôõöûü|
#              |üÿABCDEFGHIJKLMNOPQRSTUVWXYZÂÃÄÅÊËÑÔÕÖÛÜÝø¤*©®¶&%@#|
#              +---------------------------------------------------+
#              |pct diff from 50%: abs((0.5-(changed/reps))*2) *100|
#              +--------------------------------+
#              |0         1         2         3 |
#              |01234567890123456789012345678901|
#              +--------------------------------+
# seed     0.0 |................................| x 32
# key      0.0 |................................| x 144
#              +--------------------------------+
#              +---------------------------------------------------+
#              |012345678901234567890123456789012345678901234567890|
#              +---------------------------------------------------+
# Scale:       |.1234567890abcdefghijklmnopqrstuvwxyzãäåêëîïðñôõöûü|
#              |üÿABCDEFGHIJKLMNOPQRSTUVWXYZÂÃÄÅÊËÑÔÕÖÛÜÝø¤*©®¶&%@#|
#              +---------------------------------------------------+
#              |scaled p-value above confidence level (zero is ok) |
#              +--------------------------------+
#              |0         1         2         3 |
#              |01234567890123456789012345678901|
#              +--------------------------------+
# seed     0.0 |................................| x 32
# key      0.0 |................................| x 144
#              +--------------------------------+
# 0 of 5632 bits failed (0.00%) failed at 99.999943 confidence
#     g-test: 0.000000%
#     sum-error-square: 0.00025832
#     hash bit-level errors: 4/32
#     - hash bit 25 gtest-prob not-random: 100.0000 (88059220/87940780)
#     - hash bit 26 gtest-prob not-random: 100.0000 (88037985/87962015)
#     - hash bit 27 gtest-prob not-random: 100.0000 (88052474/87947526)
#     - with 1 more hash bit errors not described above.
not ok 36 - Strict Avalanche Criteria - 144 bit keys
# Testing 152-bit keys.......... not ok! # worst-bit:   0.380% error-ratio: 1.187406e+00
#              +---------------------------------------------------+
#              |012345678901234567890123456789012345678901234567890|
#              +---------------------------------------------------+
# Scale:       |.1234567890abcdefghijklmnopqrstuvwxyzãäåêëîïðñôõöûü|
#              |üÿABCDEFGHIJKLMNOPQRSTUVWXYZÂÃÄÅÊËÑÔÕÖÛÜÝø¤*©®¶&%@#|
#              +---------------------------------------------------+
#              |pct diff from 50%: abs((0.5-(changed/reps))*2) *100|
#              +--------------------------------+
#              |0         1         2         3 |
#              |01234567890123456789012345678901|
#              +--------------------------------+
# seed     0.0 |................................| x 32
# key      0.0 |................................| x 152
#              +--------------------------------+
#              +---------------------------------------------------+
#              |012345678901234567890123456789012345678901234567890|
#              +---------------------------------------------------+
# Scale:       |.1234567890abcdefghijklmnopqrstuvwxyzãäåêëîïðñôõöûü|
#              |üÿABCDEFGHIJKLMNOPQRSTUVWXYZÂÃÄÅÊËÑÔÕÖÛÜÝø¤*©®¶&%@#|
#              +---------------------------------------------------+
#              |scaled p-value above confidence level (zero is ok) |
#              +--------------------------------+
#              |0         1         2         3 |
#              |01234567890123456789012345678901|
#              +--------------------------------+
# seed     0.0 |................................| x 32
# key      0.0 |................................| x 152
#              +--------------------------------+
# 0 of 5888 bits failed (0.00%) failed at 99.999943 confidence
#     g-test: 0.000000%
#     sum-error-square: 0.00030398
#     hash bit-level errors: 2/32
#     - hash bit 27 gtest-prob not-random: 100.0000 (91942954/92057046)
#     - hash bit 31 gtest-prob not-random: 100.0000 (92055175/91944825)
not ok 37 - Strict Avalanche Criteria - 152 bit keys
# Testing 152-bit keys.......... not ok! # worst-bit:   0.370% error-ratio: 1.156808e+00
#              +---------------------------------------------------+
#              |012345678901234567890123456789012345678901234567890|
#              +---------------------------------------------------+
# Scale:       |.1234567890abcdefghijklmnopqrstuvwxyzãäåêëîïðñôõöûü|
#              |üÿABCDEFGHIJKLMNOPQRSTUVWXYZÂÃÄÅÊËÑÔÕÖÛÜÝø¤*©®¶&%@#|
#              +---------------------------------------------------+
#              |pct diff from 50%: abs((0.5-(changed/reps))*2) *100|
#              +--------------------------------+
#              |0         1         2         3 |
#              |01234567890123456789012345678901|
#              +--------------------------------+
# seed     0.0 |................................| x 32
# key      0.0 |................................| x 152
#              +--------------------------------+
#              +---------------------------------------------------+
#              |012345678901234567890123456789012345678901234567890|
#              +---------------------------------------------------+
# Scale:       |.1234567890abcdefghijklmnopqrstuvwxyzãäåêëîïðñôõöûü|
#              |üÿABCDEFGHIJKLMNOPQRSTUVWXYZÂÃÄÅÊËÑÔÕÖÛÜÝø¤*©®¶&%@#|
#              +---------------------------------------------------+
#              |scaled p-value above confidence level (zero is ok) |
#              +--------------------------------+
#              |0         1         2         3 |
#              |01234567890123456789012345678901|
#              +--------------------------------+
# seed     0.0 |................................| x 32
# key      0.0 |................................| x 152
#              +--------------------------------+
# 0 of 5888 bits failed (0.00%) failed at 99.999943 confidence
#     g-test: 0.000000%
#     sum-error-square: 0.00029614
#     hash bit-level errors: 6/32
#     - hash bit 19 gtest-prob not-random: 100.0000 (92036673/91963327)
#     - hash bit 21 gtest-prob not-random: 100.0000 (91960248/92039752)
#     - hash bit 23 gtest-prob not-random: 100.0000 (92046932/91953068)
#     - with 3 more hash bit errors not described above.
not ok 38 - Strict Avalanche Criteria - 160 bit keys
# Testing 256-bit keys.......... not ok! # worst-bit:   0.382% error-ratio: 1.016344e+00
#              +---------------------------------------------------+
#              |012345678901234567890123456789012345678901234567890|
#              +---------------------------------------------------+
# Scale:       |.1234567890abcdefghijklmnopqrstuvwxyzãäåêëîïðñôõöûü|
#              |üÿABCDEFGHIJKLMNOPQRSTUVWXYZÂÃÄÅÊËÑÔÕÖÛÜÝø¤*©®¶&%@#|
#              +---------------------------------------------------+
#              |pct diff from 50%: abs((0.5-(changed/reps))*2) *100|
#              +--------------------------------+
#              |0         1         2         3 |
#              |01234567890123456789012345678901|
#              +--------------------------------+
# seed     0.0 |................................| x 32
# key      0.0 |................................| x 256
#              +--------------------------------+
#              +---------------------------------------------------+
#              |012345678901234567890123456789012345678901234567890|
#              +---------------------------------------------------+
# Scale:       |.1234567890abcdefghijklmnopqrstuvwxyzãäåêëîïðñôõöûü|
#              |üÿABCDEFGHIJKLMNOPQRSTUVWXYZÂÃÄÅÊËÑÔÕÖÛÜÝø¤*©®¶&%@#|
#              +---------------------------------------------------+
#              |scaled p-value above confidence level (zero is ok) |
#              +--------------------------------+
#              |0         1         2         3 |
#              |01234567890123456789012345678901|
#              +--------------------------------+
# seed     0.0 |................................| x 32
# key      0.0 |................................| x 256
#              +--------------------------------+
# 0 of 9216 bits failed (0.00%) failed at 99.999943 confidence
#     g-test: 0.000000%
#     sum-error-square: 0.00026018
#     hash bit-level errors: 2/32
#     - hash bit 10 gtest-prob not-random: 100.0000 (144055302/143944698)
#     - hash bit 28 gtest-prob not-random: 100.0000 (143950657/144049343)
not ok 39 - Strict Avalanche Criteria - 256 bit keys
not ok 40 - Strict Avalanche Criteria # x17
### Keyset 'Cyclic' Tests ###
# Keyset 'Cyclic' - 8 cycles of 4 bytes - 10000000 keys
# Testing collisions   - Expected 11641.53, actual  8687289 (746.23x) - failed
not ok 41 - Collision Rate for Keyset 'Cyclic' - 8 cycles of 4 bytes - 10000000 keys
# worst bias is the  19-bit window at bit   0 - 668.965% (416)
not ok 42 - Distribution Bias Check for Keyset 'Cyclic' - 8 cycles of 4 bytes - 10000000 keys
# Keyset 'Cyclic' - 8 cycles of 5 bytes - 10000000 keys
# Testing collisions   - Expected 11641.53, actual  1976647 (169.79x) - failed
not ok 43 - Collision Rate for Keyset 'Cyclic' - 8 cycles of 5 bytes - 10000000 keys
# worst bias is the  19-bit window at bit   0 - 634.631% (416)
not ok 44 - Distribution Bias Check for Keyset 'Cyclic' - 8 cycles of 5 bytes - 10000000 keys
# Keyset 'Cyclic' - 8 cycles of 6 bytes - 10000000 keys
# Testing collisions   - Expected 11641.53, actual   134030 (11.51x) - failed
not ok 45 - Collision Rate for Keyset 'Cyclic' - 8 cycles of 6 bytes - 10000000 keys
# worst bias is the  19-bit window at bit   0 - 633.593% (416)
not ok 46 - Distribution Bias Check for Keyset 'Cyclic' - 8 cycles of 6 bytes - 10000000 keys
# Keyset 'Cyclic' - 8 cycles of 7 bytes - 10000000 keys
# Testing collisions   - Expected 11641.53, actual    92918 ( 7.98x) - failed
not ok 47 - Collision Rate for Keyset 'Cyclic' - 8 cycles of 7 bytes - 10000000 keys
# worst bias is the  19-bit window at bit  16 - 633.568% (416)
not ok 48 - Distribution Bias Check for Keyset 'Cyclic' - 8 cycles of 7 bytes - 10000000 keys
# Keyset 'Cyclic' - 8 cycles of 8 bytes - 10000000 keys
# Testing collisions   - Expected 11641.53, actual    92657 ( 7.96x) - failed
not ok 49 - Collision Rate for Keyset 'Cyclic' - 8 cycles of 8 bytes - 10000000 keys
# worst bias is the  19-bit window at bit   0 - 633.594% (416)
not ok 50 - Distribution Bias Check for Keyset 'Cyclic' - 8 cycles of 8 bytes - 10000000 keys
not ok 51 - Keyset 'Cyclic' # x17
### Keyset 'TwoBytes' Tests ###
# Testing collisions   - Expected    49.57, actual   407475 - Excessive keys in collision - failed
not ok 52 - Collision Rate for Keyset 'TwoBytes' - up-to-4-byte keys, 652545 total keys
# worst bias is the  16-bit window at bit  16 - 872307.537% (288)
not ok 53 - Distribution Bias Check for Keyset 'TwoBytes' - up-to-4-byte keys, 652545 total keys
# Testing collisions   - Expected  3484.56, actual  2205009 (632.79x) - failed
not ok 54 - Collision Rate for Keyset 'TwoBytes' - up-to-8-byte keys, 5471025 total keys
# worst bias is the  20-bit window at bit  12 - 80098.265% (416)
not ok 55 - Distribution Bias Check for Keyset 'TwoBytes' - up-to-8-byte keys, 5471025 total keys
# Testing collisions   - Expected 40347.77, actual  5883372 (145.82x) - failed
not ok 56 - Collision Rate for Keyset 'TwoBytes' - up-to-12-byte keys, 18616785 total keys
# worst bias is the  20-bit window at bit  12 - 13937.741% (416)
not ok 57 - Distribution Bias Check for Keyset 'TwoBytes' - up-to-12-byte keys, 18616785 total keys
# Testing collisions   - Expected 227963.15, actual 11976929 (52.54x) - failed
not ok 58 - Collision Rate for Keyset 'TwoBytes' - up-to-16-byte keys, 44251425 total keys
# worst bias is the  20-bit window at bit  12 - 3732.120% (416)
not ok 59 - Distribution Bias Check for Keyset 'TwoBytes' - up-to-16-byte keys, 44251425 total keys
# Testing collisions   - Expected 871784.70, actual 21147235 (24.26x) - failed
not ok 60 - Collision Rate for Keyset 'TwoBytes' - up-to-20-byte keys, 86536545 total keys
# worst bias is the  20-bit window at bit  12 - 1308.495% (416)
not ok 61 - Distribution Bias Check for Keyset 'TwoBytes' - up-to-20-byte keys, 86536545 total keys
not ok 62 - Keyset 'TwoBytes' # x17
### Keyset 'Sparse' Tests ###
# Keyset 'Sparse' - 32-bit keys with up to 6 bits set - 1149017 keys
# Testing collisions   - Expected   153.70, actual      130 ( 0.85x) - passed
ok 63 - Collision Rate for Keyset 'Sparse' - 32-bit keys with up to 6 bits set
# worst bias is the  17-bit window at bit  15 - 69.835% (320)
not ok 64 - Distribution Bias Check for Keyset 'Sparse' - 32-bit keys with up to 6 bits set
# Keyset 'Sparse' - 40-bit keys with up to 6 bits set - 4598479 keys
# Testing collisions   - Expected  2461.72, actual     2461 ( 1.00x) - passed
ok 65 - Collision Rate for Keyset 'Sparse' - 40-bit keys with up to 6 bits set
# worst bias is the  19-bit window at bit  13 - 78.690% (384)
not ok 66 - Distribution Bias Check for Keyset 'Sparse' - 40-bit keys with up to 6 bits set
# Keyset 'Sparse' - 48-bit keys with up to 5 bits set - 1925357 keys
# Testing collisions   - Expected   431.55, actual      440 ( 1.02x) - passed
ok 67 - Collision Rate for Keyset 'Sparse' - 48-bit keys with up to 5 bits set
# worst bias is the  18-bit window at bit  14 - 118.580% (352)
not ok 68 - Distribution Bias Check for Keyset 'Sparse' - 48-bit keys with up to 5 bits set
# Keyset 'Sparse' - 56-bit keys with up to 5 bits set - 4216423 keys
# Testing collisions   - Expected  2069.66, actual     2122 ( 1.03x) - passed
ok 69 - Collision Rate for Keyset 'Sparse' - 56-bit keys with up to 5 bits set
# worst bias is the  19-bit window at bit  13 - 107.370% (384)
not ok 70 - Distribution Bias Check for Keyset 'Sparse' - 56-bit keys with up to 5 bits set
# Keyset 'Sparse' - 64-bit keys with up to 5 bits set - 8303633 keys
# Testing collisions   - Expected  8026.87, actual     8065 ( 1.00x) - passed
ok 71 - Collision Rate for Keyset 'Sparse' - 64-bit keys with up to 5 bits set
# worst bias is the  20-bit window at bit  12 - 97.994% (416)
not ok 72 - Distribution Bias Check for Keyset 'Sparse' - 64-bit keys with up to 5 bits set
# Keyset 'Sparse' - 96-bit keys with up to 4 bits set - 3469497 keys
# Testing collisions   - Expected  1401.34, actual     1411 ( 1.01x) - passed
ok 73 - Collision Rate for Keyset 'Sparse' - 96-bit keys with up to 4 bits set
# worst bias is the  19-bit window at bit  13 - 113.422% (384)
not ok 74 - Distribution Bias Check for Keyset 'Sparse' - 96-bit keys with up to 4 bits set
# Keyset 'Sparse' - 256-bit keys with up to 3 bits set - 2796417 keys
# Testing collisions   - Expected   910.36, actual      938 ( 1.03x) - passed
ok 75 - Collision Rate for Keyset 'Sparse' - 256-bit keys with up to 3 bits set
# worst bias is the  19-bit window at bit  13 - 55.781% (384)
not ok 76 - Distribution Bias Check for Keyset 'Sparse' - 256-bit keys with up to 3 bits set
# Keyset 'Sparse' - 2048-bit keys with up to 2 bits set - 2098177 keys
# Testing collisions   - Expected   512.50, actual      519 ( 1.01x) - passed
ok 77 - Collision Rate for Keyset 'Sparse' - 2048-bit keys with up to 2 bits set
# worst bias is the  18-bit window at bit  14 - 4.656% (352)
not ok 78 - Distribution Bias Check for Keyset 'Sparse' - 2048-bit keys with up to 2 bits set
not ok 79 - Keyset 'Sparse' # x17
# Keyset 'CRC-MultiCollision' - 1048575 x 16 block keys - 128-bytes long - 10 seeds
# Testing collisions   - Expected   128.00, actual      248 ( 1.94x) - passed
ok 80 - Collision Rate for Keyset 'CRC-MultiCollision' - seed 1 # x17
# Testing collisions   - Expected   128.00, actual      239 ( 1.87x) - passed
ok 81 - Collision Rate for Keyset 'CRC-MultiCollision' - seed 2 # x17
# Testing collisions   - Expected   128.00, actual      268 ( 2.09x) - failed
not ok 82 - Collision Rate for Keyset 'CRC-MultiCollision' - seed 3 # x17
# Testing collisions   - Expected   128.00, actual      227 ( 1.77x) - passed
ok 83 - Collision Rate for Keyset 'CRC-MultiCollision' - seed 4 # x17
# Testing collisions   - Expected   128.00, actual      255 ( 1.99x) - passed
ok 84 - Collision Rate for Keyset 'CRC-MultiCollision' - seed 5 # x17
# Testing collisions   - Expected   128.00, actual      246 ( 1.92x) - passed
ok 85 - Collision Rate for Keyset 'CRC-MultiCollision' - seed 6 # x17
# Testing collisions   - Expected   128.00, actual      249 ( 1.95x) - passed
ok 86 - Collision Rate for Keyset 'CRC-MultiCollision' - seed 7 # x17
# Testing collisions   - Expected   128.00, actual      231 ( 1.80x) - passed
ok 87 - Collision Rate for Keyset 'CRC-MultiCollision' - seed 8 # x17
# Testing collisions   - Expected   128.00, actual      256 ( 2.00x) - failed
not ok 88 - Collision Rate for Keyset 'CRC-MultiCollision' - seed 9 # x17
# Testing collisions   - Expected   128.00, actual      224 ( 1.75x) - passed
ok 89 - Collision Rate for Keyset 'CRC-MultiCollision' - seed 10 # x17
### Keyset 'Combination Lowbits' Tests ###
# Keyset 'Combination' - up to 8 blocks from a set of 8 - 19173960 keys
# Testing collisions   - Expected 42799.01, actual   549675 (12.84x) - failed
not ok 90 - Collision Rate for Keyset 'Combination Lowbits'
ok 91 - Distribution Bias Check for Keyset 'Combination Lowbits'
not ok 92 - Keyset 'Combination Lowbits' # x17
### Keyset 'Combination Highbits' Tests ###
# Keyset 'Combination' - up to 8 blocks from a set of 8 - 19173960 keys
# Testing collisions   - Expected 42799.01, actual  4648542 (108.61x) - failed
not ok 93 - Collision Rate for Keyset 'Combination Highbits'
# worst bias is the  20-bit window at bit  16 - 1363.772% (416)
not ok 94 - Distribution Bias Check for Keyset 'Combination Highbits'
not ok 95 - Keyset 'Combination Highbits' # x17
### Keyset 'Combination Highbits2' Tests ###
# Keyset 'Combination' - up to 8 blocks from a set of 8 - 19173960 keys
# Testing collisions   - Expected 42799.01, actual  2048364 (47.86x) - failed
not ok 96 - Collision Rate for Keyset 'Combination Highbits2'
# worst bias is the  20-bit window at bit  16 - 1366.970% (416)
not ok 97 - Distribution Bias Check for Keyset 'Combination Highbits2'
not ok 98 - Keyset 'Combination Highbits2' # x17
### Keyset 'Combination 0x80000000' Tests ###
# Keyset 'Combination' - up to 20 blocks from a set of 2 - 2097150 keys
# Testing collisions   - Expected   512.00, actual   292353 (571.00x) - failed
not ok 99 - Collision Rate for Keyset 'Combination 0x80000000'
# worst bias is the  18-bit window at bit  16 - 246.530% (352)
not ok 100 - Distribution Bias Check for Keyset 'Combination 0x80000000'
not ok 101 - Keyset 'Combination 0x80000000' # x17
### Keyset 'Combination 0x00000001' Tests ###
# Keyset 'Combination' - up to 20 blocks from a set of 2 - 2097150 keys
# Testing collisions   - Expected   512.00, actual     3546 ( 6.93x) - failed
not ok 102 - Collision Rate for Keyset 'Combination 0x00000001'
# worst bias is the  18-bit window at bit   2 - 60.766% (352)
not ok 103 - Distribution Bias Check for Keyset 'Combination 0x00000001'
not ok 104 - Keyset 'Combination 0x00000001' # x17
### Keyset 'Combination Hi-Lo' Tests ###
# Keyset 'Combination' - up to 6 blocks from a set of 15 - 12204240 keys
# Testing collisions   - Expected 17339.30, actual    18271 ( 1.05x) - passed
ok 105 - Collision Rate for Keyset 'Combination Hi-Lo'
# worst bias is the  20-bit window at bit  17 - 27.890% (416)
not ok 106 - Distribution Bias Check for Keyset 'Combination Hi-Lo'
not ok 107 - Keyset 'Combination Hi-Lo' # x17
### Keyset 'Text' Tests ###
# Keyset 'Text' - keys of form "Foo[XXXX]Bar" - 14776336 keys
# Testing collisions   - Expected 25418.13, actual 14421699 (567.38x) - failed
not ok 108 - Collision Rate for Keyset 'Text' - keys of form "Foo[XXXX]Bar" - 14776336 keys
# worst bias is the  20-bit window at bit  18 - 723.530% (416)
not ok 109 - Distribution Bias Check for Keyset 'Text' - keys of form "Foo[XXXX]Bar" - 14776336 keys
# Keyset 'Text' - keys of form "FooBar[XXXX]" - 14776336 keys
# Testing collisions   - Expected 25418.13, actual 14421699 (567.38x) - failed
not ok 110 - Collision Rate for Keyset 'Text' - keys of form "FooBar[XXXX]" - 14776336 keys
# worst bias is the  18-bit window at bit  14 - 1245773.919% (416)
not ok 111 - Distribution Bias Check for Keyset 'Text' - keys of form "FooBar[XXXX]" - 14776336 keys
# Keyset 'Text' - keys of form "[XXXX]FooBar" - 14776336 keys
# Testing collisions   - Expected 25418.13, actual 14421699 (567.38x) - failed
not ok 112 - Collision Rate for Keyset 'Text' - keys of form "[XXXX]FooBar" - 14776336 keys
# worst bias is the  20-bit window at bit  20 - 384.251% (416)
not ok 113 - Distribution Bias Check for Keyset 'Text' - keys of form "[XXXX]FooBar" - 14776336 keys
not ok 114 - Keyset 'Text' # x17
### Keyset 'Zeroes' Tests ###
# Keyset 'Zeroes' - 262144 keys
# Testing collisions   - Expected     8.00, actual        0 ( 0.00x) - passed
ok 115 - Collision Rate for Keyset 'Zeroes' - 262144 keys
ok 116 - Distribution Bias Check for Keyset 'Zeroes' - 262144 keys
ok 117 - Keyset 'Zeroes' # x17
### Keyset 'Seed' Tests ###
# Keyset 'Seed' - 2000000 seeds, Key "The quick brown fox "...
# Testing collisions   - Expected   465.46, actual        0 ( 0.00x) - passed
ok 118 - Collision Rate for Keyset 'Seed' - 2000000 seeds, Key "The quick brown fox "...
ok 119 - Distribution Bias Check for Keyset 'Seed' - 2000000 seeds, Key "The quick brown fox "...
# Keyset 'Seed' - 2000000 seeds, Key ""
# Testing collisions   - Expected   465.44, actual        0 ( 0.00x) - passed
ok 120 - Collision Rate for Keyset 'Seed' - 2000000 seeds, Key ""
ok 121 - Distribution Bias Check for Keyset 'Seed' - 2000000 seeds, Key ""
# Keyset 'Seed' - 2000000 seeds, Key "00101100110101101"
# Testing collisions   - Expected   465.46, actual        0 ( 0.00x) - passed
ok 122 - Collision Rate for Keyset 'Seed' - 2000000 seeds, Key "00101100110101101"
ok 123 - Distribution Bias Check for Keyset 'Seed' - 2000000 seeds, Key "00101100110101101"
# Keyset 'Seed' - 2000000 seeds, Key "abcbcddbdebdcaaabaaa"...
# Testing collisions   - Expected   465.45, actual        0 ( 0.00x) - passed
ok 124 - Collision Rate for Keyset 'Seed' - 2000000 seeds, Key "abcbcddbdebdcaaabaaa"...
ok 125 - Distribution Bias Check for Keyset 'Seed' - 2000000 seeds, Key "abcbcddbdebdcaaabaaa"...
ok 126 - Keyset 'Seed' # x17
### Keyset 'Effs' Tests ###
# Keyset 'Effs' - 262144 keys
# Testing collisions   - Expected     8.00, actual        0 ( 0.00x) - passed
ok 127 - Collision Rate for Keyset 'Effs' - 262144 keys
ok 128 - Distribution Bias Check for Keyset 'Effs' - 262144 keys
ok 129 - Keyset 'Effs' # x17
not ok 130 - all tests passed # x17
1..130
# Tests Failed. x17 failed 84 of 130 tests.
# Testing took 1450.041157 seconds
# This is SMHasher version v1.0-demerphq-5-g86440f3 - built on Mar 10 2017.
