ok 1 - Found Hash # xxHash64
###################################################################
### Testing xxHash64 - no seed_state
### - xxHash, 64-bit -
### seedbits: 64 statebits: 64 hashbits: 64
###################################################################
ok 2 - Verification code # xxHash64
# xxHash64             - Verification value 0x22B287C9 : Passed.
### Sanity Tests ###
# Sanity check simple key bit flips and consistency..........
ok 3 - SanityTest # xxHash64
# Sanity check null suffixes change the hash (simple)..........
ok 4 - Appended Zeroes Test # xxHash64
ok 5 - Sanity Test # xxHash64
### Speed Tests ###
## Bulk speed test - 262144-byte keys
# Alignment  7 -  4.723 bytes/cycle - 13512.88 MiB/sec @ 3 ghz
# Alignment  6 -  4.733 bytes/cycle - 13539.81 MiB/sec @ 3 ghz
# Alignment  5 -  4.781 bytes/cycle - 13679.82 MiB/sec @ 3 ghz
# Alignment  4 -  4.711 bytes/cycle - 13478.05 MiB/sec @ 3 ghz
# Alignment  3 -  4.782 bytes/cycle - 13680.41 MiB/sec @ 3 ghz
# Alignment  2 -  4.724 bytes/cycle - 13516.50 MiB/sec @ 3 ghz
# Alignment  1 -  4.781 bytes/cycle - 13679.91 MiB/sec @ 3 ghz
# Alignment  0 -  4.739 bytes/cycle - 13559.26 MiB/sec @ 3 ghz
# Average      -  4.747 bytes/cycle - 13580.83 MiB/sec @ 3 ghz
## KeySpeed tests
# xxHash64                  0 byte keys       13.000 c/h
# xxHash64                  1 byte keys       19.281 c/h       19.281 c/b        0.052 b/c
# xxHash64                  2 byte keys       23.468 c/h       11.734 c/b        0.085 b/c
# xxHash64                  3 byte keys       27.269 c/h        9.090 c/b        0.110 b/c
# xxHash64                  4 byte keys       20.000 c/h        5.000 c/b        0.200 b/c
# xxHash64                  5 byte keys       24.000 c/h        4.800 c/b        0.208 b/c
# xxHash64                  6 byte keys       28.000 c/h        4.667 c/b        0.214 b/c
# xxHash64                  7 byte keys       32.000 c/h        4.571 c/b        0.219 b/c
# xxHash64                  8 byte keys       23.214 c/h        2.902 c/b        0.345 b/c
# xxHash64                  9 byte keys       27.305 c/h        3.034 c/b        0.330 b/c
# xxHash64                 10 byte keys       31.000 c/h        3.100 c/b        0.323 b/c
# xxHash64                 11 byte keys       36.126 c/h        3.284 c/b        0.304 b/c
# xxHash64                 12 byte keys       28.498 c/h        2.375 c/b        0.421 b/c
# xxHash64                 13 byte keys       32.504 c/h        2.500 c/b        0.400 b/c
# xxHash64                 14 byte keys       36.556 c/h        2.611 c/b        0.383 b/c
# xxHash64                 15 byte keys       41.287 c/h        2.752 c/b        0.363 b/c
# xxHash64                 16 byte keys       28.000 c/h        1.750 c/b        0.571 b/c
# xxHash64                 17 byte keys       32.000 c/h        1.882 c/b        0.531 b/c
# xxHash64                 18 byte keys       36.664 c/h        2.037 c/b        0.491 b/c
# xxHash64                 19 byte keys       41.000 c/h        2.158 c/b        0.463 b/c
# xxHash64                 20 byte keys       33.249 c/h        1.662 c/b        0.602 b/c
# xxHash64                 21 byte keys       37.000 c/h        1.762 c/b        0.568 b/c
# xxHash64                 22 byte keys       42.344 c/h        1.925 c/b        0.520 b/c
# xxHash64                 23 byte keys       46.297 c/h        2.013 c/b        0.497 b/c
# xxHash64                 24 byte keys       33.000 c/h        1.375 c/b        0.727 b/c
# xxHash64                 25 byte keys       37.000 c/h        1.480 c/b        0.676 b/c
# xxHash64                 26 byte keys       42.290 c/h        1.627 c/b        0.615 b/c
# xxHash64                 27 byte keys       45.999 c/h        1.704 c/b        0.587 b/c
# xxHash64                 28 byte keys       38.000 c/h        1.357 c/b        0.737 b/c
# xxHash64                 29 byte keys       43.385 c/h        1.496 c/b        0.668 b/c
# xxHash64                 30 byte keys       47.349 c/h        1.578 c/b        0.634 b/c
# xxHash64                 31 byte keys       51.322 c/h        1.656 c/b        0.604 b/c
#                          Average < 32       33.700 c/h        2.174 c/b        0.460 b/c
# xxHash64                 32 byte keys       43.002 c/h        1.344 c/b        0.744 b/c
# xxHash64                 36 byte keys       47.695 c/h        1.325 c/b        0.755 b/c
# xxHash64                 40 byte keys       47.867 c/h        1.197 c/b        0.836 b/c
# xxHash64                 44 byte keys       52.496 c/h        1.193 c/b        0.838 b/c
# xxHash64                 48 byte keys       52.729 c/h        1.099 c/b        0.910 b/c
# xxHash64                 52 byte keys       58.812 c/h        1.131 c/b        0.884 b/c
# xxHash64                 56 byte keys       58.329 c/h        1.042 c/b        0.960 b/c
# xxHash64                 60 byte keys       62.000 c/h        1.033 c/b        0.968 b/c
# xxHash64                 64 byte keys       46.989 c/h        0.734 c/b        1.362 b/c
# xxHash64                 68 byte keys       51.991 c/h        0.765 c/b        1.308 b/c
# xxHash64                 72 byte keys       52.533 c/h        0.730 c/b        1.371 b/c
# xxHash64                 76 byte keys       56.991 c/h        0.750 c/b        1.334 b/c
# xxHash64                 80 byte keys       56.944 c/h        0.712 c/b        1.405 b/c
# xxHash64                 84 byte keys       61.850 c/h        0.736 c/b        1.358 b/c
# xxHash64                 88 byte keys       62.858 c/h        0.714 c/b        1.400 b/c
# xxHash64                 92 byte keys       67.000 c/h        0.728 c/b        1.373 b/c
# xxHash64                 96 byte keys       51.000 c/h        0.531 c/b        1.882 b/c
# xxHash64                100 byte keys       56.792 c/h        0.568 c/b        1.761 b/c
# xxHash64                104 byte keys       56.000 c/h        0.538 c/b        1.857 b/c
# xxHash64                108 byte keys       61.000 c/h        0.565 c/b        1.770 b/c
# xxHash64                112 byte keys       61.000 c/h        0.545 c/b        1.836 b/c
# xxHash64                116 byte keys       67.620 c/h        0.583 c/b        1.715 b/c
# xxHash64                120 byte keys       67.313 c/h        0.561 c/b        1.783 b/c
# xxHash64                124 byte keys       71.994 c/h        0.581 c/b        1.722 b/c
#                         Average < 128       43.772 c/h        1.035 c/b        0.966 b/c
# xxHash64                128 byte keys       55.829 c/h        0.436 c/b        2.293 b/c
# xxHash64                256 byte keys       82.984 c/h        0.324 c/b        3.085 b/c
# xxHash64                512 byte keys      138.224 c/h        0.270 c/b        3.704 b/c
# xxHash64               1024 byte keys      265.606 c/h        0.259 c/b        3.855 b/c
# xxHash64               2048 byte keys      486.464 c/h        0.238 c/b        4.210 b/c
# xxHash64               4096 byte keys      901.221 c/h        0.220 c/b        4.545 b/c
# xxHash64               8192 byte keys     1751.339 c/h        0.214 c/b        4.678 b/c
# xxHash64              16384 byte keys     3459.293 c/h        0.211 c/b        4.736 b/c
# xxHash64              32768 byte keys     6874.493 c/h        0.210 c/b        4.767 b/c
# xxHash64              65536 byte keys    13890.125 c/h        0.212 c/b        4.718 b/c
#                       Overall Average      459.951 c/h        0.228 c/b        4.392 b/c
ok 6 - Speed (always passes) # xxHash64
### Differential Tests ###
# Testing 8303632 up-to-5-bit differentials in 64-bit keys -> 64 bit hashes.
# 1000 reps, 8303632000 total tests, expecting 0.00 random collisions..........
ok 7 - Differential collisions # xxHash64
ok 8 - Nothing skipped during differential collision check # xxHash64
# 0 total collisions, of which 0 single collisions were ignored
ok 9 - ProcessDifferentials
# Testing 11017632 up-to-4-bit differentials in 128-bit keys -> 64 bit hashes.
# 1000 reps, 11017632000 total tests, expecting 0.00 random collisions..........
ok 10 - Differential collisions # xxHash64
ok 11 - Nothing skipped during differential collision check # xxHash64
# 0 total collisions, of which 0 single collisions were ignored
ok 12 - ProcessDifferentials
# Testing 2796416 up-to-3-bit differentials in 256-bit keys -> 64 bit hashes.
# 1000 reps, 2796416000 total tests, expecting 0.00 random collisions..........
ok 13 - Differential collisions # xxHash64
ok 14 - Nothing skipped during differential collision check # xxHash64
# 0 total collisions, of which 0 single collisions were ignored
ok 15 - ProcessDifferentials
ok 16 - Differential # xxHash64
### Avalanche Tests ### - seed-bits: 64 hash-bits: 64
# Samples 500000, expected error 0.00051200, confidence level 99.99994267%
# Testing   0-bit keys.......... ok.     # worst-bit:   0.441% error-ratio: 9.923800e-01
ok 17 - Strict Avalanche Criteria - 0 bit keys
# Testing   8-bit keys.......... ok.     # worst-bit:   0.614% error-ratio: 9.930872e-01
ok 18 - Strict Avalanche Criteria - 8 bit keys
# Testing  16-bit keys.......... ok.     # worst-bit:   0.535% error-ratio: 1.001485e+00
ok 19 - Strict Avalanche Criteria - 16 bit keys
# Testing  24-bit keys.......... ok.     # worst-bit:   0.515% error-ratio: 9.767151e-01
ok 20 - Strict Avalanche Criteria - 24 bit keys
# Testing  32-bit keys.......... ok.     # worst-bit:   0.561% error-ratio: 1.014764e+00
ok 21 - Strict Avalanche Criteria - 32 bit keys
# Testing  40-bit keys.......... ok.     # worst-bit:   0.492% error-ratio: 9.797046e-01
ok 22 - Strict Avalanche Criteria - 40 bit keys
# Testing  48-bit keys.......... ok.     # worst-bit:   0.562% error-ratio: 1.014198e+00
ok 23 - Strict Avalanche Criteria - 48 bit keys
# Testing  56-bit keys.......... ok.     # worst-bit:   0.581% error-ratio: 9.933491e-01
ok 24 - Strict Avalanche Criteria - 56 bit keys
# Testing  64-bit keys.......... ok.     # worst-bit:   0.532% error-ratio: 1.000861e+00
ok 25 - Strict Avalanche Criteria - 64 bit keys
# Testing  72-bit keys.......... ok.     # worst-bit:   0.518% error-ratio: 9.883221e-01
ok 26 - Strict Avalanche Criteria - 72 bit keys
# Testing  80-bit keys.......... ok.     # worst-bit:   0.528% error-ratio: 1.032469e+00
ok 27 - Strict Avalanche Criteria - 80 bit keys
# Testing  88-bit keys.......... ok.     # worst-bit:   0.559% error-ratio: 1.010392e+00
ok 28 - Strict Avalanche Criteria - 88 bit keys
# Testing  96-bit keys.......... ok.     # worst-bit:   0.608% error-ratio: 9.870821e-01
ok 29 - Strict Avalanche Criteria - 96 bit keys
# Testing 104-bit keys.......... ok.     # worst-bit:   0.570% error-ratio: 1.011939e+00
ok 30 - Strict Avalanche Criteria - 104 bit keys
# Testing 112-bit keys.......... ok.     # worst-bit:   0.548% error-ratio: 9.849473e-01
ok 31 - Strict Avalanche Criteria - 112 bit keys
# Testing 120-bit keys.......... ok.     # worst-bit:   0.562% error-ratio: 1.025706e+00
ok 32 - Strict Avalanche Criteria - 120 bit keys
# Testing 128-bit keys.......... ok.     # worst-bit:   0.551% error-ratio: 9.901378e-01
ok 33 - Strict Avalanche Criteria - 128 bit keys
# Testing 136-bit keys.......... ok.     # worst-bit:   0.757% error-ratio: 9.819450e-01
ok 34 - Strict Avalanche Criteria - 136 bit keys
# Testing 144-bit keys.......... ok.     # worst-bit:   0.589% error-ratio: 9.685793e-01
ok 35 - Strict Avalanche Criteria - 144 bit keys
# Testing 152-bit keys.......... ok.     # worst-bit:   0.540% error-ratio: 9.962945e-01
ok 36 - Strict Avalanche Criteria - 152 bit keys
# Testing 152-bit keys.......... ok.     # worst-bit:   0.557% error-ratio: 9.886078e-01
ok 37 - Strict Avalanche Criteria - 160 bit keys
# Testing 200-bit keys.......... ok.     # worst-bit:   0.545% error-ratio: 9.999093e-01
ok 38 - Strict Avalanche Criteria - 200 bit keys
# Testing 256-bit keys.......... ok.     # worst-bit:   0.662% error-ratio: 9.800203e-01
ok 39 - Strict Avalanche Criteria - 256 bit keys
# Testing 512-bit keys.......... ok.     # worst-bit:   0.568% error-ratio: 1.005708e+00
ok 40 - Strict Avalanche Criteria - 512 bit keys
ok 41 - Strict Avalanche Criteria # xxHash64
### Keyset 'Cyclic' Tests ###
# Keyset 'Cyclic' - 8 cycles of 8 bytes - 10000000 keys
# Testing collisions   - Expected     0.00, actual        0 ( 0.00x) - passed
ok 42 - Collision Rate for Keyset 'Cyclic' - 8 cycles of 8 bytes - 10000000 keys
ok 43 - Distribution Bias Check for Keyset 'Cyclic' - 8 cycles of 8 bytes - 10000000 keys
# Keyset 'Cyclic' - 8 cycles of 9 bytes - 10000000 keys
# Testing collisions   - Expected     0.00, actual        0 ( 0.00x) - passed
ok 44 - Collision Rate for Keyset 'Cyclic' - 8 cycles of 9 bytes - 10000000 keys
ok 45 - Distribution Bias Check for Keyset 'Cyclic' - 8 cycles of 9 bytes - 10000000 keys
# Keyset 'Cyclic' - 8 cycles of 10 bytes - 10000000 keys
# Testing collisions   - Expected     0.00, actual        0 ( 0.00x) - passed
ok 46 - Collision Rate for Keyset 'Cyclic' - 8 cycles of 10 bytes - 10000000 keys
ok 47 - Distribution Bias Check for Keyset 'Cyclic' - 8 cycles of 10 bytes - 10000000 keys
# Keyset 'Cyclic' - 8 cycles of 11 bytes - 10000000 keys
# Testing collisions   - Expected     0.00, actual        0 ( 0.00x) - passed
ok 48 - Collision Rate for Keyset 'Cyclic' - 8 cycles of 11 bytes - 10000000 keys
ok 49 - Distribution Bias Check for Keyset 'Cyclic' - 8 cycles of 11 bytes - 10000000 keys
# Keyset 'Cyclic' - 8 cycles of 12 bytes - 10000000 keys
# Testing collisions   - Expected     0.00, actual        0 ( 0.00x) - passed
ok 50 - Collision Rate for Keyset 'Cyclic' - 8 cycles of 12 bytes - 10000000 keys
ok 51 - Distribution Bias Check for Keyset 'Cyclic' - 8 cycles of 12 bytes - 10000000 keys
ok 52 - Keyset 'Cyclic' # xxHash64
### Keyset 'TwoBytes' Tests ###
# Testing collisions   - Expected     0.00, actual        0 ( 0.00x) - passed
ok 53 - Collision Rate for Keyset 'TwoBytes' - up-to-4-byte keys, 652545 total keys
ok 54 - Distribution Bias Check for Keyset 'TwoBytes' - up-to-4-byte keys, 652545 total keys
# Testing collisions   - Expected     0.00, actual        0 ( 0.00x) - passed
ok 55 - Collision Rate for Keyset 'TwoBytes' - up-to-8-byte keys, 5471025 total keys
ok 56 - Distribution Bias Check for Keyset 'TwoBytes' - up-to-8-byte keys, 5471025 total keys
# Testing collisions   - Expected     0.00, actual        0 ( 0.00x) - passed
ok 57 - Collision Rate for Keyset 'TwoBytes' - up-to-12-byte keys, 18616785 total keys
ok 58 - Distribution Bias Check for Keyset 'TwoBytes' - up-to-12-byte keys, 18616785 total keys
# Testing collisions   - Expected     0.00, actual        0 ( 0.00x) - passed
ok 59 - Collision Rate for Keyset 'TwoBytes' - up-to-16-byte keys, 44251425 total keys
ok 60 - Distribution Bias Check for Keyset 'TwoBytes' - up-to-16-byte keys, 44251425 total keys
# Testing collisions   - Expected     0.00, actual        0 ( 0.00x) - passed
ok 61 - Collision Rate for Keyset 'TwoBytes' - up-to-20-byte keys, 86536545 total keys
ok 62 - Distribution Bias Check for Keyset 'TwoBytes' - up-to-20-byte keys, 86536545 total keys
ok 63 - Keyset 'TwoBytes' # xxHash64
### Keyset 'Sparse' Tests ###
# Keyset 'Sparse' - 32-bit keys with up to 6 bits set - 1149017 keys
# Testing collisions   - Expected     0.00, actual        0 ( 0.00x) - passed
ok 64 - Collision Rate for Keyset 'Sparse' - 32-bit keys with up to 6 bits set
ok 65 - Distribution Bias Check for Keyset 'Sparse' - 32-bit keys with up to 6 bits set
# Keyset 'Sparse' - 40-bit keys with up to 6 bits set - 4598479 keys
# Testing collisions   - Expected     0.00, actual        0 ( 0.00x) - passed
ok 66 - Collision Rate for Keyset 'Sparse' - 40-bit keys with up to 6 bits set
ok 67 - Distribution Bias Check for Keyset 'Sparse' - 40-bit keys with up to 6 bits set
# Keyset 'Sparse' - 48-bit keys with up to 5 bits set - 1925357 keys
# Testing collisions   - Expected     0.00, actual        0 ( 0.00x) - passed
ok 68 - Collision Rate for Keyset 'Sparse' - 48-bit keys with up to 5 bits set
ok 69 - Distribution Bias Check for Keyset 'Sparse' - 48-bit keys with up to 5 bits set
# Keyset 'Sparse' - 56-bit keys with up to 5 bits set - 4216423 keys
# Testing collisions   - Expected     0.00, actual        0 ( 0.00x) - passed
ok 70 - Collision Rate for Keyset 'Sparse' - 56-bit keys with up to 5 bits set
ok 71 - Distribution Bias Check for Keyset 'Sparse' - 56-bit keys with up to 5 bits set
# Keyset 'Sparse' - 64-bit keys with up to 5 bits set - 8303633 keys
# Testing collisions   - Expected     0.00, actual        0 ( 0.00x) - passed
ok 72 - Collision Rate for Keyset 'Sparse' - 64-bit keys with up to 5 bits set
ok 73 - Distribution Bias Check for Keyset 'Sparse' - 64-bit keys with up to 5 bits set
# Keyset 'Sparse' - 96-bit keys with up to 4 bits set - 3469497 keys
# Testing collisions   - Expected     0.00, actual        0 ( 0.00x) - passed
ok 74 - Collision Rate for Keyset 'Sparse' - 96-bit keys with up to 4 bits set
ok 75 - Distribution Bias Check for Keyset 'Sparse' - 96-bit keys with up to 4 bits set
# Keyset 'Sparse' - 256-bit keys with up to 3 bits set - 2796417 keys
# Testing collisions   - Expected     0.00, actual        0 ( 0.00x) - passed
ok 76 - Collision Rate for Keyset 'Sparse' - 256-bit keys with up to 3 bits set
ok 77 - Distribution Bias Check for Keyset 'Sparse' - 256-bit keys with up to 3 bits set
# Keyset 'Sparse' - 2048-bit keys with up to 2 bits set - 2098177 keys
# Testing collisions   - Expected     0.00, actual        0 ( 0.00x) - passed
ok 78 - Collision Rate for Keyset 'Sparse' - 2048-bit keys with up to 2 bits set
ok 79 - Distribution Bias Check for Keyset 'Sparse' - 2048-bit keys with up to 2 bits set
ok 80 - Keyset 'Sparse' # xxHash64
### Keyset 'CRC-MultiCollision' Tests ###
# Keyset 'CRC-MultiCollision' - 1048575 x 16 block keys - 128-bytes long - 10 seeds
# Testing collisions   - Expected     0.00, actual        0 ( 0.00x) - passed
ok 81 - Collision Rate for Keyset 'CRC-MultiCollision' - seed 1 # xxHash64
# Testing collisions   - Expected     0.00, actual        0 ( 0.00x) - passed
ok 82 - Collision Rate for Keyset 'CRC-MultiCollision' - seed 2 # xxHash64
# Testing collisions   - Expected     0.00, actual        0 ( 0.00x) - passed
ok 83 - Collision Rate for Keyset 'CRC-MultiCollision' - seed 3 # xxHash64
# Testing collisions   - Expected     0.00, actual        0 ( 0.00x) - passed
ok 84 - Collision Rate for Keyset 'CRC-MultiCollision' - seed 4 # xxHash64
# Testing collisions   - Expected     0.00, actual        0 ( 0.00x) - passed
ok 85 - Collision Rate for Keyset 'CRC-MultiCollision' - seed 5 # xxHash64
# Testing collisions   - Expected     0.00, actual        0 ( 0.00x) - passed
ok 86 - Collision Rate for Keyset 'CRC-MultiCollision' - seed 6 # xxHash64
# Testing collisions   - Expected     0.00, actual        0 ( 0.00x) - passed
ok 87 - Collision Rate for Keyset 'CRC-MultiCollision' - seed 7 # xxHash64
# Testing collisions   - Expected     0.00, actual        0 ( 0.00x) - passed
ok 88 - Collision Rate for Keyset 'CRC-MultiCollision' - seed 8 # xxHash64
# Testing collisions   - Expected     0.00, actual        0 ( 0.00x) - passed
ok 89 - Collision Rate for Keyset 'CRC-MultiCollision' - seed 9 # xxHash64
# Testing collisions   - Expected     0.00, actual        0 ( 0.00x) - passed
ok 90 - Collision Rate for Keyset 'CRC-MultiCollision' - seed 10 # xxHash64
### Keyset 'Combination Lowbits' Tests ###
# Keyset 'Combination' - up to 8 blocks from a set of 8 - 19173960 keys
# Testing collisions   - Expected     0.00, actual        0 ( 0.00x) - passed
ok 91 - Collision Rate for Keyset 'Combination Lowbits'
ok 92 - Distribution Bias Check for Keyset 'Combination Lowbits'
ok 93 - Keyset 'Combination Lowbits' # xxHash64
### Keyset 'Combination Highbits' Tests ###
# Keyset 'Combination' - up to 8 blocks from a set of 8 - 19173960 keys
# Testing collisions   - Expected     0.00, actual        0 ( 0.00x) - passed
ok 94 - Collision Rate for Keyset 'Combination Highbits'
ok 95 - Distribution Bias Check for Keyset 'Combination Highbits'
ok 96 - Keyset 'Combination Highbits' # xxHash64
### Keyset 'Combination Highbits2' Tests ###
# Keyset 'Combination' - up to 8 blocks from a set of 8 - 19173960 keys
# Testing collisions   - Expected     0.00, actual        0 ( 0.00x) - passed
ok 97 - Collision Rate for Keyset 'Combination Highbits2'
ok 98 - Distribution Bias Check for Keyset 'Combination Highbits2'
ok 99 - Keyset 'Combination Highbits2' # xxHash64
### Keyset 'Combination HiBit-Null' Tests ###
# Keyset 'Combination' - up to 20 blocks from a set of 2 - 2097150 keys
# Testing collisions   - Expected     0.00, actual        0 ( 0.00x) - passed
ok 100 - Collision Rate for Keyset 'Combination HiBit-Null'
ok 101 - Distribution Bias Check for Keyset 'Combination HiBit-Null'
ok 102 - Keyset 'Combination HiBit-Null' # xxHash64
### Keyset 'Combination LowBit-Null' Tests ###
# Keyset 'Combination' - up to 20 blocks from a set of 2 - 2097150 keys
# Testing collisions   - Expected     0.00, actual        0 ( 0.00x) - passed
ok 103 - Collision Rate for Keyset 'Combination LowBit-Null'
ok 104 - Distribution Bias Check for Keyset 'Combination LowBit-Null'
ok 105 - Keyset 'Combination LowBit-Null' # xxHash64
### Keyset 'Combination Hi-Lo' Tests ###
# Keyset 'Combination' - up to 6 blocks from a set of 15 - 12204240 keys
# Testing collisions   - Expected     0.00, actual        0 ( 0.00x) - passed
ok 106 - Collision Rate for Keyset 'Combination Hi-Lo'
ok 107 - Distribution Bias Check for Keyset 'Combination Hi-Lo'
ok 108 - Keyset 'Combination Hi-Lo' # xxHash64
### Keyset 'Text' Tests ###
# Keyset 'Text' - keys of form "Foo[XXXX]Bar" - 14776336 keys
# Testing collisions   - Expected     0.00, actual        0 ( 0.00x) - passed
ok 109 - Collision Rate for Keyset 'Text' - keys of form "Foo[XXXX]Bar" - 14776336 keys
ok 110 - Distribution Bias Check for Keyset 'Text' - keys of form "Foo[XXXX]Bar" - 14776336 keys
# Keyset 'Text' - keys of form "FooBar[XXXX]" - 14776336 keys
# Testing collisions   - Expected     0.00, actual        0 ( 0.00x) - passed
ok 111 - Collision Rate for Keyset 'Text' - keys of form "FooBar[XXXX]" - 14776336 keys
ok 112 - Distribution Bias Check for Keyset 'Text' - keys of form "FooBar[XXXX]" - 14776336 keys
# Keyset 'Text' - keys of form "[XXXX]FooBar" - 14776336 keys
# Testing collisions   - Expected     0.00, actual        0 ( 0.00x) - passed
ok 113 - Collision Rate for Keyset 'Text' - keys of form "[XXXX]FooBar" - 14776336 keys
ok 114 - Distribution Bias Check for Keyset 'Text' - keys of form "[XXXX]FooBar" - 14776336 keys
ok 115 - Keyset 'Text' # xxHash64
### Keyset 'Zeroes' Tests ###
# Keyset 'Zeroes' - 262144 keys
# Testing collisions   - Expected     0.00, actual        0 ( 0.00x) - passed
ok 116 - Collision Rate for Keyset 'Zeroes' - 262144 keys
ok 117 - Distribution Bias Check for Keyset 'Zeroes' - 262144 keys
ok 118 - Keyset 'Zeroes' # xxHash64
### Keyset 'Seed' Tests ###
# Keyset 'Seed' - 2000000 seeds, Key "The quick brown fox "...
# Testing collisions   - Expected     0.00, actual        0 ( 0.00x) - passed
ok 119 - Collision Rate for Keyset 'Seed' - 2000000 seeds, Key "The quick brown fox "...
ok 120 - Distribution Bias Check for Keyset 'Seed' - 2000000 seeds, Key "The quick brown fox "...
# Keyset 'Seed' - 2000000 seeds, Key ""
# Testing collisions   - Expected     0.00, actual        0 ( 0.00x) - passed
ok 121 - Collision Rate for Keyset 'Seed' - 2000000 seeds, Key ""
ok 122 - Distribution Bias Check for Keyset 'Seed' - 2000000 seeds, Key ""
# Keyset 'Seed' - 2000000 seeds, Key "00101100110101101"
# Testing collisions   - Expected     0.00, actual        0 ( 0.00x) - passed
ok 123 - Collision Rate for Keyset 'Seed' - 2000000 seeds, Key "00101100110101101"
ok 124 - Distribution Bias Check for Keyset 'Seed' - 2000000 seeds, Key "00101100110101101"
# Keyset 'Seed' - 2000000 seeds, Key "abcbcddbdebdcaaabaaa"...
# Testing collisions   - Expected     0.00, actual        0 ( 0.00x) - passed
ok 125 - Collision Rate for Keyset 'Seed' - 2000000 seeds, Key "abcbcddbdebdcaaabaaa"...
ok 126 - Distribution Bias Check for Keyset 'Seed' - 2000000 seeds, Key "abcbcddbdebdcaaabaaa"...
ok 127 - Keyset 'Seed' # xxHash64
### Keyset 'Effs' Tests ###
# Keyset 'Effs' - 262144 keys
# Testing collisions   - Expected     0.00, actual        0 ( 0.00x) - passed
ok 128 - Collision Rate for Keyset 'Effs' - 262144 keys
ok 129 - Distribution Bias Check for Keyset 'Effs' - 262144 keys
ok 130 - Keyset 'Effs' # xxHash64
### Keyset 'Words' Tests ###
# Read 99171 lines from /usr/share/dict/words
# Testing collisions   - Expected     0.00, actual        0 ( 0.00x) - passed
ok 131 - Collision Rate for Keyset 'Words'
ok 132 - Distribution Bias Check for Keyset 'Words'
ok 133 - all tests passed # xxHash64
1..133
# All Tests Passed. xxHash64 passed all 133 tests run.
# Testing took 1816.223326 seconds
# This is SMHasher version v1.1-demerphq-5-ged9ad7f - built on Mar 14 2017.
