ok 1 - Found Hash # Zaphod32
###################################################################
### Testing Zaphod32 - with seed_state
### - Evolved hash with  96-bit state (3x32) - Yves Orton -
### seedbits: 95 statebits: 96 hashbits: 32
###################################################################
ok 2 - Verification code # Zaphod32
# Zaphod32             - Verification value 0x802E4AF6 : Passed.
### Sanity Tests ###
# Sanity check simple key bit flips and consistency..........
ok 3 - SanityTest # Zaphod32
# Sanity check null suffixes change the hash (simple)..........
ok 4 - Appended Zeroes Test # Zaphod32
ok 5 - Sanity Test # Zaphod32
### Speed Tests ###
## Bulk speed test - 262144-byte keys
# Alignment  7 -  1.487 bytes/cycle - 4255.66 MiB/sec @ 3 ghz
# Alignment  6 -  1.479 bytes/cycle - 4230.70 MiB/sec @ 3 ghz
# Alignment  5 -  1.491 bytes/cycle - 4265.72 MiB/sec @ 3 ghz
# Alignment  4 -  1.493 bytes/cycle - 4271.18 MiB/sec @ 3 ghz
# Alignment  3 -  1.485 bytes/cycle - 4249.66 MiB/sec @ 3 ghz
# Alignment  2 -  1.480 bytes/cycle - 4233.84 MiB/sec @ 3 ghz
# Alignment  1 -  1.483 bytes/cycle - 4242.09 MiB/sec @ 3 ghz
# Alignment  0 -  1.488 bytes/cycle - 4257.23 MiB/sec @ 3 ghz
# Average      -  1.486 bytes/cycle - 4250.76 MiB/sec @ 3 ghz
## KeySpeed tests
# Zaphod32                  0 byte keys       11.000 c/h
# Zaphod32                  1 byte keys       21.420 c/h       21.420 c/b        0.047 b/c
# Zaphod32                  2 byte keys       22.000 c/h       11.000 c/b        0.091 b/c
# Zaphod32                  3 byte keys       25.116 c/h        8.372 c/b        0.119 b/c
# Zaphod32                  4 byte keys       26.244 c/h        6.561 c/b        0.152 b/c
# Zaphod32                  5 byte keys       25.278 c/h        5.056 c/b        0.198 b/c
# Zaphod32                  6 byte keys       25.644 c/h        4.274 c/b        0.234 b/c
# Zaphod32                  7 byte keys       25.000 c/h        3.571 c/b        0.280 b/c
# Zaphod32                  8 byte keys       25.000 c/h        3.125 c/b        0.320 b/c
# Zaphod32                  9 byte keys       26.320 c/h        2.924 c/b        0.342 b/c
# Zaphod32                 10 byte keys       26.999 c/h        2.700 c/b        0.370 b/c
# Zaphod32                 11 byte keys       27.000 c/h        2.455 c/b        0.407 b/c
# Zaphod32                 12 byte keys       26.000 c/h        2.167 c/b        0.462 b/c
# Zaphod32                 13 byte keys       26.000 c/h        2.000 c/b        0.500 b/c
# Zaphod32                 14 byte keys       27.254 c/h        1.947 c/b        0.514 b/c
# Zaphod32                 15 byte keys       27.854 c/h        1.857 c/b        0.539 b/c
# Zaphod32                 16 byte keys       31.399 c/h        1.962 c/b        0.510 b/c
# Zaphod32                 17 byte keys       31.999 c/h        1.882 c/b        0.531 b/c
# Zaphod32                 18 byte keys       32.000 c/h        1.778 c/b        0.563 b/c
# Zaphod32                 19 byte keys       33.383 c/h        1.757 c/b        0.569 b/c
# Zaphod32                 20 byte keys       31.873 c/h        1.594 c/b        0.627 b/c
# Zaphod32                 21 byte keys       32.198 c/h        1.533 c/b        0.652 b/c
# Zaphod32                 22 byte keys       32.000 c/h        1.455 c/b        0.688 b/c
# Zaphod32                 23 byte keys       33.588 c/h        1.460 c/b        0.685 b/c
# Zaphod32                 24 byte keys       36.000 c/h        1.500 c/b        0.667 b/c
# Zaphod32                 25 byte keys       37.000 c/h        1.480 c/b        0.676 b/c
# Zaphod32                 26 byte keys       38.351 c/h        1.475 c/b        0.678 b/c
# Zaphod32                 27 byte keys       39.469 c/h        1.462 c/b        0.684 b/c
# Zaphod32                 28 byte keys       36.999 c/h        1.321 c/b        0.757 b/c
# Zaphod32                 29 byte keys       38.627 c/h        1.332 c/b        0.751 b/c
# Zaphod32                 30 byte keys       38.807 c/h        1.294 c/b        0.773 b/c
# Zaphod32                 31 byte keys       39.238 c/h        1.266 c/b        0.790 b/c
#                          Average < 32       29.908 c/h        1.930 c/b        0.518 b/c
# Zaphod32                 32 byte keys       41.000 c/h        1.281 c/b        0.780 b/c
# Zaphod32                 36 byte keys       42.239 c/h        1.173 c/b        0.852 b/c
# Zaphod32                 40 byte keys       46.971 c/h        1.174 c/b        0.852 b/c
# Zaphod32                 44 byte keys       47.822 c/h        1.087 c/b        0.920 b/c
# Zaphod32                 48 byte keys       52.359 c/h        1.091 c/b        0.917 b/c
# Zaphod32                 52 byte keys       52.615 c/h        1.012 c/b        0.988 b/c
# Zaphod32                 56 byte keys       57.811 c/h        1.032 c/b        0.969 b/c
# Zaphod32                 60 byte keys       58.773 c/h        0.980 c/b        1.021 b/c
# Zaphod32                 64 byte keys       63.508 c/h        0.992 c/b        1.008 b/c
# Zaphod32                 68 byte keys       63.913 c/h        0.940 c/b        1.064 b/c
# Zaphod32                 72 byte keys       67.919 c/h        0.943 c/b        1.060 b/c
# Zaphod32                 76 byte keys       69.676 c/h        0.917 c/b        1.091 b/c
# Zaphod32                 80 byte keys       74.801 c/h        0.935 c/b        1.069 b/c
# Zaphod32                 84 byte keys       73.492 c/h        0.875 c/b        1.143 b/c
# Zaphod32                 88 byte keys       77.994 c/h        0.886 c/b        1.128 b/c
# Zaphod32                 92 byte keys       78.000 c/h        0.848 c/b        1.179 b/c
# Zaphod32                 96 byte keys       83.396 c/h        0.869 c/b        1.151 b/c
# Zaphod32                100 byte keys       82.963 c/h        0.830 c/b        1.205 b/c
# Zaphod32                104 byte keys       91.009 c/h        0.875 c/b        1.143 b/c
# Zaphod32                108 byte keys       89.116 c/h        0.825 c/b        1.212 b/c
# Zaphod32                112 byte keys       94.552 c/h        0.844 c/b        1.185 b/c
# Zaphod32                116 byte keys       94.827 c/h        0.817 c/b        1.223 b/c
# Zaphod32                120 byte keys      100.072 c/h        0.834 c/b        1.199 b/c
# Zaphod32                124 byte keys       99.248 c/h        0.800 c/b        1.249 b/c
#                         Average < 128       47.520 c/h        1.124 c/b        0.890 b/c
# Zaphod32                128 byte keys      103.263 c/h        0.807 c/b        1.240 b/c
# Zaphod32                256 byte keys      182.598 c/h        0.713 c/b        1.402 b/c
# Zaphod32                512 byte keys      360.332 c/h        0.704 c/b        1.421 b/c
# Zaphod32               1024 byte keys      704.362 c/h        0.688 c/b        1.454 b/c
# Zaphod32               2048 byte keys     1378.149 c/h        0.673 c/b        1.486 b/c
# Zaphod32               4096 byte keys     2765.473 c/h        0.675 c/b        1.481 b/c
# Zaphod32               8192 byte keys     5447.778 c/h        0.665 c/b        1.504 b/c
# Zaphod32              16384 byte keys    10989.846 c/h        0.671 c/b        1.491 b/c
# Zaphod32              32768 byte keys    21990.473 c/h        0.671 c/b        1.490 b/c
# Zaphod32              65536 byte keys    44097.866 c/h        0.673 c/b        1.486 b/c
#                       Overall Average     1373.959 c/h        0.680 c/b        1.470 b/c
ok 6 - Speed (always passes) # Zaphod32
### Differential Tests ###
# Testing 8303632 up-to-5-bit differentials in 64-bit keys -> 32 bit hashes.
# 1000 reps, 8303632000 total tests, expecting 1.93 random collisions..........
ok 7 - Differential collisions # Zaphod32
ok 8 - Nothing skipped during differential collision check # Zaphod32
# 2 total collisions, of which 2 single collisions were ignored
ok 9 - ProcessDifferentials
# Testing 11017632 up-to-4-bit differentials in 128-bit keys -> 32 bit hashes.
# 1000 reps, 11017632000 total tests, expecting 2.57 random collisions..........
ok 10 - Differential collisions # Zaphod32
ok 11 - Nothing skipped during differential collision check # Zaphod32
# 1 total collisions, of which 1 single collisions were ignored
ok 12 - ProcessDifferentials
# Testing 2796416 up-to-3-bit differentials in 256-bit keys -> 32 bit hashes.
# 1000 reps, 2796416000 total tests, expecting 0.65 random collisions..........
ok 13 - Differential collisions # Zaphod32
ok 14 - Nothing skipped during differential collision check # Zaphod32
# 1 total collisions, of which 1 single collisions were ignored
ok 15 - ProcessDifferentials
ok 16 - Differential # Zaphod32
### Avalanche Tests ### - seed-bits: 95 hash-bits: 32
# Samples 1000000, expected error 0.00025600, confidence level 99.99994267%
# Testing   0-bit keys.......... ok.     # worst-bit:   0.346% error-ratio: 9.905321e-01
ok 17 - Strict Avalanche Criteria - 0 bit keys
# Testing   8-bit keys.......... ok.     # worst-bit:   0.365% error-ratio: 9.953409e-01
ok 18 - Strict Avalanche Criteria - 8 bit keys
# Testing  16-bit keys.......... ok.     # worst-bit:   0.371% error-ratio: 9.986871e-01
ok 19 - Strict Avalanche Criteria - 16 bit keys
# Testing  24-bit keys.......... ok.     # worst-bit:   0.396% error-ratio: 9.903042e-01
ok 20 - Strict Avalanche Criteria - 24 bit keys
# Testing  32-bit keys.......... ok.     # worst-bit:   0.358% error-ratio: 9.904675e-01
ok 21 - Strict Avalanche Criteria - 32 bit keys
# Testing  40-bit keys.......... ok.     # worst-bit:   0.351% error-ratio: 9.311011e-01
ok 22 - Strict Avalanche Criteria - 40 bit keys
# Testing  48-bit keys.......... ok.     # worst-bit:   0.357% error-ratio: 9.616739e-01
ok 23 - Strict Avalanche Criteria - 48 bit keys
# Testing  56-bit keys.......... ok.     # worst-bit:   0.347% error-ratio: 9.900566e-01
ok 24 - Strict Avalanche Criteria - 56 bit keys
# Testing  64-bit keys.......... ok.     # worst-bit:   0.360% error-ratio: 9.672654e-01
ok 25 - Strict Avalanche Criteria - 64 bit keys
# Testing  72-bit keys.......... ok.     # worst-bit:   0.394% error-ratio: 9.947079e-01
ok 26 - Strict Avalanche Criteria - 72 bit keys
# Testing  80-bit keys.......... ok.     # worst-bit:   0.368% error-ratio: 1.018989e+00
ok 27 - Strict Avalanche Criteria - 80 bit keys
# Testing  88-bit keys.......... ok.     # worst-bit:   0.387% error-ratio: 1.000111e+00
ok 28 - Strict Avalanche Criteria - 88 bit keys
# Testing  96-bit keys.......... ok.     # worst-bit:   0.350% error-ratio: 1.019930e+00
ok 29 - Strict Avalanche Criteria - 96 bit keys
# Testing 104-bit keys.......... ok.     # worst-bit:   0.374% error-ratio: 1.019984e+00
ok 30 - Strict Avalanche Criteria - 104 bit keys
# Testing 112-bit keys.......... ok.     # worst-bit:   0.404% error-ratio: 9.782688e-01
ok 31 - Strict Avalanche Criteria - 112 bit keys
# Testing 120-bit keys.......... ok.     # worst-bit:   0.404% error-ratio: 1.009022e+00
ok 32 - Strict Avalanche Criteria - 120 bit keys
# Testing 128-bit keys.......... ok.     # worst-bit:   0.380% error-ratio: 1.041749e+00
ok 33 - Strict Avalanche Criteria - 128 bit keys
# Testing 136-bit keys.......... ok.     # worst-bit:   0.419% error-ratio: 1.015228e+00
ok 34 - Strict Avalanche Criteria - 136 bit keys
# Testing 144-bit keys.......... ok.     # worst-bit:   0.425% error-ratio: 1.018075e+00
ok 35 - Strict Avalanche Criteria - 144 bit keys
# Testing 152-bit keys.......... ok.     # worst-bit:   0.379% error-ratio: 1.009274e+00
ok 36 - Strict Avalanche Criteria - 152 bit keys
# Testing 152-bit keys.......... ok.     # worst-bit:   0.397% error-ratio: 1.007082e+00
ok 37 - Strict Avalanche Criteria - 160 bit keys
# Testing 200-bit keys.......... ok.     # worst-bit:   0.426% error-ratio: 1.000194e+00
ok 38 - Strict Avalanche Criteria - 200 bit keys
# Testing 256-bit keys.......... ok.     # worst-bit:   0.353% error-ratio: 9.782752e-01
ok 39 - Strict Avalanche Criteria - 256 bit keys
# Testing 512-bit keys.......... ok.     # worst-bit:   0.405% error-ratio: 9.790373e-01
ok 40 - Strict Avalanche Criteria - 512 bit keys
ok 41 - Strict Avalanche Criteria # Zaphod32
### Keyset 'Cyclic' Tests ###
# Keyset 'Cyclic' - 8 cycles of 4 bytes - 10000000 keys
# Testing collisions   - Expected 11641.53, actual    11740 ( 1.01x) - passed
ok 42 - Collision Rate for Keyset 'Cyclic' - 8 cycles of 4 bytes - 10000000 keys
ok 43 - Distribution Bias Check for Keyset 'Cyclic' - 8 cycles of 4 bytes - 10000000 keys
# Keyset 'Cyclic' - 8 cycles of 5 bytes - 10000000 keys
# Testing collisions   - Expected 11641.53, actual    11536 ( 0.99x) - passed
ok 44 - Collision Rate for Keyset 'Cyclic' - 8 cycles of 5 bytes - 10000000 keys
ok 45 - Distribution Bias Check for Keyset 'Cyclic' - 8 cycles of 5 bytes - 10000000 keys
# Keyset 'Cyclic' - 8 cycles of 6 bytes - 10000000 keys
# Testing collisions   - Expected 11641.53, actual    11658 ( 1.00x) - passed
ok 46 - Collision Rate for Keyset 'Cyclic' - 8 cycles of 6 bytes - 10000000 keys
ok 47 - Distribution Bias Check for Keyset 'Cyclic' - 8 cycles of 6 bytes - 10000000 keys
# Keyset 'Cyclic' - 8 cycles of 7 bytes - 10000000 keys
# Testing collisions   - Expected 11641.53, actual    11688 ( 1.00x) - passed
ok 48 - Collision Rate for Keyset 'Cyclic' - 8 cycles of 7 bytes - 10000000 keys
ok 49 - Distribution Bias Check for Keyset 'Cyclic' - 8 cycles of 7 bytes - 10000000 keys
# Keyset 'Cyclic' - 8 cycles of 8 bytes - 10000000 keys
# Testing collisions   - Expected 11641.53, actual    11903 ( 1.02x) - passed
ok 50 - Collision Rate for Keyset 'Cyclic' - 8 cycles of 8 bytes - 10000000 keys
ok 51 - Distribution Bias Check for Keyset 'Cyclic' - 8 cycles of 8 bytes - 10000000 keys
ok 52 - Keyset 'Cyclic' # Zaphod32
### Keyset 'TwoBytes' Tests ###
# Testing collisions   - Expected    49.57, actual       49 ( 0.99x) - passed
ok 53 - Collision Rate for Keyset 'TwoBytes' - up-to-4-byte keys, 652545 total keys
ok 54 - Distribution Bias Check for Keyset 'TwoBytes' - up-to-4-byte keys, 652545 total keys
# Testing collisions   - Expected  3484.56, actual     3474 ( 1.00x) - passed
ok 55 - Collision Rate for Keyset 'TwoBytes' - up-to-8-byte keys, 5471025 total keys
ok 56 - Distribution Bias Check for Keyset 'TwoBytes' - up-to-8-byte keys, 5471025 total keys
# Testing collisions   - Expected 40347.77, actual    40410 ( 1.00x) - passed
ok 57 - Collision Rate for Keyset 'TwoBytes' - up-to-12-byte keys, 18616785 total keys
ok 58 - Distribution Bias Check for Keyset 'TwoBytes' - up-to-12-byte keys, 18616785 total keys
# Testing collisions   - Expected 227963.15, actual   227823 ( 1.00x) - passed
ok 59 - Collision Rate for Keyset 'TwoBytes' - up-to-16-byte keys, 44251425 total keys
ok 60 - Distribution Bias Check for Keyset 'TwoBytes' - up-to-16-byte keys, 44251425 total keys
# Testing collisions   - Expected 871784.70, actual   866659 ( 0.99x) - passed
ok 61 - Collision Rate for Keyset 'TwoBytes' - up-to-20-byte keys, 86536545 total keys
ok 62 - Distribution Bias Check for Keyset 'TwoBytes' - up-to-20-byte keys, 86536545 total keys
ok 63 - Keyset 'TwoBytes' # Zaphod32
### Keyset 'Sparse' Tests ###
# Keyset 'Sparse' - 32-bit keys with up to 6 bits set - 1149017 keys
# Testing collisions   - Expected   153.70, actual      156 ( 1.01x) - passed
ok 64 - Collision Rate for Keyset 'Sparse' - 32-bit keys with up to 6 bits set
ok 65 - Distribution Bias Check for Keyset 'Sparse' - 32-bit keys with up to 6 bits set
# Keyset 'Sparse' - 40-bit keys with up to 6 bits set - 4598479 keys
# Testing collisions   - Expected  2461.72, actual     2427 ( 0.99x) - passed
ok 66 - Collision Rate for Keyset 'Sparse' - 40-bit keys with up to 6 bits set
ok 67 - Distribution Bias Check for Keyset 'Sparse' - 40-bit keys with up to 6 bits set
# Keyset 'Sparse' - 48-bit keys with up to 5 bits set - 1925357 keys
# Testing collisions   - Expected   431.55, actual      437 ( 1.01x) - passed
ok 68 - Collision Rate for Keyset 'Sparse' - 48-bit keys with up to 5 bits set
ok 69 - Distribution Bias Check for Keyset 'Sparse' - 48-bit keys with up to 5 bits set
# Keyset 'Sparse' - 56-bit keys with up to 5 bits set - 4216423 keys
# Testing collisions   - Expected  2069.66, actual     2073 ( 1.00x) - passed
ok 70 - Collision Rate for Keyset 'Sparse' - 56-bit keys with up to 5 bits set
ok 71 - Distribution Bias Check for Keyset 'Sparse' - 56-bit keys with up to 5 bits set
# Keyset 'Sparse' - 64-bit keys with up to 5 bits set - 8303633 keys
# Testing collisions   - Expected  8026.87, actual     8152 ( 1.02x) - passed
ok 72 - Collision Rate for Keyset 'Sparse' - 64-bit keys with up to 5 bits set
ok 73 - Distribution Bias Check for Keyset 'Sparse' - 64-bit keys with up to 5 bits set
# Keyset 'Sparse' - 96-bit keys with up to 4 bits set - 3469497 keys
# Testing collisions   - Expected  1401.34, actual     1344 ( 0.96x) - passed
ok 74 - Collision Rate for Keyset 'Sparse' - 96-bit keys with up to 4 bits set
ok 75 - Distribution Bias Check for Keyset 'Sparse' - 96-bit keys with up to 4 bits set
# Keyset 'Sparse' - 256-bit keys with up to 3 bits set - 2796417 keys
# Testing collisions   - Expected   910.36, actual      866 ( 0.95x) - passed
ok 76 - Collision Rate for Keyset 'Sparse' - 256-bit keys with up to 3 bits set
ok 77 - Distribution Bias Check for Keyset 'Sparse' - 256-bit keys with up to 3 bits set
# Keyset 'Sparse' - 2048-bit keys with up to 2 bits set - 2098177 keys
# Testing collisions   - Expected   512.50, actual      521 ( 1.02x) - passed
ok 78 - Collision Rate for Keyset 'Sparse' - 2048-bit keys with up to 2 bits set
ok 79 - Distribution Bias Check for Keyset 'Sparse' - 2048-bit keys with up to 2 bits set
ok 80 - Keyset 'Sparse' # Zaphod32
### Keyset 'CRC-MultiCollision' Tests ###
# Keyset 'CRC-MultiCollision' - 1048575 x 16 block keys - 128-bytes long - 10 seeds
# Testing collisions   - Expected   128.00, actual      137 ( 1.07x) - passed
ok 81 - Collision Rate for Keyset 'CRC-MultiCollision' - seed 1 # Zaphod32
# Testing collisions   - Expected   128.00, actual      112 ( 0.88x) - passed
ok 82 - Collision Rate for Keyset 'CRC-MultiCollision' - seed 2 # Zaphod32
# Testing collisions   - Expected   128.00, actual      149 ( 1.16x) - passed
ok 83 - Collision Rate for Keyset 'CRC-MultiCollision' - seed 3 # Zaphod32
# Testing collisions   - Expected   128.00, actual      130 ( 1.02x) - passed
ok 84 - Collision Rate for Keyset 'CRC-MultiCollision' - seed 4 # Zaphod32
# Testing collisions   - Expected   128.00, actual      135 ( 1.05x) - passed
ok 85 - Collision Rate for Keyset 'CRC-MultiCollision' - seed 5 # Zaphod32
# Testing collisions   - Expected   128.00, actual      120 ( 0.94x) - passed
ok 86 - Collision Rate for Keyset 'CRC-MultiCollision' - seed 6 # Zaphod32
# Testing collisions   - Expected   128.00, actual      112 ( 0.88x) - passed
ok 87 - Collision Rate for Keyset 'CRC-MultiCollision' - seed 7 # Zaphod32
# Testing collisions   - Expected   128.00, actual       95 ( 0.74x) - passed
ok 88 - Collision Rate for Keyset 'CRC-MultiCollision' - seed 8 # Zaphod32
# Testing collisions   - Expected   128.00, actual      129 ( 1.01x) - passed
ok 89 - Collision Rate for Keyset 'CRC-MultiCollision' - seed 9 # Zaphod32
# Testing collisions   - Expected   128.00, actual      130 ( 1.02x) - passed
ok 90 - Collision Rate for Keyset 'CRC-MultiCollision' - seed 10 # Zaphod32
### Keyset 'Combination Lowbits' Tests ###
# Keyset 'Combination' - up to 8 blocks from a set of 8 - 19173960 keys
# Testing collisions   - Expected 42799.01, actual    42653 ( 1.00x) - passed
ok 91 - Collision Rate for Keyset 'Combination Lowbits'
ok 92 - Distribution Bias Check for Keyset 'Combination Lowbits'
ok 93 - Keyset 'Combination Lowbits' # Zaphod32
### Keyset 'Combination Highbits' Tests ###
# Keyset 'Combination' - up to 8 blocks from a set of 8 - 19173960 keys
# Testing collisions   - Expected 42799.01, actual    42677 ( 1.00x) - passed
ok 94 - Collision Rate for Keyset 'Combination Highbits'
ok 95 - Distribution Bias Check for Keyset 'Combination Highbits'
ok 96 - Keyset 'Combination Highbits' # Zaphod32
### Keyset 'Combination Highbits2' Tests ###
# Keyset 'Combination' - up to 8 blocks from a set of 8 - 19173960 keys
# Testing collisions   - Expected 42799.01, actual    42709 ( 1.00x) - passed
ok 97 - Collision Rate for Keyset 'Combination Highbits2'
ok 98 - Distribution Bias Check for Keyset 'Combination Highbits2'
ok 99 - Keyset 'Combination Highbits2' # Zaphod32
### Keyset 'Combination HiBit-Null' Tests ###
# Keyset 'Combination' - up to 20 blocks from a set of 2 - 2097150 keys
# Testing collisions   - Expected   512.00, actual      506 ( 0.99x) - passed
ok 100 - Collision Rate for Keyset 'Combination HiBit-Null'
ok 101 - Distribution Bias Check for Keyset 'Combination HiBit-Null'
ok 102 - Keyset 'Combination HiBit-Null' # Zaphod32
### Keyset 'Combination LowBit-Null' Tests ###
# Keyset 'Combination' - up to 20 blocks from a set of 2 - 2097150 keys
# Testing collisions   - Expected   512.00, actual      545 ( 1.06x) - passed
ok 103 - Collision Rate for Keyset 'Combination LowBit-Null'
ok 104 - Distribution Bias Check for Keyset 'Combination LowBit-Null'
ok 105 - Keyset 'Combination LowBit-Null' # Zaphod32
### Keyset 'Combination Hi-Lo' Tests ###
# Keyset 'Combination' - up to 6 blocks from a set of 15 - 12204240 keys
# Testing collisions   - Expected 17339.30, actual    17239 ( 0.99x) - passed
ok 106 - Collision Rate for Keyset 'Combination Hi-Lo'
ok 107 - Distribution Bias Check for Keyset 'Combination Hi-Lo'
ok 108 - Keyset 'Combination Hi-Lo' # Zaphod32
### Keyset 'Text' Tests ###
# Keyset 'Text' - keys of form "Foo[XXXX]Bar" - 14776336 keys
# Testing collisions   - Expected 25418.13, actual    25516 ( 1.00x) - passed
ok 109 - Collision Rate for Keyset 'Text' - keys of form "Foo[XXXX]Bar" - 14776336 keys
ok 110 - Distribution Bias Check for Keyset 'Text' - keys of form "Foo[XXXX]Bar" - 14776336 keys
# Keyset 'Text' - keys of form "FooBar[XXXX]" - 14776336 keys
# Testing collisions   - Expected 25418.13, actual    25382 ( 1.00x) - passed
ok 111 - Collision Rate for Keyset 'Text' - keys of form "FooBar[XXXX]" - 14776336 keys
ok 112 - Distribution Bias Check for Keyset 'Text' - keys of form "FooBar[XXXX]" - 14776336 keys
# Keyset 'Text' - keys of form "[XXXX]FooBar" - 14776336 keys
# Testing collisions   - Expected 25418.13, actual    25383 ( 1.00x) - passed
ok 113 - Collision Rate for Keyset 'Text' - keys of form "[XXXX]FooBar" - 14776336 keys
ok 114 - Distribution Bias Check for Keyset 'Text' - keys of form "[XXXX]FooBar" - 14776336 keys
ok 115 - Keyset 'Text' # Zaphod32
### Keyset 'Zeroes' Tests ###
# Keyset 'Zeroes' - 262144 keys
# Testing collisions   - Expected     8.00, actual        9 ( 1.13x) - passed
ok 116 - Collision Rate for Keyset 'Zeroes' - 262144 keys
ok 117 - Distribution Bias Check for Keyset 'Zeroes' - 262144 keys
ok 118 - Keyset 'Zeroes' # Zaphod32
### Keyset 'Seed' Tests ###
# Keyset 'Seed' - 2000000 seeds, Key "The quick brown fox "...
# Testing collisions   - Expected   465.66, actual      467 ( 1.00x) - passed
ok 119 - Collision Rate for Keyset 'Seed' - 2000000 seeds, Key "The quick brown fox "...
ok 120 - Distribution Bias Check for Keyset 'Seed' - 2000000 seeds, Key "The quick brown fox "...
# Keyset 'Seed' - 2000000 seeds, Key ""
# Testing collisions   - Expected   465.66, actual      453 ( 0.97x) - passed
ok 121 - Collision Rate for Keyset 'Seed' - 2000000 seeds, Key ""
ok 122 - Distribution Bias Check for Keyset 'Seed' - 2000000 seeds, Key ""
# Keyset 'Seed' - 2000000 seeds, Key "00101100110101101"
# Testing collisions   - Expected   465.66, actual      446 ( 0.96x) - passed
ok 123 - Collision Rate for Keyset 'Seed' - 2000000 seeds, Key "00101100110101101"
ok 124 - Distribution Bias Check for Keyset 'Seed' - 2000000 seeds, Key "00101100110101101"
# Keyset 'Seed' - 2000000 seeds, Key "abcbcddbdebdcaaabaaa"...
# Testing collisions   - Expected   465.66, actual      424 ( 0.91x) - passed
ok 125 - Collision Rate for Keyset 'Seed' - 2000000 seeds, Key "abcbcddbdebdcaaabaaa"...
ok 126 - Distribution Bias Check for Keyset 'Seed' - 2000000 seeds, Key "abcbcddbdebdcaaabaaa"...
ok 127 - Keyset 'Seed' # Zaphod32
### Keyset 'Effs' Tests ###
# Keyset 'Effs' - 262144 keys
# Testing collisions   - Expected     8.00, actual        0 ( 0.00x) - passed
ok 128 - Collision Rate for Keyset 'Effs' - 262144 keys
ok 129 - Distribution Bias Check for Keyset 'Effs' - 262144 keys
ok 130 - Keyset 'Effs' # Zaphod32
### Keyset 'Words' Tests ###
# Read 99171 lines from /usr/share/dict/words
# Testing collisions   - Expected     1.14, actual        0 ( 0.00x) - passed
ok 131 - Collision Rate for Keyset 'Words'
ok 132 - Distribution Bias Check for Keyset 'Words'
ok 133 - all tests passed # Zaphod32
1..133
# All Tests Passed. Zaphod32 passed all 133 tests run.
# Testing took 1589.650648 seconds
# This is SMHasher version v1.1-demerphq-5-ged9ad7f - built on Mar 14 2017.
