Determining size of __int64 failed with the following output:
Change Dir: /home/cris7fe/smhasher/build/CMakeFiles/CMakeTmp

Run Build Command:"/usr/bin/make" "cmTC_3074a/fast"
/usr/bin/make -f CMakeFiles/cmTC_3074a.dir/build.make CMakeFiles/cmTC_3074a.dir/build
make[1]: Entering directory '/home/cris7fe/smhasher/build/CMakeFiles/CMakeTmp'
Building C object CMakeFiles/cmTC_3074a.dir/__INT64.c.o
/usr/bin/cc    -o CMakeFiles/cmTC_3074a.dir/__INT64.c.o   -c /home/cris7fe/smhasher/build/CMakeFiles/CheckTypeSize/__INT64.c
/home/cris7fe/smhasher/build/CMakeFiles/CheckTypeSize/__INT64.c:23:22: error: ‘__int64’ undeclared here (not in a function); did you mean ‘__int64_t’?
 #define SIZE (sizeof(__int64))
                      ^~~~~~~
/home/cris7fe/smhasher/build/CMakeFiles/CheckTypeSize/__INT64.c:25:12: note: in expansion of macro ‘SIZE’
   ('0' + ((SIZE / 10000)%10)),
            ^~~~
make[1]: *** [CMakeFiles/cmTC_3074a.dir/build.make:66: CMakeFiles/cmTC_3074a.dir/__INT64.c.o] Error 1
make[1]: Leaving directory '/home/cris7fe/smhasher/build/CMakeFiles/CMakeTmp'
make: *** [Makefile:121: cmTC_3074a/fast] Error 2

/home/cris7fe/smhasher/build/CMakeFiles/CheckTypeSize/__INT64.c:
#include <sys/types.h>
#include <stdint.h>
#include <stddef.h>


#undef KEY
#if defined(__i386)
# define KEY '_','_','i','3','8','6'
#elif defined(__x86_64)
# define KEY '_','_','x','8','6','_','6','4'
#elif defined(__ppc__)
# define KEY '_','_','p','p','c','_','_'
#elif defined(__ppc64__)
# define KEY '_','_','p','p','c','6','4','_','_'
#elif defined(__aarch64__)
# define KEY '_','_','a','a','r','c','h','6','4','_','_'
#elif defined(__ARM_ARCH_7A__)
# define KEY '_','_','A','R','M','_','A','R','C','H','_','7','A','_','_'
#elif defined(__ARM_ARCH_7S__)
# define KEY '_','_','A','R','M','_','A','R','C','H','_','7','S','_','_'
#endif

#define SIZE (sizeof(__int64))
char info_size[] =  {'I', 'N', 'F', 'O', ':', 's','i','z','e','[',
  ('0' + ((SIZE / 10000)%10)),
  ('0' + ((SIZE / 1000)%10)),
  ('0' + ((SIZE / 100)%10)),
  ('0' + ((SIZE / 10)%10)),
  ('0' +  (SIZE    % 10)),
  ']',
#ifdef KEY
  ' ','k','e','y','[', KEY, ']',
#endif
  '\0'};

#ifdef __CLASSIC_C__
int main(argc, argv) int argc; char *argv[];
#else
int main(int argc, char *argv[])
#endif
{
  int require = 0;
  require += info_size[argc];
  (void)argv;
  return require;
}


